[0.166s] Invoking command in '/home/agilex/limo_ros2_ws/build/smac_planner': CMAKE_PREFIX_PATH=/home/agilex/limo_ros2_ws/install/nav2_core:/home/agilex/limo_ros2_ws/install/nav2_costmap_2d:/home/agilex/limo_ros2_ws/install/nav2_util:/home/agilex/limo_ros2_ws/install/nav2_voxel_grid:/home/agilex/limo_ros2_ws/install/nav2_msgs:/home/agilex/limo_ros2_ws/install/nav2_common:/home/agilex/limo_ros2_ws/install/ydlidar_sdk:/home/agilex/limo_ros2_ws/install/ydlidar_ros2_driver:/home/agilex/limo_ros2_ws/install/teb_local_planner:/home/agilex/limo_ros2_ws/install/teb_msgs:/home/agilex/limo_ros2_ws/install/nav2_system_tests:/home/agilex/limo_ros2_ws/install/nav2_bringup:/home/agilex/limo_ros2_ws/install/navigation2:/home/agilex/limo_ros2_ws/install/smac_planner:/home/agilex/limo_ros2_ws/install/rf2o_laser_odometry:/home/agilex/limo_ros2_ws/install/orbbec_description:/home/agilex/limo_ros2_ws/install/orbbec_camera:/home/agilex/limo_ros2_ws/install/orbbec_camera_msgs:/home/agilex/limo_ros2_ws/install/nav2_dwb_controller:/home/agilex/limo_ros2_ws/install/nav2_controller:/home/agilex/limo_ros2_ws/install/dwb_plugins:/home/agilex/limo_ros2_ws/install/dwb_critics:/home/agilex/limo_ros2_ws/install/dwb_core:/home/agilex/limo_ros2_ws/install/nav_2d_utils:/home/agilex/limo_ros2_ws/install/dwb_msgs:/home/agilex/limo_ros2_ws/install/nav_2d_msgs:/home/agilex/limo_ros2_ws/install/nav2_waypoint_follower:/home/agilex/limo_ros2_ws/install/nav2_regulated_pure_pursuit_controller:/home/agilex/limo_ros2_ws/install/nav2_recoveries:/home/agilex/limo_ros2_ws/install/nav2_planner:/home/agilex/limo_ros2_ws/install/nav2_navfn_planner:/home/agilex/limo_ros2_ws/install/costmap_queue:/home/agilex/limo_ros2_ws/install/costmap_converter:/home/agilex/limo_ros2_ws/install/nav2_rviz_plugins:/home/agilex/limo_ros2_ws/install/nav2_map_server:/home/agilex/limo_ros2_ws/install/nav2_lifecycle_manager:/home/agilex/limo_ros2_ws/install/nav2_bt_navigator:/home/agilex/limo_ros2_ws/install/nav2_behavior_tree:/home/agilex/limo_ros2_ws/install/nav2_amcl:/home/agilex/limo_ros2_ws/install/magic_enum:/home/agilex/limo_ros2_ws/install/limo_visions:/home/agilex/limo_ros2_ws/install/limo_bringup:/home/agilex/limo_ros2_ws/install/limo_base:/home/agilex/limo_ros2_ws/install/limo_msgs:/home/agilex/limo_ros2_ws/install/limo_description:/home/agilex/limo_ros2_ws/install/libuvc:/home/agilex/limo_ros2_ws/install/glog:/home/agilex/limo_ros2_ws/install/costmap_converter_msgs:/home/agilex/limo_ros2_ws/install/astra_camera_msgs:/home/agilex/limo_ros2_ws/install/nav2_gazebo_spawner:/opt/ros/foxy LD_LIBRARY_PATH=/home/agilex/limo_ros2_ws/install/nav2_costmap_2d/lib:/home/agilex/limo_ros2_ws/install/nav2_util/lib:/home/agilex/limo_ros2_ws/install/nav2_voxel_grid/lib:/home/agilex/limo_ros2_ws/install/nav2_msgs/lib:/home/agilex/limo_ros2_ws/install/teb_local_planner/lib:/home/agilex/limo_ros2_ws/install/teb_msgs/lib:/home/agilex/limo_ros2_ws/install/smac_planner/lib:/home/agilex/limo_ros2_ws/install/orbbec_camera/lib:/home/agilex/limo_ros2_ws/install/orbbec_camera_msgs/lib:/home/agilex/limo_ros2_ws/install/nav2_controller/lib:/home/agilex/limo_ros2_ws/install/dwb_plugins/lib:/home/agilex/limo_ros2_ws/install/dwb_critics/lib:/home/agilex/limo_ros2_ws/install/dwb_core/lib:/home/agilex/limo_ros2_ws/install/nav_2d_utils/lib:/home/agilex/limo_ros2_ws/install/dwb_msgs/lib:/home/agilex/limo_ros2_ws/install/nav_2d_msgs/lib:/home/agilex/limo_ros2_ws/install/nav2_waypoint_follower/lib:/home/agilex/limo_ros2_ws/install/nav2_regulated_pure_pursuit_controller/lib:/home/agilex/limo_ros2_ws/install/nav2_recoveries/lib:/home/agilex/limo_ros2_ws/install/nav2_planner/lib:/home/agilex/limo_ros2_ws/install/nav2_navfn_planner/lib:/home/agilex/limo_ros2_ws/install/costmap_queue/lib:/home/agilex/limo_ros2_ws/install/costmap_converter/lib:/home/agilex/limo_ros2_ws/install/nav2_rviz_plugins/lib:/home/agilex/limo_ros2_ws/install/nav2_map_server/lib:/home/agilex/limo_ros2_ws/install/nav2_lifecycle_manager/lib:/home/agilex/limo_ros2_ws/install/nav2_bt_navigator/lib:/home/agilex/limo_ros2_ws/install/nav2_behavior_tree/lib:/home/agilex/limo_ros2_ws/install/nav2_amcl/lib:/home/agilex/limo_ros2_ws/install/limo_msgs/lib:/home/agilex/limo_ros2_ws/install/libuvc/lib:/home/agilex/limo_ros2_ws/install/glog/lib:/home/agilex/limo_ros2_ws/install/costmap_converter_msgs/lib:/home/agilex/limo_ros2_ws/install/astra_camera_msgs/lib:/usr/lib/aarch64-linux-gnu/gazebo-11/plugins:/opt/ros/foxy/opt/yaml_cpp_vendor/lib:/opt/ros/foxy/opt/rviz_ogre_vendor/lib:/opt/ros/foxy/lib/aarch64-linux-gnu:/opt/ros/foxy/lib PYTHONPATH=/home/agilex/limo_ros2_ws/install/nav2_msgs/lib/python3.8/site-packages:/home/agilex/limo_ros2_ws/install/nav2_common/lib/python3.8/site-packages:/home/agilex/limo_ros2_ws/install/teb_msgs/lib/python3.8/site-packages:/home/agilex/limo_ros2_ws/install/orbbec_camera_msgs/lib/python3.8/site-packages:/home/agilex/limo_ros2_ws/install/dwb_msgs/lib/python3.8/site-packages:/home/agilex/limo_ros2_ws/install/nav_2d_msgs/lib/python3.8/site-packages:/home/agilex/limo_ros2_ws/install/nav2_gazebo_spawner/lib/python3.8/site-packages:/home/agilex/limo_ros2_ws/install/limo_msgs/lib/python3.8/site-packages:/home/agilex/limo_ros2_ws/install/costmap_converter_msgs/lib/python3.8/site-packages:/home/agilex/limo_ros2_ws/install/astra_camera_msgs/lib/python3.8/site-packages:/opt/ros/foxy/lib/python3.8/site-packages /usr/bin/cmake /home/agilex/limo_ros2_ws/src/navigation2/smac_planner -DCMAKE_BUILD_TYPE=Release -DCMAKE_INSTALL_PREFIX=/home/agilex/limo_ros2_ws/install/smac_planner
[25.995s] -- Found ament_cmake: 0.9.12 (/opt/ros/foxy/share/ament_cmake/cmake)
[25.995s] -- Using PYTHON_EXECUTABLE: /usr/bin/python3
[25.996s] -- Found nav2_common: 0.4.7 (/home/agilex/limo_ros2_ws/install/nav2_common/share/nav2_common/cmake)
[25.996s] -- Found rclcpp: 2.4.3 (/opt/ros/foxy/share/rclcpp/cmake)
[25.996s] -- Using all available rosidl_typesupport_c: rosidl_typesupport_fastrtps_c;rosidl_typesupport_introspection_c
[25.996s] -- Found rosidl_adapter: 1.3.1 (/opt/ros/foxy/share/rosidl_adapter/cmake)
[25.996s] -- Using all available rosidl_typesupport_cpp: rosidl_typesupport_fastrtps_cpp;rosidl_typesupport_introspection_cpp
[25.996s] -- Found rmw_implementation_cmake: 1.0.4 (/opt/ros/foxy/share/rmw_implementation_cmake/cmake)
[25.997s] -- Using RMW implementation 'rmw_fastrtps_cpp' as default
[25.997s] -- Found rclcpp_action: 2.4.3 (/opt/ros/foxy/share/rclcpp_action/cmake)
[25.997s] -- Found rclcpp_lifecycle: 2.4.3 (/opt/ros/foxy/share/rclcpp_lifecycle/cmake)
[25.997s] -- Found visualization_msgs: 2.0.5 (/opt/ros/foxy/share/visualization_msgs/cmake)
[25.997s] -- Found nav2_util: 0.4.7 (/home/agilex/limo_ros2_ws/install/nav2_util/share/nav2_util/cmake)
[25.997s] -- Found eigen3_cmake_module: 0.1.1 (/opt/ros/foxy/share/eigen3_cmake_module/cmake)
[25.997s] -- Found nav2_core: 0.4.7 (/home/agilex/limo_ros2_ws/install/nav2_core/share/nav2_core/cmake)
[25.998s] -- Found installed version of Eigen: /usr/lib/cmake/eigen3
[25.998s] -- Found required Ceres dependency: Eigen version 3.3.7 in /usr/include/eigen3
[25.998s] -- Found required Ceres dependency: glog
[25.998s] -- Found installed version of gflags: /usr/lib/aarch64-linux-gnu/cmake/gflags
[25.998s] -- Detected gflags version: 2.2.2
[25.998s] -- Found required Ceres dependency: gflags
[25.998s] -- Found Ceres version: 1.14.0 installed in: /usr with components: [EigenSparse, SparseLinearAlgebraLibrary, LAPACK, SuiteSparse, CXSparse, SchurSpecializations, OpenMP, Multithreading]
[26.004s] -- Found OpenMP_C: -fopenmp  
[26.005s] -- Found OpenMP_CXX: -fopenmp  
[26.005s] -- Found OpenMP: TRUE   
[26.005s] -- Found ament_lint_auto: 0.9.8 (/opt/ros/foxy/share/ament_lint_auto/cmake)
[26.006s] -- Found ament_cmake_gtest: 0.9.12 (/opt/ros/foxy/share/ament_cmake_gtest/cmake)
[26.006s] -- Found gtest sources under '/opt/ros/foxy/src/gtest_vendor': C++ tests using 'Google Test' will be built
[48.786s] -- Added test 'copyright' to check source files copyright and LICENSE
[48.790s] -- Added test 'cppcheck' to perform static code analysis on C / C++ code
[48.791s] -- Configured cppcheck include dirs: /home/agilex/limo_ros2_ws/src/navigation2/smac_planner/include
[48.792s] -- Configured cppcheck exclude dirs and/or files: 
[48.795s] -- Added test 'cpplint' to check C / C++ code against the Google style
[48.795s] -- Configured cpplint exclude dirs and/or files: 
[48.797s] -- Added test 'lint_cmake' to check CMake code style
[48.801s] -- Added test 'uncrustify' to check C / C++ code style
[48.801s] -- Configured uncrustify additional arguments: 
[48.802s] -- Added test 'xmllint' to check XML markup files
[48.819s] -- Configuring done
[49.908s] -- Generating done
[49.918s] -- Build files have been written to: /home/agilex/limo_ros2_ws/build/smac_planner
[49.969s] Invoked command in '/home/agilex/limo_ros2_ws/build/smac_planner' returned '0': CMAKE_PREFIX_PATH=/home/agilex/limo_ros2_ws/install/nav2_core:/home/agilex/limo_ros2_ws/install/nav2_costmap_2d:/home/agilex/limo_ros2_ws/install/nav2_util:/home/agilex/limo_ros2_ws/install/nav2_voxel_grid:/home/agilex/limo_ros2_ws/install/nav2_msgs:/home/agilex/limo_ros2_ws/install/nav2_common:/home/agilex/limo_ros2_ws/install/ydlidar_sdk:/home/agilex/limo_ros2_ws/install/ydlidar_ros2_driver:/home/agilex/limo_ros2_ws/install/teb_local_planner:/home/agilex/limo_ros2_ws/install/teb_msgs:/home/agilex/limo_ros2_ws/install/nav2_system_tests:/home/agilex/limo_ros2_ws/install/nav2_bringup:/home/agilex/limo_ros2_ws/install/navigation2:/home/agilex/limo_ros2_ws/install/smac_planner:/home/agilex/limo_ros2_ws/install/rf2o_laser_odometry:/home/agilex/limo_ros2_ws/install/orbbec_description:/home/agilex/limo_ros2_ws/install/orbbec_camera:/home/agilex/limo_ros2_ws/install/orbbec_camera_msgs:/home/agilex/limo_ros2_ws/install/nav2_dwb_controller:/home/agilex/limo_ros2_ws/install/nav2_controller:/home/agilex/limo_ros2_ws/install/dwb_plugins:/home/agilex/limo_ros2_ws/install/dwb_critics:/home/agilex/limo_ros2_ws/install/dwb_core:/home/agilex/limo_ros2_ws/install/nav_2d_utils:/home/agilex/limo_ros2_ws/install/dwb_msgs:/home/agilex/limo_ros2_ws/install/nav_2d_msgs:/home/agilex/limo_ros2_ws/install/nav2_waypoint_follower:/home/agilex/limo_ros2_ws/install/nav2_regulated_pure_pursuit_controller:/home/agilex/limo_ros2_ws/install/nav2_recoveries:/home/agilex/limo_ros2_ws/install/nav2_planner:/home/agilex/limo_ros2_ws/install/nav2_navfn_planner:/home/agilex/limo_ros2_ws/install/costmap_queue:/home/agilex/limo_ros2_ws/install/costmap_converter:/home/agilex/limo_ros2_ws/install/nav2_rviz_plugins:/home/agilex/limo_ros2_ws/install/nav2_map_server:/home/agilex/limo_ros2_ws/install/nav2_lifecycle_manager:/home/agilex/limo_ros2_ws/install/nav2_bt_navigator:/home/agilex/limo_ros2_ws/install/nav2_behavior_tree:/home/agilex/limo_ros2_ws/install/nav2_amcl:/home/agilex/limo_ros2_ws/install/magic_enum:/home/agilex/limo_ros2_ws/install/limo_visions:/home/agilex/limo_ros2_ws/install/limo_bringup:/home/agilex/limo_ros2_ws/install/limo_base:/home/agilex/limo_ros2_ws/install/limo_msgs:/home/agilex/limo_ros2_ws/install/limo_description:/home/agilex/limo_ros2_ws/install/libuvc:/home/agilex/limo_ros2_ws/install/glog:/home/agilex/limo_ros2_ws/install/costmap_converter_msgs:/home/agilex/limo_ros2_ws/install/astra_camera_msgs:/home/agilex/limo_ros2_ws/install/nav2_gazebo_spawner:/opt/ros/foxy LD_LIBRARY_PATH=/home/agilex/limo_ros2_ws/install/nav2_costmap_2d/lib:/home/agilex/limo_ros2_ws/install/nav2_util/lib:/home/agilex/limo_ros2_ws/install/nav2_voxel_grid/lib:/home/agilex/limo_ros2_ws/install/nav2_msgs/lib:/home/agilex/limo_ros2_ws/install/teb_local_planner/lib:/home/agilex/limo_ros2_ws/install/teb_msgs/lib:/home/agilex/limo_ros2_ws/install/smac_planner/lib:/home/agilex/limo_ros2_ws/install/orbbec_camera/lib:/home/agilex/limo_ros2_ws/install/orbbec_camera_msgs/lib:/home/agilex/limo_ros2_ws/install/nav2_controller/lib:/home/agilex/limo_ros2_ws/install/dwb_plugins/lib:/home/agilex/limo_ros2_ws/install/dwb_critics/lib:/home/agilex/limo_ros2_ws/install/dwb_core/lib:/home/agilex/limo_ros2_ws/install/nav_2d_utils/lib:/home/agilex/limo_ros2_ws/install/dwb_msgs/lib:/home/agilex/limo_ros2_ws/install/nav_2d_msgs/lib:/home/agilex/limo_ros2_ws/install/nav2_waypoint_follower/lib:/home/agilex/limo_ros2_ws/install/nav2_regulated_pure_pursuit_controller/lib:/home/agilex/limo_ros2_ws/install/nav2_recoveries/lib:/home/agilex/limo_ros2_ws/install/nav2_planner/lib:/home/agilex/limo_ros2_ws/install/nav2_navfn_planner/lib:/home/agilex/limo_ros2_ws/install/costmap_queue/lib:/home/agilex/limo_ros2_ws/install/costmap_converter/lib:/home/agilex/limo_ros2_ws/install/nav2_rviz_plugins/lib:/home/agilex/limo_ros2_ws/install/nav2_map_server/lib:/home/agilex/limo_ros2_ws/install/nav2_lifecycle_manager/lib:/home/agilex/limo_ros2_ws/install/nav2_bt_navigator/lib:/home/agilex/limo_ros2_ws/install/nav2_behavior_tree/lib:/home/agilex/limo_ros2_ws/install/nav2_amcl/lib:/home/agilex/limo_ros2_ws/install/limo_msgs/lib:/home/agilex/limo_ros2_ws/install/libuvc/lib:/home/agilex/limo_ros2_ws/install/glog/lib:/home/agilex/limo_ros2_ws/install/costmap_converter_msgs/lib:/home/agilex/limo_ros2_ws/install/astra_camera_msgs/lib:/usr/lib/aarch64-linux-gnu/gazebo-11/plugins:/opt/ros/foxy/opt/yaml_cpp_vendor/lib:/opt/ros/foxy/opt/rviz_ogre_vendor/lib:/opt/ros/foxy/lib/aarch64-linux-gnu:/opt/ros/foxy/lib PYTHONPATH=/home/agilex/limo_ros2_ws/install/nav2_msgs/lib/python3.8/site-packages:/home/agilex/limo_ros2_ws/install/nav2_common/lib/python3.8/site-packages:/home/agilex/limo_ros2_ws/install/teb_msgs/lib/python3.8/site-packages:/home/agilex/limo_ros2_ws/install/orbbec_camera_msgs/lib/python3.8/site-packages:/home/agilex/limo_ros2_ws/install/dwb_msgs/lib/python3.8/site-packages:/home/agilex/limo_ros2_ws/install/nav_2d_msgs/lib/python3.8/site-packages:/home/agilex/limo_ros2_ws/install/nav2_gazebo_spawner/lib/python3.8/site-packages:/home/agilex/limo_ros2_ws/install/limo_msgs/lib/python3.8/site-packages:/home/agilex/limo_ros2_ws/install/costmap_converter_msgs/lib/python3.8/site-packages:/home/agilex/limo_ros2_ws/install/astra_camera_msgs/lib/python3.8/site-packages:/opt/ros/foxy/lib/python3.8/site-packages /usr/bin/cmake /home/agilex/limo_ros2_ws/src/navigation2/smac_planner -DCMAKE_BUILD_TYPE=Release -DCMAKE_INSTALL_PREFIX=/home/agilex/limo_ros2_ws/install/smac_planner
[49.971s] Invoking command in '/home/agilex/limo_ros2_ws/build/smac_planner': CMAKE_PREFIX_PATH=/home/agilex/limo_ros2_ws/install/nav2_core:/home/agilex/limo_ros2_ws/install/nav2_costmap_2d:/home/agilex/limo_ros2_ws/install/nav2_util:/home/agilex/limo_ros2_ws/install/nav2_voxel_grid:/home/agilex/limo_ros2_ws/install/nav2_msgs:/home/agilex/limo_ros2_ws/install/nav2_common:/home/agilex/limo_ros2_ws/install/ydlidar_sdk:/home/agilex/limo_ros2_ws/install/ydlidar_ros2_driver:/home/agilex/limo_ros2_ws/install/teb_local_planner:/home/agilex/limo_ros2_ws/install/teb_msgs:/home/agilex/limo_ros2_ws/install/nav2_system_tests:/home/agilex/limo_ros2_ws/install/nav2_bringup:/home/agilex/limo_ros2_ws/install/navigation2:/home/agilex/limo_ros2_ws/install/smac_planner:/home/agilex/limo_ros2_ws/install/rf2o_laser_odometry:/home/agilex/limo_ros2_ws/install/orbbec_description:/home/agilex/limo_ros2_ws/install/orbbec_camera:/home/agilex/limo_ros2_ws/install/orbbec_camera_msgs:/home/agilex/limo_ros2_ws/install/nav2_dwb_controller:/home/agilex/limo_ros2_ws/install/nav2_controller:/home/agilex/limo_ros2_ws/install/dwb_plugins:/home/agilex/limo_ros2_ws/install/dwb_critics:/home/agilex/limo_ros2_ws/install/dwb_core:/home/agilex/limo_ros2_ws/install/nav_2d_utils:/home/agilex/limo_ros2_ws/install/dwb_msgs:/home/agilex/limo_ros2_ws/install/nav_2d_msgs:/home/agilex/limo_ros2_ws/install/nav2_waypoint_follower:/home/agilex/limo_ros2_ws/install/nav2_regulated_pure_pursuit_controller:/home/agilex/limo_ros2_ws/install/nav2_recoveries:/home/agilex/limo_ros2_ws/install/nav2_planner:/home/agilex/limo_ros2_ws/install/nav2_navfn_planner:/home/agilex/limo_ros2_ws/install/costmap_queue:/home/agilex/limo_ros2_ws/install/costmap_converter:/home/agilex/limo_ros2_ws/install/nav2_rviz_plugins:/home/agilex/limo_ros2_ws/install/nav2_map_server:/home/agilex/limo_ros2_ws/install/nav2_lifecycle_manager:/home/agilex/limo_ros2_ws/install/nav2_bt_navigator:/home/agilex/limo_ros2_ws/install/nav2_behavior_tree:/home/agilex/limo_ros2_ws/install/nav2_amcl:/home/agilex/limo_ros2_ws/install/magic_enum:/home/agilex/limo_ros2_ws/install/limo_visions:/home/agilex/limo_ros2_ws/install/limo_bringup:/home/agilex/limo_ros2_ws/install/limo_base:/home/agilex/limo_ros2_ws/install/limo_msgs:/home/agilex/limo_ros2_ws/install/limo_description:/home/agilex/limo_ros2_ws/install/libuvc:/home/agilex/limo_ros2_ws/install/glog:/home/agilex/limo_ros2_ws/install/costmap_converter_msgs:/home/agilex/limo_ros2_ws/install/astra_camera_msgs:/home/agilex/limo_ros2_ws/install/nav2_gazebo_spawner:/opt/ros/foxy LD_LIBRARY_PATH=/home/agilex/limo_ros2_ws/install/nav2_costmap_2d/lib:/home/agilex/limo_ros2_ws/install/nav2_util/lib:/home/agilex/limo_ros2_ws/install/nav2_voxel_grid/lib:/home/agilex/limo_ros2_ws/install/nav2_msgs/lib:/home/agilex/limo_ros2_ws/install/teb_local_planner/lib:/home/agilex/limo_ros2_ws/install/teb_msgs/lib:/home/agilex/limo_ros2_ws/install/smac_planner/lib:/home/agilex/limo_ros2_ws/install/orbbec_camera/lib:/home/agilex/limo_ros2_ws/install/orbbec_camera_msgs/lib:/home/agilex/limo_ros2_ws/install/nav2_controller/lib:/home/agilex/limo_ros2_ws/install/dwb_plugins/lib:/home/agilex/limo_ros2_ws/install/dwb_critics/lib:/home/agilex/limo_ros2_ws/install/dwb_core/lib:/home/agilex/limo_ros2_ws/install/nav_2d_utils/lib:/home/agilex/limo_ros2_ws/install/dwb_msgs/lib:/home/agilex/limo_ros2_ws/install/nav_2d_msgs/lib:/home/agilex/limo_ros2_ws/install/nav2_waypoint_follower/lib:/home/agilex/limo_ros2_ws/install/nav2_regulated_pure_pursuit_controller/lib:/home/agilex/limo_ros2_ws/install/nav2_recoveries/lib:/home/agilex/limo_ros2_ws/install/nav2_planner/lib:/home/agilex/limo_ros2_ws/install/nav2_navfn_planner/lib:/home/agilex/limo_ros2_ws/install/costmap_queue/lib:/home/agilex/limo_ros2_ws/install/costmap_converter/lib:/home/agilex/limo_ros2_ws/install/nav2_rviz_plugins/lib:/home/agilex/limo_ros2_ws/install/nav2_map_server/lib:/home/agilex/limo_ros2_ws/install/nav2_lifecycle_manager/lib:/home/agilex/limo_ros2_ws/install/nav2_bt_navigator/lib:/home/agilex/limo_ros2_ws/install/nav2_behavior_tree/lib:/home/agilex/limo_ros2_ws/install/nav2_amcl/lib:/home/agilex/limo_ros2_ws/install/limo_msgs/lib:/home/agilex/limo_ros2_ws/install/libuvc/lib:/home/agilex/limo_ros2_ws/install/glog/lib:/home/agilex/limo_ros2_ws/install/costmap_converter_msgs/lib:/home/agilex/limo_ros2_ws/install/astra_camera_msgs/lib:/usr/lib/aarch64-linux-gnu/gazebo-11/plugins:/opt/ros/foxy/opt/yaml_cpp_vendor/lib:/opt/ros/foxy/opt/rviz_ogre_vendor/lib:/opt/ros/foxy/lib/aarch64-linux-gnu:/opt/ros/foxy/lib PYTHONPATH=/home/agilex/limo_ros2_ws/install/nav2_msgs/lib/python3.8/site-packages:/home/agilex/limo_ros2_ws/install/nav2_common/lib/python3.8/site-packages:/home/agilex/limo_ros2_ws/install/teb_msgs/lib/python3.8/site-packages:/home/agilex/limo_ros2_ws/install/orbbec_camera_msgs/lib/python3.8/site-packages:/home/agilex/limo_ros2_ws/install/dwb_msgs/lib/python3.8/site-packages:/home/agilex/limo_ros2_ws/install/nav_2d_msgs/lib/python3.8/site-packages:/home/agilex/limo_ros2_ws/install/nav2_gazebo_spawner/lib/python3.8/site-packages:/home/agilex/limo_ros2_ws/install/limo_msgs/lib/python3.8/site-packages:/home/agilex/limo_ros2_ws/install/costmap_converter_msgs/lib/python3.8/site-packages:/home/agilex/limo_ros2_ws/install/astra_camera_msgs/lib/python3.8/site-packages:/opt/ros/foxy/lib/python3.8/site-packages /usr/bin/cmake --build /home/agilex/limo_ros2_ws/build/smac_planner -- -j6 -l6
[50.235s] [  2%] [32mBuilding CXX object CMakeFiles/smac_planner_2d.dir/src/smac_planner_2d.cpp.o[0m
[70.188s] [  5%] [32mBuilding CXX object CMakeFiles/smac_planner_2d.dir/src/node_se2.cpp.o[0m
[81.911s] [  8%] [32mBuilding CXX object CMakeFiles/smac_planner_2d.dir/src/costmap_downsampler.cpp.o[0m
[89.627s] [ 11%] [32mBuilding CXX object CMakeFiles/smac_planner_2d.dir/src/a_star.cpp.o[0m
[89.637s] [ 14%] [32mBuilding CXX object CMakeFiles/smac_planner_2d.dir/src/node_2d.cpp.o[0m
[101.634s] [ 17%] [32m[1mLinking CXX shared library libsmac_planner_2d.so[0m
[103.100s] [ 17%] Built target smac_planner_2d
[103.172s] [ 29%] Built target gtest_main
[103.172s] [ 29%] Built target gtest
[103.234s] [ 32%] [32mBuilding CXX object CMakeFiles/smac_planner.dir/src/smac_planner.cpp.o[0m
[103.237s] [ 35%] [32mBuilding CXX object CMakeFiles/smac_planner.dir/src/node_se2.cpp.o[0m
[103.268s] [ 38%] [32mBuilding CXX object CMakeFiles/smac_planner.dir/src/a_star.cpp.o[0m
[103.305s] [ 41%] [32mBuilding CXX object test/CMakeFiles/test_smoother.dir/test_smoother.cpp.o[0m
[103.325s] [ 44%] [32mBuilding CXX object test/CMakeFiles/test_smac_2d.dir/test_smac_2d.cpp.o[0m
[104.345s] [ 47%] [32mBuilding CXX object CMakeFiles/smac_planner.dir/src/costmap_downsampler.cpp.o[0m
[122.745s] [ 50%] [32m[1mLinking CXX executable test_smoother[0m
[122.912s] [ 52%] [32m[1mLinking CXX executable test_smac_2d[0m
[123.891s] [ 52%] Built target test_smoother
[123.945s] [ 52%] Built target test_smac_2d
[128.151s] [ 55%] [32mBuilding CXX object CMakeFiles/smac_planner.dir/src/node_2d.cpp.o[0m
[133.196s] [ 58%] [32m[1mLinking CXX shared library libsmac_planner.so[0m
[134.553s] [ 58%] Built target smac_planner
[134.649s] [ 64%] [32mBuilding CXX object test/CMakeFiles/test_a_star.dir/test_a_star.cpp.o[0m
[134.650s] [ 64%] [32mBuilding CXX object test/CMakeFiles/test_costmap_downsampler.dir/test_costmap_downsampler.cpp.o[0m
[135.696s] [ 67%] [32mBuilding CXX object test/CMakeFiles/test_nodebasic.dir/test_nodebasic.cpp.o[0m
[136.750s] [ 70%] [32mBuilding CXX object test/CMakeFiles/test_smac_se2.dir/test_smac_se2.cpp.o[0m
[136.759s] [ 73%] [32mBuilding CXX object test/CMakeFiles/test_nodese2.dir/test_nodese2.cpp.o[0m
[137.816s] [ 76%] [32mBuilding CXX object test/CMakeFiles/test_node2d.dir/test_node2d.cpp.o[0m
[143.681s] [ 79%] [32m[1mLinking CXX executable test_costmap_downsampler[0m
[144.622s] [ 79%] Built target test_costmap_downsampler
[144.669s] [ 82%] [32m[1mLinking CXX executable test_nodebasic[0m
[144.750s] [ 85%] [32mBuilding CXX object test/CMakeFiles/test_collision_checker.dir/test_collision_checker.cpp.o[0m
[145.318s] [ 85%] Built target test_nodebasic
[146.078s] [ 88%] [32m[1mLinking CXX executable test_a_star[0m
[146.155s] [ 91%] [32m[1mLinking CXX executable test_node2d[0m
[147.210s] [ 91%] Built target test_a_star
[147.307s] [ 91%] Built target test_node2d
[149.240s] [ 94%] [32m[1mLinking CXX executable test_nodese2[0m
[150.121s] [ 94%] Built target test_nodese2
[150.834s] [ 97%] [32m[1mLinking CXX executable test_smac_se2[0m
[151.552s] [100%] [32m[1mLinking CXX executable test_collision_checker[0m
[151.673s] [100%] Built target test_smac_se2
[152.134s] [100%] Built target test_collision_checker
[152.175s] Invoked command in '/home/agilex/limo_ros2_ws/build/smac_planner' returned '0': CMAKE_PREFIX_PATH=/home/agilex/limo_ros2_ws/install/nav2_core:/home/agilex/limo_ros2_ws/install/nav2_costmap_2d:/home/agilex/limo_ros2_ws/install/nav2_util:/home/agilex/limo_ros2_ws/install/nav2_voxel_grid:/home/agilex/limo_ros2_ws/install/nav2_msgs:/home/agilex/limo_ros2_ws/install/nav2_common:/home/agilex/limo_ros2_ws/install/ydlidar_sdk:/home/agilex/limo_ros2_ws/install/ydlidar_ros2_driver:/home/agilex/limo_ros2_ws/install/teb_local_planner:/home/agilex/limo_ros2_ws/install/teb_msgs:/home/agilex/limo_ros2_ws/install/nav2_system_tests:/home/agilex/limo_ros2_ws/install/nav2_bringup:/home/agilex/limo_ros2_ws/install/navigation2:/home/agilex/limo_ros2_ws/install/smac_planner:/home/agilex/limo_ros2_ws/install/rf2o_laser_odometry:/home/agilex/limo_ros2_ws/install/orbbec_description:/home/agilex/limo_ros2_ws/install/orbbec_camera:/home/agilex/limo_ros2_ws/install/orbbec_camera_msgs:/home/agilex/limo_ros2_ws/install/nav2_dwb_controller:/home/agilex/limo_ros2_ws/install/nav2_controller:/home/agilex/limo_ros2_ws/install/dwb_plugins:/home/agilex/limo_ros2_ws/install/dwb_critics:/home/agilex/limo_ros2_ws/install/dwb_core:/home/agilex/limo_ros2_ws/install/nav_2d_utils:/home/agilex/limo_ros2_ws/install/dwb_msgs:/home/agilex/limo_ros2_ws/install/nav_2d_msgs:/home/agilex/limo_ros2_ws/install/nav2_waypoint_follower:/home/agilex/limo_ros2_ws/install/nav2_regulated_pure_pursuit_controller:/home/agilex/limo_ros2_ws/install/nav2_recoveries:/home/agilex/limo_ros2_ws/install/nav2_planner:/home/agilex/limo_ros2_ws/install/nav2_navfn_planner:/home/agilex/limo_ros2_ws/install/costmap_queue:/home/agilex/limo_ros2_ws/install/costmap_converter:/home/agilex/limo_ros2_ws/install/nav2_rviz_plugins:/home/agilex/limo_ros2_ws/install/nav2_map_server:/home/agilex/limo_ros2_ws/install/nav2_lifecycle_manager:/home/agilex/limo_ros2_ws/install/nav2_bt_navigator:/home/agilex/limo_ros2_ws/install/nav2_behavior_tree:/home/agilex/limo_ros2_ws/install/nav2_amcl:/home/agilex/limo_ros2_ws/install/magic_enum:/home/agilex/limo_ros2_ws/install/limo_visions:/home/agilex/limo_ros2_ws/install/limo_bringup:/home/agilex/limo_ros2_ws/install/limo_base:/home/agilex/limo_ros2_ws/install/limo_msgs:/home/agilex/limo_ros2_ws/install/limo_description:/home/agilex/limo_ros2_ws/install/libuvc:/home/agilex/limo_ros2_ws/install/glog:/home/agilex/limo_ros2_ws/install/costmap_converter_msgs:/home/agilex/limo_ros2_ws/install/astra_camera_msgs:/home/agilex/limo_ros2_ws/install/nav2_gazebo_spawner:/opt/ros/foxy LD_LIBRARY_PATH=/home/agilex/limo_ros2_ws/install/nav2_costmap_2d/lib:/home/agilex/limo_ros2_ws/install/nav2_util/lib:/home/agilex/limo_ros2_ws/install/nav2_voxel_grid/lib:/home/agilex/limo_ros2_ws/install/nav2_msgs/lib:/home/agilex/limo_ros2_ws/install/teb_local_planner/lib:/home/agilex/limo_ros2_ws/install/teb_msgs/lib:/home/agilex/limo_ros2_ws/install/smac_planner/lib:/home/agilex/limo_ros2_ws/install/orbbec_camera/lib:/home/agilex/limo_ros2_ws/install/orbbec_camera_msgs/lib:/home/agilex/limo_ros2_ws/install/nav2_controller/lib:/home/agilex/limo_ros2_ws/install/dwb_plugins/lib:/home/agilex/limo_ros2_ws/install/dwb_critics/lib:/home/agilex/limo_ros2_ws/install/dwb_core/lib:/home/agilex/limo_ros2_ws/install/nav_2d_utils/lib:/home/agilex/limo_ros2_ws/install/dwb_msgs/lib:/home/agilex/limo_ros2_ws/install/nav_2d_msgs/lib:/home/agilex/limo_ros2_ws/install/nav2_waypoint_follower/lib:/home/agilex/limo_ros2_ws/install/nav2_regulated_pure_pursuit_controller/lib:/home/agilex/limo_ros2_ws/install/nav2_recoveries/lib:/home/agilex/limo_ros2_ws/install/nav2_planner/lib:/home/agilex/limo_ros2_ws/install/nav2_navfn_planner/lib:/home/agilex/limo_ros2_ws/install/costmap_queue/lib:/home/agilex/limo_ros2_ws/install/costmap_converter/lib:/home/agilex/limo_ros2_ws/install/nav2_rviz_plugins/lib:/home/agilex/limo_ros2_ws/install/nav2_map_server/lib:/home/agilex/limo_ros2_ws/install/nav2_lifecycle_manager/lib:/home/agilex/limo_ros2_ws/install/nav2_bt_navigator/lib:/home/agilex/limo_ros2_ws/install/nav2_behavior_tree/lib:/home/agilex/limo_ros2_ws/install/nav2_amcl/lib:/home/agilex/limo_ros2_ws/install/limo_msgs/lib:/home/agilex/limo_ros2_ws/install/libuvc/lib:/home/agilex/limo_ros2_ws/install/glog/lib:/home/agilex/limo_ros2_ws/install/costmap_converter_msgs/lib:/home/agilex/limo_ros2_ws/install/astra_camera_msgs/lib:/usr/lib/aarch64-linux-gnu/gazebo-11/plugins:/opt/ros/foxy/opt/yaml_cpp_vendor/lib:/opt/ros/foxy/opt/rviz_ogre_vendor/lib:/opt/ros/foxy/lib/aarch64-linux-gnu:/opt/ros/foxy/lib PYTHONPATH=/home/agilex/limo_ros2_ws/install/nav2_msgs/lib/python3.8/site-packages:/home/agilex/limo_ros2_ws/install/nav2_common/lib/python3.8/site-packages:/home/agilex/limo_ros2_ws/install/teb_msgs/lib/python3.8/site-packages:/home/agilex/limo_ros2_ws/install/orbbec_camera_msgs/lib/python3.8/site-packages:/home/agilex/limo_ros2_ws/install/dwb_msgs/lib/python3.8/site-packages:/home/agilex/limo_ros2_ws/install/nav_2d_msgs/lib/python3.8/site-packages:/home/agilex/limo_ros2_ws/install/nav2_gazebo_spawner/lib/python3.8/site-packages:/home/agilex/limo_ros2_ws/install/limo_msgs/lib/python3.8/site-packages:/home/agilex/limo_ros2_ws/install/costmap_converter_msgs/lib/python3.8/site-packages:/home/agilex/limo_ros2_ws/install/astra_camera_msgs/lib/python3.8/site-packages:/opt/ros/foxy/lib/python3.8/site-packages /usr/bin/cmake --build /home/agilex/limo_ros2_ws/build/smac_planner -- -j6 -l6
[152.360s] Invoking command in '/home/agilex/limo_ros2_ws/build/smac_planner': CMAKE_PREFIX_PATH=/home/agilex/limo_ros2_ws/install/nav2_core:/home/agilex/limo_ros2_ws/install/nav2_costmap_2d:/home/agilex/limo_ros2_ws/install/nav2_util:/home/agilex/limo_ros2_ws/install/nav2_voxel_grid:/home/agilex/limo_ros2_ws/install/nav2_msgs:/home/agilex/limo_ros2_ws/install/nav2_common:/home/agilex/limo_ros2_ws/install/ydlidar_sdk:/home/agilex/limo_ros2_ws/install/ydlidar_ros2_driver:/home/agilex/limo_ros2_ws/install/teb_local_planner:/home/agilex/limo_ros2_ws/install/teb_msgs:/home/agilex/limo_ros2_ws/install/nav2_system_tests:/home/agilex/limo_ros2_ws/install/nav2_bringup:/home/agilex/limo_ros2_ws/install/navigation2:/home/agilex/limo_ros2_ws/install/smac_planner:/home/agilex/limo_ros2_ws/install/rf2o_laser_odometry:/home/agilex/limo_ros2_ws/install/orbbec_description:/home/agilex/limo_ros2_ws/install/orbbec_camera:/home/agilex/limo_ros2_ws/install/orbbec_camera_msgs:/home/agilex/limo_ros2_ws/install/nav2_dwb_controller:/home/agilex/limo_ros2_ws/install/nav2_controller:/home/agilex/limo_ros2_ws/install/dwb_plugins:/home/agilex/limo_ros2_ws/install/dwb_critics:/home/agilex/limo_ros2_ws/install/dwb_core:/home/agilex/limo_ros2_ws/install/nav_2d_utils:/home/agilex/limo_ros2_ws/install/dwb_msgs:/home/agilex/limo_ros2_ws/install/nav_2d_msgs:/home/agilex/limo_ros2_ws/install/nav2_waypoint_follower:/home/agilex/limo_ros2_ws/install/nav2_regulated_pure_pursuit_controller:/home/agilex/limo_ros2_ws/install/nav2_recoveries:/home/agilex/limo_ros2_ws/install/nav2_planner:/home/agilex/limo_ros2_ws/install/nav2_navfn_planner:/home/agilex/limo_ros2_ws/install/costmap_queue:/home/agilex/limo_ros2_ws/install/costmap_converter:/home/agilex/limo_ros2_ws/install/nav2_rviz_plugins:/home/agilex/limo_ros2_ws/install/nav2_map_server:/home/agilex/limo_ros2_ws/install/nav2_lifecycle_manager:/home/agilex/limo_ros2_ws/install/nav2_bt_navigator:/home/agilex/limo_ros2_ws/install/nav2_behavior_tree:/home/agilex/limo_ros2_ws/install/nav2_amcl:/home/agilex/limo_ros2_ws/install/magic_enum:/home/agilex/limo_ros2_ws/install/limo_visions:/home/agilex/limo_ros2_ws/install/limo_bringup:/home/agilex/limo_ros2_ws/install/limo_base:/home/agilex/limo_ros2_ws/install/limo_msgs:/home/agilex/limo_ros2_ws/install/limo_description:/home/agilex/limo_ros2_ws/install/libuvc:/home/agilex/limo_ros2_ws/install/glog:/home/agilex/limo_ros2_ws/install/costmap_converter_msgs:/home/agilex/limo_ros2_ws/install/astra_camera_msgs:/home/agilex/limo_ros2_ws/install/nav2_gazebo_spawner:/opt/ros/foxy LD_LIBRARY_PATH=/home/agilex/limo_ros2_ws/install/nav2_costmap_2d/lib:/home/agilex/limo_ros2_ws/install/nav2_util/lib:/home/agilex/limo_ros2_ws/install/nav2_voxel_grid/lib:/home/agilex/limo_ros2_ws/install/nav2_msgs/lib:/home/agilex/limo_ros2_ws/install/teb_local_planner/lib:/home/agilex/limo_ros2_ws/install/teb_msgs/lib:/home/agilex/limo_ros2_ws/install/smac_planner/lib:/home/agilex/limo_ros2_ws/install/orbbec_camera/lib:/home/agilex/limo_ros2_ws/install/orbbec_camera_msgs/lib:/home/agilex/limo_ros2_ws/install/nav2_controller/lib:/home/agilex/limo_ros2_ws/install/dwb_plugins/lib:/home/agilex/limo_ros2_ws/install/dwb_critics/lib:/home/agilex/limo_ros2_ws/install/dwb_core/lib:/home/agilex/limo_ros2_ws/install/nav_2d_utils/lib:/home/agilex/limo_ros2_ws/install/dwb_msgs/lib:/home/agilex/limo_ros2_ws/install/nav_2d_msgs/lib:/home/agilex/limo_ros2_ws/install/nav2_waypoint_follower/lib:/home/agilex/limo_ros2_ws/install/nav2_regulated_pure_pursuit_controller/lib:/home/agilex/limo_ros2_ws/install/nav2_recoveries/lib:/home/agilex/limo_ros2_ws/install/nav2_planner/lib:/home/agilex/limo_ros2_ws/install/nav2_navfn_planner/lib:/home/agilex/limo_ros2_ws/install/costmap_queue/lib:/home/agilex/limo_ros2_ws/install/costmap_converter/lib:/home/agilex/limo_ros2_ws/install/nav2_rviz_plugins/lib:/home/agilex/limo_ros2_ws/install/nav2_map_server/lib:/home/agilex/limo_ros2_ws/install/nav2_lifecycle_manager/lib:/home/agilex/limo_ros2_ws/install/nav2_bt_navigator/lib:/home/agilex/limo_ros2_ws/install/nav2_behavior_tree/lib:/home/agilex/limo_ros2_ws/install/nav2_amcl/lib:/home/agilex/limo_ros2_ws/install/limo_msgs/lib:/home/agilex/limo_ros2_ws/install/libuvc/lib:/home/agilex/limo_ros2_ws/install/glog/lib:/home/agilex/limo_ros2_ws/install/costmap_converter_msgs/lib:/home/agilex/limo_ros2_ws/install/astra_camera_msgs/lib:/usr/lib/aarch64-linux-gnu/gazebo-11/plugins:/opt/ros/foxy/opt/yaml_cpp_vendor/lib:/opt/ros/foxy/opt/rviz_ogre_vendor/lib:/opt/ros/foxy/lib/aarch64-linux-gnu:/opt/ros/foxy/lib PYTHONPATH=/home/agilex/limo_ros2_ws/install/nav2_msgs/lib/python3.8/site-packages:/home/agilex/limo_ros2_ws/install/nav2_common/lib/python3.8/site-packages:/home/agilex/limo_ros2_ws/install/teb_msgs/lib/python3.8/site-packages:/home/agilex/limo_ros2_ws/install/orbbec_camera_msgs/lib/python3.8/site-packages:/home/agilex/limo_ros2_ws/install/dwb_msgs/lib/python3.8/site-packages:/home/agilex/limo_ros2_ws/install/nav_2d_msgs/lib/python3.8/site-packages:/home/agilex/limo_ros2_ws/install/nav2_gazebo_spawner/lib/python3.8/site-packages:/home/agilex/limo_ros2_ws/install/limo_msgs/lib/python3.8/site-packages:/home/agilex/limo_ros2_ws/install/costmap_converter_msgs/lib/python3.8/site-packages:/home/agilex/limo_ros2_ws/install/astra_camera_msgs/lib/python3.8/site-packages:/opt/ros/foxy/lib/python3.8/site-packages /usr/bin/cmake --install /home/agilex/limo_ros2_ws/build/smac_planner
[152.387s] -- Install configuration: "Release"
[152.388s] -- Up-to-date: /home/agilex/limo_ros2_ws/install/smac_planner/share/smac_planner/smac_plugin.xml
[152.388s] -- Up-to-date: /home/agilex/limo_ros2_ws/install/smac_planner/share/smac_planner/smac_plugin_2d.xml
[152.389s] -- Installing: /home/agilex/limo_ros2_ws/install/smac_planner/lib/libsmac_planner.so
[152.390s] -- Set runtime path of "/home/agilex/limo_ros2_ws/install/smac_planner/lib/libsmac_planner.so" to ""
[152.391s] -- Installing: /home/agilex/limo_ros2_ws/install/smac_planner/lib/libsmac_planner_2d.so
[152.393s] -- Set runtime path of "/home/agilex/limo_ros2_ws/install/smac_planner/lib/libsmac_planner_2d.so" to ""
[152.393s] -- Up-to-date: /home/agilex/limo_ros2_ws/install/smac_planner/include/
[152.393s] -- Up-to-date: /home/agilex/limo_ros2_ws/install/smac_planner/include//smac_planner
[152.394s] -- Up-to-date: /home/agilex/limo_ros2_ws/install/smac_planner/include//smac_planner/constants.hpp
[152.394s] -- Up-to-date: /home/agilex/limo_ros2_ws/install/smac_planner/include//smac_planner/smoother.hpp
[152.394s] -- Up-to-date: /home/agilex/limo_ros2_ws/install/smac_planner/include//smac_planner/smac_planner.hpp
[152.394s] -- Up-to-date: /home/agilex/limo_ros2_ws/install/smac_planner/include//smac_planner/a_star.hpp
[152.395s] -- Up-to-date: /home/agilex/limo_ros2_ws/install/smac_planner/include//smac_planner/costmap_downsampler.hpp
[152.395s] -- Up-to-date: /home/agilex/limo_ros2_ws/install/smac_planner/include//smac_planner/node_2d.hpp
[152.395s] -- Up-to-date: /home/agilex/limo_ros2_ws/install/smac_planner/include//smac_planner/node_basic.hpp
[152.396s] -- Up-to-date: /home/agilex/limo_ros2_ws/install/smac_planner/include//smac_planner/smoother_cost_function.hpp
[152.396s] -- Up-to-date: /home/agilex/limo_ros2_ws/install/smac_planner/include//smac_planner/collision_checker.hpp
[152.396s] -- Up-to-date: /home/agilex/limo_ros2_ws/install/smac_planner/include//smac_planner/options.hpp
[152.397s] -- Up-to-date: /home/agilex/limo_ros2_ws/install/smac_planner/include//smac_planner/node_se2.hpp
[152.397s] -- Up-to-date: /home/agilex/limo_ros2_ws/install/smac_planner/include//smac_planner/smac_planner_2d.hpp
[152.397s] -- Up-to-date: /home/agilex/limo_ros2_ws/install/smac_planner/include//smac_planner/types.hpp
[152.398s] -- Up-to-date: /home/agilex/limo_ros2_ws/install/smac_planner/share/smac_planner/environment/library_path.sh
[152.398s] -- Installing: /home/agilex/limo_ros2_ws/install/smac_planner/share/smac_planner/environment/library_path.dsv
[152.398s] -- Up-to-date: /home/agilex/limo_ros2_ws/install/smac_planner/share/ament_index/resource_index/package_run_dependencies/smac_planner
[152.399s] -- Installing: /home/agilex/limo_ros2_ws/install/smac_planner/share/ament_index/resource_index/parent_prefix_path/smac_planner
[152.399s] -- Up-to-date: /home/agilex/limo_ros2_ws/install/smac_planner/share/smac_planner/environment/ament_prefix_path.sh
[152.399s] -- Installing: /home/agilex/limo_ros2_ws/install/smac_planner/share/smac_planner/environment/ament_prefix_path.dsv
[152.399s] -- Up-to-date: /home/agilex/limo_ros2_ws/install/smac_planner/share/smac_planner/environment/path.sh
[152.400s] -- Installing: /home/agilex/limo_ros2_ws/install/smac_planner/share/smac_planner/environment/path.dsv
[152.400s] -- Up-to-date: /home/agilex/limo_ros2_ws/install/smac_planner/share/smac_planner/local_setup.bash
[152.400s] -- Up-to-date: /home/agilex/limo_ros2_ws/install/smac_planner/share/smac_planner/local_setup.sh
[152.400s] -- Up-to-date: /home/agilex/limo_ros2_ws/install/smac_planner/share/smac_planner/local_setup.zsh
[152.401s] -- Installing: /home/agilex/limo_ros2_ws/install/smac_planner/share/smac_planner/local_setup.dsv
[152.401s] -- Installing: /home/agilex/limo_ros2_ws/install/smac_planner/share/smac_planner/package.dsv
[152.401s] -- Up-to-date: /home/agilex/limo_ros2_ws/install/smac_planner/share/ament_index/resource_index/packages/smac_planner
[152.401s] -- Up-to-date: /home/agilex/limo_ros2_ws/install/smac_planner/share/ament_index/resource_index/nav2_core__pluginlib__plugin/smac_planner
[152.401s] -- Up-to-date: /home/agilex/limo_ros2_ws/install/smac_planner/share/smac_planner/cmake/ament_cmake_export_include_directories-extras.cmake
[152.402s] -- Up-to-date: /home/agilex/limo_ros2_ws/install/smac_planner/share/smac_planner/cmake/ament_cmake_export_libraries-extras.cmake
[152.403s] -- Up-to-date: /home/agilex/limo_ros2_ws/install/smac_planner/share/smac_planner/cmake/ament_cmake_export_dependencies-extras.cmake
[152.406s] -- Up-to-date: /home/agilex/limo_ros2_ws/install/smac_planner/share/smac_planner/cmake/ament_cmake_export_definitions-extras.cmake
[152.407s] -- Up-to-date: /home/agilex/limo_ros2_ws/install/smac_planner/share/smac_planner/cmake/smac_plannerConfig.cmake
[152.408s] -- Up-to-date: /home/agilex/limo_ros2_ws/install/smac_planner/share/smac_planner/cmake/smac_plannerConfig-version.cmake
[152.408s] -- Up-to-date: /home/agilex/limo_ros2_ws/install/smac_planner/share/smac_planner/package.xml
[152.409s] Invoked command in '/home/agilex/limo_ros2_ws/build/smac_planner' returned '0': CMAKE_PREFIX_PATH=/home/agilex/limo_ros2_ws/install/nav2_core:/home/agilex/limo_ros2_ws/install/nav2_costmap_2d:/home/agilex/limo_ros2_ws/install/nav2_util:/home/agilex/limo_ros2_ws/install/nav2_voxel_grid:/home/agilex/limo_ros2_ws/install/nav2_msgs:/home/agilex/limo_ros2_ws/install/nav2_common:/home/agilex/limo_ros2_ws/install/ydlidar_sdk:/home/agilex/limo_ros2_ws/install/ydlidar_ros2_driver:/home/agilex/limo_ros2_ws/install/teb_local_planner:/home/agilex/limo_ros2_ws/install/teb_msgs:/home/agilex/limo_ros2_ws/install/nav2_system_tests:/home/agilex/limo_ros2_ws/install/nav2_bringup:/home/agilex/limo_ros2_ws/install/navigation2:/home/agilex/limo_ros2_ws/install/smac_planner:/home/agilex/limo_ros2_ws/install/rf2o_laser_odometry:/home/agilex/limo_ros2_ws/install/orbbec_description:/home/agilex/limo_ros2_ws/install/orbbec_camera:/home/agilex/limo_ros2_ws/install/orbbec_camera_msgs:/home/agilex/limo_ros2_ws/install/nav2_dwb_controller:/home/agilex/limo_ros2_ws/install/nav2_controller:/home/agilex/limo_ros2_ws/install/dwb_plugins:/home/agilex/limo_ros2_ws/install/dwb_critics:/home/agilex/limo_ros2_ws/install/dwb_core:/home/agilex/limo_ros2_ws/install/nav_2d_utils:/home/agilex/limo_ros2_ws/install/dwb_msgs:/home/agilex/limo_ros2_ws/install/nav_2d_msgs:/home/agilex/limo_ros2_ws/install/nav2_waypoint_follower:/home/agilex/limo_ros2_ws/install/nav2_regulated_pure_pursuit_controller:/home/agilex/limo_ros2_ws/install/nav2_recoveries:/home/agilex/limo_ros2_ws/install/nav2_planner:/home/agilex/limo_ros2_ws/install/nav2_navfn_planner:/home/agilex/limo_ros2_ws/install/costmap_queue:/home/agilex/limo_ros2_ws/install/costmap_converter:/home/agilex/limo_ros2_ws/install/nav2_rviz_plugins:/home/agilex/limo_ros2_ws/install/nav2_map_server:/home/agilex/limo_ros2_ws/install/nav2_lifecycle_manager:/home/agilex/limo_ros2_ws/install/nav2_bt_navigator:/home/agilex/limo_ros2_ws/install/nav2_behavior_tree:/home/agilex/limo_ros2_ws/install/nav2_amcl:/home/agilex/limo_ros2_ws/install/magic_enum:/home/agilex/limo_ros2_ws/install/limo_visions:/home/agilex/limo_ros2_ws/install/limo_bringup:/home/agilex/limo_ros2_ws/install/limo_base:/home/agilex/limo_ros2_ws/install/limo_msgs:/home/agilex/limo_ros2_ws/install/limo_description:/home/agilex/limo_ros2_ws/install/libuvc:/home/agilex/limo_ros2_ws/install/glog:/home/agilex/limo_ros2_ws/install/costmap_converter_msgs:/home/agilex/limo_ros2_ws/install/astra_camera_msgs:/home/agilex/limo_ros2_ws/install/nav2_gazebo_spawner:/opt/ros/foxy LD_LIBRARY_PATH=/home/agilex/limo_ros2_ws/install/nav2_costmap_2d/lib:/home/agilex/limo_ros2_ws/install/nav2_util/lib:/home/agilex/limo_ros2_ws/install/nav2_voxel_grid/lib:/home/agilex/limo_ros2_ws/install/nav2_msgs/lib:/home/agilex/limo_ros2_ws/install/teb_local_planner/lib:/home/agilex/limo_ros2_ws/install/teb_msgs/lib:/home/agilex/limo_ros2_ws/install/smac_planner/lib:/home/agilex/limo_ros2_ws/install/orbbec_camera/lib:/home/agilex/limo_ros2_ws/install/orbbec_camera_msgs/lib:/home/agilex/limo_ros2_ws/install/nav2_controller/lib:/home/agilex/limo_ros2_ws/install/dwb_plugins/lib:/home/agilex/limo_ros2_ws/install/dwb_critics/lib:/home/agilex/limo_ros2_ws/install/dwb_core/lib:/home/agilex/limo_ros2_ws/install/nav_2d_utils/lib:/home/agilex/limo_ros2_ws/install/dwb_msgs/lib:/home/agilex/limo_ros2_ws/install/nav_2d_msgs/lib:/home/agilex/limo_ros2_ws/install/nav2_waypoint_follower/lib:/home/agilex/limo_ros2_ws/install/nav2_regulated_pure_pursuit_controller/lib:/home/agilex/limo_ros2_ws/install/nav2_recoveries/lib:/home/agilex/limo_ros2_ws/install/nav2_planner/lib:/home/agilex/limo_ros2_ws/install/nav2_navfn_planner/lib:/home/agilex/limo_ros2_ws/install/costmap_queue/lib:/home/agilex/limo_ros2_ws/install/costmap_converter/lib:/home/agilex/limo_ros2_ws/install/nav2_rviz_plugins/lib:/home/agilex/limo_ros2_ws/install/nav2_map_server/lib:/home/agilex/limo_ros2_ws/install/nav2_lifecycle_manager/lib:/home/agilex/limo_ros2_ws/install/nav2_bt_navigator/lib:/home/agilex/limo_ros2_ws/install/nav2_behavior_tree/lib:/home/agilex/limo_ros2_ws/install/nav2_amcl/lib:/home/agilex/limo_ros2_ws/install/limo_msgs/lib:/home/agilex/limo_ros2_ws/install/libuvc/lib:/home/agilex/limo_ros2_ws/install/glog/lib:/home/agilex/limo_ros2_ws/install/costmap_converter_msgs/lib:/home/agilex/limo_ros2_ws/install/astra_camera_msgs/lib:/usr/lib/aarch64-linux-gnu/gazebo-11/plugins:/opt/ros/foxy/opt/yaml_cpp_vendor/lib:/opt/ros/foxy/opt/rviz_ogre_vendor/lib:/opt/ros/foxy/lib/aarch64-linux-gnu:/opt/ros/foxy/lib PYTHONPATH=/home/agilex/limo_ros2_ws/install/nav2_msgs/lib/python3.8/site-packages:/home/agilex/limo_ros2_ws/install/nav2_common/lib/python3.8/site-packages:/home/agilex/limo_ros2_ws/install/teb_msgs/lib/python3.8/site-packages:/home/agilex/limo_ros2_ws/install/orbbec_camera_msgs/lib/python3.8/site-packages:/home/agilex/limo_ros2_ws/install/dwb_msgs/lib/python3.8/site-packages:/home/agilex/limo_ros2_ws/install/nav_2d_msgs/lib/python3.8/site-packages:/home/agilex/limo_ros2_ws/install/nav2_gazebo_spawner/lib/python3.8/site-packages:/home/agilex/limo_ros2_ws/install/limo_msgs/lib/python3.8/site-packages:/home/agilex/limo_ros2_ws/install/costmap_converter_msgs/lib/python3.8/site-packages:/home/agilex/limo_ros2_ws/install/astra_camera_msgs/lib/python3.8/site-packages:/opt/ros/foxy/lib/python3.8/site-packages /usr/bin/cmake --install /home/agilex/limo_ros2_ws/build/smac_planner
