[0.129s] Invoking command in '/home/agilex/limo_ros2_ws/src/build/costmap_converter_msgs': CMAKE_PREFIX_PATH=${CMAKE_PREFIX_PATH}:/home/agilex/limo_ros2_ws/install/nav2_gazebo_spawner:/opt/ros/foxy /usr/bin/cmake --build /home/agilex/limo_ros2_ws/src/build/costmap_converter_msgs -- -j6 -l6
[0.325s] [ 10%] Built target costmap_converter_msgs__rosidl_generator_c
[0.393s] [ 12%] Built target costmap_converter_msgs__cpp
[0.533s] [ 23%] Built target costmap_converter_msgs__rosidl_typesupport_introspection_c
[0.582s] [ 33%] Built target costmap_converter_msgs__rosidl_typesupport_cpp
[0.594s] [ 43%] Built target costmap_converter_msgs__rosidl_typesupport_c
[0.707s] [ 53%] Built target costmap_converter_msgs__rosidl_typesupport_introspection_cpp
[0.777s] [ 64%] Built target costmap_converter_msgs__rosidl_typesupport_fastrtps_cpp
[0.898s] [ 74%] Built target costmap_converter_msgs__rosidl_typesupport_fastrtps_c
[1.036s] [ 74%] Built target costmap_converter_msgs
[1.138s] [ 76%] Built target costmap_converter_msgs__py
[1.258s] [ 84%] Built target costmap_converter_msgs__python
[1.476s] [ 89%] Built target costmap_converter_msgs__rosidl_typesupport_introspection_c__pyext
[1.482s] [ 94%] Built target costmap_converter_msgs__rosidl_typesupport_c__pyext
[1.499s] [100%] Built target costmap_converter_msgs__rosidl_typesupport_fastrtps_c__pyext
[1.578s] Invoked command in '/home/agilex/limo_ros2_ws/src/build/costmap_converter_msgs' returned '0': CMAKE_PREFIX_PATH=${CMAKE_PREFIX_PATH}:/home/agilex/limo_ros2_ws/install/nav2_gazebo_spawner:/opt/ros/foxy /usr/bin/cmake --build /home/agilex/limo_ros2_ws/src/build/costmap_converter_msgs -- -j6 -l6
[2.379s] Invoking command in '/home/agilex/limo_ros2_ws/src/build/costmap_converter_msgs': CMAKE_PREFIX_PATH=${CMAKE_PREFIX_PATH}:/home/agilex/limo_ros2_ws/install/nav2_gazebo_spawner:/opt/ros/foxy /usr/bin/cmake --install /home/agilex/limo_ros2_ws/src/build/costmap_converter_msgs
[2.448s] -- Install configuration: "Release"
[2.448s] -- Up-to-date: /home/agilex/limo_ros2_ws/src/install/costmap_converter_msgs/share/ament_index/resource_index/rosidl_interfaces/costmap_converter_msgs
[2.448s] -- Up-to-date: /home/agilex/limo_ros2_ws/src/install/costmap_converter_msgs/include/costmap_converter_msgs
[2.448s] -- Up-to-date: /home/agilex/limo_ros2_ws/src/install/costmap_converter_msgs/include/costmap_converter_msgs/msg
[2.449s] -- Up-to-date: /home/agilex/limo_ros2_ws/src/install/costmap_converter_msgs/include/costmap_converter_msgs/msg/rosidl_generator_c__visibility_control.h
[2.449s] -- Up-to-date: /home/agilex/limo_ros2_ws/src/install/costmap_converter_msgs/include/costmap_converter_msgs/msg/obstacle_array_msg.h
[2.449s] -- Up-to-date: /home/agilex/limo_ros2_ws/src/install/costmap_converter_msgs/include/costmap_converter_msgs/msg/obstacle_msg.h
[2.449s] -- Up-to-date: /home/agilex/limo_ros2_ws/src/install/costmap_converter_msgs/include/costmap_converter_msgs/msg/detail
[2.449s] -- Up-to-date: /home/agilex/limo_ros2_ws/src/install/costmap_converter_msgs/include/costmap_converter_msgs/msg/detail/obstacle_array_msg__functions.c
[2.450s] -- Up-to-date: /home/agilex/limo_ros2_ws/src/install/costmap_converter_msgs/include/costmap_converter_msgs/msg/detail/obstacle_msg__type_support.h
[2.450s] -- Up-to-date: /home/agilex/limo_ros2_ws/src/install/costmap_converter_msgs/include/costmap_converter_msgs/msg/detail/obstacle_msg__functions.c
[2.450s] -- Up-to-date: /home/agilex/limo_ros2_ws/src/install/costmap_converter_msgs/include/costmap_converter_msgs/msg/detail/obstacle_array_msg__struct.h
[2.450s] -- Up-to-date: /home/agilex/limo_ros2_ws/src/install/costmap_converter_msgs/include/costmap_converter_msgs/msg/detail/obstacle_msg__functions.h
[2.450s] -- Up-to-date: /home/agilex/limo_ros2_ws/src/install/costmap_converter_msgs/include/costmap_converter_msgs/msg/detail/obstacle_msg__struct.h
[2.451s] -- Up-to-date: /home/agilex/limo_ros2_ws/src/install/costmap_converter_msgs/include/costmap_converter_msgs/msg/detail/obstacle_array_msg__type_support.h
[2.451s] -- Up-to-date: /home/agilex/limo_ros2_ws/src/install/costmap_converter_msgs/include/costmap_converter_msgs/msg/detail/obstacle_array_msg__functions.h
[2.451s] -- Up-to-date: /home/agilex/limo_ros2_ws/src/install/costmap_converter_msgs/share/costmap_converter_msgs/environment/library_path.sh
[2.451s] -- Up-to-date: /home/agilex/limo_ros2_ws/src/install/costmap_converter_msgs/share/costmap_converter_msgs/environment/library_path.dsv
[2.451s] -- Up-to-date: /home/agilex/limo_ros2_ws/src/install/costmap_converter_msgs/lib/libcostmap_converter_msgs__rosidl_generator_c.so
[2.451s] -- Up-to-date: /home/agilex/limo_ros2_ws/src/install/costmap_converter_msgs/include/costmap_converter_msgs
[2.452s] -- Up-to-date: /home/agilex/limo_ros2_ws/src/install/costmap_converter_msgs/include/costmap_converter_msgs/msg
[2.452s] -- Up-to-date: /home/agilex/limo_ros2_ws/src/install/costmap_converter_msgs/include/costmap_converter_msgs/msg/rosidl_typesupport_fastrtps_c__visibility_control.h
[2.457s] -- Up-to-date: /home/agilex/limo_ros2_ws/src/install/costmap_converter_msgs/include/costmap_converter_msgs/msg/detail
[2.458s] -- Up-to-date: /home/agilex/limo_ros2_ws/src/install/costmap_converter_msgs/include/costmap_converter_msgs/msg/detail/obstacle_array_msg__rosidl_typesupport_fastrtps_c.h
[2.458s] -- Up-to-date: /home/agilex/limo_ros2_ws/src/install/costmap_converter_msgs/include/costmap_converter_msgs/msg/detail/obstacle_msg__rosidl_typesupport_fastrtps_c.h
[2.458s] -- Up-to-date: /home/agilex/limo_ros2_ws/src/install/costmap_converter_msgs/lib/libcostmap_converter_msgs__rosidl_typesupport_fastrtps_c.so
[2.459s] -- Up-to-date: /home/agilex/limo_ros2_ws/src/install/costmap_converter_msgs/include/costmap_converter_msgs
[2.459s] -- Up-to-date: /home/agilex/limo_ros2_ws/src/install/costmap_converter_msgs/include/costmap_converter_msgs/msg
[2.459s] -- Up-to-date: /home/agilex/limo_ros2_ws/src/install/costmap_converter_msgs/include/costmap_converter_msgs/msg/rosidl_typesupport_fastrtps_cpp__visibility_control.h
[2.459s] -- Up-to-date: /home/agilex/limo_ros2_ws/src/install/costmap_converter_msgs/include/costmap_converter_msgs/msg/detail
[2.460s] -- Up-to-date: /home/agilex/limo_ros2_ws/src/install/costmap_converter_msgs/include/costmap_converter_msgs/msg/detail/obstacle_array_msg__rosidl_typesupport_fastrtps_cpp.hpp
[2.460s] -- Up-to-date: /home/agilex/limo_ros2_ws/src/install/costmap_converter_msgs/include/costmap_converter_msgs/msg/detail/dds_fastrtps
[2.460s] -- Up-to-date: /home/agilex/limo_ros2_ws/src/install/costmap_converter_msgs/include/costmap_converter_msgs/msg/detail/obstacle_msg__rosidl_typesupport_fastrtps_cpp.hpp
[2.460s] -- Up-to-date: /home/agilex/limo_ros2_ws/src/install/costmap_converter_msgs/lib/libcostmap_converter_msgs__rosidl_typesupport_fastrtps_cpp.so
[2.461s] -- Up-to-date: /home/agilex/limo_ros2_ws/src/install/costmap_converter_msgs/include/costmap_converter_msgs
[2.461s] -- Up-to-date: /home/agilex/limo_ros2_ws/src/install/costmap_converter_msgs/include/costmap_converter_msgs/msg
[2.461s] -- Up-to-date: /home/agilex/limo_ros2_ws/src/install/costmap_converter_msgs/include/costmap_converter_msgs/msg/rosidl_typesupport_introspection_c__visibility_control.h
[2.462s] -- Up-to-date: /home/agilex/limo_ros2_ws/src/install/costmap_converter_msgs/include/costmap_converter_msgs/msg/detail
[2.462s] -- Up-to-date: /home/agilex/limo_ros2_ws/src/install/costmap_converter_msgs/include/costmap_converter_msgs/msg/detail/obstacle_msg__type_support.c
[2.462s] -- Up-to-date: /home/agilex/limo_ros2_ws/src/install/costmap_converter_msgs/include/costmap_converter_msgs/msg/detail/obstacle_msg__rosidl_typesupport_introspection_c.h
[2.462s] -- Up-to-date: /home/agilex/limo_ros2_ws/src/install/costmap_converter_msgs/include/costmap_converter_msgs/msg/detail/obstacle_array_msg__type_support.c
[2.462s] -- Up-to-date: /home/agilex/limo_ros2_ws/src/install/costmap_converter_msgs/include/costmap_converter_msgs/msg/detail/obstacle_array_msg__rosidl_typesupport_introspection_c.h
[2.462s] -- Up-to-date: /home/agilex/limo_ros2_ws/src/install/costmap_converter_msgs/lib/libcostmap_converter_msgs__rosidl_typesupport_introspection_c.so
[2.463s] -- Up-to-date: /home/agilex/limo_ros2_ws/src/install/costmap_converter_msgs/lib/libcostmap_converter_msgs__rosidl_typesupport_c.so
[2.463s] -- Up-to-date: /home/agilex/limo_ros2_ws/src/install/costmap_converter_msgs/include/costmap_converter_msgs
[2.464s] -- Up-to-date: /home/agilex/limo_ros2_ws/src/install/costmap_converter_msgs/include/costmap_converter_msgs/msg
[2.464s] -- Up-to-date: /home/agilex/limo_ros2_ws/src/install/costmap_converter_msgs/include/costmap_converter_msgs/msg/obstacle_array_msg.hpp
[2.464s] -- Up-to-date: /home/agilex/limo_ros2_ws/src/install/costmap_converter_msgs/include/costmap_converter_msgs/msg/rosidl_generator_cpp__visibility_control.hpp
[2.464s] -- Up-to-date: /home/agilex/limo_ros2_ws/src/install/costmap_converter_msgs/include/costmap_converter_msgs/msg/obstacle_msg.hpp
[2.465s] -- Up-to-date: /home/agilex/limo_ros2_ws/src/install/costmap_converter_msgs/include/costmap_converter_msgs/msg/detail
[2.465s] -- Up-to-date: /home/agilex/limo_ros2_ws/src/install/costmap_converter_msgs/include/costmap_converter_msgs/msg/detail/obstacle_array_msg__struct.hpp
[2.465s] -- Up-to-date: /home/agilex/limo_ros2_ws/src/install/costmap_converter_msgs/include/costmap_converter_msgs/msg/detail/obstacle_array_msg__traits.hpp
[2.465s] -- Up-to-date: /home/agilex/limo_ros2_ws/src/install/costmap_converter_msgs/include/costmap_converter_msgs/msg/detail/obstacle_msg__builder.hpp
[2.466s] -- Up-to-date: /home/agilex/limo_ros2_ws/src/install/costmap_converter_msgs/include/costmap_converter_msgs/msg/detail/obstacle_array_msg__type_support.hpp
[2.466s] -- Up-to-date: /home/agilex/limo_ros2_ws/src/install/costmap_converter_msgs/include/costmap_converter_msgs/msg/detail/obstacle_msg__type_support.hpp
[2.467s] -- Up-to-date: /home/agilex/limo_ros2_ws/src/install/costmap_converter_msgs/include/costmap_converter_msgs/msg/detail/obstacle_msg__traits.hpp
[2.467s] -- Up-to-date: /home/agilex/limo_ros2_ws/src/install/costmap_converter_msgs/include/costmap_converter_msgs/msg/detail/obstacle_array_msg__builder.hpp
[2.467s] -- Up-to-date: /home/agilex/limo_ros2_ws/src/install/costmap_converter_msgs/include/costmap_converter_msgs/msg/detail/obstacle_msg__struct.hpp
[2.467s] -- Up-to-date: /home/agilex/limo_ros2_ws/src/install/costmap_converter_msgs/include/costmap_converter_msgs
[2.467s] -- Up-to-date: /home/agilex/limo_ros2_ws/src/install/costmap_converter_msgs/include/costmap_converter_msgs/msg
[2.467s] -- Up-to-date: /home/agilex/limo_ros2_ws/src/install/costmap_converter_msgs/include/costmap_converter_msgs/msg/detail
[2.469s] -- Up-to-date: /home/agilex/limo_ros2_ws/src/install/costmap_converter_msgs/include/costmap_converter_msgs/msg/detail/obstacle_msg__rosidl_typesupport_introspection_cpp.hpp
[2.469s] -- Up-to-date: /home/agilex/limo_ros2_ws/src/install/costmap_converter_msgs/include/costmap_converter_msgs/msg/detail/obstacle_array_msg__type_support.cpp
[2.469s] -- Up-to-date: /home/agilex/limo_ros2_ws/src/install/costmap_converter_msgs/include/costmap_converter_msgs/msg/detail/obstacle_array_msg__rosidl_typesupport_introspection_cpp.hpp
[2.475s] -- Up-to-date: /home/agilex/limo_ros2_ws/src/install/costmap_converter_msgs/include/costmap_converter_msgs/msg/detail/obstacle_msg__type_support.cpp
[2.475s] -- Up-to-date: /home/agilex/limo_ros2_ws/src/install/costmap_converter_msgs/lib/libcostmap_converter_msgs__rosidl_typesupport_introspection_cpp.so
[2.476s] -- Up-to-date: /home/agilex/limo_ros2_ws/src/install/costmap_converter_msgs/lib/libcostmap_converter_msgs__rosidl_typesupport_cpp.so
[2.476s] -- Up-to-date: /home/agilex/limo_ros2_ws/src/install/costmap_converter_msgs/share/costmap_converter_msgs/environment/pythonpath.sh
[2.476s] -- Up-to-date: /home/agilex/limo_ros2_ws/src/install/costmap_converter_msgs/share/costmap_converter_msgs/environment/pythonpath.dsv
[2.476s] -- Up-to-date: /home/agilex/limo_ros2_ws/src/install/costmap_converter_msgs/lib/python3.8/site-packages/costmap_converter_msgs/__init__.py
[2.690s] -- Up-to-date: /home/agilex/limo_ros2_ws/src/install/costmap_converter_msgs/lib/python3.8/site-packages/costmap_converter_msgs/msg
[2.691s] -- Up-to-date: /home/agilex/limo_ros2_ws/src/install/costmap_converter_msgs/lib/python3.8/site-packages/costmap_converter_msgs/msg/__init__.py
[2.691s] -- Up-to-date: /home/agilex/limo_ros2_ws/src/install/costmap_converter_msgs/lib/python3.8/site-packages/costmap_converter_msgs/msg/_obstacle_array_msg.py
[2.691s] -- Up-to-date: /home/agilex/limo_ros2_ws/src/install/costmap_converter_msgs/lib/python3.8/site-packages/costmap_converter_msgs/msg/_obstacle_msg.py
[2.692s] -- Up-to-date: /home/agilex/limo_ros2_ws/src/install/costmap_converter_msgs/lib/python3.8/site-packages/costmap_converter_msgs/msg/_obstacle_array_msg_s.c
[2.692s] -- Up-to-date: /home/agilex/limo_ros2_ws/src/install/costmap_converter_msgs/lib/python3.8/site-packages/costmap_converter_msgs/msg/_obstacle_msg_s.c
[2.692s] -- Up-to-date: /home/agilex/limo_ros2_ws/src/install/costmap_converter_msgs/lib/python3.8/site-packages/costmap_converter_msgs/costmap_converter_msgs_s__rosidl_typesupport_fastrtps_c.cpython-38-aarch64-linux-gnu.so
[2.692s] -- Up-to-date: /home/agilex/limo_ros2_ws/src/install/costmap_converter_msgs/lib/python3.8/site-packages/costmap_converter_msgs/costmap_converter_msgs_s__rosidl_typesupport_introspection_c.cpython-38-aarch64-linux-gnu.so
[2.692s] -- Up-to-date: /home/agilex/limo_ros2_ws/src/install/costmap_converter_msgs/lib/python3.8/site-packages/costmap_converter_msgs/costmap_converter_msgs_s__rosidl_typesupport_c.cpython-38-aarch64-linux-gnu.so
[2.693s] -- Up-to-date: /home/agilex/limo_ros2_ws/src/install/costmap_converter_msgs/lib/libcostmap_converter_msgs__python.so
[2.693s] -- Up-to-date: /home/agilex/limo_ros2_ws/src/install/costmap_converter_msgs/share/costmap_converter_msgs/msg/ObstacleMsg.idl
[2.693s] -- Up-to-date: /home/agilex/limo_ros2_ws/src/install/costmap_converter_msgs/share/costmap_converter_msgs/msg/ObstacleArrayMsg.idl
[2.693s] -- Up-to-date: /home/agilex/limo_ros2_ws/src/install/costmap_converter_msgs/share/costmap_converter_msgs/msg/ObstacleMsg.msg
[2.693s] -- Up-to-date: /home/agilex/limo_ros2_ws/src/install/costmap_converter_msgs/share/costmap_converter_msgs/msg/ObstacleArrayMsg.msg
[2.693s] -- Up-to-date: /home/agilex/limo_ros2_ws/src/install/costmap_converter_msgs/share/ament_index/resource_index/package_run_dependencies/costmap_converter_msgs
[2.693s] -- Up-to-date: /home/agilex/limo_ros2_ws/src/install/costmap_converter_msgs/share/ament_index/resource_index/parent_prefix_path/costmap_converter_msgs
[2.694s] -- Up-to-date: /home/agilex/limo_ros2_ws/src/install/costmap_converter_msgs/share/costmap_converter_msgs/environment/ament_prefix_path.sh
[2.694s] -- Up-to-date: /home/agilex/limo_ros2_ws/src/install/costmap_converter_msgs/share/costmap_converter_msgs/environment/ament_prefix_path.dsv
[2.694s] -- Up-to-date: /home/agilex/limo_ros2_ws/src/install/costmap_converter_msgs/share/costmap_converter_msgs/environment/path.sh
[2.694s] -- Up-to-date: /home/agilex/limo_ros2_ws/src/install/costmap_converter_msgs/share/costmap_converter_msgs/environment/path.dsv
[2.694s] -- Up-to-date: /home/agilex/limo_ros2_ws/src/install/costmap_converter_msgs/share/costmap_converter_msgs/local_setup.bash
[2.694s] -- Up-to-date: /home/agilex/limo_ros2_ws/src/install/costmap_converter_msgs/share/costmap_converter_msgs/local_setup.sh
[2.694s] -- Up-to-date: /home/agilex/limo_ros2_ws/src/install/costmap_converter_msgs/share/costmap_converter_msgs/local_setup.zsh
[2.694s] -- Up-to-date: /home/agilex/limo_ros2_ws/src/install/costmap_converter_msgs/share/costmap_converter_msgs/local_setup.dsv
[2.694s] -- Installing: /home/agilex/limo_ros2_ws/src/install/costmap_converter_msgs/share/costmap_converter_msgs/package.dsv
[2.695s] -- Up-to-date: /home/agilex/limo_ros2_ws/src/install/costmap_converter_msgs/share/ament_index/resource_index/packages/costmap_converter_msgs
[2.695s] -- Up-to-date: /home/agilex/limo_ros2_ws/src/install/costmap_converter_msgs/share/costmap_converter_msgs/cmake/costmap_converter_msgs__rosidl_generator_cExport.cmake
[2.695s] -- Up-to-date: /home/agilex/limo_ros2_ws/src/install/costmap_converter_msgs/share/costmap_converter_msgs/cmake/costmap_converter_msgs__rosidl_generator_cExport-release.cmake
[2.696s] -- Up-to-date: /home/agilex/limo_ros2_ws/src/install/costmap_converter_msgs/share/costmap_converter_msgs/cmake/costmap_converter_msgs__rosidl_typesupport_introspection_cExport.cmake
[2.696s] -- Up-to-date: /home/agilex/limo_ros2_ws/src/install/costmap_converter_msgs/share/costmap_converter_msgs/cmake/costmap_converter_msgs__rosidl_typesupport_introspection_cExport-release.cmake
[2.696s] -- Up-to-date: /home/agilex/limo_ros2_ws/src/install/costmap_converter_msgs/share/costmap_converter_msgs/cmake/costmap_converter_msgs__rosidl_typesupport_cExport.cmake
[2.696s] -- Up-to-date: /home/agilex/limo_ros2_ws/src/install/costmap_converter_msgs/share/costmap_converter_msgs/cmake/costmap_converter_msgs__rosidl_typesupport_cExport-release.cmake
[2.696s] -- Up-to-date: /home/agilex/limo_ros2_ws/src/install/costmap_converter_msgs/share/costmap_converter_msgs/cmake/costmap_converter_msgs__rosidl_generator_cppExport.cmake
[2.696s] -- Up-to-date: /home/agilex/limo_ros2_ws/src/install/costmap_converter_msgs/share/costmap_converter_msgs/cmake/costmap_converter_msgs__rosidl_typesupport_introspection_cppExport.cmake
[2.697s] -- Up-to-date: /home/agilex/limo_ros2_ws/src/install/costmap_converter_msgs/share/costmap_converter_msgs/cmake/costmap_converter_msgs__rosidl_typesupport_introspection_cppExport-release.cmake
[2.697s] -- Up-to-date: /home/agilex/limo_ros2_ws/src/install/costmap_converter_msgs/share/costmap_converter_msgs/cmake/costmap_converter_msgs__rosidl_typesupport_cppExport.cmake
[2.697s] -- Up-to-date: /home/agilex/limo_ros2_ws/src/install/costmap_converter_msgs/share/costmap_converter_msgs/cmake/costmap_converter_msgs__rosidl_typesupport_cppExport-release.cmake
[2.698s] -- Up-to-date: /home/agilex/limo_ros2_ws/src/install/costmap_converter_msgs/share/costmap_converter_msgs/cmake/rosidl_cmake-extras.cmake
[2.698s] -- Up-to-date: /home/agilex/limo_ros2_ws/src/install/costmap_converter_msgs/share/costmap_converter_msgs/cmake/ament_cmake_export_dependencies-extras.cmake
[2.699s] -- Up-to-date: /home/agilex/limo_ros2_ws/src/install/costmap_converter_msgs/share/costmap_converter_msgs/cmake/ament_cmake_export_libraries-extras.cmake
[2.699s] -- Up-to-date: /home/agilex/limo_ros2_ws/src/install/costmap_converter_msgs/share/costmap_converter_msgs/cmake/ament_cmake_export_targets-extras.cmake
[2.700s] -- Up-to-date: /home/agilex/limo_ros2_ws/src/install/costmap_converter_msgs/share/costmap_converter_msgs/cmake/ament_cmake_export_include_directories-extras.cmake
[2.701s] -- Up-to-date: /home/agilex/limo_ros2_ws/src/install/costmap_converter_msgs/share/costmap_converter_msgs/cmake/rosidl_cmake_export_typesupport_libraries-extras.cmake
[2.701s] -- Up-to-date: /home/agilex/limo_ros2_ws/src/install/costmap_converter_msgs/share/costmap_converter_msgs/cmake/rosidl_cmake_export_typesupport_targets-extras.cmake
[2.702s] -- Up-to-date: /home/agilex/limo_ros2_ws/src/install/costmap_converter_msgs/share/costmap_converter_msgs/cmake/costmap_converter_msgsConfig.cmake
[2.702s] -- Up-to-date: /home/agilex/limo_ros2_ws/src/install/costmap_converter_msgs/share/costmap_converter_msgs/cmake/costmap_converter_msgsConfig-version.cmake
[2.702s] -- Up-to-date: /home/agilex/limo_ros2_ws/src/install/costmap_converter_msgs/share/costmap_converter_msgs/package.xml
[2.709s] Invoked command in '/home/agilex/limo_ros2_ws/src/build/costmap_converter_msgs' returned '0': CMAKE_PREFIX_PATH=${CMAKE_PREFIX_PATH}:/home/agilex/limo_ros2_ws/install/nav2_gazebo_spawner:/opt/ros/foxy /usr/bin/cmake --install /home/agilex/limo_ros2_ws/src/build/costmap_converter_msgs
