[0.076s] Invoking command in '/home/agilex/limo_ros2_ws/build/orbbec_camera_msgs': /usr/bin/cmake /home/agilex/limo_ros2_ws/src/OrbbecSDK_ROS2/orbbec_camera_msgs -DCMAKE_INSTALL_PREFIX=/home/agilex/limo_ros2_ws/install/orbbec_camera_msgs
[0.171s] -- Configuring incomplete, errors occurred!
[0.171s] See also "/home/agilex/limo_ros2_ws/build/orbbec_camera_msgs/CMakeFiles/CMakeOutput.log".
[0.174s] CMake Error at CMakeLists.txt:9 (find_package):
[0.175s]   By not providing "Findament_cmake.cmake" in CMAKE_MODULE_PATH this project
[0.175s]   has asked CMake to find a package configuration file provided by
[0.178s]   "ament_cmake", but CMake did not find one.
[0.178s] 
[0.178s]   Could not find a package configuration file provided by "ament_cmake" with
[0.179s]   any of the following names:
[0.179s] 
[0.179s]     ament_cmakeConfig.cmake
[0.179s]     ament_cmake-config.cmake
[0.179s] 
[0.179s]   Add the installation prefix of "ament_cmake" to CMAKE_PREFIX_PATH or set
[0.179s]   "ament_cmake_DIR" to a directory containing one of the above files.  If
[0.180s]   "ament_cmake" provides a separate development package or SDK, be sure it
[0.180s]   has been installed.
[0.180s] 
[0.180s] 
[0.203s] Invoked command in '/home/agilex/limo_ros2_ws/build/orbbec_camera_msgs' returned '1': /usr/bin/cmake /home/agilex/limo_ros2_ws/src/OrbbecSDK_ROS2/orbbec_camera_msgs -DCMAKE_INSTALL_PREFIX=/home/agilex/limo_ros2_ws/install/orbbec_camera_msgs
