[0.142s] Invoking command in '/home/agilex/limo_ros2_ws/src/build/nav2_common': CMAKE_PREFIX_PATH=${CMAKE_PREFIX_PATH}:/home/agilex/limo_ros2_ws/install/nav2_gazebo_spawner:/opt/ros/foxy /usr/bin/cmake /home/agilex/limo_ros2_ws/src/navigation2/nav2_common -DCMAKE_BUILD_TYPE=Release -DCMAKE_INSTALL_PREFIX=/home/agilex/limo_ros2_ws/src/install/nav2_common
[0.221s] -- Found ament_cmake_core: 0.9.12 (/opt/ros/foxy/share/ament_cmake_core/cmake)
[0.277s] -- Found PythonInterp: /usr/bin/python3 (found suitable version "3.8.10", minimum required is "3") 
[0.278s] -- Using PYTHON_EXECUTABLE: /usr/bin/python3
[0.745s] -- Found ament_cmake_python: 0.9.12 (/opt/ros/foxy/share/ament_cmake_python/cmake)
[0.993s] -- Configuring done
[0.998s] -- Generating done
[1.001s] -- Build files have been written to: /home/agilex/limo_ros2_ws/src/build/nav2_common
[1.024s] Invoked command in '/home/agilex/limo_ros2_ws/src/build/nav2_common' returned '0': CMAKE_PREFIX_PATH=${CMAKE_PREFIX_PATH}:/home/agilex/limo_ros2_ws/install/nav2_gazebo_spawner:/opt/ros/foxy /usr/bin/cmake /home/agilex/limo_ros2_ws/src/navigation2/nav2_common -DCMAKE_BUILD_TYPE=Release -DCMAKE_INSTALL_PREFIX=/home/agilex/limo_ros2_ws/src/install/nav2_common
[1.028s] Invoking command in '/home/agilex/limo_ros2_ws/src/build/nav2_common': CMAKE_PREFIX_PATH=${CMAKE_PREFIX_PATH}:/home/agilex/limo_ros2_ws/install/nav2_gazebo_spawner:/opt/ros/foxy /usr/bin/cmake --build /home/agilex/limo_ros2_ws/src/build/nav2_common -- -j6 -l6
[5.080s] Invoked command in '/home/agilex/limo_ros2_ws/src/build/nav2_common' returned '0': CMAKE_PREFIX_PATH=${CMAKE_PREFIX_PATH}:/home/agilex/limo_ros2_ws/install/nav2_gazebo_spawner:/opt/ros/foxy /usr/bin/cmake --build /home/agilex/limo_ros2_ws/src/build/nav2_common -- -j6 -l6
[5.233s] Invoking command in '/home/agilex/limo_ros2_ws/src/build/nav2_common': CMAKE_PREFIX_PATH=${CMAKE_PREFIX_PATH}:/home/agilex/limo_ros2_ws/install/nav2_gazebo_spawner:/opt/ros/foxy /usr/bin/cmake --install /home/agilex/limo_ros2_ws/src/build/nav2_common
[5.402s] -- Install configuration: "Release"
[5.410s] -- Installing: /home/agilex/limo_ros2_ws/src/install/nav2_common/share/nav2_common/environment/pythonpath.sh
[5.411s] -- Installing: /home/agilex/limo_ros2_ws/src/install/nav2_common/share/nav2_common/environment/pythonpath.dsv
[5.411s] -- Installing: /home/agilex/limo_ros2_ws/src/install/nav2_common/lib/python3.8/site-packages/nav2_common
[5.411s] -- Installing: /home/agilex/limo_ros2_ws/src/install/nav2_common/lib/python3.8/site-packages/nav2_common/__init__.py
[5.411s] -- Installing: /home/agilex/limo_ros2_ws/src/install/nav2_common/lib/python3.8/site-packages/nav2_common/launch
[5.411s] -- Installing: /home/agilex/limo_ros2_ws/src/install/nav2_common/lib/python3.8/site-packages/nav2_common/launch/replace_string.py
[5.412s] -- Installing: /home/agilex/limo_ros2_ws/src/install/nav2_common/lib/python3.8/site-packages/nav2_common/launch/__init__.py
[5.412s] -- Installing: /home/agilex/limo_ros2_ws/src/install/nav2_common/lib/python3.8/site-packages/nav2_common/launch/rewritten_yaml.py
[5.412s] -- Installing: /home/agilex/limo_ros2_ws/src/install/nav2_common/lib/python3.8/site-packages/nav2_common/launch/has_node_params.py
[5.412s] Listing '/home/agilex/limo_ros2_ws/src/install/nav2_common/lib/python3.8/site-packages/nav2_common'...
[5.412s] Compiling '/home/agilex/limo_ros2_ws/src/install/nav2_common/lib/python3.8/site-packages/nav2_common/__init__.py'...
[5.412s] Listing '/home/agilex/limo_ros2_ws/src/install/nav2_common/lib/python3.8/site-packages/nav2_common/launch'...
[5.413s] Compiling '/home/agilex/limo_ros2_ws/src/install/nav2_common/lib/python3.8/site-packages/nav2_common/launch/__init__.py'...
[5.413s] Compiling '/home/agilex/limo_ros2_ws/src/install/nav2_common/lib/python3.8/site-packages/nav2_common/launch/has_node_params.py'...
[5.413s] Compiling '/home/agilex/limo_ros2_ws/src/install/nav2_common/lib/python3.8/site-packages/nav2_common/launch/replace_string.py'...
[5.414s] Compiling '/home/agilex/limo_ros2_ws/src/install/nav2_common/lib/python3.8/site-packages/nav2_common/launch/rewritten_yaml.py'...
[5.419s] -- Installing: /home/agilex/limo_ros2_ws/src/install/nav2_common/share/ament_index/resource_index/package_run_dependencies/nav2_common
[5.419s] -- Installing: /home/agilex/limo_ros2_ws/src/install/nav2_common/share/ament_index/resource_index/parent_prefix_path/nav2_common
[5.419s] -- Installing: /home/agilex/limo_ros2_ws/src/install/nav2_common/share/nav2_common/environment/ament_prefix_path.sh
[5.419s] -- Installing: /home/agilex/limo_ros2_ws/src/install/nav2_common/share/nav2_common/environment/ament_prefix_path.dsv
[5.420s] -- Installing: /home/agilex/limo_ros2_ws/src/install/nav2_common/share/nav2_common/environment/path.sh
[5.420s] -- Installing: /home/agilex/limo_ros2_ws/src/install/nav2_common/share/nav2_common/environment/path.dsv
[5.420s] -- Installing: /home/agilex/limo_ros2_ws/src/install/nav2_common/share/nav2_common/local_setup.bash
[5.420s] -- Installing: /home/agilex/limo_ros2_ws/src/install/nav2_common/share/nav2_common/local_setup.sh
[5.420s] -- Installing: /home/agilex/limo_ros2_ws/src/install/nav2_common/share/nav2_common/local_setup.zsh
[5.420s] -- Installing: /home/agilex/limo_ros2_ws/src/install/nav2_common/share/nav2_common/local_setup.dsv
[5.420s] -- Installing: /home/agilex/limo_ros2_ws/src/install/nav2_common/share/nav2_common/package.dsv
[5.421s] -- Installing: /home/agilex/limo_ros2_ws/src/install/nav2_common/share/ament_index/resource_index/packages/nav2_common
[5.421s] -- Installing: /home/agilex/limo_ros2_ws/src/install/nav2_common/share/nav2_common/cmake/nav2_common-extras.cmake
[5.421s] -- Installing: /home/agilex/limo_ros2_ws/src/install/nav2_common/share/nav2_common/cmake/nav2_commonConfig.cmake
[5.421s] -- Installing: /home/agilex/limo_ros2_ws/src/install/nav2_common/share/nav2_common/cmake/nav2_commonConfig-version.cmake
[5.421s] -- Installing: /home/agilex/limo_ros2_ws/src/install/nav2_common/share/nav2_common/package.xml
[5.421s] -- Up-to-date: /home/agilex/limo_ros2_ws/src/install/nav2_common/share/nav2_common/cmake
[5.421s] -- Installing: /home/agilex/limo_ros2_ws/src/install/nav2_common/share/nav2_common/cmake/nav2_package.cmake
[5.441s] Invoked command in '/home/agilex/limo_ros2_ws/src/build/nav2_common' returned '0': CMAKE_PREFIX_PATH=${CMAKE_PREFIX_PATH}:/home/agilex/limo_ros2_ws/install/nav2_gazebo_spawner:/opt/ros/foxy /usr/bin/cmake --install /home/agilex/limo_ros2_ws/src/build/nav2_common
