[0.053s] Invoking command in '/home/agilex/limo_ros2_ws/build/limo_description': CMAKE_PREFIX_PATH=${CMAKE_PREFIX_PATH}:/home/agilex/limo_ros2_ws/install/nav2_gazebo_spawner:/opt/ros/foxy /usr/bin/cmake /home/agilex/limo_ros2_ws/src/limo_ros2/limo_description -DCMAKE_INSTALL_PREFIX=/home/agilex/limo_ros2_ws/install/limo_description
[0.115s] -- Found ament_cmake: 0.9.12 (/opt/ros/foxy/share/ament_cmake/cmake)
[0.166s] -- Using PYTHON_EXECUTABLE: /usr/bin/python3
[0.599s] -- Found ament_lint_auto: 0.9.8 (/opt/ros/foxy/share/ament_lint_auto/cmake)
[0.758s] -- Added test 'copyright' to check source files copyright and LICENSE
[0.764s] -- Added test 'flake8' to check Python code syntax and style conventions
[0.765s] -- Added test 'lint_cmake' to check CMake code style
[0.766s] -- Added test 'pep257' to check Python code against some of the style conventions in PEP 257
[0.769s] -- Added test 'xmllint' to check XML markup files
[0.774s] -- Configuring done
[0.783s] -- Generating done
[0.785s] -- Build files have been written to: /home/agilex/limo_ros2_ws/build/limo_description
[1.275s] Invoked command in '/home/agilex/limo_ros2_ws/build/limo_description' returned '0': CMAKE_PREFIX_PATH=${CMAKE_PREFIX_PATH}:/home/agilex/limo_ros2_ws/install/nav2_gazebo_spawner:/opt/ros/foxy /usr/bin/cmake /home/agilex/limo_ros2_ws/src/limo_ros2/limo_description -DCMAKE_INSTALL_PREFIX=/home/agilex/limo_ros2_ws/install/limo_description
[1.277s] Invoking command in '/home/agilex/limo_ros2_ws/build/limo_description': CMAKE_PREFIX_PATH=${CMAKE_PREFIX_PATH}:/home/agilex/limo_ros2_ws/install/nav2_gazebo_spawner:/opt/ros/foxy /usr/bin/cmake --build /home/agilex/limo_ros2_ws/build/limo_description -- -j6 -l6
[1.414s] Invoked command in '/home/agilex/limo_ros2_ws/build/limo_description' returned '0': CMAKE_PREFIX_PATH=${CMAKE_PREFIX_PATH}:/home/agilex/limo_ros2_ws/install/nav2_gazebo_spawner:/opt/ros/foxy /usr/bin/cmake --build /home/agilex/limo_ros2_ws/build/limo_description -- -j6 -l6
[1.581s] Invoking command in '/home/agilex/limo_ros2_ws/build/limo_description': CMAKE_PREFIX_PATH=${CMAKE_PREFIX_PATH}:/home/agilex/limo_ros2_ws/install/nav2_gazebo_spawner:/opt/ros/foxy /usr/bin/cmake --install /home/agilex/limo_ros2_ws/build/limo_description
[1.647s] -- Install configuration: "Release"
[1.650s] -- Up-to-date: /home/agilex/limo_ros2_ws/install/limo_description/share/limo_description/launch
[1.653s] -- Up-to-date: /home/agilex/limo_ros2_ws/install/limo_description/share/limo_description/launch/gazebo_models_diff.launch.py
[1.653s] -- Up-to-date: /home/agilex/limo_ros2_ws/install/limo_description/share/limo_description/launch/display_models_diff.launch.py
[1.653s] -- Up-to-date: /home/agilex/limo_ros2_ws/install/limo_description/share/limo_description/meshes
[1.654s] -- Up-to-date: /home/agilex/limo_ros2_ws/install/limo_description/share/limo_description/meshes/limo_wheel.stl
[1.654s] -- Up-to-date: /home/agilex/limo_ros2_ws/install/limo_description/share/limo_description/meshes/limo_base.dae
[1.654s] -- Up-to-date: /home/agilex/limo_ros2_ws/install/limo_description/share/limo_description/meshes/limo_wheel.dae
[1.654s] -- Up-to-date: /home/agilex/limo_ros2_ws/install/limo_description/share/limo_description/meshes/limo_base.stl
[1.654s] -- Up-to-date: /home/agilex/limo_ros2_ws/install/limo_description/share/limo_description/rviz
[1.654s] -- Up-to-date: /home/agilex/limo_ros2_ws/install/limo_description/share/limo_description/rviz/model_display.rviz
[1.655s] -- Up-to-date: /home/agilex/limo_ros2_ws/install/limo_description/share/limo_description/rviz/urdf.rviz
[1.655s] -- Up-to-date: /home/agilex/limo_ros2_ws/install/limo_description/share/limo_description/urdf
[1.655s] -- Up-to-date: /home/agilex/limo_ros2_ws/install/limo_description/share/limo_description/urdf/limo_gazebo.gazebo
[1.655s] -- Up-to-date: /home/agilex/limo_ros2_ws/install/limo_description/share/limo_description/urdf/limo_ackerman.xacro
[1.655s] -- Up-to-date: /home/agilex/limo_ros2_ws/install/limo_description/share/limo_description/urdf/limo_ackerman.gazebo
[1.655s] -- Up-to-date: /home/agilex/limo_ros2_ws/install/limo_description/share/limo_description/urdf/limo_xacro.xacro
[1.655s] -- Up-to-date: /home/agilex/limo_ros2_ws/install/limo_description/share/limo_description/urdf/limo_steering_hinge.xacro
[1.656s] -- Up-to-date: /home/agilex/limo_ros2_ws/install/limo_description/share/limo_description/urdf/limo_four_diff.xacro
[1.656s] -- Up-to-date: /home/agilex/limo_ros2_ws/install/limo_description/share/limo_description/urdf/limo_four_diff.gazebo
[1.656s] -- Up-to-date: /home/agilex/limo_ros2_ws/install/limo_description/share/limo_description/urdf/limo_four_diff_2.gazebo
[1.656s] -- Up-to-date: /home/agilex/limo_ros2_ws/install/limo_description/share/ament_index/resource_index/package_run_dependencies/limo_description
[1.656s] -- Up-to-date: /home/agilex/limo_ros2_ws/install/limo_description/share/ament_index/resource_index/parent_prefix_path/limo_description
[1.656s] -- Up-to-date: /home/agilex/limo_ros2_ws/install/limo_description/share/limo_description/environment/ament_prefix_path.sh
[1.656s] -- Installing: /home/agilex/limo_ros2_ws/install/limo_description/share/limo_description/environment/ament_prefix_path.dsv
[1.657s] -- Up-to-date: /home/agilex/limo_ros2_ws/install/limo_description/share/limo_description/environment/path.sh
[1.657s] -- Installing: /home/agilex/limo_ros2_ws/install/limo_description/share/limo_description/environment/path.dsv
[1.657s] -- Up-to-date: /home/agilex/limo_ros2_ws/install/limo_description/share/limo_description/local_setup.bash
[1.657s] -- Up-to-date: /home/agilex/limo_ros2_ws/install/limo_description/share/limo_description/local_setup.sh
[1.657s] -- Up-to-date: /home/agilex/limo_ros2_ws/install/limo_description/share/limo_description/local_setup.zsh
[1.657s] -- Installing: /home/agilex/limo_ros2_ws/install/limo_description/share/limo_description/local_setup.dsv
[1.658s] -- Installing: /home/agilex/limo_ros2_ws/install/limo_description/share/limo_description/package.dsv
[1.661s] -- Up-to-date: /home/agilex/limo_ros2_ws/install/limo_description/share/ament_index/resource_index/packages/limo_description
[1.661s] -- Up-to-date: /home/agilex/limo_ros2_ws/install/limo_description/share/limo_description/cmake/limo_descriptionConfig.cmake
[1.661s] -- Up-to-date: /home/agilex/limo_ros2_ws/install/limo_description/share/limo_description/cmake/limo_descriptionConfig-version.cmake
[1.661s] -- Up-to-date: /home/agilex/limo_ros2_ws/install/limo_description/share/limo_description/package.xml
[1.668s] Invoked command in '/home/agilex/limo_ros2_ws/build/limo_description' returned '0': CMAKE_PREFIX_PATH=${CMAKE_PREFIX_PATH}:/home/agilex/limo_ros2_ws/install/nav2_gazebo_spawner:/opt/ros/foxy /usr/bin/cmake --install /home/agilex/limo_ros2_ws/build/limo_description
