[0.104s] Invoking command in '/home/agilex/limo_ros2_ws/src/build/image_publisher': CMAKE_PREFIX_PATH=${CMAKE_PREFIX_PATH}:/home/agilex/limo_ros2_ws/install/nav2_gazebo_spawner:/opt/ros/foxy /usr/bin/cmake /home/agilex/limo_ros2_ws/src/image_pipeline/image_publisher -DCMAKE_INSTALL_PREFIX=/home/agilex/limo_ros2_ws/src/install/image_publisher
[0.272s] -- The C compiler identification is GNU 9.4.0
[0.412s] -- The CXX compiler identification is GNU 9.4.0
[0.432s] -- Check for working C compiler: /usr/bin/cc
[0.694s] -- Check for working C compiler: /usr/bin/cc -- works
[0.695s] -- Detecting C compiler ABI info
[0.917s] -- Detecting C compiler ABI info - done
[0.939s] -- Detecting C compile features
[0.939s] -- Detecting C compile features - done
[0.945s] -- Check for working CXX compiler: /usr/bin/c++
[1.166s] -- Check for working CXX compiler: /usr/bin/c++ -- works
[1.167s] -- Detecting CXX compiler ABI info
[1.390s] -- Detecting CXX compiler ABI info - done
[1.411s] -- Detecting CXX compile features
[1.412s] -- Detecting CXX compile features - done
[1.425s] -- Found ament_cmake_auto: 0.9.12 (/opt/ros/foxy/share/ament_cmake_auto/cmake)
[1.517s] -- Found PythonInterp: /usr/bin/python3 (found suitable version "3.8.10", minimum required is "3") 
[1.518s] -- Using PYTHON_EXECUTABLE: /usr/bin/python3
[2.088s] -- Found camera_info_manager: 2.4.0 (/opt/ros/foxy/share/camera_info_manager/cmake)
[2.315s] -- Using all available rosidl_typesupport_c: rosidl_typesupport_fastrtps_c;rosidl_typesupport_introspection_c
[2.351s] -- Found rosidl_adapter: 1.3.1 (/opt/ros/foxy/share/rosidl_adapter/cmake)
[2.769s] -- Found OpenSSL: /usr/lib/aarch64-linux-gnu/libcrypto.so (found version "1.1.1f")  
[2.856s] -- Found FastRTPS: /opt/ros/foxy/include  
[3.170s] -- Using all available rosidl_typesupport_cpp: rosidl_typesupport_fastrtps_cpp;rosidl_typesupport_introspection_cpp
[3.415s] -- Found rmw_implementation_cmake: 1.0.4 (/opt/ros/foxy/share/rmw_implementation_cmake/cmake)
[3.423s] -- Using RMW implementation 'rmw_fastrtps_cpp' as default
[3.425s] -- Looking for pthread.h
[3.745s] -- Looking for pthread.h - found
[3.745s] -- Performing Test CMAKE_HAVE_LIBC_PTHREAD
[4.018s] -- Performing Test CMAKE_HAVE_LIBC_PTHREAD - Failed
[4.019s] -- Looking for pthread_create in pthreads
[4.330s] -- Looking for pthread_create in pthreads - not found
[4.330s] -- Looking for pthread_create in pthread
[4.591s] -- Looking for pthread_create in pthread - found
[4.592s] -- Found Threads: TRUE  
[5.289s] -- Setting yaml-cpp_DIR to: '/opt/ros/foxy/share/yaml_cpp_vendor/cmake/../../../opt/yaml_cpp_vendor/lib/cmake/yaml-cpp'
[5.989s] -- Found OpenCV: /usr (found version "4.2.0") found components: core imgcodecs videoio 
[5.990s] -- opencv version 4.2.0
[6.380s] -- Found ament_lint_auto: 0.9.8 (/opt/ros/foxy/share/ament_lint_auto/cmake)
[6.518s] -- Added test 'copyright' to check source files copyright and LICENSE
[6.523s] -- Added test 'cppcheck' to perform static code analysis on C / C++ code
[6.523s] -- Configured cppcheck include dirs: /home/agilex/limo_ros2_ws/src/image_pipeline/image_publisher/include
[6.524s] -- Configured cppcheck exclude dirs and/or files: 
[6.528s] -- Added test 'cpplint' to check C / C++ code against the Google style
[6.528s] -- Configured cpplint exclude dirs and/or files: 
[6.531s] -- Added test 'flake8' to check Python code syntax and style conventions
[6.534s] -- Added test 'lint_cmake' to check CMake code style
[6.537s] -- Added test 'pep257' to check Python code against some of the style conventions in PEP 257
[6.541s] -- Added test 'uncrustify' to check C / C++ code style
[6.541s] -- Configured uncrustify additional arguments: 
[6.544s] -- Added test 'xmllint' to check XML markup files
[6.563s] -- Configuring done
[6.574s] CMake Error at /opt/ros/foxy/share/ament_cmake_auto/cmake/ament_auto_add_executable.cmake:66 (add_executable):
[6.574s]   Target "image_publisher_node" links to target
[6.574s]   "camera_info_manager::camera_info_manager" but the target was not found.
[6.574s]   Perhaps a find_package() call is missing for an IMPORTED target, or an
[6.574s]   ALIAS target is missing?
[6.574s] Call Stack (most recent call first):
[6.575s]   CMakeLists.txt:25 (ament_auto_add_executable)
[6.575s] 
[6.575s] 
[6.575s] CMake Error at /opt/ros/foxy/share/ament_cmake_auto/cmake/ament_auto_add_library.cmake:66 (add_library):
[6.575s]   Target "image_publisher" links to target
[6.575s]   "camera_info_manager::camera_info_manager" but the target was not found.
[6.575s]   Perhaps a find_package() call is missing for an IMPORTED target, or an
[6.575s]   ALIAS target is missing?
[6.576s] Call Stack (most recent call first):
[6.576s]   CMakeLists.txt:20 (ament_auto_add_library)
[6.576s] 
[6.576s] 
[6.679s] -- Generating done
[6.682s] CMake Generate step failed.  Build files cannot be regenerated correctly.
[6.722s] Invoked command in '/home/agilex/limo_ros2_ws/src/build/image_publisher' returned '1': CMAKE_PREFIX_PATH=${CMAKE_PREFIX_PATH}:/home/agilex/limo_ros2_ws/install/nav2_gazebo_spawner:/opt/ros/foxy /usr/bin/cmake /home/agilex/limo_ros2_ws/src/image_pipeline/image_publisher -DCMAKE_INSTALL_PREFIX=/home/agilex/limo_ros2_ws/src/install/image_publisher
