[0.120s] Invoking command in '/home/agilex/limo_ros2_ws/build/costmap_converter_msgs': CMAKE_PREFIX_PATH=${CMAKE_PREFIX_PATH}:/home/agilex/limo_ros2_ws/install/nav2_gazebo_spawner:/opt/ros/foxy /usr/bin/cmake --build /home/agilex/limo_ros2_ws/build/costmap_converter_msgs -- -j6 -l6
[0.353s] [ 10%] Built target costmap_converter_msgs__rosidl_generator_c
[0.387s] [ 12%] Built target costmap_converter_msgs__cpp
[0.577s] [ 23%] Built target costmap_converter_msgs__rosidl_typesupport_introspection_c
[0.598s] [ 38%] Built target costmap_converter_msgs__rosidl_typesupport_fastrtps_cpp
[0.602s] [ 43%] Built target costmap_converter_msgs__rosidl_typesupport_c
[0.626s] [ 53%] Built target costmap_converter_msgs__rosidl_typesupport_cpp
[0.634s] [ 64%] Built target costmap_converter_msgs__rosidl_typesupport_introspection_cpp
[0.740s] [ 74%] Built target costmap_converter_msgs__rosidl_typesupport_fastrtps_c
[0.810s] [ 74%] Built target costmap_converter_msgs
[0.886s] [ 76%] Built target costmap_converter_msgs__py
[0.975s] [ 84%] Built target costmap_converter_msgs__python
[1.107s] [ 89%] Built target costmap_converter_msgs__rosidl_typesupport_c__pyext
[1.126s] [ 94%] Built target costmap_converter_msgs__rosidl_typesupport_fastrtps_c__pyext
[1.140s] [100%] Built target costmap_converter_msgs__rosidl_typesupport_introspection_c__pyext
[1.249s] Invoked command in '/home/agilex/limo_ros2_ws/build/costmap_converter_msgs' returned '0': CMAKE_PREFIX_PATH=${CMAKE_PREFIX_PATH}:/home/agilex/limo_ros2_ws/install/nav2_gazebo_spawner:/opt/ros/foxy /usr/bin/cmake --build /home/agilex/limo_ros2_ws/build/costmap_converter_msgs -- -j6 -l6
[1.624s] Invoking command in '/home/agilex/limo_ros2_ws/build/costmap_converter_msgs': CMAKE_PREFIX_PATH=${CMAKE_PREFIX_PATH}:/home/agilex/limo_ros2_ws/install/nav2_gazebo_spawner:/opt/ros/foxy /usr/bin/cmake --install /home/agilex/limo_ros2_ws/build/costmap_converter_msgs
[1.665s] -- Install configuration: "Release"
[1.666s] -- Up-to-date: /home/agilex/limo_ros2_ws/install/costmap_converter_msgs/share/ament_index/resource_index/rosidl_interfaces/costmap_converter_msgs
[1.667s] -- Up-to-date: /home/agilex/limo_ros2_ws/install/costmap_converter_msgs/include/costmap_converter_msgs
[1.668s] -- Up-to-date: /home/agilex/limo_ros2_ws/install/costmap_converter_msgs/include/costmap_converter_msgs/msg
[1.668s] -- Up-to-date: /home/agilex/limo_ros2_ws/install/costmap_converter_msgs/include/costmap_converter_msgs/msg/rosidl_generator_c__visibility_control.h
[1.668s] -- Up-to-date: /home/agilex/limo_ros2_ws/install/costmap_converter_msgs/include/costmap_converter_msgs/msg/obstacle_array_msg.h
[1.668s] -- Up-to-date: /home/agilex/limo_ros2_ws/install/costmap_converter_msgs/include/costmap_converter_msgs/msg/obstacle_msg.h
[1.669s] -- Up-to-date: /home/agilex/limo_ros2_ws/install/costmap_converter_msgs/include/costmap_converter_msgs/msg/detail
[1.669s] -- Up-to-date: /home/agilex/limo_ros2_ws/install/costmap_converter_msgs/include/costmap_converter_msgs/msg/detail/obstacle_array_msg__functions.c
[1.669s] -- Up-to-date: /home/agilex/limo_ros2_ws/install/costmap_converter_msgs/include/costmap_converter_msgs/msg/detail/obstacle_msg__type_support.h
[1.670s] -- Up-to-date: /home/agilex/limo_ros2_ws/install/costmap_converter_msgs/include/costmap_converter_msgs/msg/detail/obstacle_msg__functions.c
[1.670s] -- Up-to-date: /home/agilex/limo_ros2_ws/install/costmap_converter_msgs/include/costmap_converter_msgs/msg/detail/obstacle_array_msg__struct.h
[1.671s] -- Up-to-date: /home/agilex/limo_ros2_ws/install/costmap_converter_msgs/include/costmap_converter_msgs/msg/detail/obstacle_msg__functions.h
[1.671s] -- Up-to-date: /home/agilex/limo_ros2_ws/install/costmap_converter_msgs/include/costmap_converter_msgs/msg/detail/obstacle_msg__struct.h
[1.671s] -- Up-to-date: /home/agilex/limo_ros2_ws/install/costmap_converter_msgs/include/costmap_converter_msgs/msg/detail/obstacle_array_msg__type_support.h
[1.672s] -- Up-to-date: /home/agilex/limo_ros2_ws/install/costmap_converter_msgs/include/costmap_converter_msgs/msg/detail/obstacle_array_msg__functions.h
[1.672s] -- Up-to-date: /home/agilex/limo_ros2_ws/install/costmap_converter_msgs/share/costmap_converter_msgs/environment/library_path.sh
[1.673s] -- Up-to-date: /home/agilex/limo_ros2_ws/install/costmap_converter_msgs/share/costmap_converter_msgs/environment/library_path.dsv
[1.679s] -- Up-to-date: /home/agilex/limo_ros2_ws/install/costmap_converter_msgs/lib/libcostmap_converter_msgs__rosidl_generator_c.so
[1.679s] -- Up-to-date: /home/agilex/limo_ros2_ws/install/costmap_converter_msgs/include/costmap_converter_msgs
[1.679s] -- Up-to-date: /home/agilex/limo_ros2_ws/install/costmap_converter_msgs/include/costmap_converter_msgs/msg
[1.681s] -- Up-to-date: /home/agilex/limo_ros2_ws/install/costmap_converter_msgs/include/costmap_converter_msgs/msg/rosidl_typesupport_fastrtps_c__visibility_control.h
[1.681s] -- Up-to-date: /home/agilex/limo_ros2_ws/install/costmap_converter_msgs/include/costmap_converter_msgs/msg/detail
[1.682s] -- Up-to-date: /home/agilex/limo_ros2_ws/install/costmap_converter_msgs/include/costmap_converter_msgs/msg/detail/obstacle_array_msg__rosidl_typesupport_fastrtps_c.h
[1.682s] -- Up-to-date: /home/agilex/limo_ros2_ws/install/costmap_converter_msgs/include/costmap_converter_msgs/msg/detail/obstacle_msg__rosidl_typesupport_fastrtps_c.h
[1.682s] -- Up-to-date: /home/agilex/limo_ros2_ws/install/costmap_converter_msgs/lib/libcostmap_converter_msgs__rosidl_typesupport_fastrtps_c.so
[1.682s] -- Up-to-date: /home/agilex/limo_ros2_ws/install/costmap_converter_msgs/include/costmap_converter_msgs
[1.682s] -- Up-to-date: /home/agilex/limo_ros2_ws/install/costmap_converter_msgs/include/costmap_converter_msgs/msg
[1.683s] -- Up-to-date: /home/agilex/limo_ros2_ws/install/costmap_converter_msgs/include/costmap_converter_msgs/msg/rosidl_typesupport_fastrtps_cpp__visibility_control.h
[1.683s] -- Up-to-date: /home/agilex/limo_ros2_ws/install/costmap_converter_msgs/include/costmap_converter_msgs/msg/detail
[1.683s] -- Up-to-date: /home/agilex/limo_ros2_ws/install/costmap_converter_msgs/include/costmap_converter_msgs/msg/detail/obstacle_array_msg__rosidl_typesupport_fastrtps_cpp.hpp
[1.683s] -- Up-to-date: /home/agilex/limo_ros2_ws/install/costmap_converter_msgs/include/costmap_converter_msgs/msg/detail/dds_fastrtps
[1.683s] -- Up-to-date: /home/agilex/limo_ros2_ws/install/costmap_converter_msgs/include/costmap_converter_msgs/msg/detail/obstacle_msg__rosidl_typesupport_fastrtps_cpp.hpp
[1.685s] -- Up-to-date: /home/agilex/limo_ros2_ws/install/costmap_converter_msgs/lib/libcostmap_converter_msgs__rosidl_typesupport_fastrtps_cpp.so
[1.686s] -- Up-to-date: /home/agilex/limo_ros2_ws/install/costmap_converter_msgs/include/costmap_converter_msgs
[1.686s] -- Up-to-date: /home/agilex/limo_ros2_ws/install/costmap_converter_msgs/include/costmap_converter_msgs/msg
[1.686s] -- Up-to-date: /home/agilex/limo_ros2_ws/install/costmap_converter_msgs/include/costmap_converter_msgs/msg/rosidl_typesupport_introspection_c__visibility_control.h
[1.686s] -- Up-to-date: /home/agilex/limo_ros2_ws/install/costmap_converter_msgs/include/costmap_converter_msgs/msg/detail
[1.686s] -- Up-to-date: /home/agilex/limo_ros2_ws/install/costmap_converter_msgs/include/costmap_converter_msgs/msg/detail/obstacle_msg__type_support.c
[1.686s] -- Up-to-date: /home/agilex/limo_ros2_ws/install/costmap_converter_msgs/include/costmap_converter_msgs/msg/detail/obstacle_msg__rosidl_typesupport_introspection_c.h
[1.687s] -- Up-to-date: /home/agilex/limo_ros2_ws/install/costmap_converter_msgs/include/costmap_converter_msgs/msg/detail/obstacle_array_msg__type_support.c
[1.687s] -- Up-to-date: /home/agilex/limo_ros2_ws/install/costmap_converter_msgs/include/costmap_converter_msgs/msg/detail/obstacle_array_msg__rosidl_typesupport_introspection_c.h
[1.687s] -- Up-to-date: /home/agilex/limo_ros2_ws/install/costmap_converter_msgs/lib/libcostmap_converter_msgs__rosidl_typesupport_introspection_c.so
[1.688s] -- Up-to-date: /home/agilex/limo_ros2_ws/install/costmap_converter_msgs/lib/libcostmap_converter_msgs__rosidl_typesupport_c.so
[1.689s] -- Up-to-date: /home/agilex/limo_ros2_ws/install/costmap_converter_msgs/include/costmap_converter_msgs
[1.689s] -- Up-to-date: /home/agilex/limo_ros2_ws/install/costmap_converter_msgs/include/costmap_converter_msgs/msg
[1.689s] -- Up-to-date: /home/agilex/limo_ros2_ws/install/costmap_converter_msgs/include/costmap_converter_msgs/msg/obstacle_array_msg.hpp
[1.689s] -- Up-to-date: /home/agilex/limo_ros2_ws/install/costmap_converter_msgs/include/costmap_converter_msgs/msg/rosidl_generator_cpp__visibility_control.hpp
[1.689s] -- Up-to-date: /home/agilex/limo_ros2_ws/install/costmap_converter_msgs/include/costmap_converter_msgs/msg/obstacle_msg.hpp
[1.690s] -- Up-to-date: /home/agilex/limo_ros2_ws/install/costmap_converter_msgs/include/costmap_converter_msgs/msg/detail
[1.690s] -- Up-to-date: /home/agilex/limo_ros2_ws/install/costmap_converter_msgs/include/costmap_converter_msgs/msg/detail/obstacle_array_msg__struct.hpp
[1.690s] -- Up-to-date: /home/agilex/limo_ros2_ws/install/costmap_converter_msgs/include/costmap_converter_msgs/msg/detail/obstacle_array_msg__traits.hpp
[1.690s] -- Up-to-date: /home/agilex/limo_ros2_ws/install/costmap_converter_msgs/include/costmap_converter_msgs/msg/detail/obstacle_msg__builder.hpp
[1.690s] -- Up-to-date: /home/agilex/limo_ros2_ws/install/costmap_converter_msgs/include/costmap_converter_msgs/msg/detail/obstacle_array_msg__type_support.hpp
[1.690s] -- Up-to-date: /home/agilex/limo_ros2_ws/install/costmap_converter_msgs/include/costmap_converter_msgs/msg/detail/obstacle_msg__type_support.hpp
[1.691s] -- Up-to-date: /home/agilex/limo_ros2_ws/install/costmap_converter_msgs/include/costmap_converter_msgs/msg/detail/obstacle_msg__traits.hpp
[1.691s] -- Up-to-date: /home/agilex/limo_ros2_ws/install/costmap_converter_msgs/include/costmap_converter_msgs/msg/detail/obstacle_array_msg__builder.hpp
[1.691s] -- Up-to-date: /home/agilex/limo_ros2_ws/install/costmap_converter_msgs/include/costmap_converter_msgs/msg/detail/obstacle_msg__struct.hpp
[1.691s] -- Up-to-date: /home/agilex/limo_ros2_ws/install/costmap_converter_msgs/include/costmap_converter_msgs
[1.691s] -- Up-to-date: /home/agilex/limo_ros2_ws/install/costmap_converter_msgs/include/costmap_converter_msgs/msg
[1.691s] -- Up-to-date: /home/agilex/limo_ros2_ws/install/costmap_converter_msgs/include/costmap_converter_msgs/msg/detail
[1.691s] -- Up-to-date: /home/agilex/limo_ros2_ws/install/costmap_converter_msgs/include/costmap_converter_msgs/msg/detail/obstacle_msg__rosidl_typesupport_introspection_cpp.hpp
[1.691s] -- Up-to-date: /home/agilex/limo_ros2_ws/install/costmap_converter_msgs/include/costmap_converter_msgs/msg/detail/obstacle_array_msg__type_support.cpp
[1.692s] -- Up-to-date: /home/agilex/limo_ros2_ws/install/costmap_converter_msgs/include/costmap_converter_msgs/msg/detail/obstacle_array_msg__rosidl_typesupport_introspection_cpp.hpp
[1.692s] -- Up-to-date: /home/agilex/limo_ros2_ws/install/costmap_converter_msgs/include/costmap_converter_msgs/msg/detail/obstacle_msg__type_support.cpp
[1.693s] -- Up-to-date: /home/agilex/limo_ros2_ws/install/costmap_converter_msgs/lib/libcostmap_converter_msgs__rosidl_typesupport_introspection_cpp.so
[1.694s] -- Up-to-date: /home/agilex/limo_ros2_ws/install/costmap_converter_msgs/lib/libcostmap_converter_msgs__rosidl_typesupport_cpp.so
[1.700s] -- Up-to-date: /home/agilex/limo_ros2_ws/install/costmap_converter_msgs/share/costmap_converter_msgs/environment/pythonpath.sh
[1.700s] -- Up-to-date: /home/agilex/limo_ros2_ws/install/costmap_converter_msgs/share/costmap_converter_msgs/environment/pythonpath.dsv
[1.700s] -- Up-to-date: /home/agilex/limo_ros2_ws/install/costmap_converter_msgs/lib/python3.8/site-packages/costmap_converter_msgs/__init__.py
[1.851s] -- Up-to-date: /home/agilex/limo_ros2_ws/install/costmap_converter_msgs/lib/python3.8/site-packages/costmap_converter_msgs/msg
[1.852s] -- Up-to-date: /home/agilex/limo_ros2_ws/install/costmap_converter_msgs/lib/python3.8/site-packages/costmap_converter_msgs/msg/__init__.py
[1.852s] -- Up-to-date: /home/agilex/limo_ros2_ws/install/costmap_converter_msgs/lib/python3.8/site-packages/costmap_converter_msgs/msg/_obstacle_array_msg.py
[1.853s] -- Up-to-date: /home/agilex/limo_ros2_ws/install/costmap_converter_msgs/lib/python3.8/site-packages/costmap_converter_msgs/msg/_obstacle_msg.py
[1.853s] -- Up-to-date: /home/agilex/limo_ros2_ws/install/costmap_converter_msgs/lib/python3.8/site-packages/costmap_converter_msgs/msg/_obstacle_array_msg_s.c
[1.853s] -- Up-to-date: /home/agilex/limo_ros2_ws/install/costmap_converter_msgs/lib/python3.8/site-packages/costmap_converter_msgs/msg/_obstacle_msg_s.c
[1.853s] -- Up-to-date: /home/agilex/limo_ros2_ws/install/costmap_converter_msgs/lib/python3.8/site-packages/costmap_converter_msgs/costmap_converter_msgs_s__rosidl_typesupport_fastrtps_c.cpython-38-aarch64-linux-gnu.so
[1.854s] -- Up-to-date: /home/agilex/limo_ros2_ws/install/costmap_converter_msgs/lib/python3.8/site-packages/costmap_converter_msgs/costmap_converter_msgs_s__rosidl_typesupport_introspection_c.cpython-38-aarch64-linux-gnu.so
[1.855s] -- Up-to-date: /home/agilex/limo_ros2_ws/install/costmap_converter_msgs/lib/python3.8/site-packages/costmap_converter_msgs/costmap_converter_msgs_s__rosidl_typesupport_c.cpython-38-aarch64-linux-gnu.so
[1.857s] -- Up-to-date: /home/agilex/limo_ros2_ws/install/costmap_converter_msgs/lib/libcostmap_converter_msgs__python.so
[1.858s] -- Up-to-date: /home/agilex/limo_ros2_ws/install/costmap_converter_msgs/share/costmap_converter_msgs/msg/ObstacleMsg.idl
[1.858s] -- Up-to-date: /home/agilex/limo_ros2_ws/install/costmap_converter_msgs/share/costmap_converter_msgs/msg/ObstacleArrayMsg.idl
[1.858s] -- Up-to-date: /home/agilex/limo_ros2_ws/install/costmap_converter_msgs/share/costmap_converter_msgs/msg/ObstacleMsg.msg
[1.859s] -- Up-to-date: /home/agilex/limo_ros2_ws/install/costmap_converter_msgs/share/costmap_converter_msgs/msg/ObstacleArrayMsg.msg
[1.859s] -- Up-to-date: /home/agilex/limo_ros2_ws/install/costmap_converter_msgs/share/ament_index/resource_index/package_run_dependencies/costmap_converter_msgs
[1.859s] -- Up-to-date: /home/agilex/limo_ros2_ws/install/costmap_converter_msgs/share/ament_index/resource_index/parent_prefix_path/costmap_converter_msgs
[1.859s] -- Up-to-date: /home/agilex/limo_ros2_ws/install/costmap_converter_msgs/share/costmap_converter_msgs/environment/ament_prefix_path.sh
[1.859s] -- Up-to-date: /home/agilex/limo_ros2_ws/install/costmap_converter_msgs/share/costmap_converter_msgs/environment/ament_prefix_path.dsv
[1.860s] -- Up-to-date: /home/agilex/limo_ros2_ws/install/costmap_converter_msgs/share/costmap_converter_msgs/environment/path.sh
[1.860s] -- Up-to-date: /home/agilex/limo_ros2_ws/install/costmap_converter_msgs/share/costmap_converter_msgs/environment/path.dsv
[1.860s] -- Up-to-date: /home/agilex/limo_ros2_ws/install/costmap_converter_msgs/share/costmap_converter_msgs/local_setup.bash
[1.860s] -- Up-to-date: /home/agilex/limo_ros2_ws/install/costmap_converter_msgs/share/costmap_converter_msgs/local_setup.sh
[1.861s] -- Up-to-date: /home/agilex/limo_ros2_ws/install/costmap_converter_msgs/share/costmap_converter_msgs/local_setup.zsh
[1.861s] -- Up-to-date: /home/agilex/limo_ros2_ws/install/costmap_converter_msgs/share/costmap_converter_msgs/local_setup.dsv
[1.861s] -- Installing: /home/agilex/limo_ros2_ws/install/costmap_converter_msgs/share/costmap_converter_msgs/package.dsv
[1.861s] -- Up-to-date: /home/agilex/limo_ros2_ws/install/costmap_converter_msgs/share/ament_index/resource_index/packages/costmap_converter_msgs
[1.873s] -- Up-to-date: /home/agilex/limo_ros2_ws/install/costmap_converter_msgs/share/costmap_converter_msgs/cmake/costmap_converter_msgs__rosidl_generator_cExport.cmake
[1.874s] -- Up-to-date: /home/agilex/limo_ros2_ws/install/costmap_converter_msgs/share/costmap_converter_msgs/cmake/costmap_converter_msgs__rosidl_generator_cExport-release.cmake
[1.875s] -- Up-to-date: /home/agilex/limo_ros2_ws/install/costmap_converter_msgs/share/costmap_converter_msgs/cmake/costmap_converter_msgs__rosidl_typesupport_introspection_cExport.cmake
[1.876s] -- Up-to-date: /home/agilex/limo_ros2_ws/install/costmap_converter_msgs/share/costmap_converter_msgs/cmake/costmap_converter_msgs__rosidl_typesupport_introspection_cExport-release.cmake
[1.877s] -- Up-to-date: /home/agilex/limo_ros2_ws/install/costmap_converter_msgs/share/costmap_converter_msgs/cmake/costmap_converter_msgs__rosidl_typesupport_cExport.cmake
[1.877s] -- Up-to-date: /home/agilex/limo_ros2_ws/install/costmap_converter_msgs/share/costmap_converter_msgs/cmake/costmap_converter_msgs__rosidl_typesupport_cExport-release.cmake
[1.878s] -- Up-to-date: /home/agilex/limo_ros2_ws/install/costmap_converter_msgs/share/costmap_converter_msgs/cmake/costmap_converter_msgs__rosidl_generator_cppExport.cmake
[1.881s] -- Up-to-date: /home/agilex/limo_ros2_ws/install/costmap_converter_msgs/share/costmap_converter_msgs/cmake/costmap_converter_msgs__rosidl_typesupport_introspection_cppExport.cmake
[1.882s] -- Up-to-date: /home/agilex/limo_ros2_ws/install/costmap_converter_msgs/share/costmap_converter_msgs/cmake/costmap_converter_msgs__rosidl_typesupport_introspection_cppExport-release.cmake
[1.882s] -- Up-to-date: /home/agilex/limo_ros2_ws/install/costmap_converter_msgs/share/costmap_converter_msgs/cmake/costmap_converter_msgs__rosidl_typesupport_cppExport.cmake
[1.882s] -- Up-to-date: /home/agilex/limo_ros2_ws/install/costmap_converter_msgs/share/costmap_converter_msgs/cmake/costmap_converter_msgs__rosidl_typesupport_cppExport-release.cmake
[1.882s] -- Up-to-date: /home/agilex/limo_ros2_ws/install/costmap_converter_msgs/share/costmap_converter_msgs/cmake/rosidl_cmake-extras.cmake
[1.885s] -- Up-to-date: /home/agilex/limo_ros2_ws/install/costmap_converter_msgs/share/costmap_converter_msgs/cmake/ament_cmake_export_dependencies-extras.cmake
[1.885s] -- Up-to-date: /home/agilex/limo_ros2_ws/install/costmap_converter_msgs/share/costmap_converter_msgs/cmake/ament_cmake_export_libraries-extras.cmake
[1.885s] -- Up-to-date: /home/agilex/limo_ros2_ws/install/costmap_converter_msgs/share/costmap_converter_msgs/cmake/ament_cmake_export_targets-extras.cmake
[1.885s] -- Up-to-date: /home/agilex/limo_ros2_ws/install/costmap_converter_msgs/share/costmap_converter_msgs/cmake/ament_cmake_export_include_directories-extras.cmake
[1.885s] -- Up-to-date: /home/agilex/limo_ros2_ws/install/costmap_converter_msgs/share/costmap_converter_msgs/cmake/rosidl_cmake_export_typesupport_libraries-extras.cmake
[1.886s] -- Up-to-date: /home/agilex/limo_ros2_ws/install/costmap_converter_msgs/share/costmap_converter_msgs/cmake/rosidl_cmake_export_typesupport_targets-extras.cmake
[1.886s] -- Up-to-date: /home/agilex/limo_ros2_ws/install/costmap_converter_msgs/share/costmap_converter_msgs/cmake/costmap_converter_msgsConfig.cmake
[1.886s] -- Up-to-date: /home/agilex/limo_ros2_ws/install/costmap_converter_msgs/share/costmap_converter_msgs/cmake/costmap_converter_msgsConfig-version.cmake
[1.886s] -- Up-to-date: /home/agilex/limo_ros2_ws/install/costmap_converter_msgs/share/costmap_converter_msgs/package.xml
[1.893s] Invoked command in '/home/agilex/limo_ros2_ws/build/costmap_converter_msgs' returned '0': CMAKE_PREFIX_PATH=${CMAKE_PREFIX_PATH}:/home/agilex/limo_ros2_ws/install/nav2_gazebo_spawner:/opt/ros/foxy /usr/bin/cmake --install /home/agilex/limo_ros2_ws/build/costmap_converter_msgs
