[0.093s] Invoking command in '/home/agilex/limo_ros2_ws/src/build/orbbec_camera': AMENT_PREFIX_PATH=/home/agilex/limo_ros2_ws/src/install/orbbec_camera_msgs:${AMENT_PREFIX_PATH} CMAKE_PREFIX_PATH=/home/agilex/limo_ros2_ws/src/install/orbbec_camera_msgs:/home/agilex/limo_ros2_ws/install/ydlidar_sdk:/home/agilex/limo_ros2_ws/install/ydlidar_ros2_driver:/home/agilex/limo_ros2_ws/install/teb_local_planner:/home/agilex/limo_ros2_ws/install/teb_msgs:/home/agilex/limo_ros2_ws/install/nav2_system_tests:/home/agilex/limo_ros2_ws/install/nav2_bringup:/home/agilex/limo_ros2_ws/install/navigation2:/home/agilex/limo_ros2_ws/install/smac_planner:/home/agilex/limo_ros2_ws/install/rf2o_laser_odometry:/home/agilex/limo_ros2_ws/install/orbbec_description:/home/agilex/limo_ros2_ws/install/orbbec_camera:/home/agilex/limo_ros2_ws/install/orbbec_camera_msgs:/home/agilex/limo_ros2_ws/install/nav2_dwb_controller:/home/agilex/limo_ros2_ws/install/nav2_controller:/home/agilex/limo_ros2_ws/install/dwb_plugins:/home/agilex/limo_ros2_ws/install/dwb_critics:/home/agilex/limo_ros2_ws/install/dwb_core:/home/agilex/limo_ros2_ws/install/nav_2d_utils:/home/agilex/limo_ros2_ws/install/dwb_msgs:/home/agilex/limo_ros2_ws/install/nav_2d_msgs:/home/agilex/limo_ros2_ws/install/nav2_waypoint_follower:/home/agilex/limo_ros2_ws/install/nav2_regulated_pure_pursuit_controller:/home/agilex/limo_ros2_ws/install/nav2_recoveries:/home/agilex/limo_ros2_ws/install/nav2_planner:/home/agilex/limo_ros2_ws/install/nav2_navfn_planner:/home/agilex/limo_ros2_ws/install/nav2_core:/home/agilex/limo_ros2_ws/install/costmap_queue:/home/agilex/limo_ros2_ws/install/costmap_converter:/home/agilex/limo_ros2_ws/install/nav2_costmap_2d:/home/agilex/limo_ros2_ws/install/nav2_voxel_grid:/home/agilex/limo_ros2_ws/install/nav2_rviz_plugins:/home/agilex/limo_ros2_ws/install/nav2_map_server:/home/agilex/limo_ros2_ws/install/nav2_lifecycle_manager:/home/agilex/limo_ros2_ws/install/nav2_bt_navigator:/home/agilex/limo_ros2_ws/install/nav2_behavior_tree:/home/agilex/limo_ros2_ws/install/nav2_amcl:/home/agilex/limo_ros2_ws/install/nav2_util:/home/agilex/limo_ros2_ws/install/nav2_msgs:/home/agilex/limo_ros2_ws/install/nav2_common:/home/agilex/limo_ros2_ws/install/magic_enum:/home/agilex/limo_ros2_ws/install/limo_visions:/home/agilex/limo_ros2_ws/install/limo_bringup:/home/agilex/limo_ros2_ws/install/limo_base:/home/agilex/limo_ros2_ws/install/limo_msgs:/home/agilex/limo_ros2_ws/install/limo_description:/home/agilex/limo_ros2_ws/install/libuvc:/home/agilex/limo_ros2_ws/install/glog:/home/agilex/limo_ros2_ws/install/costmap_converter_msgs:/home/agilex/limo_ros2_ws/install/astra_camera:/home/agilex/limo_ros2_ws/install/astra_camera_msgs:/home/agilex/limo_ros2_ws/install/nav2_gazebo_spawner:/opt/ros/foxy LD_LIBRARY_PATH=/home/agilex/limo_ros2_ws/src/install/orbbec_camera_msgs/lib:${LD_LIBRARY_PATH} PYTHONPATH=/home/agilex/limo_ros2_ws/src/install/orbbec_camera_msgs/lib/python3.8/site-packages:${PYTHONPATH} /usr/bin/cmake /home/agilex/limo_ros2_ws/src/OrbbecSDK_ROS2/orbbec_camera -DCMAKE_INSTALL_PREFIX=/home/agilex/limo_ros2_ws/src/install/orbbec_camera
[1.367s] -- The C compiler identification is GNU 9.4.0
[1.367s] -- The CXX compiler identification is GNU 9.4.0
[1.368s] -- Check for working C compiler: /usr/bin/cc
[1.368s] -- Check for working C compiler: /usr/bin/cc -- works
[1.368s] -- Detecting C compiler ABI info
[1.368s] -- Detecting C compiler ABI info - done
[1.368s] -- Detecting C compile features
[1.368s] -- Detecting C compile features - done
[1.368s] -- Check for working CXX compiler: /usr/bin/c++
[1.369s] -- Check for working CXX compiler: /usr/bin/c++ -- works
[1.369s] -- Detecting CXX compiler ABI info
[1.613s] -- Detecting CXX compiler ABI info - done
[1.631s] -- Detecting CXX compile features
[1.633s] -- Detecting CXX compile features - done
[1.647s] -- Found ament_cmake: 0.9.12 (/opt/ros/foxy/share/ament_cmake/cmake)
[1.737s] -- Found PythonInterp: /usr/bin/python3 (found suitable version "3.8.10", minimum required is "3") 
[1.738s] -- Using PYTHON_EXECUTABLE: /usr/bin/python3
[2.356s] -- Found ament_index_cpp: 1.1.0 (/opt/ros/foxy/share/ament_index_cpp/cmake)
[2.388s] -- Found builtin_interfaces: 1.0.0 (/opt/ros/foxy/share/builtin_interfaces/cmake)
[2.508s] -- Using all available rosidl_typesupport_c: rosidl_typesupport_fastrtps_c;rosidl_typesupport_introspection_c
[2.547s] -- Found rosidl_adapter: 1.3.1 (/opt/ros/foxy/share/rosidl_adapter/cmake)
[2.870s] -- Found OpenSSL: /usr/lib/aarch64-linux-gnu/libcrypto.so (found version "1.1.1f")  
[2.954s] -- Found FastRTPS: /opt/ros/foxy/include  
[3.195s] -- Using all available rosidl_typesupport_cpp: rosidl_typesupport_fastrtps_cpp;rosidl_typesupport_introspection_cpp
[3.279s] -- Found cv_bridge: 3.0.7 (/opt/ros/foxy/share/cv_bridge/cmake)
[3.643s] -- Found camera_info_manager: 2.4.0 (/opt/ros/foxy/share/camera_info_manager/cmake)
[3.833s] -- Found rmw_implementation_cmake: 1.0.4 (/opt/ros/foxy/share/rmw_implementation_cmake/cmake)
[3.840s] -- Using RMW implementation 'rmw_fastrtps_cpp' as default
[3.842s] -- Looking for pthread.h
[4.053s] -- Looking for pthread.h - found
[4.053s] -- Performing Test CMAKE_HAVE_LIBC_PTHREAD
[4.251s] -- Performing Test CMAKE_HAVE_LIBC_PTHREAD - Failed
[4.253s] -- Looking for pthread_create in pthreads
[4.428s] -- Looking for pthread_create in pthreads - not found
[4.433s] -- Looking for pthread_create in pthread
[4.625s] -- Looking for pthread_create in pthread - found
[4.627s] -- Found Threads: TRUE  
[4.993s] -- Setting yaml-cpp_DIR to: '/opt/ros/foxy/share/yaml_cpp_vendor/cmake/../../../opt/yaml_cpp_vendor/lib/cmake/yaml-cpp'
[5.141s] -- Found image_transport: 2.4.0 (/opt/ros/foxy/share/image_transport/cmake)
[5.300s] -- Found image_publisher: 2.3.0 (/opt/ros/foxy/share/image_publisher/cmake)
[5.585s] -- Found OpenCV: /usr (found version "4.2.0") 
[5.586s] -- Found orbbec_camera_msgs: 1.2.2 (/home/agilex/limo_ros2_ws/src/install/orbbec_camera_msgs/share/orbbec_camera_msgs/cmake)
[5.801s] -- Found std_srvs: 2.0.5 (/opt/ros/foxy/share/std_srvs/cmake)
[5.830s] -- Found tf2: 0.13.14 (/opt/ros/foxy/share/tf2/cmake)
[5.858s] -- Found tf2_eigen: 0.13.14 (/opt/ros/foxy/share/tf2_eigen/cmake)
[6.452s] -- Found tf2_sensor_msgs: 0.13.14 (/opt/ros/foxy/share/tf2_sensor_msgs/cmake)
[6.497s] -- Found diagnostic_updater: 3.1.2 (/opt/ros/foxy/share/diagnostic_updater/cmake)
[6.647s] -- Found backward_ros: 1.0.1 (/opt/ros/foxy/share/backward_ros/cmake)
[6.659s] -- Found libdw: /usr/lib/aarch64-linux-gnu/libdw.so  
[6.671s] -- Could NOT find libbfd (missing: LIBBFD_LIBRARY LIBBFD_INCLUDE_DIR) 
[6.672s] -- BACKWARD_HAS_UNWIND=1
[6.672s] -- BACKWARD_HAS_BACKTRACE=0
[6.672s] -- BACKWARD_HAS_BACKTRACE_SYMBOL=0
[6.672s] -- BACKWARD_HAS_DW=1
[6.672s] -- BACKWARD_HAS_BFD=0
[6.674s] -- Found Backward: /opt/ros/foxy/share/backward_ros/cmake  
[6.684s] -- Found PkgConfig: /usr/bin/pkg-config (found version "0.29.1") 
[6.698s] -- ORRBEC Machine : aarch64
[6.698s] 
[6.698s] -- ORRBEC Machine Bits : 64
[6.698s] 
[11.473s] -- Found ament_lint_auto: 0.9.8 (/opt/ros/foxy/share/ament_lint_auto/cmake)
[11.649s] -- Configuring done
[12.154s] -- Generating done
[12.159s] -- Build files have been written to: /home/agilex/limo_ros2_ws/src/build/orbbec_camera
[12.194s] Invoked command in '/home/agilex/limo_ros2_ws/src/build/orbbec_camera' returned '0': AMENT_PREFIX_PATH=/home/agilex/limo_ros2_ws/src/install/orbbec_camera_msgs:${AMENT_PREFIX_PATH} CMAKE_PREFIX_PATH=/home/agilex/limo_ros2_ws/src/install/orbbec_camera_msgs:/home/agilex/limo_ros2_ws/install/ydlidar_sdk:/home/agilex/limo_ros2_ws/install/ydlidar_ros2_driver:/home/agilex/limo_ros2_ws/install/teb_local_planner:/home/agilex/limo_ros2_ws/install/teb_msgs:/home/agilex/limo_ros2_ws/install/nav2_system_tests:/home/agilex/limo_ros2_ws/install/nav2_bringup:/home/agilex/limo_ros2_ws/install/navigation2:/home/agilex/limo_ros2_ws/install/smac_planner:/home/agilex/limo_ros2_ws/install/rf2o_laser_odometry:/home/agilex/limo_ros2_ws/install/orbbec_description:/home/agilex/limo_ros2_ws/install/orbbec_camera:/home/agilex/limo_ros2_ws/install/orbbec_camera_msgs:/home/agilex/limo_ros2_ws/install/nav2_dwb_controller:/home/agilex/limo_ros2_ws/install/nav2_controller:/home/agilex/limo_ros2_ws/install/dwb_plugins:/home/agilex/limo_ros2_ws/install/dwb_critics:/home/agilex/limo_ros2_ws/install/dwb_core:/home/agilex/limo_ros2_ws/install/nav_2d_utils:/home/agilex/limo_ros2_ws/install/dwb_msgs:/home/agilex/limo_ros2_ws/install/nav_2d_msgs:/home/agilex/limo_ros2_ws/install/nav2_waypoint_follower:/home/agilex/limo_ros2_ws/install/nav2_regulated_pure_pursuit_controller:/home/agilex/limo_ros2_ws/install/nav2_recoveries:/home/agilex/limo_ros2_ws/install/nav2_planner:/home/agilex/limo_ros2_ws/install/nav2_navfn_planner:/home/agilex/limo_ros2_ws/install/nav2_core:/home/agilex/limo_ros2_ws/install/costmap_queue:/home/agilex/limo_ros2_ws/install/costmap_converter:/home/agilex/limo_ros2_ws/install/nav2_costmap_2d:/home/agilex/limo_ros2_ws/install/nav2_voxel_grid:/home/agilex/limo_ros2_ws/install/nav2_rviz_plugins:/home/agilex/limo_ros2_ws/install/nav2_map_server:/home/agilex/limo_ros2_ws/install/nav2_lifecycle_manager:/home/agilex/limo_ros2_ws/install/nav2_bt_navigator:/home/agilex/limo_ros2_ws/install/nav2_behavior_tree:/home/agilex/limo_ros2_ws/install/nav2_amcl:/home/agilex/limo_ros2_ws/install/nav2_util:/home/agilex/limo_ros2_ws/install/nav2_msgs:/home/agilex/limo_ros2_ws/install/nav2_common:/home/agilex/limo_ros2_ws/install/magic_enum:/home/agilex/limo_ros2_ws/install/limo_visions:/home/agilex/limo_ros2_ws/install/limo_bringup:/home/agilex/limo_ros2_ws/install/limo_base:/home/agilex/limo_ros2_ws/install/limo_msgs:/home/agilex/limo_ros2_ws/install/limo_description:/home/agilex/limo_ros2_ws/install/libuvc:/home/agilex/limo_ros2_ws/install/glog:/home/agilex/limo_ros2_ws/install/costmap_converter_msgs:/home/agilex/limo_ros2_ws/install/astra_camera:/home/agilex/limo_ros2_ws/install/astra_camera_msgs:/home/agilex/limo_ros2_ws/install/nav2_gazebo_spawner:/opt/ros/foxy LD_LIBRARY_PATH=/home/agilex/limo_ros2_ws/src/install/orbbec_camera_msgs/lib:${LD_LIBRARY_PATH} PYTHONPATH=/home/agilex/limo_ros2_ws/src/install/orbbec_camera_msgs/lib/python3.8/site-packages:${PYTHONPATH} /usr/bin/cmake /home/agilex/limo_ros2_ws/src/OrbbecSDK_ROS2/orbbec_camera -DCMAKE_INSTALL_PREFIX=/home/agilex/limo_ros2_ws/src/install/orbbec_camera
[12.203s] Invoking command in '/home/agilex/limo_ros2_ws/src/build/orbbec_camera': AMENT_PREFIX_PATH=/home/agilex/limo_ros2_ws/src/install/orbbec_camera_msgs:${AMENT_PREFIX_PATH} CMAKE_PREFIX_PATH=/home/agilex/limo_ros2_ws/src/install/orbbec_camera_msgs:/home/agilex/limo_ros2_ws/install/ydlidar_sdk:/home/agilex/limo_ros2_ws/install/ydlidar_ros2_driver:/home/agilex/limo_ros2_ws/install/teb_local_planner:/home/agilex/limo_ros2_ws/install/teb_msgs:/home/agilex/limo_ros2_ws/install/nav2_system_tests:/home/agilex/limo_ros2_ws/install/nav2_bringup:/home/agilex/limo_ros2_ws/install/navigation2:/home/agilex/limo_ros2_ws/install/smac_planner:/home/agilex/limo_ros2_ws/install/rf2o_laser_odometry:/home/agilex/limo_ros2_ws/install/orbbec_description:/home/agilex/limo_ros2_ws/install/orbbec_camera:/home/agilex/limo_ros2_ws/install/orbbec_camera_msgs:/home/agilex/limo_ros2_ws/install/nav2_dwb_controller:/home/agilex/limo_ros2_ws/install/nav2_controller:/home/agilex/limo_ros2_ws/install/dwb_plugins:/home/agilex/limo_ros2_ws/install/dwb_critics:/home/agilex/limo_ros2_ws/install/dwb_core:/home/agilex/limo_ros2_ws/install/nav_2d_utils:/home/agilex/limo_ros2_ws/install/dwb_msgs:/home/agilex/limo_ros2_ws/install/nav_2d_msgs:/home/agilex/limo_ros2_ws/install/nav2_waypoint_follower:/home/agilex/limo_ros2_ws/install/nav2_regulated_pure_pursuit_controller:/home/agilex/limo_ros2_ws/install/nav2_recoveries:/home/agilex/limo_ros2_ws/install/nav2_planner:/home/agilex/limo_ros2_ws/install/nav2_navfn_planner:/home/agilex/limo_ros2_ws/install/nav2_core:/home/agilex/limo_ros2_ws/install/costmap_queue:/home/agilex/limo_ros2_ws/install/costmap_converter:/home/agilex/limo_ros2_ws/install/nav2_costmap_2d:/home/agilex/limo_ros2_ws/install/nav2_voxel_grid:/home/agilex/limo_ros2_ws/install/nav2_rviz_plugins:/home/agilex/limo_ros2_ws/install/nav2_map_server:/home/agilex/limo_ros2_ws/install/nav2_lifecycle_manager:/home/agilex/limo_ros2_ws/install/nav2_bt_navigator:/home/agilex/limo_ros2_ws/install/nav2_behavior_tree:/home/agilex/limo_ros2_ws/install/nav2_amcl:/home/agilex/limo_ros2_ws/install/nav2_util:/home/agilex/limo_ros2_ws/install/nav2_msgs:/home/agilex/limo_ros2_ws/install/nav2_common:/home/agilex/limo_ros2_ws/install/magic_enum:/home/agilex/limo_ros2_ws/install/limo_visions:/home/agilex/limo_ros2_ws/install/limo_bringup:/home/agilex/limo_ros2_ws/install/limo_base:/home/agilex/limo_ros2_ws/install/limo_msgs:/home/agilex/limo_ros2_ws/install/limo_description:/home/agilex/limo_ros2_ws/install/libuvc:/home/agilex/limo_ros2_ws/install/glog:/home/agilex/limo_ros2_ws/install/costmap_converter_msgs:/home/agilex/limo_ros2_ws/install/astra_camera:/home/agilex/limo_ros2_ws/install/astra_camera_msgs:/home/agilex/limo_ros2_ws/install/nav2_gazebo_spawner:/opt/ros/foxy LD_LIBRARY_PATH=/home/agilex/limo_ros2_ws/src/install/orbbec_camera_msgs/lib:${LD_LIBRARY_PATH} PYTHONPATH=/home/agilex/limo_ros2_ws/src/install/orbbec_camera_msgs/lib/python3.8/site-packages:${PYTHONPATH} /usr/bin/cmake --build /home/agilex/limo_ros2_ws/src/build/orbbec_camera -- -j6 -l6
[12.345s] [35m[1mScanning dependencies of target orbbec_camera[0m
[12.713s] [  4%] [32mBuilding CXX object CMakeFiles/orbbec_camera.dir/src/d2c_viewer.cpp.o[0m
[17.793s] [  8%] [32mBuilding CXX object CMakeFiles/orbbec_camera.dir/src/image_publisher.cpp.o[0m
[18.885s] [ 12%] [32mBuilding CXX object CMakeFiles/orbbec_camera.dir/src/dynamic_params.cpp.o[0m
[56.683s] [ 16%] [32mBuilding CXX object CMakeFiles/orbbec_camera.dir/src/ob_camera_node.cpp.o[0m
[82.739s] [ 20%] [32mBuilding CXX object CMakeFiles/orbbec_camera.dir/src/ros_param_backend.cpp.o[0m
[83.812s] [ 24%] [32mBuilding CXX object CMakeFiles/orbbec_camera.dir/src/ob_camera_node_driver.cpp.o[0m
[97.166s] [ 28%] [32mBuilding CXX object CMakeFiles/orbbec_camera.dir/src/ros_service.cpp.o[0m
[119.083s] [ 32%] [32mBuilding CXX object CMakeFiles/orbbec_camera.dir/src/synced_imu_publisher.cpp.o[0m
[131.939s] [ 36%] [32mBuilding CXX object CMakeFiles/orbbec_camera.dir/src/utils.cpp.o[0m
[157.216s] [ 40%] [32mBuilding CXX object CMakeFiles/orbbec_camera.dir/src/jpeg_decoder.cpp.o[0m
[170.449s] [ 44%] [32m[1mLinking CXX shared library liborbbec_camera.so[0m
[171.613s] [ 44%] Built target orbbec_camera
[171.650s] [35m[1mScanning dependencies of target frame_latency_node[0m
[171.734s] [ 48%] [32mBuilding CXX object CMakeFiles/frame_latency_node.dir/rclcpp_components/node_main_frame_latency_node.cpp.o[0m
[177.730s] [35m[1mScanning dependencies of target list_depth_work_mode_node[0m
[177.927s] [35m[1mScanning dependencies of target list_devices_node[0m
[177.953s] [ 52%] [32mBuilding CXX object CMakeFiles/list_depth_work_mode_node.dir/tools/list_depth_work_mode.cpp.o[0m
[178.184s] [ 56%] [32mBuilding CXX object CMakeFiles/list_devices_node.dir/tools/list_devices_node.cpp.o[0m
[178.246s] [ 60%] [32m[1mLinking CXX executable frame_latency_node[0m
[178.568s] [ 60%] Built target frame_latency_node
[178.613s] [35m[1mScanning dependencies of target list_camera_profile_mode_node[0m
[178.832s] [ 64%] [32mBuilding CXX object CMakeFiles/list_camera_profile_mode_node.dir/tools/list_camera_profile.cpp.o[0m
[200.915s] [ 68%] [32m[1mLinking CXX executable list_devices_node[0m
[200.978s] [ 72%] [32m[1mLinking CXX executable list_depth_work_mode_node[0m
[202.155s] [ 72%] Built target list_depth_work_mode_node
[203.529s] [ 72%] Built target list_devices_node
[205.283s] [ 76%] [32m[1mLinking CXX executable list_camera_profile_mode_node[0m
[207.500s] [ 76%] Built target list_camera_profile_mode_node
[207.575s] [35m[1mScanning dependencies of target topic_statistics_node[0m
[207.734s] [ 80%] [32mBuilding CXX object CMakeFiles/topic_statistics_node.dir/tools/topic_statistics.cpp.o[0m
[230.135s] [ 84%] [32m[1mLinking CXX executable topic_statistics_node[0m
[230.779s] [ 84%] Built target topic_statistics_node
[230.827s] [35m[1mScanning dependencies of target frame_latency[0m
[230.946s] [ 88%] [32mBuilding CXX object CMakeFiles/frame_latency.dir/tools/frame_latency.cpp.o[0m
[288.253s] [ 92%] [32m[1mLinking CXX shared library libframe_latency.so[0m
[289.008s] [ 92%] Built target frame_latency
[289.048s] [35m[1mScanning dependencies of target orbbec_camera_node[0m
[289.151s] [ 96%] [32mBuilding CXX object CMakeFiles/orbbec_camera_node.dir/rclcpp_components/node_main_orbbec_camera_node.cpp.o[0m
[296.399s] [100%] [32m[1mLinking CXX executable orbbec_camera_node[0m
[296.709s] [100%] Built target orbbec_camera_node
[296.758s] Invoked command in '/home/agilex/limo_ros2_ws/src/build/orbbec_camera' returned '0': AMENT_PREFIX_PATH=/home/agilex/limo_ros2_ws/src/install/orbbec_camera_msgs:${AMENT_PREFIX_PATH} CMAKE_PREFIX_PATH=/home/agilex/limo_ros2_ws/src/install/orbbec_camera_msgs:/home/agilex/limo_ros2_ws/install/ydlidar_sdk:/home/agilex/limo_ros2_ws/install/ydlidar_ros2_driver:/home/agilex/limo_ros2_ws/install/teb_local_planner:/home/agilex/limo_ros2_ws/install/teb_msgs:/home/agilex/limo_ros2_ws/install/nav2_system_tests:/home/agilex/limo_ros2_ws/install/nav2_bringup:/home/agilex/limo_ros2_ws/install/navigation2:/home/agilex/limo_ros2_ws/install/smac_planner:/home/agilex/limo_ros2_ws/install/rf2o_laser_odometry:/home/agilex/limo_ros2_ws/install/orbbec_description:/home/agilex/limo_ros2_ws/install/orbbec_camera:/home/agilex/limo_ros2_ws/install/orbbec_camera_msgs:/home/agilex/limo_ros2_ws/install/nav2_dwb_controller:/home/agilex/limo_ros2_ws/install/nav2_controller:/home/agilex/limo_ros2_ws/install/dwb_plugins:/home/agilex/limo_ros2_ws/install/dwb_critics:/home/agilex/limo_ros2_ws/install/dwb_core:/home/agilex/limo_ros2_ws/install/nav_2d_utils:/home/agilex/limo_ros2_ws/install/dwb_msgs:/home/agilex/limo_ros2_ws/install/nav_2d_msgs:/home/agilex/limo_ros2_ws/install/nav2_waypoint_follower:/home/agilex/limo_ros2_ws/install/nav2_regulated_pure_pursuit_controller:/home/agilex/limo_ros2_ws/install/nav2_recoveries:/home/agilex/limo_ros2_ws/install/nav2_planner:/home/agilex/limo_ros2_ws/install/nav2_navfn_planner:/home/agilex/limo_ros2_ws/install/nav2_core:/home/agilex/limo_ros2_ws/install/costmap_queue:/home/agilex/limo_ros2_ws/install/costmap_converter:/home/agilex/limo_ros2_ws/install/nav2_costmap_2d:/home/agilex/limo_ros2_ws/install/nav2_voxel_grid:/home/agilex/limo_ros2_ws/install/nav2_rviz_plugins:/home/agilex/limo_ros2_ws/install/nav2_map_server:/home/agilex/limo_ros2_ws/install/nav2_lifecycle_manager:/home/agilex/limo_ros2_ws/install/nav2_bt_navigator:/home/agilex/limo_ros2_ws/install/nav2_behavior_tree:/home/agilex/limo_ros2_ws/install/nav2_amcl:/home/agilex/limo_ros2_ws/install/nav2_util:/home/agilex/limo_ros2_ws/install/nav2_msgs:/home/agilex/limo_ros2_ws/install/nav2_common:/home/agilex/limo_ros2_ws/install/magic_enum:/home/agilex/limo_ros2_ws/install/limo_visions:/home/agilex/limo_ros2_ws/install/limo_bringup:/home/agilex/limo_ros2_ws/install/limo_base:/home/agilex/limo_ros2_ws/install/limo_msgs:/home/agilex/limo_ros2_ws/install/limo_description:/home/agilex/limo_ros2_ws/install/libuvc:/home/agilex/limo_ros2_ws/install/glog:/home/agilex/limo_ros2_ws/install/costmap_converter_msgs:/home/agilex/limo_ros2_ws/install/astra_camera:/home/agilex/limo_ros2_ws/install/astra_camera_msgs:/home/agilex/limo_ros2_ws/install/nav2_gazebo_spawner:/opt/ros/foxy LD_LIBRARY_PATH=/home/agilex/limo_ros2_ws/src/install/orbbec_camera_msgs/lib:${LD_LIBRARY_PATH} PYTHONPATH=/home/agilex/limo_ros2_ws/src/install/orbbec_camera_msgs/lib/python3.8/site-packages:${PYTHONPATH} /usr/bin/cmake --build /home/agilex/limo_ros2_ws/src/build/orbbec_camera -- -j6 -l6
[297.095s] Invoking command in '/home/agilex/limo_ros2_ws/src/build/orbbec_camera': AMENT_PREFIX_PATH=/home/agilex/limo_ros2_ws/src/install/orbbec_camera_msgs:${AMENT_PREFIX_PATH} CMAKE_PREFIX_PATH=/home/agilex/limo_ros2_ws/src/install/orbbec_camera_msgs:/home/agilex/limo_ros2_ws/install/ydlidar_sdk:/home/agilex/limo_ros2_ws/install/ydlidar_ros2_driver:/home/agilex/limo_ros2_ws/install/teb_local_planner:/home/agilex/limo_ros2_ws/install/teb_msgs:/home/agilex/limo_ros2_ws/install/nav2_system_tests:/home/agilex/limo_ros2_ws/install/nav2_bringup:/home/agilex/limo_ros2_ws/install/navigation2:/home/agilex/limo_ros2_ws/install/smac_planner:/home/agilex/limo_ros2_ws/install/rf2o_laser_odometry:/home/agilex/limo_ros2_ws/install/orbbec_description:/home/agilex/limo_ros2_ws/install/orbbec_camera:/home/agilex/limo_ros2_ws/install/orbbec_camera_msgs:/home/agilex/limo_ros2_ws/install/nav2_dwb_controller:/home/agilex/limo_ros2_ws/install/nav2_controller:/home/agilex/limo_ros2_ws/install/dwb_plugins:/home/agilex/limo_ros2_ws/install/dwb_critics:/home/agilex/limo_ros2_ws/install/dwb_core:/home/agilex/limo_ros2_ws/install/nav_2d_utils:/home/agilex/limo_ros2_ws/install/dwb_msgs:/home/agilex/limo_ros2_ws/install/nav_2d_msgs:/home/agilex/limo_ros2_ws/install/nav2_waypoint_follower:/home/agilex/limo_ros2_ws/install/nav2_regulated_pure_pursuit_controller:/home/agilex/limo_ros2_ws/install/nav2_recoveries:/home/agilex/limo_ros2_ws/install/nav2_planner:/home/agilex/limo_ros2_ws/install/nav2_navfn_planner:/home/agilex/limo_ros2_ws/install/nav2_core:/home/agilex/limo_ros2_ws/install/costmap_queue:/home/agilex/limo_ros2_ws/install/costmap_converter:/home/agilex/limo_ros2_ws/install/nav2_costmap_2d:/home/agilex/limo_ros2_ws/install/nav2_voxel_grid:/home/agilex/limo_ros2_ws/install/nav2_rviz_plugins:/home/agilex/limo_ros2_ws/install/nav2_map_server:/home/agilex/limo_ros2_ws/install/nav2_lifecycle_manager:/home/agilex/limo_ros2_ws/install/nav2_bt_navigator:/home/agilex/limo_ros2_ws/install/nav2_behavior_tree:/home/agilex/limo_ros2_ws/install/nav2_amcl:/home/agilex/limo_ros2_ws/install/nav2_util:/home/agilex/limo_ros2_ws/install/nav2_msgs:/home/agilex/limo_ros2_ws/install/nav2_common:/home/agilex/limo_ros2_ws/install/magic_enum:/home/agilex/limo_ros2_ws/install/limo_visions:/home/agilex/limo_ros2_ws/install/limo_bringup:/home/agilex/limo_ros2_ws/install/limo_base:/home/agilex/limo_ros2_ws/install/limo_msgs:/home/agilex/limo_ros2_ws/install/limo_description:/home/agilex/limo_ros2_ws/install/libuvc:/home/agilex/limo_ros2_ws/install/glog:/home/agilex/limo_ros2_ws/install/costmap_converter_msgs:/home/agilex/limo_ros2_ws/install/astra_camera:/home/agilex/limo_ros2_ws/install/astra_camera_msgs:/home/agilex/limo_ros2_ws/install/nav2_gazebo_spawner:/opt/ros/foxy LD_LIBRARY_PATH=/home/agilex/limo_ros2_ws/src/install/orbbec_camera_msgs/lib:${LD_LIBRARY_PATH} PYTHONPATH=/home/agilex/limo_ros2_ws/src/install/orbbec_camera_msgs/lib/python3.8/site-packages:${PYTHONPATH} /usr/bin/cmake --install /home/agilex/limo_ros2_ws/src/build/orbbec_camera
[314.941s] -- Install configuration: "Release"
[314.945s] -- Installing: /home/agilex/limo_ros2_ws/src/install/orbbec_camera/lib/orbbec_camera/orbbec_camera_node
[314.946s] -- Set runtime path of "/home/agilex/limo_ros2_ws/src/install/orbbec_camera/lib/orbbec_camera/orbbec_camera_node" to ":/home/agilex/limo_ros2_ws/src/OrbbecSDK_ROS2/orbbec_camera/SDK/lib/arm64"
[314.946s] -- Installing: /home/agilex/limo_ros2_ws/src/install/orbbec_camera/lib/orbbec_camera/frame_latency_node
[314.947s] -- Set runtime path of "/home/agilex/limo_ros2_ws/src/install/orbbec_camera/lib/orbbec_camera/frame_latency_node" to ":/home/agilex/limo_ros2_ws/src/OrbbecSDK_ROS2/orbbec_camera/SDK/lib/arm64"
[314.947s] -- Installing: /home/agilex/limo_ros2_ws/src/install/orbbec_camera/lib/liborbbec_camera.so
[314.947s] -- Set runtime path of "/home/agilex/limo_ros2_ws/src/install/orbbec_camera/lib/liborbbec_camera.so" to ":/home/agilex/limo_ros2_ws/src/OrbbecSDK_ROS2/orbbec_camera/SDK/lib/arm64"
[314.947s] -- Installing: /home/agilex/limo_ros2_ws/src/install/orbbec_camera/lib/libframe_latency.so
[314.947s] -- Set runtime path of "/home/agilex/limo_ros2_ws/src/install/orbbec_camera/lib/libframe_latency.so" to ":/home/agilex/limo_ros2_ws/src/OrbbecSDK_ROS2/orbbec_camera/SDK/lib/arm64"
[314.947s] -- Installing: /home/agilex/limo_ros2_ws/src/install/orbbec_camera/include
[314.947s] -- Installing: /home/agilex/limo_ros2_ws/src/install/orbbec_camera/include/magic_enum
[314.947s] -- Installing: /home/agilex/limo_ros2_ws/src/install/orbbec_camera/include/magic_enum/magic_enum.hpp
[314.948s] -- Installing: /home/agilex/limo_ros2_ws/src/install/orbbec_camera/include/orbbec_camera
[314.948s] -- Installing: /home/agilex/limo_ros2_ws/src/install/orbbec_camera/include/orbbec_camera/ros_param_backend.h
[314.948s] -- Installing: /home/agilex/limo_ros2_ws/src/install/orbbec_camera/include/orbbec_camera/utils.h
[314.948s] -- Installing: /home/agilex/limo_ros2_ws/src/install/orbbec_camera/include/orbbec_camera/ob_camera_node_driver.h
[314.948s] -- Installing: /home/agilex/limo_ros2_ws/src/install/orbbec_camera/include/orbbec_camera/jpeg_decoder.h
[314.948s] -- Installing: /home/agilex/limo_ros2_ws/src/install/orbbec_camera/include/orbbec_camera/jetson_nv_decoder.h
[314.948s] -- Installing: /home/agilex/limo_ros2_ws/src/install/orbbec_camera/include/orbbec_camera/image_publisher.h
[314.950s] -- Installing: /home/agilex/limo_ros2_ws/src/install/orbbec_camera/include/orbbec_camera/ob_camera_node.h
[314.950s] -- Installing: /home/agilex/limo_ros2_ws/src/install/orbbec_camera/include/orbbec_camera/synced_imu_publisher.h
[314.950s] -- Installing: /home/agilex/limo_ros2_ws/src/install/orbbec_camera/include/orbbec_camera/d2c_viewer.h
[314.951s] -- Installing: /home/agilex/limo_ros2_ws/src/install/orbbec_camera/include/orbbec_camera/rk_mpp_decoder.h
[314.951s] -- Installing: /home/agilex/limo_ros2_ws/src/install/orbbec_camera/include/orbbec_camera/dynamic_params.h
[314.951s] -- Installing: /home/agilex/limo_ros2_ws/src/install/orbbec_camera/include/orbbec_camera/constants.h
[314.951s] -- Installing: /home/agilex/limo_ros2_ws/src/install/orbbec_camera/share/orbbec_camera//launch
[314.951s] -- Installing: /home/agilex/limo_ros2_ws/src/install/orbbec_camera/share/orbbec_camera//launch/dabai_dw.launch.py
[314.951s] -- Installing: /home/agilex/limo_ros2_ws/src/install/orbbec_camera/share/orbbec_camera//launch/ob_camera.launch.py
[314.951s] -- Installing: /home/agilex/limo_ros2_ws/src/install/orbbec_camera/share/orbbec_camera//launch/femto_mega.launch.py
[314.951s] -- Installing: /home/agilex/limo_ros2_ws/src/install/orbbec_camera/share/orbbec_camera//launch/dabai_pro.launch.py
[314.952s] -- Installing: /home/agilex/limo_ros2_ws/src/install/orbbec_camera/share/orbbec_camera//launch/gemini_330_series.launch.py
[314.952s] -- Installing: /home/agilex/limo_ros2_ws/src/install/orbbec_camera/share/orbbec_camera//launch/gemini_uw.launch.py
[314.952s] -- Installing: /home/agilex/limo_ros2_ws/src/install/orbbec_camera/share/orbbec_camera//launch/dabai_dcw.launch.py
[314.952s] -- Installing: /home/agilex/limo_ros2_ws/src/install/orbbec_camera/share/orbbec_camera//launch/dabai_max_pro.launch.py
[314.952s] -- Installing: /home/agilex/limo_ros2_ws/src/install/orbbec_camera/share/orbbec_camera//launch/dabai_max.launch.py
[314.952s] -- Installing: /home/agilex/limo_ros2_ws/src/install/orbbec_camera/share/orbbec_camera//launch/astra_adv.launch.py
[314.952s] -- Installing: /home/agilex/limo_ros2_ws/src/install/orbbec_camera/share/orbbec_camera//launch/gemini_ew.launch.py
[314.952s] -- Installing: /home/agilex/limo_ros2_ws/src/install/orbbec_camera/share/orbbec_camera//launch/gemini2XL.launch.py
[314.953s] -- Installing: /home/agilex/limo_ros2_ws/src/install/orbbec_camera/share/orbbec_camera//launch/gemini2L.launch.py
[314.953s] -- Installing: /home/agilex/limo_ros2_ws/src/install/orbbec_camera/share/orbbec_camera//launch/dabai_dw2.launch.py
[314.953s] -- Installing: /home/agilex/limo_ros2_ws/src/install/orbbec_camera/share/orbbec_camera//launch/femto.launch.py
[314.953s] -- Installing: /home/agilex/limo_ros2_ws/src/install/orbbec_camera/share/orbbec_camera//launch/gemini_e.launch.py
[314.953s] -- Installing: /home/agilex/limo_ros2_ws/src/install/orbbec_camera/share/orbbec_camera//launch/astra.launch.py
[314.953s] -- Installing: /home/agilex/limo_ros2_ws/src/install/orbbec_camera/share/orbbec_camera//launch/astra_stereo_u3.launch.py
[314.953s] -- Installing: /home/agilex/limo_ros2_ws/src/install/orbbec_camera/share/orbbec_camera//launch/gemini_ew_lite.launch.py
[314.953s] -- Installing: /home/agilex/limo_ros2_ws/src/install/orbbec_camera/share/orbbec_camera//launch/dabai_d1.launch.py
[314.954s] -- Installing: /home/agilex/limo_ros2_ws/src/install/orbbec_camera/share/orbbec_camera//launch/femto_bolt.launch.py
[314.954s] -- Installing: /home/agilex/limo_ros2_ws/src/install/orbbec_camera/share/orbbec_camera//launch/dabai_dcw2.launch.py
[314.954s] -- Installing: /home/agilex/limo_ros2_ws/src/install/orbbec_camera/share/orbbec_camera//launch/gemini2.launch.py
[314.954s] -- Installing: /home/agilex/limo_ros2_ws/src/install/orbbec_camera/share/orbbec_camera//launch/multi_camera.launch.py
[314.954s] -- Installing: /home/agilex/limo_ros2_ws/src/install/orbbec_camera/share/orbbec_camera//launch/gemini_intra_process_demo_launch.py
[314.954s] -- Installing: /home/agilex/limo_ros2_ws/src/install/orbbec_camera/share/orbbec_camera//launch/astra_pro2.launch.py
[314.954s] -- Installing: /home/agilex/limo_ros2_ws/src/install/orbbec_camera/share/orbbec_camera//launch/dabai.launch.py
[314.954s] -- Installing: /home/agilex/limo_ros2_ws/src/install/orbbec_camera/share/orbbec_camera//launch/multi_camera_synced.launch.py
[314.954s] -- Installing: /home/agilex/limo_ros2_ws/src/install/orbbec_camera/share/orbbec_camera//launch/dabai_dcl.py
[314.955s] -- Installing: /home/agilex/limo_ros2_ws/src/install/orbbec_camera/share/orbbec_camera//launch/gemini_e_lite.launch.py
[314.955s] -- Installing: /home/agilex/limo_ros2_ws/src/install/orbbec_camera/share/orbbec_camera//launch/astra_embedded_s.launch.py
[314.955s] -- Installing: /home/agilex/limo_ros2_ws/src/install/orbbec_camera/share/orbbec_camera//launch/astra2.launch.py
[314.955s] -- Installing: /home/agilex/limo_ros2_ws/src/install/orbbec_camera/share/orbbec_camera//launch/gemini2VL.launch.py
[314.955s] -- Installing: /home/agilex/limo_ros2_ws/src/install/orbbec_camera/share/orbbec_camera//launch/deeya.launch.py
[314.955s] -- Installing: /home/agilex/limo_ros2_ws/src/install/orbbec_camera/share/orbbec_camera//config
[314.955s] -- Installing: /home/agilex/limo_ros2_ws/src/install/orbbec_camera/share/orbbec_camera//config/OrbbecSDKConfig_v1.0.xml
[314.955s] -- Installing: /home/agilex/limo_ros2_ws/src/install/orbbec_camera/share/orbbec_camera//config/.gitkeep
[314.955s] -- Installing: /home/agilex/limo_ros2_ws/src/install/orbbec_camera/share/orbbec_camera//config/depthfilter
[314.956s] -- Installing: /home/agilex/limo_ros2_ws/src/install/orbbec_camera/share/orbbec_camera//config/depthfilter/Gemini2_v1.7.json
[314.956s] -- Installing: /home/agilex/limo_ros2_ws/src/install/orbbec_camera/share/orbbec_camera//config/depthfilter/Openni_device.json
[314.956s] -- Installing: /home/agilex/limo_ros2_ws/src/install/orbbec_camera/share/orbbec_camera//config/camera_params.yaml
[314.956s] -- Up-to-date: /home/agilex/limo_ros2_ws/src/install/orbbec_camera/include
[314.956s] -- Installing: /home/agilex/limo_ros2_ws/src/install/orbbec_camera/include/libobsensor
[314.956s] -- Installing: /home/agilex/limo_ros2_ws/src/install/orbbec_camera/include/libobsensor/ObSensor.h
[314.956s] -- Installing: /home/agilex/limo_ros2_ws/src/install/orbbec_camera/include/libobsensor/ObSensor.hpp
[314.956s] -- Installing: /home/agilex/limo_ros2_ws/src/install/orbbec_camera/include/libobsensor/hpp
[314.958s] -- Installing: /home/agilex/limo_ros2_ws/src/install/orbbec_camera/include/libobsensor/hpp/Context.hpp
[314.958s] -- Installing: /home/agilex/limo_ros2_ws/src/install/orbbec_camera/include/libobsensor/hpp/Device.hpp
[314.958s] -- Installing: /home/agilex/limo_ros2_ws/src/install/orbbec_camera/include/libobsensor/hpp/RecordPlayback.hpp
[314.958s] -- Installing: /home/agilex/limo_ros2_ws/src/install/orbbec_camera/include/libobsensor/hpp/Sensor.hpp
[314.958s] -- Installing: /home/agilex/limo_ros2_ws/src/install/orbbec_camera/include/libobsensor/hpp/Types.hpp
[314.959s] -- Installing: /home/agilex/limo_ros2_ws/src/install/orbbec_camera/include/libobsensor/hpp/Utils.hpp
[314.959s] -- Installing: /home/agilex/limo_ros2_ws/src/install/orbbec_camera/include/libobsensor/hpp/Filter.hpp
[314.959s] -- Installing: /home/agilex/limo_ros2_ws/src/install/orbbec_camera/include/libobsensor/hpp/Version.hpp
[314.959s] -- Installing: /home/agilex/limo_ros2_ws/src/install/orbbec_camera/include/libobsensor/hpp/StreamProfile.hpp
[314.959s] -- Installing: /home/agilex/limo_ros2_ws/src/install/orbbec_camera/include/libobsensor/hpp/Frame.hpp
[314.959s] -- Installing: /home/agilex/limo_ros2_ws/src/install/orbbec_camera/include/libobsensor/hpp/Pipeline.hpp
[314.959s] -- Installing: /home/agilex/limo_ros2_ws/src/install/orbbec_camera/include/libobsensor/hpp/Error.hpp
[314.959s] -- Installing: /home/agilex/limo_ros2_ws/src/install/orbbec_camera/include/libobsensor/h
[314.959s] -- Installing: /home/agilex/limo_ros2_ws/src/install/orbbec_camera/include/libobsensor/h/Sensor.h
[314.960s] -- Installing: /home/agilex/limo_ros2_ws/src/install/orbbec_camera/include/libobsensor/h/Pipeline.h
[314.960s] -- Installing: /home/agilex/limo_ros2_ws/src/install/orbbec_camera/include/libobsensor/h/Property.h
[314.960s] -- Installing: /home/agilex/limo_ros2_ws/src/install/orbbec_camera/include/libobsensor/h/ObTypes.h
[314.960s] -- Installing: /home/agilex/limo_ros2_ws/src/install/orbbec_camera/include/libobsensor/h/Error.h
[314.960s] -- Installing: /home/agilex/limo_ros2_ws/src/install/orbbec_camera/include/libobsensor/h/Version.h
[314.960s] -- Installing: /home/agilex/limo_ros2_ws/src/install/orbbec_camera/include/libobsensor/h/Device.h
[314.960s] -- Installing: /home/agilex/limo_ros2_ws/src/install/orbbec_camera/include/libobsensor/h/Frame.h
[314.960s] -- Installing: /home/agilex/limo_ros2_ws/src/install/orbbec_camera/include/libobsensor/h/Filter.h
[314.961s] -- Installing: /home/agilex/limo_ros2_ws/src/install/orbbec_camera/include/libobsensor/h/Utils.h
[314.961s] -- Installing: /home/agilex/limo_ros2_ws/src/install/orbbec_camera/include/libobsensor/h/Context.h
[314.961s] -- Installing: /home/agilex/limo_ros2_ws/src/install/orbbec_camera/include/libobsensor/h/RecordPlayback.h
[314.961s] -- Installing: /home/agilex/limo_ros2_ws/src/install/orbbec_camera/include/libobsensor/h/MultipleDevices.h
[314.961s] -- Installing: /home/agilex/limo_ros2_ws/src/install/orbbec_camera/include/libobsensor/h/StreamProfile.h
[314.961s] -- Up-to-date: /home/agilex/limo_ros2_ws/src/install/orbbec_camera/lib/
[314.961s] -- Installing: /home/agilex/limo_ros2_ws/src/install/orbbec_camera/lib//libdepthengine.so
[314.961s] -- Installing: /home/agilex/limo_ros2_ws/src/install/orbbec_camera/lib//liblive555.so
[314.961s] -- Installing: /home/agilex/limo_ros2_ws/src/install/orbbec_camera/lib//libOrbbecSDK.so.1.10
[314.962s] -- Installing: /home/agilex/limo_ros2_ws/src/install/orbbec_camera/lib//libdepthengine.so.2.0
[314.962s] -- Installing: /home/agilex/limo_ros2_ws/src/install/orbbec_camera/lib//libob_usb.so
[314.962s] -- Installing: /home/agilex/limo_ros2_ws/src/install/orbbec_camera/lib//libOrbbecSDK.so
[314.962s] -- Installing: /home/agilex/limo_ros2_ws/src/install/orbbec_camera/lib//libOrbbecSDK.so.1.10.12
[314.962s] -- Installing: /home/agilex/limo_ros2_ws/src/install/orbbec_camera/lib/orbbec_camera/list_devices_node
[314.962s] -- Set runtime path of "/home/agilex/limo_ros2_ws/src/install/orbbec_camera/lib/orbbec_camera/list_devices_node" to ":/home/agilex/limo_ros2_ws/src/OrbbecSDK_ROS2/orbbec_camera/SDK/lib/arm64"
[314.962s] -- Installing: /home/agilex/limo_ros2_ws/src/install/orbbec_camera/lib/orbbec_camera/list_depth_work_mode_node
[314.962s] -- Set runtime path of "/home/agilex/limo_ros2_ws/src/install/orbbec_camera/lib/orbbec_camera/list_depth_work_mode_node" to ":/home/agilex/limo_ros2_ws/src/OrbbecSDK_ROS2/orbbec_camera/SDK/lib/arm64"
[314.963s] -- Installing: /home/agilex/limo_ros2_ws/src/install/orbbec_camera/lib/orbbec_camera/list_camera_profile_mode_node
[314.963s] -- Set runtime path of "/home/agilex/limo_ros2_ws/src/install/orbbec_camera/lib/orbbec_camera/list_camera_profile_mode_node" to ":/home/agilex/limo_ros2_ws/src/OrbbecSDK_ROS2/orbbec_camera/SDK/lib/arm64"
[314.963s] -- Installing: /home/agilex/limo_ros2_ws/src/install/orbbec_camera/lib/orbbec_camera/topic_statistics_node
[314.963s] -- Set runtime path of "/home/agilex/limo_ros2_ws/src/install/orbbec_camera/lib/orbbec_camera/topic_statistics_node" to ":/home/agilex/limo_ros2_ws/src/OrbbecSDK_ROS2/orbbec_camera/SDK/lib/arm64"
[314.963s] -- Installing: /home/agilex/limo_ros2_ws/src/install/orbbec_camera/share/orbbec_camera/environment/library_path.sh
[314.963s] -- Installing: /home/agilex/limo_ros2_ws/src/install/orbbec_camera/share/orbbec_camera/environment/library_path.dsv
[314.963s] -- Installing: /home/agilex/limo_ros2_ws/src/install/orbbec_camera/share/ament_index/resource_index/package_run_dependencies/orbbec_camera
[314.963s] -- Installing: /home/agilex/limo_ros2_ws/src/install/orbbec_camera/share/ament_index/resource_index/parent_prefix_path/orbbec_camera
[314.963s] -- Installing: /home/agilex/limo_ros2_ws/src/install/orbbec_camera/share/orbbec_camera/environment/ament_prefix_path.sh
[314.964s] -- Installing: /home/agilex/limo_ros2_ws/src/install/orbbec_camera/share/orbbec_camera/environment/ament_prefix_path.dsv
[314.964s] -- Installing: /home/agilex/limo_ros2_ws/src/install/orbbec_camera/share/orbbec_camera/environment/path.sh
[314.964s] -- Installing: /home/agilex/limo_ros2_ws/src/install/orbbec_camera/share/orbbec_camera/environment/path.dsv
[314.964s] -- Installing: /home/agilex/limo_ros2_ws/src/install/orbbec_camera/share/orbbec_camera/local_setup.bash
[314.964s] -- Installing: /home/agilex/limo_ros2_ws/src/install/orbbec_camera/share/orbbec_camera/local_setup.sh
[314.964s] -- Installing: /home/agilex/limo_ros2_ws/src/install/orbbec_camera/share/orbbec_camera/local_setup.zsh
[314.964s] -- Installing: /home/agilex/limo_ros2_ws/src/install/orbbec_camera/share/orbbec_camera/local_setup.dsv
[314.964s] -- Installing: /home/agilex/limo_ros2_ws/src/install/orbbec_camera/share/orbbec_camera/package.dsv
[314.981s] -- Installing: /home/agilex/limo_ros2_ws/src/install/orbbec_camera/share/ament_index/resource_index/packages/orbbec_camera
[314.982s] -- Installing: /home/agilex/limo_ros2_ws/src/install/orbbec_camera/share/ament_index/resource_index/rclcpp_components/orbbec_camera
[314.982s] -- Installing: /home/agilex/limo_ros2_ws/src/install/orbbec_camera/share/orbbec_camera/cmake/ament_cmake_export_include_directories-extras.cmake
[314.983s] -- Installing: /home/agilex/limo_ros2_ws/src/install/orbbec_camera/share/orbbec_camera/cmake/ament_cmake_export_libraries-extras.cmake
[314.983s] -- Installing: /home/agilex/limo_ros2_ws/src/install/orbbec_camera/share/orbbec_camera/cmake/ament_cmake_export_dependencies-extras.cmake
[314.984s] -- Installing: /home/agilex/limo_ros2_ws/src/install/orbbec_camera/share/orbbec_camera/cmake/orbbec_cameraConfig.cmake
[314.985s] -- Installing: /home/agilex/limo_ros2_ws/src/install/orbbec_camera/share/orbbec_camera/cmake/orbbec_cameraConfig-version.cmake
[314.985s] -- Installing: /home/agilex/limo_ros2_ws/src/install/orbbec_camera/share/orbbec_camera/package.xml
[314.986s] Invoked command in '/home/agilex/limo_ros2_ws/src/build/orbbec_camera' returned '0': AMENT_PREFIX_PATH=/home/agilex/limo_ros2_ws/src/install/orbbec_camera_msgs:${AMENT_PREFIX_PATH} CMAKE_PREFIX_PATH=/home/agilex/limo_ros2_ws/src/install/orbbec_camera_msgs:/home/agilex/limo_ros2_ws/install/ydlidar_sdk:/home/agilex/limo_ros2_ws/install/ydlidar_ros2_driver:/home/agilex/limo_ros2_ws/install/teb_local_planner:/home/agilex/limo_ros2_ws/install/teb_msgs:/home/agilex/limo_ros2_ws/install/nav2_system_tests:/home/agilex/limo_ros2_ws/install/nav2_bringup:/home/agilex/limo_ros2_ws/install/navigation2:/home/agilex/limo_ros2_ws/install/smac_planner:/home/agilex/limo_ros2_ws/install/rf2o_laser_odometry:/home/agilex/limo_ros2_ws/install/orbbec_description:/home/agilex/limo_ros2_ws/install/orbbec_camera:/home/agilex/limo_ros2_ws/install/orbbec_camera_msgs:/home/agilex/limo_ros2_ws/install/nav2_dwb_controller:/home/agilex/limo_ros2_ws/install/nav2_controller:/home/agilex/limo_ros2_ws/install/dwb_plugins:/home/agilex/limo_ros2_ws/install/dwb_critics:/home/agilex/limo_ros2_ws/install/dwb_core:/home/agilex/limo_ros2_ws/install/nav_2d_utils:/home/agilex/limo_ros2_ws/install/dwb_msgs:/home/agilex/limo_ros2_ws/install/nav_2d_msgs:/home/agilex/limo_ros2_ws/install/nav2_waypoint_follower:/home/agilex/limo_ros2_ws/install/nav2_regulated_pure_pursuit_controller:/home/agilex/limo_ros2_ws/install/nav2_recoveries:/home/agilex/limo_ros2_ws/install/nav2_planner:/home/agilex/limo_ros2_ws/install/nav2_navfn_planner:/home/agilex/limo_ros2_ws/install/nav2_core:/home/agilex/limo_ros2_ws/install/costmap_queue:/home/agilex/limo_ros2_ws/install/costmap_converter:/home/agilex/limo_ros2_ws/install/nav2_costmap_2d:/home/agilex/limo_ros2_ws/install/nav2_voxel_grid:/home/agilex/limo_ros2_ws/install/nav2_rviz_plugins:/home/agilex/limo_ros2_ws/install/nav2_map_server:/home/agilex/limo_ros2_ws/install/nav2_lifecycle_manager:/home/agilex/limo_ros2_ws/install/nav2_bt_navigator:/home/agilex/limo_ros2_ws/install/nav2_behavior_tree:/home/agilex/limo_ros2_ws/install/nav2_amcl:/home/agilex/limo_ros2_ws/install/nav2_util:/home/agilex/limo_ros2_ws/install/nav2_msgs:/home/agilex/limo_ros2_ws/install/nav2_common:/home/agilex/limo_ros2_ws/install/magic_enum:/home/agilex/limo_ros2_ws/install/limo_visions:/home/agilex/limo_ros2_ws/install/limo_bringup:/home/agilex/limo_ros2_ws/install/limo_base:/home/agilex/limo_ros2_ws/install/limo_msgs:/home/agilex/limo_ros2_ws/install/limo_description:/home/agilex/limo_ros2_ws/install/libuvc:/home/agilex/limo_ros2_ws/install/glog:/home/agilex/limo_ros2_ws/install/costmap_converter_msgs:/home/agilex/limo_ros2_ws/install/astra_camera:/home/agilex/limo_ros2_ws/install/astra_camera_msgs:/home/agilex/limo_ros2_ws/install/nav2_gazebo_spawner:/opt/ros/foxy LD_LIBRARY_PATH=/home/agilex/limo_ros2_ws/src/install/orbbec_camera_msgs/lib:${LD_LIBRARY_PATH} PYTHONPATH=/home/agilex/limo_ros2_ws/src/install/orbbec_camera_msgs/lib/python3.8/site-packages:${PYTHONPATH} /usr/bin/cmake --install /home/agilex/limo_ros2_ws/src/build/orbbec_camera
