[0.063s] Invoking command in '/home/agilex/limo_ros2_ws/src/build/nav2_voxel_grid': AMENT_PREFIX_PATH=/home/agilex/limo_ros2_ws/src/install/nav2_common:${AMENT_PREFIX_PATH} CMAKE_PREFIX_PATH=/home/agilex/limo_ros2_ws/src/install/nav2_common:/home/agilex/limo_ros2_ws/install/ydlidar_sdk:/home/agilex/limo_ros2_ws/install/ydlidar_ros2_driver:/home/agilex/limo_ros2_ws/install/teb_local_planner:/home/agilex/limo_ros2_ws/install/teb_msgs:/home/agilex/limo_ros2_ws/install/nav2_system_tests:/home/agilex/limo_ros2_ws/install/nav2_bringup:/home/agilex/limo_ros2_ws/install/navigation2:/home/agilex/limo_ros2_ws/install/smac_planner:/home/agilex/limo_ros2_ws/install/rf2o_laser_odometry:/home/agilex/limo_ros2_ws/install/orbbec_description:/home/agilex/limo_ros2_ws/install/orbbec_camera:/home/agilex/limo_ros2_ws/install/orbbec_camera_msgs:/home/agilex/limo_ros2_ws/install/nav2_dwb_controller:/home/agilex/limo_ros2_ws/install/nav2_controller:/home/agilex/limo_ros2_ws/install/dwb_plugins:/home/agilex/limo_ros2_ws/install/dwb_critics:/home/agilex/limo_ros2_ws/install/dwb_core:/home/agilex/limo_ros2_ws/install/nav_2d_utils:/home/agilex/limo_ros2_ws/install/dwb_msgs:/home/agilex/limo_ros2_ws/install/nav_2d_msgs:/home/agilex/limo_ros2_ws/install/nav2_waypoint_follower:/home/agilex/limo_ros2_ws/install/nav2_regulated_pure_pursuit_controller:/home/agilex/limo_ros2_ws/install/nav2_recoveries:/home/agilex/limo_ros2_ws/install/nav2_planner:/home/agilex/limo_ros2_ws/install/nav2_navfn_planner:/home/agilex/limo_ros2_ws/install/nav2_core:/home/agilex/limo_ros2_ws/install/costmap_queue:/home/agilex/limo_ros2_ws/install/costmap_converter:/home/agilex/limo_ros2_ws/install/nav2_costmap_2d:/home/agilex/limo_ros2_ws/install/nav2_voxel_grid:/home/agilex/limo_ros2_ws/install/nav2_rviz_plugins:/home/agilex/limo_ros2_ws/install/nav2_map_server:/home/agilex/limo_ros2_ws/install/nav2_lifecycle_manager:/home/agilex/limo_ros2_ws/install/nav2_bt_navigator:/home/agilex/limo_ros2_ws/install/nav2_behavior_tree:/home/agilex/limo_ros2_ws/install/nav2_amcl:/home/agilex/limo_ros2_ws/install/nav2_util:/home/agilex/limo_ros2_ws/install/nav2_msgs:/home/agilex/limo_ros2_ws/install/nav2_common:/home/agilex/limo_ros2_ws/install/magic_enum:/home/agilex/limo_ros2_ws/install/limo_visions:/home/agilex/limo_ros2_ws/install/limo_bringup:/home/agilex/limo_ros2_ws/install/limo_base:/home/agilex/limo_ros2_ws/install/limo_msgs:/home/agilex/limo_ros2_ws/install/limo_description:/home/agilex/limo_ros2_ws/install/libuvc:/home/agilex/limo_ros2_ws/install/glog:/home/agilex/limo_ros2_ws/install/costmap_converter_msgs:/home/agilex/limo_ros2_ws/install/astra_camera:/home/agilex/limo_ros2_ws/install/astra_camera_msgs:/home/agilex/limo_ros2_ws/install/nav2_gazebo_spawner:/opt/ros/foxy PYTHONPATH=/home/agilex/limo_ros2_ws/src/install/nav2_common/lib/python3.8/site-packages:${PYTHONPATH} /usr/bin/cmake /home/agilex/limo_ros2_ws/src/navigation2/nav2_voxel_grid -DCMAKE_INSTALL_PREFIX=/home/agilex/limo_ros2_ws/src/install/nav2_voxel_grid
[0.252s] -- The C compiler identification is GNU 9.4.0
[0.432s] -- The CXX compiler identification is GNU 9.4.0
[0.458s] -- Check for working C compiler: /usr/bin/cc
[0.705s] -- Check for working C compiler: /usr/bin/cc -- works
[0.706s] -- Detecting C compiler ABI info
[0.954s] -- Detecting C compiler ABI info - done
[0.975s] -- Detecting C compile features
[0.976s] -- Detecting C compile features - done
[0.982s] -- Check for working CXX compiler: /usr/bin/c++
[1.263s] -- Check for working CXX compiler: /usr/bin/c++ -- works
[1.264s] -- Detecting CXX compiler ABI info
[1.538s] -- Detecting CXX compiler ABI info - done
[1.571s] -- Detecting CXX compile features
[1.571s] -- Detecting CXX compile features - done
[1.588s] -- Found ament_cmake: 0.9.12 (/opt/ros/foxy/share/ament_cmake/cmake)
[1.669s] -- Found PythonInterp: /usr/bin/python3 (found suitable version "3.8.10", minimum required is "3") 
[1.669s] -- Using PYTHON_EXECUTABLE: /usr/bin/python3
[2.242s] -- Found nav2_common: 0.4.7 (/home/agilex/limo_ros2_ws/src/install/nav2_common/share/nav2_common/cmake)
[2.253s] -- Found rclcpp: 2.4.3 (/opt/ros/foxy/share/rclcpp/cmake)
[2.442s] -- Using all available rosidl_typesupport_c: rosidl_typesupport_fastrtps_c;rosidl_typesupport_introspection_c
[2.481s] -- Found rosidl_adapter: 1.3.1 (/opt/ros/foxy/share/rosidl_adapter/cmake)
[2.847s] -- Found OpenSSL: /usr/lib/aarch64-linux-gnu/libcrypto.so (found version "1.1.1f")  
[2.937s] -- Found FastRTPS: /opt/ros/foxy/include  
[3.264s] -- Using all available rosidl_typesupport_cpp: rosidl_typesupport_fastrtps_cpp;rosidl_typesupport_introspection_cpp
[3.539s] -- Found rmw_implementation_cmake: 1.0.4 (/opt/ros/foxy/share/rmw_implementation_cmake/cmake)
[3.546s] -- Using RMW implementation 'rmw_fastrtps_cpp' as default
[3.548s] -- Looking for pthread.h
[3.739s] -- Looking for pthread.h - found
[3.739s] -- Performing Test CMAKE_HAVE_LIBC_PTHREAD
[3.986s] -- Performing Test CMAKE_HAVE_LIBC_PTHREAD - Failed
[3.986s] -- Looking for pthread_create in pthreads
[4.191s] -- Looking for pthread_create in pthreads - not found
[4.191s] -- Looking for pthread_create in pthread
[4.391s] -- Looking for pthread_create in pthread - found
[4.393s] -- Found Threads: TRUE  
[4.729s] -- Setting build type to Release as none was specified.
[4.744s] -- Found ament_lint_auto: 0.9.8 (/opt/ros/foxy/share/ament_lint_auto/cmake)
[5.024s] -- Found gtest sources under '/opt/ros/foxy/src/gtest_vendor': C++ tests using 'Google Test' will be built
[5.029s] -- Check if compiler accepts -pthread
[5.230s] -- Check if compiler accepts -pthread - yes
[5.237s] -- Added test 'cppcheck' to perform static code analysis on C / C++ code
[5.237s] -- Configured cppcheck include dirs: /home/agilex/limo_ros2_ws/src/navigation2/nav2_voxel_grid/include
[5.237s] -- Configured cppcheck exclude dirs and/or files: 
[5.240s] -- Added test 'cpplint' to check C / C++ code against the Google style
[5.240s] -- Configured cpplint exclude dirs and/or files: 
[5.243s] -- Added test 'lint_cmake' to check CMake code style
[5.246s] -- Added test 'uncrustify' to check C / C++ code style
[5.246s] -- Configured uncrustify additional arguments: 
[5.248s] -- Added test 'xmllint' to check XML markup files
[5.263s] -- Configuring done
[5.289s] -- Generating done
[5.293s] -- Build files have been written to: /home/agilex/limo_ros2_ws/src/build/nav2_voxel_grid
