[0.068s] Invoking command in '/home/agilex/limo_ros2_ws/src/build/image_proc': AMENT_PREFIX_PATH=/home/agilex/limo_ros2_ws/src/install/tracetools_image_pipeline:${AMENT_PREFIX_PATH} CMAKE_PREFIX_PATH=/home/agilex/limo_ros2_ws/src/install/tracetools_image_pipeline:/home/agilex/limo_ros2_ws/install/ydlidar_sdk:/home/agilex/limo_ros2_ws/install/ydlidar_ros2_driver:/home/agilex/limo_ros2_ws/install/teb_local_planner:/home/agilex/limo_ros2_ws/install/teb_msgs:/home/agilex/limo_ros2_ws/install/nav2_system_tests:/home/agilex/limo_ros2_ws/install/nav2_bringup:/home/agilex/limo_ros2_ws/install/navigation2:/home/agilex/limo_ros2_ws/install/smac_planner:/home/agilex/limo_ros2_ws/install/rf2o_laser_odometry:/home/agilex/limo_ros2_ws/install/orbbec_description:/home/agilex/limo_ros2_ws/install/orbbec_camera:/home/agilex/limo_ros2_ws/install/orbbec_camera_msgs:/home/agilex/limo_ros2_ws/install/nav2_dwb_controller:/home/agilex/limo_ros2_ws/install/nav2_controller:/home/agilex/limo_ros2_ws/install/dwb_plugins:/home/agilex/limo_ros2_ws/install/dwb_critics:/home/agilex/limo_ros2_ws/install/dwb_core:/home/agilex/limo_ros2_ws/install/nav_2d_utils:/home/agilex/limo_ros2_ws/install/dwb_msgs:/home/agilex/limo_ros2_ws/install/nav_2d_msgs:/home/agilex/limo_ros2_ws/install/nav2_waypoint_follower:/home/agilex/limo_ros2_ws/install/nav2_regulated_pure_pursuit_controller:/home/agilex/limo_ros2_ws/install/nav2_recoveries:/home/agilex/limo_ros2_ws/install/nav2_planner:/home/agilex/limo_ros2_ws/install/nav2_navfn_planner:/home/agilex/limo_ros2_ws/install/nav2_core:/home/agilex/limo_ros2_ws/install/costmap_queue:/home/agilex/limo_ros2_ws/install/costmap_converter:/home/agilex/limo_ros2_ws/install/nav2_costmap_2d:/home/agilex/limo_ros2_ws/install/nav2_voxel_grid:/home/agilex/limo_ros2_ws/install/nav2_rviz_plugins:/home/agilex/limo_ros2_ws/install/nav2_map_server:/home/agilex/limo_ros2_ws/install/nav2_lifecycle_manager:/home/agilex/limo_ros2_ws/install/nav2_bt_navigator:/home/agilex/limo_ros2_ws/install/nav2_behavior_tree:/home/agilex/limo_ros2_ws/install/nav2_amcl:/home/agilex/limo_ros2_ws/install/nav2_util:/home/agilex/limo_ros2_ws/install/nav2_msgs:/home/agilex/limo_ros2_ws/install/nav2_common:/home/agilex/limo_ros2_ws/install/magic_enum:/home/agilex/limo_ros2_ws/install/limo_visions:/home/agilex/limo_ros2_ws/install/limo_bringup:/home/agilex/limo_ros2_ws/install/limo_base:/home/agilex/limo_ros2_ws/install/limo_msgs:/home/agilex/limo_ros2_ws/install/limo_description:/home/agilex/limo_ros2_ws/install/libuvc:/home/agilex/limo_ros2_ws/install/glog:/home/agilex/limo_ros2_ws/install/costmap_converter_msgs:/home/agilex/limo_ros2_ws/install/astra_camera:/home/agilex/limo_ros2_ws/install/astra_camera_msgs:/home/agilex/limo_ros2_ws/install/nav2_gazebo_spawner:/opt/ros/foxy LD_LIBRARY_PATH=/home/agilex/limo_ros2_ws/src/install/tracetools_image_pipeline/lib:${LD_LIBRARY_PATH} /usr/bin/cmake /home/agilex/limo_ros2_ws/src/image_pipeline/image_proc -DCMAKE_INSTALL_PREFIX=/home/agilex/limo_ros2_ws/src/install/image_proc
[0.249s] -- The C compiler identification is GNU 9.4.0
[0.392s] -- The CXX compiler identification is GNU 9.4.0
[0.407s] -- Check for working C compiler: /usr/bin/cc
[0.625s] -- Check for working C compiler: /usr/bin/cc -- works
[0.625s] -- Detecting C compiler ABI info
[0.956s] -- Detecting C compiler ABI info - done
[0.983s] -- Detecting C compile features
[0.983s] -- Detecting C compile features - done
[0.989s] -- Check for working CXX compiler: /usr/bin/c++
[1.232s] -- Check for working CXX compiler: /usr/bin/c++ -- works
[1.234s] -- Detecting CXX compiler ABI info
[1.500s] -- Detecting CXX compiler ABI info - done
[1.518s] -- Detecting CXX compile features
[1.520s] -- Detecting CXX compile features - done
[1.532s] -- Found ament_cmake_auto: 0.9.12 (/opt/ros/foxy/share/ament_cmake_auto/cmake)
[1.633s] -- Found PythonInterp: /usr/bin/python3 (found suitable version "3.8.10", minimum required is "3") 
[1.633s] -- Using PYTHON_EXECUTABLE: /usr/bin/python3
[2.818s] -- Using all available rosidl_typesupport_c: rosidl_typesupport_fastrtps_c;rosidl_typesupport_introspection_c
[2.859s] -- Found rosidl_adapter: 1.3.1 (/opt/ros/foxy/share/rosidl_adapter/cmake)
[3.253s] -- Found OpenSSL: /usr/lib/aarch64-linux-gnu/libcrypto.so (found version "1.1.1f")  
[3.365s] -- Found FastRTPS: /opt/ros/foxy/include  
[3.641s] -- Using all available rosidl_typesupport_cpp: rosidl_typesupport_fastrtps_cpp;rosidl_typesupport_introspection_cpp
[3.810s] -- Found rmw_implementation_cmake: 1.0.4 (/opt/ros/foxy/share/rmw_implementation_cmake/cmake)
[3.817s] -- Using RMW implementation 'rmw_fastrtps_cpp' as default
[3.819s] -- Looking for pthread.h
[4.014s] -- Looking for pthread.h - found
[4.015s] -- Performing Test CMAKE_HAVE_LIBC_PTHREAD
[4.210s] -- Performing Test CMAKE_HAVE_LIBC_PTHREAD - Failed
[4.210s] -- Looking for pthread_create in pthreads
[4.383s] -- Looking for pthread_create in pthreads - not found
[4.383s] -- Looking for pthread_create in pthread
[4.570s] -- Looking for pthread_create in pthread - found
[4.574s] -- Found Threads: TRUE  
[5.189s] -- Setting yaml-cpp_DIR to: '/opt/ros/foxy/share/yaml_cpp_vendor/cmake/../../../opt/yaml_cpp_vendor/lib/cmake/yaml-cpp'
[5.656s] -- Found eigen3_cmake_module: 0.1.1 (/opt/ros/foxy/share/eigen3_cmake_module/cmake)
[5.669s] -- Found Eigen3: TRUE (found version "3.3.7") 
[6.305s] -- Found OpenCV: /usr (found version "4.2.0") 
[7.256s] -- Found ament_lint_auto: 0.9.8 (/opt/ros/foxy/share/ament_lint_auto/cmake)
[7.369s] -- Found ament_cmake_gtest: 0.9.12 (/opt/ros/foxy/share/ament_cmake_gtest/cmake)
[7.370s] CMake Error at CMakeLists.txt:112 (ament_auto_add_gtest):
[7.370s]   Unknown CMake command "ament_auto_add_gtest".
[7.371s] 
[7.371s] 
[7.377s] -- Configuring incomplete, errors occurred!
[7.378s] See also "/home/agilex/limo_ros2_ws/src/build/image_proc/CMakeFiles/CMakeOutput.log".
[7.378s] See also "/home/agilex/limo_ros2_ws/src/build/image_proc/CMakeFiles/CMakeError.log".
