[0.054s] Invoking command in '/home/agilex/limo_ros2_ws/build/image_rotate': CMAKE_PREFIX_PATH=${CMAKE_PREFIX_PATH}:/home/agilex/limo_ros2_ws/install/nav2_gazebo_spawner:/opt/ros/foxy /usr/bin/cmake /home/agilex/limo_ros2_ws/src/image_pipeline/image_rotate -DCMAKE_INSTALL_PREFIX=/home/agilex/limo_ros2_ws/install/image_rotate
[0.272s] -- The C compiler identification is GNU 9.4.0
[0.403s] -- The CXX compiler identification is GNU 9.4.0
[0.418s] -- Check for working C compiler: /usr/bin/cc
[0.644s] -- Check for working C compiler: /usr/bin/cc -- works
[0.646s] -- Detecting C compiler ABI info
[0.864s] -- Detecting C compiler ABI info - done
[0.878s] -- Detecting C compile features
[0.878s] -- Detecting C compile features - done
[0.886s] -- Check for working CXX compiler: /usr/bin/c++
[1.104s] -- Check for working CXX compiler: /usr/bin/c++ -- works
[1.105s] -- Detecting CXX compiler ABI info
[1.314s] -- Detecting CXX compiler ABI info - done
[1.334s] -- Detecting CXX compile features
[1.335s] -- Detecting CXX compile features - done
[1.347s] -- Found ament_cmake_auto: 0.9.12 (/opt/ros/foxy/share/ament_cmake_auto/cmake)
[1.434s] -- Found PythonInterp: /usr/bin/python3 (found suitable version "3.8.10", minimum required is "3") 
[1.434s] -- Using PYTHON_EXECUTABLE: /usr/bin/python3
[2.347s] -- Using all available rosidl_typesupport_c: rosidl_typesupport_fastrtps_c;rosidl_typesupport_introspection_c
[2.386s] -- Found rosidl_adapter: 1.3.1 (/opt/ros/foxy/share/rosidl_adapter/cmake)
[2.698s] -- Found OpenSSL: /usr/lib/aarch64-linux-gnu/libcrypto.so (found version "1.1.1f")  
[2.783s] -- Found FastRTPS: /opt/ros/foxy/include  
[3.004s] -- Using all available rosidl_typesupport_cpp: rosidl_typesupport_fastrtps_cpp;rosidl_typesupport_introspection_cpp
[3.560s] -- Found rmw_implementation_cmake: 1.0.4 (/opt/ros/foxy/share/rmw_implementation_cmake/cmake)
[3.567s] -- Using RMW implementation 'rmw_fastrtps_cpp' as default
[3.569s] -- Looking for pthread.h
[3.755s] -- Looking for pthread.h - found
[3.755s] -- Performing Test CMAKE_HAVE_LIBC_PTHREAD
[3.942s] -- Performing Test CMAKE_HAVE_LIBC_PTHREAD - Failed
[3.943s] -- Looking for pthread_create in pthreads
[4.104s] -- Looking for pthread_create in pthreads - not found
[4.104s] -- Looking for pthread_create in pthread
[4.290s] -- Looking for pthread_create in pthread - found
[4.292s] -- Found Threads: TRUE  
[4.927s] -- Found eigen3_cmake_module: 0.1.1 (/opt/ros/foxy/share/eigen3_cmake_module/cmake)
[4.941s] -- Found Eigen3: TRUE (found version "3.3.7") 
[5.575s] -- Found OpenCV: /usr (found version "4.2.0") found components: core imgproc 
[5.698s] -- Found ament_lint_auto: 0.9.8 (/opt/ros/foxy/share/ament_lint_auto/cmake)
[5.808s] -- Added test 'copyright' to check source files copyright and LICENSE
[5.812s] -- Added test 'cppcheck' to perform static code analysis on C / C++ code
[5.812s] -- Configured cppcheck include dirs: /home/agilex/limo_ros2_ws/src/image_pipeline/image_rotate/include
[5.812s] -- Configured cppcheck exclude dirs and/or files: 
[5.815s] -- Added test 'cpplint' to check C / C++ code against the Google style
[5.816s] -- Configured cpplint exclude dirs and/or files: 
[5.817s] -- Added test 'flake8' to check Python code syntax and style conventions
[5.820s] -- Added test 'lint_cmake' to check CMake code style
[5.822s] -- Added test 'pep257' to check Python code against some of the style conventions in PEP 257
[5.825s] -- Added test 'uncrustify' to check C / C++ code style
[5.825s] -- Configured uncrustify additional arguments: 
[5.827s] -- Added test 'xmllint' to check XML markup files
[5.842s] -- Configuring done
[5.967s] -- Generating done
[5.971s] -- Build files have been written to: /home/agilex/limo_ros2_ws/build/image_rotate
