[0.049s] Invoking command in '/home/agilex/limo_ros2_ws/build/rf2o_laser_odometry': CMAKE_PREFIX_PATH=${CMAKE_PREFIX_PATH}:/home/agilex/limo_ros2_ws/install/nav2_gazebo_spawner:/opt/ros/foxy /usr/bin/cmake --build /home/agilex/limo_ros2_ws/build/rf2o_laser_odometry -- -j6 -l6
[0.260s] [ 40%] Built target rf2o_laser_odometry
[0.292s] [100%] Built target rf2o_laser_odometry_node
[0.339s] Invoked command in '/home/agilex/limo_ros2_ws/build/rf2o_laser_odometry' returned '0': CMAKE_PREFIX_PATH=${CMAKE_PREFIX_PATH}:/home/agilex/limo_ros2_ws/install/nav2_gazebo_spawner:/opt/ros/foxy /usr/bin/cmake --build /home/agilex/limo_ros2_ws/build/rf2o_laser_odometry -- -j6 -l6
[0.489s] Invoking command in '/home/agilex/limo_ros2_ws/build/rf2o_laser_odometry': CMAKE_PREFIX_PATH=${CMAKE_PREFIX_PATH}:/home/agilex/limo_ros2_ws/install/nav2_gazebo_spawner:/opt/ros/foxy /usr/bin/cmake --install /home/agilex/limo_ros2_ws/build/rf2o_laser_odometry
[0.521s] -- Install configuration: ""
[0.528s] -- Up-to-date: /home/agilex/limo_ros2_ws/install/rf2o_laser_odometry/lib/rf2o_laser_odometry/rf2o_laser_odometry_node
[0.528s] -- Up-to-date: /home/agilex/limo_ros2_ws/install/rf2o_laser_odometry/share/rf2o_laser_odometry/launch
[0.529s] -- Up-to-date: /home/agilex/limo_ros2_ws/install/rf2o_laser_odometry/share/rf2o_laser_odometry/launch/rf2o_laser_odometry.launch.py
[0.529s] -- Up-to-date: /home/agilex/limo_ros2_ws/install/rf2o_laser_odometry/share/ament_index/resource_index/package_run_dependencies/rf2o_laser_odometry
[0.529s] -- Up-to-date: /home/agilex/limo_ros2_ws/install/rf2o_laser_odometry/share/ament_index/resource_index/parent_prefix_path/rf2o_laser_odometry
[0.530s] -- Up-to-date: /home/agilex/limo_ros2_ws/install/rf2o_laser_odometry/share/rf2o_laser_odometry/environment/ament_prefix_path.sh
[0.530s] -- Up-to-date: /home/agilex/limo_ros2_ws/install/rf2o_laser_odometry/share/rf2o_laser_odometry/environment/ament_prefix_path.dsv
[0.530s] -- Up-to-date: /home/agilex/limo_ros2_ws/install/rf2o_laser_odometry/share/rf2o_laser_odometry/environment/path.sh
[0.531s] -- Up-to-date: /home/agilex/limo_ros2_ws/install/rf2o_laser_odometry/share/rf2o_laser_odometry/environment/path.dsv
[0.531s] -- Up-to-date: /home/agilex/limo_ros2_ws/install/rf2o_laser_odometry/share/rf2o_laser_odometry/local_setup.bash
[0.534s] -- Up-to-date: /home/agilex/limo_ros2_ws/install/rf2o_laser_odometry/share/rf2o_laser_odometry/local_setup.sh
[0.548s] -- Up-to-date: /home/agilex/limo_ros2_ws/install/rf2o_laser_odometry/share/rf2o_laser_odometry/local_setup.zsh
[0.548s] -- Up-to-date: /home/agilex/limo_ros2_ws/install/rf2o_laser_odometry/share/rf2o_laser_odometry/local_setup.dsv
[0.549s] -- Installing: /home/agilex/limo_ros2_ws/install/rf2o_laser_odometry/share/rf2o_laser_odometry/package.dsv
[0.551s] -- Up-to-date: /home/agilex/limo_ros2_ws/install/rf2o_laser_odometry/share/ament_index/resource_index/packages/rf2o_laser_odometry
[0.552s] -- Up-to-date: /home/agilex/limo_ros2_ws/install/rf2o_laser_odometry/share/rf2o_laser_odometry/cmake/rf2o_laser_odometryConfig.cmake
[0.552s] -- Up-to-date: /home/agilex/limo_ros2_ws/install/rf2o_laser_odometry/share/rf2o_laser_odometry/cmake/rf2o_laser_odometryConfig-version.cmake
[0.553s] -- Up-to-date: /home/agilex/limo_ros2_ws/install/rf2o_laser_odometry/share/rf2o_laser_odometry/package.xml
[0.559s] Invoked command in '/home/agilex/limo_ros2_ws/build/rf2o_laser_odometry' returned '0': CMAKE_PREFIX_PATH=${CMAKE_PREFIX_PATH}:/home/agilex/limo_ros2_ws/install/nav2_gazebo_spawner:/opt/ros/foxy /usr/bin/cmake --install /home/agilex/limo_ros2_ws/build/rf2o_laser_odometry
