[0.059s] Invoking command in '/home/agilex/limo_ros2_ws/build/orbbec_camera': CMAKE_PREFIX_PATH=/home/agilex/limo_ros2_ws/install/orbbec_camera_msgs:/home/agilex/limo_ros2_ws/install/ydlidar_sdk:/home/agilex/limo_ros2_ws/install/ydlidar_ros2_driver:/home/agilex/limo_ros2_ws/install/teb_local_planner:/home/agilex/limo_ros2_ws/install/teb_msgs:/home/agilex/limo_ros2_ws/install/nav2_system_tests:/home/agilex/limo_ros2_ws/install/nav2_bringup:/home/agilex/limo_ros2_ws/install/navigation2:/home/agilex/limo_ros2_ws/install/smac_planner:/home/agilex/limo_ros2_ws/install/rf2o_laser_odometry:/home/agilex/limo_ros2_ws/install/orbbec_description:/home/agilex/limo_ros2_ws/install/orbbec_camera:/home/agilex/limo_ros2_ws/install/nav2_dwb_controller:/home/agilex/limo_ros2_ws/install/nav2_controller:/home/agilex/limo_ros2_ws/install/dwb_plugins:/home/agilex/limo_ros2_ws/install/dwb_critics:/home/agilex/limo_ros2_ws/install/dwb_core:/home/agilex/limo_ros2_ws/install/nav_2d_utils:/home/agilex/limo_ros2_ws/install/dwb_msgs:/home/agilex/limo_ros2_ws/install/nav_2d_msgs:/home/agilex/limo_ros2_ws/install/nav2_waypoint_follower:/home/agilex/limo_ros2_ws/install/nav2_regulated_pure_pursuit_controller:/home/agilex/limo_ros2_ws/install/nav2_recoveries:/home/agilex/limo_ros2_ws/install/nav2_planner:/home/agilex/limo_ros2_ws/install/nav2_navfn_planner:/home/agilex/limo_ros2_ws/install/nav2_core:/home/agilex/limo_ros2_ws/install/costmap_queue:/home/agilex/limo_ros2_ws/install/costmap_converter:/home/agilex/limo_ros2_ws/install/nav2_costmap_2d:/home/agilex/limo_ros2_ws/install/nav2_voxel_grid:/home/agilex/limo_ros2_ws/install/nav2_rviz_plugins:/home/agilex/limo_ros2_ws/install/nav2_map_server:/home/agilex/limo_ros2_ws/install/nav2_lifecycle_manager:/home/agilex/limo_ros2_ws/install/nav2_bt_navigator:/home/agilex/limo_ros2_ws/install/nav2_behavior_tree:/home/agilex/limo_ros2_ws/install/nav2_amcl:/home/agilex/limo_ros2_ws/install/nav2_util:/home/agilex/limo_ros2_ws/install/nav2_msgs:/home/agilex/limo_ros2_ws/install/nav2_common:/home/agilex/limo_ros2_ws/install/magic_enum:/home/agilex/limo_ros2_ws/install/limo_visions:/home/agilex/limo_ros2_ws/install/limo_bringup:/home/agilex/limo_ros2_ws/install/limo_base:/home/agilex/limo_ros2_ws/install/limo_msgs:/home/agilex/limo_ros2_ws/install/limo_description:/home/agilex/limo_ros2_ws/install/libuvc:/home/agilex/limo_ros2_ws/install/glog:/home/agilex/limo_ros2_ws/install/costmap_converter_msgs:/home/agilex/limo_ros2_ws/install/astra_camera_msgs:/home/agilex/limo_ros2_ws/install/nav2_gazebo_spawner:/opt/ros/foxy LD_LIBRARY_PATH=/home/agilex/limo_ros2_ws/install/orbbec_camera_msgs/lib:/home/agilex/limo_ros2_ws/install/teb_local_planner/lib:/home/agilex/limo_ros2_ws/install/teb_msgs/lib:/home/agilex/limo_ros2_ws/install/smac_planner/lib:/home/agilex/limo_ros2_ws/install/orbbec_camera/lib:/home/agilex/limo_ros2_ws/install/nav2_controller/lib:/home/agilex/limo_ros2_ws/install/dwb_plugins/lib:/home/agilex/limo_ros2_ws/install/dwb_critics/lib:/home/agilex/limo_ros2_ws/install/dwb_core/lib:/home/agilex/limo_ros2_ws/install/nav_2d_utils/lib:/home/agilex/limo_ros2_ws/install/dwb_msgs/lib:/home/agilex/limo_ros2_ws/install/nav_2d_msgs/lib:/home/agilex/limo_ros2_ws/install/nav2_waypoint_follower/lib:/home/agilex/limo_ros2_ws/install/nav2_regulated_pure_pursuit_controller/lib:/home/agilex/limo_ros2_ws/install/nav2_recoveries/lib:/home/agilex/limo_ros2_ws/install/nav2_planner/lib:/home/agilex/limo_ros2_ws/install/nav2_navfn_planner/lib:/home/agilex/limo_ros2_ws/install/costmap_queue/lib:/home/agilex/limo_ros2_ws/install/costmap_converter/lib:/home/agilex/limo_ros2_ws/install/nav2_costmap_2d/lib:/home/agilex/limo_ros2_ws/install/nav2_voxel_grid/lib:/home/agilex/limo_ros2_ws/install/nav2_rviz_plugins/lib:/home/agilex/limo_ros2_ws/install/nav2_map_server/lib:/home/agilex/limo_ros2_ws/install/nav2_lifecycle_manager/lib:/home/agilex/limo_ros2_ws/install/nav2_bt_navigator/lib:/home/agilex/limo_ros2_ws/install/nav2_behavior_tree/lib:/home/agilex/limo_ros2_ws/install/nav2_amcl/lib:/home/agilex/limo_ros2_ws/install/nav2_util/lib:/home/agilex/limo_ros2_ws/install/nav2_msgs/lib:/home/agilex/limo_ros2_ws/install/limo_msgs/lib:/home/agilex/limo_ros2_ws/install/libuvc/lib:/home/agilex/limo_ros2_ws/install/glog/lib:/home/agilex/limo_ros2_ws/install/costmap_converter_msgs/lib:/home/agilex/limo_ros2_ws/install/astra_camera_msgs/lib:/usr/lib/aarch64-linux-gnu/gazebo-11/plugins:/opt/ros/foxy/opt/yaml_cpp_vendor/lib:/opt/ros/foxy/opt/rviz_ogre_vendor/lib:/opt/ros/foxy/lib/aarch64-linux-gnu:/opt/ros/foxy/lib PYTHONPATH=/home/agilex/limo_ros2_ws/install/orbbec_camera_msgs/lib/python3.8/site-packages:/home/agilex/limo_ros2_ws/install/teb_msgs/lib/python3.8/site-packages:/home/agilex/limo_ros2_ws/install/dwb_msgs/lib/python3.8/site-packages:/home/agilex/limo_ros2_ws/install/nav_2d_msgs/lib/python3.8/site-packages:/home/agilex/limo_ros2_ws/install/nav2_msgs/lib/python3.8/site-packages:/home/agilex/limo_ros2_ws/install/nav2_gazebo_spawner/lib/python3.8/site-packages:/home/agilex/limo_ros2_ws/install/nav2_common/lib/python3.8/site-packages:/home/agilex/limo_ros2_ws/install/limo_msgs/lib/python3.8/site-packages:/home/agilex/limo_ros2_ws/install/costmap_converter_msgs/lib/python3.8/site-packages:/home/agilex/limo_ros2_ws/install/astra_camera_msgs/lib/python3.8/site-packages:/opt/ros/foxy/lib/python3.8/site-packages /usr/bin/cmake /home/agilex/limo_ros2_ws/src/OrbbecSDK_ROS2/orbbec_camera -DCMAKE_BUILD_TYPE=Release -DCMAKE_INSTALL_PREFIX=/home/agilex/limo_ros2_ws/install/orbbec_camera
[0.116s] -- Found ament_cmake: 0.9.12 (/opt/ros/foxy/share/ament_cmake/cmake)
[0.179s] -- Using PYTHON_EXECUTABLE: /usr/bin/python3
[0.619s] -- Found ament_index_cpp: 1.1.0 (/opt/ros/foxy/share/ament_index_cpp/cmake)
[0.628s] -- Found builtin_interfaces: 1.0.0 (/opt/ros/foxy/share/builtin_interfaces/cmake)
[0.686s] -- Using all available rosidl_typesupport_c: rosidl_typesupport_fastrtps_c;rosidl_typesupport_introspection_c
[0.694s] -- Found rosidl_adapter: 1.3.1 (/opt/ros/foxy/share/rosidl_adapter/cmake)
[1.014s] -- Using all available rosidl_typesupport_cpp: rosidl_typesupport_fastrtps_cpp;rosidl_typesupport_introspection_cpp
[1.061s] -- Found cv_bridge: 3.0.7 (/opt/ros/foxy/share/cv_bridge/cmake)
[1.366s] -- Found camera_info_manager: 2.4.0 (/opt/ros/foxy/share/camera_info_manager/cmake)
[1.445s] -- Found rmw_implementation_cmake: 1.0.4 (/opt/ros/foxy/share/rmw_implementation_cmake/cmake)
[1.451s] -- Using RMW implementation 'rmw_fastrtps_cpp' as default
[1.740s] -- Setting yaml-cpp_DIR to: '/opt/ros/foxy/share/yaml_cpp_vendor/cmake/../../../opt/yaml_cpp_vendor/lib/cmake/yaml-cpp'
[1.872s] -- Found image_transport: 2.4.0 (/opt/ros/foxy/share/image_transport/cmake)
[1.955s] -- Found image_publisher: 2.3.0 (/opt/ros/foxy/share/image_publisher/cmake)
[2.205s] -- Found orbbec_camera_msgs: 1.2.2 (/home/agilex/limo_ros2_ws/install/orbbec_camera_msgs/share/orbbec_camera_msgs/cmake)
[2.413s] -- Found std_srvs: 2.0.5 (/opt/ros/foxy/share/std_srvs/cmake)
[2.433s] -- Found tf2: 0.13.14 (/opt/ros/foxy/share/tf2/cmake)
[2.451s] -- Found tf2_eigen: 0.13.14 (/opt/ros/foxy/share/tf2_eigen/cmake)
[2.972s] -- Found tf2_sensor_msgs: 0.13.14 (/opt/ros/foxy/share/tf2_sensor_msgs/cmake)
[3.007s] -- Found diagnostic_updater: 3.1.2 (/opt/ros/foxy/share/diagnostic_updater/cmake)
[3.127s] -- Found backward_ros: 1.0.1 (/opt/ros/foxy/share/backward_ros/cmake)
[3.142s] -- Could NOT find libbfd (missing: LIBBFD_LIBRARY LIBBFD_INCLUDE_DIR) 
[3.143s] -- BACKWARD_HAS_UNWIND=1
[3.143s] -- BACKWARD_HAS_BACKTRACE=0
[3.143s] -- BACKWARD_HAS_BACKTRACE_SYMBOL=0
[3.143s] -- BACKWARD_HAS_DW=1
[3.143s] -- BACKWARD_HAS_BFD=0
[3.145s] -- Found Backward: /opt/ros/foxy/share/backward_ros/cmake  
[3.167s] -- ORRBEC Machine : aarch64
[3.168s] 
[3.168s] -- ORRBEC Machine Bits : 64
[3.168s] 
[7.980s] -- Found ament_lint_auto: 0.9.8 (/opt/ros/foxy/share/ament_lint_auto/cmake)
[8.152s] -- Configuring done
[8.700s] -- Generating done
[8.706s] -- Build files have been written to: /home/agilex/limo_ros2_ws/build/orbbec_camera
[8.757s] Invoked command in '/home/agilex/limo_ros2_ws/build/orbbec_camera' returned '0': CMAKE_PREFIX_PATH=/home/agilex/limo_ros2_ws/install/orbbec_camera_msgs:/home/agilex/limo_ros2_ws/install/ydlidar_sdk:/home/agilex/limo_ros2_ws/install/ydlidar_ros2_driver:/home/agilex/limo_ros2_ws/install/teb_local_planner:/home/agilex/limo_ros2_ws/install/teb_msgs:/home/agilex/limo_ros2_ws/install/nav2_system_tests:/home/agilex/limo_ros2_ws/install/nav2_bringup:/home/agilex/limo_ros2_ws/install/navigation2:/home/agilex/limo_ros2_ws/install/smac_planner:/home/agilex/limo_ros2_ws/install/rf2o_laser_odometry:/home/agilex/limo_ros2_ws/install/orbbec_description:/home/agilex/limo_ros2_ws/install/orbbec_camera:/home/agilex/limo_ros2_ws/install/nav2_dwb_controller:/home/agilex/limo_ros2_ws/install/nav2_controller:/home/agilex/limo_ros2_ws/install/dwb_plugins:/home/agilex/limo_ros2_ws/install/dwb_critics:/home/agilex/limo_ros2_ws/install/dwb_core:/home/agilex/limo_ros2_ws/install/nav_2d_utils:/home/agilex/limo_ros2_ws/install/dwb_msgs:/home/agilex/limo_ros2_ws/install/nav_2d_msgs:/home/agilex/limo_ros2_ws/install/nav2_waypoint_follower:/home/agilex/limo_ros2_ws/install/nav2_regulated_pure_pursuit_controller:/home/agilex/limo_ros2_ws/install/nav2_recoveries:/home/agilex/limo_ros2_ws/install/nav2_planner:/home/agilex/limo_ros2_ws/install/nav2_navfn_planner:/home/agilex/limo_ros2_ws/install/nav2_core:/home/agilex/limo_ros2_ws/install/costmap_queue:/home/agilex/limo_ros2_ws/install/costmap_converter:/home/agilex/limo_ros2_ws/install/nav2_costmap_2d:/home/agilex/limo_ros2_ws/install/nav2_voxel_grid:/home/agilex/limo_ros2_ws/install/nav2_rviz_plugins:/home/agilex/limo_ros2_ws/install/nav2_map_server:/home/agilex/limo_ros2_ws/install/nav2_lifecycle_manager:/home/agilex/limo_ros2_ws/install/nav2_bt_navigator:/home/agilex/limo_ros2_ws/install/nav2_behavior_tree:/home/agilex/limo_ros2_ws/install/nav2_amcl:/home/agilex/limo_ros2_ws/install/nav2_util:/home/agilex/limo_ros2_ws/install/nav2_msgs:/home/agilex/limo_ros2_ws/install/nav2_common:/home/agilex/limo_ros2_ws/install/magic_enum:/home/agilex/limo_ros2_ws/install/limo_visions:/home/agilex/limo_ros2_ws/install/limo_bringup:/home/agilex/limo_ros2_ws/install/limo_base:/home/agilex/limo_ros2_ws/install/limo_msgs:/home/agilex/limo_ros2_ws/install/limo_description:/home/agilex/limo_ros2_ws/install/libuvc:/home/agilex/limo_ros2_ws/install/glog:/home/agilex/limo_ros2_ws/install/costmap_converter_msgs:/home/agilex/limo_ros2_ws/install/astra_camera_msgs:/home/agilex/limo_ros2_ws/install/nav2_gazebo_spawner:/opt/ros/foxy LD_LIBRARY_PATH=/home/agilex/limo_ros2_ws/install/orbbec_camera_msgs/lib:/home/agilex/limo_ros2_ws/install/teb_local_planner/lib:/home/agilex/limo_ros2_ws/install/teb_msgs/lib:/home/agilex/limo_ros2_ws/install/smac_planner/lib:/home/agilex/limo_ros2_ws/install/orbbec_camera/lib:/home/agilex/limo_ros2_ws/install/nav2_controller/lib:/home/agilex/limo_ros2_ws/install/dwb_plugins/lib:/home/agilex/limo_ros2_ws/install/dwb_critics/lib:/home/agilex/limo_ros2_ws/install/dwb_core/lib:/home/agilex/limo_ros2_ws/install/nav_2d_utils/lib:/home/agilex/limo_ros2_ws/install/dwb_msgs/lib:/home/agilex/limo_ros2_ws/install/nav_2d_msgs/lib:/home/agilex/limo_ros2_ws/install/nav2_waypoint_follower/lib:/home/agilex/limo_ros2_ws/install/nav2_regulated_pure_pursuit_controller/lib:/home/agilex/limo_ros2_ws/install/nav2_recoveries/lib:/home/agilex/limo_ros2_ws/install/nav2_planner/lib:/home/agilex/limo_ros2_ws/install/nav2_navfn_planner/lib:/home/agilex/limo_ros2_ws/install/costmap_queue/lib:/home/agilex/limo_ros2_ws/install/costmap_converter/lib:/home/agilex/limo_ros2_ws/install/nav2_costmap_2d/lib:/home/agilex/limo_ros2_ws/install/nav2_voxel_grid/lib:/home/agilex/limo_ros2_ws/install/nav2_rviz_plugins/lib:/home/agilex/limo_ros2_ws/install/nav2_map_server/lib:/home/agilex/limo_ros2_ws/install/nav2_lifecycle_manager/lib:/home/agilex/limo_ros2_ws/install/nav2_bt_navigator/lib:/home/agilex/limo_ros2_ws/install/nav2_behavior_tree/lib:/home/agilex/limo_ros2_ws/install/nav2_amcl/lib:/home/agilex/limo_ros2_ws/install/nav2_util/lib:/home/agilex/limo_ros2_ws/install/nav2_msgs/lib:/home/agilex/limo_ros2_ws/install/limo_msgs/lib:/home/agilex/limo_ros2_ws/install/libuvc/lib:/home/agilex/limo_ros2_ws/install/glog/lib:/home/agilex/limo_ros2_ws/install/costmap_converter_msgs/lib:/home/agilex/limo_ros2_ws/install/astra_camera_msgs/lib:/usr/lib/aarch64-linux-gnu/gazebo-11/plugins:/opt/ros/foxy/opt/yaml_cpp_vendor/lib:/opt/ros/foxy/opt/rviz_ogre_vendor/lib:/opt/ros/foxy/lib/aarch64-linux-gnu:/opt/ros/foxy/lib PYTHONPATH=/home/agilex/limo_ros2_ws/install/orbbec_camera_msgs/lib/python3.8/site-packages:/home/agilex/limo_ros2_ws/install/teb_msgs/lib/python3.8/site-packages:/home/agilex/limo_ros2_ws/install/dwb_msgs/lib/python3.8/site-packages:/home/agilex/limo_ros2_ws/install/nav_2d_msgs/lib/python3.8/site-packages:/home/agilex/limo_ros2_ws/install/nav2_msgs/lib/python3.8/site-packages:/home/agilex/limo_ros2_ws/install/nav2_gazebo_spawner/lib/python3.8/site-packages:/home/agilex/limo_ros2_ws/install/nav2_common/lib/python3.8/site-packages:/home/agilex/limo_ros2_ws/install/limo_msgs/lib/python3.8/site-packages:/home/agilex/limo_ros2_ws/install/costmap_converter_msgs/lib/python3.8/site-packages:/home/agilex/limo_ros2_ws/install/astra_camera_msgs/lib/python3.8/site-packages:/opt/ros/foxy/lib/python3.8/site-packages /usr/bin/cmake /home/agilex/limo_ros2_ws/src/OrbbecSDK_ROS2/orbbec_camera -DCMAKE_BUILD_TYPE=Release -DCMAKE_INSTALL_PREFIX=/home/agilex/limo_ros2_ws/install/orbbec_camera
[8.759s] Invoking command in '/home/agilex/limo_ros2_ws/build/orbbec_camera': CMAKE_PREFIX_PATH=/home/agilex/limo_ros2_ws/install/orbbec_camera_msgs:/home/agilex/limo_ros2_ws/install/ydlidar_sdk:/home/agilex/limo_ros2_ws/install/ydlidar_ros2_driver:/home/agilex/limo_ros2_ws/install/teb_local_planner:/home/agilex/limo_ros2_ws/install/teb_msgs:/home/agilex/limo_ros2_ws/install/nav2_system_tests:/home/agilex/limo_ros2_ws/install/nav2_bringup:/home/agilex/limo_ros2_ws/install/navigation2:/home/agilex/limo_ros2_ws/install/smac_planner:/home/agilex/limo_ros2_ws/install/rf2o_laser_odometry:/home/agilex/limo_ros2_ws/install/orbbec_description:/home/agilex/limo_ros2_ws/install/orbbec_camera:/home/agilex/limo_ros2_ws/install/nav2_dwb_controller:/home/agilex/limo_ros2_ws/install/nav2_controller:/home/agilex/limo_ros2_ws/install/dwb_plugins:/home/agilex/limo_ros2_ws/install/dwb_critics:/home/agilex/limo_ros2_ws/install/dwb_core:/home/agilex/limo_ros2_ws/install/nav_2d_utils:/home/agilex/limo_ros2_ws/install/dwb_msgs:/home/agilex/limo_ros2_ws/install/nav_2d_msgs:/home/agilex/limo_ros2_ws/install/nav2_waypoint_follower:/home/agilex/limo_ros2_ws/install/nav2_regulated_pure_pursuit_controller:/home/agilex/limo_ros2_ws/install/nav2_recoveries:/home/agilex/limo_ros2_ws/install/nav2_planner:/home/agilex/limo_ros2_ws/install/nav2_navfn_planner:/home/agilex/limo_ros2_ws/install/nav2_core:/home/agilex/limo_ros2_ws/install/costmap_queue:/home/agilex/limo_ros2_ws/install/costmap_converter:/home/agilex/limo_ros2_ws/install/nav2_costmap_2d:/home/agilex/limo_ros2_ws/install/nav2_voxel_grid:/home/agilex/limo_ros2_ws/install/nav2_rviz_plugins:/home/agilex/limo_ros2_ws/install/nav2_map_server:/home/agilex/limo_ros2_ws/install/nav2_lifecycle_manager:/home/agilex/limo_ros2_ws/install/nav2_bt_navigator:/home/agilex/limo_ros2_ws/install/nav2_behavior_tree:/home/agilex/limo_ros2_ws/install/nav2_amcl:/home/agilex/limo_ros2_ws/install/nav2_util:/home/agilex/limo_ros2_ws/install/nav2_msgs:/home/agilex/limo_ros2_ws/install/nav2_common:/home/agilex/limo_ros2_ws/install/magic_enum:/home/agilex/limo_ros2_ws/install/limo_visions:/home/agilex/limo_ros2_ws/install/limo_bringup:/home/agilex/limo_ros2_ws/install/limo_base:/home/agilex/limo_ros2_ws/install/limo_msgs:/home/agilex/limo_ros2_ws/install/limo_description:/home/agilex/limo_ros2_ws/install/libuvc:/home/agilex/limo_ros2_ws/install/glog:/home/agilex/limo_ros2_ws/install/costmap_converter_msgs:/home/agilex/limo_ros2_ws/install/astra_camera_msgs:/home/agilex/limo_ros2_ws/install/nav2_gazebo_spawner:/opt/ros/foxy LD_LIBRARY_PATH=/home/agilex/limo_ros2_ws/install/orbbec_camera_msgs/lib:/home/agilex/limo_ros2_ws/install/teb_local_planner/lib:/home/agilex/limo_ros2_ws/install/teb_msgs/lib:/home/agilex/limo_ros2_ws/install/smac_planner/lib:/home/agilex/limo_ros2_ws/install/orbbec_camera/lib:/home/agilex/limo_ros2_ws/install/nav2_controller/lib:/home/agilex/limo_ros2_ws/install/dwb_plugins/lib:/home/agilex/limo_ros2_ws/install/dwb_critics/lib:/home/agilex/limo_ros2_ws/install/dwb_core/lib:/home/agilex/limo_ros2_ws/install/nav_2d_utils/lib:/home/agilex/limo_ros2_ws/install/dwb_msgs/lib:/home/agilex/limo_ros2_ws/install/nav_2d_msgs/lib:/home/agilex/limo_ros2_ws/install/nav2_waypoint_follower/lib:/home/agilex/limo_ros2_ws/install/nav2_regulated_pure_pursuit_controller/lib:/home/agilex/limo_ros2_ws/install/nav2_recoveries/lib:/home/agilex/limo_ros2_ws/install/nav2_planner/lib:/home/agilex/limo_ros2_ws/install/nav2_navfn_planner/lib:/home/agilex/limo_ros2_ws/install/costmap_queue/lib:/home/agilex/limo_ros2_ws/install/costmap_converter/lib:/home/agilex/limo_ros2_ws/install/nav2_costmap_2d/lib:/home/agilex/limo_ros2_ws/install/nav2_voxel_grid/lib:/home/agilex/limo_ros2_ws/install/nav2_rviz_plugins/lib:/home/agilex/limo_ros2_ws/install/nav2_map_server/lib:/home/agilex/limo_ros2_ws/install/nav2_lifecycle_manager/lib:/home/agilex/limo_ros2_ws/install/nav2_bt_navigator/lib:/home/agilex/limo_ros2_ws/install/nav2_behavior_tree/lib:/home/agilex/limo_ros2_ws/install/nav2_amcl/lib:/home/agilex/limo_ros2_ws/install/nav2_util/lib:/home/agilex/limo_ros2_ws/install/nav2_msgs/lib:/home/agilex/limo_ros2_ws/install/limo_msgs/lib:/home/agilex/limo_ros2_ws/install/libuvc/lib:/home/agilex/limo_ros2_ws/install/glog/lib:/home/agilex/limo_ros2_ws/install/costmap_converter_msgs/lib:/home/agilex/limo_ros2_ws/install/astra_camera_msgs/lib:/usr/lib/aarch64-linux-gnu/gazebo-11/plugins:/opt/ros/foxy/opt/yaml_cpp_vendor/lib:/opt/ros/foxy/opt/rviz_ogre_vendor/lib:/opt/ros/foxy/lib/aarch64-linux-gnu:/opt/ros/foxy/lib PYTHONPATH=/home/agilex/limo_ros2_ws/install/orbbec_camera_msgs/lib/python3.8/site-packages:/home/agilex/limo_ros2_ws/install/teb_msgs/lib/python3.8/site-packages:/home/agilex/limo_ros2_ws/install/dwb_msgs/lib/python3.8/site-packages:/home/agilex/limo_ros2_ws/install/nav_2d_msgs/lib/python3.8/site-packages:/home/agilex/limo_ros2_ws/install/nav2_msgs/lib/python3.8/site-packages:/home/agilex/limo_ros2_ws/install/nav2_gazebo_spawner/lib/python3.8/site-packages:/home/agilex/limo_ros2_ws/install/nav2_common/lib/python3.8/site-packages:/home/agilex/limo_ros2_ws/install/limo_msgs/lib/python3.8/site-packages:/home/agilex/limo_ros2_ws/install/costmap_converter_msgs/lib/python3.8/site-packages:/home/agilex/limo_ros2_ws/install/astra_camera_msgs/lib/python3.8/site-packages:/opt/ros/foxy/lib/python3.8/site-packages /usr/bin/cmake --build /home/agilex/limo_ros2_ws/build/orbbec_camera -- -j6 -l6
[9.062s] [  4%] [32m[1mLinking CXX shared library liborbbec_camera.so[0m
[10.158s] [ 44%] Built target orbbec_camera
[10.255s] [ 52%] Built target frame_latency_node
[10.373s] [ 56%] [32m[1mLinking CXX executable list_depth_work_mode_node[0m
[10.818s] [ 60%] Built target list_depth_work_mode_node
[10.911s] [ 64%] [32m[1mLinking CXX executable topic_statistics_node[0m
[11.448s] [ 68%] Built target topic_statistics_node
[11.570s] [ 72%] [32m[1mLinking CXX executable list_devices_node[0m
[13.165s] [ 76%] Built target list_devices_node
[13.290s] [ 80%] [32m[1mLinking CXX executable list_camera_profile_mode_node[0m
[14.656s] [ 84%] Built target list_camera_profile_mode_node
[14.759s] [ 88%] [32m[1mLinking CXX shared library libframe_latency.so[0m
[15.445s] [ 92%] Built target frame_latency
[15.547s] [100%] Built target orbbec_camera_node
[15.589s] Invoked command in '/home/agilex/limo_ros2_ws/build/orbbec_camera' returned '0': CMAKE_PREFIX_PATH=/home/agilex/limo_ros2_ws/install/orbbec_camera_msgs:/home/agilex/limo_ros2_ws/install/ydlidar_sdk:/home/agilex/limo_ros2_ws/install/ydlidar_ros2_driver:/home/agilex/limo_ros2_ws/install/teb_local_planner:/home/agilex/limo_ros2_ws/install/teb_msgs:/home/agilex/limo_ros2_ws/install/nav2_system_tests:/home/agilex/limo_ros2_ws/install/nav2_bringup:/home/agilex/limo_ros2_ws/install/navigation2:/home/agilex/limo_ros2_ws/install/smac_planner:/home/agilex/limo_ros2_ws/install/rf2o_laser_odometry:/home/agilex/limo_ros2_ws/install/orbbec_description:/home/agilex/limo_ros2_ws/install/orbbec_camera:/home/agilex/limo_ros2_ws/install/nav2_dwb_controller:/home/agilex/limo_ros2_ws/install/nav2_controller:/home/agilex/limo_ros2_ws/install/dwb_plugins:/home/agilex/limo_ros2_ws/install/dwb_critics:/home/agilex/limo_ros2_ws/install/dwb_core:/home/agilex/limo_ros2_ws/install/nav_2d_utils:/home/agilex/limo_ros2_ws/install/dwb_msgs:/home/agilex/limo_ros2_ws/install/nav_2d_msgs:/home/agilex/limo_ros2_ws/install/nav2_waypoint_follower:/home/agilex/limo_ros2_ws/install/nav2_regulated_pure_pursuit_controller:/home/agilex/limo_ros2_ws/install/nav2_recoveries:/home/agilex/limo_ros2_ws/install/nav2_planner:/home/agilex/limo_ros2_ws/install/nav2_navfn_planner:/home/agilex/limo_ros2_ws/install/nav2_core:/home/agilex/limo_ros2_ws/install/costmap_queue:/home/agilex/limo_ros2_ws/install/costmap_converter:/home/agilex/limo_ros2_ws/install/nav2_costmap_2d:/home/agilex/limo_ros2_ws/install/nav2_voxel_grid:/home/agilex/limo_ros2_ws/install/nav2_rviz_plugins:/home/agilex/limo_ros2_ws/install/nav2_map_server:/home/agilex/limo_ros2_ws/install/nav2_lifecycle_manager:/home/agilex/limo_ros2_ws/install/nav2_bt_navigator:/home/agilex/limo_ros2_ws/install/nav2_behavior_tree:/home/agilex/limo_ros2_ws/install/nav2_amcl:/home/agilex/limo_ros2_ws/install/nav2_util:/home/agilex/limo_ros2_ws/install/nav2_msgs:/home/agilex/limo_ros2_ws/install/nav2_common:/home/agilex/limo_ros2_ws/install/magic_enum:/home/agilex/limo_ros2_ws/install/limo_visions:/home/agilex/limo_ros2_ws/install/limo_bringup:/home/agilex/limo_ros2_ws/install/limo_base:/home/agilex/limo_ros2_ws/install/limo_msgs:/home/agilex/limo_ros2_ws/install/limo_description:/home/agilex/limo_ros2_ws/install/libuvc:/home/agilex/limo_ros2_ws/install/glog:/home/agilex/limo_ros2_ws/install/costmap_converter_msgs:/home/agilex/limo_ros2_ws/install/astra_camera_msgs:/home/agilex/limo_ros2_ws/install/nav2_gazebo_spawner:/opt/ros/foxy LD_LIBRARY_PATH=/home/agilex/limo_ros2_ws/install/orbbec_camera_msgs/lib:/home/agilex/limo_ros2_ws/install/teb_local_planner/lib:/home/agilex/limo_ros2_ws/install/teb_msgs/lib:/home/agilex/limo_ros2_ws/install/smac_planner/lib:/home/agilex/limo_ros2_ws/install/orbbec_camera/lib:/home/agilex/limo_ros2_ws/install/nav2_controller/lib:/home/agilex/limo_ros2_ws/install/dwb_plugins/lib:/home/agilex/limo_ros2_ws/install/dwb_critics/lib:/home/agilex/limo_ros2_ws/install/dwb_core/lib:/home/agilex/limo_ros2_ws/install/nav_2d_utils/lib:/home/agilex/limo_ros2_ws/install/dwb_msgs/lib:/home/agilex/limo_ros2_ws/install/nav_2d_msgs/lib:/home/agilex/limo_ros2_ws/install/nav2_waypoint_follower/lib:/home/agilex/limo_ros2_ws/install/nav2_regulated_pure_pursuit_controller/lib:/home/agilex/limo_ros2_ws/install/nav2_recoveries/lib:/home/agilex/limo_ros2_ws/install/nav2_planner/lib:/home/agilex/limo_ros2_ws/install/nav2_navfn_planner/lib:/home/agilex/limo_ros2_ws/install/costmap_queue/lib:/home/agilex/limo_ros2_ws/install/costmap_converter/lib:/home/agilex/limo_ros2_ws/install/nav2_costmap_2d/lib:/home/agilex/limo_ros2_ws/install/nav2_voxel_grid/lib:/home/agilex/limo_ros2_ws/install/nav2_rviz_plugins/lib:/home/agilex/limo_ros2_ws/install/nav2_map_server/lib:/home/agilex/limo_ros2_ws/install/nav2_lifecycle_manager/lib:/home/agilex/limo_ros2_ws/install/nav2_bt_navigator/lib:/home/agilex/limo_ros2_ws/install/nav2_behavior_tree/lib:/home/agilex/limo_ros2_ws/install/nav2_amcl/lib:/home/agilex/limo_ros2_ws/install/nav2_util/lib:/home/agilex/limo_ros2_ws/install/nav2_msgs/lib:/home/agilex/limo_ros2_ws/install/limo_msgs/lib:/home/agilex/limo_ros2_ws/install/libuvc/lib:/home/agilex/limo_ros2_ws/install/glog/lib:/home/agilex/limo_ros2_ws/install/costmap_converter_msgs/lib:/home/agilex/limo_ros2_ws/install/astra_camera_msgs/lib:/usr/lib/aarch64-linux-gnu/gazebo-11/plugins:/opt/ros/foxy/opt/yaml_cpp_vendor/lib:/opt/ros/foxy/opt/rviz_ogre_vendor/lib:/opt/ros/foxy/lib/aarch64-linux-gnu:/opt/ros/foxy/lib PYTHONPATH=/home/agilex/limo_ros2_ws/install/orbbec_camera_msgs/lib/python3.8/site-packages:/home/agilex/limo_ros2_ws/install/teb_msgs/lib/python3.8/site-packages:/home/agilex/limo_ros2_ws/install/dwb_msgs/lib/python3.8/site-packages:/home/agilex/limo_ros2_ws/install/nav_2d_msgs/lib/python3.8/site-packages:/home/agilex/limo_ros2_ws/install/nav2_msgs/lib/python3.8/site-packages:/home/agilex/limo_ros2_ws/install/nav2_gazebo_spawner/lib/python3.8/site-packages:/home/agilex/limo_ros2_ws/install/nav2_common/lib/python3.8/site-packages:/home/agilex/limo_ros2_ws/install/limo_msgs/lib/python3.8/site-packages:/home/agilex/limo_ros2_ws/install/costmap_converter_msgs/lib/python3.8/site-packages:/home/agilex/limo_ros2_ws/install/astra_camera_msgs/lib/python3.8/site-packages:/opt/ros/foxy/lib/python3.8/site-packages /usr/bin/cmake --build /home/agilex/limo_ros2_ws/build/orbbec_camera -- -j6 -l6
[15.868s] Invoking command in '/home/agilex/limo_ros2_ws/build/orbbec_camera': CMAKE_PREFIX_PATH=/home/agilex/limo_ros2_ws/install/orbbec_camera_msgs:/home/agilex/limo_ros2_ws/install/ydlidar_sdk:/home/agilex/limo_ros2_ws/install/ydlidar_ros2_driver:/home/agilex/limo_ros2_ws/install/teb_local_planner:/home/agilex/limo_ros2_ws/install/teb_msgs:/home/agilex/limo_ros2_ws/install/nav2_system_tests:/home/agilex/limo_ros2_ws/install/nav2_bringup:/home/agilex/limo_ros2_ws/install/navigation2:/home/agilex/limo_ros2_ws/install/smac_planner:/home/agilex/limo_ros2_ws/install/rf2o_laser_odometry:/home/agilex/limo_ros2_ws/install/orbbec_description:/home/agilex/limo_ros2_ws/install/orbbec_camera:/home/agilex/limo_ros2_ws/install/nav2_dwb_controller:/home/agilex/limo_ros2_ws/install/nav2_controller:/home/agilex/limo_ros2_ws/install/dwb_plugins:/home/agilex/limo_ros2_ws/install/dwb_critics:/home/agilex/limo_ros2_ws/install/dwb_core:/home/agilex/limo_ros2_ws/install/nav_2d_utils:/home/agilex/limo_ros2_ws/install/dwb_msgs:/home/agilex/limo_ros2_ws/install/nav_2d_msgs:/home/agilex/limo_ros2_ws/install/nav2_waypoint_follower:/home/agilex/limo_ros2_ws/install/nav2_regulated_pure_pursuit_controller:/home/agilex/limo_ros2_ws/install/nav2_recoveries:/home/agilex/limo_ros2_ws/install/nav2_planner:/home/agilex/limo_ros2_ws/install/nav2_navfn_planner:/home/agilex/limo_ros2_ws/install/nav2_core:/home/agilex/limo_ros2_ws/install/costmap_queue:/home/agilex/limo_ros2_ws/install/costmap_converter:/home/agilex/limo_ros2_ws/install/nav2_costmap_2d:/home/agilex/limo_ros2_ws/install/nav2_voxel_grid:/home/agilex/limo_ros2_ws/install/nav2_rviz_plugins:/home/agilex/limo_ros2_ws/install/nav2_map_server:/home/agilex/limo_ros2_ws/install/nav2_lifecycle_manager:/home/agilex/limo_ros2_ws/install/nav2_bt_navigator:/home/agilex/limo_ros2_ws/install/nav2_behavior_tree:/home/agilex/limo_ros2_ws/install/nav2_amcl:/home/agilex/limo_ros2_ws/install/nav2_util:/home/agilex/limo_ros2_ws/install/nav2_msgs:/home/agilex/limo_ros2_ws/install/nav2_common:/home/agilex/limo_ros2_ws/install/magic_enum:/home/agilex/limo_ros2_ws/install/limo_visions:/home/agilex/limo_ros2_ws/install/limo_bringup:/home/agilex/limo_ros2_ws/install/limo_base:/home/agilex/limo_ros2_ws/install/limo_msgs:/home/agilex/limo_ros2_ws/install/limo_description:/home/agilex/limo_ros2_ws/install/libuvc:/home/agilex/limo_ros2_ws/install/glog:/home/agilex/limo_ros2_ws/install/costmap_converter_msgs:/home/agilex/limo_ros2_ws/install/astra_camera_msgs:/home/agilex/limo_ros2_ws/install/nav2_gazebo_spawner:/opt/ros/foxy LD_LIBRARY_PATH=/home/agilex/limo_ros2_ws/install/orbbec_camera_msgs/lib:/home/agilex/limo_ros2_ws/install/teb_local_planner/lib:/home/agilex/limo_ros2_ws/install/teb_msgs/lib:/home/agilex/limo_ros2_ws/install/smac_planner/lib:/home/agilex/limo_ros2_ws/install/orbbec_camera/lib:/home/agilex/limo_ros2_ws/install/nav2_controller/lib:/home/agilex/limo_ros2_ws/install/dwb_plugins/lib:/home/agilex/limo_ros2_ws/install/dwb_critics/lib:/home/agilex/limo_ros2_ws/install/dwb_core/lib:/home/agilex/limo_ros2_ws/install/nav_2d_utils/lib:/home/agilex/limo_ros2_ws/install/dwb_msgs/lib:/home/agilex/limo_ros2_ws/install/nav_2d_msgs/lib:/home/agilex/limo_ros2_ws/install/nav2_waypoint_follower/lib:/home/agilex/limo_ros2_ws/install/nav2_regulated_pure_pursuit_controller/lib:/home/agilex/limo_ros2_ws/install/nav2_recoveries/lib:/home/agilex/limo_ros2_ws/install/nav2_planner/lib:/home/agilex/limo_ros2_ws/install/nav2_navfn_planner/lib:/home/agilex/limo_ros2_ws/install/costmap_queue/lib:/home/agilex/limo_ros2_ws/install/costmap_converter/lib:/home/agilex/limo_ros2_ws/install/nav2_costmap_2d/lib:/home/agilex/limo_ros2_ws/install/nav2_voxel_grid/lib:/home/agilex/limo_ros2_ws/install/nav2_rviz_plugins/lib:/home/agilex/limo_ros2_ws/install/nav2_map_server/lib:/home/agilex/limo_ros2_ws/install/nav2_lifecycle_manager/lib:/home/agilex/limo_ros2_ws/install/nav2_bt_navigator/lib:/home/agilex/limo_ros2_ws/install/nav2_behavior_tree/lib:/home/agilex/limo_ros2_ws/install/nav2_amcl/lib:/home/agilex/limo_ros2_ws/install/nav2_util/lib:/home/agilex/limo_ros2_ws/install/nav2_msgs/lib:/home/agilex/limo_ros2_ws/install/limo_msgs/lib:/home/agilex/limo_ros2_ws/install/libuvc/lib:/home/agilex/limo_ros2_ws/install/glog/lib:/home/agilex/limo_ros2_ws/install/costmap_converter_msgs/lib:/home/agilex/limo_ros2_ws/install/astra_camera_msgs/lib:/usr/lib/aarch64-linux-gnu/gazebo-11/plugins:/opt/ros/foxy/opt/yaml_cpp_vendor/lib:/opt/ros/foxy/opt/rviz_ogre_vendor/lib:/opt/ros/foxy/lib/aarch64-linux-gnu:/opt/ros/foxy/lib PYTHONPATH=/home/agilex/limo_ros2_ws/install/orbbec_camera_msgs/lib/python3.8/site-packages:/home/agilex/limo_ros2_ws/install/teb_msgs/lib/python3.8/site-packages:/home/agilex/limo_ros2_ws/install/dwb_msgs/lib/python3.8/site-packages:/home/agilex/limo_ros2_ws/install/nav_2d_msgs/lib/python3.8/site-packages:/home/agilex/limo_ros2_ws/install/nav2_msgs/lib/python3.8/site-packages:/home/agilex/limo_ros2_ws/install/nav2_gazebo_spawner/lib/python3.8/site-packages:/home/agilex/limo_ros2_ws/install/nav2_common/lib/python3.8/site-packages:/home/agilex/limo_ros2_ws/install/limo_msgs/lib/python3.8/site-packages:/home/agilex/limo_ros2_ws/install/costmap_converter_msgs/lib/python3.8/site-packages:/home/agilex/limo_ros2_ws/install/astra_camera_msgs/lib/python3.8/site-packages:/opt/ros/foxy/lib/python3.8/site-packages /usr/bin/cmake --install /home/agilex/limo_ros2_ws/build/orbbec_camera
[15.923s] -- Install configuration: "Release"
[15.943s] -- Up-to-date: /home/agilex/limo_ros2_ws/install/orbbec_camera/lib/orbbec_camera/orbbec_camera_node
[15.944s] -- Up-to-date: /home/agilex/limo_ros2_ws/install/orbbec_camera/lib/orbbec_camera/frame_latency_node
[15.947s] -- Installing: /home/agilex/limo_ros2_ws/install/orbbec_camera/lib/liborbbec_camera.so
[15.959s] -- Set runtime path of "/home/agilex/limo_ros2_ws/install/orbbec_camera/lib/liborbbec_camera.so" to ":/home/agilex/limo_ros2_ws/src/OrbbecSDK_ROS2/orbbec_camera/SDK/lib/arm64"
[15.962s] -- Installing: /home/agilex/limo_ros2_ws/install/orbbec_camera/lib/libframe_latency.so
[15.968s] -- Set runtime path of "/home/agilex/limo_ros2_ws/install/orbbec_camera/lib/libframe_latency.so" to ":/home/agilex/limo_ros2_ws/src/OrbbecSDK_ROS2/orbbec_camera/SDK/lib/arm64"
[15.969s] -- Up-to-date: /home/agilex/limo_ros2_ws/install/orbbec_camera/include
[15.970s] -- Up-to-date: /home/agilex/limo_ros2_ws/install/orbbec_camera/include/magic_enum
[15.970s] -- Up-to-date: /home/agilex/limo_ros2_ws/install/orbbec_camera/include/magic_enum/magic_enum.hpp
[15.971s] -- Up-to-date: /home/agilex/limo_ros2_ws/install/orbbec_camera/include/orbbec_camera
[15.971s] -- Up-to-date: /home/agilex/limo_ros2_ws/install/orbbec_camera/include/orbbec_camera/ros_param_backend.h
[15.972s] -- Up-to-date: /home/agilex/limo_ros2_ws/install/orbbec_camera/include/orbbec_camera/utils.h
[15.973s] -- Up-to-date: /home/agilex/limo_ros2_ws/install/orbbec_camera/include/orbbec_camera/ob_camera_node_driver.h
[15.973s] -- Up-to-date: /home/agilex/limo_ros2_ws/install/orbbec_camera/include/orbbec_camera/jpeg_decoder.h
[15.974s] -- Up-to-date: /home/agilex/limo_ros2_ws/install/orbbec_camera/include/orbbec_camera/jetson_nv_decoder.h
[15.974s] -- Up-to-date: /home/agilex/limo_ros2_ws/install/orbbec_camera/include/orbbec_camera/image_publisher.h
[15.975s] -- Up-to-date: /home/agilex/limo_ros2_ws/install/orbbec_camera/include/orbbec_camera/ob_camera_node.h
[15.975s] -- Up-to-date: /home/agilex/limo_ros2_ws/install/orbbec_camera/include/orbbec_camera/synced_imu_publisher.h
[15.976s] -- Up-to-date: /home/agilex/limo_ros2_ws/install/orbbec_camera/include/orbbec_camera/d2c_viewer.h
[15.977s] -- Up-to-date: /home/agilex/limo_ros2_ws/install/orbbec_camera/include/orbbec_camera/rk_mpp_decoder.h
[15.977s] -- Up-to-date: /home/agilex/limo_ros2_ws/install/orbbec_camera/include/orbbec_camera/dynamic_params.h
[15.978s] -- Up-to-date: /home/agilex/limo_ros2_ws/install/orbbec_camera/include/orbbec_camera/constants.h
[15.978s] -- Up-to-date: /home/agilex/limo_ros2_ws/install/orbbec_camera/share/orbbec_camera//launch
[15.979s] -- Up-to-date: /home/agilex/limo_ros2_ws/install/orbbec_camera/share/orbbec_camera//launch/dabai_dw.launch.py
[15.980s] -- Up-to-date: /home/agilex/limo_ros2_ws/install/orbbec_camera/share/orbbec_camera//launch/ob_camera.launch.py
[15.980s] -- Up-to-date: /home/agilex/limo_ros2_ws/install/orbbec_camera/share/orbbec_camera//launch/femto_mega.launch.py
[15.981s] -- Up-to-date: /home/agilex/limo_ros2_ws/install/orbbec_camera/share/orbbec_camera//launch/dabai_pro.launch.py
[15.981s] -- Up-to-date: /home/agilex/limo_ros2_ws/install/orbbec_camera/share/orbbec_camera//launch/gemini_330_series.launch.py
[15.982s] -- Up-to-date: /home/agilex/limo_ros2_ws/install/orbbec_camera/share/orbbec_camera//launch/gemini_uw.launch.py
[15.983s] -- Up-to-date: /home/agilex/limo_ros2_ws/install/orbbec_camera/share/orbbec_camera//launch/dabai_dcw.launch.py
[15.983s] -- Up-to-date: /home/agilex/limo_ros2_ws/install/orbbec_camera/share/orbbec_camera//launch/dabai_max_pro.launch.py
[15.984s] -- Up-to-date: /home/agilex/limo_ros2_ws/install/orbbec_camera/share/orbbec_camera//launch/dabai_max.launch.py
[15.984s] -- Up-to-date: /home/agilex/limo_ros2_ws/install/orbbec_camera/share/orbbec_camera//launch/astra_adv.launch.py
[15.985s] -- Up-to-date: /home/agilex/limo_ros2_ws/install/orbbec_camera/share/orbbec_camera//launch/gemini_ew.launch.py
[15.985s] -- Up-to-date: /home/agilex/limo_ros2_ws/install/orbbec_camera/share/orbbec_camera//launch/gemini2XL.launch.py
[15.986s] -- Up-to-date: /home/agilex/limo_ros2_ws/install/orbbec_camera/share/orbbec_camera//launch/gemini2L.launch.py
[15.987s] -- Up-to-date: /home/agilex/limo_ros2_ws/install/orbbec_camera/share/orbbec_camera//launch/dabai_dw2.launch.py
[15.988s] -- Up-to-date: /home/agilex/limo_ros2_ws/install/orbbec_camera/share/orbbec_camera//launch/femto.launch.py
[15.989s] -- Up-to-date: /home/agilex/limo_ros2_ws/install/orbbec_camera/share/orbbec_camera//launch/gemini_e.launch.py
[15.989s] -- Up-to-date: /home/agilex/limo_ros2_ws/install/orbbec_camera/share/orbbec_camera//launch/astra.launch.py
[15.990s] -- Up-to-date: /home/agilex/limo_ros2_ws/install/orbbec_camera/share/orbbec_camera//launch/astra_stereo_u3.launch.py
[15.990s] -- Up-to-date: /home/agilex/limo_ros2_ws/install/orbbec_camera/share/orbbec_camera//launch/gemini_ew_lite.launch.py
[15.991s] -- Up-to-date: /home/agilex/limo_ros2_ws/install/orbbec_camera/share/orbbec_camera//launch/dabai_d1.launch.py
[15.991s] -- Up-to-date: /home/agilex/limo_ros2_ws/install/orbbec_camera/share/orbbec_camera//launch/femto_bolt.launch.py
[15.991s] -- Up-to-date: /home/agilex/limo_ros2_ws/install/orbbec_camera/share/orbbec_camera//launch/dabai_dcw2.launch.py
[15.992s] -- Up-to-date: /home/agilex/limo_ros2_ws/install/orbbec_camera/share/orbbec_camera//launch/gemini2.launch.py
[15.992s] -- Up-to-date: /home/agilex/limo_ros2_ws/install/orbbec_camera/share/orbbec_camera//launch/multi_camera.launch.py
[15.993s] -- Up-to-date: /home/agilex/limo_ros2_ws/install/orbbec_camera/share/orbbec_camera//launch/gemini_intra_process_demo_launch.py
[15.993s] -- Up-to-date: /home/agilex/limo_ros2_ws/install/orbbec_camera/share/orbbec_camera//launch/astra_pro2.launch.py
[15.994s] -- Up-to-date: /home/agilex/limo_ros2_ws/install/orbbec_camera/share/orbbec_camera//launch/dabai.launch.py
[15.994s] -- Up-to-date: /home/agilex/limo_ros2_ws/install/orbbec_camera/share/orbbec_camera//launch/multi_camera_synced.launch.py
[15.995s] -- Up-to-date: /home/agilex/limo_ros2_ws/install/orbbec_camera/share/orbbec_camera//launch/dabai_dcl.py
[15.995s] -- Up-to-date: /home/agilex/limo_ros2_ws/install/orbbec_camera/share/orbbec_camera//launch/gemini_e_lite.launch.py
[15.996s] -- Up-to-date: /home/agilex/limo_ros2_ws/install/orbbec_camera/share/orbbec_camera//launch/astra_embedded_s.launch.py
[15.996s] -- Up-to-date: /home/agilex/limo_ros2_ws/install/orbbec_camera/share/orbbec_camera//launch/astra2.launch.py
[15.996s] -- Up-to-date: /home/agilex/limo_ros2_ws/install/orbbec_camera/share/orbbec_camera//launch/gemini2VL.launch.py
[15.997s] -- Up-to-date: /home/agilex/limo_ros2_ws/install/orbbec_camera/share/orbbec_camera//launch/deeya.launch.py
[15.998s] -- Up-to-date: /home/agilex/limo_ros2_ws/install/orbbec_camera/share/orbbec_camera//config
[15.998s] -- Up-to-date: /home/agilex/limo_ros2_ws/install/orbbec_camera/share/orbbec_camera//config/OrbbecSDKConfig_v1.0.xml
[15.999s] -- Up-to-date: /home/agilex/limo_ros2_ws/install/orbbec_camera/share/orbbec_camera//config/.gitkeep
[15.999s] -- Up-to-date: /home/agilex/limo_ros2_ws/install/orbbec_camera/share/orbbec_camera//config/depthfilter
[16.000s] -- Up-to-date: /home/agilex/limo_ros2_ws/install/orbbec_camera/share/orbbec_camera//config/depthfilter/Gemini2_v1.7.json
[16.001s] -- Up-to-date: /home/agilex/limo_ros2_ws/install/orbbec_camera/share/orbbec_camera//config/depthfilter/Openni_device.json
[16.001s] -- Up-to-date: /home/agilex/limo_ros2_ws/install/orbbec_camera/share/orbbec_camera//config/camera_params.yaml
[16.002s] -- Up-to-date: /home/agilex/limo_ros2_ws/install/orbbec_camera/include
[16.002s] -- Up-to-date: /home/agilex/limo_ros2_ws/install/orbbec_camera/include/libobsensor
[16.003s] -- Up-to-date: /home/agilex/limo_ros2_ws/install/orbbec_camera/include/libobsensor/ObSensor.h
[16.003s] -- Up-to-date: /home/agilex/limo_ros2_ws/install/orbbec_camera/include/libobsensor/ObSensor.hpp
[16.004s] -- Up-to-date: /home/agilex/limo_ros2_ws/install/orbbec_camera/include/libobsensor/hpp
[16.004s] -- Up-to-date: /home/agilex/limo_ros2_ws/install/orbbec_camera/include/libobsensor/hpp/Context.hpp
[16.005s] -- Up-to-date: /home/agilex/limo_ros2_ws/install/orbbec_camera/include/libobsensor/hpp/Device.hpp
[16.005s] -- Up-to-date: /home/agilex/limo_ros2_ws/install/orbbec_camera/include/libobsensor/hpp/RecordPlayback.hpp
[16.006s] -- Up-to-date: /home/agilex/limo_ros2_ws/install/orbbec_camera/include/libobsensor/hpp/Sensor.hpp
[16.006s] -- Up-to-date: /home/agilex/limo_ros2_ws/install/orbbec_camera/include/libobsensor/hpp/Types.hpp
[16.007s] -- Up-to-date: /home/agilex/limo_ros2_ws/install/orbbec_camera/include/libobsensor/hpp/Utils.hpp
[16.007s] -- Up-to-date: /home/agilex/limo_ros2_ws/install/orbbec_camera/include/libobsensor/hpp/Filter.hpp
[16.008s] -- Up-to-date: /home/agilex/limo_ros2_ws/install/orbbec_camera/include/libobsensor/hpp/Version.hpp
[16.008s] -- Up-to-date: /home/agilex/limo_ros2_ws/install/orbbec_camera/include/libobsensor/hpp/StreamProfile.hpp
[16.009s] -- Up-to-date: /home/agilex/limo_ros2_ws/install/orbbec_camera/include/libobsensor/hpp/Frame.hpp
[16.010s] -- Up-to-date: /home/agilex/limo_ros2_ws/install/orbbec_camera/include/libobsensor/hpp/Pipeline.hpp
[16.010s] -- Up-to-date: /home/agilex/limo_ros2_ws/install/orbbec_camera/include/libobsensor/hpp/Error.hpp
[16.011s] -- Up-to-date: /home/agilex/limo_ros2_ws/install/orbbec_camera/include/libobsensor/h
[16.012s] -- Up-to-date: /home/agilex/limo_ros2_ws/install/orbbec_camera/include/libobsensor/h/Sensor.h
[16.012s] -- Up-to-date: /home/agilex/limo_ros2_ws/install/orbbec_camera/include/libobsensor/h/Pipeline.h
[16.013s] -- Up-to-date: /home/agilex/limo_ros2_ws/install/orbbec_camera/include/libobsensor/h/Property.h
[16.014s] -- Up-to-date: /home/agilex/limo_ros2_ws/install/orbbec_camera/include/libobsensor/h/ObTypes.h
[16.015s] -- Up-to-date: /home/agilex/limo_ros2_ws/install/orbbec_camera/include/libobsensor/h/Error.h
[16.015s] -- Up-to-date: /home/agilex/limo_ros2_ws/install/orbbec_camera/include/libobsensor/h/Version.h
[16.016s] -- Up-to-date: /home/agilex/limo_ros2_ws/install/orbbec_camera/include/libobsensor/h/Device.h
[16.016s] -- Up-to-date: /home/agilex/limo_ros2_ws/install/orbbec_camera/include/libobsensor/h/Frame.h
[16.016s] -- Up-to-date: /home/agilex/limo_ros2_ws/install/orbbec_camera/include/libobsensor/h/Filter.h
[16.016s] -- Up-to-date: /home/agilex/limo_ros2_ws/install/orbbec_camera/include/libobsensor/h/Utils.h
[16.016s] -- Up-to-date: /home/agilex/limo_ros2_ws/install/orbbec_camera/include/libobsensor/h/Context.h
[16.016s] -- Up-to-date: /home/agilex/limo_ros2_ws/install/orbbec_camera/include/libobsensor/h/RecordPlayback.h
[16.016s] -- Up-to-date: /home/agilex/limo_ros2_ws/install/orbbec_camera/include/libobsensor/h/MultipleDevices.h
[16.017s] -- Up-to-date: /home/agilex/limo_ros2_ws/install/orbbec_camera/include/libobsensor/h/StreamProfile.h
[16.017s] -- Up-to-date: /home/agilex/limo_ros2_ws/install/orbbec_camera/lib/
[16.017s] -- Up-to-date: /home/agilex/limo_ros2_ws/install/orbbec_camera/lib//libdepthengine.so
[16.017s] -- Up-to-date: /home/agilex/limo_ros2_ws/install/orbbec_camera/lib//liblive555.so
[16.017s] -- Up-to-date: /home/agilex/limo_ros2_ws/install/orbbec_camera/lib//libOrbbecSDK.so.1.10
[16.017s] -- Up-to-date: /home/agilex/limo_ros2_ws/install/orbbec_camera/lib//libdepthengine.so.2.0
[16.018s] -- Up-to-date: /home/agilex/limo_ros2_ws/install/orbbec_camera/lib//libob_usb.so
[16.019s] -- Up-to-date: /home/agilex/limo_ros2_ws/install/orbbec_camera/lib//libOrbbecSDK.so
[16.019s] -- Up-to-date: /home/agilex/limo_ros2_ws/install/orbbec_camera/lib//libOrbbecSDK.so.1.10.12
[16.022s] -- Installing: /home/agilex/limo_ros2_ws/install/orbbec_camera/lib/orbbec_camera/list_devices_node
[16.024s] -- Set runtime path of "/home/agilex/limo_ros2_ws/install/orbbec_camera/lib/orbbec_camera/list_devices_node" to ":/home/agilex/limo_ros2_ws/src/OrbbecSDK_ROS2/orbbec_camera/SDK/lib/arm64"
[16.025s] -- Installing: /home/agilex/limo_ros2_ws/install/orbbec_camera/lib/orbbec_camera/list_depth_work_mode_node
[16.025s] -- Set runtime path of "/home/agilex/limo_ros2_ws/install/orbbec_camera/lib/orbbec_camera/list_depth_work_mode_node" to ":/home/agilex/limo_ros2_ws/src/OrbbecSDK_ROS2/orbbec_camera/SDK/lib/arm64"
[16.027s] -- Installing: /home/agilex/limo_ros2_ws/install/orbbec_camera/lib/orbbec_camera/list_camera_profile_mode_node
[16.028s] -- Set runtime path of "/home/agilex/limo_ros2_ws/install/orbbec_camera/lib/orbbec_camera/list_camera_profile_mode_node" to ":/home/agilex/limo_ros2_ws/src/OrbbecSDK_ROS2/orbbec_camera/SDK/lib/arm64"
[16.029s] -- Installing: /home/agilex/limo_ros2_ws/install/orbbec_camera/lib/orbbec_camera/topic_statistics_node
[16.032s] -- Set runtime path of "/home/agilex/limo_ros2_ws/install/orbbec_camera/lib/orbbec_camera/topic_statistics_node" to ":/home/agilex/limo_ros2_ws/src/OrbbecSDK_ROS2/orbbec_camera/SDK/lib/arm64"
[16.033s] -- Up-to-date: /home/agilex/limo_ros2_ws/install/orbbec_camera/share/orbbec_camera/environment/library_path.sh
[16.033s] -- Installing: /home/agilex/limo_ros2_ws/install/orbbec_camera/share/orbbec_camera/environment/library_path.dsv
[16.034s] -- Up-to-date: /home/agilex/limo_ros2_ws/install/orbbec_camera/share/ament_index/resource_index/package_run_dependencies/orbbec_camera
[16.035s] -- Installing: /home/agilex/limo_ros2_ws/install/orbbec_camera/share/ament_index/resource_index/parent_prefix_path/orbbec_camera
[16.036s] -- Up-to-date: /home/agilex/limo_ros2_ws/install/orbbec_camera/share/orbbec_camera/environment/ament_prefix_path.sh
[16.036s] -- Installing: /home/agilex/limo_ros2_ws/install/orbbec_camera/share/orbbec_camera/environment/ament_prefix_path.dsv
[16.037s] -- Up-to-date: /home/agilex/limo_ros2_ws/install/orbbec_camera/share/orbbec_camera/environment/path.sh
[16.038s] -- Installing: /home/agilex/limo_ros2_ws/install/orbbec_camera/share/orbbec_camera/environment/path.dsv
[16.039s] -- Up-to-date: /home/agilex/limo_ros2_ws/install/orbbec_camera/share/orbbec_camera/local_setup.bash
[16.039s] -- Up-to-date: /home/agilex/limo_ros2_ws/install/orbbec_camera/share/orbbec_camera/local_setup.sh
[16.040s] -- Up-to-date: /home/agilex/limo_ros2_ws/install/orbbec_camera/share/orbbec_camera/local_setup.zsh
[16.041s] -- Installing: /home/agilex/limo_ros2_ws/install/orbbec_camera/share/orbbec_camera/local_setup.dsv
[16.041s] -- Installing: /home/agilex/limo_ros2_ws/install/orbbec_camera/share/orbbec_camera/package.dsv
[16.043s] -- Up-to-date: /home/agilex/limo_ros2_ws/install/orbbec_camera/share/ament_index/resource_index/packages/orbbec_camera
[16.043s] -- Up-to-date: /home/agilex/limo_ros2_ws/install/orbbec_camera/share/ament_index/resource_index/rclcpp_components/orbbec_camera
[16.046s] -- Up-to-date: /home/agilex/limo_ros2_ws/install/orbbec_camera/share/orbbec_camera/cmake/ament_cmake_export_include_directories-extras.cmake
[16.046s] -- Up-to-date: /home/agilex/limo_ros2_ws/install/orbbec_camera/share/orbbec_camera/cmake/ament_cmake_export_libraries-extras.cmake
[16.046s] -- Up-to-date: /home/agilex/limo_ros2_ws/install/orbbec_camera/share/orbbec_camera/cmake/ament_cmake_export_dependencies-extras.cmake
[16.046s] -- Up-to-date: /home/agilex/limo_ros2_ws/install/orbbec_camera/share/orbbec_camera/cmake/orbbec_cameraConfig.cmake
[16.047s] -- Up-to-date: /home/agilex/limo_ros2_ws/install/orbbec_camera/share/orbbec_camera/cmake/orbbec_cameraConfig-version.cmake
[16.047s] -- Up-to-date: /home/agilex/limo_ros2_ws/install/orbbec_camera/share/orbbec_camera/package.xml
[16.058s] Invoked command in '/home/agilex/limo_ros2_ws/build/orbbec_camera' returned '0': CMAKE_PREFIX_PATH=/home/agilex/limo_ros2_ws/install/orbbec_camera_msgs:/home/agilex/limo_ros2_ws/install/ydlidar_sdk:/home/agilex/limo_ros2_ws/install/ydlidar_ros2_driver:/home/agilex/limo_ros2_ws/install/teb_local_planner:/home/agilex/limo_ros2_ws/install/teb_msgs:/home/agilex/limo_ros2_ws/install/nav2_system_tests:/home/agilex/limo_ros2_ws/install/nav2_bringup:/home/agilex/limo_ros2_ws/install/navigation2:/home/agilex/limo_ros2_ws/install/smac_planner:/home/agilex/limo_ros2_ws/install/rf2o_laser_odometry:/home/agilex/limo_ros2_ws/install/orbbec_description:/home/agilex/limo_ros2_ws/install/orbbec_camera:/home/agilex/limo_ros2_ws/install/nav2_dwb_controller:/home/agilex/limo_ros2_ws/install/nav2_controller:/home/agilex/limo_ros2_ws/install/dwb_plugins:/home/agilex/limo_ros2_ws/install/dwb_critics:/home/agilex/limo_ros2_ws/install/dwb_core:/home/agilex/limo_ros2_ws/install/nav_2d_utils:/home/agilex/limo_ros2_ws/install/dwb_msgs:/home/agilex/limo_ros2_ws/install/nav_2d_msgs:/home/agilex/limo_ros2_ws/install/nav2_waypoint_follower:/home/agilex/limo_ros2_ws/install/nav2_regulated_pure_pursuit_controller:/home/agilex/limo_ros2_ws/install/nav2_recoveries:/home/agilex/limo_ros2_ws/install/nav2_planner:/home/agilex/limo_ros2_ws/install/nav2_navfn_planner:/home/agilex/limo_ros2_ws/install/nav2_core:/home/agilex/limo_ros2_ws/install/costmap_queue:/home/agilex/limo_ros2_ws/install/costmap_converter:/home/agilex/limo_ros2_ws/install/nav2_costmap_2d:/home/agilex/limo_ros2_ws/install/nav2_voxel_grid:/home/agilex/limo_ros2_ws/install/nav2_rviz_plugins:/home/agilex/limo_ros2_ws/install/nav2_map_server:/home/agilex/limo_ros2_ws/install/nav2_lifecycle_manager:/home/agilex/limo_ros2_ws/install/nav2_bt_navigator:/home/agilex/limo_ros2_ws/install/nav2_behavior_tree:/home/agilex/limo_ros2_ws/install/nav2_amcl:/home/agilex/limo_ros2_ws/install/nav2_util:/home/agilex/limo_ros2_ws/install/nav2_msgs:/home/agilex/limo_ros2_ws/install/nav2_common:/home/agilex/limo_ros2_ws/install/magic_enum:/home/agilex/limo_ros2_ws/install/limo_visions:/home/agilex/limo_ros2_ws/install/limo_bringup:/home/agilex/limo_ros2_ws/install/limo_base:/home/agilex/limo_ros2_ws/install/limo_msgs:/home/agilex/limo_ros2_ws/install/limo_description:/home/agilex/limo_ros2_ws/install/libuvc:/home/agilex/limo_ros2_ws/install/glog:/home/agilex/limo_ros2_ws/install/costmap_converter_msgs:/home/agilex/limo_ros2_ws/install/astra_camera_msgs:/home/agilex/limo_ros2_ws/install/nav2_gazebo_spawner:/opt/ros/foxy LD_LIBRARY_PATH=/home/agilex/limo_ros2_ws/install/orbbec_camera_msgs/lib:/home/agilex/limo_ros2_ws/install/teb_local_planner/lib:/home/agilex/limo_ros2_ws/install/teb_msgs/lib:/home/agilex/limo_ros2_ws/install/smac_planner/lib:/home/agilex/limo_ros2_ws/install/orbbec_camera/lib:/home/agilex/limo_ros2_ws/install/nav2_controller/lib:/home/agilex/limo_ros2_ws/install/dwb_plugins/lib:/home/agilex/limo_ros2_ws/install/dwb_critics/lib:/home/agilex/limo_ros2_ws/install/dwb_core/lib:/home/agilex/limo_ros2_ws/install/nav_2d_utils/lib:/home/agilex/limo_ros2_ws/install/dwb_msgs/lib:/home/agilex/limo_ros2_ws/install/nav_2d_msgs/lib:/home/agilex/limo_ros2_ws/install/nav2_waypoint_follower/lib:/home/agilex/limo_ros2_ws/install/nav2_regulated_pure_pursuit_controller/lib:/home/agilex/limo_ros2_ws/install/nav2_recoveries/lib:/home/agilex/limo_ros2_ws/install/nav2_planner/lib:/home/agilex/limo_ros2_ws/install/nav2_navfn_planner/lib:/home/agilex/limo_ros2_ws/install/costmap_queue/lib:/home/agilex/limo_ros2_ws/install/costmap_converter/lib:/home/agilex/limo_ros2_ws/install/nav2_costmap_2d/lib:/home/agilex/limo_ros2_ws/install/nav2_voxel_grid/lib:/home/agilex/limo_ros2_ws/install/nav2_rviz_plugins/lib:/home/agilex/limo_ros2_ws/install/nav2_map_server/lib:/home/agilex/limo_ros2_ws/install/nav2_lifecycle_manager/lib:/home/agilex/limo_ros2_ws/install/nav2_bt_navigator/lib:/home/agilex/limo_ros2_ws/install/nav2_behavior_tree/lib:/home/agilex/limo_ros2_ws/install/nav2_amcl/lib:/home/agilex/limo_ros2_ws/install/nav2_util/lib:/home/agilex/limo_ros2_ws/install/nav2_msgs/lib:/home/agilex/limo_ros2_ws/install/limo_msgs/lib:/home/agilex/limo_ros2_ws/install/libuvc/lib:/home/agilex/limo_ros2_ws/install/glog/lib:/home/agilex/limo_ros2_ws/install/costmap_converter_msgs/lib:/home/agilex/limo_ros2_ws/install/astra_camera_msgs/lib:/usr/lib/aarch64-linux-gnu/gazebo-11/plugins:/opt/ros/foxy/opt/yaml_cpp_vendor/lib:/opt/ros/foxy/opt/rviz_ogre_vendor/lib:/opt/ros/foxy/lib/aarch64-linux-gnu:/opt/ros/foxy/lib PYTHONPATH=/home/agilex/limo_ros2_ws/install/orbbec_camera_msgs/lib/python3.8/site-packages:/home/agilex/limo_ros2_ws/install/teb_msgs/lib/python3.8/site-packages:/home/agilex/limo_ros2_ws/install/dwb_msgs/lib/python3.8/site-packages:/home/agilex/limo_ros2_ws/install/nav_2d_msgs/lib/python3.8/site-packages:/home/agilex/limo_ros2_ws/install/nav2_msgs/lib/python3.8/site-packages:/home/agilex/limo_ros2_ws/install/nav2_gazebo_spawner/lib/python3.8/site-packages:/home/agilex/limo_ros2_ws/install/nav2_common/lib/python3.8/site-packages:/home/agilex/limo_ros2_ws/install/limo_msgs/lib/python3.8/site-packages:/home/agilex/limo_ros2_ws/install/costmap_converter_msgs/lib/python3.8/site-packages:/home/agilex/limo_ros2_ws/install/astra_camera_msgs/lib/python3.8/site-packages:/opt/ros/foxy/lib/python3.8/site-packages /usr/bin/cmake --install /home/agilex/limo_ros2_ws/build/orbbec_camera
