[0.166s] Invoking command in '/home/agilex/limo_ros2_ws/build/orbbec_camera_msgs': CMAKE_PREFIX_PATH=${CMAKE_PREFIX_PATH}:/home/agilex/limo_ros2_ws/install/nav2_gazebo_spawner:/home/agilex/limo_ros2_ws/install/camera_calibration:/opt/ros/foxy /usr/bin/cmake --build /home/agilex/limo_ros2_ws/build/orbbec_camera_msgs -- -j6 -l6
[0.629s] [  0%] Built target orbbec_camera_msgs__cpp
[0.708s] [ 12%] Built target orbbec_camera_msgs__rosidl_generator_c
[0.917s] [ 24%] Built target orbbec_camera_msgs__rosidl_typesupport_cpp
[0.941s] [ 36%] Built target orbbec_camera_msgs__rosidl_typesupport_introspection_c
[0.945s] [ 48%] Built target orbbec_camera_msgs__rosidl_typesupport_c
[0.954s] [ 60%] Built target orbbec_camera_msgs__rosidl_typesupport_introspection_cpp
[0.969s] [ 71%] Built target orbbec_camera_msgs__rosidl_typesupport_fastrtps_cpp
[1.071s] [ 83%] Built target orbbec_camera_msgs__rosidl_typesupport_fastrtps_c
[1.140s] [ 83%] Built target orbbec_camera_msgs
[1.231s] [ 84%] Built target orbbec_camera_msgs__py
[1.416s] [ 95%] Built target orbbec_camera_msgs__python
[1.566s] [ 98%] Built target orbbec_camera_msgs__rosidl_typesupport_fastrtps_c__pyext
[1.566s] [ 98%] Built target orbbec_camera_msgs__rosidl_typesupport_c__pyext
[1.575s] [100%] Built target orbbec_camera_msgs__rosidl_typesupport_introspection_c__pyext
[1.645s] Invoked command in '/home/agilex/limo_ros2_ws/build/orbbec_camera_msgs' returned '0': CMAKE_PREFIX_PATH=${CMAKE_PREFIX_PATH}:/home/agilex/limo_ros2_ws/install/nav2_gazebo_spawner:/home/agilex/limo_ros2_ws/install/camera_calibration:/opt/ros/foxy /usr/bin/cmake --build /home/agilex/limo_ros2_ws/build/orbbec_camera_msgs -- -j6 -l6
[3.215s] Invoking command in '/home/agilex/limo_ros2_ws/build/orbbec_camera_msgs': CMAKE_PREFIX_PATH=${CMAKE_PREFIX_PATH}:/home/agilex/limo_ros2_ws/install/nav2_gazebo_spawner:/home/agilex/limo_ros2_ws/install/camera_calibration:/opt/ros/foxy /usr/bin/cmake --install /home/agilex/limo_ros2_ws/build/orbbec_camera_msgs
[3.271s] -- Install configuration: "Release"
[3.272s] -- Up-to-date: /home/agilex/limo_ros2_ws/install/orbbec_camera_msgs/share/ament_index/resource_index/rosidl_interfaces/orbbec_camera_msgs
[3.272s] -- Up-to-date: /home/agilex/limo_ros2_ws/install/orbbec_camera_msgs/include/orbbec_camera_msgs
[3.274s] -- Up-to-date: /home/agilex/limo_ros2_ws/install/orbbec_camera_msgs/include/orbbec_camera_msgs/msg
[3.274s] -- Up-to-date: /home/agilex/limo_ros2_ws/install/orbbec_camera_msgs/include/orbbec_camera_msgs/msg/rosidl_generator_c__visibility_control.h
[3.275s] -- Up-to-date: /home/agilex/limo_ros2_ws/install/orbbec_camera_msgs/include/orbbec_camera_msgs/msg/imu_info.h
[3.275s] -- Up-to-date: /home/agilex/limo_ros2_ws/install/orbbec_camera_msgs/include/orbbec_camera_msgs/msg/detail
[3.275s] -- Up-to-date: /home/agilex/limo_ros2_ws/install/orbbec_camera_msgs/include/orbbec_camera_msgs/msg/detail/device_info__functions.c
[3.276s] -- Up-to-date: /home/agilex/limo_ros2_ws/install/orbbec_camera_msgs/include/orbbec_camera_msgs/msg/detail/extrinsics__struct.h
[3.276s] -- Up-to-date: /home/agilex/limo_ros2_ws/install/orbbec_camera_msgs/include/orbbec_camera_msgs/msg/detail/device_info__type_support.h
[3.277s] -- Up-to-date: /home/agilex/limo_ros2_ws/install/orbbec_camera_msgs/include/orbbec_camera_msgs/msg/detail/extrinsics__type_support.h
[3.277s] -- Up-to-date: /home/agilex/limo_ros2_ws/install/orbbec_camera_msgs/include/orbbec_camera_msgs/msg/detail/rgbd__type_support.h
[3.277s] -- Up-to-date: /home/agilex/limo_ros2_ws/install/orbbec_camera_msgs/include/orbbec_camera_msgs/msg/detail/imu_info__functions.h
[3.278s] -- Up-to-date: /home/agilex/limo_ros2_ws/install/orbbec_camera_msgs/include/orbbec_camera_msgs/msg/detail/metadata__struct.h
[3.279s] -- Up-to-date: /home/agilex/limo_ros2_ws/install/orbbec_camera_msgs/include/orbbec_camera_msgs/msg/detail/rgbd__functions.c
[3.280s] -- Up-to-date: /home/agilex/limo_ros2_ws/install/orbbec_camera_msgs/include/orbbec_camera_msgs/msg/detail/metadata__functions.h
[3.280s] -- Up-to-date: /home/agilex/limo_ros2_ws/install/orbbec_camera_msgs/include/orbbec_camera_msgs/msg/detail/metadata__functions.c
[3.280s] -- Up-to-date: /home/agilex/limo_ros2_ws/install/orbbec_camera_msgs/include/orbbec_camera_msgs/msg/detail/device_info__struct.h
[3.281s] -- Up-to-date: /home/agilex/limo_ros2_ws/install/orbbec_camera_msgs/include/orbbec_camera_msgs/msg/detail/imu_info__type_support.h
[3.282s] -- Up-to-date: /home/agilex/limo_ros2_ws/install/orbbec_camera_msgs/include/orbbec_camera_msgs/msg/detail/imu_info__struct.h
[3.282s] -- Up-to-date: /home/agilex/limo_ros2_ws/install/orbbec_camera_msgs/include/orbbec_camera_msgs/msg/detail/device_info__functions.h
[3.282s] -- Up-to-date: /home/agilex/limo_ros2_ws/install/orbbec_camera_msgs/include/orbbec_camera_msgs/msg/detail/imu_info__functions.c
[3.283s] -- Up-to-date: /home/agilex/limo_ros2_ws/install/orbbec_camera_msgs/include/orbbec_camera_msgs/msg/detail/metadata__type_support.h
[3.283s] -- Up-to-date: /home/agilex/limo_ros2_ws/install/orbbec_camera_msgs/include/orbbec_camera_msgs/msg/detail/rgbd__functions.h
[3.283s] -- Up-to-date: /home/agilex/limo_ros2_ws/install/orbbec_camera_msgs/include/orbbec_camera_msgs/msg/detail/rgbd__struct.h
[3.284s] -- Up-to-date: /home/agilex/limo_ros2_ws/install/orbbec_camera_msgs/include/orbbec_camera_msgs/msg/detail/extrinsics__functions.h
[3.285s] -- Up-to-date: /home/agilex/limo_ros2_ws/install/orbbec_camera_msgs/include/orbbec_camera_msgs/msg/detail/extrinsics__functions.c
[3.286s] -- Up-to-date: /home/agilex/limo_ros2_ws/install/orbbec_camera_msgs/include/orbbec_camera_msgs/msg/extrinsics.h
[3.286s] -- Up-to-date: /home/agilex/limo_ros2_ws/install/orbbec_camera_msgs/include/orbbec_camera_msgs/msg/metadata.h
[3.286s] -- Up-to-date: /home/agilex/limo_ros2_ws/install/orbbec_camera_msgs/include/orbbec_camera_msgs/msg/rgbd.h
[3.287s] -- Up-to-date: /home/agilex/limo_ros2_ws/install/orbbec_camera_msgs/include/orbbec_camera_msgs/msg/device_info.h
[3.287s] -- Up-to-date: /home/agilex/limo_ros2_ws/install/orbbec_camera_msgs/include/orbbec_camera_msgs/srv
[3.290s] -- Up-to-date: /home/agilex/limo_ros2_ws/install/orbbec_camera_msgs/include/orbbec_camera_msgs/srv/get_camera_info.h
[3.291s] -- Up-to-date: /home/agilex/limo_ros2_ws/install/orbbec_camera_msgs/include/orbbec_camera_msgs/srv/get_string.h
[3.291s] -- Up-to-date: /home/agilex/limo_ros2_ws/install/orbbec_camera_msgs/include/orbbec_camera_msgs/srv/get_int32.h
[3.291s] -- Up-to-date: /home/agilex/limo_ros2_ws/install/orbbec_camera_msgs/include/orbbec_camera_msgs/srv/set_string.h
[3.291s] -- Up-to-date: /home/agilex/limo_ros2_ws/install/orbbec_camera_msgs/include/orbbec_camera_msgs/srv/get_bool.h
[3.291s] -- Up-to-date: /home/agilex/limo_ros2_ws/install/orbbec_camera_msgs/include/orbbec_camera_msgs/srv/set_int32.h
[3.292s] -- Up-to-date: /home/agilex/limo_ros2_ws/install/orbbec_camera_msgs/include/orbbec_camera_msgs/srv/detail
[3.292s] -- Up-to-date: /home/agilex/limo_ros2_ws/install/orbbec_camera_msgs/include/orbbec_camera_msgs/srv/detail/get_device_info__type_support.h
[3.292s] -- Up-to-date: /home/agilex/limo_ros2_ws/install/orbbec_camera_msgs/include/orbbec_camera_msgs/srv/detail/get_camera_info__functions.c
[3.293s] -- Up-to-date: /home/agilex/limo_ros2_ws/install/orbbec_camera_msgs/include/orbbec_camera_msgs/srv/detail/set_string__functions.c
[3.293s] -- Up-to-date: /home/agilex/limo_ros2_ws/install/orbbec_camera_msgs/include/orbbec_camera_msgs/srv/detail/set_string__type_support.h
[3.293s] -- Up-to-date: /home/agilex/limo_ros2_ws/install/orbbec_camera_msgs/include/orbbec_camera_msgs/srv/detail/get_camera_info__type_support.h
[3.294s] -- Up-to-date: /home/agilex/limo_ros2_ws/install/orbbec_camera_msgs/include/orbbec_camera_msgs/srv/detail/get_string__type_support.h
[3.294s] -- Up-to-date: /home/agilex/limo_ros2_ws/install/orbbec_camera_msgs/include/orbbec_camera_msgs/srv/detail/set_int32__struct.h
[3.294s] -- Up-to-date: /home/agilex/limo_ros2_ws/install/orbbec_camera_msgs/include/orbbec_camera_msgs/srv/detail/get_int32__functions.h
[3.294s] -- Up-to-date: /home/agilex/limo_ros2_ws/install/orbbec_camera_msgs/include/orbbec_camera_msgs/srv/detail/get_camera_info__struct.h
[3.294s] -- Up-to-date: /home/agilex/limo_ros2_ws/install/orbbec_camera_msgs/include/orbbec_camera_msgs/srv/detail/get_bool__type_support.h
[3.294s] -- Up-to-date: /home/agilex/limo_ros2_ws/install/orbbec_camera_msgs/include/orbbec_camera_msgs/srv/detail/get_int32__type_support.h
[3.294s] -- Up-to-date: /home/agilex/limo_ros2_ws/install/orbbec_camera_msgs/include/orbbec_camera_msgs/srv/detail/get_device_info__functions.h
[3.295s] -- Up-to-date: /home/agilex/limo_ros2_ws/install/orbbec_camera_msgs/include/orbbec_camera_msgs/srv/detail/get_camera_info__functions.h
[3.295s] -- Up-to-date: /home/agilex/limo_ros2_ws/install/orbbec_camera_msgs/include/orbbec_camera_msgs/srv/detail/get_device_info__functions.c
[3.296s] -- Up-to-date: /home/agilex/limo_ros2_ws/install/orbbec_camera_msgs/include/orbbec_camera_msgs/srv/detail/set_string__functions.h
[3.296s] -- Up-to-date: /home/agilex/limo_ros2_ws/install/orbbec_camera_msgs/include/orbbec_camera_msgs/srv/detail/get_device_info__struct.h
[3.296s] -- Up-to-date: /home/agilex/limo_ros2_ws/install/orbbec_camera_msgs/include/orbbec_camera_msgs/srv/detail/get_string__functions.h
[3.299s] -- Up-to-date: /home/agilex/limo_ros2_ws/install/orbbec_camera_msgs/include/orbbec_camera_msgs/srv/detail/set_int32__type_support.h
[3.299s] -- Up-to-date: /home/agilex/limo_ros2_ws/install/orbbec_camera_msgs/include/orbbec_camera_msgs/srv/detail/get_bool__functions.h
[3.299s] -- Up-to-date: /home/agilex/limo_ros2_ws/install/orbbec_camera_msgs/include/orbbec_camera_msgs/srv/detail/get_string__struct.h
[3.299s] -- Up-to-date: /home/agilex/limo_ros2_ws/install/orbbec_camera_msgs/include/orbbec_camera_msgs/srv/detail/get_string__functions.c
[3.299s] -- Up-to-date: /home/agilex/limo_ros2_ws/install/orbbec_camera_msgs/include/orbbec_camera_msgs/srv/detail/set_int32__functions.c
[3.300s] -- Up-to-date: /home/agilex/limo_ros2_ws/install/orbbec_camera_msgs/include/orbbec_camera_msgs/srv/detail/get_bool__functions.c
[3.300s] -- Up-to-date: /home/agilex/limo_ros2_ws/install/orbbec_camera_msgs/include/orbbec_camera_msgs/srv/detail/get_bool__struct.h
[3.300s] -- Up-to-date: /home/agilex/limo_ros2_ws/install/orbbec_camera_msgs/include/orbbec_camera_msgs/srv/detail/set_string__struct.h
[3.300s] -- Up-to-date: /home/agilex/limo_ros2_ws/install/orbbec_camera_msgs/include/orbbec_camera_msgs/srv/detail/get_int32__struct.h
[3.300s] -- Up-to-date: /home/agilex/limo_ros2_ws/install/orbbec_camera_msgs/include/orbbec_camera_msgs/srv/detail/get_int32__functions.c
[3.300s] -- Up-to-date: /home/agilex/limo_ros2_ws/install/orbbec_camera_msgs/include/orbbec_camera_msgs/srv/detail/set_int32__functions.h
[3.301s] -- Up-to-date: /home/agilex/limo_ros2_ws/install/orbbec_camera_msgs/include/orbbec_camera_msgs/srv/get_device_info.h
[3.301s] -- Up-to-date: /home/agilex/limo_ros2_ws/install/orbbec_camera_msgs/share/orbbec_camera_msgs/environment/library_path.sh
[3.301s] -- Up-to-date: /home/agilex/limo_ros2_ws/install/orbbec_camera_msgs/share/orbbec_camera_msgs/environment/library_path.dsv
[3.301s] -- Up-to-date: /home/agilex/limo_ros2_ws/install/orbbec_camera_msgs/lib/liborbbec_camera_msgs__rosidl_generator_c.so
[3.301s] -- Up-to-date: /home/agilex/limo_ros2_ws/install/orbbec_camera_msgs/include/orbbec_camera_msgs
[3.302s] -- Up-to-date: /home/agilex/limo_ros2_ws/install/orbbec_camera_msgs/include/orbbec_camera_msgs/msg
[3.303s] -- Up-to-date: /home/agilex/limo_ros2_ws/install/orbbec_camera_msgs/include/orbbec_camera_msgs/msg/rosidl_typesupport_fastrtps_c__visibility_control.h
[3.303s] -- Up-to-date: /home/agilex/limo_ros2_ws/install/orbbec_camera_msgs/include/orbbec_camera_msgs/msg/detail
[3.304s] -- Up-to-date: /home/agilex/limo_ros2_ws/install/orbbec_camera_msgs/include/orbbec_camera_msgs/msg/detail/rgbd__rosidl_typesupport_fastrtps_c.h
[3.305s] -- Up-to-date: /home/agilex/limo_ros2_ws/install/orbbec_camera_msgs/include/orbbec_camera_msgs/msg/detail/metadata__rosidl_typesupport_fastrtps_c.h
[3.305s] -- Up-to-date: /home/agilex/limo_ros2_ws/install/orbbec_camera_msgs/include/orbbec_camera_msgs/msg/detail/extrinsics__rosidl_typesupport_fastrtps_c.h
[3.305s] -- Up-to-date: /home/agilex/limo_ros2_ws/install/orbbec_camera_msgs/include/orbbec_camera_msgs/msg/detail/device_info__rosidl_typesupport_fastrtps_c.h
[3.306s] -- Up-to-date: /home/agilex/limo_ros2_ws/install/orbbec_camera_msgs/include/orbbec_camera_msgs/msg/detail/imu_info__rosidl_typesupport_fastrtps_c.h
[3.306s] -- Up-to-date: /home/agilex/limo_ros2_ws/install/orbbec_camera_msgs/include/orbbec_camera_msgs/srv
[3.307s] -- Up-to-date: /home/agilex/limo_ros2_ws/install/orbbec_camera_msgs/include/orbbec_camera_msgs/srv/detail
[3.308s] -- Up-to-date: /home/agilex/limo_ros2_ws/install/orbbec_camera_msgs/include/orbbec_camera_msgs/srv/detail/set_string__rosidl_typesupport_fastrtps_c.h
[3.308s] -- Up-to-date: /home/agilex/limo_ros2_ws/install/orbbec_camera_msgs/include/orbbec_camera_msgs/srv/detail/get_camera_info__rosidl_typesupport_fastrtps_c.h
[3.309s] -- Up-to-date: /home/agilex/limo_ros2_ws/install/orbbec_camera_msgs/include/orbbec_camera_msgs/srv/detail/get_int32__rosidl_typesupport_fastrtps_c.h
[3.309s] -- Up-to-date: /home/agilex/limo_ros2_ws/install/orbbec_camera_msgs/include/orbbec_camera_msgs/srv/detail/get_bool__rosidl_typesupport_fastrtps_c.h
[3.310s] -- Up-to-date: /home/agilex/limo_ros2_ws/install/orbbec_camera_msgs/include/orbbec_camera_msgs/srv/detail/set_int32__rosidl_typesupport_fastrtps_c.h
[3.311s] -- Up-to-date: /home/agilex/limo_ros2_ws/install/orbbec_camera_msgs/include/orbbec_camera_msgs/srv/detail/get_string__rosidl_typesupport_fastrtps_c.h
[3.311s] -- Up-to-date: /home/agilex/limo_ros2_ws/install/orbbec_camera_msgs/include/orbbec_camera_msgs/srv/detail/get_device_info__rosidl_typesupport_fastrtps_c.h
[3.313s] -- Up-to-date: /home/agilex/limo_ros2_ws/install/orbbec_camera_msgs/lib/liborbbec_camera_msgs__rosidl_typesupport_fastrtps_c.so
[3.314s] -- Up-to-date: /home/agilex/limo_ros2_ws/install/orbbec_camera_msgs/include/orbbec_camera_msgs
[3.314s] -- Up-to-date: /home/agilex/limo_ros2_ws/install/orbbec_camera_msgs/include/orbbec_camera_msgs/msg
[3.315s] -- Up-to-date: /home/agilex/limo_ros2_ws/install/orbbec_camera_msgs/include/orbbec_camera_msgs/msg/rosidl_typesupport_fastrtps_cpp__visibility_control.h
[3.315s] -- Up-to-date: /home/agilex/limo_ros2_ws/install/orbbec_camera_msgs/include/orbbec_camera_msgs/msg/detail
[3.316s] -- Up-to-date: /home/agilex/limo_ros2_ws/install/orbbec_camera_msgs/include/orbbec_camera_msgs/msg/detail/imu_info__rosidl_typesupport_fastrtps_cpp.hpp
[3.316s] -- Up-to-date: /home/agilex/limo_ros2_ws/install/orbbec_camera_msgs/include/orbbec_camera_msgs/msg/detail/device_info__rosidl_typesupport_fastrtps_cpp.hpp
[3.317s] -- Up-to-date: /home/agilex/limo_ros2_ws/install/orbbec_camera_msgs/include/orbbec_camera_msgs/msg/detail/dds_fastrtps
[3.317s] -- Up-to-date: /home/agilex/limo_ros2_ws/install/orbbec_camera_msgs/include/orbbec_camera_msgs/msg/detail/metadata__rosidl_typesupport_fastrtps_cpp.hpp
[3.317s] -- Up-to-date: /home/agilex/limo_ros2_ws/install/orbbec_camera_msgs/include/orbbec_camera_msgs/msg/detail/rgbd__rosidl_typesupport_fastrtps_cpp.hpp
[3.318s] -- Up-to-date: /home/agilex/limo_ros2_ws/install/orbbec_camera_msgs/include/orbbec_camera_msgs/msg/detail/extrinsics__rosidl_typesupport_fastrtps_cpp.hpp
[3.319s] -- Up-to-date: /home/agilex/limo_ros2_ws/install/orbbec_camera_msgs/include/orbbec_camera_msgs/srv
[3.319s] -- Up-to-date: /home/agilex/limo_ros2_ws/install/orbbec_camera_msgs/include/orbbec_camera_msgs/srv/detail
[3.319s] -- Up-to-date: /home/agilex/limo_ros2_ws/install/orbbec_camera_msgs/include/orbbec_camera_msgs/srv/detail/get_device_info__rosidl_typesupport_fastrtps_cpp.hpp
[3.319s] -- Up-to-date: /home/agilex/limo_ros2_ws/install/orbbec_camera_msgs/include/orbbec_camera_msgs/srv/detail/dds_fastrtps
[3.321s] -- Up-to-date: /home/agilex/limo_ros2_ws/install/orbbec_camera_msgs/include/orbbec_camera_msgs/srv/detail/get_string__rosidl_typesupport_fastrtps_cpp.hpp
[3.321s] -- Up-to-date: /home/agilex/limo_ros2_ws/install/orbbec_camera_msgs/include/orbbec_camera_msgs/srv/detail/set_int32__rosidl_typesupport_fastrtps_cpp.hpp
[3.322s] -- Up-to-date: /home/agilex/limo_ros2_ws/install/orbbec_camera_msgs/include/orbbec_camera_msgs/srv/detail/get_int32__rosidl_typesupport_fastrtps_cpp.hpp
[3.322s] -- Up-to-date: /home/agilex/limo_ros2_ws/install/orbbec_camera_msgs/include/orbbec_camera_msgs/srv/detail/get_bool__rosidl_typesupport_fastrtps_cpp.hpp
[3.322s] -- Up-to-date: /home/agilex/limo_ros2_ws/install/orbbec_camera_msgs/include/orbbec_camera_msgs/srv/detail/set_string__rosidl_typesupport_fastrtps_cpp.hpp
[3.322s] -- Up-to-date: /home/agilex/limo_ros2_ws/install/orbbec_camera_msgs/include/orbbec_camera_msgs/srv/detail/get_camera_info__rosidl_typesupport_fastrtps_cpp.hpp
[3.322s] -- Up-to-date: /home/agilex/limo_ros2_ws/install/orbbec_camera_msgs/lib/liborbbec_camera_msgs__rosidl_typesupport_fastrtps_cpp.so
[3.324s] -- Up-to-date: /home/agilex/limo_ros2_ws/install/orbbec_camera_msgs/include/orbbec_camera_msgs
[3.324s] -- Up-to-date: /home/agilex/limo_ros2_ws/install/orbbec_camera_msgs/include/orbbec_camera_msgs/msg
[3.325s] -- Up-to-date: /home/agilex/limo_ros2_ws/install/orbbec_camera_msgs/include/orbbec_camera_msgs/msg/rosidl_typesupport_introspection_c__visibility_control.h
[3.325s] -- Up-to-date: /home/agilex/limo_ros2_ws/install/orbbec_camera_msgs/include/orbbec_camera_msgs/msg/detail
[3.325s] -- Up-to-date: /home/agilex/limo_ros2_ws/install/orbbec_camera_msgs/include/orbbec_camera_msgs/msg/detail/device_info__rosidl_typesupport_introspection_c.h
[3.325s] -- Up-to-date: /home/agilex/limo_ros2_ws/install/orbbec_camera_msgs/include/orbbec_camera_msgs/msg/detail/imu_info__rosidl_typesupport_introspection_c.h
[3.325s] -- Up-to-date: /home/agilex/limo_ros2_ws/install/orbbec_camera_msgs/include/orbbec_camera_msgs/msg/detail/imu_info__type_support.c
[3.327s] -- Up-to-date: /home/agilex/limo_ros2_ws/install/orbbec_camera_msgs/include/orbbec_camera_msgs/msg/detail/rgbd__type_support.c
[3.328s] -- Up-to-date: /home/agilex/limo_ros2_ws/install/orbbec_camera_msgs/include/orbbec_camera_msgs/msg/detail/metadata__type_support.c
[3.329s] -- Up-to-date: /home/agilex/limo_ros2_ws/install/orbbec_camera_msgs/include/orbbec_camera_msgs/msg/detail/rgbd__rosidl_typesupport_introspection_c.h
[3.329s] -- Up-to-date: /home/agilex/limo_ros2_ws/install/orbbec_camera_msgs/include/orbbec_camera_msgs/msg/detail/device_info__type_support.c
[3.329s] -- Up-to-date: /home/agilex/limo_ros2_ws/install/orbbec_camera_msgs/include/orbbec_camera_msgs/msg/detail/extrinsics__type_support.c
[3.329s] -- Up-to-date: /home/agilex/limo_ros2_ws/install/orbbec_camera_msgs/include/orbbec_camera_msgs/msg/detail/extrinsics__rosidl_typesupport_introspection_c.h
[3.333s] -- Up-to-date: /home/agilex/limo_ros2_ws/install/orbbec_camera_msgs/include/orbbec_camera_msgs/msg/detail/metadata__rosidl_typesupport_introspection_c.h
[3.333s] -- Up-to-date: /home/agilex/limo_ros2_ws/install/orbbec_camera_msgs/include/orbbec_camera_msgs/srv
[3.334s] -- Up-to-date: /home/agilex/limo_ros2_ws/install/orbbec_camera_msgs/include/orbbec_camera_msgs/srv/detail
[3.334s] -- Up-to-date: /home/agilex/limo_ros2_ws/install/orbbec_camera_msgs/include/orbbec_camera_msgs/srv/detail/get_camera_info__type_support.c
[3.334s] -- Up-to-date: /home/agilex/limo_ros2_ws/install/orbbec_camera_msgs/include/orbbec_camera_msgs/srv/detail/get_bool__type_support.c
[3.334s] -- Up-to-date: /home/agilex/limo_ros2_ws/install/orbbec_camera_msgs/include/orbbec_camera_msgs/srv/detail/set_int32__type_support.c
[3.334s] -- Up-to-date: /home/agilex/limo_ros2_ws/install/orbbec_camera_msgs/include/orbbec_camera_msgs/srv/detail/set_int32__rosidl_typesupport_introspection_c.h
[3.335s] -- Up-to-date: /home/agilex/limo_ros2_ws/install/orbbec_camera_msgs/include/orbbec_camera_msgs/srv/detail/get_bool__rosidl_typesupport_introspection_c.h
[3.335s] -- Up-to-date: /home/agilex/limo_ros2_ws/install/orbbec_camera_msgs/include/orbbec_camera_msgs/srv/detail/get_device_info__rosidl_typesupport_introspection_c.h
[3.335s] -- Up-to-date: /home/agilex/limo_ros2_ws/install/orbbec_camera_msgs/include/orbbec_camera_msgs/srv/detail/get_string__type_support.c
[3.335s] -- Up-to-date: /home/agilex/limo_ros2_ws/install/orbbec_camera_msgs/include/orbbec_camera_msgs/srv/detail/set_string__type_support.c
[3.335s] -- Up-to-date: /home/agilex/limo_ros2_ws/install/orbbec_camera_msgs/include/orbbec_camera_msgs/srv/detail/get_camera_info__rosidl_typesupport_introspection_c.h
[3.335s] -- Up-to-date: /home/agilex/limo_ros2_ws/install/orbbec_camera_msgs/include/orbbec_camera_msgs/srv/detail/get_string__rosidl_typesupport_introspection_c.h
[3.335s] -- Up-to-date: /home/agilex/limo_ros2_ws/install/orbbec_camera_msgs/include/orbbec_camera_msgs/srv/detail/get_int32__rosidl_typesupport_introspection_c.h
[3.336s] -- Up-to-date: /home/agilex/limo_ros2_ws/install/orbbec_camera_msgs/include/orbbec_camera_msgs/srv/detail/get_device_info__type_support.c
[3.336s] -- Up-to-date: /home/agilex/limo_ros2_ws/install/orbbec_camera_msgs/include/orbbec_camera_msgs/srv/detail/set_string__rosidl_typesupport_introspection_c.h
[3.336s] -- Up-to-date: /home/agilex/limo_ros2_ws/install/orbbec_camera_msgs/include/orbbec_camera_msgs/srv/detail/get_int32__type_support.c
[3.336s] -- Up-to-date: /home/agilex/limo_ros2_ws/install/orbbec_camera_msgs/lib/liborbbec_camera_msgs__rosidl_typesupport_introspection_c.so
[3.336s] -- Up-to-date: /home/agilex/limo_ros2_ws/install/orbbec_camera_msgs/lib/liborbbec_camera_msgs__rosidl_typesupport_c.so
[3.336s] -- Up-to-date: /home/agilex/limo_ros2_ws/install/orbbec_camera_msgs/include/orbbec_camera_msgs
[3.336s] -- Up-to-date: /home/agilex/limo_ros2_ws/install/orbbec_camera_msgs/include/orbbec_camera_msgs/msg
[3.338s] -- Up-to-date: /home/agilex/limo_ros2_ws/install/orbbec_camera_msgs/include/orbbec_camera_msgs/msg/device_info.hpp
[3.340s] -- Up-to-date: /home/agilex/limo_ros2_ws/install/orbbec_camera_msgs/include/orbbec_camera_msgs/msg/rosidl_generator_cpp__visibility_control.hpp
[3.340s] -- Up-to-date: /home/agilex/limo_ros2_ws/install/orbbec_camera_msgs/include/orbbec_camera_msgs/msg/metadata.hpp
[3.340s] -- Up-to-date: /home/agilex/limo_ros2_ws/install/orbbec_camera_msgs/include/orbbec_camera_msgs/msg/imu_info.hpp
[3.340s] -- Up-to-date: /home/agilex/limo_ros2_ws/install/orbbec_camera_msgs/include/orbbec_camera_msgs/msg/detail
[3.340s] -- Up-to-date: /home/agilex/limo_ros2_ws/install/orbbec_camera_msgs/include/orbbec_camera_msgs/msg/detail/extrinsics__struct.hpp
[3.340s] -- Up-to-date: /home/agilex/limo_ros2_ws/install/orbbec_camera_msgs/include/orbbec_camera_msgs/msg/detail/device_info__type_support.hpp
[3.341s] -- Up-to-date: /home/agilex/limo_ros2_ws/install/orbbec_camera_msgs/include/orbbec_camera_msgs/msg/detail/metadata__type_support.hpp
[3.341s] -- Up-to-date: /home/agilex/limo_ros2_ws/install/orbbec_camera_msgs/include/orbbec_camera_msgs/msg/detail/imu_info__builder.hpp
[3.341s] -- Up-to-date: /home/agilex/limo_ros2_ws/install/orbbec_camera_msgs/include/orbbec_camera_msgs/msg/detail/rgbd__builder.hpp
[3.341s] -- Up-to-date: /home/agilex/limo_ros2_ws/install/orbbec_camera_msgs/include/orbbec_camera_msgs/msg/detail/rgbd__traits.hpp
[3.341s] -- Up-to-date: /home/agilex/limo_ros2_ws/install/orbbec_camera_msgs/include/orbbec_camera_msgs/msg/detail/metadata__struct.hpp
[3.341s] -- Up-to-date: /home/agilex/limo_ros2_ws/install/orbbec_camera_msgs/include/orbbec_camera_msgs/msg/detail/imu_info__struct.hpp
[3.344s] -- Up-to-date: /home/agilex/limo_ros2_ws/install/orbbec_camera_msgs/include/orbbec_camera_msgs/msg/detail/extrinsics__traits.hpp
[3.345s] -- Up-to-date: /home/agilex/limo_ros2_ws/install/orbbec_camera_msgs/include/orbbec_camera_msgs/msg/detail/imu_info__traits.hpp
[3.345s] -- Up-to-date: /home/agilex/limo_ros2_ws/install/orbbec_camera_msgs/include/orbbec_camera_msgs/msg/detail/extrinsics__builder.hpp
[3.345s] -- Up-to-date: /home/agilex/limo_ros2_ws/install/orbbec_camera_msgs/include/orbbec_camera_msgs/msg/detail/device_info__struct.hpp
[3.345s] -- Up-to-date: /home/agilex/limo_ros2_ws/install/orbbec_camera_msgs/include/orbbec_camera_msgs/msg/detail/metadata__builder.hpp
[3.345s] -- Up-to-date: /home/agilex/limo_ros2_ws/install/orbbec_camera_msgs/include/orbbec_camera_msgs/msg/detail/device_info__builder.hpp
[3.345s] -- Up-to-date: /home/agilex/limo_ros2_ws/install/orbbec_camera_msgs/include/orbbec_camera_msgs/msg/detail/device_info__traits.hpp
[3.345s] -- Up-to-date: /home/agilex/limo_ros2_ws/install/orbbec_camera_msgs/include/orbbec_camera_msgs/msg/detail/extrinsics__type_support.hpp
[3.346s] -- Up-to-date: /home/agilex/limo_ros2_ws/install/orbbec_camera_msgs/include/orbbec_camera_msgs/msg/detail/rgbd__type_support.hpp
[3.346s] -- Up-to-date: /home/agilex/limo_ros2_ws/install/orbbec_camera_msgs/include/orbbec_camera_msgs/msg/detail/rgbd__struct.hpp
[3.346s] -- Up-to-date: /home/agilex/limo_ros2_ws/install/orbbec_camera_msgs/include/orbbec_camera_msgs/msg/detail/metadata__traits.hpp
[3.346s] -- Up-to-date: /home/agilex/limo_ros2_ws/install/orbbec_camera_msgs/include/orbbec_camera_msgs/msg/detail/imu_info__type_support.hpp
[3.346s] -- Up-to-date: /home/agilex/limo_ros2_ws/install/orbbec_camera_msgs/include/orbbec_camera_msgs/msg/extrinsics.hpp
[3.346s] -- Up-to-date: /home/agilex/limo_ros2_ws/install/orbbec_camera_msgs/include/orbbec_camera_msgs/msg/rgbd.hpp
[3.346s] -- Up-to-date: /home/agilex/limo_ros2_ws/install/orbbec_camera_msgs/include/orbbec_camera_msgs/srv
[3.350s] -- Up-to-date: /home/agilex/limo_ros2_ws/install/orbbec_camera_msgs/include/orbbec_camera_msgs/srv/set_int32.hpp
[3.351s] -- Up-to-date: /home/agilex/limo_ros2_ws/install/orbbec_camera_msgs/include/orbbec_camera_msgs/srv/set_string.hpp
[3.351s] -- Up-to-date: /home/agilex/limo_ros2_ws/install/orbbec_camera_msgs/include/orbbec_camera_msgs/srv/get_string.hpp
[3.351s] -- Up-to-date: /home/agilex/limo_ros2_ws/install/orbbec_camera_msgs/include/orbbec_camera_msgs/srv/get_int32.hpp
[3.351s] -- Up-to-date: /home/agilex/limo_ros2_ws/install/orbbec_camera_msgs/include/orbbec_camera_msgs/srv/detail
[3.351s] -- Up-to-date: /home/agilex/limo_ros2_ws/install/orbbec_camera_msgs/include/orbbec_camera_msgs/srv/detail/set_int32__traits.hpp
[3.351s] -- Up-to-date: /home/agilex/limo_ros2_ws/install/orbbec_camera_msgs/include/orbbec_camera_msgs/srv/detail/get_device_info__struct.hpp
[3.352s] -- Up-to-date: /home/agilex/limo_ros2_ws/install/orbbec_camera_msgs/include/orbbec_camera_msgs/srv/detail/get_device_info__builder.hpp
[3.352s] -- Up-to-date: /home/agilex/limo_ros2_ws/install/orbbec_camera_msgs/include/orbbec_camera_msgs/srv/detail/get_camera_info__traits.hpp
[3.352s] -- Up-to-date: /home/agilex/limo_ros2_ws/install/orbbec_camera_msgs/include/orbbec_camera_msgs/srv/detail/get_string__builder.hpp
[3.352s] -- Up-to-date: /home/agilex/limo_ros2_ws/install/orbbec_camera_msgs/include/orbbec_camera_msgs/srv/detail/get_int32__struct.hpp
[3.352s] -- Up-to-date: /home/agilex/limo_ros2_ws/install/orbbec_camera_msgs/include/orbbec_camera_msgs/srv/detail/get_string__struct.hpp
[3.352s] -- Up-to-date: /home/agilex/limo_ros2_ws/install/orbbec_camera_msgs/include/orbbec_camera_msgs/srv/detail/set_string__struct.hpp
[3.352s] -- Up-to-date: /home/agilex/limo_ros2_ws/install/orbbec_camera_msgs/include/orbbec_camera_msgs/srv/detail/set_string__type_support.hpp
[3.352s] -- Up-to-date: /home/agilex/limo_ros2_ws/install/orbbec_camera_msgs/include/orbbec_camera_msgs/srv/detail/get_camera_info__struct.hpp
[3.353s] -- Up-to-date: /home/agilex/limo_ros2_ws/install/orbbec_camera_msgs/include/orbbec_camera_msgs/srv/detail/get_camera_info__type_support.hpp
[3.355s] -- Up-to-date: /home/agilex/limo_ros2_ws/install/orbbec_camera_msgs/include/orbbec_camera_msgs/srv/detail/get_int32__type_support.hpp
[3.355s] -- Up-to-date: /home/agilex/limo_ros2_ws/install/orbbec_camera_msgs/include/orbbec_camera_msgs/srv/detail/get_int32__builder.hpp
[3.356s] -- Up-to-date: /home/agilex/limo_ros2_ws/install/orbbec_camera_msgs/include/orbbec_camera_msgs/srv/detail/get_device_info__type_support.hpp
[3.361s] -- Up-to-date: /home/agilex/limo_ros2_ws/install/orbbec_camera_msgs/include/orbbec_camera_msgs/srv/detail/get_bool__builder.hpp
[3.362s] -- Up-to-date: /home/agilex/limo_ros2_ws/install/orbbec_camera_msgs/include/orbbec_camera_msgs/srv/detail/get_int32__traits.hpp
[3.362s] -- Up-to-date: /home/agilex/limo_ros2_ws/install/orbbec_camera_msgs/include/orbbec_camera_msgs/srv/detail/get_bool__struct.hpp
[3.362s] -- Up-to-date: /home/agilex/limo_ros2_ws/install/orbbec_camera_msgs/include/orbbec_camera_msgs/srv/detail/get_string__type_support.hpp
[3.363s] -- Up-to-date: /home/agilex/limo_ros2_ws/install/orbbec_camera_msgs/include/orbbec_camera_msgs/srv/detail/set_int32__builder.hpp
[3.363s] -- Up-to-date: /home/agilex/limo_ros2_ws/install/orbbec_camera_msgs/include/orbbec_camera_msgs/srv/detail/get_bool__traits.hpp
[3.363s] -- Up-to-date: /home/agilex/limo_ros2_ws/install/orbbec_camera_msgs/include/orbbec_camera_msgs/srv/detail/set_string__builder.hpp
[3.363s] -- Up-to-date: /home/agilex/limo_ros2_ws/install/orbbec_camera_msgs/include/orbbec_camera_msgs/srv/detail/set_string__traits.hpp
[3.363s] -- Up-to-date: /home/agilex/limo_ros2_ws/install/orbbec_camera_msgs/include/orbbec_camera_msgs/srv/detail/get_device_info__traits.hpp
[3.364s] -- Up-to-date: /home/agilex/limo_ros2_ws/install/orbbec_camera_msgs/include/orbbec_camera_msgs/srv/detail/set_int32__type_support.hpp
[3.364s] -- Up-to-date: /home/agilex/limo_ros2_ws/install/orbbec_camera_msgs/include/orbbec_camera_msgs/srv/detail/get_string__traits.hpp
[3.364s] -- Up-to-date: /home/agilex/limo_ros2_ws/install/orbbec_camera_msgs/include/orbbec_camera_msgs/srv/detail/get_camera_info__builder.hpp
[3.364s] -- Up-to-date: /home/agilex/limo_ros2_ws/install/orbbec_camera_msgs/include/orbbec_camera_msgs/srv/detail/set_int32__struct.hpp
[3.364s] -- Up-to-date: /home/agilex/limo_ros2_ws/install/orbbec_camera_msgs/include/orbbec_camera_msgs/srv/detail/get_bool__type_support.hpp
[3.364s] -- Up-to-date: /home/agilex/limo_ros2_ws/install/orbbec_camera_msgs/include/orbbec_camera_msgs/srv/get_device_info.hpp
[3.364s] -- Up-to-date: /home/agilex/limo_ros2_ws/install/orbbec_camera_msgs/include/orbbec_camera_msgs/srv/get_camera_info.hpp
[3.364s] -- Up-to-date: /home/agilex/limo_ros2_ws/install/orbbec_camera_msgs/include/orbbec_camera_msgs/srv/get_bool.hpp
[3.365s] -- Up-to-date: /home/agilex/limo_ros2_ws/install/orbbec_camera_msgs/include/orbbec_camera_msgs
[3.365s] -- Up-to-date: /home/agilex/limo_ros2_ws/install/orbbec_camera_msgs/include/orbbec_camera_msgs/msg
[3.365s] -- Up-to-date: /home/agilex/limo_ros2_ws/install/orbbec_camera_msgs/include/orbbec_camera_msgs/msg/detail
[3.365s] -- Up-to-date: /home/agilex/limo_ros2_ws/install/orbbec_camera_msgs/include/orbbec_camera_msgs/msg/detail/extrinsics__type_support.cpp
[3.365s] -- Up-to-date: /home/agilex/limo_ros2_ws/install/orbbec_camera_msgs/include/orbbec_camera_msgs/msg/detail/metadata__rosidl_typesupport_introspection_cpp.hpp
[3.365s] -- Up-to-date: /home/agilex/limo_ros2_ws/install/orbbec_camera_msgs/include/orbbec_camera_msgs/msg/detail/device_info__rosidl_typesupport_introspection_cpp.hpp
[3.365s] -- Up-to-date: /home/agilex/limo_ros2_ws/install/orbbec_camera_msgs/include/orbbec_camera_msgs/msg/detail/rgbd__rosidl_typesupport_introspection_cpp.hpp
[3.365s] -- Up-to-date: /home/agilex/limo_ros2_ws/install/orbbec_camera_msgs/include/orbbec_camera_msgs/msg/detail/rgbd__type_support.cpp
[3.366s] -- Up-to-date: /home/agilex/limo_ros2_ws/install/orbbec_camera_msgs/include/orbbec_camera_msgs/msg/detail/extrinsics__rosidl_typesupport_introspection_cpp.hpp
[3.366s] -- Up-to-date: /home/agilex/limo_ros2_ws/install/orbbec_camera_msgs/include/orbbec_camera_msgs/msg/detail/imu_info__rosidl_typesupport_introspection_cpp.hpp
[3.366s] -- Up-to-date: /home/agilex/limo_ros2_ws/install/orbbec_camera_msgs/include/orbbec_camera_msgs/msg/detail/metadata__type_support.cpp
[3.366s] -- Up-to-date: /home/agilex/limo_ros2_ws/install/orbbec_camera_msgs/include/orbbec_camera_msgs/msg/detail/device_info__type_support.cpp
[3.366s] -- Up-to-date: /home/agilex/limo_ros2_ws/install/orbbec_camera_msgs/include/orbbec_camera_msgs/msg/detail/imu_info__type_support.cpp
[3.366s] -- Up-to-date: /home/agilex/limo_ros2_ws/install/orbbec_camera_msgs/include/orbbec_camera_msgs/srv
[3.366s] -- Up-to-date: /home/agilex/limo_ros2_ws/install/orbbec_camera_msgs/include/orbbec_camera_msgs/srv/detail
[3.366s] -- Up-to-date: /home/agilex/limo_ros2_ws/install/orbbec_camera_msgs/include/orbbec_camera_msgs/srv/detail/set_int32__rosidl_typesupport_introspection_cpp.hpp
[3.367s] -- Up-to-date: /home/agilex/limo_ros2_ws/install/orbbec_camera_msgs/include/orbbec_camera_msgs/srv/detail/get_int32__rosidl_typesupport_introspection_cpp.hpp
[3.367s] -- Up-to-date: /home/agilex/limo_ros2_ws/install/orbbec_camera_msgs/include/orbbec_camera_msgs/srv/detail/get_device_info__rosidl_typesupport_introspection_cpp.hpp
[3.367s] -- Up-to-date: /home/agilex/limo_ros2_ws/install/orbbec_camera_msgs/include/orbbec_camera_msgs/srv/detail/set_string__type_support.cpp
[3.367s] -- Up-to-date: /home/agilex/limo_ros2_ws/install/orbbec_camera_msgs/include/orbbec_camera_msgs/srv/detail/get_camera_info__type_support.cpp
[3.367s] -- Up-to-date: /home/agilex/limo_ros2_ws/install/orbbec_camera_msgs/include/orbbec_camera_msgs/srv/detail/get_string__type_support.cpp
[3.368s] -- Up-to-date: /home/agilex/limo_ros2_ws/install/orbbec_camera_msgs/include/orbbec_camera_msgs/srv/detail/get_camera_info__rosidl_typesupport_introspection_cpp.hpp
[3.368s] -- Up-to-date: /home/agilex/limo_ros2_ws/install/orbbec_camera_msgs/include/orbbec_camera_msgs/srv/detail/get_device_info__type_support.cpp
[3.368s] -- Up-to-date: /home/agilex/limo_ros2_ws/install/orbbec_camera_msgs/include/orbbec_camera_msgs/srv/detail/get_bool__rosidl_typesupport_introspection_cpp.hpp
[3.368s] -- Up-to-date: /home/agilex/limo_ros2_ws/install/orbbec_camera_msgs/include/orbbec_camera_msgs/srv/detail/set_int32__type_support.cpp
[3.368s] -- Up-to-date: /home/agilex/limo_ros2_ws/install/orbbec_camera_msgs/include/orbbec_camera_msgs/srv/detail/get_string__rosidl_typesupport_introspection_cpp.hpp
[3.368s] -- Up-to-date: /home/agilex/limo_ros2_ws/install/orbbec_camera_msgs/include/orbbec_camera_msgs/srv/detail/set_string__rosidl_typesupport_introspection_cpp.hpp
[3.369s] -- Up-to-date: /home/agilex/limo_ros2_ws/install/orbbec_camera_msgs/include/orbbec_camera_msgs/srv/detail/get_int32__type_support.cpp
[3.369s] -- Up-to-date: /home/agilex/limo_ros2_ws/install/orbbec_camera_msgs/include/orbbec_camera_msgs/srv/detail/get_bool__type_support.cpp
[3.369s] -- Up-to-date: /home/agilex/limo_ros2_ws/install/orbbec_camera_msgs/lib/liborbbec_camera_msgs__rosidl_typesupport_introspection_cpp.so
[3.369s] -- Up-to-date: /home/agilex/limo_ros2_ws/install/orbbec_camera_msgs/lib/liborbbec_camera_msgs__rosidl_typesupport_cpp.so
[3.369s] -- Up-to-date: /home/agilex/limo_ros2_ws/install/orbbec_camera_msgs/share/orbbec_camera_msgs/environment/pythonpath.sh
[3.369s] -- Up-to-date: /home/agilex/limo_ros2_ws/install/orbbec_camera_msgs/share/orbbec_camera_msgs/environment/pythonpath.dsv
[3.370s] -- Up-to-date: /home/agilex/limo_ros2_ws/install/orbbec_camera_msgs/lib/python3.8/site-packages/orbbec_camera_msgs/__init__.py
[3.502s] -- Up-to-date: /home/agilex/limo_ros2_ws/install/orbbec_camera_msgs/lib/python3.8/site-packages/orbbec_camera_msgs/msg
[3.503s] -- Up-to-date: /home/agilex/limo_ros2_ws/install/orbbec_camera_msgs/lib/python3.8/site-packages/orbbec_camera_msgs/msg/_rgbd_s.c
[3.503s] -- Up-to-date: /home/agilex/limo_ros2_ws/install/orbbec_camera_msgs/lib/python3.8/site-packages/orbbec_camera_msgs/msg/_extrinsics.py
[3.503s] -- Up-to-date: /home/agilex/limo_ros2_ws/install/orbbec_camera_msgs/lib/python3.8/site-packages/orbbec_camera_msgs/msg/_device_info_s.c
[3.503s] -- Up-to-date: /home/agilex/limo_ros2_ws/install/orbbec_camera_msgs/lib/python3.8/site-packages/orbbec_camera_msgs/msg/_imu_info_s.c
[3.503s] -- Up-to-date: /home/agilex/limo_ros2_ws/install/orbbec_camera_msgs/lib/python3.8/site-packages/orbbec_camera_msgs/msg/__init__.py
[3.503s] -- Up-to-date: /home/agilex/limo_ros2_ws/install/orbbec_camera_msgs/lib/python3.8/site-packages/orbbec_camera_msgs/msg/_metadata_s.c
[3.504s] -- Up-to-date: /home/agilex/limo_ros2_ws/install/orbbec_camera_msgs/lib/python3.8/site-packages/orbbec_camera_msgs/msg/_device_info.py
[3.504s] -- Up-to-date: /home/agilex/limo_ros2_ws/install/orbbec_camera_msgs/lib/python3.8/site-packages/orbbec_camera_msgs/msg/_metadata.py
[3.504s] -- Up-to-date: /home/agilex/limo_ros2_ws/install/orbbec_camera_msgs/lib/python3.8/site-packages/orbbec_camera_msgs/msg/_extrinsics_s.c
[3.504s] -- Up-to-date: /home/agilex/limo_ros2_ws/install/orbbec_camera_msgs/lib/python3.8/site-packages/orbbec_camera_msgs/msg/_rgbd.py
[3.504s] -- Up-to-date: /home/agilex/limo_ros2_ws/install/orbbec_camera_msgs/lib/python3.8/site-packages/orbbec_camera_msgs/msg/_imu_info.py
[3.504s] -- Up-to-date: /home/agilex/limo_ros2_ws/install/orbbec_camera_msgs/lib/python3.8/site-packages/orbbec_camera_msgs/srv
[3.504s] -- Up-to-date: /home/agilex/limo_ros2_ws/install/orbbec_camera_msgs/lib/python3.8/site-packages/orbbec_camera_msgs/srv/_set_string_s.c
[3.507s] -- Up-to-date: /home/agilex/limo_ros2_ws/install/orbbec_camera_msgs/lib/python3.8/site-packages/orbbec_camera_msgs/srv/_get_int32_s.c
[3.508s] -- Up-to-date: /home/agilex/limo_ros2_ws/install/orbbec_camera_msgs/lib/python3.8/site-packages/orbbec_camera_msgs/srv/_get_device_info.py
[3.508s] -- Up-to-date: /home/agilex/limo_ros2_ws/install/orbbec_camera_msgs/lib/python3.8/site-packages/orbbec_camera_msgs/srv/_get_string_s.c
[3.508s] -- Up-to-date: /home/agilex/limo_ros2_ws/install/orbbec_camera_msgs/lib/python3.8/site-packages/orbbec_camera_msgs/srv/_set_string.py
[3.509s] -- Up-to-date: /home/agilex/limo_ros2_ws/install/orbbec_camera_msgs/lib/python3.8/site-packages/orbbec_camera_msgs/srv/_get_camera_info.py
[3.509s] -- Up-to-date: /home/agilex/limo_ros2_ws/install/orbbec_camera_msgs/lib/python3.8/site-packages/orbbec_camera_msgs/srv/_get_device_info_s.c
[3.509s] -- Up-to-date: /home/agilex/limo_ros2_ws/install/orbbec_camera_msgs/lib/python3.8/site-packages/orbbec_camera_msgs/srv/_get_bool.py
[3.509s] -- Up-to-date: /home/agilex/limo_ros2_ws/install/orbbec_camera_msgs/lib/python3.8/site-packages/orbbec_camera_msgs/srv/_get_int32.py
[3.510s] -- Up-to-date: /home/agilex/limo_ros2_ws/install/orbbec_camera_msgs/lib/python3.8/site-packages/orbbec_camera_msgs/srv/__init__.py
[3.510s] -- Up-to-date: /home/agilex/limo_ros2_ws/install/orbbec_camera_msgs/lib/python3.8/site-packages/orbbec_camera_msgs/srv/_get_bool_s.c
[3.510s] -- Up-to-date: /home/agilex/limo_ros2_ws/install/orbbec_camera_msgs/lib/python3.8/site-packages/orbbec_camera_msgs/srv/_get_camera_info_s.c
[3.511s] -- Up-to-date: /home/agilex/limo_ros2_ws/install/orbbec_camera_msgs/lib/python3.8/site-packages/orbbec_camera_msgs/srv/_set_int32.py
[3.511s] -- Up-to-date: /home/agilex/limo_ros2_ws/install/orbbec_camera_msgs/lib/python3.8/site-packages/orbbec_camera_msgs/srv/_get_string.py
[3.511s] -- Up-to-date: /home/agilex/limo_ros2_ws/install/orbbec_camera_msgs/lib/python3.8/site-packages/orbbec_camera_msgs/srv/_set_int32_s.c
[3.511s] -- Up-to-date: /home/agilex/limo_ros2_ws/install/orbbec_camera_msgs/lib/python3.8/site-packages/orbbec_camera_msgs/orbbec_camera_msgs_s__rosidl_typesupport_fastrtps_c.cpython-38-aarch64-linux-gnu.so
[3.511s] -- Up-to-date: /home/agilex/limo_ros2_ws/install/orbbec_camera_msgs/lib/python3.8/site-packages/orbbec_camera_msgs/orbbec_camera_msgs_s__rosidl_typesupport_introspection_c.cpython-38-aarch64-linux-gnu.so
[3.512s] -- Up-to-date: /home/agilex/limo_ros2_ws/install/orbbec_camera_msgs/lib/python3.8/site-packages/orbbec_camera_msgs/orbbec_camera_msgs_s__rosidl_typesupport_c.cpython-38-aarch64-linux-gnu.so
[3.513s] -- Up-to-date: /home/agilex/limo_ros2_ws/install/orbbec_camera_msgs/lib/liborbbec_camera_msgs__python.so
[3.515s] -- Up-to-date: /home/agilex/limo_ros2_ws/install/orbbec_camera_msgs/share/orbbec_camera_msgs/msg/DeviceInfo.idl
[3.515s] -- Up-to-date: /home/agilex/limo_ros2_ws/install/orbbec_camera_msgs/share/orbbec_camera_msgs/msg/Extrinsics.idl
[3.515s] -- Up-to-date: /home/agilex/limo_ros2_ws/install/orbbec_camera_msgs/share/orbbec_camera_msgs/msg/Metadata.idl
[3.515s] -- Up-to-date: /home/agilex/limo_ros2_ws/install/orbbec_camera_msgs/share/orbbec_camera_msgs/msg/IMUInfo.idl
[3.516s] -- Up-to-date: /home/agilex/limo_ros2_ws/install/orbbec_camera_msgs/share/orbbec_camera_msgs/msg/RGBD.idl
[3.516s] -- Up-to-date: /home/agilex/limo_ros2_ws/install/orbbec_camera_msgs/share/orbbec_camera_msgs/srv/GetBool.idl
[3.517s] -- Up-to-date: /home/agilex/limo_ros2_ws/install/orbbec_camera_msgs/share/orbbec_camera_msgs/srv/GetDeviceInfo.idl
[3.517s] -- Up-to-date: /home/agilex/limo_ros2_ws/install/orbbec_camera_msgs/share/orbbec_camera_msgs/srv/GetCameraInfo.idl
[3.517s] -- Up-to-date: /home/agilex/limo_ros2_ws/install/orbbec_camera_msgs/share/orbbec_camera_msgs/srv/GetInt32.idl
[3.517s] -- Up-to-date: /home/agilex/limo_ros2_ws/install/orbbec_camera_msgs/share/orbbec_camera_msgs/srv/GetString.idl
[3.517s] -- Up-to-date: /home/agilex/limo_ros2_ws/install/orbbec_camera_msgs/share/orbbec_camera_msgs/srv/SetInt32.idl
[3.518s] -- Up-to-date: /home/agilex/limo_ros2_ws/install/orbbec_camera_msgs/share/orbbec_camera_msgs/srv/SetString.idl
[3.520s] -- Up-to-date: /home/agilex/limo_ros2_ws/install/orbbec_camera_msgs/share/orbbec_camera_msgs/msg/DeviceInfo.msg
[3.521s] -- Up-to-date: /home/agilex/limo_ros2_ws/install/orbbec_camera_msgs/share/orbbec_camera_msgs/msg/Extrinsics.msg
[3.521s] -- Up-to-date: /home/agilex/limo_ros2_ws/install/orbbec_camera_msgs/share/orbbec_camera_msgs/msg/Metadata.msg
[3.521s] -- Up-to-date: /home/agilex/limo_ros2_ws/install/orbbec_camera_msgs/share/orbbec_camera_msgs/msg/IMUInfo.msg
[3.521s] -- Up-to-date: /home/agilex/limo_ros2_ws/install/orbbec_camera_msgs/share/orbbec_camera_msgs/msg/RGBD.msg
[3.521s] -- Up-to-date: /home/agilex/limo_ros2_ws/install/orbbec_camera_msgs/share/orbbec_camera_msgs/srv/GetBool.srv
[3.522s] -- Up-to-date: /home/agilex/limo_ros2_ws/install/orbbec_camera_msgs/share/orbbec_camera_msgs/srv/GetBool_Request.msg
[3.522s] -- Up-to-date: /home/agilex/limo_ros2_ws/install/orbbec_camera_msgs/share/orbbec_camera_msgs/srv/GetBool_Response.msg
[3.522s] -- Up-to-date: /home/agilex/limo_ros2_ws/install/orbbec_camera_msgs/share/orbbec_camera_msgs/srv/GetDeviceInfo.srv
[3.522s] -- Up-to-date: /home/agilex/limo_ros2_ws/install/orbbec_camera_msgs/share/orbbec_camera_msgs/srv/GetDeviceInfo_Request.msg
[3.522s] -- Up-to-date: /home/agilex/limo_ros2_ws/install/orbbec_camera_msgs/share/orbbec_camera_msgs/srv/GetDeviceInfo_Response.msg
[3.523s] -- Up-to-date: /home/agilex/limo_ros2_ws/install/orbbec_camera_msgs/share/orbbec_camera_msgs/srv/GetCameraInfo.srv
[3.523s] -- Up-to-date: /home/agilex/limo_ros2_ws/install/orbbec_camera_msgs/share/orbbec_camera_msgs/srv/GetCameraInfo_Request.msg
[3.523s] -- Up-to-date: /home/agilex/limo_ros2_ws/install/orbbec_camera_msgs/share/orbbec_camera_msgs/srv/GetCameraInfo_Response.msg
[3.523s] -- Up-to-date: /home/agilex/limo_ros2_ws/install/orbbec_camera_msgs/share/orbbec_camera_msgs/srv/GetInt32.srv
[3.523s] -- Up-to-date: /home/agilex/limo_ros2_ws/install/orbbec_camera_msgs/share/orbbec_camera_msgs/srv/GetInt32_Request.msg
[3.524s] -- Up-to-date: /home/agilex/limo_ros2_ws/install/orbbec_camera_msgs/share/orbbec_camera_msgs/srv/GetInt32_Response.msg
[3.524s] -- Up-to-date: /home/agilex/limo_ros2_ws/install/orbbec_camera_msgs/share/orbbec_camera_msgs/srv/GetString.srv
[3.524s] -- Up-to-date: /home/agilex/limo_ros2_ws/install/orbbec_camera_msgs/share/orbbec_camera_msgs/srv/GetString_Request.msg
[3.524s] -- Up-to-date: /home/agilex/limo_ros2_ws/install/orbbec_camera_msgs/share/orbbec_camera_msgs/srv/GetString_Response.msg
[3.524s] -- Up-to-date: /home/agilex/limo_ros2_ws/install/orbbec_camera_msgs/share/orbbec_camera_msgs/srv/SetInt32.srv
[3.524s] -- Up-to-date: /home/agilex/limo_ros2_ws/install/orbbec_camera_msgs/share/orbbec_camera_msgs/srv/SetInt32_Request.msg
[3.524s] -- Up-to-date: /home/agilex/limo_ros2_ws/install/orbbec_camera_msgs/share/orbbec_camera_msgs/srv/SetInt32_Response.msg
[3.524s] -- Up-to-date: /home/agilex/limo_ros2_ws/install/orbbec_camera_msgs/share/orbbec_camera_msgs/srv/SetString.srv
[3.525s] -- Up-to-date: /home/agilex/limo_ros2_ws/install/orbbec_camera_msgs/share/orbbec_camera_msgs/srv/SetString_Request.msg
[3.525s] -- Up-to-date: /home/agilex/limo_ros2_ws/install/orbbec_camera_msgs/share/orbbec_camera_msgs/srv/SetString_Response.msg
[3.525s] -- Up-to-date: /home/agilex/limo_ros2_ws/install/orbbec_camera_msgs/share/ament_index/resource_index/package_run_dependencies/orbbec_camera_msgs
[3.525s] -- Up-to-date: /home/agilex/limo_ros2_ws/install/orbbec_camera_msgs/share/ament_index/resource_index/parent_prefix_path/orbbec_camera_msgs
[3.525s] -- Up-to-date: /home/agilex/limo_ros2_ws/install/orbbec_camera_msgs/share/orbbec_camera_msgs/environment/ament_prefix_path.sh
[3.525s] -- Up-to-date: /home/agilex/limo_ros2_ws/install/orbbec_camera_msgs/share/orbbec_camera_msgs/environment/ament_prefix_path.dsv
[3.525s] -- Up-to-date: /home/agilex/limo_ros2_ws/install/orbbec_camera_msgs/share/orbbec_camera_msgs/environment/path.sh
[3.526s] -- Up-to-date: /home/agilex/limo_ros2_ws/install/orbbec_camera_msgs/share/orbbec_camera_msgs/environment/path.dsv
[3.526s] -- Up-to-date: /home/agilex/limo_ros2_ws/install/orbbec_camera_msgs/share/orbbec_camera_msgs/local_setup.bash
[3.527s] -- Up-to-date: /home/agilex/limo_ros2_ws/install/orbbec_camera_msgs/share/orbbec_camera_msgs/local_setup.sh
[3.527s] -- Up-to-date: /home/agilex/limo_ros2_ws/install/orbbec_camera_msgs/share/orbbec_camera_msgs/local_setup.zsh
[3.527s] -- Up-to-date: /home/agilex/limo_ros2_ws/install/orbbec_camera_msgs/share/orbbec_camera_msgs/local_setup.dsv
[3.527s] -- Installing: /home/agilex/limo_ros2_ws/install/orbbec_camera_msgs/share/orbbec_camera_msgs/package.dsv
[3.527s] -- Up-to-date: /home/agilex/limo_ros2_ws/install/orbbec_camera_msgs/share/ament_index/resource_index/packages/orbbec_camera_msgs
[3.527s] -- Up-to-date: /home/agilex/limo_ros2_ws/install/orbbec_camera_msgs/share/orbbec_camera_msgs/cmake/orbbec_camera_msgs__rosidl_generator_cExport.cmake
[3.528s] -- Up-to-date: /home/agilex/limo_ros2_ws/install/orbbec_camera_msgs/share/orbbec_camera_msgs/cmake/orbbec_camera_msgs__rosidl_generator_cExport-release.cmake
[3.528s] -- Up-to-date: /home/agilex/limo_ros2_ws/install/orbbec_camera_msgs/share/orbbec_camera_msgs/cmake/orbbec_camera_msgs__rosidl_typesupport_introspection_cExport.cmake
[3.528s] -- Up-to-date: /home/agilex/limo_ros2_ws/install/orbbec_camera_msgs/share/orbbec_camera_msgs/cmake/orbbec_camera_msgs__rosidl_typesupport_introspection_cExport-release.cmake
[3.528s] -- Up-to-date: /home/agilex/limo_ros2_ws/install/orbbec_camera_msgs/share/orbbec_camera_msgs/cmake/orbbec_camera_msgs__rosidl_typesupport_cExport.cmake
[3.528s] -- Up-to-date: /home/agilex/limo_ros2_ws/install/orbbec_camera_msgs/share/orbbec_camera_msgs/cmake/orbbec_camera_msgs__rosidl_typesupport_cExport-release.cmake
[3.528s] -- Up-to-date: /home/agilex/limo_ros2_ws/install/orbbec_camera_msgs/share/orbbec_camera_msgs/cmake/orbbec_camera_msgs__rosidl_generator_cppExport.cmake
[3.528s] -- Up-to-date: /home/agilex/limo_ros2_ws/install/orbbec_camera_msgs/share/orbbec_camera_msgs/cmake/orbbec_camera_msgs__rosidl_typesupport_introspection_cppExport.cmake
[3.529s] -- Up-to-date: /home/agilex/limo_ros2_ws/install/orbbec_camera_msgs/share/orbbec_camera_msgs/cmake/orbbec_camera_msgs__rosidl_typesupport_introspection_cppExport-release.cmake
[3.530s] -- Up-to-date: /home/agilex/limo_ros2_ws/install/orbbec_camera_msgs/share/orbbec_camera_msgs/cmake/orbbec_camera_msgs__rosidl_typesupport_cppExport.cmake
[3.530s] -- Up-to-date: /home/agilex/limo_ros2_ws/install/orbbec_camera_msgs/share/orbbec_camera_msgs/cmake/orbbec_camera_msgs__rosidl_typesupport_cppExport-release.cmake
[3.530s] -- Up-to-date: /home/agilex/limo_ros2_ws/install/orbbec_camera_msgs/share/orbbec_camera_msgs/cmake/rosidl_cmake-extras.cmake
[3.530s] -- Up-to-date: /home/agilex/limo_ros2_ws/install/orbbec_camera_msgs/share/orbbec_camera_msgs/cmake/ament_cmake_export_dependencies-extras.cmake
[3.530s] -- Up-to-date: /home/agilex/limo_ros2_ws/install/orbbec_camera_msgs/share/orbbec_camera_msgs/cmake/ament_cmake_export_libraries-extras.cmake
[3.530s] -- Up-to-date: /home/agilex/limo_ros2_ws/install/orbbec_camera_msgs/share/orbbec_camera_msgs/cmake/ament_cmake_export_targets-extras.cmake
[3.530s] -- Up-to-date: /home/agilex/limo_ros2_ws/install/orbbec_camera_msgs/share/orbbec_camera_msgs/cmake/ament_cmake_export_include_directories-extras.cmake
[3.531s] -- Up-to-date: /home/agilex/limo_ros2_ws/install/orbbec_camera_msgs/share/orbbec_camera_msgs/cmake/rosidl_cmake_export_typesupport_libraries-extras.cmake
[3.531s] -- Up-to-date: /home/agilex/limo_ros2_ws/install/orbbec_camera_msgs/share/orbbec_camera_msgs/cmake/rosidl_cmake_export_typesupport_targets-extras.cmake
[3.531s] -- Up-to-date: /home/agilex/limo_ros2_ws/install/orbbec_camera_msgs/share/orbbec_camera_msgs/cmake/orbbec_camera_msgsConfig.cmake
[3.531s] -- Up-to-date: /home/agilex/limo_ros2_ws/install/orbbec_camera_msgs/share/orbbec_camera_msgs/cmake/orbbec_camera_msgsConfig-version.cmake
[3.531s] -- Up-to-date: /home/agilex/limo_ros2_ws/install/orbbec_camera_msgs/share/orbbec_camera_msgs/package.xml
[3.550s] Invoked command in '/home/agilex/limo_ros2_ws/build/orbbec_camera_msgs' returned '0': CMAKE_PREFIX_PATH=${CMAKE_PREFIX_PATH}:/home/agilex/limo_ros2_ws/install/nav2_gazebo_spawner:/home/agilex/limo_ros2_ws/install/camera_calibration:/opt/ros/foxy /usr/bin/cmake --install /home/agilex/limo_ros2_ws/build/orbbec_camera_msgs
