[ 50%] Built target ydlidar_ros2_driver_node
[100%] Built target ydlidar_ros2_driver_client
-- Install configuration: ""
-- Installing: /home/agilex/limo_ros2_ws/install/ydlidar_ros2_driver/lib/ydlidar_ros2_driver/ydlidar_ros2_driver_node
-- Set runtime path of "/home/agilex/limo_ros2_ws/install/ydlidar_ros2_driver/lib/ydlidar_ros2_driver/ydlidar_ros2_driver_node" to ""
-- Installing: /home/agilex/limo_ros2_ws/install/ydlidar_ros2_driver/lib/ydlidar_ros2_driver/ydlidar_ros2_driver_client
-- Set runtime path of "/home/agilex/limo_ros2_ws/install/ydlidar_ros2_driver/lib/ydlidar_ros2_driver/ydlidar_ros2_driver_client" to ""
-- Installing: /home/agilex/limo_ros2_ws/install/ydlidar_ros2_driver/share/ydlidar_ros2_driver/launch
-- Installing: /home/agilex/limo_ros2_ws/install/ydlidar_ros2_driver/share/ydlidar_ros2_driver/launch/ydlidar.py
-- Installing: /home/agilex/limo_ros2_ws/install/ydlidar_ros2_driver/share/ydlidar_ros2_driver/launch/ydlidar_launch.py
-- Installing: /home/agilex/limo_ros2_ws/install/ydlidar_ros2_driver/share/ydlidar_ros2_driver/launch/ydlidar_launch_view.py
-- Installing: /home/agilex/limo_ros2_ws/install/ydlidar_ros2_driver/share/ydlidar_ros2_driver/params
-- Installing: /home/agilex/limo_ros2_ws/install/ydlidar_ros2_driver/share/ydlidar_ros2_driver/params/G6.yaml
-- Installing: /home/agilex/limo_ros2_ws/install/ydlidar_ros2_driver/share/ydlidar_ros2_driver/params/ydlidar.yaml
-- Installing: /home/agilex/limo_ros2_ws/install/ydlidar_ros2_driver/share/ydlidar_ros2_driver/params/TEA.yaml
-- Installing: /home/agilex/limo_ros2_ws/install/ydlidar_ros2_driver/share/ydlidar_ros2_driver/params/G1.yaml
-- Installing: /home/agilex/limo_ros2_ws/install/ydlidar_ros2_driver/share/ydlidar_ros2_driver/params/TG.yaml
-- Installing: /home/agilex/limo_ros2_ws/install/ydlidar_ros2_driver/share/ydlidar_ros2_driver/params/GS2.yaml
-- Installing: /home/agilex/limo_ros2_ws/install/ydlidar_ros2_driver/share/ydlidar_ros2_driver/params/X4-Pro.yaml
-- Installing: /home/agilex/limo_ros2_ws/install/ydlidar_ros2_driver/share/ydlidar_ros2_driver/params/X4.yaml
-- Installing: /home/agilex/limo_ros2_ws/install/ydlidar_ros2_driver/share/ydlidar_ros2_driver/params/G2.yaml
-- Installing: /home/agilex/limo_ros2_ws/install/ydlidar_ros2_driver/share/ydlidar_ros2_driver/params/TminiPro.yaml
-- Installing: /home/agilex/limo_ros2_ws/install/ydlidar_ros2_driver/share/ydlidar_ros2_driver/params/X2.yaml
-- Installing: /home/agilex/limo_ros2_ws/install/ydlidar_ros2_driver/share/ydlidar_ros2_driver/startup
-- Installing: /home/agilex/limo_ros2_ws/install/ydlidar_ros2_driver/share/ydlidar_ros2_driver/startup/initenv.sh
-- Installing: /home/agilex/limo_ros2_ws/install/ydlidar_ros2_driver/share/ydlidar_ros2_driver/config
-- Installing: /home/agilex/limo_ros2_ws/install/ydlidar_ros2_driver/share/ydlidar_ros2_driver/config/ydlidar.rviz
-- Installing: /home/agilex/limo_ros2_ws/install/ydlidar_ros2_driver/share/ament_index/resource_index/package_run_dependencies/ydlidar_ros2_driver
-- Installing: /home/agilex/limo_ros2_ws/install/ydlidar_ros2_driver/share/ament_index/resource_index/parent_prefix_path/ydlidar_ros2_driver
-- Installing: /home/agilex/limo_ros2_ws/install/ydlidar_ros2_driver/share/ydlidar_ros2_driver/environment/ament_prefix_path.sh
-- Installing: /home/agilex/limo_ros2_ws/install/ydlidar_ros2_driver/share/ydlidar_ros2_driver/environment/ament_prefix_path.dsv
-- Installing: /home/agilex/limo_ros2_ws/install/ydlidar_ros2_driver/share/ydlidar_ros2_driver/environment/path.sh
-- Installing: /home/agilex/limo_ros2_ws/install/ydlidar_ros2_driver/share/ydlidar_ros2_driver/environment/path.dsv
-- Installing: /home/agilex/limo_ros2_ws/install/ydlidar_ros2_driver/share/ydlidar_ros2_driver/local_setup.bash
-- Installing: /home/agilex/limo_ros2_ws/install/ydlidar_ros2_driver/share/ydlidar_ros2_driver/local_setup.sh
-- Installing: /home/agilex/limo_ros2_ws/install/ydlidar_ros2_driver/share/ydlidar_ros2_driver/local_setup.zsh
-- Installing: /home/agilex/limo_ros2_ws/install/ydlidar_ros2_driver/share/ydlidar_ros2_driver/local_setup.dsv
-- Installing: /home/agilex/limo_ros2_ws/install/ydlidar_ros2_driver/share/ydlidar_ros2_driver/package.dsv
-- Installing: /home/agilex/limo_ros2_ws/install/ydlidar_ros2_driver/share/ament_index/resource_index/packages/ydlidar_ros2_driver
-- Installing: /home/agilex/limo_ros2_ws/install/ydlidar_ros2_driver/share/ydlidar_ros2_driver/cmake/ydlidar_ros2_driverConfig.cmake
-- Installing: /home/agilex/limo_ros2_ws/install/ydlidar_ros2_driver/share/ydlidar_ros2_driver/cmake/ydlidar_ros2_driverConfig-version.cmake
-- Installing: /home/agilex/limo_ros2_ws/install/ydlidar_ros2_driver/share/ydlidar_ros2_driver/package.xml
