[0.167s] Invoking command in '/home/agilex/limo_ros2_ws/build/ydlidar_ros2_driver': CMAKE_PREFIX_PATH=${CMAKE_PREFIX_PATH}:/home/agilex/limo_ros2_ws/install/ultraarm:/home/agilex/limo_ros2_ws/install/nav2_gazebo_spawner:/home/agilex/limo_ros2_ws/install/mypalletizer_260_pi:/home/agilex/limo_ros2_ws/install/mypalletizer_260:/home/agilex/limo_ros2_ws/install/mypalletizer_communication:/home/agilex/limo_ros2_ws/install/mycobot_630:/home/agilex/limo_ros2_ws/install/mycobot_600:/home/agilex/limo_ros2_ws/install/mycobot_320pi:/home/agilex/limo_ros2_ws/install/mycobot_320:/home/agilex/limo_ros2_ws/install/mycobot_280pi:/home/agilex/limo_ros2_ws/install/mycobot_280jn:/home/agilex/limo_ros2_ws/install/mycobot_280_x3pi:/home/agilex/limo_ros2_ws/install/mycobot_280:/home/agilex/limo_ros2_ws/install/myarm_300:/home/agilex/limo_ros2_ws/install/mycobot_communication:/home/agilex/limo_ros2_ws/install/mecharm_pi:/home/agilex/limo_ros2_ws/install/mecharm:/home/agilex/limo_ros2_ws/install/mecharm_communication:/home/agilex/limo_ros2_ws/install/mybuddy:/home/agilex/limo_ros2_ws/install/mycobot_description:/opt/ros/foxy /usr/bin/cmake --build /home/agilex/limo_ros2_ws/build/ydlidar_ros2_driver -- -j6 -l6
[0.309s] [ 50%] Built target ydlidar_ros2_driver_node
[0.320s] [100%] Built target ydlidar_ros2_driver_client
[0.360s] Invoked command in '/home/agilex/limo_ros2_ws/build/ydlidar_ros2_driver' returned '0': CMAKE_PREFIX_PATH=${CMAKE_PREFIX_PATH}:/home/agilex/limo_ros2_ws/install/ultraarm:/home/agilex/limo_ros2_ws/install/nav2_gazebo_spawner:/home/agilex/limo_ros2_ws/install/mypalletizer_260_pi:/home/agilex/limo_ros2_ws/install/mypalletizer_260:/home/agilex/limo_ros2_ws/install/mypalletizer_communication:/home/agilex/limo_ros2_ws/install/mycobot_630:/home/agilex/limo_ros2_ws/install/mycobot_600:/home/agilex/limo_ros2_ws/install/mycobot_320pi:/home/agilex/limo_ros2_ws/install/mycobot_320:/home/agilex/limo_ros2_ws/install/mycobot_280pi:/home/agilex/limo_ros2_ws/install/mycobot_280jn:/home/agilex/limo_ros2_ws/install/mycobot_280_x3pi:/home/agilex/limo_ros2_ws/install/mycobot_280:/home/agilex/limo_ros2_ws/install/myarm_300:/home/agilex/limo_ros2_ws/install/mycobot_communication:/home/agilex/limo_ros2_ws/install/mecharm_pi:/home/agilex/limo_ros2_ws/install/mecharm:/home/agilex/limo_ros2_ws/install/mecharm_communication:/home/agilex/limo_ros2_ws/install/mybuddy:/home/agilex/limo_ros2_ws/install/mycobot_description:/opt/ros/foxy /usr/bin/cmake --build /home/agilex/limo_ros2_ws/build/ydlidar_ros2_driver -- -j6 -l6
[0.490s] Invoking command in '/home/agilex/limo_ros2_ws/build/ydlidar_ros2_driver': CMAKE_PREFIX_PATH=${CMAKE_PREFIX_PATH}:/home/agilex/limo_ros2_ws/install/ultraarm:/home/agilex/limo_ros2_ws/install/nav2_gazebo_spawner:/home/agilex/limo_ros2_ws/install/mypalletizer_260_pi:/home/agilex/limo_ros2_ws/install/mypalletizer_260:/home/agilex/limo_ros2_ws/install/mypalletizer_communication:/home/agilex/limo_ros2_ws/install/mycobot_630:/home/agilex/limo_ros2_ws/install/mycobot_600:/home/agilex/limo_ros2_ws/install/mycobot_320pi:/home/agilex/limo_ros2_ws/install/mycobot_320:/home/agilex/limo_ros2_ws/install/mycobot_280pi:/home/agilex/limo_ros2_ws/install/mycobot_280jn:/home/agilex/limo_ros2_ws/install/mycobot_280_x3pi:/home/agilex/limo_ros2_ws/install/mycobot_280:/home/agilex/limo_ros2_ws/install/myarm_300:/home/agilex/limo_ros2_ws/install/mycobot_communication:/home/agilex/limo_ros2_ws/install/mecharm_pi:/home/agilex/limo_ros2_ws/install/mecharm:/home/agilex/limo_ros2_ws/install/mecharm_communication:/home/agilex/limo_ros2_ws/install/mybuddy:/home/agilex/limo_ros2_ws/install/mycobot_description:/opt/ros/foxy /usr/bin/cmake --install /home/agilex/limo_ros2_ws/build/ydlidar_ros2_driver
[0.524s] -- Install configuration: ""
[0.524s] -- Installing: /home/agilex/limo_ros2_ws/install/ydlidar_ros2_driver/lib/ydlidar_ros2_driver/ydlidar_ros2_driver_node
[0.530s] -- Set runtime path of "/home/agilex/limo_ros2_ws/install/ydlidar_ros2_driver/lib/ydlidar_ros2_driver/ydlidar_ros2_driver_node" to ""
[0.530s] -- Installing: /home/agilex/limo_ros2_ws/install/ydlidar_ros2_driver/lib/ydlidar_ros2_driver/ydlidar_ros2_driver_client
[0.535s] -- Set runtime path of "/home/agilex/limo_ros2_ws/install/ydlidar_ros2_driver/lib/ydlidar_ros2_driver/ydlidar_ros2_driver_client" to ""
[0.535s] -- Installing: /home/agilex/limo_ros2_ws/install/ydlidar_ros2_driver/share/ydlidar_ros2_driver/launch
[0.536s] -- Installing: /home/agilex/limo_ros2_ws/install/ydlidar_ros2_driver/share/ydlidar_ros2_driver/launch/ydlidar.py
[0.536s] -- Installing: /home/agilex/limo_ros2_ws/install/ydlidar_ros2_driver/share/ydlidar_ros2_driver/launch/ydlidar_launch.py
[0.537s] -- Installing: /home/agilex/limo_ros2_ws/install/ydlidar_ros2_driver/share/ydlidar_ros2_driver/launch/ydlidar_launch_view.py
[0.537s] -- Installing: /home/agilex/limo_ros2_ws/install/ydlidar_ros2_driver/share/ydlidar_ros2_driver/params
[0.537s] -- Installing: /home/agilex/limo_ros2_ws/install/ydlidar_ros2_driver/share/ydlidar_ros2_driver/params/G6.yaml
[0.537s] -- Installing: /home/agilex/limo_ros2_ws/install/ydlidar_ros2_driver/share/ydlidar_ros2_driver/params/ydlidar.yaml
[0.538s] -- Installing: /home/agilex/limo_ros2_ws/install/ydlidar_ros2_driver/share/ydlidar_ros2_driver/params/TEA.yaml
[0.539s] -- Installing: /home/agilex/limo_ros2_ws/install/ydlidar_ros2_driver/share/ydlidar_ros2_driver/params/G1.yaml
[0.540s] -- Installing: /home/agilex/limo_ros2_ws/install/ydlidar_ros2_driver/share/ydlidar_ros2_driver/params/TG.yaml
[0.540s] -- Installing: /home/agilex/limo_ros2_ws/install/ydlidar_ros2_driver/share/ydlidar_ros2_driver/params/GS2.yaml
[0.540s] -- Installing: /home/agilex/limo_ros2_ws/install/ydlidar_ros2_driver/share/ydlidar_ros2_driver/params/X4-Pro.yaml
[0.540s] -- Installing: /home/agilex/limo_ros2_ws/install/ydlidar_ros2_driver/share/ydlidar_ros2_driver/params/X4.yaml
[0.543s] -- Installing: /home/agilex/limo_ros2_ws/install/ydlidar_ros2_driver/share/ydlidar_ros2_driver/params/G2.yaml
[0.544s] -- Installing: /home/agilex/limo_ros2_ws/install/ydlidar_ros2_driver/share/ydlidar_ros2_driver/params/TminiPro.yaml
[0.544s] -- Installing: /home/agilex/limo_ros2_ws/install/ydlidar_ros2_driver/share/ydlidar_ros2_driver/params/X2.yaml
[0.544s] -- Installing: /home/agilex/limo_ros2_ws/install/ydlidar_ros2_driver/share/ydlidar_ros2_driver/startup
[0.545s] -- Installing: /home/agilex/limo_ros2_ws/install/ydlidar_ros2_driver/share/ydlidar_ros2_driver/startup/initenv.sh
[0.545s] -- Installing: /home/agilex/limo_ros2_ws/install/ydlidar_ros2_driver/share/ydlidar_ros2_driver/config
[0.545s] -- Installing: /home/agilex/limo_ros2_ws/install/ydlidar_ros2_driver/share/ydlidar_ros2_driver/config/ydlidar.rviz
[0.546s] -- Installing: /home/agilex/limo_ros2_ws/install/ydlidar_ros2_driver/share/ament_index/resource_index/package_run_dependencies/ydlidar_ros2_driver
[0.546s] -- Installing: /home/agilex/limo_ros2_ws/install/ydlidar_ros2_driver/share/ament_index/resource_index/parent_prefix_path/ydlidar_ros2_driver
[0.546s] -- Installing: /home/agilex/limo_ros2_ws/install/ydlidar_ros2_driver/share/ydlidar_ros2_driver/environment/ament_prefix_path.sh
[0.547s] -- Installing: /home/agilex/limo_ros2_ws/install/ydlidar_ros2_driver/share/ydlidar_ros2_driver/environment/ament_prefix_path.dsv
[0.547s] -- Installing: /home/agilex/limo_ros2_ws/install/ydlidar_ros2_driver/share/ydlidar_ros2_driver/environment/path.sh
[0.559s] -- Installing: /home/agilex/limo_ros2_ws/install/ydlidar_ros2_driver/share/ydlidar_ros2_driver/environment/path.dsv
[0.559s] -- Installing: /home/agilex/limo_ros2_ws/install/ydlidar_ros2_driver/share/ydlidar_ros2_driver/local_setup.bash
[0.560s] -- Installing: /home/agilex/limo_ros2_ws/install/ydlidar_ros2_driver/share/ydlidar_ros2_driver/local_setup.sh
[0.560s] -- Installing: /home/agilex/limo_ros2_ws/install/ydlidar_ros2_driver/share/ydlidar_ros2_driver/local_setup.zsh
[0.560s] -- Installing: /home/agilex/limo_ros2_ws/install/ydlidar_ros2_driver/share/ydlidar_ros2_driver/local_setup.dsv
[0.560s] -- Installing: /home/agilex/limo_ros2_ws/install/ydlidar_ros2_driver/share/ydlidar_ros2_driver/package.dsv
[0.560s] -- Installing: /home/agilex/limo_ros2_ws/install/ydlidar_ros2_driver/share/ament_index/resource_index/packages/ydlidar_ros2_driver
[0.561s] -- Installing: /home/agilex/limo_ros2_ws/install/ydlidar_ros2_driver/share/ydlidar_ros2_driver/cmake/ydlidar_ros2_driverConfig.cmake
[0.561s] -- Installing: /home/agilex/limo_ros2_ws/install/ydlidar_ros2_driver/share/ydlidar_ros2_driver/cmake/ydlidar_ros2_driverConfig-version.cmake
[0.561s] -- Installing: /home/agilex/limo_ros2_ws/install/ydlidar_ros2_driver/share/ydlidar_ros2_driver/package.xml
[0.562s] Invoked command in '/home/agilex/limo_ros2_ws/build/ydlidar_ros2_driver' returned '0': CMAKE_PREFIX_PATH=${CMAKE_PREFIX_PATH}:/home/agilex/limo_ros2_ws/install/ultraarm:/home/agilex/limo_ros2_ws/install/nav2_gazebo_spawner:/home/agilex/limo_ros2_ws/install/mypalletizer_260_pi:/home/agilex/limo_ros2_ws/install/mypalletizer_260:/home/agilex/limo_ros2_ws/install/mypalletizer_communication:/home/agilex/limo_ros2_ws/install/mycobot_630:/home/agilex/limo_ros2_ws/install/mycobot_600:/home/agilex/limo_ros2_ws/install/mycobot_320pi:/home/agilex/limo_ros2_ws/install/mycobot_320:/home/agilex/limo_ros2_ws/install/mycobot_280pi:/home/agilex/limo_ros2_ws/install/mycobot_280jn:/home/agilex/limo_ros2_ws/install/mycobot_280_x3pi:/home/agilex/limo_ros2_ws/install/mycobot_280:/home/agilex/limo_ros2_ws/install/myarm_300:/home/agilex/limo_ros2_ws/install/mycobot_communication:/home/agilex/limo_ros2_ws/install/mecharm_pi:/home/agilex/limo_ros2_ws/install/mecharm:/home/agilex/limo_ros2_ws/install/mecharm_communication:/home/agilex/limo_ros2_ws/install/mybuddy:/home/agilex/limo_ros2_ws/install/mycobot_description:/opt/ros/foxy /usr/bin/cmake --install /home/agilex/limo_ros2_ws/build/ydlidar_ros2_driver
