[0.065s] Invoking command in '/home/agilex/limo_ros2_ws/build/limo_visions': CMAKE_PREFIX_PATH=${CMAKE_PREFIX_PATH}:/home/agilex/limo_ros2_ws/install/ultraarm:/home/agilex/limo_ros2_ws/install/nav2_gazebo_spawner:/home/agilex/limo_ros2_ws/install/mypalletizer_260_pi:/home/agilex/limo_ros2_ws/install/mypalletizer_260:/home/agilex/limo_ros2_ws/install/mypalletizer_communication:/home/agilex/limo_ros2_ws/install/mycobot_630:/home/agilex/limo_ros2_ws/install/mycobot_600:/home/agilex/limo_ros2_ws/install/mycobot_320pi:/home/agilex/limo_ros2_ws/install/mycobot_320:/home/agilex/limo_ros2_ws/install/mycobot_280pi:/home/agilex/limo_ros2_ws/install/mycobot_280jn:/home/agilex/limo_ros2_ws/install/mycobot_280_x3pi:/home/agilex/limo_ros2_ws/install/mycobot_280:/home/agilex/limo_ros2_ws/install/myarm_300:/home/agilex/limo_ros2_ws/install/mycobot_communication:/home/agilex/limo_ros2_ws/install/mecharm_pi:/home/agilex/limo_ros2_ws/install/mecharm:/home/agilex/limo_ros2_ws/install/mecharm_communication:/home/agilex/limo_ros2_ws/install/mybuddy:/home/agilex/limo_ros2_ws/install/mycobot_description:/opt/ros/foxy /usr/bin/cmake --build /home/agilex/limo_ros2_ws/build/limo_visions -- -j6 -l6
[0.384s] [ 33%] Built target detect_line
[0.386s] [ 66%] Built target traffic_light
[0.393s] [100%] Built target object_detect
[0.447s] Invoked command in '/home/agilex/limo_ros2_ws/build/limo_visions' returned '0': CMAKE_PREFIX_PATH=${CMAKE_PREFIX_PATH}:/home/agilex/limo_ros2_ws/install/ultraarm:/home/agilex/limo_ros2_ws/install/nav2_gazebo_spawner:/home/agilex/limo_ros2_ws/install/mypalletizer_260_pi:/home/agilex/limo_ros2_ws/install/mypalletizer_260:/home/agilex/limo_ros2_ws/install/mypalletizer_communication:/home/agilex/limo_ros2_ws/install/mycobot_630:/home/agilex/limo_ros2_ws/install/mycobot_600:/home/agilex/limo_ros2_ws/install/mycobot_320pi:/home/agilex/limo_ros2_ws/install/mycobot_320:/home/agilex/limo_ros2_ws/install/mycobot_280pi:/home/agilex/limo_ros2_ws/install/mycobot_280jn:/home/agilex/limo_ros2_ws/install/mycobot_280_x3pi:/home/agilex/limo_ros2_ws/install/mycobot_280:/home/agilex/limo_ros2_ws/install/myarm_300:/home/agilex/limo_ros2_ws/install/mycobot_communication:/home/agilex/limo_ros2_ws/install/mecharm_pi:/home/agilex/limo_ros2_ws/install/mecharm:/home/agilex/limo_ros2_ws/install/mecharm_communication:/home/agilex/limo_ros2_ws/install/mybuddy:/home/agilex/limo_ros2_ws/install/mycobot_description:/opt/ros/foxy /usr/bin/cmake --build /home/agilex/limo_ros2_ws/build/limo_visions -- -j6 -l6
[0.745s] Invoking command in '/home/agilex/limo_ros2_ws/build/limo_visions': CMAKE_PREFIX_PATH=${CMAKE_PREFIX_PATH}:/home/agilex/limo_ros2_ws/install/ultraarm:/home/agilex/limo_ros2_ws/install/nav2_gazebo_spawner:/home/agilex/limo_ros2_ws/install/mypalletizer_260_pi:/home/agilex/limo_ros2_ws/install/mypalletizer_260:/home/agilex/limo_ros2_ws/install/mypalletizer_communication:/home/agilex/limo_ros2_ws/install/mycobot_630:/home/agilex/limo_ros2_ws/install/mycobot_600:/home/agilex/limo_ros2_ws/install/mycobot_320pi:/home/agilex/limo_ros2_ws/install/mycobot_320:/home/agilex/limo_ros2_ws/install/mycobot_280pi:/home/agilex/limo_ros2_ws/install/mycobot_280jn:/home/agilex/limo_ros2_ws/install/mycobot_280_x3pi:/home/agilex/limo_ros2_ws/install/mycobot_280:/home/agilex/limo_ros2_ws/install/myarm_300:/home/agilex/limo_ros2_ws/install/mycobot_communication:/home/agilex/limo_ros2_ws/install/mecharm_pi:/home/agilex/limo_ros2_ws/install/mecharm:/home/agilex/limo_ros2_ws/install/mecharm_communication:/home/agilex/limo_ros2_ws/install/mybuddy:/home/agilex/limo_ros2_ws/install/mycobot_description:/opt/ros/foxy /usr/bin/cmake --install /home/agilex/limo_ros2_ws/build/limo_visions
[0.782s] -- Install configuration: ""
[0.783s] -- Up-to-date: /home/agilex/limo_ros2_ws/install/limo_visions/lib/limo_visions/object_detect
[0.787s] -- Up-to-date: /home/agilex/limo_ros2_ws/install/limo_visions/lib/limo_visions/detect_line
[0.789s] -- Up-to-date: /home/agilex/limo_ros2_ws/install/limo_visions/lib/limo_visions/traffic_light
[0.789s] -- Up-to-date: /home/agilex/limo_ros2_ws/install/limo_visions/share/ament_index/resource_index/package_run_dependencies/limo_visions
[0.789s] -- Up-to-date: /home/agilex/limo_ros2_ws/install/limo_visions/share/ament_index/resource_index/parent_prefix_path/limo_visions
[0.790s] -- Up-to-date: /home/agilex/limo_ros2_ws/install/limo_visions/share/limo_visions/environment/ament_prefix_path.sh
[0.790s] -- Up-to-date: /home/agilex/limo_ros2_ws/install/limo_visions/share/limo_visions/environment/ament_prefix_path.dsv
[0.790s] -- Up-to-date: /home/agilex/limo_ros2_ws/install/limo_visions/share/limo_visions/environment/path.sh
[0.791s] -- Up-to-date: /home/agilex/limo_ros2_ws/install/limo_visions/share/limo_visions/environment/path.dsv
[0.792s] -- Up-to-date: /home/agilex/limo_ros2_ws/install/limo_visions/share/limo_visions/local_setup.bash
[0.792s] -- Up-to-date: /home/agilex/limo_ros2_ws/install/limo_visions/share/limo_visions/local_setup.sh
[0.792s] -- Up-to-date: /home/agilex/limo_ros2_ws/install/limo_visions/share/limo_visions/local_setup.zsh
[0.792s] -- Up-to-date: /home/agilex/limo_ros2_ws/install/limo_visions/share/limo_visions/local_setup.dsv
[0.792s] -- Installing: /home/agilex/limo_ros2_ws/install/limo_visions/share/limo_visions/package.dsv
[0.793s] -- Up-to-date: /home/agilex/limo_ros2_ws/install/limo_visions/share/ament_index/resource_index/packages/limo_visions
[0.793s] -- Up-to-date: /home/agilex/limo_ros2_ws/install/limo_visions/share/limo_visions/cmake/ament_cmake_export_include_directories-extras.cmake
[0.793s] -- Up-to-date: /home/agilex/limo_ros2_ws/install/limo_visions/share/limo_visions/cmake/ament_cmake_export_dependencies-extras.cmake
[0.794s] -- Up-to-date: /home/agilex/limo_ros2_ws/install/limo_visions/share/limo_visions/cmake/limo_visionsConfig.cmake
[0.801s] -- Up-to-date: /home/agilex/limo_ros2_ws/install/limo_visions/share/limo_visions/cmake/limo_visionsConfig-version.cmake
[0.802s] -- Up-to-date: /home/agilex/limo_ros2_ws/install/limo_visions/share/limo_visions/package.xml
[0.809s] Invoked command in '/home/agilex/limo_ros2_ws/build/limo_visions' returned '0': CMAKE_PREFIX_PATH=${CMAKE_PREFIX_PATH}:/home/agilex/limo_ros2_ws/install/ultraarm:/home/agilex/limo_ros2_ws/install/nav2_gazebo_spawner:/home/agilex/limo_ros2_ws/install/mypalletizer_260_pi:/home/agilex/limo_ros2_ws/install/mypalletizer_260:/home/agilex/limo_ros2_ws/install/mypalletizer_communication:/home/agilex/limo_ros2_ws/install/mycobot_630:/home/agilex/limo_ros2_ws/install/mycobot_600:/home/agilex/limo_ros2_ws/install/mycobot_320pi:/home/agilex/limo_ros2_ws/install/mycobot_320:/home/agilex/limo_ros2_ws/install/mycobot_280pi:/home/agilex/limo_ros2_ws/install/mycobot_280jn:/home/agilex/limo_ros2_ws/install/mycobot_280_x3pi:/home/agilex/limo_ros2_ws/install/mycobot_280:/home/agilex/limo_ros2_ws/install/myarm_300:/home/agilex/limo_ros2_ws/install/mycobot_communication:/home/agilex/limo_ros2_ws/install/mecharm_pi:/home/agilex/limo_ros2_ws/install/mecharm:/home/agilex/limo_ros2_ws/install/mecharm_communication:/home/agilex/limo_ros2_ws/install/mybuddy:/home/agilex/limo_ros2_ws/install/mycobot_description:/opt/ros/foxy /usr/bin/cmake --install /home/agilex/limo_ros2_ws/build/limo_visions
