[1.997s] Invoking command in '/home/agilex/limo_ros2_ws/src/navigation2/nav2_bringup/nav2_gazebo_spawner': PYTHONPATH=/home/agilex/limo_ros2_ws/src/build/nav2_gazebo_spawner/prefix_override:/home/agilex/limo_ros2_ws/src/install/nav2_gazebo_spawner/lib/python3.8/site-packages:${PYTHONPATH} /usr/bin/python3 -W ignore:setup.py install is deprecated setup.py egg_info --egg-base ../../../build/nav2_gazebo_spawner build --build-base /home/agilex/limo_ros2_ws/src/build/nav2_gazebo_spawner/build install --record /home/agilex/limo_ros2_ws/src/build/nav2_gazebo_spawner/install.log --install-scripts $base/lib/nav2_gazebo_spawner --single-version-externally-managed install_data
[3.860s] running egg_info
[3.860s] creating ../../../build/nav2_gazebo_spawner/nav2_gazebo_spawner.egg-info
[3.860s] writing ../../../build/nav2_gazebo_spawner/nav2_gazebo_spawner.egg-info/PKG-INFO
[3.860s] writing dependency_links to ../../../build/nav2_gazebo_spawner/nav2_gazebo_spawner.egg-info/dependency_links.txt
[3.860s] writing entry points to ../../../build/nav2_gazebo_spawner/nav2_gazebo_spawner.egg-info/entry_points.txt
[3.860s] writing requirements to ../../../build/nav2_gazebo_spawner/nav2_gazebo_spawner.egg-info/requires.txt
[3.861s] writing top-level names to ../../../build/nav2_gazebo_spawner/nav2_gazebo_spawner.egg-info/top_level.txt
[3.861s] writing manifest file '../../../build/nav2_gazebo_spawner/nav2_gazebo_spawner.egg-info/SOURCES.txt'
[3.861s] reading manifest file '../../../build/nav2_gazebo_spawner/nav2_gazebo_spawner.egg-info/SOURCES.txt'
[3.861s] writing manifest file '../../../build/nav2_gazebo_spawner/nav2_gazebo_spawner.egg-info/SOURCES.txt'
[3.861s] running build
[3.861s] running build_py
[3.861s] creating /home/agilex/limo_ros2_ws/src/build/nav2_gazebo_spawner/build
[3.861s] creating /home/agilex/limo_ros2_ws/src/build/nav2_gazebo_spawner/build/lib
[3.861s] creating /home/agilex/limo_ros2_ws/src/build/nav2_gazebo_spawner/build/lib/nav2_gazebo_spawner
[3.862s] copying nav2_gazebo_spawner/__init__.py -> /home/agilex/limo_ros2_ws/src/build/nav2_gazebo_spawner/build/lib/nav2_gazebo_spawner
[3.862s] copying nav2_gazebo_spawner/nav2_gazebo_spawner.py -> /home/agilex/limo_ros2_ws/src/build/nav2_gazebo_spawner/build/lib/nav2_gazebo_spawner
[3.862s] running install
[3.870s] running install_lib
[3.870s] creating /home/agilex/limo_ros2_ws/src/install/nav2_gazebo_spawner/lib/python3.8/site-packages/nav2_gazebo_spawner
[3.871s] copying /home/agilex/limo_ros2_ws/src/build/nav2_gazebo_spawner/build/lib/nav2_gazebo_spawner/__init__.py -> /home/agilex/limo_ros2_ws/src/install/nav2_gazebo_spawner/lib/python3.8/site-packages/nav2_gazebo_spawner
[3.871s] copying /home/agilex/limo_ros2_ws/src/build/nav2_gazebo_spawner/build/lib/nav2_gazebo_spawner/nav2_gazebo_spawner.py -> /home/agilex/limo_ros2_ws/src/install/nav2_gazebo_spawner/lib/python3.8/site-packages/nav2_gazebo_spawner
[3.871s] byte-compiling /home/agilex/limo_ros2_ws/src/install/nav2_gazebo_spawner/lib/python3.8/site-packages/nav2_gazebo_spawner/__init__.py to __init__.cpython-38.pyc
[3.871s] byte-compiling /home/agilex/limo_ros2_ws/src/install/nav2_gazebo_spawner/lib/python3.8/site-packages/nav2_gazebo_spawner/nav2_gazebo_spawner.py to nav2_gazebo_spawner.cpython-38.pyc
[3.871s] running install_data
[3.871s] creating /home/agilex/limo_ros2_ws/src/install/nav2_gazebo_spawner/share/ament_index
[3.871s] creating /home/agilex/limo_ros2_ws/src/install/nav2_gazebo_spawner/share/ament_index/resource_index
[3.872s] creating /home/agilex/limo_ros2_ws/src/install/nav2_gazebo_spawner/share/ament_index/resource_index/packages
[3.872s] copying resource/nav2_gazebo_spawner -> /home/agilex/limo_ros2_ws/src/install/nav2_gazebo_spawner/share/ament_index/resource_index/packages
[3.872s] copying package.xml -> /home/agilex/limo_ros2_ws/src/install/nav2_gazebo_spawner/share/nav2_gazebo_spawner
[3.872s] running install_egg_info
[3.872s] Copying ../../../build/nav2_gazebo_spawner/nav2_gazebo_spawner.egg-info to /home/agilex/limo_ros2_ws/src/install/nav2_gazebo_spawner/lib/python3.8/site-packages/nav2_gazebo_spawner-0.3.0-py3.8.egg-info
[3.872s] running install_scripts
[3.872s] Installing nav2_gazebo_spawner script to /home/agilex/limo_ros2_ws/src/install/nav2_gazebo_spawner/lib/nav2_gazebo_spawner
[3.872s] writing list of installed files to '/home/agilex/limo_ros2_ws/src/build/nav2_gazebo_spawner/install.log'
[3.873s] Invoked command in '/home/agilex/limo_ros2_ws/src/navigation2/nav2_bringup/nav2_gazebo_spawner' returned '0': PYTHONPATH=/home/agilex/limo_ros2_ws/src/build/nav2_gazebo_spawner/prefix_override:/home/agilex/limo_ros2_ws/src/install/nav2_gazebo_spawner/lib/python3.8/site-packages:${PYTHONPATH} /usr/bin/python3 -W ignore:setup.py install is deprecated setup.py egg_info --egg-base ../../../build/nav2_gazebo_spawner build --build-base /home/agilex/limo_ros2_ws/src/build/nav2_gazebo_spawner/build install --record /home/agilex/limo_ros2_ws/src/build/nav2_gazebo_spawner/install.log --install-scripts $base/lib/nav2_gazebo_spawner --single-version-externally-managed install_data
