-- Install configuration: "Release"
-- Up-to-date: /home/agilex/limo_ros2_ws/install/limo_bringup/share/limo_bringup//rviz
-- Up-to-date: /home/agilex/limo_ros2_ws/install/limo_bringup/share/limo_bringup//rviz/limon_navigation.rviz
-- Up-to-date: /home/agilex/limo_ros2_ws/install/limo_bringup/share/limo_bringup//rviz/demo_2d.rviz
-- Up-to-date: /home/agilex/limo_ros2_ws/install/limo_bringup/share/limo_bringup//param
-- Up-to-date: /home/agilex/limo_ros2_ws/install/limo_bringup/share/limo_bringup//param/costmap_global_laser.yaml
-- Up-to-date: /home/agilex/limo_ros2_ws/install/limo_bringup/share/limo_bringup//param/amcl_params.yaml
-- Up-to-date: /home/agilex/limo_ros2_ws/install/limo_bringup/share/limo_bringup//param/nav2_ackermann.yaml
-- Up-to-date: /home/agilex/limo_ros2_ws/install/limo_bringup/share/limo_bringup//param/ydlidar.yaml
-- Up-to-date: /home/agilex/limo_ros2_ws/install/limo_bringup/share/limo_bringup//param/nav2_rtab_diff.yaml
-- Up-to-date: /home/agilex/limo_ros2_ws/install/limo_bringup/share/limo_bringup//param/planner.yaml
-- Up-to-date: /home/agilex/limo_ros2_ws/install/limo_bringup/share/limo_bringup//param/nav2.yaml
-- Up-to-date: /home/agilex/limo_ros2_ws/install/limo_bringup/share/limo_bringup//param/costmap_global_static.yaml
-- Up-to-date: /home/agilex/limo_ros2_ws/install/limo_bringup/share/limo_bringup//param/nav2_ackermann_foxy.yaml
-- Up-to-date: /home/agilex/limo_ros2_ws/install/limo_bringup/share/limo_bringup//param/costmap_local.yaml
-- Up-to-date: /home/agilex/limo_ros2_ws/install/limo_bringup/share/limo_bringup//param/nav2_ackermann_rtab.yaml
-- Up-to-date: /home/agilex/limo_ros2_ws/install/limo_bringup/share/limo_bringup//param/costmap_common.yaml
-- Up-to-date: /home/agilex/limo_ros2_ws/install/limo_bringup/share/limo_bringup//maps
-- Up-to-date: /home/agilex/limo_ros2_ws/install/limo_bringup/share/limo_bringup//maps/map.yaml
-- Up-to-date: /home/agilex/limo_ros2_ws/install/limo_bringup/share/limo_bringup//maps/map.pgm
-- Up-to-date: /home/agilex/limo_ros2_ws/install/limo_bringup/share/limo_bringup//maps/map11.yaml
-- Up-to-date: /home/agilex/limo_ros2_ws/install/limo_bringup/share/limo_bringup//maps/limo.yaml
-- Up-to-date: /home/agilex/limo_ros2_ws/install/limo_bringup/share/limo_bringup//maps/limo.pgm
-- Up-to-date: /home/agilex/limo_ros2_ws/install/limo_bringup/share/limo_bringup//maps/map11.pgm
-- Up-to-date: /home/agilex/limo_ros2_ws/install/limo_bringup/share/limo_bringup//maps/zhiyuan.yaml
-- Up-to-date: /home/agilex/limo_ros2_ws/install/limo_bringup/share/limo_bringup//maps/zhiyuan.pgm
-- Up-to-date: /home/agilex/limo_ros2_ws/install/limo_bringup/share/limo_bringup//config_files
-- Up-to-date: /home/agilex/limo_ros2_ws/install/limo_bringup/share/limo_bringup//config_files/slam_box.yaml
-- Up-to-date: /home/agilex/limo_ros2_ws/install/limo_bringup/share/limo_bringup//config_files/limo_lds_2d.lua
-- Up-to-date: /home/agilex/limo_ros2_ws/install/limo_bringup/share/limo_bringup//launch
-- Up-to-date: /home/agilex/limo_ros2_ws/install/limo_bringup/share/limo_bringup//launch/limo_start.launch.py
-- Up-to-date: /home/agilex/limo_ros2_ws/install/limo_bringup/share/limo_bringup//launch/limon_teletop_keyboard.launch.py
-- Up-to-date: /home/agilex/limo_ros2_ws/install/limo_bringup/share/limo_bringup//launch/occupancy_grid.launch.py
-- Up-to-date: /home/agilex/limo_ros2_ws/install/limo_bringup/share/limo_bringup//launch/limo_rtab_nav2_diff.launch.py
-- Up-to-date: /home/agilex/limo_ros2_ws/install/limo_bringup/share/limo_bringup//launch/navigation2.launch.py
-- Up-to-date: /home/agilex/limo_ros2_ws/install/limo_bringup/share/limo_bringup//launch/limo_rtab_nav2_ackermann.launch.py
-- Up-to-date: /home/agilex/limo_ros2_ws/install/limo_bringup/share/limo_bringup//launch/limo_nav2_ackmann.launch.py
-- Up-to-date: /home/agilex/limo_ros2_ws/install/limo_bringup/share/limo_bringup//launch/limo_start_navigation.launch.py
-- Up-to-date: /home/agilex/limo_ros2_ws/install/limo_bringup/share/limo_bringup//launch/rtabmap_rgbd_sync.launch.py
-- Up-to-date: /home/agilex/limo_ros2_ws/install/limo_bringup/share/limo_bringup//launch/limo_nav2.launch.py
-- Up-to-date: /home/agilex/limo_ros2_ws/install/limo_bringup/share/limo_bringup//launch/limo_rtab_slam.launch.py
-- Up-to-date: /home/agilex/limo_ros2_ws/install/limo_bringup/share/limo_bringup//launch/cartographer.launch.py
-- Up-to-date: /home/agilex/limo_ros2_ws/install/limo_bringup/share/limo_bringup//launch/limo_navigation.launch.py
-- Up-to-date: /home/agilex/limo_ros2_ws/install/limo_bringup/share/limo_bringup//launch/limo_localization.launch.py
-- Up-to-date: /home/agilex/limo_ros2_ws/install/limo_bringup/share/limo_bringup//launch
-- Up-to-date: /home/agilex/limo_ros2_ws/install/limo_bringup/share/limo_bringup//launch/limo_start.launch.py
-- Up-to-date: /home/agilex/limo_ros2_ws/install/limo_bringup/share/limo_bringup//launch/limon_teletop_keyboard.launch.py
-- Up-to-date: /home/agilex/limo_ros2_ws/install/limo_bringup/share/limo_bringup//launch/occupancy_grid.launch.py
-- Up-to-date: /home/agilex/limo_ros2_ws/install/limo_bringup/share/limo_bringup//launch/limo_rtab_nav2_diff.launch.py
-- Up-to-date: /home/agilex/limo_ros2_ws/install/limo_bringup/share/limo_bringup//launch/navigation2.launch.py
-- Up-to-date: /home/agilex/limo_ros2_ws/install/limo_bringup/share/limo_bringup//launch/limo_rtab_nav2_ackermann.launch.py
-- Up-to-date: /home/agilex/limo_ros2_ws/install/limo_bringup/share/limo_bringup//launch/limo_nav2_ackmann.launch.py
-- Up-to-date: /home/agilex/limo_ros2_ws/install/limo_bringup/share/limo_bringup//launch/limo_start_navigation.launch.py
-- Up-to-date: /home/agilex/limo_ros2_ws/install/limo_bringup/share/limo_bringup//launch/rtabmap_rgbd_sync.launch.py
-- Up-to-date: /home/agilex/limo_ros2_ws/install/limo_bringup/share/limo_bringup//launch/limo_nav2.launch.py
-- Up-to-date: /home/agilex/limo_ros2_ws/install/limo_bringup/share/limo_bringup//launch/limo_rtab_slam.launch.py
-- Up-to-date: /home/agilex/limo_ros2_ws/install/limo_bringup/share/limo_bringup//launch/cartographer.launch.py
-- Up-to-date: /home/agilex/limo_ros2_ws/install/limo_bringup/share/limo_bringup//launch/limo_navigation.launch.py
-- Up-to-date: /home/agilex/limo_ros2_ws/install/limo_bringup/share/limo_bringup//launch/limo_localization.launch.py
-- Up-to-date: /home/agilex/limo_ros2_ws/install/limo_bringup/share/ament_index/resource_index/package_run_dependencies/limo_bringup
-- Up-to-date: /home/agilex/limo_ros2_ws/install/limo_bringup/share/ament_index/resource_index/parent_prefix_path/limo_bringup
-- Up-to-date: /home/agilex/limo_ros2_ws/install/limo_bringup/share/limo_bringup/environment/ament_prefix_path.sh
-- Up-to-date: /home/agilex/limo_ros2_ws/install/limo_bringup/share/limo_bringup/environment/ament_prefix_path.dsv
-- Up-to-date: /home/agilex/limo_ros2_ws/install/limo_bringup/share/limo_bringup/environment/path.sh
-- Up-to-date: /home/agilex/limo_ros2_ws/install/limo_bringup/share/limo_bringup/environment/path.dsv
-- Up-to-date: /home/agilex/limo_ros2_ws/install/limo_bringup/share/limo_bringup/local_setup.bash
-- Up-to-date: /home/agilex/limo_ros2_ws/install/limo_bringup/share/limo_bringup/local_setup.sh
-- Up-to-date: /home/agilex/limo_ros2_ws/install/limo_bringup/share/limo_bringup/local_setup.zsh
-- Up-to-date: /home/agilex/limo_ros2_ws/install/limo_bringup/share/limo_bringup/local_setup.dsv
-- Up-to-date: /home/agilex/limo_ros2_ws/install/limo_bringup/share/limo_bringup/package.dsv
-- Up-to-date: /home/agilex/limo_ros2_ws/install/limo_bringup/share/ament_index/resource_index/packages/limo_bringup
-- Up-to-date: /home/agilex/limo_ros2_ws/install/limo_bringup/share/limo_bringup/cmake/limo_bringupConfig.cmake
-- Up-to-date: /home/agilex/limo_ros2_ws/install/limo_bringup/share/limo_bringup/cmake/limo_bringupConfig-version.cmake
-- Up-to-date: /home/agilex/limo_ros2_ws/install/limo_bringup/share/limo_bringup/package.xml
