-- Found ament_cmake: 0.9.12 (/opt/ros/foxy/share/ament_cmake/cmake)
-- Using PYTHON_EXECUTABLE: /usr/bin/python3
-- Found rclcpp: 2.4.3 (/opt/ros/foxy/share/rclcpp/cmake)
-- Using all available rosidl_typesupport_c: rosidl_typesupport_fastrtps_c;rosidl_typesupport_introspection_c
-- Found rosidl_adapter: 1.3.1 (/opt/ros/foxy/share/rosidl_adapter/cmake)
-- Using all available rosidl_typesupport_cpp: rosidl_typesupport_fastrtps_cpp;rosidl_typesupport_introspection_cpp
-- Found rmw_implementation_cmake: 1.0.4 (/opt/ros/foxy/share/rmw_implementation_cmake/cmake)
-- Using RMW implementation 'rmw_fastrtps_cpp' as default
-- Found geometry_msgs: 2.0.5 (/opt/ros/foxy/share/geometry_msgs/cmake)
-- Found tf2_geometry_msgs: 0.13.14 (/opt/ros/foxy/share/tf2_geometry_msgs/cmake)
-- Found eigen3_cmake_module: 0.1.1 (/opt/ros/foxy/share/eigen3_cmake_module/cmake)
-- Found sensor_msgs: 2.0.5 (/opt/ros/foxy/share/sensor_msgs/cmake)
-- Found nav_msgs: 2.0.5 (/opt/ros/foxy/share/nav_msgs/cmake)
-- Configuring done
-- Generating done
-- Build files have been written to: /home/agilex/limo_ros2_ws/build/rf2o_laser_odometry
[ 20%] [32mBuilding CXX object CMakeFiles/rf2o_laser_odometry.dir/src/CLaserOdometry2D.cpp.o[0m
[ 40%] [32m[1mLinking CXX static library librf2o_laser_odometry.a[0m
[ 40%] Built target rf2o_laser_odometry
[ 60%] [32mBuilding CXX object CMakeFiles/rf2o_laser_odometry_node.dir/src/CLaserOdometry2DNode.cpp.o[0m
[ 80%] [32mBuilding CXX object CMakeFiles/rf2o_laser_odometry_node.dir/src/CLaserOdometry2D.cpp.o[0m
[100%] [32m[1mLinking CXX executable rf2o_laser_odometry_node[0m
[100%] Built target rf2o_laser_odometry_node
-- Install configuration: "Release"
-- Installing: /home/agilex/limo_ros2_ws/install/rf2o_laser_odometry/lib/rf2o_laser_odometry/rf2o_laser_odometry_node
-- Set runtime path of "/home/agilex/limo_ros2_ws/install/rf2o_laser_odometry/lib/rf2o_laser_odometry/rf2o_laser_odometry_node" to ""
-- Up-to-date: /home/agilex/limo_ros2_ws/install/rf2o_laser_odometry/share/rf2o_laser_odometry/launch
-- Up-to-date: /home/agilex/limo_ros2_ws/install/rf2o_laser_odometry/share/rf2o_laser_odometry/launch/rf2o_laser_odometry.launch.py
-- Up-to-date: /home/agilex/limo_ros2_ws/install/rf2o_laser_odometry/share/ament_index/resource_index/package_run_dependencies/rf2o_laser_odometry
-- Installing: /home/agilex/limo_ros2_ws/install/rf2o_laser_odometry/share/ament_index/resource_index/parent_prefix_path/rf2o_laser_odometry
-- Up-to-date: /home/agilex/limo_ros2_ws/install/rf2o_laser_odometry/share/rf2o_laser_odometry/environment/ament_prefix_path.sh
-- Installing: /home/agilex/limo_ros2_ws/install/rf2o_laser_odometry/share/rf2o_laser_odometry/environment/ament_prefix_path.dsv
-- Up-to-date: /home/agilex/limo_ros2_ws/install/rf2o_laser_odometry/share/rf2o_laser_odometry/environment/path.sh
-- Installing: /home/agilex/limo_ros2_ws/install/rf2o_laser_odometry/share/rf2o_laser_odometry/environment/path.dsv
-- Up-to-date: /home/agilex/limo_ros2_ws/install/rf2o_laser_odometry/share/rf2o_laser_odometry/local_setup.bash
-- Up-to-date: /home/agilex/limo_ros2_ws/install/rf2o_laser_odometry/share/rf2o_laser_odometry/local_setup.sh
-- Up-to-date: /home/agilex/limo_ros2_ws/install/rf2o_laser_odometry/share/rf2o_laser_odometry/local_setup.zsh
-- Installing: /home/agilex/limo_ros2_ws/install/rf2o_laser_odometry/share/rf2o_laser_odometry/local_setup.dsv
-- Installing: /home/agilex/limo_ros2_ws/install/rf2o_laser_odometry/share/rf2o_laser_odometry/package.dsv
-- Up-to-date: /home/agilex/limo_ros2_ws/install/rf2o_laser_odometry/share/ament_index/resource_index/packages/rf2o_laser_odometry
-- Up-to-date: /home/agilex/limo_ros2_ws/install/rf2o_laser_odometry/share/rf2o_laser_odometry/cmake/rf2o_laser_odometryConfig.cmake
-- Up-to-date: /home/agilex/limo_ros2_ws/install/rf2o_laser_odometry/share/rf2o_laser_odometry/cmake/rf2o_laser_odometryConfig-version.cmake
-- Up-to-date: /home/agilex/limo_ros2_ws/install/rf2o_laser_odometry/share/rf2o_laser_odometry/package.xml
