-- The C compiler identification is GNU 9.4.0
-- The CXX compiler identification is GNU 9.4.0
-- Check for working C compiler: /usr/bin/cc
-- Check for working C compiler: /usr/bin/cc -- works
-- Detecting C compiler ABI info
-- Detecting C compiler ABI info - done
-- Detecting C compile features
-- Detecting C compile features - done
-- Check for working CXX compiler: /usr/bin/c++
-- Check for working CXX compiler: /usr/bin/c++ -- works
-- Detecting CXX compiler ABI info
-- Detecting CXX compiler ABI info - done
-- Detecting CXX compile features
-- Detecting CXX compile features - done
-- Current platform: Linux
CMake Deprecation Warning at CMakeLists.txt:50 (cmake_policy):
  The OLD behavior for policy CMP0053 will be removed from a future version
  of CMake.

  The cmake-policies(7) manual explains that the OLD behaviors of all
  policies are deprecated and that a policy should be set to OLD only under
  specific short-term circumstances.  Projects should be ported to the NEW
  behavior and not rely on setting a policy to OLD.


CMake Deprecation Warning at CMakeLists.txt:53 (cmake_policy):
  The OLD behavior for policy CMP0037 will be removed from a future version
  of CMake.

  The cmake-policies(7) manual explains that the OLD behaviors of all
  policies are deprecated and that a policy should be set to OLD only under
  specific short-term circumstances.  Projects should be ported to the NEW
  behavior and not rely on setting a policy to OLD.


CMake Deprecation Warning at CMakeLists.txt:56 (cmake_policy):
  The OLD behavior for policy CMP0043 will be removed from a future version
  of CMake.

  The cmake-policies(7) manual explains that the OLD behaviors of all
  policies are deprecated and that a policy should be set to OLD only under
  specific short-term circumstances.  Projects should be ported to the NEW
  behavior and not rely on setting a policy to OLD.


-- Found SWIG: /usr/bin/swig4.0 (found version "4.0.1") 
-- Found PythonInterp: /usr/bin/python (found version "3.8.10") 
-- Found PythonLibs: /usr/lib/aarch64-linux-gnu/libpython3.8.so (found version "3.8.10") 
-- Found GTest: /usr/lib/aarch64-linux-gnu/libgtest.a  
-- build python API....
CMake Warning (dev) at /usr/share/cmake-3.16/Modules/UseSWIG.cmake:607 (message):
  Policy CMP0078 is not set: UseSWIG generates standard target names.  Run
  "cmake --help-policy CMP0078" for policy details.  Use the cmake_policy
  command to set the policy and suppress this warning.

Call Stack (most recent call first):
  python/CMakeLists.txt:35 (swig_add_library)
This warning is for project developers.  Use -Wno-dev to suppress it.

CMake Warning (dev) at /usr/share/cmake-3.16/Modules/UseSWIG.cmake:460 (message):
  Policy CMP0086 is not set: UseSWIG honors SWIG_MODULE_NAME via -module
  flag.  Run "cmake --help-policy CMP0086" for policy details.  Use the
  cmake_policy command to set the policy and suppress this warning.

Call Stack (most recent call first):
  /usr/share/cmake-3.16/Modules/UseSWIG.cmake:702 (SWIG_ADD_SOURCE_TO_MODULE)
  python/CMakeLists.txt:35 (swig_add_library)
This warning is for project developers.  Use -Wno-dev to suppress it.

-- build test is ON.....
CMake Deprecation Warning at cmake/install_package.cmake:101 (cmake_policy):
  The OLD behavior for policy CMP0026 will be removed from a future version
  of CMake.

  The cmake-policies(7) manual explains that the OLD behaviors of all
  policies are deprecated and that a policy should be set to OLD only under
  specific short-term circumstances.  Projects should be ported to the NEW
  behavior and not rely on setting a policy to OLD.
Call Stack (most recent call first):
  CMakeLists.txt:168 (install_package)


CMake Warning (dev) at cmake/install_package.cmake:191 (install):
  Policy CMP0062 is not set: Disallow install() of export() result.  Run
  "cmake --help-policy CMP0062" for policy details.  Use the cmake_policy
  command to set the policy and suppress this warning.

  The file

    /home/agilex/limo_ros2_ws/build/ydlidar_sdk/ydlidar_sdkTargets.cmake

  was generated by the export() command.  It should not be installed with the
  install() command.  Use the install(EXPORT) mechanism instead.  See the
  cmake-packages(7) manual for more.

Call Stack (most recent call first):
  CMakeLists.txt:168 (install_package)
This warning is for project developers.  Use -Wno-dev to suppress it.

-- 
-- +===========================================================================+
-- |         Resulting configuration for                             |
-- +===========================================================================+
--  _________________________ PLATFORM _____________________________
--  Host                        : Linux5.10.120-tegraaarch64
--  Is the system big endian?   :  No 
--  Word size (32/64 bit)       : 64
--  CMake version               : 3.16.3
--  CMake generator             : Unix Makefiles
--  CMake build tool            : /usr/bin/make
--  Compiler                    : GNU
--  Configuration               : 
-- 
--  __________________________ OPTIONS _____________________________
--  Build YDLidar-SDK as a shared library?　　 :  No 
--  Build Examples?　　　　　　　　　　　　　　 : Yes 
--  Build C Sharp API?　　　　　　　　　　　　 :  No 
--  Build TEST?  			　　　 : Yes 
-- 
--  _________________________ INSTALL _____________________
--  Install prefix                    : /home/agilex/limo_ros2_ws/install/ydlidar_sdk
-- 
--  _______________________ WRAPPERS/BINDINGS ______________________
--  Python bindings (pyydlidar)   : Yes 
--   - dep: Swig found?       : Yes [Version: 4.0.1]
--   - dep: PythonLibs found?  : Yes [Version: 3.8.10]
-- 
-- Configuring done
-- Generating done
-- Build files have been written to: /home/agilex/limo_ros2_ws/build/ydlidar_sdk
[35m[1mScanning dependencies of target ydlidar_sdk[0m
[  2%] [32mBuilding CXX object CMakeFiles/ydlidar_sdk.dir/core/base/timer.cpp.o[0m
[  5%] [32mBuilding CXX object CMakeFiles/ydlidar_sdk.dir/core/network/SimpleSocket.cpp.o[0m
[  8%] [32mBuilding CXX object CMakeFiles/ydlidar_sdk.dir/core/serial/serial.cpp.o[0m
In file included from [01m[K/home/agilex/limo_ros2_ws/src/YDLidar-SDK/core/serial/common.h:45[m[K,
                 from [01m[K/home/agilex/limo_ros2_ws/src/YDLidar-SDK/core/serial/serial.cpp:12[m[K:
[01m[K/home/agilex/limo_ros2_ws/src/YDLidar-SDK/./core/base/thread.h:[m[K In member function ‘[01m[Kint ydlidar::core::base::Thread::join(long unsigned int)[m[K’:
[01m[K/home/agilex/limo_ros2_ws/src/YDLidar-SDK/./core/base/thread.h:118:18:[m[K [01;35m[Kwarning: [m[Kformat ‘[01m[K%X[m[K’ expects argument of type ‘[01m[Kunsigned int[m[K’, but argument 2 has type ‘[01m[K_size_t[m[K’ {aka ‘[01m[Klong unsigned int[m[K’} [[01;35m[K-Wformat=[m[K]
  118 |       printf("0x[01;35m[K%X[m[K thread has been canceled\n", [32m[Kthis->_handle[m[K);
      |                 [01;35m[K~^[m[K                              [32m[K~~~~~~~~~~~~~[m[K
      |                  [01;35m[K|[m[K                                    [32m[K|[m[K
      |                  [01;35m[Kunsigned int[m[K                         [32m[K_size_t {aka long unsigned int}[m[K
      |                 [32m[K%lX[m[K
[ 11%] [32mBuilding C object CMakeFiles/ydlidar_sdk.dir/core/serial/impl/unix/lock.c.o[0m
[ 13%] [32mBuilding CXX object CMakeFiles/ydlidar_sdk.dir/core/serial/impl/unix/list_ports_linux.cpp.o[0m
[ 16%] [32mBuilding CXX object CMakeFiles/ydlidar_sdk.dir/core/serial/impl/unix/unix_serial.cpp.o[0m
[ 19%] [32mBuilding CXX object CMakeFiles/ydlidar_sdk.dir/src/CYdLidar.cpp.o[0m
In file included from [01m[K/home/agilex/limo_ros2_ws/src/YDLidar-SDK/./core/common/DriverInterface.h:3[m[K,
                 from [01m[K/home/agilex/limo_ros2_ws/src/YDLidar-SDK/src/CYdLidar.h:48[m[K,
                 from [01m[K/home/agilex/limo_ros2_ws/src/YDLidar-SDK/src/CYdLidar.cpp:29[m[K:
[01m[K/home/agilex/limo_ros2_ws/src/YDLidar-SDK/./core/base/thread.h:[m[K In member function ‘[01m[Kint ydlidar::core::base::Thread::join(long unsigned int)[m[K’:
[01m[K/home/agilex/limo_ros2_ws/src/YDLidar-SDK/./core/base/thread.h:118:18:[m[K [01;35m[Kwarning: [m[Kformat ‘[01m[K%X[m[K’ expects argument of type ‘[01m[Kunsigned int[m[K’, but argument 2 has type ‘[01m[K_size_t[m[K’ {aka ‘[01m[Klong unsigned int[m[K’} [[01;35m[K-Wformat=[m[K]
  118 |       printf("0x[01;35m[K%X[m[K thread has been canceled\n", [32m[Kthis->_handle[m[K);
      |                 [01;35m[K~^[m[K                              [32m[K~~~~~~~~~~~~~[m[K
      |                  [01;35m[K|[m[K                                    [32m[K|[m[K
      |                  [01;35m[Kunsigned int[m[K                         [32m[K_size_t {aka long unsigned int}[m[K
      |                 [32m[K%lX[m[K
[ 22%] [32mBuilding CXX object CMakeFiles/ydlidar_sdk.dir/src/ETLidarDriver.cpp.o[0m
In file included from [01m[K/home/agilex/limo_ros2_ws/src/YDLidar-SDK/src/ETLidarDriver.h:46[m[K,
                 from [01m[K/home/agilex/limo_ros2_ws/src/YDLidar-SDK/src/ETLidarDriver.cpp:32[m[K:
[01m[K/home/agilex/limo_ros2_ws/src/YDLidar-SDK/./core/base/thread.h:[m[K In member function ‘[01m[Kint ydlidar::core::base::Thread::join(long unsigned int)[m[K’:
[01m[K/home/agilex/limo_ros2_ws/src/YDLidar-SDK/./core/base/thread.h:118:18:[m[K [01;35m[Kwarning: [m[Kformat ‘[01m[K%X[m[K’ expects argument of type ‘[01m[Kunsigned int[m[K’, but argument 2 has type ‘[01m[K_size_t[m[K’ {aka ‘[01m[Klong unsigned int[m[K’} [[01;35m[K-Wformat=[m[K]
  118 |       printf("0x[01;35m[K%X[m[K thread has been canceled\n", [32m[Kthis->_handle[m[K);
      |                 [01;35m[K~^[m[K                              [32m[K~~~~~~~~~~~~~[m[K
      |                  [01;35m[K|[m[K                                    [32m[K|[m[K
      |                  [01;35m[Kunsigned int[m[K                         [32m[K_size_t {aka long unsigned int}[m[K
      |                 [32m[K%lX[m[K
[ 25%] [32mBuilding CXX object CMakeFiles/ydlidar_sdk.dir/src/GS1LidarDriver.cpp.o[0m
In file included from [01m[K/home/agilex/limo_ros2_ws/src/YDLidar-SDK/src/GS1LidarDriver.h:57[m[K,
                 from [01m[K/home/agilex/limo_ros2_ws/src/YDLidar-SDK/src/GS1LidarDriver.cpp:35[m[K:
[01m[K/home/agilex/limo_ros2_ws/src/YDLidar-SDK/./core/base/thread.h:[m[K In member function ‘[01m[Kint ydlidar::core::base::Thread::join(long unsigned int)[m[K’:
[01m[K/home/agilex/limo_ros2_ws/src/YDLidar-SDK/./core/base/thread.h:118:18:[m[K [01;35m[Kwarning: [m[Kformat ‘[01m[K%X[m[K’ expects argument of type ‘[01m[Kunsigned int[m[K’, but argument 2 has type ‘[01m[K_size_t[m[K’ {aka ‘[01m[Klong unsigned int[m[K’} [[01;35m[K-Wformat=[m[K]
  118 |       printf("0x[01;35m[K%X[m[K thread has been canceled\n", [32m[Kthis->_handle[m[K);
      |                 [01;35m[K~^[m[K                              [32m[K~~~~~~~~~~~~~[m[K
      |                  [01;35m[K|[m[K                                    [32m[K|[m[K
      |                  [01;35m[Kunsigned int[m[K                         [32m[K_size_t {aka long unsigned int}[m[K
      |                 [32m[K%lX[m[K
[01m[K/home/agilex/limo_ros2_ws/src/YDLidar-SDK/src/GS1LidarDriver.cpp:[m[K In member function ‘[01m[Kresult_t ydlidar::GS1LidarDriver::waitPackage(node_info*, uint32_t)[m[K’:
[01m[K/home/agilex/limo_ros2_ws/src/YDLidar-SDK/src/GS1LidarDriver.cpp:981:87:[m[K [01;35m[Kwarning: [m[Ktaking address of packed member of ‘[01m[Knode_info[m[K’ may result in an unaligned pointer value [[01;35m[K-Waddress-of-packed-member[m[K]
  981 |                 angTransform((*node).distance_q2, package_Sample_Index, &sampleAngle, [01;35m[K&(*node).distance_q2[m[K);
      |                                                                                       [01;35m[K^~~~~~~~~~~~~~~~~~~~[m[K
[ 27%] [32mBuilding CXX object CMakeFiles/ydlidar_sdk.dir/src/GS2LidarDriver.cpp.o[0m
In file included from [01m[K/home/agilex/limo_ros2_ws/src/YDLidar-SDK/src/GS2LidarDriver.h:57[m[K,
                 from [01m[K/home/agilex/limo_ros2_ws/src/YDLidar-SDK/src/GS2LidarDriver.cpp:35[m[K:
[01m[K/home/agilex/limo_ros2_ws/src/YDLidar-SDK/./core/base/thread.h:[m[K In member function ‘[01m[Kint ydlidar::core::base::Thread::join(long unsigned int)[m[K’:
[01m[K/home/agilex/limo_ros2_ws/src/YDLidar-SDK/./core/base/thread.h:118:18:[m[K [01;35m[Kwarning: [m[Kformat ‘[01m[K%X[m[K’ expects argument of type ‘[01m[Kunsigned int[m[K’, but argument 2 has type ‘[01m[K_size_t[m[K’ {aka ‘[01m[Klong unsigned int[m[K’} [[01;35m[K-Wformat=[m[K]
  118 |       printf("0x[01;35m[K%X[m[K thread has been canceled\n", [32m[Kthis->_handle[m[K);
      |                 [01;35m[K~^[m[K                              [32m[K~~~~~~~~~~~~~[m[K
      |                  [01;35m[K|[m[K                                    [32m[K|[m[K
      |                  [01;35m[Kunsigned int[m[K                         [32m[K_size_t {aka long unsigned int}[m[K
      |                 [32m[K%lX[m[K
[01m[K/home/agilex/limo_ros2_ws/src/YDLidar-SDK/src/GS2LidarDriver.cpp:[m[K In member function ‘[01m[Kresult_t ydlidar::GS2LidarDriver::waitPackage(node_info*, uint32_t)[m[K’:
[01m[K/home/agilex/limo_ros2_ws/src/YDLidar-SDK/src/GS2LidarDriver.cpp:885:83:[m[K [01;35m[Kwarning: [m[Ktaking address of packed member of ‘[01m[Knode_info[m[K’ may result in an unaligned pointer value [[01;35m[K-Waddress-of-packed-member[m[K]
  885 |             angTransform((*node).distance_q2, package_Sample_Index, &sampleAngle, [01;35m[K&(*node).distance_q2[m[K);
      |                                                                                   [01;35m[K^~~~~~~~~~~~~~~~~~~~[m[K
[01m[K/home/agilex/limo_ros2_ws/src/YDLidar-SDK/src/GS2LidarDriver.cpp:[m[K In member function ‘[01m[Kresult_t ydlidar::GS2LidarDriver::createThread()[m[K’:
[01m[K/home/agilex/limo_ros2_ws/src/YDLidar-SDK/src/GS2LidarDriver.cpp:1480:45:[m[K [01;35m[Kwarning: [m[Kformat ‘[01m[K%X[m[K’ expects argument of type ‘[01m[Kunsigned int[m[K’, but argument 2 has type ‘[01m[K_size_t[m[K’ {aka ‘[01m[Klong unsigned int[m[K’} [[01;35m[K-Wformat=[m[K]
 1480 |     printf("[GS2Lidar] Create GS2 thread 0x[01;35m[K%X[m[K\n", [32m[K_thread.getHandle()[m[K);
      |                                            [01;35m[K~^[m[K     [32m[K~~~~~~~~~~~~~~~~~~~[m[K
      |                                             [01;35m[K|[m[K                      [32m[K|[m[K
      |                                             [01;35m[Kunsigned int[m[K           [32m[K_size_t {aka long unsigned int}[m[K
      |                                            [32m[K%lX[m[K
[ 30%] [32mBuilding CXX object CMakeFiles/ydlidar_sdk.dir/src/YDlidarDriver.cpp.o[0m
In file included from [01m[K/home/agilex/limo_ros2_ws/src/YDLidar-SDK/src/YDlidarDriver.h:46[m[K,
                 from [01m[K/home/agilex/limo_ros2_ws/src/YDLidar-SDK/src/YDlidarDriver.cpp:26[m[K:
[01m[K/home/agilex/limo_ros2_ws/src/YDLidar-SDK/./core/base/thread.h:[m[K In member function ‘[01m[Kint ydlidar::core::base::Thread::join(long unsigned int)[m[K’:
[01m[K/home/agilex/limo_ros2_ws/src/YDLidar-SDK/./core/base/thread.h:118:18:[m[K [01;35m[Kwarning: [m[Kformat ‘[01m[K%X[m[K’ expects argument of type ‘[01m[Kunsigned int[m[K’, but argument 2 has type ‘[01m[K_size_t[m[K’ {aka ‘[01m[Klong unsigned int[m[K’} [[01;35m[K-Wformat=[m[K]
  118 |       printf("0x[01;35m[K%X[m[K thread has been canceled\n", [32m[Kthis->_handle[m[K);
      |                 [01;35m[K~^[m[K                              [32m[K~~~~~~~~~~~~~[m[K
      |                  [01;35m[K|[m[K                                    [32m[K|[m[K
      |                  [01;35m[Kunsigned int[m[K                         [32m[K_size_t {aka long unsigned int}[m[K
      |                 [32m[K%lX[m[K
[01m[K/home/agilex/limo_ros2_ws/src/YDLidar-SDK/src/YDlidarDriver.cpp:[m[K In member function ‘[01m[Kresult_t ydlidar::YDlidarDriver::createThread()[m[K’:
[01m[K/home/agilex/limo_ros2_ws/src/YDLidar-SDK/src/YDlidarDriver.cpp:1956:38:[m[K [01;35m[Kwarning: [m[Kformat ‘[01m[K%X[m[K’ expects argument of type ‘[01m[Kunsigned int[m[K’, but argument 2 has type ‘[01m[K_size_t[m[K’ {aka ‘[01m[Klong unsigned int[m[K’} [[01;35m[K-Wformat=[m[K]
 1956 |   printf("[YDlidar] Create thread 0x[01;35m[K%X[m[K\n", [32m[K_thread.getHandle()[m[K);
      |                                     [01;35m[K~^[m[K     [32m[K~~~~~~~~~~~~~~~~~~~[m[K
      |                                      [01;35m[K|[m[K                      [32m[K|[m[K
      |                                      [01;35m[Kunsigned int[m[K           [32m[K_size_t {aka long unsigned int}[m[K
      |                                     [32m[K%lX[m[K
[ 33%] [32mBuilding CXX object CMakeFiles/ydlidar_sdk.dir/src/ydlidar_sdk.cpp.o[0m
In file included from [01m[K/home/agilex/limo_ros2_ws/src/YDLidar-SDK/./core/common/DriverInterface.h:3[m[K,
                 from [01m[K/home/agilex/limo_ros2_ws/src/YDLidar-SDK/src/CYdLidar.h:48[m[K,
                 from [01m[K/home/agilex/limo_ros2_ws/src/YDLidar-SDK/src/ydlidar_sdk.cpp:27[m[K:
[01m[K/home/agilex/limo_ros2_ws/src/YDLidar-SDK/./core/base/thread.h:[m[K In member function ‘[01m[Kint ydlidar::core::base::Thread::join(long unsigned int)[m[K’:
[01m[K/home/agilex/limo_ros2_ws/src/YDLidar-SDK/./core/base/thread.h:118:18:[m[K [01;35m[Kwarning: [m[Kformat ‘[01m[K%X[m[K’ expects argument of type ‘[01m[Kunsigned int[m[K’, but argument 2 has type ‘[01m[K_size_t[m[K’ {aka ‘[01m[Klong unsigned int[m[K’} [[01;35m[K-Wformat=[m[K]
  118 |       printf("0x[01;35m[K%X[m[K thread has been canceled\n", [32m[Kthis->_handle[m[K);
      |                 [01;35m[K~^[m[K                              [32m[K~~~~~~~~~~~~~[m[K
      |                  [01;35m[K|[m[K                                    [32m[K|[m[K
      |                  [01;35m[Kunsigned int[m[K                         [32m[K_size_t {aka long unsigned int}[m[K
      |                 [32m[K%lX[m[K
[ 36%] [32mBuilding CXX object CMakeFiles/ydlidar_sdk.dir/src/filters/NoiseFilter.cpp.o[0m
[ 38%] [32mBuilding CXX object CMakeFiles/ydlidar_sdk.dir/core/network/PassiveSocket.cpp.o[0m
[ 41%] [32mBuilding CXX object CMakeFiles/ydlidar_sdk.dir/core/network/ActiveSocket.cpp.o[0m
[ 44%] [32mBuilding CXX object CMakeFiles/ydlidar_sdk.dir/core/common/ydlidar_def.cpp.o[0m
[ 47%] [32m[1mLinking CXX static library libydlidar_sdk.a[0m
[ 47%] Built target ydlidar_sdk
[35m[1mScanning dependencies of target ydlidar_swig_compilation[0m
[ 50%] [34m[1mSwig compile ydlidar_sdk.i for python[0m
[ 50%] Built target ydlidar_swig_compilation
[35m[1mScanning dependencies of target tri_and_gs_test[0m
[ 52%] [32mBuilding CXX object samples/CMakeFiles/tri_and_gs_test.dir/tri_and_gs_test.cpp.o[0m
In file included from [01m[K/home/agilex/limo_ros2_ws/src/YDLidar-SDK/./core/common/DriverInterface.h:3[m[K,
                 from [01m[K/home/agilex/limo_ros2_ws/src/YDLidar-SDK/src/CYdLidar.h:48[m[K,
                 from [01m[K/home/agilex/limo_ros2_ws/src/YDLidar-SDK/samples/tri_and_gs_test.cpp:1[m[K:
[01m[K/home/agilex/limo_ros2_ws/src/YDLidar-SDK/./core/base/thread.h:[m[K In member function ‘[01m[Kint ydlidar::core::base::Thread::join(long unsigned int)[m[K’:
[01m[K/home/agilex/limo_ros2_ws/src/YDLidar-SDK/./core/base/thread.h:118:18:[m[K [01;35m[Kwarning: [m[Kformat ‘[01m[K%X[m[K’ expects argument of type ‘[01m[Kunsigned int[m[K’, but argument 2 has type ‘[01m[K_size_t[m[K’ {aka ‘[01m[Klong unsigned int[m[K’} [[01;35m[K-Wformat=[m[K]
  118 |       printf("0x[01;35m[K%X[m[K thread has been canceled\n", [32m[Kthis->_handle[m[K);
      |                 [01;35m[K~^[m[K                              [32m[K~~~~~~~~~~~~~[m[K
      |                  [01;35m[K|[m[K                                    [32m[K|[m[K
      |                  [01;35m[Kunsigned int[m[K                         [32m[K_size_t {aka long unsigned int}[m[K
      |                 [32m[K%lX[m[K
[ 55%] [32m[1mLinking CXX executable ../tri_and_gs_test[0m
[ 55%] Built target tri_and_gs_test
[35m[1mScanning dependencies of target tmini_test[0m
[ 58%] [32mBuilding CXX object samples/CMakeFiles/tmini_test.dir/tmini_test.cpp.o[0m
In file included from [01m[K/home/agilex/limo_ros2_ws/src/YDLidar-SDK/./core/common/DriverInterface.h:3[m[K,
                 from [01m[K/home/agilex/limo_ros2_ws/src/YDLidar-SDK/src/CYdLidar.h:48[m[K,
                 from [01m[K/home/agilex/limo_ros2_ws/src/YDLidar-SDK/samples/tmini_test.cpp:34[m[K:
[01m[K/home/agilex/limo_ros2_ws/src/YDLidar-SDK/./core/base/thread.h:[m[K In member function ‘[01m[Kint ydlidar::core::base::Thread::join(long unsigned int)[m[K’:
[01m[K/home/agilex/limo_ros2_ws/src/YDLidar-SDK/./core/base/thread.h:118:18:[m[K [01;35m[Kwarning: [m[Kformat ‘[01m[K%X[m[K’ expects argument of type ‘[01m[Kunsigned int[m[K’, but argument 2 has type ‘[01m[K_size_t[m[K’ {aka ‘[01m[Klong unsigned int[m[K’} [[01;35m[K-Wformat=[m[K]
  118 |       printf("0x[01;35m[K%X[m[K thread has been canceled\n", [32m[Kthis->_handle[m[K);
      |                 [01;35m[K~^[m[K                              [32m[K~~~~~~~~~~~~~[m[K
      |                  [01;35m[K|[m[K                                    [32m[K|[m[K
      |                  [01;35m[Kunsigned int[m[K                         [32m[K_size_t {aka long unsigned int}[m[K
      |                 [32m[K%lX[m[K
[ 61%] [32m[1mLinking CXX executable ../tmini_test[0m
[ 61%] Built target tmini_test
[35m[1mScanning dependencies of target lidar_c_api_test[0m
[ 63%] [32mBuilding C object samples/CMakeFiles/lidar_c_api_test.dir/lidar_c_api_test.c.o[0m
[01m[Kcc1:[m[K [01;35m[Kwarning: [m[Kcommand line option ‘[01m[K-std=c++11[m[K’ is valid for C++/ObjC++ but not for C
[ 66%] [32m[1mLinking CXX executable ../lidar_c_api_test[0m
[ 66%] Built target lidar_c_api_test
[35m[1mScanning dependencies of target _ydlidar[0m
[ 69%] [32mBuilding CXX object python/CMakeFiles/_ydlidar.dir/CMakeFiles/_ydlidar.dir/ydlidar_sdkPYTHON_wrap.cxx.o[0m
In file included from [01m[K/home/agilex/limo_ros2_ws/src/YDLidar-SDK/./core/common/DriverInterface.h:3[m[K,
                 from [01m[K/home/agilex/limo_ros2_ws/src/YDLidar-SDK/core/../src/CYdLidar.h:48[m[K,
                 from [01m[K/home/agilex/limo_ros2_ws/build/ydlidar_sdk/python/CMakeFiles/_ydlidar.dir/ydlidar_sdkPYTHON_wrap.cxx:3331[m[K:
[01m[K/home/agilex/limo_ros2_ws/src/YDLidar-SDK/./core/base/thread.h:[m[K In member function ‘[01m[Kint ydlidar::core::base::Thread::join(long unsigned int)[m[K’:
[01m[K/home/agilex/limo_ros2_ws/src/YDLidar-SDK/./core/base/thread.h:118:18:[m[K [01;35m[Kwarning: [m[Kformat ‘[01m[K%X[m[K’ expects argument of type ‘[01m[Kunsigned int[m[K’, but argument 2 has type ‘[01m[K_size_t[m[K’ {aka ‘[01m[Klong unsigned int[m[K’} [[01;35m[K-Wformat=[m[K]
  118 |       printf("0x[01;35m[K%X[m[K thread has been canceled\n", [32m[Kthis->_handle[m[K);
      |                 [01;35m[K~^[m[K                              [32m[K~~~~~~~~~~~~~[m[K
      |                  [01;35m[K|[m[K                                    [32m[K|[m[K
      |                  [01;35m[Kunsigned int[m[K                         [32m[K_size_t {aka long unsigned int}[m[K
      |                 [32m[K%lX[m[K
[ 72%] [32m[1mLinking CXX shared module _ydlidar.so[0m
[ 72%] Built target _ydlidar
[35m[1mScanning dependencies of target lidar_test[0m
[ 75%] [32mBuilding CXX object test/CMakeFiles/lidar_test.dir/lidar_test.cpp.o[0m
In file included from [01m[K/home/agilex/limo_ros2_ws/src/YDLidar-SDK/./core/common/DriverInterface.h:3[m[K,
                 from [01m[K/home/agilex/limo_ros2_ws/src/YDLidar-SDK/src/CYdLidar.h:48[m[K,
                 from [01m[K/home/agilex/limo_ros2_ws/src/YDLidar-SDK/test/lidar_test.h:5[m[K,
                 from [01m[K/home/agilex/limo_ros2_ws/src/YDLidar-SDK/test/lidar_test.cpp:1[m[K:
[01m[K/home/agilex/limo_ros2_ws/src/YDLidar-SDK/./core/base/thread.h:[m[K In member function ‘[01m[Kint ydlidar::core::base::Thread::join(long unsigned int)[m[K’:
[01m[K/home/agilex/limo_ros2_ws/src/YDLidar-SDK/./core/base/thread.h:118:18:[m[K [01;35m[Kwarning: [m[Kformat ‘[01m[K%X[m[K’ expects argument of type ‘[01m[Kunsigned int[m[K’, but argument 2 has type ‘[01m[K_size_t[m[K’ {aka ‘[01m[Klong unsigned int[m[K’} [[01;35m[K-Wformat=[m[K]
  118 |       printf("0x[01;35m[K%X[m[K thread has been canceled\n", [32m[Kthis->_handle[m[K);
      |                 [01;35m[K~^[m[K                              [32m[K~~~~~~~~~~~~~[m[K
      |                  [01;35m[K|[m[K                                    [32m[K|[m[K
      |                  [01;35m[Kunsigned int[m[K                         [32m[K_size_t {aka long unsigned int}[m[K
      |                 [32m[K%lX[m[K
[ 77%] [32m[1mLinking CXX executable lidar_test[0m
[ 77%] Built target lidar_test
[35m[1mScanning dependencies of target tof_test[0m
[ 80%] [32mBuilding CXX object samples/CMakeFiles/tof_test.dir/tof_test.cpp.o[0m
In file included from [01m[K/home/agilex/limo_ros2_ws/src/YDLidar-SDK/./core/common/DriverInterface.h:3[m[K,
                 from [01m[K/home/agilex/limo_ros2_ws/src/YDLidar-SDK/src/CYdLidar.h:48[m[K,
                 from [01m[K/home/agilex/limo_ros2_ws/src/YDLidar-SDK/samples/tof_test.cpp:38[m[K:
[01m[K/home/agilex/limo_ros2_ws/src/YDLidar-SDK/./core/base/thread.h:[m[K In member function ‘[01m[Kint ydlidar::core::base::Thread::join(long unsigned int)[m[K’:
[01m[K/home/agilex/limo_ros2_ws/src/YDLidar-SDK/./core/base/thread.h:118:18:[m[K [01;35m[Kwarning: [m[Kformat ‘[01m[K%X[m[K’ expects argument of type ‘[01m[Kunsigned int[m[K’, but argument 2 has type ‘[01m[K_size_t[m[K’ {aka ‘[01m[Klong unsigned int[m[K’} [[01;35m[K-Wformat=[m[K]
  118 |       printf("0x[01;35m[K%X[m[K thread has been canceled\n", [32m[Kthis->_handle[m[K);
      |                 [01;35m[K~^[m[K                              [32m[K~~~~~~~~~~~~~[m[K
      |                  [01;35m[K|[m[K                                    [32m[K|[m[K
      |                  [01;35m[Kunsigned int[m[K                         [32m[K_size_t {aka long unsigned int}[m[K
      |                 [32m[K%lX[m[K
[ 83%] [32m[1mLinking CXX executable ../tof_test[0m
[ 83%] Built target tof_test
[35m[1mScanning dependencies of target gs_test[0m
[ 86%] [32mBuilding CXX object samples/CMakeFiles/gs_test.dir/gs_test.cpp.o[0m
In file included from [01m[K/home/agilex/limo_ros2_ws/src/YDLidar-SDK/./core/common/DriverInterface.h:3[m[K,
                 from [01m[K/home/agilex/limo_ros2_ws/src/YDLidar-SDK/src/CYdLidar.h:48[m[K,
                 from [01m[K/home/agilex/limo_ros2_ws/src/YDLidar-SDK/samples/gs_test.cpp:34[m[K:
[01m[K/home/agilex/limo_ros2_ws/src/YDLidar-SDK/./core/base/thread.h:[m[K In member function ‘[01m[Kint ydlidar::core::base::Thread::join(long unsigned int)[m[K’:
[01m[K/home/agilex/limo_ros2_ws/src/YDLidar-SDK/./core/base/thread.h:118:18:[m[K [01;35m[Kwarning: [m[Kformat ‘[01m[K%X[m[K’ expects argument of type ‘[01m[Kunsigned int[m[K’, but argument 2 has type ‘[01m[K_size_t[m[K’ {aka ‘[01m[Klong unsigned int[m[K’} [[01;35m[K-Wformat=[m[K]
  118 |       printf("0x[01;35m[K%X[m[K thread has been canceled\n", [32m[Kthis->_handle[m[K);
      |                 [01;35m[K~^[m[K                              [32m[K~~~~~~~~~~~~~[m[K
      |                  [01;35m[K|[m[K                                    [32m[K|[m[K
      |                  [01;35m[Kunsigned int[m[K                         [32m[K_size_t {aka long unsigned int}[m[K
      |                 [32m[K%lX[m[K
[ 88%] [32m[1mLinking CXX executable ../gs_test[0m
[ 88%] Built target gs_test
[35m[1mScanning dependencies of target tri_test[0m
[ 91%] [32mBuilding CXX object samples/CMakeFiles/tri_test.dir/tri_test.cpp.o[0m
In file included from [01m[K/home/agilex/limo_ros2_ws/src/YDLidar-SDK/./core/common/DriverInterface.h:3[m[K,
                 from [01m[K/home/agilex/limo_ros2_ws/src/YDLidar-SDK/src/CYdLidar.h:48[m[K,
                 from [01m[K/home/agilex/limo_ros2_ws/src/YDLidar-SDK/samples/tri_test.cpp:34[m[K:
[01m[K/home/agilex/limo_ros2_ws/src/YDLidar-SDK/./core/base/thread.h:[m[K In member function ‘[01m[Kint ydlidar::core::base::Thread::join(long unsigned int)[m[K’:
[01m[K/home/agilex/limo_ros2_ws/src/YDLidar-SDK/./core/base/thread.h:118:18:[m[K [01;35m[Kwarning: [m[Kformat ‘[01m[K%X[m[K’ expects argument of type ‘[01m[Kunsigned int[m[K’, but argument 2 has type ‘[01m[K_size_t[m[K’ {aka ‘[01m[Klong unsigned int[m[K’} [[01;35m[K-Wformat=[m[K]
  118 |       printf("0x[01;35m[K%X[m[K thread has been canceled\n", [32m[Kthis->_handle[m[K);
      |                 [01;35m[K~^[m[K                              [32m[K~~~~~~~~~~~~~[m[K
      |                  [01;35m[K|[m[K                                    [32m[K|[m[K
      |                  [01;35m[Kunsigned int[m[K                         [32m[K_size_t {aka long unsigned int}[m[K
      |                 [32m[K%lX[m[K
[ 94%] [32m[1mLinking CXX executable ../tri_test[0m
[ 94%] Built target tri_test
[35m[1mScanning dependencies of target et_test[0m
[ 97%] [32mBuilding CXX object samples/CMakeFiles/et_test.dir/et_test.cpp.o[0m
In file included from [01m[K/home/agilex/limo_ros2_ws/src/YDLidar-SDK/./core/common/DriverInterface.h:3[m[K,
                 from [01m[K/home/agilex/limo_ros2_ws/src/YDLidar-SDK/src/CYdLidar.h:48[m[K,
                 from [01m[K/home/agilex/limo_ros2_ws/src/YDLidar-SDK/samples/et_test.cpp:34[m[K:
[01m[K/home/agilex/limo_ros2_ws/src/YDLidar-SDK/./core/base/thread.h:[m[K In member function ‘[01m[Kint ydlidar::core::base::Thread::join(long unsigned int)[m[K’:
[01m[K/home/agilex/limo_ros2_ws/src/YDLidar-SDK/./core/base/thread.h:118:18:[m[K [01;35m[Kwarning: [m[Kformat ‘[01m[K%X[m[K’ expects argument of type ‘[01m[Kunsigned int[m[K’, but argument 2 has type ‘[01m[K_size_t[m[K’ {aka ‘[01m[Klong unsigned int[m[K’} [[01;35m[K-Wformat=[m[K]
  118 |       printf("0x[01;35m[K%X[m[K thread has been canceled\n", [32m[Kthis->_handle[m[K);
      |                 [01;35m[K~^[m[K                              [32m[K~~~~~~~~~~~~~[m[K
      |                  [01;35m[K|[m[K                                    [32m[K|[m[K
      |                  [01;35m[Kunsigned int[m[K                         [32m[K_size_t {aka long unsigned int}[m[K
      |                 [32m[K%lX[m[K
[100%] [32m[1mLinking CXX executable ../et_test[0m
[100%] Built target et_test
