-- The C compiler identification is GNU 9.4.0
-- The CXX compiler identification is GNU 9.4.0
-- Check for working C compiler: /usr/bin/cc
-- Check for working C compiler: /usr/bin/cc -- works
-- Detecting C compiler ABI info
-- Detecting C compiler ABI info - done
-- Detecting C compile features
-- Detecting C compile features - done
-- Check for working CXX compiler: /usr/bin/c++
-- Check for working CXX compiler: /usr/bin/c++ -- works
-- Detecting CXX compiler ABI info
-- Detecting CXX compiler ABI info - done
-- Detecting CXX compile features
-- Detecting CXX compile features - done
-- Current platform: Linux
-- Found SWIG: /usr/bin/swig4.0 (found version "4.0.1") 
-- Found PythonInterp: /usr/bin/python (found version "3.8.10") 
-- Found PythonLibs: /usr/lib/aarch64-linux-gnu/libpython3.8.so (found version "3.8.10") 
-- Found GTest: /usr/lib/aarch64-linux-gnu/libgtest.a  
-- build python API....
-- build test is ON.....
-- 
-- +===========================================================================+
-- |         Resulting configuration for                             |
-- +===========================================================================+
--  _________________________ PLATFORM _____________________________
--  Host                        : Linux5.10.120-tegraaarch64
--  Is the system big endian?   :  No 
--  Word size (32/64 bit)       : 64
--  CMake version               : 3.16.3
--  CMake generator             : Unix Makefiles
--  CMake build tool            : /usr/bin/make
--  Compiler                    : GNU
--  Configuration               : 
-- 
--  __________________________ OPTIONS _____________________________
--  Build YDLidar-SDK as a shared library?　　 :  No 
--  Build Examples?　　　　　　　　　　　　　　 : Yes 
--  Build C Sharp API?　　　　　　　　　　　　 :  No 
--  Build TEST?  			　　　 : Yes 
-- 
--  _________________________ INSTALL _____________________
--  Install prefix                    : /home/agilex/limo_ros2_ws/install/ydlidar_sdk
-- 
--  _______________________ WRAPPERS/BINDINGS ______________________
--  Python bindings (pyydlidar)   : Yes 
--   - dep: Swig found?       : Yes [Version: 4.0.1]
--   - dep: PythonLibs found?  : Yes [Version: 3.8.10]
-- 
-- Configuring done
-- Generating done
-- Build files have been written to: /home/agilex/limo_ros2_ws/build/ydlidar_sdk
[35m[1mScanning dependencies of target ydlidar_sdk[0m
[  2%] [32mBuilding CXX object CMakeFiles/ydlidar_sdk.dir/core/base/timer.cpp.o[0m
[  5%] [32mBuilding CXX object CMakeFiles/ydlidar_sdk.dir/core/network/SimpleSocket.cpp.o[0m
[  8%] [32mBuilding CXX object CMakeFiles/ydlidar_sdk.dir/core/serial/serial.cpp.o[0m
[ 11%] [32mBuilding C object CMakeFiles/ydlidar_sdk.dir/core/serial/impl/unix/lock.c.o[0m
[ 13%] [32mBuilding CXX object CMakeFiles/ydlidar_sdk.dir/core/serial/impl/unix/list_ports_linux.cpp.o[0m
[ 16%] [32mBuilding CXX object CMakeFiles/ydlidar_sdk.dir/core/serial/impl/unix/unix_serial.cpp.o[0m
[ 19%] [32mBuilding CXX object CMakeFiles/ydlidar_sdk.dir/src/CYdLidar.cpp.o[0m
[ 22%] [32mBuilding CXX object CMakeFiles/ydlidar_sdk.dir/src/ETLidarDriver.cpp.o[0m
[ 25%] [32mBuilding CXX object CMakeFiles/ydlidar_sdk.dir/src/GS1LidarDriver.cpp.o[0m
[ 27%] [32mBuilding CXX object CMakeFiles/ydlidar_sdk.dir/src/GS2LidarDriver.cpp.o[0m
[ 30%] [32mBuilding CXX object CMakeFiles/ydlidar_sdk.dir/src/YDlidarDriver.cpp.o[0m
[ 33%] [32mBuilding CXX object CMakeFiles/ydlidar_sdk.dir/src/ydlidar_sdk.cpp.o[0m
[ 36%] [32mBuilding CXX object CMakeFiles/ydlidar_sdk.dir/src/filters/NoiseFilter.cpp.o[0m
[ 38%] [32mBuilding CXX object CMakeFiles/ydlidar_sdk.dir/core/network/PassiveSocket.cpp.o[0m
[ 41%] [32mBuilding CXX object CMakeFiles/ydlidar_sdk.dir/core/network/ActiveSocket.cpp.o[0m
[ 44%] [32mBuilding CXX object CMakeFiles/ydlidar_sdk.dir/core/common/ydlidar_def.cpp.o[0m
[ 47%] [32m[1mLinking CXX static library libydlidar_sdk.a[0m
[ 47%] Built target ydlidar_sdk
[35m[1mScanning dependencies of target ydlidar_swig_compilation[0m
[ 50%] [34m[1mSwig compile ydlidar_sdk.i for python[0m
[ 50%] Built target ydlidar_swig_compilation
[35m[1mScanning dependencies of target tri_and_gs_test[0m
[ 52%] [32mBuilding CXX object samples/CMakeFiles/tri_and_gs_test.dir/tri_and_gs_test.cpp.o[0m
[ 55%] [32m[1mLinking CXX executable ../tri_and_gs_test[0m
[ 55%] Built target tri_and_gs_test
[35m[1mScanning dependencies of target tmini_test[0m
[ 58%] [32mBuilding CXX object samples/CMakeFiles/tmini_test.dir/tmini_test.cpp.o[0m
[ 61%] [32m[1mLinking CXX executable ../tmini_test[0m
[ 61%] Built target tmini_test
[35m[1mScanning dependencies of target lidar_c_api_test[0m
[ 63%] [32mBuilding C object samples/CMakeFiles/lidar_c_api_test.dir/lidar_c_api_test.c.o[0m
[ 66%] [32m[1mLinking CXX executable ../lidar_c_api_test[0m
[ 66%] Built target lidar_c_api_test
[35m[1mScanning dependencies of target _ydlidar[0m
[ 69%] [32mBuilding CXX object python/CMakeFiles/_ydlidar.dir/CMakeFiles/_ydlidar.dir/ydlidar_sdkPYTHON_wrap.cxx.o[0m
[ 72%] [32m[1mLinking CXX shared module _ydlidar.so[0m
[ 72%] Built target _ydlidar
[35m[1mScanning dependencies of target lidar_test[0m
[ 75%] [32mBuilding CXX object test/CMakeFiles/lidar_test.dir/lidar_test.cpp.o[0m
[ 77%] [32m[1mLinking CXX executable lidar_test[0m
[ 77%] Built target lidar_test
[35m[1mScanning dependencies of target tof_test[0m
[ 80%] [32mBuilding CXX object samples/CMakeFiles/tof_test.dir/tof_test.cpp.o[0m
[ 83%] [32m[1mLinking CXX executable ../tof_test[0m
[ 83%] Built target tof_test
[35m[1mScanning dependencies of target gs_test[0m
[ 86%] [32mBuilding CXX object samples/CMakeFiles/gs_test.dir/gs_test.cpp.o[0m
[ 88%] [32m[1mLinking CXX executable ../gs_test[0m
[ 88%] Built target gs_test
[35m[1mScanning dependencies of target tri_test[0m
[ 91%] [32mBuilding CXX object samples/CMakeFiles/tri_test.dir/tri_test.cpp.o[0m
[ 94%] [32m[1mLinking CXX executable ../tri_test[0m
[ 94%] Built target tri_test
[35m[1mScanning dependencies of target et_test[0m
[ 97%] [32mBuilding CXX object samples/CMakeFiles/et_test.dir/et_test.cpp.o[0m
[100%] [32m[1mLinking CXX executable ../et_test[0m
[100%] Built target et_test
