[0.118s] Invoking command in '/home/agilex/limo_ros2_ws/src/build/limo_msgs': CMAKE_PREFIX_PATH=${CMAKE_PREFIX_PATH}:/home/agilex/limo_ros2_ws/install/nav2_gazebo_spawner:/opt/ros/foxy /usr/bin/cmake --build /home/agilex/limo_ros2_ws/src/build/limo_msgs -- -j6 -l6
[0.375s] [  3%] Built target limo_msgs__cpp
[0.434s] [ 12%] Built target limo_msgs__rosidl_generator_c
[0.607s] [ 22%] Built target limo_msgs__rosidl_typesupport_cpp
[0.633s] [ 32%] Built target limo_msgs__rosidl_typesupport_introspection_cpp
[0.676s] [ 41%] Built target limo_msgs__rosidl_typesupport_fastrtps_cpp
[0.710s] [ 51%] Built target limo_msgs__rosidl_typesupport_c
[0.757s] [ 61%] Built target limo_msgs__rosidl_typesupport_introspection_c
[0.820s] [ 70%] Built target limo_msgs__rosidl_typesupport_fastrtps_c
[0.914s] [ 70%] Built target limo_msgs
[1.025s] [ 74%] Built target limo_msgs__py
[1.113s] [ 80%] Built target limo_msgs__python
[1.287s] [ 87%] Built target limo_msgs__rosidl_typesupport_introspection_c__pyext
[1.317s] [ 93%] Built target limo_msgs__rosidl_typesupport_c__pyext
[1.381s] [100%] Built target limo_msgs__rosidl_typesupport_fastrtps_c__pyext
[1.515s] Invoked command in '/home/agilex/limo_ros2_ws/src/build/limo_msgs' returned '0': CMAKE_PREFIX_PATH=${CMAKE_PREFIX_PATH}:/home/agilex/limo_ros2_ws/install/nav2_gazebo_spawner:/opt/ros/foxy /usr/bin/cmake --build /home/agilex/limo_ros2_ws/src/build/limo_msgs -- -j6 -l6
[1.964s] Invoking command in '/home/agilex/limo_ros2_ws/src/build/limo_msgs': CMAKE_PREFIX_PATH=${CMAKE_PREFIX_PATH}:/home/agilex/limo_ros2_ws/install/nav2_gazebo_spawner:/opt/ros/foxy /usr/bin/cmake --install /home/agilex/limo_ros2_ws/src/build/limo_msgs
[2.014s] -- Install configuration: "Release"
[2.015s] -- Up-to-date: /home/agilex/limo_ros2_ws/src/install/limo_msgs/share/ament_index/resource_index/rosidl_interfaces/limo_msgs
[2.015s] -- Up-to-date: /home/agilex/limo_ros2_ws/src/install/limo_msgs/include/limo_msgs
[2.015s] -- Up-to-date: /home/agilex/limo_ros2_ws/src/install/limo_msgs/include/limo_msgs/msg
[2.015s] -- Up-to-date: /home/agilex/limo_ros2_ws/src/install/limo_msgs/include/limo_msgs/msg/rosidl_generator_c__visibility_control.h
[2.015s] -- Up-to-date: /home/agilex/limo_ros2_ws/src/install/limo_msgs/include/limo_msgs/msg/limo_status.h
[2.016s] -- Up-to-date: /home/agilex/limo_ros2_ws/src/install/limo_msgs/include/limo_msgs/msg/detail
[2.016s] -- Up-to-date: /home/agilex/limo_ros2_ws/src/install/limo_msgs/include/limo_msgs/msg/detail/limo_status__functions.h
[2.016s] -- Up-to-date: /home/agilex/limo_ros2_ws/src/install/limo_msgs/include/limo_msgs/msg/detail/limo_status__type_support.h
[2.016s] -- Up-to-date: /home/agilex/limo_ros2_ws/src/install/limo_msgs/include/limo_msgs/msg/detail/limo_status__functions.c
[2.016s] -- Up-to-date: /home/agilex/limo_ros2_ws/src/install/limo_msgs/include/limo_msgs/msg/detail/limo_status__struct.h
[2.016s] -- Up-to-date: /home/agilex/limo_ros2_ws/src/install/limo_msgs/share/limo_msgs/environment/library_path.sh
[2.017s] -- Up-to-date: /home/agilex/limo_ros2_ws/src/install/limo_msgs/share/limo_msgs/environment/library_path.dsv
[2.017s] -- Up-to-date: /home/agilex/limo_ros2_ws/src/install/limo_msgs/lib/liblimo_msgs__rosidl_generator_c.so
[2.018s] -- Up-to-date: /home/agilex/limo_ros2_ws/src/install/limo_msgs/include/limo_msgs
[2.019s] -- Up-to-date: /home/agilex/limo_ros2_ws/src/install/limo_msgs/include/limo_msgs/msg
[2.019s] -- Up-to-date: /home/agilex/limo_ros2_ws/src/install/limo_msgs/include/limo_msgs/msg/rosidl_typesupport_fastrtps_c__visibility_control.h
[2.019s] -- Up-to-date: /home/agilex/limo_ros2_ws/src/install/limo_msgs/include/limo_msgs/msg/detail
[2.019s] -- Up-to-date: /home/agilex/limo_ros2_ws/src/install/limo_msgs/include/limo_msgs/msg/detail/limo_status__rosidl_typesupport_fastrtps_c.h
[2.021s] -- Up-to-date: /home/agilex/limo_ros2_ws/src/install/limo_msgs/lib/liblimo_msgs__rosidl_typesupport_fastrtps_c.so
[2.021s] -- Up-to-date: /home/agilex/limo_ros2_ws/src/install/limo_msgs/include/limo_msgs
[2.022s] -- Up-to-date: /home/agilex/limo_ros2_ws/src/install/limo_msgs/include/limo_msgs/msg
[2.022s] -- Up-to-date: /home/agilex/limo_ros2_ws/src/install/limo_msgs/include/limo_msgs/msg/rosidl_typesupport_fastrtps_cpp__visibility_control.h
[2.022s] -- Up-to-date: /home/agilex/limo_ros2_ws/src/install/limo_msgs/include/limo_msgs/msg/detail
[2.022s] -- Up-to-date: /home/agilex/limo_ros2_ws/src/install/limo_msgs/include/limo_msgs/msg/detail/limo_status__rosidl_typesupport_fastrtps_cpp.hpp
[2.023s] -- Up-to-date: /home/agilex/limo_ros2_ws/src/install/limo_msgs/include/limo_msgs/msg/detail/dds_fastrtps
[2.023s] -- Up-to-date: /home/agilex/limo_ros2_ws/src/install/limo_msgs/lib/liblimo_msgs__rosidl_typesupport_fastrtps_cpp.so
[2.023s] -- Up-to-date: /home/agilex/limo_ros2_ws/src/install/limo_msgs/include/limo_msgs
[2.023s] -- Up-to-date: /home/agilex/limo_ros2_ws/src/install/limo_msgs/include/limo_msgs/msg
[2.024s] -- Up-to-date: /home/agilex/limo_ros2_ws/src/install/limo_msgs/include/limo_msgs/msg/rosidl_typesupport_introspection_c__visibility_control.h
[2.024s] -- Up-to-date: /home/agilex/limo_ros2_ws/src/install/limo_msgs/include/limo_msgs/msg/detail
[2.024s] -- Up-to-date: /home/agilex/limo_ros2_ws/src/install/limo_msgs/include/limo_msgs/msg/detail/limo_status__type_support.c
[2.024s] -- Up-to-date: /home/agilex/limo_ros2_ws/src/install/limo_msgs/include/limo_msgs/msg/detail/limo_status__rosidl_typesupport_introspection_c.h
[2.024s] -- Up-to-date: /home/agilex/limo_ros2_ws/src/install/limo_msgs/lib/liblimo_msgs__rosidl_typesupport_introspection_c.so
[2.025s] -- Up-to-date: /home/agilex/limo_ros2_ws/src/install/limo_msgs/lib/liblimo_msgs__rosidl_typesupport_c.so
[2.026s] -- Up-to-date: /home/agilex/limo_ros2_ws/src/install/limo_msgs/include/limo_msgs
[2.026s] -- Up-to-date: /home/agilex/limo_ros2_ws/src/install/limo_msgs/include/limo_msgs/msg
[2.027s] -- Up-to-date: /home/agilex/limo_ros2_ws/src/install/limo_msgs/include/limo_msgs/msg/rosidl_generator_cpp__visibility_control.hpp
[2.027s] -- Up-to-date: /home/agilex/limo_ros2_ws/src/install/limo_msgs/include/limo_msgs/msg/limo_status.hpp
[2.027s] -- Up-to-date: /home/agilex/limo_ros2_ws/src/install/limo_msgs/include/limo_msgs/msg/detail
[2.027s] -- Up-to-date: /home/agilex/limo_ros2_ws/src/install/limo_msgs/include/limo_msgs/msg/detail/limo_status__struct.hpp
[2.027s] -- Up-to-date: /home/agilex/limo_ros2_ws/src/install/limo_msgs/include/limo_msgs/msg/detail/limo_status__type_support.hpp
[2.028s] -- Up-to-date: /home/agilex/limo_ros2_ws/src/install/limo_msgs/include/limo_msgs/msg/detail/limo_status__builder.hpp
[2.028s] -- Up-to-date: /home/agilex/limo_ros2_ws/src/install/limo_msgs/include/limo_msgs/msg/detail/limo_status__traits.hpp
[2.028s] -- Up-to-date: /home/agilex/limo_ros2_ws/src/install/limo_msgs/include/limo_msgs
[2.029s] -- Up-to-date: /home/agilex/limo_ros2_ws/src/install/limo_msgs/include/limo_msgs/msg
[2.029s] -- Up-to-date: /home/agilex/limo_ros2_ws/src/install/limo_msgs/include/limo_msgs/msg/detail
[2.029s] -- Up-to-date: /home/agilex/limo_ros2_ws/src/install/limo_msgs/include/limo_msgs/msg/detail/limo_status__rosidl_typesupport_introspection_cpp.hpp
[2.029s] -- Up-to-date: /home/agilex/limo_ros2_ws/src/install/limo_msgs/include/limo_msgs/msg/detail/limo_status__type_support.cpp
[2.029s] -- Up-to-date: /home/agilex/limo_ros2_ws/src/install/limo_msgs/lib/liblimo_msgs__rosidl_typesupport_introspection_cpp.so
[2.029s] -- Up-to-date: /home/agilex/limo_ros2_ws/src/install/limo_msgs/lib/liblimo_msgs__rosidl_typesupport_cpp.so
[2.029s] -- Up-to-date: /home/agilex/limo_ros2_ws/src/install/limo_msgs/share/limo_msgs/environment/pythonpath.sh
[2.029s] -- Up-to-date: /home/agilex/limo_ros2_ws/src/install/limo_msgs/share/limo_msgs/environment/pythonpath.dsv
[2.029s] -- Up-to-date: /home/agilex/limo_ros2_ws/src/install/limo_msgs/lib/python3.8/site-packages/limo_msgs/__init__.py
[2.224s] -- Up-to-date: /home/agilex/limo_ros2_ws/src/install/limo_msgs/lib/python3.8/site-packages/limo_msgs/msg
[2.224s] -- Up-to-date: /home/agilex/limo_ros2_ws/src/install/limo_msgs/lib/python3.8/site-packages/limo_msgs/msg/__init__.py
[2.224s] -- Up-to-date: /home/agilex/limo_ros2_ws/src/install/limo_msgs/lib/python3.8/site-packages/limo_msgs/msg/_limo_status_s.c
[2.225s] -- Up-to-date: /home/agilex/limo_ros2_ws/src/install/limo_msgs/lib/python3.8/site-packages/limo_msgs/msg/_limo_status.py
[2.225s] -- Up-to-date: /home/agilex/limo_ros2_ws/src/install/limo_msgs/lib/python3.8/site-packages/limo_msgs/limo_msgs_s__rosidl_typesupport_fastrtps_c.cpython-38-aarch64-linux-gnu.so
[2.225s] -- Up-to-date: /home/agilex/limo_ros2_ws/src/install/limo_msgs/lib/python3.8/site-packages/limo_msgs/limo_msgs_s__rosidl_typesupport_introspection_c.cpython-38-aarch64-linux-gnu.so
[2.225s] -- Up-to-date: /home/agilex/limo_ros2_ws/src/install/limo_msgs/lib/python3.8/site-packages/limo_msgs/limo_msgs_s__rosidl_typesupport_c.cpython-38-aarch64-linux-gnu.so
[2.227s] -- Up-to-date: /home/agilex/limo_ros2_ws/src/install/limo_msgs/lib/liblimo_msgs__python.so
[2.228s] -- Up-to-date: /home/agilex/limo_ros2_ws/src/install/limo_msgs/share/limo_msgs/msg/LimoStatus.idl
[2.229s] -- Up-to-date: /home/agilex/limo_ros2_ws/src/install/limo_msgs/share/limo_msgs/msg/LimoStatus.msg
[2.229s] -- Up-to-date: /home/agilex/limo_ros2_ws/src/install/limo_msgs/share/ament_index/resource_index/package_run_dependencies/limo_msgs
[2.229s] -- Up-to-date: /home/agilex/limo_ros2_ws/src/install/limo_msgs/share/ament_index/resource_index/parent_prefix_path/limo_msgs
[2.229s] -- Up-to-date: /home/agilex/limo_ros2_ws/src/install/limo_msgs/share/limo_msgs/environment/ament_prefix_path.sh
[2.230s] -- Up-to-date: /home/agilex/limo_ros2_ws/src/install/limo_msgs/share/limo_msgs/environment/ament_prefix_path.dsv
[2.230s] -- Up-to-date: /home/agilex/limo_ros2_ws/src/install/limo_msgs/share/limo_msgs/environment/path.sh
[2.230s] -- Up-to-date: /home/agilex/limo_ros2_ws/src/install/limo_msgs/share/limo_msgs/environment/path.dsv
[2.231s] -- Up-to-date: /home/agilex/limo_ros2_ws/src/install/limo_msgs/share/limo_msgs/local_setup.bash
[2.231s] -- Up-to-date: /home/agilex/limo_ros2_ws/src/install/limo_msgs/share/limo_msgs/local_setup.sh
[2.231s] -- Up-to-date: /home/agilex/limo_ros2_ws/src/install/limo_msgs/share/limo_msgs/local_setup.zsh
[2.231s] -- Up-to-date: /home/agilex/limo_ros2_ws/src/install/limo_msgs/share/limo_msgs/local_setup.dsv
[2.232s] -- Installing: /home/agilex/limo_ros2_ws/src/install/limo_msgs/share/limo_msgs/package.dsv
[2.232s] -- Up-to-date: /home/agilex/limo_ros2_ws/src/install/limo_msgs/share/ament_index/resource_index/packages/limo_msgs
[2.232s] -- Up-to-date: /home/agilex/limo_ros2_ws/src/install/limo_msgs/share/limo_msgs/cmake/limo_msgs__rosidl_generator_cExport.cmake
[2.232s] -- Up-to-date: /home/agilex/limo_ros2_ws/src/install/limo_msgs/share/limo_msgs/cmake/limo_msgs__rosidl_generator_cExport-release.cmake
[2.232s] -- Up-to-date: /home/agilex/limo_ros2_ws/src/install/limo_msgs/share/limo_msgs/cmake/limo_msgs__rosidl_typesupport_introspection_cExport.cmake
[2.232s] -- Up-to-date: /home/agilex/limo_ros2_ws/src/install/limo_msgs/share/limo_msgs/cmake/limo_msgs__rosidl_typesupport_introspection_cExport-release.cmake
[2.233s] -- Up-to-date: /home/agilex/limo_ros2_ws/src/install/limo_msgs/share/limo_msgs/cmake/limo_msgs__rosidl_typesupport_cExport.cmake
[2.233s] -- Up-to-date: /home/agilex/limo_ros2_ws/src/install/limo_msgs/share/limo_msgs/cmake/limo_msgs__rosidl_typesupport_cExport-release.cmake
[2.233s] -- Up-to-date: /home/agilex/limo_ros2_ws/src/install/limo_msgs/share/limo_msgs/cmake/limo_msgs__rosidl_generator_cppExport.cmake
[2.235s] -- Up-to-date: /home/agilex/limo_ros2_ws/src/install/limo_msgs/share/limo_msgs/cmake/limo_msgs__rosidl_typesupport_introspection_cppExport.cmake
[2.235s] -- Up-to-date: /home/agilex/limo_ros2_ws/src/install/limo_msgs/share/limo_msgs/cmake/limo_msgs__rosidl_typesupport_introspection_cppExport-release.cmake
[2.236s] -- Up-to-date: /home/agilex/limo_ros2_ws/src/install/limo_msgs/share/limo_msgs/cmake/limo_msgs__rosidl_typesupport_cppExport.cmake
[2.236s] -- Up-to-date: /home/agilex/limo_ros2_ws/src/install/limo_msgs/share/limo_msgs/cmake/limo_msgs__rosidl_typesupport_cppExport-release.cmake
[2.237s] -- Up-to-date: /home/agilex/limo_ros2_ws/src/install/limo_msgs/share/limo_msgs/cmake/rosidl_cmake-extras.cmake
[2.238s] -- Up-to-date: /home/agilex/limo_ros2_ws/src/install/limo_msgs/share/limo_msgs/cmake/ament_cmake_export_dependencies-extras.cmake
[2.238s] -- Up-to-date: /home/agilex/limo_ros2_ws/src/install/limo_msgs/share/limo_msgs/cmake/ament_cmake_export_libraries-extras.cmake
[2.239s] -- Up-to-date: /home/agilex/limo_ros2_ws/src/install/limo_msgs/share/limo_msgs/cmake/ament_cmake_export_targets-extras.cmake
[2.239s] -- Up-to-date: /home/agilex/limo_ros2_ws/src/install/limo_msgs/share/limo_msgs/cmake/ament_cmake_export_include_directories-extras.cmake
[2.239s] -- Up-to-date: /home/agilex/limo_ros2_ws/src/install/limo_msgs/share/limo_msgs/cmake/rosidl_cmake_export_typesupport_libraries-extras.cmake
[2.240s] -- Up-to-date: /home/agilex/limo_ros2_ws/src/install/limo_msgs/share/limo_msgs/cmake/rosidl_cmake_export_typesupport_targets-extras.cmake
[2.240s] -- Up-to-date: /home/agilex/limo_ros2_ws/src/install/limo_msgs/share/limo_msgs/cmake/limo_msgsConfig.cmake
[2.240s] -- Up-to-date: /home/agilex/limo_ros2_ws/src/install/limo_msgs/share/limo_msgs/cmake/limo_msgsConfig-version.cmake
[2.241s] -- Up-to-date: /home/agilex/limo_ros2_ws/src/install/limo_msgs/share/limo_msgs/package.xml
[2.255s] Invoked command in '/home/agilex/limo_ros2_ws/src/build/limo_msgs' returned '0': CMAKE_PREFIX_PATH=${CMAKE_PREFIX_PATH}:/home/agilex/limo_ros2_ws/install/nav2_gazebo_spawner:/opt/ros/foxy /usr/bin/cmake --install /home/agilex/limo_ros2_ws/src/build/limo_msgs
