[0.151s] Invoking command in '/home/agilex/limo_ros2_ws/src/build/orbbec_camera_msgs': CMAKE_PREFIX_PATH=${CMAKE_PREFIX_PATH}:/home/agilex/limo_ros2_ws/install/nav2_gazebo_spawner:/opt/ros/foxy /usr/bin/cmake /home/agilex/limo_ros2_ws/src/OrbbecSDK_ROS2/orbbec_camera_msgs -DCMAKE_INSTALL_PREFIX=/home/agilex/limo_ros2_ws/src/install/orbbec_camera_msgs
[0.231s] -- Found ament_cmake: 0.9.12 (/opt/ros/foxy/share/ament_cmake/cmake)
[0.314s] -- Found PythonInterp: /usr/bin/python3 (found suitable version "3.8.10", minimum required is "3") 
[0.315s] -- Using PYTHON_EXECUTABLE: /usr/bin/python3
[1.287s] -- Found rosidl_default_generators: 1.0.1 (/opt/ros/foxy/share/rosidl_default_generators/cmake)
[1.330s] -- Using all available rosidl_typesupport_c: rosidl_typesupport_fastrtps_c;rosidl_typesupport_introspection_c
[1.352s] -- Found rosidl_adapter: 1.3.1 (/opt/ros/foxy/share/rosidl_adapter/cmake)
[2.095s] -- Using all available rosidl_typesupport_cpp: rosidl_typesupport_fastrtps_cpp;rosidl_typesupport_introspection_cpp
[2.173s] -- Found sensor_msgs: 2.0.5 (/opt/ros/foxy/share/sensor_msgs/cmake)
[2.785s] -- Found PythonInterp: /usr/bin/python3 (found version "3.8.10") 
[3.850s] -- Found ament_cmake_ros: 0.9.2 (/opt/ros/foxy/share/ament_cmake_ros/cmake)
[5.256s] -- Using all available rosidl_typesupport_c: rosidl_typesupport_fastrtps_c;rosidl_typesupport_introspection_c
[5.910s] -- Using all available rosidl_typesupport_cpp: rosidl_typesupport_fastrtps_cpp;rosidl_typesupport_introspection_cpp
[6.209s] -- Found PythonInterp: /usr/bin/python3 (found suitable version "3.8.10", minimum required is "3.5") 
[6.210s] -- Found python_cmake_module: 0.8.1 (/opt/ros/foxy/share/python_cmake_module/cmake)
[6.385s] -- Using PYTHON_EXECUTABLE: /usr/bin/python3
[6.385s] -- Using PYTHON_INCLUDE_DIRS: /usr/include/python3.8
[6.386s] -- Using PYTHON_LIBRARIES: /usr/lib/aarch64-linux-gnu/libpython3.8.so
[6.993s] -- Found ament_lint_auto: 0.9.8 (/opt/ros/foxy/share/ament_lint_auto/cmake)
[7.080s] -- Added test 'copyright' to check source files copyright and LICENSE
[7.084s] -- Added test 'lint_cmake' to check CMake code style
[7.095s] -- Added test 'xmllint' to check XML markup files
[7.126s] -- Configuring done
[7.661s] -- Generating done
[7.680s] -- Build files have been written to: /home/agilex/limo_ros2_ws/src/build/orbbec_camera_msgs
[7.754s] Invoked command in '/home/agilex/limo_ros2_ws/src/build/orbbec_camera_msgs' returned '0': CMAKE_PREFIX_PATH=${CMAKE_PREFIX_PATH}:/home/agilex/limo_ros2_ws/install/nav2_gazebo_spawner:/opt/ros/foxy /usr/bin/cmake /home/agilex/limo_ros2_ws/src/OrbbecSDK_ROS2/orbbec_camera_msgs -DCMAKE_INSTALL_PREFIX=/home/agilex/limo_ros2_ws/src/install/orbbec_camera_msgs
[7.756s] Invoking command in '/home/agilex/limo_ros2_ws/src/build/orbbec_camera_msgs': CMAKE_PREFIX_PATH=${CMAKE_PREFIX_PATH}:/home/agilex/limo_ros2_ws/install/nav2_gazebo_spawner:/opt/ros/foxy /usr/bin/cmake --build /home/agilex/limo_ros2_ws/src/build/orbbec_camera_msgs -- -j6 -l6
[16.901s] [  0%] Built target orbbec_camera_msgs__cpp
[16.902s] [ 12%] Built target orbbec_camera_msgs__rosidl_generator_c
[16.902s] [ 13%] [34m[1mGenerating C++ type support dispatch for ROS interfaces[0m
[16.902s] [ 14%] [34m[1mGenerating C type support dispatch for ROS interfaces[0m
[16.902s] [ 15%] [34m[1mGenerating C introspection for ROS interfaces[0m
[16.902s] [ 15%] [32mBuilding CXX object CMakeFiles/orbbec_camera_msgs__rosidl_typesupport_fastrtps_cpp.dir/rosidl_typesupport_fastrtps_cpp/orbbec_camera_msgs/srv/detail/dds_fastrtps/get_bool__type_support.cpp.o[0m
[16.902s] [ 16%] [32mBuilding CXX object CMakeFiles/orbbec_camera_msgs__rosidl_typesupport_fastrtps_cpp.dir/rosidl_typesupport_fastrtps_cpp/orbbec_camera_msgs/srv/detail/dds_fastrtps/get_device_info__type_support.cpp.o[0m
[16.903s] [ 17%] [32mBuilding CXX object CMakeFiles/orbbec_camera_msgs__rosidl_typesupport_introspection_cpp.dir/rosidl_typesupport_introspection_cpp/orbbec_camera_msgs/srv/detail/get_int32__type_support.cpp.o[0m
[16.903s] [ 18%] [32mBuilding CXX object CMakeFiles/orbbec_camera_msgs__rosidl_typesupport_introspection_cpp.dir/rosidl_typesupport_introspection_cpp/orbbec_camera_msgs/srv/detail/get_string__type_support.cpp.o[0m
[16.903s] [ 19%] [32mBuilding CXX object CMakeFiles/orbbec_camera_msgs__rosidl_typesupport_fastrtps_cpp.dir/rosidl_typesupport_fastrtps_cpp/orbbec_camera_msgs/srv/detail/dds_fastrtps/get_camera_info__type_support.cpp.o[0m
[16.903s] [ 20%] [32mBuilding CXX object CMakeFiles/orbbec_camera_msgs__rosidl_typesupport_fastrtps_cpp.dir/rosidl_typesupport_fastrtps_cpp/orbbec_camera_msgs/srv/detail/dds_fastrtps/get_int32__type_support.cpp.o[0m
[16.903s] [35m[1mScanning dependencies of target orbbec_camera_msgs__rosidl_typesupport_cpp[0m
[16.903s] [35m[1mScanning dependencies of target orbbec_camera_msgs__rosidl_typesupport_c[0m
[16.903s] [ 21%] [32mBuilding CXX object CMakeFiles/orbbec_camera_msgs__rosidl_typesupport_cpp.dir/rosidl_typesupport_cpp/orbbec_camera_msgs/msg/device_info__type_support.cpp.o[0m
[16.904s] [ 22%] [32mBuilding CXX object CMakeFiles/orbbec_camera_msgs__rosidl_typesupport_introspection_cpp.dir/rosidl_typesupport_introspection_cpp/orbbec_camera_msgs/srv/detail/set_int32__type_support.cpp.o[0m
[16.904s] [ 23%] [32mBuilding CXX object CMakeFiles/orbbec_camera_msgs__rosidl_typesupport_c.dir/rosidl_typesupport_c/orbbec_camera_msgs/msg/device_info__type_support.cpp.o[0m
[16.904s] [ 23%] [32mBuilding CXX object CMakeFiles/orbbec_camera_msgs__rosidl_typesupport_c.dir/rosidl_typesupport_c/orbbec_camera_msgs/msg/extrinsics__type_support.cpp.o[0m
[16.904s] [ 24%] [32mBuilding CXX object CMakeFiles/orbbec_camera_msgs__rosidl_typesupport_c.dir/rosidl_typesupport_c/orbbec_camera_msgs/msg/metadata__type_support.cpp.o[0m
[16.904s] [ 25%] [32mBuilding CXX object CMakeFiles/orbbec_camera_msgs__rosidl_typesupport_c.dir/rosidl_typesupport_c/orbbec_camera_msgs/msg/imu_info__type_support.cpp.o[0m
[16.904s] [ 26%] [32mBuilding CXX object CMakeFiles/orbbec_camera_msgs__rosidl_typesupport_c.dir/rosidl_typesupport_c/orbbec_camera_msgs/msg/rgbd__type_support.cpp.o[0m
[16.904s] [ 27%] [32mBuilding CXX object CMakeFiles/orbbec_camera_msgs__rosidl_typesupport_c.dir/rosidl_typesupport_c/orbbec_camera_msgs/srv/get_bool__type_support.cpp.o[0m
[16.904s] [ 28%] [32mBuilding CXX object CMakeFiles/orbbec_camera_msgs__rosidl_typesupport_c.dir/rosidl_typesupport_c/orbbec_camera_msgs/srv/get_device_info__type_support.cpp.o[0m
[16.905s] [35m[1mScanning dependencies of target orbbec_camera_msgs__rosidl_typesupport_introspection_c[0m
[16.905s] [ 29%] [32mBuilding CXX object CMakeFiles/orbbec_camera_msgs__rosidl_typesupport_fastrtps_cpp.dir/rosidl_typesupport_fastrtps_cpp/orbbec_camera_msgs/srv/detail/dds_fastrtps/get_string__type_support.cpp.o[0m
[16.905s] [ 30%] [32mBuilding C object CMakeFiles/orbbec_camera_msgs__rosidl_typesupport_introspection_c.dir/rosidl_typesupport_introspection_c/orbbec_camera_msgs/msg/detail/device_info__type_support.c.o[0m
[16.905s] [ 31%] [32mBuilding CXX object CMakeFiles/orbbec_camera_msgs__rosidl_typesupport_introspection_cpp.dir/rosidl_typesupport_introspection_cpp/orbbec_camera_msgs/srv/detail/set_string__type_support.cpp.o[0m
[16.916s] [ 32%] [32mBuilding C object CMakeFiles/orbbec_camera_msgs__rosidl_typesupport_introspection_c.dir/rosidl_typesupport_introspection_c/orbbec_camera_msgs/msg/detail/extrinsics__type_support.c.o[0m
[16.916s] [ 33%] [32mBuilding CXX object CMakeFiles/orbbec_camera_msgs__rosidl_typesupport_cpp.dir/rosidl_typesupport_cpp/orbbec_camera_msgs/msg/extrinsics__type_support.cpp.o[0m
[16.917s] [ 33%] [32mBuilding CXX object CMakeFiles/orbbec_camera_msgs__rosidl_typesupport_c.dir/rosidl_typesupport_c/orbbec_camera_msgs/srv/get_camera_info__type_support.cpp.o[0m
[16.917s] [ 34%] [32mBuilding C object CMakeFiles/orbbec_camera_msgs__rosidl_typesupport_introspection_c.dir/rosidl_typesupport_introspection_c/orbbec_camera_msgs/msg/detail/metadata__type_support.c.o[0m
[16.917s] [ 34%] [32mBuilding C object CMakeFiles/orbbec_camera_msgs__rosidl_typesupport_introspection_c.dir/rosidl_typesupport_introspection_c/orbbec_camera_msgs/msg/detail/imu_info__type_support.c.o[0m
[16.917s] [ 35%] [32mBuilding CXX object CMakeFiles/orbbec_camera_msgs__rosidl_typesupport_c.dir/rosidl_typesupport_c/orbbec_camera_msgs/srv/get_int32__type_support.cpp.o[0m
[16.917s] [ 36%] [32mBuilding C object CMakeFiles/orbbec_camera_msgs__rosidl_typesupport_introspection_c.dir/rosidl_typesupport_introspection_c/orbbec_camera_msgs/msg/detail/rgbd__type_support.c.o[0m
[16.917s] [ 37%] [32mBuilding CXX object CMakeFiles/orbbec_camera_msgs__rosidl_typesupport_c.dir/rosidl_typesupport_c/orbbec_camera_msgs/srv/get_string__type_support.cpp.o[0m
[16.917s] [ 38%] [32mBuilding C object CMakeFiles/orbbec_camera_msgs__rosidl_typesupport_introspection_c.dir/rosidl_typesupport_introspection_c/orbbec_camera_msgs/srv/detail/get_bool__type_support.c.o[0m
[16.918s] [ 39%] [32mBuilding CXX object CMakeFiles/orbbec_camera_msgs__rosidl_typesupport_c.dir/rosidl_typesupport_c/orbbec_camera_msgs/srv/set_int32__type_support.cpp.o[0m
[16.918s] [ 40%] [32mBuilding C object CMakeFiles/orbbec_camera_msgs__rosidl_typesupport_introspection_c.dir/rosidl_typesupport_introspection_c/orbbec_camera_msgs/srv/detail/get_device_info__type_support.c.o[0m
[16.923s] [ 41%] [32mBuilding C object CMakeFiles/orbbec_camera_msgs__rosidl_typesupport_introspection_c.dir/rosidl_typesupport_introspection_c/orbbec_camera_msgs/srv/detail/get_camera_info__type_support.c.o[0m
[16.924s] [ 42%] [32mBuilding CXX object CMakeFiles/orbbec_camera_msgs__rosidl_typesupport_c.dir/rosidl_typesupport_c/orbbec_camera_msgs/srv/set_string__type_support.cpp.o[0m
[16.924s] [ 43%] [32mBuilding C object CMakeFiles/orbbec_camera_msgs__rosidl_typesupport_introspection_c.dir/rosidl_typesupport_introspection_c/orbbec_camera_msgs/srv/detail/get_int32__type_support.c.o[0m
[16.924s] [ 44%] [32m[1mLinking CXX shared library liborbbec_camera_msgs__rosidl_typesupport_c.so[0m
[16.924s] [ 45%] [32mBuilding C object CMakeFiles/orbbec_camera_msgs__rosidl_typesupport_introspection_c.dir/rosidl_typesupport_introspection_c/orbbec_camera_msgs/srv/detail/get_string__type_support.c.o[0m
[16.924s] [ 45%] [32mBuilding C object CMakeFiles/orbbec_camera_msgs__rosidl_typesupport_introspection_c.dir/rosidl_typesupport_introspection_c/orbbec_camera_msgs/srv/detail/set_int32__type_support.c.o[0m
[16.925s] [ 45%] Built target orbbec_camera_msgs__rosidl_typesupport_c
[16.925s] [ 46%] [32mBuilding C object CMakeFiles/orbbec_camera_msgs__rosidl_typesupport_introspection_c.dir/rosidl_typesupport_introspection_c/orbbec_camera_msgs/srv/detail/set_string__type_support.c.o[0m
[16.925s] [ 47%] [32mBuilding CXX object CMakeFiles/orbbec_camera_msgs__rosidl_typesupport_cpp.dir/rosidl_typesupport_cpp/orbbec_camera_msgs/msg/metadata__type_support.cpp.o[0m
[16.925s] [ 48%] [32mBuilding CXX object CMakeFiles/orbbec_camera_msgs__rosidl_typesupport_cpp.dir/rosidl_typesupport_cpp/orbbec_camera_msgs/msg/imu_info__type_support.cpp.o[0m
[16.925s] [ 48%] [32mBuilding CXX object CMakeFiles/orbbec_camera_msgs__rosidl_typesupport_cpp.dir/rosidl_typesupport_cpp/orbbec_camera_msgs/msg/rgbd__type_support.cpp.o[0m
[16.925s] [ 49%] [32m[1mLinking C shared library liborbbec_camera_msgs__rosidl_typesupport_introspection_c.so[0m
[16.925s] [ 50%] [32m[1mLinking CXX shared library liborbbec_camera_msgs__rosidl_typesupport_introspection_cpp.so[0m
[16.925s] [ 50%] Built target orbbec_camera_msgs__rosidl_typesupport_introspection_c
[16.926s] [ 51%] [32mBuilding CXX object CMakeFiles/orbbec_camera_msgs__rosidl_typesupport_cpp.dir/rosidl_typesupport_cpp/orbbec_camera_msgs/srv/get_bool__type_support.cpp.o[0m
[16.926s] [ 58%] Built target orbbec_camera_msgs__rosidl_typesupport_introspection_cpp
[16.926s] [ 59%] [32mBuilding CXX object CMakeFiles/orbbec_camera_msgs__rosidl_typesupport_cpp.dir/rosidl_typesupport_cpp/orbbec_camera_msgs/srv/get_device_info__type_support.cpp.o[0m
[16.926s] [ 60%] [32mBuilding CXX object CMakeFiles/orbbec_camera_msgs__rosidl_typesupport_fastrtps_cpp.dir/rosidl_typesupport_fastrtps_cpp/orbbec_camera_msgs/srv/detail/dds_fastrtps/set_int32__type_support.cpp.o[0m
[17.471s] [ 61%] [32mBuilding CXX object CMakeFiles/orbbec_camera_msgs__rosidl_typesupport_cpp.dir/rosidl_typesupport_cpp/orbbec_camera_msgs/srv/get_camera_info__type_support.cpp.o[0m
[17.583s] [ 62%] [32mBuilding CXX object CMakeFiles/orbbec_camera_msgs__rosidl_typesupport_cpp.dir/rosidl_typesupport_cpp/orbbec_camera_msgs/srv/get_int32__type_support.cpp.o[0m
[18.009s] [ 63%] [32mBuilding CXX object CMakeFiles/orbbec_camera_msgs__rosidl_typesupport_cpp.dir/rosidl_typesupport_cpp/orbbec_camera_msgs/srv/get_string__type_support.cpp.o[0m
[18.770s] [ 63%] [32mBuilding CXX object CMakeFiles/orbbec_camera_msgs__rosidl_typesupport_cpp.dir/rosidl_typesupport_cpp/orbbec_camera_msgs/srv/set_int32__type_support.cpp.o[0m
[19.225s] [ 63%] [32mBuilding CXX object CMakeFiles/orbbec_camera_msgs__rosidl_typesupport_fastrtps_cpp.dir/rosidl_typesupport_fastrtps_cpp/orbbec_camera_msgs/srv/detail/dds_fastrtps/set_string__type_support.cpp.o[0m
[19.902s] [ 64%] [32mBuilding CXX object CMakeFiles/orbbec_camera_msgs__rosidl_typesupport_cpp.dir/rosidl_typesupport_cpp/orbbec_camera_msgs/srv/set_string__type_support.cpp.o[0m
[22.497s] [ 65%] [32m[1mLinking CXX shared library liborbbec_camera_msgs__rosidl_typesupport_cpp.so[0m
[22.884s] [ 65%] Built target orbbec_camera_msgs__rosidl_typesupport_cpp
[23.458s] [ 66%] [32m[1mLinking CXX shared library liborbbec_camera_msgs__rosidl_typesupport_fastrtps_cpp.so[0m
[24.066s] [ 71%] Built target orbbec_camera_msgs__rosidl_typesupport_fastrtps_cpp
[24.183s] [ 72%] [34m[1mGenerating C type support for eProsima Fast-RTPS[0m
[28.930s] [35m[1mScanning dependencies of target orbbec_camera_msgs__rosidl_typesupport_fastrtps_c[0m
[29.137s] [ 73%] [32mBuilding CXX object CMakeFiles/orbbec_camera_msgs__rosidl_typesupport_fastrtps_c.dir/rosidl_typesupport_fastrtps_c/orbbec_camera_msgs/msg/detail/device_info__type_support_c.cpp.o[0m
[30.662s] [ 74%] [32mBuilding CXX object CMakeFiles/orbbec_camera_msgs__rosidl_typesupport_fastrtps_c.dir/rosidl_typesupport_fastrtps_c/orbbec_camera_msgs/srv/detail/get_bool__type_support_c.cpp.o[0m
[32.234s] [ 75%] [32mBuilding CXX object CMakeFiles/orbbec_camera_msgs__rosidl_typesupport_fastrtps_c.dir/rosidl_typesupport_fastrtps_c/orbbec_camera_msgs/srv/detail/get_device_info__type_support_c.cpp.o[0m
[33.489s] [ 76%] [32mBuilding CXX object CMakeFiles/orbbec_camera_msgs__rosidl_typesupport_fastrtps_c.dir/rosidl_typesupport_fastrtps_c/orbbec_camera_msgs/srv/detail/get_camera_info__type_support_c.cpp.o[0m
[34.671s] [ 76%] [32mBuilding CXX object CMakeFiles/orbbec_camera_msgs__rosidl_typesupport_fastrtps_c.dir/rosidl_typesupport_fastrtps_c/orbbec_camera_msgs/srv/detail/get_int32__type_support_c.cpp.o[0m
[35.849s] [ 77%] [32mBuilding CXX object CMakeFiles/orbbec_camera_msgs__rosidl_typesupport_fastrtps_c.dir/rosidl_typesupport_fastrtps_c/orbbec_camera_msgs/srv/detail/get_string__type_support_c.cpp.o[0m
[37.074s] [ 78%] [32mBuilding CXX object CMakeFiles/orbbec_camera_msgs__rosidl_typesupport_fastrtps_c.dir/rosidl_typesupport_fastrtps_c/orbbec_camera_msgs/srv/detail/set_int32__type_support_c.cpp.o[0m
[38.343s] [ 79%] [32mBuilding CXX object CMakeFiles/orbbec_camera_msgs__rosidl_typesupport_fastrtps_c.dir/rosidl_typesupport_fastrtps_c/orbbec_camera_msgs/srv/detail/set_string__type_support_c.cpp.o[0m
[39.510s] [ 80%] [32mBuilding CXX object CMakeFiles/orbbec_camera_msgs__rosidl_typesupport_fastrtps_c.dir/rosidl_typesupport_fastrtps_c/orbbec_camera_msgs/msg/detail/rgbd__type_support_c.cpp.o[0m
[40.789s] [ 81%] [32mBuilding CXX object CMakeFiles/orbbec_camera_msgs__rosidl_typesupport_fastrtps_c.dir/rosidl_typesupport_fastrtps_c/orbbec_camera_msgs/msg/detail/imu_info__type_support_c.cpp.o[0m
[41.798s] [ 81%] [32mBuilding CXX object CMakeFiles/orbbec_camera_msgs__rosidl_typesupport_fastrtps_c.dir/rosidl_typesupport_fastrtps_c/orbbec_camera_msgs/msg/detail/metadata__type_support_c.cpp.o[0m
[42.880s] [ 82%] [32mBuilding CXX object CMakeFiles/orbbec_camera_msgs__rosidl_typesupport_fastrtps_c.dir/rosidl_typesupport_fastrtps_c/orbbec_camera_msgs/msg/detail/extrinsics__type_support_c.cpp.o[0m
[44.287s] [ 83%] [32m[1mLinking CXX shared library liborbbec_camera_msgs__rosidl_typesupport_fastrtps_c.so[0m
[44.681s] [ 83%] Built target orbbec_camera_msgs__rosidl_typesupport_fastrtps_c
[44.744s] [35m[1mScanning dependencies of target orbbec_camera_msgs[0m
[44.800s] [ 83%] Built target orbbec_camera_msgs
[44.862s] [35m[1mScanning dependencies of target orbbec_camera_msgs__py[0m
[44.926s] [ 84%] [34m[1mGenerating Python code for ROS interfaces[0m
[50.775s] [ 84%] Built target orbbec_camera_msgs__py
[50.861s] [35m[1mScanning dependencies of target orbbec_camera_msgs__python[0m
[51.035s] [ 85%] [32mBuilding C object CMakeFiles/orbbec_camera_msgs__python.dir/rosidl_generator_py/orbbec_camera_msgs/msg/_device_info_s.c.o[0m
[51.356s] [ 86%] [32mBuilding C object CMakeFiles/orbbec_camera_msgs__python.dir/rosidl_generator_py/orbbec_camera_msgs/srv/_get_bool_s.c.o[0m
[51.743s] [ 87%] [32mBuilding C object CMakeFiles/orbbec_camera_msgs__python.dir/rosidl_generator_py/orbbec_camera_msgs/srv/_get_device_info_s.c.o[0m
[52.160s] [ 88%] [32mBuilding C object CMakeFiles/orbbec_camera_msgs__python.dir/rosidl_generator_py/orbbec_camera_msgs/srv/_get_camera_info_s.c.o[0m
[52.505s] [ 89%] [32mBuilding C object CMakeFiles/orbbec_camera_msgs__python.dir/rosidl_generator_py/orbbec_camera_msgs/srv/_get_int32_s.c.o[0m
[52.853s] [ 90%] [32mBuilding C object CMakeFiles/orbbec_camera_msgs__python.dir/rosidl_generator_py/orbbec_camera_msgs/srv/_get_string_s.c.o[0m
[53.184s] [ 90%] [32mBuilding C object CMakeFiles/orbbec_camera_msgs__python.dir/rosidl_generator_py/orbbec_camera_msgs/srv/_set_int32_s.c.o[0m
[53.511s] [ 91%] [32mBuilding C object CMakeFiles/orbbec_camera_msgs__python.dir/rosidl_generator_py/orbbec_camera_msgs/srv/_set_string_s.c.o[0m
[53.824s] [ 91%] [32mBuilding C object CMakeFiles/orbbec_camera_msgs__python.dir/rosidl_generator_py/orbbec_camera_msgs/msg/_rgbd_s.c.o[0m
[54.153s] [ 92%] [32mBuilding C object CMakeFiles/orbbec_camera_msgs__python.dir/rosidl_generator_py/orbbec_camera_msgs/msg/_imu_info_s.c.o[0m
[54.621s] [ 93%] [32mBuilding C object CMakeFiles/orbbec_camera_msgs__python.dir/rosidl_generator_py/orbbec_camera_msgs/msg/_metadata_s.c.o[0m
[54.955s] [ 94%] [32mBuilding C object CMakeFiles/orbbec_camera_msgs__python.dir/rosidl_generator_py/orbbec_camera_msgs/msg/_extrinsics_s.c.o[0m
[55.345s] [ 95%] [32m[1mLinking C shared library rosidl_generator_py/orbbec_camera_msgs/liborbbec_camera_msgs__python.so[0m
[55.548s] [ 95%] Built target orbbec_camera_msgs__python
[55.596s] [35m[1mScanning dependencies of target orbbec_camera_msgs__rosidl_typesupport_c__pyext[0m
[55.674s] [ 95%] [32mBuilding C object CMakeFiles/orbbec_camera_msgs__rosidl_typesupport_c__pyext.dir/rosidl_generator_py/orbbec_camera_msgs/_orbbec_camera_msgs_s.ep.rosidl_typesupport_c.c.o[0m
[56.709s] [ 96%] [32m[1mLinking C shared library rosidl_generator_py/orbbec_camera_msgs/orbbec_camera_msgs_s__rosidl_typesupport_c.cpython-38-aarch64-linux-gnu.so[0m
[56.838s] [ 96%] Built target orbbec_camera_msgs__rosidl_typesupport_c__pyext
[56.875s] [35m[1mScanning dependencies of target orbbec_camera_msgs__rosidl_typesupport_fastrtps_c__pyext[0m
[56.951s] [ 97%] [32mBuilding C object CMakeFiles/orbbec_camera_msgs__rosidl_typesupport_fastrtps_c__pyext.dir/rosidl_generator_py/orbbec_camera_msgs/_orbbec_camera_msgs_s.ep.rosidl_typesupport_fastrtps_c.c.o[0m
[57.923s] [ 98%] [32m[1mLinking CXX shared library rosidl_generator_py/orbbec_camera_msgs/orbbec_camera_msgs_s__rosidl_typesupport_fastrtps_c.cpython-38-aarch64-linux-gnu.so[0m
[58.113s] [ 98%] Built target orbbec_camera_msgs__rosidl_typesupport_fastrtps_c__pyext
[58.149s] [35m[1mScanning dependencies of target orbbec_camera_msgs__rosidl_typesupport_introspection_c__pyext[0m
[58.206s] [ 99%] [32mBuilding C object CMakeFiles/orbbec_camera_msgs__rosidl_typesupport_introspection_c__pyext.dir/rosidl_generator_py/orbbec_camera_msgs/_orbbec_camera_msgs_s.ep.rosidl_typesupport_introspection_c.c.o[0m
[59.023s] [100%] [32m[1mLinking C shared library rosidl_generator_py/orbbec_camera_msgs/orbbec_camera_msgs_s__rosidl_typesupport_introspection_c.cpython-38-aarch64-linux-gnu.so[0m
[59.149s] [100%] Built target orbbec_camera_msgs__rosidl_typesupport_introspection_c__pyext
[59.203s] Invoked command in '/home/agilex/limo_ros2_ws/src/build/orbbec_camera_msgs' returned '0': CMAKE_PREFIX_PATH=${CMAKE_PREFIX_PATH}:/home/agilex/limo_ros2_ws/install/nav2_gazebo_spawner:/opt/ros/foxy /usr/bin/cmake --build /home/agilex/limo_ros2_ws/src/build/orbbec_camera_msgs -- -j6 -l6
[60.463s] Invoking command in '/home/agilex/limo_ros2_ws/src/build/orbbec_camera_msgs': CMAKE_PREFIX_PATH=${CMAKE_PREFIX_PATH}:/home/agilex/limo_ros2_ws/install/nav2_gazebo_spawner:/opt/ros/foxy /usr/bin/cmake --install /home/agilex/limo_ros2_ws/src/build/orbbec_camera_msgs
[63.236s] -- Install configuration: "Release"
[63.237s] -- Installing: /home/agilex/limo_ros2_ws/src/install/orbbec_camera_msgs/share/ament_index/resource_index/rosidl_interfaces/orbbec_camera_msgs
[63.244s] -- Installing: /home/agilex/limo_ros2_ws/src/install/orbbec_camera_msgs/include/orbbec_camera_msgs
[63.245s] -- Installing: /home/agilex/limo_ros2_ws/src/install/orbbec_camera_msgs/include/orbbec_camera_msgs/msg
[63.245s] -- Installing: /home/agilex/limo_ros2_ws/src/install/orbbec_camera_msgs/include/orbbec_camera_msgs/msg/rosidl_generator_c__visibility_control.h
[63.245s] -- Installing: /home/agilex/limo_ros2_ws/src/install/orbbec_camera_msgs/include/orbbec_camera_msgs/msg/imu_info.h
[63.245s] -- Installing: /home/agilex/limo_ros2_ws/src/install/orbbec_camera_msgs/include/orbbec_camera_msgs/msg/detail
[63.245s] -- Installing: /home/agilex/limo_ros2_ws/src/install/orbbec_camera_msgs/include/orbbec_camera_msgs/msg/detail/device_info__functions.c
[63.245s] -- Installing: /home/agilex/limo_ros2_ws/src/install/orbbec_camera_msgs/include/orbbec_camera_msgs/msg/detail/extrinsics__struct.h
[63.246s] -- Installing: /home/agilex/limo_ros2_ws/src/install/orbbec_camera_msgs/include/orbbec_camera_msgs/msg/detail/device_info__type_support.h
[63.246s] -- Installing: /home/agilex/limo_ros2_ws/src/install/orbbec_camera_msgs/include/orbbec_camera_msgs/msg/detail/extrinsics__type_support.h
[63.246s] -- Installing: /home/agilex/limo_ros2_ws/src/install/orbbec_camera_msgs/include/orbbec_camera_msgs/msg/detail/rgbd__type_support.h
[63.246s] -- Installing: /home/agilex/limo_ros2_ws/src/install/orbbec_camera_msgs/include/orbbec_camera_msgs/msg/detail/imu_info__functions.h
[63.247s] -- Installing: /home/agilex/limo_ros2_ws/src/install/orbbec_camera_msgs/include/orbbec_camera_msgs/msg/detail/metadata__struct.h
[63.247s] -- Installing: /home/agilex/limo_ros2_ws/src/install/orbbec_camera_msgs/include/orbbec_camera_msgs/msg/detail/rgbd__functions.c
[63.247s] -- Installing: /home/agilex/limo_ros2_ws/src/install/orbbec_camera_msgs/include/orbbec_camera_msgs/msg/detail/metadata__functions.h
[63.247s] -- Installing: /home/agilex/limo_ros2_ws/src/install/orbbec_camera_msgs/include/orbbec_camera_msgs/msg/detail/metadata__functions.c
[63.247s] -- Installing: /home/agilex/limo_ros2_ws/src/install/orbbec_camera_msgs/include/orbbec_camera_msgs/msg/detail/device_info__struct.h
[63.247s] -- Installing: /home/agilex/limo_ros2_ws/src/install/orbbec_camera_msgs/include/orbbec_camera_msgs/msg/detail/imu_info__type_support.h
[63.248s] -- Installing: /home/agilex/limo_ros2_ws/src/install/orbbec_camera_msgs/include/orbbec_camera_msgs/msg/detail/imu_info__struct.h
[63.248s] -- Installing: /home/agilex/limo_ros2_ws/src/install/orbbec_camera_msgs/include/orbbec_camera_msgs/msg/detail/device_info__functions.h
[63.248s] -- Installing: /home/agilex/limo_ros2_ws/src/install/orbbec_camera_msgs/include/orbbec_camera_msgs/msg/detail/imu_info__functions.c
[63.248s] -- Installing: /home/agilex/limo_ros2_ws/src/install/orbbec_camera_msgs/include/orbbec_camera_msgs/msg/detail/metadata__type_support.h
[63.249s] -- Installing: /home/agilex/limo_ros2_ws/src/install/orbbec_camera_msgs/include/orbbec_camera_msgs/msg/detail/rgbd__functions.h
[63.249s] -- Installing: /home/agilex/limo_ros2_ws/src/install/orbbec_camera_msgs/include/orbbec_camera_msgs/msg/detail/rgbd__struct.h
[63.249s] -- Installing: /home/agilex/limo_ros2_ws/src/install/orbbec_camera_msgs/include/orbbec_camera_msgs/msg/detail/extrinsics__functions.h
[63.249s] -- Installing: /home/agilex/limo_ros2_ws/src/install/orbbec_camera_msgs/include/orbbec_camera_msgs/msg/detail/extrinsics__functions.c
[63.249s] -- Installing: /home/agilex/limo_ros2_ws/src/install/orbbec_camera_msgs/include/orbbec_camera_msgs/msg/extrinsics.h
[63.250s] -- Installing: /home/agilex/limo_ros2_ws/src/install/orbbec_camera_msgs/include/orbbec_camera_msgs/msg/metadata.h
[63.250s] -- Installing: /home/agilex/limo_ros2_ws/src/install/orbbec_camera_msgs/include/orbbec_camera_msgs/msg/rgbd.h
[63.250s] -- Installing: /home/agilex/limo_ros2_ws/src/install/orbbec_camera_msgs/include/orbbec_camera_msgs/msg/device_info.h
[63.250s] -- Installing: /home/agilex/limo_ros2_ws/src/install/orbbec_camera_msgs/include/orbbec_camera_msgs/srv
[63.250s] -- Installing: /home/agilex/limo_ros2_ws/src/install/orbbec_camera_msgs/include/orbbec_camera_msgs/srv/get_camera_info.h
[63.250s] -- Installing: /home/agilex/limo_ros2_ws/src/install/orbbec_camera_msgs/include/orbbec_camera_msgs/srv/get_string.h
[63.250s] -- Installing: /home/agilex/limo_ros2_ws/src/install/orbbec_camera_msgs/include/orbbec_camera_msgs/srv/get_int32.h
[63.251s] -- Installing: /home/agilex/limo_ros2_ws/src/install/orbbec_camera_msgs/include/orbbec_camera_msgs/srv/set_string.h
[63.251s] -- Installing: /home/agilex/limo_ros2_ws/src/install/orbbec_camera_msgs/include/orbbec_camera_msgs/srv/get_bool.h
[63.251s] -- Installing: /home/agilex/limo_ros2_ws/src/install/orbbec_camera_msgs/include/orbbec_camera_msgs/srv/set_int32.h
[63.251s] -- Installing: /home/agilex/limo_ros2_ws/src/install/orbbec_camera_msgs/include/orbbec_camera_msgs/srv/detail
[63.251s] -- Installing: /home/agilex/limo_ros2_ws/src/install/orbbec_camera_msgs/include/orbbec_camera_msgs/srv/detail/get_device_info__type_support.h
[63.251s] -- Installing: /home/agilex/limo_ros2_ws/src/install/orbbec_camera_msgs/include/orbbec_camera_msgs/srv/detail/get_camera_info__functions.c
[63.251s] -- Installing: /home/agilex/limo_ros2_ws/src/install/orbbec_camera_msgs/include/orbbec_camera_msgs/srv/detail/set_string__functions.c
[63.252s] -- Installing: /home/agilex/limo_ros2_ws/src/install/orbbec_camera_msgs/include/orbbec_camera_msgs/srv/detail/set_string__type_support.h
[63.252s] -- Installing: /home/agilex/limo_ros2_ws/src/install/orbbec_camera_msgs/include/orbbec_camera_msgs/srv/detail/get_camera_info__type_support.h
[63.252s] -- Installing: /home/agilex/limo_ros2_ws/src/install/orbbec_camera_msgs/include/orbbec_camera_msgs/srv/detail/get_string__type_support.h
[63.252s] -- Installing: /home/agilex/limo_ros2_ws/src/install/orbbec_camera_msgs/include/orbbec_camera_msgs/srv/detail/set_int32__struct.h
[63.252s] -- Installing: /home/agilex/limo_ros2_ws/src/install/orbbec_camera_msgs/include/orbbec_camera_msgs/srv/detail/get_int32__functions.h
[63.252s] -- Installing: /home/agilex/limo_ros2_ws/src/install/orbbec_camera_msgs/include/orbbec_camera_msgs/srv/detail/get_camera_info__struct.h
[63.252s] -- Installing: /home/agilex/limo_ros2_ws/src/install/orbbec_camera_msgs/include/orbbec_camera_msgs/srv/detail/get_bool__type_support.h
[63.252s] -- Installing: /home/agilex/limo_ros2_ws/src/install/orbbec_camera_msgs/include/orbbec_camera_msgs/srv/detail/get_int32__type_support.h
[63.253s] -- Installing: /home/agilex/limo_ros2_ws/src/install/orbbec_camera_msgs/include/orbbec_camera_msgs/srv/detail/get_device_info__functions.h
[63.253s] -- Installing: /home/agilex/limo_ros2_ws/src/install/orbbec_camera_msgs/include/orbbec_camera_msgs/srv/detail/get_camera_info__functions.h
[63.255s] -- Installing: /home/agilex/limo_ros2_ws/src/install/orbbec_camera_msgs/include/orbbec_camera_msgs/srv/detail/get_device_info__functions.c
[63.255s] -- Installing: /home/agilex/limo_ros2_ws/src/install/orbbec_camera_msgs/include/orbbec_camera_msgs/srv/detail/set_string__functions.h
[63.255s] -- Installing: /home/agilex/limo_ros2_ws/src/install/orbbec_camera_msgs/include/orbbec_camera_msgs/srv/detail/get_device_info__struct.h
[63.256s] -- Installing: /home/agilex/limo_ros2_ws/src/install/orbbec_camera_msgs/include/orbbec_camera_msgs/srv/detail/get_string__functions.h
[63.256s] -- Installing: /home/agilex/limo_ros2_ws/src/install/orbbec_camera_msgs/include/orbbec_camera_msgs/srv/detail/set_int32__type_support.h
[63.256s] -- Installing: /home/agilex/limo_ros2_ws/src/install/orbbec_camera_msgs/include/orbbec_camera_msgs/srv/detail/get_bool__functions.h
[63.256s] -- Installing: /home/agilex/limo_ros2_ws/src/install/orbbec_camera_msgs/include/orbbec_camera_msgs/srv/detail/get_string__struct.h
[63.257s] -- Installing: /home/agilex/limo_ros2_ws/src/install/orbbec_camera_msgs/include/orbbec_camera_msgs/srv/detail/get_string__functions.c
[63.257s] -- Installing: /home/agilex/limo_ros2_ws/src/install/orbbec_camera_msgs/include/orbbec_camera_msgs/srv/detail/set_int32__functions.c
[63.257s] -- Installing: /home/agilex/limo_ros2_ws/src/install/orbbec_camera_msgs/include/orbbec_camera_msgs/srv/detail/get_bool__functions.c
[63.257s] -- Installing: /home/agilex/limo_ros2_ws/src/install/orbbec_camera_msgs/include/orbbec_camera_msgs/srv/detail/get_bool__struct.h
[63.259s] -- Installing: /home/agilex/limo_ros2_ws/src/install/orbbec_camera_msgs/include/orbbec_camera_msgs/srv/detail/set_string__struct.h
[63.260s] -- Installing: /home/agilex/limo_ros2_ws/src/install/orbbec_camera_msgs/include/orbbec_camera_msgs/srv/detail/get_int32__struct.h
[63.260s] -- Installing: /home/agilex/limo_ros2_ws/src/install/orbbec_camera_msgs/include/orbbec_camera_msgs/srv/detail/get_int32__functions.c
[63.261s] -- Installing: /home/agilex/limo_ros2_ws/src/install/orbbec_camera_msgs/include/orbbec_camera_msgs/srv/detail/set_int32__functions.h
[63.262s] -- Installing: /home/agilex/limo_ros2_ws/src/install/orbbec_camera_msgs/include/orbbec_camera_msgs/srv/get_device_info.h
[63.263s] -- Installing: /home/agilex/limo_ros2_ws/src/install/orbbec_camera_msgs/share/orbbec_camera_msgs/environment/library_path.sh
[63.263s] -- Installing: /home/agilex/limo_ros2_ws/src/install/orbbec_camera_msgs/share/orbbec_camera_msgs/environment/library_path.dsv
[63.263s] -- Installing: /home/agilex/limo_ros2_ws/src/install/orbbec_camera_msgs/lib/liborbbec_camera_msgs__rosidl_generator_c.so
[63.263s] -- Set runtime path of "/home/agilex/limo_ros2_ws/src/install/orbbec_camera_msgs/lib/liborbbec_camera_msgs__rosidl_generator_c.so" to ""
[63.263s] -- Up-to-date: /home/agilex/limo_ros2_ws/src/install/orbbec_camera_msgs/include/orbbec_camera_msgs
[63.263s] -- Up-to-date: /home/agilex/limo_ros2_ws/src/install/orbbec_camera_msgs/include/orbbec_camera_msgs/msg
[63.264s] -- Installing: /home/agilex/limo_ros2_ws/src/install/orbbec_camera_msgs/include/orbbec_camera_msgs/msg/rosidl_typesupport_fastrtps_c__visibility_control.h
[63.264s] -- Up-to-date: /home/agilex/limo_ros2_ws/src/install/orbbec_camera_msgs/include/orbbec_camera_msgs/msg/detail
[63.264s] -- Installing: /home/agilex/limo_ros2_ws/src/install/orbbec_camera_msgs/include/orbbec_camera_msgs/msg/detail/rgbd__rosidl_typesupport_fastrtps_c.h
[63.264s] -- Installing: /home/agilex/limo_ros2_ws/src/install/orbbec_camera_msgs/include/orbbec_camera_msgs/msg/detail/metadata__rosidl_typesupport_fastrtps_c.h
[63.264s] -- Installing: /home/agilex/limo_ros2_ws/src/install/orbbec_camera_msgs/include/orbbec_camera_msgs/msg/detail/extrinsics__rosidl_typesupport_fastrtps_c.h
[63.264s] -- Installing: /home/agilex/limo_ros2_ws/src/install/orbbec_camera_msgs/include/orbbec_camera_msgs/msg/detail/device_info__rosidl_typesupport_fastrtps_c.h
[63.267s] -- Installing: /home/agilex/limo_ros2_ws/src/install/orbbec_camera_msgs/include/orbbec_camera_msgs/msg/detail/imu_info__rosidl_typesupport_fastrtps_c.h
[63.267s] -- Up-to-date: /home/agilex/limo_ros2_ws/src/install/orbbec_camera_msgs/include/orbbec_camera_msgs/srv
[63.267s] -- Up-to-date: /home/agilex/limo_ros2_ws/src/install/orbbec_camera_msgs/include/orbbec_camera_msgs/srv/detail
[63.267s] -- Installing: /home/agilex/limo_ros2_ws/src/install/orbbec_camera_msgs/include/orbbec_camera_msgs/srv/detail/set_string__rosidl_typesupport_fastrtps_c.h
[63.267s] -- Installing: /home/agilex/limo_ros2_ws/src/install/orbbec_camera_msgs/include/orbbec_camera_msgs/srv/detail/get_camera_info__rosidl_typesupport_fastrtps_c.h
[63.268s] -- Installing: /home/agilex/limo_ros2_ws/src/install/orbbec_camera_msgs/include/orbbec_camera_msgs/srv/detail/get_int32__rosidl_typesupport_fastrtps_c.h
[63.269s] -- Installing: /home/agilex/limo_ros2_ws/src/install/orbbec_camera_msgs/include/orbbec_camera_msgs/srv/detail/get_bool__rosidl_typesupport_fastrtps_c.h
[63.270s] -- Installing: /home/agilex/limo_ros2_ws/src/install/orbbec_camera_msgs/include/orbbec_camera_msgs/srv/detail/set_int32__rosidl_typesupport_fastrtps_c.h
[63.270s] -- Installing: /home/agilex/limo_ros2_ws/src/install/orbbec_camera_msgs/include/orbbec_camera_msgs/srv/detail/get_string__rosidl_typesupport_fastrtps_c.h
[63.270s] -- Installing: /home/agilex/limo_ros2_ws/src/install/orbbec_camera_msgs/include/orbbec_camera_msgs/srv/detail/get_device_info__rosidl_typesupport_fastrtps_c.h
[63.270s] -- Installing: /home/agilex/limo_ros2_ws/src/install/orbbec_camera_msgs/lib/liborbbec_camera_msgs__rosidl_typesupport_fastrtps_c.so
[63.270s] -- Set runtime path of "/home/agilex/limo_ros2_ws/src/install/orbbec_camera_msgs/lib/liborbbec_camera_msgs__rosidl_typesupport_fastrtps_c.so" to ""
[63.271s] -- Up-to-date: /home/agilex/limo_ros2_ws/src/install/orbbec_camera_msgs/include/orbbec_camera_msgs
[63.271s] -- Up-to-date: /home/agilex/limo_ros2_ws/src/install/orbbec_camera_msgs/include/orbbec_camera_msgs/msg
[63.271s] -- Installing: /home/agilex/limo_ros2_ws/src/install/orbbec_camera_msgs/include/orbbec_camera_msgs/msg/rosidl_typesupport_fastrtps_cpp__visibility_control.h
[63.272s] -- Up-to-date: /home/agilex/limo_ros2_ws/src/install/orbbec_camera_msgs/include/orbbec_camera_msgs/msg/detail
[63.272s] -- Installing: /home/agilex/limo_ros2_ws/src/install/orbbec_camera_msgs/include/orbbec_camera_msgs/msg/detail/imu_info__rosidl_typesupport_fastrtps_cpp.hpp
[63.272s] -- Installing: /home/agilex/limo_ros2_ws/src/install/orbbec_camera_msgs/include/orbbec_camera_msgs/msg/detail/device_info__rosidl_typesupport_fastrtps_cpp.hpp
[63.272s] -- Installing: /home/agilex/limo_ros2_ws/src/install/orbbec_camera_msgs/include/orbbec_camera_msgs/msg/detail/dds_fastrtps
[63.273s] -- Installing: /home/agilex/limo_ros2_ws/src/install/orbbec_camera_msgs/include/orbbec_camera_msgs/msg/detail/metadata__rosidl_typesupport_fastrtps_cpp.hpp
[63.273s] -- Installing: /home/agilex/limo_ros2_ws/src/install/orbbec_camera_msgs/include/orbbec_camera_msgs/msg/detail/rgbd__rosidl_typesupport_fastrtps_cpp.hpp
[63.273s] -- Installing: /home/agilex/limo_ros2_ws/src/install/orbbec_camera_msgs/include/orbbec_camera_msgs/msg/detail/extrinsics__rosidl_typesupport_fastrtps_cpp.hpp
[63.273s] -- Up-to-date: /home/agilex/limo_ros2_ws/src/install/orbbec_camera_msgs/include/orbbec_camera_msgs/srv
[63.274s] -- Up-to-date: /home/agilex/limo_ros2_ws/src/install/orbbec_camera_msgs/include/orbbec_camera_msgs/srv/detail
[63.274s] -- Installing: /home/agilex/limo_ros2_ws/src/install/orbbec_camera_msgs/include/orbbec_camera_msgs/srv/detail/get_device_info__rosidl_typesupport_fastrtps_cpp.hpp
[63.275s] -- Installing: /home/agilex/limo_ros2_ws/src/install/orbbec_camera_msgs/include/orbbec_camera_msgs/srv/detail/dds_fastrtps
[63.275s] -- Installing: /home/agilex/limo_ros2_ws/src/install/orbbec_camera_msgs/include/orbbec_camera_msgs/srv/detail/get_string__rosidl_typesupport_fastrtps_cpp.hpp
[63.276s] -- Installing: /home/agilex/limo_ros2_ws/src/install/orbbec_camera_msgs/include/orbbec_camera_msgs/srv/detail/set_int32__rosidl_typesupport_fastrtps_cpp.hpp
[63.276s] -- Installing: /home/agilex/limo_ros2_ws/src/install/orbbec_camera_msgs/include/orbbec_camera_msgs/srv/detail/get_int32__rosidl_typesupport_fastrtps_cpp.hpp
[63.277s] -- Installing: /home/agilex/limo_ros2_ws/src/install/orbbec_camera_msgs/include/orbbec_camera_msgs/srv/detail/get_bool__rosidl_typesupport_fastrtps_cpp.hpp
[63.277s] -- Installing: /home/agilex/limo_ros2_ws/src/install/orbbec_camera_msgs/include/orbbec_camera_msgs/srv/detail/set_string__rosidl_typesupport_fastrtps_cpp.hpp
[63.277s] -- Installing: /home/agilex/limo_ros2_ws/src/install/orbbec_camera_msgs/include/orbbec_camera_msgs/srv/detail/get_camera_info__rosidl_typesupport_fastrtps_cpp.hpp
[63.277s] -- Installing: /home/agilex/limo_ros2_ws/src/install/orbbec_camera_msgs/lib/liborbbec_camera_msgs__rosidl_typesupport_fastrtps_cpp.so
[63.278s] -- Set runtime path of "/home/agilex/limo_ros2_ws/src/install/orbbec_camera_msgs/lib/liborbbec_camera_msgs__rosidl_typesupport_fastrtps_cpp.so" to ""
[63.279s] -- Up-to-date: /home/agilex/limo_ros2_ws/src/install/orbbec_camera_msgs/include/orbbec_camera_msgs
[63.279s] -- Up-to-date: /home/agilex/limo_ros2_ws/src/install/orbbec_camera_msgs/include/orbbec_camera_msgs/msg
[63.279s] -- Installing: /home/agilex/limo_ros2_ws/src/install/orbbec_camera_msgs/include/orbbec_camera_msgs/msg/rosidl_typesupport_introspection_c__visibility_control.h
[63.279s] -- Up-to-date: /home/agilex/limo_ros2_ws/src/install/orbbec_camera_msgs/include/orbbec_camera_msgs/msg/detail
[63.279s] -- Installing: /home/agilex/limo_ros2_ws/src/install/orbbec_camera_msgs/include/orbbec_camera_msgs/msg/detail/device_info__rosidl_typesupport_introspection_c.h
[63.279s] -- Installing: /home/agilex/limo_ros2_ws/src/install/orbbec_camera_msgs/include/orbbec_camera_msgs/msg/detail/imu_info__rosidl_typesupport_introspection_c.h
[63.279s] -- Installing: /home/agilex/limo_ros2_ws/src/install/orbbec_camera_msgs/include/orbbec_camera_msgs/msg/detail/imu_info__type_support.c
[63.280s] -- Installing: /home/agilex/limo_ros2_ws/src/install/orbbec_camera_msgs/include/orbbec_camera_msgs/msg/detail/rgbd__type_support.c
[63.281s] -- Installing: /home/agilex/limo_ros2_ws/src/install/orbbec_camera_msgs/include/orbbec_camera_msgs/msg/detail/metadata__type_support.c
[63.281s] -- Installing: /home/agilex/limo_ros2_ws/src/install/orbbec_camera_msgs/include/orbbec_camera_msgs/msg/detail/rgbd__rosidl_typesupport_introspection_c.h
[63.281s] -- Installing: /home/agilex/limo_ros2_ws/src/install/orbbec_camera_msgs/include/orbbec_camera_msgs/msg/detail/device_info__type_support.c
[63.281s] -- Installing: /home/agilex/limo_ros2_ws/src/install/orbbec_camera_msgs/include/orbbec_camera_msgs/msg/detail/extrinsics__type_support.c
[63.282s] -- Installing: /home/agilex/limo_ros2_ws/src/install/orbbec_camera_msgs/include/orbbec_camera_msgs/msg/detail/extrinsics__rosidl_typesupport_introspection_c.h
[63.282s] -- Installing: /home/agilex/limo_ros2_ws/src/install/orbbec_camera_msgs/include/orbbec_camera_msgs/msg/detail/metadata__rosidl_typesupport_introspection_c.h
[63.283s] -- Up-to-date: /home/agilex/limo_ros2_ws/src/install/orbbec_camera_msgs/include/orbbec_camera_msgs/srv
[63.283s] -- Up-to-date: /home/agilex/limo_ros2_ws/src/install/orbbec_camera_msgs/include/orbbec_camera_msgs/srv/detail
[63.283s] -- Installing: /home/agilex/limo_ros2_ws/src/install/orbbec_camera_msgs/include/orbbec_camera_msgs/srv/detail/get_camera_info__type_support.c
[63.283s] -- Installing: /home/agilex/limo_ros2_ws/src/install/orbbec_camera_msgs/include/orbbec_camera_msgs/srv/detail/get_bool__type_support.c
[63.283s] -- Installing: /home/agilex/limo_ros2_ws/src/install/orbbec_camera_msgs/include/orbbec_camera_msgs/srv/detail/set_int32__type_support.c
[63.284s] -- Installing: /home/agilex/limo_ros2_ws/src/install/orbbec_camera_msgs/include/orbbec_camera_msgs/srv/detail/set_int32__rosidl_typesupport_introspection_c.h
[63.284s] -- Installing: /home/agilex/limo_ros2_ws/src/install/orbbec_camera_msgs/include/orbbec_camera_msgs/srv/detail/get_bool__rosidl_typesupport_introspection_c.h
[63.285s] -- Installing: /home/agilex/limo_ros2_ws/src/install/orbbec_camera_msgs/include/orbbec_camera_msgs/srv/detail/get_device_info__rosidl_typesupport_introspection_c.h
[63.287s] -- Installing: /home/agilex/limo_ros2_ws/src/install/orbbec_camera_msgs/include/orbbec_camera_msgs/srv/detail/get_string__type_support.c
[63.288s] -- Installing: /home/agilex/limo_ros2_ws/src/install/orbbec_camera_msgs/include/orbbec_camera_msgs/srv/detail/set_string__type_support.c
[63.288s] -- Installing: /home/agilex/limo_ros2_ws/src/install/orbbec_camera_msgs/include/orbbec_camera_msgs/srv/detail/get_camera_info__rosidl_typesupport_introspection_c.h
[63.289s] -- Installing: /home/agilex/limo_ros2_ws/src/install/orbbec_camera_msgs/include/orbbec_camera_msgs/srv/detail/get_string__rosidl_typesupport_introspection_c.h
[63.289s] -- Installing: /home/agilex/limo_ros2_ws/src/install/orbbec_camera_msgs/include/orbbec_camera_msgs/srv/detail/get_int32__rosidl_typesupport_introspection_c.h
[63.289s] -- Installing: /home/agilex/limo_ros2_ws/src/install/orbbec_camera_msgs/include/orbbec_camera_msgs/srv/detail/get_device_info__type_support.c
[63.290s] -- Installing: /home/agilex/limo_ros2_ws/src/install/orbbec_camera_msgs/include/orbbec_camera_msgs/srv/detail/set_string__rosidl_typesupport_introspection_c.h
[63.290s] -- Installing: /home/agilex/limo_ros2_ws/src/install/orbbec_camera_msgs/include/orbbec_camera_msgs/srv/detail/get_int32__type_support.c
[63.291s] -- Installing: /home/agilex/limo_ros2_ws/src/install/orbbec_camera_msgs/lib/liborbbec_camera_msgs__rosidl_typesupport_introspection_c.so
[63.291s] -- Set runtime path of "/home/agilex/limo_ros2_ws/src/install/orbbec_camera_msgs/lib/liborbbec_camera_msgs__rosidl_typesupport_introspection_c.so" to ""
[63.292s] -- Installing: /home/agilex/limo_ros2_ws/src/install/orbbec_camera_msgs/lib/liborbbec_camera_msgs__rosidl_typesupport_c.so
[63.293s] -- Set runtime path of "/home/agilex/limo_ros2_ws/src/install/orbbec_camera_msgs/lib/liborbbec_camera_msgs__rosidl_typesupport_c.so" to ""
[63.293s] -- Up-to-date: /home/agilex/limo_ros2_ws/src/install/orbbec_camera_msgs/include/orbbec_camera_msgs
[63.296s] -- Up-to-date: /home/agilex/limo_ros2_ws/src/install/orbbec_camera_msgs/include/orbbec_camera_msgs/msg
[63.296s] -- Installing: /home/agilex/limo_ros2_ws/src/install/orbbec_camera_msgs/include/orbbec_camera_msgs/msg/device_info.hpp
[63.296s] -- Installing: /home/agilex/limo_ros2_ws/src/install/orbbec_camera_msgs/include/orbbec_camera_msgs/msg/rosidl_generator_cpp__visibility_control.hpp
[63.297s] -- Installing: /home/agilex/limo_ros2_ws/src/install/orbbec_camera_msgs/include/orbbec_camera_msgs/msg/metadata.hpp
[63.297s] -- Installing: /home/agilex/limo_ros2_ws/src/install/orbbec_camera_msgs/include/orbbec_camera_msgs/msg/imu_info.hpp
[63.298s] -- Up-to-date: /home/agilex/limo_ros2_ws/src/install/orbbec_camera_msgs/include/orbbec_camera_msgs/msg/detail
[63.299s] -- Installing: /home/agilex/limo_ros2_ws/src/install/orbbec_camera_msgs/include/orbbec_camera_msgs/msg/detail/extrinsics__struct.hpp
[63.299s] -- Installing: /home/agilex/limo_ros2_ws/src/install/orbbec_camera_msgs/include/orbbec_camera_msgs/msg/detail/device_info__type_support.hpp
[63.299s] -- Installing: /home/agilex/limo_ros2_ws/src/install/orbbec_camera_msgs/include/orbbec_camera_msgs/msg/detail/metadata__type_support.hpp
[63.299s] -- Installing: /home/agilex/limo_ros2_ws/src/install/orbbec_camera_msgs/include/orbbec_camera_msgs/msg/detail/imu_info__builder.hpp
[63.300s] -- Installing: /home/agilex/limo_ros2_ws/src/install/orbbec_camera_msgs/include/orbbec_camera_msgs/msg/detail/rgbd__builder.hpp
[63.300s] -- Installing: /home/agilex/limo_ros2_ws/src/install/orbbec_camera_msgs/include/orbbec_camera_msgs/msg/detail/rgbd__traits.hpp
[63.300s] -- Installing: /home/agilex/limo_ros2_ws/src/install/orbbec_camera_msgs/include/orbbec_camera_msgs/msg/detail/metadata__struct.hpp
[63.300s] -- Installing: /home/agilex/limo_ros2_ws/src/install/orbbec_camera_msgs/include/orbbec_camera_msgs/msg/detail/imu_info__struct.hpp
[63.300s] -- Installing: /home/agilex/limo_ros2_ws/src/install/orbbec_camera_msgs/include/orbbec_camera_msgs/msg/detail/extrinsics__traits.hpp
[63.301s] -- Installing: /home/agilex/limo_ros2_ws/src/install/orbbec_camera_msgs/include/orbbec_camera_msgs/msg/detail/imu_info__traits.hpp
[63.301s] -- Installing: /home/agilex/limo_ros2_ws/src/install/orbbec_camera_msgs/include/orbbec_camera_msgs/msg/detail/extrinsics__builder.hpp
[63.301s] -- Installing: /home/agilex/limo_ros2_ws/src/install/orbbec_camera_msgs/include/orbbec_camera_msgs/msg/detail/device_info__struct.hpp
[63.301s] -- Installing: /home/agilex/limo_ros2_ws/src/install/orbbec_camera_msgs/include/orbbec_camera_msgs/msg/detail/metadata__builder.hpp
[63.305s] -- Installing: /home/agilex/limo_ros2_ws/src/install/orbbec_camera_msgs/include/orbbec_camera_msgs/msg/detail/device_info__builder.hpp
[63.305s] -- Installing: /home/agilex/limo_ros2_ws/src/install/orbbec_camera_msgs/include/orbbec_camera_msgs/msg/detail/device_info__traits.hpp
[63.305s] -- Installing: /home/agilex/limo_ros2_ws/src/install/orbbec_camera_msgs/include/orbbec_camera_msgs/msg/detail/extrinsics__type_support.hpp
[63.305s] -- Installing: /home/agilex/limo_ros2_ws/src/install/orbbec_camera_msgs/include/orbbec_camera_msgs/msg/detail/rgbd__type_support.hpp
[63.305s] -- Installing: /home/agilex/limo_ros2_ws/src/install/orbbec_camera_msgs/include/orbbec_camera_msgs/msg/detail/rgbd__struct.hpp
[63.306s] -- Installing: /home/agilex/limo_ros2_ws/src/install/orbbec_camera_msgs/include/orbbec_camera_msgs/msg/detail/metadata__traits.hpp
[63.306s] -- Installing: /home/agilex/limo_ros2_ws/src/install/orbbec_camera_msgs/include/orbbec_camera_msgs/msg/detail/imu_info__type_support.hpp
[63.307s] -- Installing: /home/agilex/limo_ros2_ws/src/install/orbbec_camera_msgs/include/orbbec_camera_msgs/msg/extrinsics.hpp
[63.308s] -- Installing: /home/agilex/limo_ros2_ws/src/install/orbbec_camera_msgs/include/orbbec_camera_msgs/msg/rgbd.hpp
[63.309s] -- Up-to-date: /home/agilex/limo_ros2_ws/src/install/orbbec_camera_msgs/include/orbbec_camera_msgs/srv
[63.309s] -- Installing: /home/agilex/limo_ros2_ws/src/install/orbbec_camera_msgs/include/orbbec_camera_msgs/srv/set_int32.hpp
[63.309s] -- Installing: /home/agilex/limo_ros2_ws/src/install/orbbec_camera_msgs/include/orbbec_camera_msgs/srv/set_string.hpp
[63.310s] -- Installing: /home/agilex/limo_ros2_ws/src/install/orbbec_camera_msgs/include/orbbec_camera_msgs/srv/get_string.hpp
[63.310s] -- Installing: /home/agilex/limo_ros2_ws/src/install/orbbec_camera_msgs/include/orbbec_camera_msgs/srv/get_int32.hpp
[63.310s] -- Up-to-date: /home/agilex/limo_ros2_ws/src/install/orbbec_camera_msgs/include/orbbec_camera_msgs/srv/detail
[63.310s] -- Installing: /home/agilex/limo_ros2_ws/src/install/orbbec_camera_msgs/include/orbbec_camera_msgs/srv/detail/set_int32__traits.hpp
[63.310s] -- Installing: /home/agilex/limo_ros2_ws/src/install/orbbec_camera_msgs/include/orbbec_camera_msgs/srv/detail/get_device_info__struct.hpp
[63.310s] -- Installing: /home/agilex/limo_ros2_ws/src/install/orbbec_camera_msgs/include/orbbec_camera_msgs/srv/detail/get_device_info__builder.hpp
[63.310s] -- Installing: /home/agilex/limo_ros2_ws/src/install/orbbec_camera_msgs/include/orbbec_camera_msgs/srv/detail/get_camera_info__traits.hpp
[63.311s] -- Installing: /home/agilex/limo_ros2_ws/src/install/orbbec_camera_msgs/include/orbbec_camera_msgs/srv/detail/get_string__builder.hpp
[63.311s] -- Installing: /home/agilex/limo_ros2_ws/src/install/orbbec_camera_msgs/include/orbbec_camera_msgs/srv/detail/get_int32__struct.hpp
[63.311s] -- Installing: /home/agilex/limo_ros2_ws/src/install/orbbec_camera_msgs/include/orbbec_camera_msgs/srv/detail/get_string__struct.hpp
[63.311s] -- Installing: /home/agilex/limo_ros2_ws/src/install/orbbec_camera_msgs/include/orbbec_camera_msgs/srv/detail/set_string__struct.hpp
[63.312s] -- Installing: /home/agilex/limo_ros2_ws/src/install/orbbec_camera_msgs/include/orbbec_camera_msgs/srv/detail/set_string__type_support.hpp
[63.313s] -- Installing: /home/agilex/limo_ros2_ws/src/install/orbbec_camera_msgs/include/orbbec_camera_msgs/srv/detail/get_camera_info__struct.hpp
[63.313s] -- Installing: /home/agilex/limo_ros2_ws/src/install/orbbec_camera_msgs/include/orbbec_camera_msgs/srv/detail/get_camera_info__type_support.hpp
[63.314s] -- Installing: /home/agilex/limo_ros2_ws/src/install/orbbec_camera_msgs/include/orbbec_camera_msgs/srv/detail/get_int32__type_support.hpp
[63.314s] -- Installing: /home/agilex/limo_ros2_ws/src/install/orbbec_camera_msgs/include/orbbec_camera_msgs/srv/detail/get_int32__builder.hpp
[63.314s] -- Installing: /home/agilex/limo_ros2_ws/src/install/orbbec_camera_msgs/include/orbbec_camera_msgs/srv/detail/get_device_info__type_support.hpp
[63.314s] -- Installing: /home/agilex/limo_ros2_ws/src/install/orbbec_camera_msgs/include/orbbec_camera_msgs/srv/detail/get_bool__builder.hpp
[63.314s] -- Installing: /home/agilex/limo_ros2_ws/src/install/orbbec_camera_msgs/include/orbbec_camera_msgs/srv/detail/get_int32__traits.hpp
[63.315s] -- Installing: /home/agilex/limo_ros2_ws/src/install/orbbec_camera_msgs/include/orbbec_camera_msgs/srv/detail/get_bool__struct.hpp
[63.315s] -- Installing: /home/agilex/limo_ros2_ws/src/install/orbbec_camera_msgs/include/orbbec_camera_msgs/srv/detail/get_string__type_support.hpp
[63.316s] -- Installing: /home/agilex/limo_ros2_ws/src/install/orbbec_camera_msgs/include/orbbec_camera_msgs/srv/detail/set_int32__builder.hpp
[63.316s] -- Installing: /home/agilex/limo_ros2_ws/src/install/orbbec_camera_msgs/include/orbbec_camera_msgs/srv/detail/get_bool__traits.hpp
[63.316s] -- Installing: /home/agilex/limo_ros2_ws/src/install/orbbec_camera_msgs/include/orbbec_camera_msgs/srv/detail/set_string__builder.hpp
[63.316s] -- Installing: /home/agilex/limo_ros2_ws/src/install/orbbec_camera_msgs/include/orbbec_camera_msgs/srv/detail/set_string__traits.hpp
[63.316s] -- Installing: /home/agilex/limo_ros2_ws/src/install/orbbec_camera_msgs/include/orbbec_camera_msgs/srv/detail/get_device_info__traits.hpp
[63.316s] -- Installing: /home/agilex/limo_ros2_ws/src/install/orbbec_camera_msgs/include/orbbec_camera_msgs/srv/detail/set_int32__type_support.hpp
[63.316s] -- Installing: /home/agilex/limo_ros2_ws/src/install/orbbec_camera_msgs/include/orbbec_camera_msgs/srv/detail/get_string__traits.hpp
[63.316s] -- Installing: /home/agilex/limo_ros2_ws/src/install/orbbec_camera_msgs/include/orbbec_camera_msgs/srv/detail/get_camera_info__builder.hpp
[63.317s] -- Installing: /home/agilex/limo_ros2_ws/src/install/orbbec_camera_msgs/include/orbbec_camera_msgs/srv/detail/set_int32__struct.hpp
[63.317s] -- Installing: /home/agilex/limo_ros2_ws/src/install/orbbec_camera_msgs/include/orbbec_camera_msgs/srv/detail/get_bool__type_support.hpp
[63.317s] -- Installing: /home/agilex/limo_ros2_ws/src/install/orbbec_camera_msgs/include/orbbec_camera_msgs/srv/get_device_info.hpp
[63.317s] -- Installing: /home/agilex/limo_ros2_ws/src/install/orbbec_camera_msgs/include/orbbec_camera_msgs/srv/get_camera_info.hpp
[63.317s] -- Installing: /home/agilex/limo_ros2_ws/src/install/orbbec_camera_msgs/include/orbbec_camera_msgs/srv/get_bool.hpp
[63.317s] -- Up-to-date: /home/agilex/limo_ros2_ws/src/install/orbbec_camera_msgs/include/orbbec_camera_msgs
[63.317s] -- Up-to-date: /home/agilex/limo_ros2_ws/src/install/orbbec_camera_msgs/include/orbbec_camera_msgs/msg
[63.317s] -- Up-to-date: /home/agilex/limo_ros2_ws/src/install/orbbec_camera_msgs/include/orbbec_camera_msgs/msg/detail
[63.318s] -- Installing: /home/agilex/limo_ros2_ws/src/install/orbbec_camera_msgs/include/orbbec_camera_msgs/msg/detail/extrinsics__type_support.cpp
[63.318s] -- Installing: /home/agilex/limo_ros2_ws/src/install/orbbec_camera_msgs/include/orbbec_camera_msgs/msg/detail/metadata__rosidl_typesupport_introspection_cpp.hpp
[63.318s] -- Installing: /home/agilex/limo_ros2_ws/src/install/orbbec_camera_msgs/include/orbbec_camera_msgs/msg/detail/device_info__rosidl_typesupport_introspection_cpp.hpp
[63.318s] -- Installing: /home/agilex/limo_ros2_ws/src/install/orbbec_camera_msgs/include/orbbec_camera_msgs/msg/detail/rgbd__rosidl_typesupport_introspection_cpp.hpp
[63.318s] -- Installing: /home/agilex/limo_ros2_ws/src/install/orbbec_camera_msgs/include/orbbec_camera_msgs/msg/detail/rgbd__type_support.cpp
[63.318s] -- Installing: /home/agilex/limo_ros2_ws/src/install/orbbec_camera_msgs/include/orbbec_camera_msgs/msg/detail/extrinsics__rosidl_typesupport_introspection_cpp.hpp
[63.319s] -- Installing: /home/agilex/limo_ros2_ws/src/install/orbbec_camera_msgs/include/orbbec_camera_msgs/msg/detail/imu_info__rosidl_typesupport_introspection_cpp.hpp
[63.319s] -- Installing: /home/agilex/limo_ros2_ws/src/install/orbbec_camera_msgs/include/orbbec_camera_msgs/msg/detail/metadata__type_support.cpp
[63.319s] -- Installing: /home/agilex/limo_ros2_ws/src/install/orbbec_camera_msgs/include/orbbec_camera_msgs/msg/detail/device_info__type_support.cpp
[63.319s] -- Installing: /home/agilex/limo_ros2_ws/src/install/orbbec_camera_msgs/include/orbbec_camera_msgs/msg/detail/imu_info__type_support.cpp
[63.319s] -- Up-to-date: /home/agilex/limo_ros2_ws/src/install/orbbec_camera_msgs/include/orbbec_camera_msgs/srv
[63.319s] -- Up-to-date: /home/agilex/limo_ros2_ws/src/install/orbbec_camera_msgs/include/orbbec_camera_msgs/srv/detail
[63.319s] -- Installing: /home/agilex/limo_ros2_ws/src/install/orbbec_camera_msgs/include/orbbec_camera_msgs/srv/detail/set_int32__rosidl_typesupport_introspection_cpp.hpp
[63.319s] -- Installing: /home/agilex/limo_ros2_ws/src/install/orbbec_camera_msgs/include/orbbec_camera_msgs/srv/detail/get_int32__rosidl_typesupport_introspection_cpp.hpp
[63.320s] -- Installing: /home/agilex/limo_ros2_ws/src/install/orbbec_camera_msgs/include/orbbec_camera_msgs/srv/detail/get_device_info__rosidl_typesupport_introspection_cpp.hpp
[63.320s] -- Installing: /home/agilex/limo_ros2_ws/src/install/orbbec_camera_msgs/include/orbbec_camera_msgs/srv/detail/set_string__type_support.cpp
[63.320s] -- Installing: /home/agilex/limo_ros2_ws/src/install/orbbec_camera_msgs/include/orbbec_camera_msgs/srv/detail/get_camera_info__type_support.cpp
[63.320s] -- Installing: /home/agilex/limo_ros2_ws/src/install/orbbec_camera_msgs/include/orbbec_camera_msgs/srv/detail/get_string__type_support.cpp
[63.320s] -- Installing: /home/agilex/limo_ros2_ws/src/install/orbbec_camera_msgs/include/orbbec_camera_msgs/srv/detail/get_camera_info__rosidl_typesupport_introspection_cpp.hpp
[63.320s] -- Installing: /home/agilex/limo_ros2_ws/src/install/orbbec_camera_msgs/include/orbbec_camera_msgs/srv/detail/get_device_info__type_support.cpp
[63.320s] -- Installing: /home/agilex/limo_ros2_ws/src/install/orbbec_camera_msgs/include/orbbec_camera_msgs/srv/detail/get_bool__rosidl_typesupport_introspection_cpp.hpp
[63.321s] -- Installing: /home/agilex/limo_ros2_ws/src/install/orbbec_camera_msgs/include/orbbec_camera_msgs/srv/detail/set_int32__type_support.cpp
[63.321s] -- Installing: /home/agilex/limo_ros2_ws/src/install/orbbec_camera_msgs/include/orbbec_camera_msgs/srv/detail/get_string__rosidl_typesupport_introspection_cpp.hpp
[63.321s] -- Installing: /home/agilex/limo_ros2_ws/src/install/orbbec_camera_msgs/include/orbbec_camera_msgs/srv/detail/set_string__rosidl_typesupport_introspection_cpp.hpp
[63.321s] -- Installing: /home/agilex/limo_ros2_ws/src/install/orbbec_camera_msgs/include/orbbec_camera_msgs/srv/detail/get_int32__type_support.cpp
[63.321s] -- Installing: /home/agilex/limo_ros2_ws/src/install/orbbec_camera_msgs/include/orbbec_camera_msgs/srv/detail/get_bool__type_support.cpp
[63.321s] -- Installing: /home/agilex/limo_ros2_ws/src/install/orbbec_camera_msgs/lib/liborbbec_camera_msgs__rosidl_typesupport_introspection_cpp.so
[63.321s] -- Set runtime path of "/home/agilex/limo_ros2_ws/src/install/orbbec_camera_msgs/lib/liborbbec_camera_msgs__rosidl_typesupport_introspection_cpp.so" to ""
[63.321s] -- Installing: /home/agilex/limo_ros2_ws/src/install/orbbec_camera_msgs/lib/liborbbec_camera_msgs__rosidl_typesupport_cpp.so
[63.322s] -- Set runtime path of "/home/agilex/limo_ros2_ws/src/install/orbbec_camera_msgs/lib/liborbbec_camera_msgs__rosidl_typesupport_cpp.so" to ""
[63.322s] -- Installing: /home/agilex/limo_ros2_ws/src/install/orbbec_camera_msgs/share/orbbec_camera_msgs/environment/pythonpath.sh
[63.322s] -- Installing: /home/agilex/limo_ros2_ws/src/install/orbbec_camera_msgs/share/orbbec_camera_msgs/environment/pythonpath.dsv
[63.323s] -- Installing: /home/agilex/limo_ros2_ws/src/install/orbbec_camera_msgs/lib/python3.8/site-packages/orbbec_camera_msgs/__init__.py
[63.409s] Compiling '/home/agilex/limo_ros2_ws/src/install/orbbec_camera_msgs/lib/python3.8/site-packages/orbbec_camera_msgs/__init__.py'...
[63.423s] -- Installing: /home/agilex/limo_ros2_ws/src/install/orbbec_camera_msgs/lib/python3.8/site-packages/orbbec_camera_msgs/msg
[63.424s] -- Installing: /home/agilex/limo_ros2_ws/src/install/orbbec_camera_msgs/lib/python3.8/site-packages/orbbec_camera_msgs/msg/_rgbd_s.c
[63.424s] -- Installing: /home/agilex/limo_ros2_ws/src/install/orbbec_camera_msgs/lib/python3.8/site-packages/orbbec_camera_msgs/msg/_extrinsics.py
[63.424s] -- Installing: /home/agilex/limo_ros2_ws/src/install/orbbec_camera_msgs/lib/python3.8/site-packages/orbbec_camera_msgs/msg/_device_info_s.c
[63.431s] -- Installing: /home/agilex/limo_ros2_ws/src/install/orbbec_camera_msgs/lib/python3.8/site-packages/orbbec_camera_msgs/msg/_imu_info_s.c
[63.431s] -- Installing: /home/agilex/limo_ros2_ws/src/install/orbbec_camera_msgs/lib/python3.8/site-packages/orbbec_camera_msgs/msg/__init__.py
[63.431s] -- Installing: /home/agilex/limo_ros2_ws/src/install/orbbec_camera_msgs/lib/python3.8/site-packages/orbbec_camera_msgs/msg/_metadata_s.c
[63.431s] -- Installing: /home/agilex/limo_ros2_ws/src/install/orbbec_camera_msgs/lib/python3.8/site-packages/orbbec_camera_msgs/msg/_device_info.py
[63.431s] -- Installing: /home/agilex/limo_ros2_ws/src/install/orbbec_camera_msgs/lib/python3.8/site-packages/orbbec_camera_msgs/msg/_metadata.py
[63.432s] -- Installing: /home/agilex/limo_ros2_ws/src/install/orbbec_camera_msgs/lib/python3.8/site-packages/orbbec_camera_msgs/msg/_extrinsics_s.c
[63.432s] -- Installing: /home/agilex/limo_ros2_ws/src/install/orbbec_camera_msgs/lib/python3.8/site-packages/orbbec_camera_msgs/msg/_rgbd.py
[63.432s] -- Installing: /home/agilex/limo_ros2_ws/src/install/orbbec_camera_msgs/lib/python3.8/site-packages/orbbec_camera_msgs/msg/_imu_info.py
[63.432s] -- Installing: /home/agilex/limo_ros2_ws/src/install/orbbec_camera_msgs/lib/python3.8/site-packages/orbbec_camera_msgs/srv
[63.432s] -- Installing: /home/agilex/limo_ros2_ws/src/install/orbbec_camera_msgs/lib/python3.8/site-packages/orbbec_camera_msgs/srv/_set_string_s.c
[63.433s] -- Installing: /home/agilex/limo_ros2_ws/src/install/orbbec_camera_msgs/lib/python3.8/site-packages/orbbec_camera_msgs/srv/_get_int32_s.c
[63.433s] -- Installing: /home/agilex/limo_ros2_ws/src/install/orbbec_camera_msgs/lib/python3.8/site-packages/orbbec_camera_msgs/srv/_get_device_info.py
[63.433s] -- Installing: /home/agilex/limo_ros2_ws/src/install/orbbec_camera_msgs/lib/python3.8/site-packages/orbbec_camera_msgs/srv/_get_string_s.c
[63.433s] -- Installing: /home/agilex/limo_ros2_ws/src/install/orbbec_camera_msgs/lib/python3.8/site-packages/orbbec_camera_msgs/srv/_set_string.py
[63.433s] -- Installing: /home/agilex/limo_ros2_ws/src/install/orbbec_camera_msgs/lib/python3.8/site-packages/orbbec_camera_msgs/srv/_get_camera_info.py
[63.433s] -- Installing: /home/agilex/limo_ros2_ws/src/install/orbbec_camera_msgs/lib/python3.8/site-packages/orbbec_camera_msgs/srv/_get_device_info_s.c
[63.433s] -- Installing: /home/agilex/limo_ros2_ws/src/install/orbbec_camera_msgs/lib/python3.8/site-packages/orbbec_camera_msgs/srv/_get_bool.py
[63.433s] -- Installing: /home/agilex/limo_ros2_ws/src/install/orbbec_camera_msgs/lib/python3.8/site-packages/orbbec_camera_msgs/srv/_get_int32.py
[63.434s] -- Installing: /home/agilex/limo_ros2_ws/src/install/orbbec_camera_msgs/lib/python3.8/site-packages/orbbec_camera_msgs/srv/__init__.py
[63.434s] -- Installing: /home/agilex/limo_ros2_ws/src/install/orbbec_camera_msgs/lib/python3.8/site-packages/orbbec_camera_msgs/srv/_get_bool_s.c
[63.434s] -- Installing: /home/agilex/limo_ros2_ws/src/install/orbbec_camera_msgs/lib/python3.8/site-packages/orbbec_camera_msgs/srv/_get_camera_info_s.c
[63.434s] -- Installing: /home/agilex/limo_ros2_ws/src/install/orbbec_camera_msgs/lib/python3.8/site-packages/orbbec_camera_msgs/srv/_set_int32.py
[63.434s] -- Installing: /home/agilex/limo_ros2_ws/src/install/orbbec_camera_msgs/lib/python3.8/site-packages/orbbec_camera_msgs/srv/_get_string.py
[63.435s] -- Installing: /home/agilex/limo_ros2_ws/src/install/orbbec_camera_msgs/lib/python3.8/site-packages/orbbec_camera_msgs/srv/_set_int32_s.c
[63.435s] -- Installing: /home/agilex/limo_ros2_ws/src/install/orbbec_camera_msgs/lib/python3.8/site-packages/orbbec_camera_msgs/orbbec_camera_msgs_s__rosidl_typesupport_fastrtps_c.cpython-38-aarch64-linux-gnu.so
[63.435s] -- Set runtime path of "/home/agilex/limo_ros2_ws/src/install/orbbec_camera_msgs/lib/python3.8/site-packages/orbbec_camera_msgs/orbbec_camera_msgs_s__rosidl_typesupport_fastrtps_c.cpython-38-aarch64-linux-gnu.so" to ""
[63.435s] -- Installing: /home/agilex/limo_ros2_ws/src/install/orbbec_camera_msgs/lib/python3.8/site-packages/orbbec_camera_msgs/orbbec_camera_msgs_s__rosidl_typesupport_introspection_c.cpython-38-aarch64-linux-gnu.so
[63.435s] -- Set runtime path of "/home/agilex/limo_ros2_ws/src/install/orbbec_camera_msgs/lib/python3.8/site-packages/orbbec_camera_msgs/orbbec_camera_msgs_s__rosidl_typesupport_introspection_c.cpython-38-aarch64-linux-gnu.so" to ""
[63.435s] -- Installing: /home/agilex/limo_ros2_ws/src/install/orbbec_camera_msgs/lib/python3.8/site-packages/orbbec_camera_msgs/orbbec_camera_msgs_s__rosidl_typesupport_c.cpython-38-aarch64-linux-gnu.so
[63.436s] -- Set runtime path of "/home/agilex/limo_ros2_ws/src/install/orbbec_camera_msgs/lib/python3.8/site-packages/orbbec_camera_msgs/orbbec_camera_msgs_s__rosidl_typesupport_c.cpython-38-aarch64-linux-gnu.so" to ""
[63.437s] -- Installing: /home/agilex/limo_ros2_ws/src/install/orbbec_camera_msgs/lib/liborbbec_camera_msgs__python.so
[63.438s] -- Set runtime path of "/home/agilex/limo_ros2_ws/src/install/orbbec_camera_msgs/lib/liborbbec_camera_msgs__python.so" to ""
[63.438s] -- Installing: /home/agilex/limo_ros2_ws/src/install/orbbec_camera_msgs/share/orbbec_camera_msgs/msg/DeviceInfo.idl
[63.439s] -- Installing: /home/agilex/limo_ros2_ws/src/install/orbbec_camera_msgs/share/orbbec_camera_msgs/msg/Extrinsics.idl
[63.439s] -- Installing: /home/agilex/limo_ros2_ws/src/install/orbbec_camera_msgs/share/orbbec_camera_msgs/msg/Metadata.idl
[63.440s] -- Installing: /home/agilex/limo_ros2_ws/src/install/orbbec_camera_msgs/share/orbbec_camera_msgs/msg/IMUInfo.idl
[63.440s] -- Installing: /home/agilex/limo_ros2_ws/src/install/orbbec_camera_msgs/share/orbbec_camera_msgs/msg/RGBD.idl
[63.441s] -- Installing: /home/agilex/limo_ros2_ws/src/install/orbbec_camera_msgs/share/orbbec_camera_msgs/srv/GetBool.idl
[63.442s] -- Installing: /home/agilex/limo_ros2_ws/src/install/orbbec_camera_msgs/share/orbbec_camera_msgs/srv/GetDeviceInfo.idl
[63.442s] -- Installing: /home/agilex/limo_ros2_ws/src/install/orbbec_camera_msgs/share/orbbec_camera_msgs/srv/GetCameraInfo.idl
[63.443s] -- Installing: /home/agilex/limo_ros2_ws/src/install/orbbec_camera_msgs/share/orbbec_camera_msgs/srv/GetInt32.idl
[63.443s] -- Installing: /home/agilex/limo_ros2_ws/src/install/orbbec_camera_msgs/share/orbbec_camera_msgs/srv/GetString.idl
[63.444s] -- Installing: /home/agilex/limo_ros2_ws/src/install/orbbec_camera_msgs/share/orbbec_camera_msgs/srv/SetInt32.idl
[63.445s] -- Installing: /home/agilex/limo_ros2_ws/src/install/orbbec_camera_msgs/share/orbbec_camera_msgs/srv/SetString.idl
[63.445s] -- Installing: /home/agilex/limo_ros2_ws/src/install/orbbec_camera_msgs/share/orbbec_camera_msgs/msg/DeviceInfo.msg
[63.446s] -- Installing: /home/agilex/limo_ros2_ws/src/install/orbbec_camera_msgs/share/orbbec_camera_msgs/msg/Extrinsics.msg
[63.447s] -- Installing: /home/agilex/limo_ros2_ws/src/install/orbbec_camera_msgs/share/orbbec_camera_msgs/msg/Metadata.msg
[63.447s] -- Installing: /home/agilex/limo_ros2_ws/src/install/orbbec_camera_msgs/share/orbbec_camera_msgs/msg/IMUInfo.msg
[63.448s] -- Installing: /home/agilex/limo_ros2_ws/src/install/orbbec_camera_msgs/share/orbbec_camera_msgs/msg/RGBD.msg
[63.448s] -- Installing: /home/agilex/limo_ros2_ws/src/install/orbbec_camera_msgs/share/orbbec_camera_msgs/srv/GetBool.srv
[63.449s] -- Installing: /home/agilex/limo_ros2_ws/src/install/orbbec_camera_msgs/share/orbbec_camera_msgs/srv/GetBool_Request.msg
[63.449s] -- Installing: /home/agilex/limo_ros2_ws/src/install/orbbec_camera_msgs/share/orbbec_camera_msgs/srv/GetBool_Response.msg
[63.450s] -- Installing: /home/agilex/limo_ros2_ws/src/install/orbbec_camera_msgs/share/orbbec_camera_msgs/srv/GetDeviceInfo.srv
[63.451s] -- Installing: /home/agilex/limo_ros2_ws/src/install/orbbec_camera_msgs/share/orbbec_camera_msgs/srv/GetDeviceInfo_Request.msg
[63.451s] -- Installing: /home/agilex/limo_ros2_ws/src/install/orbbec_camera_msgs/share/orbbec_camera_msgs/srv/GetDeviceInfo_Response.msg
[63.452s] -- Installing: /home/agilex/limo_ros2_ws/src/install/orbbec_camera_msgs/share/orbbec_camera_msgs/srv/GetCameraInfo.srv
[63.452s] -- Installing: /home/agilex/limo_ros2_ws/src/install/orbbec_camera_msgs/share/orbbec_camera_msgs/srv/GetCameraInfo_Request.msg
[63.453s] -- Installing: /home/agilex/limo_ros2_ws/src/install/orbbec_camera_msgs/share/orbbec_camera_msgs/srv/GetCameraInfo_Response.msg
[63.454s] -- Installing: /home/agilex/limo_ros2_ws/src/install/orbbec_camera_msgs/share/orbbec_camera_msgs/srv/GetInt32.srv
[63.454s] -- Installing: /home/agilex/limo_ros2_ws/src/install/orbbec_camera_msgs/share/orbbec_camera_msgs/srv/GetInt32_Request.msg
[63.455s] -- Installing: /home/agilex/limo_ros2_ws/src/install/orbbec_camera_msgs/share/orbbec_camera_msgs/srv/GetInt32_Response.msg
[63.455s] -- Installing: /home/agilex/limo_ros2_ws/src/install/orbbec_camera_msgs/share/orbbec_camera_msgs/srv/GetString.srv
[63.456s] -- Installing: /home/agilex/limo_ros2_ws/src/install/orbbec_camera_msgs/share/orbbec_camera_msgs/srv/GetString_Request.msg
[63.457s] -- Installing: /home/agilex/limo_ros2_ws/src/install/orbbec_camera_msgs/share/orbbec_camera_msgs/srv/GetString_Response.msg
[63.457s] -- Installing: /home/agilex/limo_ros2_ws/src/install/orbbec_camera_msgs/share/orbbec_camera_msgs/srv/SetInt32.srv
[63.458s] -- Installing: /home/agilex/limo_ros2_ws/src/install/orbbec_camera_msgs/share/orbbec_camera_msgs/srv/SetInt32_Request.msg
[63.458s] -- Installing: /home/agilex/limo_ros2_ws/src/install/orbbec_camera_msgs/share/orbbec_camera_msgs/srv/SetInt32_Response.msg
[63.459s] -- Installing: /home/agilex/limo_ros2_ws/src/install/orbbec_camera_msgs/share/orbbec_camera_msgs/srv/SetString.srv
[63.460s] -- Installing: /home/agilex/limo_ros2_ws/src/install/orbbec_camera_msgs/share/orbbec_camera_msgs/srv/SetString_Request.msg
[63.460s] -- Installing: /home/agilex/limo_ros2_ws/src/install/orbbec_camera_msgs/share/orbbec_camera_msgs/srv/SetString_Response.msg
[63.461s] -- Installing: /home/agilex/limo_ros2_ws/src/install/orbbec_camera_msgs/share/ament_index/resource_index/package_run_dependencies/orbbec_camera_msgs
[63.461s] -- Installing: /home/agilex/limo_ros2_ws/src/install/orbbec_camera_msgs/share/ament_index/resource_index/parent_prefix_path/orbbec_camera_msgs
[63.462s] -- Installing: /home/agilex/limo_ros2_ws/src/install/orbbec_camera_msgs/share/orbbec_camera_msgs/environment/ament_prefix_path.sh
[63.463s] -- Installing: /home/agilex/limo_ros2_ws/src/install/orbbec_camera_msgs/share/orbbec_camera_msgs/environment/ament_prefix_path.dsv
[63.463s] -- Installing: /home/agilex/limo_ros2_ws/src/install/orbbec_camera_msgs/share/orbbec_camera_msgs/environment/path.sh
[63.464s] -- Installing: /home/agilex/limo_ros2_ws/src/install/orbbec_camera_msgs/share/orbbec_camera_msgs/environment/path.dsv
[63.465s] -- Installing: /home/agilex/limo_ros2_ws/src/install/orbbec_camera_msgs/share/orbbec_camera_msgs/local_setup.bash
[63.465s] -- Installing: /home/agilex/limo_ros2_ws/src/install/orbbec_camera_msgs/share/orbbec_camera_msgs/local_setup.sh
[63.466s] -- Installing: /home/agilex/limo_ros2_ws/src/install/orbbec_camera_msgs/share/orbbec_camera_msgs/local_setup.zsh
[63.467s] -- Installing: /home/agilex/limo_ros2_ws/src/install/orbbec_camera_msgs/share/orbbec_camera_msgs/local_setup.dsv
[63.467s] -- Installing: /home/agilex/limo_ros2_ws/src/install/orbbec_camera_msgs/share/orbbec_camera_msgs/package.dsv
[63.468s] -- Installing: /home/agilex/limo_ros2_ws/src/install/orbbec_camera_msgs/share/ament_index/resource_index/packages/orbbec_camera_msgs
[63.469s] -- Installing: /home/agilex/limo_ros2_ws/src/install/orbbec_camera_msgs/share/orbbec_camera_msgs/cmake/orbbec_camera_msgs__rosidl_generator_cExport.cmake
[63.469s] -- Installing: /home/agilex/limo_ros2_ws/src/install/orbbec_camera_msgs/share/orbbec_camera_msgs/cmake/orbbec_camera_msgs__rosidl_generator_cExport-release.cmake
[63.470s] -- Installing: /home/agilex/limo_ros2_ws/src/install/orbbec_camera_msgs/share/orbbec_camera_msgs/cmake/orbbec_camera_msgs__rosidl_typesupport_introspection_cExport.cmake
[63.471s] -- Installing: /home/agilex/limo_ros2_ws/src/install/orbbec_camera_msgs/share/orbbec_camera_msgs/cmake/orbbec_camera_msgs__rosidl_typesupport_introspection_cExport-release.cmake
[63.471s] -- Installing: /home/agilex/limo_ros2_ws/src/install/orbbec_camera_msgs/share/orbbec_camera_msgs/cmake/orbbec_camera_msgs__rosidl_typesupport_cExport.cmake
[63.472s] -- Installing: /home/agilex/limo_ros2_ws/src/install/orbbec_camera_msgs/share/orbbec_camera_msgs/cmake/orbbec_camera_msgs__rosidl_typesupport_cExport-release.cmake
[63.473s] -- Installing: /home/agilex/limo_ros2_ws/src/install/orbbec_camera_msgs/share/orbbec_camera_msgs/cmake/orbbec_camera_msgs__rosidl_generator_cppExport.cmake
[63.474s] -- Installing: /home/agilex/limo_ros2_ws/src/install/orbbec_camera_msgs/share/orbbec_camera_msgs/cmake/orbbec_camera_msgs__rosidl_typesupport_introspection_cppExport.cmake
[63.474s] -- Installing: /home/agilex/limo_ros2_ws/src/install/orbbec_camera_msgs/share/orbbec_camera_msgs/cmake/orbbec_camera_msgs__rosidl_typesupport_introspection_cppExport-release.cmake
[63.475s] -- Installing: /home/agilex/limo_ros2_ws/src/install/orbbec_camera_msgs/share/orbbec_camera_msgs/cmake/orbbec_camera_msgs__rosidl_typesupport_cppExport.cmake
[63.476s] -- Installing: /home/agilex/limo_ros2_ws/src/install/orbbec_camera_msgs/share/orbbec_camera_msgs/cmake/orbbec_camera_msgs__rosidl_typesupport_cppExport-release.cmake
[63.476s] -- Installing: /home/agilex/limo_ros2_ws/src/install/orbbec_camera_msgs/share/orbbec_camera_msgs/cmake/rosidl_cmake-extras.cmake
[63.477s] -- Installing: /home/agilex/limo_ros2_ws/src/install/orbbec_camera_msgs/share/orbbec_camera_msgs/cmake/ament_cmake_export_dependencies-extras.cmake
[63.477s] -- Installing: /home/agilex/limo_ros2_ws/src/install/orbbec_camera_msgs/share/orbbec_camera_msgs/cmake/ament_cmake_export_libraries-extras.cmake
[63.478s] -- Installing: /home/agilex/limo_ros2_ws/src/install/orbbec_camera_msgs/share/orbbec_camera_msgs/cmake/ament_cmake_export_targets-extras.cmake
[63.479s] -- Installing: /home/agilex/limo_ros2_ws/src/install/orbbec_camera_msgs/share/orbbec_camera_msgs/cmake/ament_cmake_export_include_directories-extras.cmake
[63.479s] -- Installing: /home/agilex/limo_ros2_ws/src/install/orbbec_camera_msgs/share/orbbec_camera_msgs/cmake/rosidl_cmake_export_typesupport_libraries-extras.cmake
[63.480s] -- Installing: /home/agilex/limo_ros2_ws/src/install/orbbec_camera_msgs/share/orbbec_camera_msgs/cmake/rosidl_cmake_export_typesupport_targets-extras.cmake
[63.481s] -- Installing: /home/agilex/limo_ros2_ws/src/install/orbbec_camera_msgs/share/orbbec_camera_msgs/cmake/orbbec_camera_msgsConfig.cmake
[63.481s] -- Installing: /home/agilex/limo_ros2_ws/src/install/orbbec_camera_msgs/share/orbbec_camera_msgs/cmake/orbbec_camera_msgsConfig-version.cmake
[63.481s] -- Installing: /home/agilex/limo_ros2_ws/src/install/orbbec_camera_msgs/share/orbbec_camera_msgs/package.xml
[63.495s] Invoked command in '/home/agilex/limo_ros2_ws/src/build/orbbec_camera_msgs' returned '0': CMAKE_PREFIX_PATH=${CMAKE_PREFIX_PATH}:/home/agilex/limo_ros2_ws/install/nav2_gazebo_spawner:/opt/ros/foxy /usr/bin/cmake --install /home/agilex/limo_ros2_ws/src/build/orbbec_camera_msgs
