[0.078s] Invoking command in '/home/agilex/limo_ros2_ws/build/nav_2d_msgs': /usr/bin/cmake --build /home/agilex/limo_ros2_ws/build/nav_2d_msgs -- -j6 -l6
[0.273s] [ 11%] Built target nav_2d_msgs__rosidl_generator_c
[0.285s] [ 12%] Built target nav_2d_msgs__cpp
[0.370s] [ 23%] Built target nav_2d_msgs__rosidl_typesupport_introspection_cpp
[0.395s] [ 35%] Built target nav_2d_msgs__rosidl_typesupport_introspection_c
[0.433s] [ 46%] Built target nav_2d_msgs__rosidl_typesupport_c
[0.442s] [ 57%] Built target nav_2d_msgs__rosidl_typesupport_cpp
[0.443s] [ 69%] Built target nav_2d_msgs__rosidl_typesupport_fastrtps_cpp
[0.542s] [ 80%] Built target nav_2d_msgs__rosidl_typesupport_fastrtps_c
[0.587s] [ 80%] Built target nav_2d_msgs
[0.641s] [ 81%] Built target nav_2d_msgs__py
[0.755s] [ 91%] Built target nav_2d_msgs__python
[0.860s] [ 94%] Built target nav_2d_msgs__rosidl_typesupport_introspection_c__pyext
[0.871s] [100%] Built target nav_2d_msgs__rosidl_typesupport_c__pyext
[0.871s] [100%] Built target nav_2d_msgs__rosidl_typesupport_fastrtps_c__pyext
[0.898s] Invoked command in '/home/agilex/limo_ros2_ws/build/nav_2d_msgs' returned '0': /usr/bin/cmake --build /home/agilex/limo_ros2_ws/build/nav_2d_msgs -- -j6 -l6
[1.385s] Invoking command in '/home/agilex/limo_ros2_ws/build/nav_2d_msgs': /usr/bin/cmake --install /home/agilex/limo_ros2_ws/build/nav_2d_msgs
[1.425s] -- Install configuration: ""
[1.425s] -- Up-to-date: /home/agilex/limo_ros2_ws/install/nav_2d_msgs/share/ament_index/resource_index/rosidl_interfaces/nav_2d_msgs
[1.426s] -- Up-to-date: /home/agilex/limo_ros2_ws/install/nav_2d_msgs/include/nav_2d_msgs
[1.426s] -- Up-to-date: /home/agilex/limo_ros2_ws/install/nav_2d_msgs/include/nav_2d_msgs/msg
[1.427s] -- Up-to-date: /home/agilex/limo_ros2_ws/install/nav_2d_msgs/include/nav_2d_msgs/msg/twist2_d.h
[1.427s] -- Up-to-date: /home/agilex/limo_ros2_ws/install/nav_2d_msgs/include/nav_2d_msgs/msg/pose2_d32.h
[1.427s] -- Up-to-date: /home/agilex/limo_ros2_ws/install/nav_2d_msgs/include/nav_2d_msgs/msg/rosidl_generator_c__visibility_control.h
[1.427s] -- Up-to-date: /home/agilex/limo_ros2_ws/install/nav_2d_msgs/include/nav_2d_msgs/msg/twist2_d_stamped.h
[1.428s] -- Up-to-date: /home/agilex/limo_ros2_ws/install/nav_2d_msgs/include/nav_2d_msgs/msg/path2_d.h
[1.428s] -- Up-to-date: /home/agilex/limo_ros2_ws/install/nav_2d_msgs/include/nav_2d_msgs/msg/detail
[1.428s] -- Up-to-date: /home/agilex/limo_ros2_ws/install/nav_2d_msgs/include/nav_2d_msgs/msg/detail/twist2_d__type_support.h
[1.428s] -- Up-to-date: /home/agilex/limo_ros2_ws/install/nav_2d_msgs/include/nav_2d_msgs/msg/detail/pose2_d32__functions.c
[1.428s] -- Up-to-date: /home/agilex/limo_ros2_ws/install/nav_2d_msgs/include/nav_2d_msgs/msg/detail/pose2_d_stamped__struct.h
[1.428s] -- Up-to-date: /home/agilex/limo_ros2_ws/install/nav_2d_msgs/include/nav_2d_msgs/msg/detail/twist2_d_stamped__functions.h
[1.428s] -- Up-to-date: /home/agilex/limo_ros2_ws/install/nav_2d_msgs/include/nav_2d_msgs/msg/detail/twist2_d32__functions.c
[1.429s] -- Up-to-date: /home/agilex/limo_ros2_ws/install/nav_2d_msgs/include/nav_2d_msgs/msg/detail/twist2_d__struct.h
[1.429s] -- Up-to-date: /home/agilex/limo_ros2_ws/install/nav_2d_msgs/include/nav_2d_msgs/msg/detail/pose2_d_stamped__type_support.h
[1.429s] -- Up-to-date: /home/agilex/limo_ros2_ws/install/nav_2d_msgs/include/nav_2d_msgs/msg/detail/pose2_d_stamped__functions.c
[1.429s] -- Up-to-date: /home/agilex/limo_ros2_ws/install/nav_2d_msgs/include/nav_2d_msgs/msg/detail/twist2_d__functions.c
[1.429s] -- Up-to-date: /home/agilex/limo_ros2_ws/install/nav_2d_msgs/include/nav_2d_msgs/msg/detail/path2_d__type_support.h
[1.434s] -- Up-to-date: /home/agilex/limo_ros2_ws/install/nav_2d_msgs/include/nav_2d_msgs/msg/detail/twist2_d32__functions.h
[1.445s] -- Up-to-date: /home/agilex/limo_ros2_ws/install/nav_2d_msgs/include/nav_2d_msgs/msg/detail/twist2_d32__struct.h
[1.445s] -- Up-to-date: /home/agilex/limo_ros2_ws/install/nav_2d_msgs/include/nav_2d_msgs/msg/detail/pose2_d32__struct.h
[1.446s] -- Up-to-date: /home/agilex/limo_ros2_ws/install/nav_2d_msgs/include/nav_2d_msgs/msg/detail/twist2_d__functions.h
[1.447s] -- Up-to-date: /home/agilex/limo_ros2_ws/install/nav_2d_msgs/include/nav_2d_msgs/msg/detail/path2_d__functions.c
[1.447s] -- Up-to-date: /home/agilex/limo_ros2_ws/install/nav_2d_msgs/include/nav_2d_msgs/msg/detail/twist2_d_stamped__type_support.h
[1.447s] -- Up-to-date: /home/agilex/limo_ros2_ws/install/nav_2d_msgs/include/nav_2d_msgs/msg/detail/pose2_d32__functions.h
[1.447s] -- Up-to-date: /home/agilex/limo_ros2_ws/install/nav_2d_msgs/include/nav_2d_msgs/msg/detail/path2_d__struct.h
[1.447s] -- Up-to-date: /home/agilex/limo_ros2_ws/install/nav_2d_msgs/include/nav_2d_msgs/msg/detail/twist2_d32__type_support.h
[1.447s] -- Up-to-date: /home/agilex/limo_ros2_ws/install/nav_2d_msgs/include/nav_2d_msgs/msg/detail/pose2_d_stamped__functions.h
[1.447s] -- Up-to-date: /home/agilex/limo_ros2_ws/install/nav_2d_msgs/include/nav_2d_msgs/msg/detail/pose2_d32__type_support.h
[1.448s] -- Up-to-date: /home/agilex/limo_ros2_ws/install/nav_2d_msgs/include/nav_2d_msgs/msg/detail/twist2_d_stamped__struct.h
[1.448s] -- Up-to-date: /home/agilex/limo_ros2_ws/install/nav_2d_msgs/include/nav_2d_msgs/msg/detail/twist2_d_stamped__functions.c
[1.448s] -- Up-to-date: /home/agilex/limo_ros2_ws/install/nav_2d_msgs/include/nav_2d_msgs/msg/detail/path2_d__functions.h
[1.448s] -- Up-to-date: /home/agilex/limo_ros2_ws/install/nav_2d_msgs/include/nav_2d_msgs/msg/twist2_d32.h
[1.448s] -- Up-to-date: /home/agilex/limo_ros2_ws/install/nav_2d_msgs/include/nav_2d_msgs/msg/pose2_d_stamped.h
[1.448s] -- Up-to-date: /home/agilex/limo_ros2_ws/install/nav_2d_msgs/share/nav_2d_msgs/environment/library_path.sh
[1.448s] -- Up-to-date: /home/agilex/limo_ros2_ws/install/nav_2d_msgs/share/nav_2d_msgs/environment/library_path.dsv
[1.448s] -- Up-to-date: /home/agilex/limo_ros2_ws/install/nav_2d_msgs/lib/libnav_2d_msgs__rosidl_generator_c.so
[1.449s] -- Up-to-date: /home/agilex/limo_ros2_ws/install/nav_2d_msgs/include/nav_2d_msgs
[1.449s] -- Up-to-date: /home/agilex/limo_ros2_ws/install/nav_2d_msgs/include/nav_2d_msgs/msg
[1.449s] -- Up-to-date: /home/agilex/limo_ros2_ws/install/nav_2d_msgs/include/nav_2d_msgs/msg/rosidl_typesupport_fastrtps_c__visibility_control.h
[1.449s] -- Up-to-date: /home/agilex/limo_ros2_ws/install/nav_2d_msgs/include/nav_2d_msgs/msg/detail
[1.449s] -- Up-to-date: /home/agilex/limo_ros2_ws/install/nav_2d_msgs/include/nav_2d_msgs/msg/detail/twist2_d__rosidl_typesupport_fastrtps_c.h
[1.449s] -- Up-to-date: /home/agilex/limo_ros2_ws/install/nav_2d_msgs/include/nav_2d_msgs/msg/detail/path2_d__rosidl_typesupport_fastrtps_c.h
[1.449s] -- Up-to-date: /home/agilex/limo_ros2_ws/install/nav_2d_msgs/include/nav_2d_msgs/msg/detail/pose2_d_stamped__rosidl_typesupport_fastrtps_c.h
[1.449s] -- Up-to-date: /home/agilex/limo_ros2_ws/install/nav_2d_msgs/include/nav_2d_msgs/msg/detail/twist2_d32__rosidl_typesupport_fastrtps_c.h
[1.450s] -- Up-to-date: /home/agilex/limo_ros2_ws/install/nav_2d_msgs/include/nav_2d_msgs/msg/detail/pose2_d32__rosidl_typesupport_fastrtps_c.h
[1.450s] -- Up-to-date: /home/agilex/limo_ros2_ws/install/nav_2d_msgs/include/nav_2d_msgs/msg/detail/twist2_d_stamped__rosidl_typesupport_fastrtps_c.h
[1.450s] -- Up-to-date: /home/agilex/limo_ros2_ws/install/nav_2d_msgs/lib/libnav_2d_msgs__rosidl_typesupport_fastrtps_c.so
[1.450s] -- Up-to-date: /home/agilex/limo_ros2_ws/install/nav_2d_msgs/include/nav_2d_msgs
[1.450s] -- Up-to-date: /home/agilex/limo_ros2_ws/install/nav_2d_msgs/include/nav_2d_msgs/msg
[1.450s] -- Up-to-date: /home/agilex/limo_ros2_ws/install/nav_2d_msgs/include/nav_2d_msgs/msg/rosidl_typesupport_fastrtps_cpp__visibility_control.h
[1.450s] -- Up-to-date: /home/agilex/limo_ros2_ws/install/nav_2d_msgs/include/nav_2d_msgs/msg/detail
[1.450s] -- Up-to-date: /home/agilex/limo_ros2_ws/install/nav_2d_msgs/include/nav_2d_msgs/msg/detail/twist2_d32__rosidl_typesupport_fastrtps_cpp.hpp
[1.450s] -- Up-to-date: /home/agilex/limo_ros2_ws/install/nav_2d_msgs/include/nav_2d_msgs/msg/detail/dds_fastrtps
[1.451s] -- Up-to-date: /home/agilex/limo_ros2_ws/install/nav_2d_msgs/include/nav_2d_msgs/msg/detail/pose2_d32__rosidl_typesupport_fastrtps_cpp.hpp
[1.451s] -- Up-to-date: /home/agilex/limo_ros2_ws/install/nav_2d_msgs/include/nav_2d_msgs/msg/detail/twist2_d__rosidl_typesupport_fastrtps_cpp.hpp
[1.451s] -- Up-to-date: /home/agilex/limo_ros2_ws/install/nav_2d_msgs/include/nav_2d_msgs/msg/detail/twist2_d_stamped__rosidl_typesupport_fastrtps_cpp.hpp
[1.459s] -- Up-to-date: /home/agilex/limo_ros2_ws/install/nav_2d_msgs/include/nav_2d_msgs/msg/detail/pose2_d_stamped__rosidl_typesupport_fastrtps_cpp.hpp
[1.460s] -- Up-to-date: /home/agilex/limo_ros2_ws/install/nav_2d_msgs/include/nav_2d_msgs/msg/detail/path2_d__rosidl_typesupport_fastrtps_cpp.hpp
[1.461s] -- Up-to-date: /home/agilex/limo_ros2_ws/install/nav_2d_msgs/lib/libnav_2d_msgs__rosidl_typesupport_fastrtps_cpp.so
[1.461s] -- Up-to-date: /home/agilex/limo_ros2_ws/install/nav_2d_msgs/include/nav_2d_msgs
[1.462s] -- Up-to-date: /home/agilex/limo_ros2_ws/install/nav_2d_msgs/include/nav_2d_msgs/msg
[1.463s] -- Up-to-date: /home/agilex/limo_ros2_ws/install/nav_2d_msgs/include/nav_2d_msgs/msg/rosidl_typesupport_introspection_c__visibility_control.h
[1.463s] -- Up-to-date: /home/agilex/limo_ros2_ws/install/nav_2d_msgs/include/nav_2d_msgs/msg/detail
[1.464s] -- Up-to-date: /home/agilex/limo_ros2_ws/install/nav_2d_msgs/include/nav_2d_msgs/msg/detail/twist2_d_stamped__type_support.c
[1.464s] -- Up-to-date: /home/agilex/limo_ros2_ws/install/nav_2d_msgs/include/nav_2d_msgs/msg/detail/path2_d__rosidl_typesupport_introspection_c.h
[1.465s] -- Up-to-date: /home/agilex/limo_ros2_ws/install/nav_2d_msgs/include/nav_2d_msgs/msg/detail/twist2_d__type_support.c
[1.465s] -- Up-to-date: /home/agilex/limo_ros2_ws/install/nav_2d_msgs/include/nav_2d_msgs/msg/detail/twist2_d32__rosidl_typesupport_introspection_c.h
[1.466s] -- Up-to-date: /home/agilex/limo_ros2_ws/install/nav_2d_msgs/include/nav_2d_msgs/msg/detail/pose2_d_stamped__rosidl_typesupport_introspection_c.h
[1.467s] -- Up-to-date: /home/agilex/limo_ros2_ws/install/nav_2d_msgs/include/nav_2d_msgs/msg/detail/twist2_d__rosidl_typesupport_introspection_c.h
[1.467s] -- Up-to-date: /home/agilex/limo_ros2_ws/install/nav_2d_msgs/include/nav_2d_msgs/msg/detail/pose2_d32__rosidl_typesupport_introspection_c.h
[1.468s] -- Up-to-date: /home/agilex/limo_ros2_ws/install/nav_2d_msgs/include/nav_2d_msgs/msg/detail/path2_d__type_support.c
[1.468s] -- Up-to-date: /home/agilex/limo_ros2_ws/install/nav_2d_msgs/include/nav_2d_msgs/msg/detail/pose2_d_stamped__type_support.c
[1.476s] -- Up-to-date: /home/agilex/limo_ros2_ws/install/nav_2d_msgs/include/nav_2d_msgs/msg/detail/twist2_d_stamped__rosidl_typesupport_introspection_c.h
[1.477s] -- Up-to-date: /home/agilex/limo_ros2_ws/install/nav_2d_msgs/include/nav_2d_msgs/msg/detail/twist2_d32__type_support.c
[1.477s] -- Up-to-date: /home/agilex/limo_ros2_ws/install/nav_2d_msgs/include/nav_2d_msgs/msg/detail/pose2_d32__type_support.c
[1.478s] -- Up-to-date: /home/agilex/limo_ros2_ws/install/nav_2d_msgs/lib/libnav_2d_msgs__rosidl_typesupport_introspection_c.so
[1.478s] -- Up-to-date: /home/agilex/limo_ros2_ws/install/nav_2d_msgs/lib/libnav_2d_msgs__rosidl_typesupport_c.so
[1.478s] -- Up-to-date: /home/agilex/limo_ros2_ws/install/nav_2d_msgs/include/nav_2d_msgs
[1.478s] -- Up-to-date: /home/agilex/limo_ros2_ws/install/nav_2d_msgs/include/nav_2d_msgs/msg
[1.478s] -- Up-to-date: /home/agilex/limo_ros2_ws/install/nav_2d_msgs/include/nav_2d_msgs/msg/pose2_d_stamped.hpp
[1.478s] -- Up-to-date: /home/agilex/limo_ros2_ws/install/nav_2d_msgs/include/nav_2d_msgs/msg/twist2_d_stamped.hpp
[1.478s] -- Up-to-date: /home/agilex/limo_ros2_ws/install/nav_2d_msgs/include/nav_2d_msgs/msg/twist2_d.hpp
[1.479s] -- Up-to-date: /home/agilex/limo_ros2_ws/install/nav_2d_msgs/include/nav_2d_msgs/msg/path2_d.hpp
[1.479s] -- Up-to-date: /home/agilex/limo_ros2_ws/install/nav_2d_msgs/include/nav_2d_msgs/msg/rosidl_generator_cpp__visibility_control.hpp
[1.479s] -- Up-to-date: /home/agilex/limo_ros2_ws/install/nav_2d_msgs/include/nav_2d_msgs/msg/twist2_d32.hpp
[1.480s] -- Up-to-date: /home/agilex/limo_ros2_ws/install/nav_2d_msgs/include/nav_2d_msgs/msg/detail
[1.480s] -- Up-to-date: /home/agilex/limo_ros2_ws/install/nav_2d_msgs/include/nav_2d_msgs/msg/detail/twist2_d__struct.hpp
[1.480s] -- Up-to-date: /home/agilex/limo_ros2_ws/install/nav_2d_msgs/include/nav_2d_msgs/msg/detail/twist2_d32__traits.hpp
[1.480s] -- Up-to-date: /home/agilex/limo_ros2_ws/install/nav_2d_msgs/include/nav_2d_msgs/msg/detail/twist2_d_stamped__type_support.hpp
[1.480s] -- Up-to-date: /home/agilex/limo_ros2_ws/install/nav_2d_msgs/include/nav_2d_msgs/msg/detail/path2_d__type_support.hpp
[1.481s] -- Up-to-date: /home/agilex/limo_ros2_ws/install/nav_2d_msgs/include/nav_2d_msgs/msg/detail/pose2_d32__struct.hpp
[1.481s] -- Up-to-date: /home/agilex/limo_ros2_ws/install/nav_2d_msgs/include/nav_2d_msgs/msg/detail/twist2_d32__type_support.hpp
[1.481s] -- Up-to-date: /home/agilex/limo_ros2_ws/install/nav_2d_msgs/include/nav_2d_msgs/msg/detail/twist2_d_stamped__builder.hpp
[1.481s] -- Up-to-date: /home/agilex/limo_ros2_ws/install/nav_2d_msgs/include/nav_2d_msgs/msg/detail/twist2_d32__struct.hpp
[1.481s] -- Up-to-date: /home/agilex/limo_ros2_ws/install/nav_2d_msgs/include/nav_2d_msgs/msg/detail/twist2_d__traits.hpp
[1.481s] -- Up-to-date: /home/agilex/limo_ros2_ws/install/nav_2d_msgs/include/nav_2d_msgs/msg/detail/twist2_d__type_support.hpp
[1.481s] -- Up-to-date: /home/agilex/limo_ros2_ws/install/nav_2d_msgs/include/nav_2d_msgs/msg/detail/pose2_d32__type_support.hpp
[1.482s] -- Up-to-date: /home/agilex/limo_ros2_ws/install/nav_2d_msgs/include/nav_2d_msgs/msg/detail/path2_d__traits.hpp
[1.482s] -- Up-to-date: /home/agilex/limo_ros2_ws/install/nav_2d_msgs/include/nav_2d_msgs/msg/detail/pose2_d32__builder.hpp
[1.482s] -- Up-to-date: /home/agilex/limo_ros2_ws/install/nav_2d_msgs/include/nav_2d_msgs/msg/detail/path2_d__builder.hpp
[1.482s] -- Up-to-date: /home/agilex/limo_ros2_ws/install/nav_2d_msgs/include/nav_2d_msgs/msg/detail/pose2_d_stamped__struct.hpp
[1.482s] -- Up-to-date: /home/agilex/limo_ros2_ws/install/nav_2d_msgs/include/nav_2d_msgs/msg/detail/twist2_d__builder.hpp
[1.482s] -- Up-to-date: /home/agilex/limo_ros2_ws/install/nav_2d_msgs/include/nav_2d_msgs/msg/detail/twist2_d_stamped__traits.hpp
[1.482s] -- Up-to-date: /home/agilex/limo_ros2_ws/install/nav_2d_msgs/include/nav_2d_msgs/msg/detail/pose2_d_stamped__type_support.hpp
[1.482s] -- Up-to-date: /home/agilex/limo_ros2_ws/install/nav_2d_msgs/include/nav_2d_msgs/msg/detail/pose2_d32__traits.hpp
[1.482s] -- Up-to-date: /home/agilex/limo_ros2_ws/install/nav_2d_msgs/include/nav_2d_msgs/msg/detail/twist2_d_stamped__struct.hpp
[1.483s] -- Up-to-date: /home/agilex/limo_ros2_ws/install/nav_2d_msgs/include/nav_2d_msgs/msg/detail/pose2_d_stamped__traits.hpp
[1.483s] -- Up-to-date: /home/agilex/limo_ros2_ws/install/nav_2d_msgs/include/nav_2d_msgs/msg/detail/twist2_d32__builder.hpp
[1.483s] -- Up-to-date: /home/agilex/limo_ros2_ws/install/nav_2d_msgs/include/nav_2d_msgs/msg/detail/path2_d__struct.hpp
[1.483s] -- Up-to-date: /home/agilex/limo_ros2_ws/install/nav_2d_msgs/include/nav_2d_msgs/msg/detail/pose2_d_stamped__builder.hpp
[1.483s] -- Up-to-date: /home/agilex/limo_ros2_ws/install/nav_2d_msgs/include/nav_2d_msgs/msg/pose2_d32.hpp
[1.483s] -- Up-to-date: /home/agilex/limo_ros2_ws/install/nav_2d_msgs/include/nav_2d_msgs
[1.483s] -- Up-to-date: /home/agilex/limo_ros2_ws/install/nav_2d_msgs/include/nav_2d_msgs/msg
[1.484s] -- Up-to-date: /home/agilex/limo_ros2_ws/install/nav_2d_msgs/include/nav_2d_msgs/msg/detail
[1.484s] -- Up-to-date: /home/agilex/limo_ros2_ws/install/nav_2d_msgs/include/nav_2d_msgs/msg/detail/path2_d__type_support.cpp
[1.484s] -- Up-to-date: /home/agilex/limo_ros2_ws/install/nav_2d_msgs/include/nav_2d_msgs/msg/detail/twist2_d__type_support.cpp
[1.484s] -- Up-to-date: /home/agilex/limo_ros2_ws/install/nav_2d_msgs/include/nav_2d_msgs/msg/detail/pose2_d_stamped__rosidl_typesupport_introspection_cpp.hpp
[1.484s] -- Up-to-date: /home/agilex/limo_ros2_ws/install/nav_2d_msgs/include/nav_2d_msgs/msg/detail/path2_d__rosidl_typesupport_introspection_cpp.hpp
[1.484s] -- Up-to-date: /home/agilex/limo_ros2_ws/install/nav_2d_msgs/include/nav_2d_msgs/msg/detail/pose2_d_stamped__type_support.cpp
[1.484s] -- Up-to-date: /home/agilex/limo_ros2_ws/install/nav_2d_msgs/include/nav_2d_msgs/msg/detail/pose2_d32__rosidl_typesupport_introspection_cpp.hpp
[1.484s] -- Up-to-date: /home/agilex/limo_ros2_ws/install/nav_2d_msgs/include/nav_2d_msgs/msg/detail/twist2_d_stamped__rosidl_typesupport_introspection_cpp.hpp
[1.485s] -- Up-to-date: /home/agilex/limo_ros2_ws/install/nav_2d_msgs/include/nav_2d_msgs/msg/detail/pose2_d32__type_support.cpp
[1.485s] -- Up-to-date: /home/agilex/limo_ros2_ws/install/nav_2d_msgs/include/nav_2d_msgs/msg/detail/twist2_d__rosidl_typesupport_introspection_cpp.hpp
[1.485s] -- Up-to-date: /home/agilex/limo_ros2_ws/install/nav_2d_msgs/include/nav_2d_msgs/msg/detail/twist2_d32__rosidl_typesupport_introspection_cpp.hpp
[1.485s] -- Up-to-date: /home/agilex/limo_ros2_ws/install/nav_2d_msgs/include/nav_2d_msgs/msg/detail/twist2_d_stamped__type_support.cpp
[1.485s] -- Up-to-date: /home/agilex/limo_ros2_ws/install/nav_2d_msgs/include/nav_2d_msgs/msg/detail/twist2_d32__type_support.cpp
[1.485s] -- Up-to-date: /home/agilex/limo_ros2_ws/install/nav_2d_msgs/lib/libnav_2d_msgs__rosidl_typesupport_introspection_cpp.so
[1.485s] -- Up-to-date: /home/agilex/limo_ros2_ws/install/nav_2d_msgs/lib/libnav_2d_msgs__rosidl_typesupport_cpp.so
[1.486s] -- Up-to-date: /home/agilex/limo_ros2_ws/install/nav_2d_msgs/share/nav_2d_msgs/environment/pythonpath.sh
[1.487s] -- Up-to-date: /home/agilex/limo_ros2_ws/install/nav_2d_msgs/share/nav_2d_msgs/environment/pythonpath.dsv
[1.489s] -- Up-to-date: /home/agilex/limo_ros2_ws/install/nav_2d_msgs/lib/python3.8/site-packages/nav_2d_msgs/__init__.py
[1.528s] -- Up-to-date: /home/agilex/limo_ros2_ws/install/nav_2d_msgs/lib/python3.8/site-packages/nav_2d_msgs/msg
[1.529s] -- Up-to-date: /home/agilex/limo_ros2_ws/install/nav_2d_msgs/lib/python3.8/site-packages/nav_2d_msgs/msg/_path2_d_s.c
[1.529s] -- Up-to-date: /home/agilex/limo_ros2_ws/install/nav_2d_msgs/lib/python3.8/site-packages/nav_2d_msgs/msg/_pose2_d32.py
[1.529s] -- Up-to-date: /home/agilex/limo_ros2_ws/install/nav_2d_msgs/lib/python3.8/site-packages/nav_2d_msgs/msg/_twist2_d32_s.c
[1.529s] -- Up-to-date: /home/agilex/limo_ros2_ws/install/nav_2d_msgs/lib/python3.8/site-packages/nav_2d_msgs/msg/_twist2_d_s.c
[1.529s] -- Up-to-date: /home/agilex/limo_ros2_ws/install/nav_2d_msgs/lib/python3.8/site-packages/nav_2d_msgs/msg/_twist2_d_stamped_s.c
[1.530s] -- Up-to-date: /home/agilex/limo_ros2_ws/install/nav_2d_msgs/lib/python3.8/site-packages/nav_2d_msgs/msg/_pose2_d32_s.c
[1.530s] -- Up-to-date: /home/agilex/limo_ros2_ws/install/nav_2d_msgs/lib/python3.8/site-packages/nav_2d_msgs/msg/_pose2_d_stamped.py
[1.530s] -- Up-to-date: /home/agilex/limo_ros2_ws/install/nav_2d_msgs/lib/python3.8/site-packages/nav_2d_msgs/msg/__init__.py
[1.530s] -- Up-to-date: /home/agilex/limo_ros2_ws/install/nav_2d_msgs/lib/python3.8/site-packages/nav_2d_msgs/msg/_twist2_d_stamped.py
[1.530s] -- Up-to-date: /home/agilex/limo_ros2_ws/install/nav_2d_msgs/lib/python3.8/site-packages/nav_2d_msgs/msg/_twist2_d.py
[1.530s] -- Up-to-date: /home/agilex/limo_ros2_ws/install/nav_2d_msgs/lib/python3.8/site-packages/nav_2d_msgs/msg/_pose2_d_stamped_s.c
[1.530s] -- Up-to-date: /home/agilex/limo_ros2_ws/install/nav_2d_msgs/lib/python3.8/site-packages/nav_2d_msgs/msg/_path2_d.py
[1.530s] -- Up-to-date: /home/agilex/limo_ros2_ws/install/nav_2d_msgs/lib/python3.8/site-packages/nav_2d_msgs/msg/_twist2_d32.py
[1.532s] -- Up-to-date: /home/agilex/limo_ros2_ws/install/nav_2d_msgs/lib/python3.8/site-packages/nav_2d_msgs/nav_2d_msgs_s__rosidl_typesupport_fastrtps_c.cpython-38-aarch64-linux-gnu.so
[1.532s] -- Up-to-date: /home/agilex/limo_ros2_ws/install/nav_2d_msgs/lib/python3.8/site-packages/nav_2d_msgs/nav_2d_msgs_s__rosidl_typesupport_introspection_c.cpython-38-aarch64-linux-gnu.so
[1.533s] -- Up-to-date: /home/agilex/limo_ros2_ws/install/nav_2d_msgs/lib/python3.8/site-packages/nav_2d_msgs/nav_2d_msgs_s__rosidl_typesupport_c.cpython-38-aarch64-linux-gnu.so
[1.540s] -- Up-to-date: /home/agilex/limo_ros2_ws/install/nav_2d_msgs/lib/libnav_2d_msgs__python.so
[1.540s] -- Up-to-date: /home/agilex/limo_ros2_ws/install/nav_2d_msgs/share/nav_2d_msgs/msg/Path2D.idl
[1.540s] -- Up-to-date: /home/agilex/limo_ros2_ws/install/nav_2d_msgs/share/nav_2d_msgs/msg/Pose2D32.idl
[1.540s] -- Up-to-date: /home/agilex/limo_ros2_ws/install/nav_2d_msgs/share/nav_2d_msgs/msg/Pose2DStamped.idl
[1.540s] -- Up-to-date: /home/agilex/limo_ros2_ws/install/nav_2d_msgs/share/nav_2d_msgs/msg/Twist2D.idl
[1.540s] -- Up-to-date: /home/agilex/limo_ros2_ws/install/nav_2d_msgs/share/nav_2d_msgs/msg/Twist2D32.idl
[1.541s] -- Up-to-date: /home/agilex/limo_ros2_ws/install/nav_2d_msgs/share/nav_2d_msgs/msg/Twist2DStamped.idl
[1.541s] -- Up-to-date: /home/agilex/limo_ros2_ws/install/nav_2d_msgs/share/nav_2d_msgs/msg/Path2D.msg
[1.541s] -- Up-to-date: /home/agilex/limo_ros2_ws/install/nav_2d_msgs/share/nav_2d_msgs/msg/Pose2D32.msg
[1.541s] -- Up-to-date: /home/agilex/limo_ros2_ws/install/nav_2d_msgs/share/nav_2d_msgs/msg/Pose2DStamped.msg
[1.541s] -- Up-to-date: /home/agilex/limo_ros2_ws/install/nav_2d_msgs/share/nav_2d_msgs/msg/Twist2D.msg
[1.541s] -- Up-to-date: /home/agilex/limo_ros2_ws/install/nav_2d_msgs/share/nav_2d_msgs/msg/Twist2D32.msg
[1.541s] -- Up-to-date: /home/agilex/limo_ros2_ws/install/nav_2d_msgs/share/nav_2d_msgs/msg/Twist2DStamped.msg
[1.541s] -- Up-to-date: /home/agilex/limo_ros2_ws/install/nav_2d_msgs/share/ament_index/resource_index/package_run_dependencies/nav_2d_msgs
[1.542s] -- Up-to-date: /home/agilex/limo_ros2_ws/install/nav_2d_msgs/share/ament_index/resource_index/parent_prefix_path/nav_2d_msgs
[1.542s] -- Up-to-date: /home/agilex/limo_ros2_ws/install/nav_2d_msgs/share/nav_2d_msgs/environment/ament_prefix_path.sh
[1.542s] -- Up-to-date: /home/agilex/limo_ros2_ws/install/nav_2d_msgs/share/nav_2d_msgs/environment/ament_prefix_path.dsv
[1.542s] -- Up-to-date: /home/agilex/limo_ros2_ws/install/nav_2d_msgs/share/nav_2d_msgs/environment/path.sh
[1.542s] -- Up-to-date: /home/agilex/limo_ros2_ws/install/nav_2d_msgs/share/nav_2d_msgs/environment/path.dsv
[1.542s] -- Up-to-date: /home/agilex/limo_ros2_ws/install/nav_2d_msgs/share/nav_2d_msgs/local_setup.bash
[1.542s] -- Up-to-date: /home/agilex/limo_ros2_ws/install/nav_2d_msgs/share/nav_2d_msgs/local_setup.sh
[1.542s] -- Up-to-date: /home/agilex/limo_ros2_ws/install/nav_2d_msgs/share/nav_2d_msgs/local_setup.zsh
[1.543s] -- Up-to-date: /home/agilex/limo_ros2_ws/install/nav_2d_msgs/share/nav_2d_msgs/local_setup.dsv
[1.543s] -- Installing: /home/agilex/limo_ros2_ws/install/nav_2d_msgs/share/nav_2d_msgs/package.dsv
[1.558s] -- Up-to-date: /home/agilex/limo_ros2_ws/install/nav_2d_msgs/share/ament_index/resource_index/packages/nav_2d_msgs
[1.561s] -- Up-to-date: /home/agilex/limo_ros2_ws/install/nav_2d_msgs/share/nav_2d_msgs/cmake/nav_2d_msgs__rosidl_generator_cExport.cmake
[1.561s] -- Up-to-date: /home/agilex/limo_ros2_ws/install/nav_2d_msgs/share/nav_2d_msgs/cmake/nav_2d_msgs__rosidl_generator_cExport-noconfig.cmake
[1.562s] -- Up-to-date: /home/agilex/limo_ros2_ws/install/nav_2d_msgs/share/nav_2d_msgs/cmake/nav_2d_msgs__rosidl_typesupport_introspection_cExport.cmake
[1.563s] -- Up-to-date: /home/agilex/limo_ros2_ws/install/nav_2d_msgs/share/nav_2d_msgs/cmake/nav_2d_msgs__rosidl_typesupport_introspection_cExport-noconfig.cmake
[1.563s] -- Up-to-date: /home/agilex/limo_ros2_ws/install/nav_2d_msgs/share/nav_2d_msgs/cmake/nav_2d_msgs__rosidl_typesupport_cExport.cmake
[1.564s] -- Up-to-date: /home/agilex/limo_ros2_ws/install/nav_2d_msgs/share/nav_2d_msgs/cmake/nav_2d_msgs__rosidl_typesupport_cExport-noconfig.cmake
[1.565s] -- Up-to-date: /home/agilex/limo_ros2_ws/install/nav_2d_msgs/share/nav_2d_msgs/cmake/nav_2d_msgs__rosidl_generator_cppExport.cmake
[1.565s] -- Up-to-date: /home/agilex/limo_ros2_ws/install/nav_2d_msgs/share/nav_2d_msgs/cmake/nav_2d_msgs__rosidl_typesupport_introspection_cppExport.cmake
[1.566s] -- Up-to-date: /home/agilex/limo_ros2_ws/install/nav_2d_msgs/share/nav_2d_msgs/cmake/nav_2d_msgs__rosidl_typesupport_introspection_cppExport-noconfig.cmake
[1.567s] -- Up-to-date: /home/agilex/limo_ros2_ws/install/nav_2d_msgs/share/nav_2d_msgs/cmake/nav_2d_msgs__rosidl_typesupport_cppExport.cmake
[1.567s] -- Up-to-date: /home/agilex/limo_ros2_ws/install/nav_2d_msgs/share/nav_2d_msgs/cmake/nav_2d_msgs__rosidl_typesupport_cppExport-noconfig.cmake
[1.568s] -- Up-to-date: /home/agilex/limo_ros2_ws/install/nav_2d_msgs/share/nav_2d_msgs/cmake/rosidl_cmake-extras.cmake
[1.568s] -- Up-to-date: /home/agilex/limo_ros2_ws/install/nav_2d_msgs/share/nav_2d_msgs/cmake/ament_cmake_export_dependencies-extras.cmake
[1.568s] -- Up-to-date: /home/agilex/limo_ros2_ws/install/nav_2d_msgs/share/nav_2d_msgs/cmake/ament_cmake_export_libraries-extras.cmake
[1.568s] -- Up-to-date: /home/agilex/limo_ros2_ws/install/nav_2d_msgs/share/nav_2d_msgs/cmake/ament_cmake_export_targets-extras.cmake
[1.572s] -- Up-to-date: /home/agilex/limo_ros2_ws/install/nav_2d_msgs/share/nav_2d_msgs/cmake/ament_cmake_export_include_directories-extras.cmake
[1.573s] -- Up-to-date: /home/agilex/limo_ros2_ws/install/nav_2d_msgs/share/nav_2d_msgs/cmake/rosidl_cmake_export_typesupport_libraries-extras.cmake
[1.573s] -- Up-to-date: /home/agilex/limo_ros2_ws/install/nav_2d_msgs/share/nav_2d_msgs/cmake/rosidl_cmake_export_typesupport_targets-extras.cmake
[1.574s] -- Up-to-date: /home/agilex/limo_ros2_ws/install/nav_2d_msgs/share/nav_2d_msgs/cmake/nav_2d_msgsConfig.cmake
[1.574s] -- Up-to-date: /home/agilex/limo_ros2_ws/install/nav_2d_msgs/share/nav_2d_msgs/cmake/nav_2d_msgsConfig-version.cmake
[1.574s] -- Up-to-date: /home/agilex/limo_ros2_ws/install/nav_2d_msgs/share/nav_2d_msgs/package.xml
[1.629s] Invoked command in '/home/agilex/limo_ros2_ws/build/nav_2d_msgs' returned '0': /usr/bin/cmake --install /home/agilex/limo_ros2_ws/build/nav_2d_msgs
