[0.085s] Invoking command in '/home/agilex/limo_ros2_ws/build/nav2_voxel_grid': AMENT_PREFIX_PATH=/home/agilex/limo_ros2_ws/install/nav2_common CMAKE_PREFIX_PATH=/home/agilex/limo_ros2_ws/install/nav2_common:${CMAKE_PREFIX_PATH} PYTHONPATH=/home/agilex/limo_ros2_ws/install/nav2_common/lib/python3.8/site-packages:${PYTHONPATH} /usr/bin/cmake --build /home/agilex/limo_ros2_ws/build/nav2_voxel_grid -- -j6 -l6
[0.211s] [ 25%] Built target gtest_main
[0.216s] [ 50%] Built target gtest
[0.281s] [ 75%] Built target voxel_grid
[0.414s] [100%] Built target voxel_grid_tests
[0.488s] Invoked command in '/home/agilex/limo_ros2_ws/build/nav2_voxel_grid' returned '0': AMENT_PREFIX_PATH=/home/agilex/limo_ros2_ws/install/nav2_common CMAKE_PREFIX_PATH=/home/agilex/limo_ros2_ws/install/nav2_common:${CMAKE_PREFIX_PATH} PYTHONPATH=/home/agilex/limo_ros2_ws/install/nav2_common/lib/python3.8/site-packages:${PYTHONPATH} /usr/bin/cmake --build /home/agilex/limo_ros2_ws/build/nav2_voxel_grid -- -j6 -l6
[0.537s] Invoking command in '/home/agilex/limo_ros2_ws/build/nav2_voxel_grid': AMENT_PREFIX_PATH=/home/agilex/limo_ros2_ws/install/nav2_common CMAKE_PREFIX_PATH=/home/agilex/limo_ros2_ws/install/nav2_common:${CMAKE_PREFIX_PATH} PYTHONPATH=/home/agilex/limo_ros2_ws/install/nav2_common/lib/python3.8/site-packages:${PYTHONPATH} /usr/bin/cmake --install /home/agilex/limo_ros2_ws/build/nav2_voxel_grid
[0.561s] -- Install configuration: "Release"
[0.561s] -- Up-to-date: /home/agilex/limo_ros2_ws/install/nav2_voxel_grid/lib/libvoxel_grid.so
[0.561s] -- Up-to-date: /home/agilex/limo_ros2_ws/install/nav2_voxel_grid/include
[0.561s] -- Up-to-date: /home/agilex/limo_ros2_ws/install/nav2_voxel_grid/include/nav2_voxel_grid
[0.562s] -- Up-to-date: /home/agilex/limo_ros2_ws/install/nav2_voxel_grid/include/nav2_voxel_grid/voxel_grid.hpp
[0.563s] -- Up-to-date: /home/agilex/limo_ros2_ws/install/nav2_voxel_grid/share/nav2_voxel_grid/environment/library_path.sh
[0.563s] -- Up-to-date: /home/agilex/limo_ros2_ws/install/nav2_voxel_grid/share/nav2_voxel_grid/environment/library_path.dsv
[0.563s] -- Up-to-date: /home/agilex/limo_ros2_ws/install/nav2_voxel_grid/share/ament_index/resource_index/package_run_dependencies/nav2_voxel_grid
[0.563s] -- Up-to-date: /home/agilex/limo_ros2_ws/install/nav2_voxel_grid/share/ament_index/resource_index/parent_prefix_path/nav2_voxel_grid
[0.563s] -- Up-to-date: /home/agilex/limo_ros2_ws/install/nav2_voxel_grid/share/nav2_voxel_grid/environment/ament_prefix_path.sh
[0.564s] -- Up-to-date: /home/agilex/limo_ros2_ws/install/nav2_voxel_grid/share/nav2_voxel_grid/environment/ament_prefix_path.dsv
[0.564s] -- Up-to-date: /home/agilex/limo_ros2_ws/install/nav2_voxel_grid/share/nav2_voxel_grid/environment/path.sh
[0.564s] -- Up-to-date: /home/agilex/limo_ros2_ws/install/nav2_voxel_grid/share/nav2_voxel_grid/environment/path.dsv
[0.564s] -- Up-to-date: /home/agilex/limo_ros2_ws/install/nav2_voxel_grid/share/nav2_voxel_grid/local_setup.bash
[0.564s] -- Up-to-date: /home/agilex/limo_ros2_ws/install/nav2_voxel_grid/share/nav2_voxel_grid/local_setup.sh
[0.564s] -- Up-to-date: /home/agilex/limo_ros2_ws/install/nav2_voxel_grid/share/nav2_voxel_grid/local_setup.zsh
[0.565s] -- Up-to-date: /home/agilex/limo_ros2_ws/install/nav2_voxel_grid/share/nav2_voxel_grid/local_setup.dsv
[0.565s] -- Installing: /home/agilex/limo_ros2_ws/install/nav2_voxel_grid/share/nav2_voxel_grid/package.dsv
[0.565s] -- Up-to-date: /home/agilex/limo_ros2_ws/install/nav2_voxel_grid/share/ament_index/resource_index/packages/nav2_voxel_grid
[0.565s] -- Up-to-date: /home/agilex/limo_ros2_ws/install/nav2_voxel_grid/share/nav2_voxel_grid/cmake/ament_cmake_export_dependencies-extras.cmake
[0.565s] -- Up-to-date: /home/agilex/limo_ros2_ws/install/nav2_voxel_grid/share/nav2_voxel_grid/cmake/ament_cmake_export_include_directories-extras.cmake
[0.565s] -- Up-to-date: /home/agilex/limo_ros2_ws/install/nav2_voxel_grid/share/nav2_voxel_grid/cmake/ament_cmake_export_libraries-extras.cmake
[0.565s] -- Up-to-date: /home/agilex/limo_ros2_ws/install/nav2_voxel_grid/share/nav2_voxel_grid/cmake/nav2_voxel_gridConfig.cmake
[0.566s] -- Up-to-date: /home/agilex/limo_ros2_ws/install/nav2_voxel_grid/share/nav2_voxel_grid/cmake/nav2_voxel_gridConfig-version.cmake
[0.566s] -- Up-to-date: /home/agilex/limo_ros2_ws/install/nav2_voxel_grid/share/nav2_voxel_grid/package.xml
[0.570s] Invoked command in '/home/agilex/limo_ros2_ws/build/nav2_voxel_grid' returned '0': AMENT_PREFIX_PATH=/home/agilex/limo_ros2_ws/install/nav2_common CMAKE_PREFIX_PATH=/home/agilex/limo_ros2_ws/install/nav2_common:${CMAKE_PREFIX_PATH} PYTHONPATH=/home/agilex/limo_ros2_ws/install/nav2_common/lib/python3.8/site-packages:${PYTHONPATH} /usr/bin/cmake --install /home/agilex/limo_ros2_ws/build/nav2_voxel_grid
