[0.127s] Invoking command in '/home/agilex/limo_ros2_ws/build/astra_camera_msgs': CMAKE_PREFIX_PATH=${CMAKE_PREFIX_PATH}:/home/agilex/limo_ros2_ws/install/nav2_gazebo_spawner:/home/agilex/limo_ros2_ws/install/camera_calibration:/opt/ros/foxy /usr/bin/cmake --build /home/agilex/limo_ros2_ws/build/astra_camera_msgs -- -j6 -l6
[0.495s] [  1%] Built target astra_camera_msgs__cpp
[0.626s] [ 12%] Built target astra_camera_msgs__rosidl_generator_c
[0.808s] [ 24%] Built target astra_camera_msgs__rosidl_typesupport_cpp
[0.826s] [ 35%] Built target astra_camera_msgs__rosidl_typesupport_introspection_cpp
[0.851s] [ 47%] Built target astra_camera_msgs__rosidl_typesupport_fastrtps_cpp
[0.922s] [ 58%] Built target astra_camera_msgs__rosidl_typesupport_c
[0.931s] [ 70%] Built target astra_camera_msgs__rosidl_typesupport_introspection_c
[1.013s] [ 82%] Built target astra_camera_msgs__rosidl_typesupport_fastrtps_c
[1.094s] [ 82%] Built target astra_camera_msgs
[1.184s] [ 83%] Built target astra_camera_msgs__py
[1.355s] [ 93%] Built target astra_camera_msgs__python
[1.507s] [ 95%] Built target astra_camera_msgs__rosidl_typesupport_fastrtps_c__pyext
[1.528s] [ 97%] Built target astra_camera_msgs__rosidl_typesupport_c__pyext
[1.580s] [100%] Built target astra_camera_msgs__rosidl_typesupport_introspection_c__pyext
[1.659s] Invoked command in '/home/agilex/limo_ros2_ws/build/astra_camera_msgs' returned '0': CMAKE_PREFIX_PATH=${CMAKE_PREFIX_PATH}:/home/agilex/limo_ros2_ws/install/nav2_gazebo_spawner:/home/agilex/limo_ros2_ws/install/camera_calibration:/opt/ros/foxy /usr/bin/cmake --build /home/agilex/limo_ros2_ws/build/astra_camera_msgs -- -j6 -l6
[2.837s] Invoking command in '/home/agilex/limo_ros2_ws/build/astra_camera_msgs': CMAKE_PREFIX_PATH=${CMAKE_PREFIX_PATH}:/home/agilex/limo_ros2_ws/install/nav2_gazebo_spawner:/home/agilex/limo_ros2_ws/install/camera_calibration:/opt/ros/foxy /usr/bin/cmake --install /home/agilex/limo_ros2_ws/build/astra_camera_msgs
[2.871s] -- Install configuration: "Release"
[2.872s] -- Up-to-date: /home/agilex/limo_ros2_ws/install/astra_camera_msgs/share/ament_index/resource_index/rosidl_interfaces/astra_camera_msgs
[2.873s] -- Up-to-date: /home/agilex/limo_ros2_ws/install/astra_camera_msgs/include/astra_camera_msgs
[2.873s] -- Up-to-date: /home/agilex/limo_ros2_ws/install/astra_camera_msgs/include/astra_camera_msgs/msg
[2.873s] -- Up-to-date: /home/agilex/limo_ros2_ws/install/astra_camera_msgs/include/astra_camera_msgs/msg/rosidl_generator_c__visibility_control.h
[2.873s] -- Up-to-date: /home/agilex/limo_ros2_ws/install/astra_camera_msgs/include/astra_camera_msgs/msg/detail
[2.873s] -- Up-to-date: /home/agilex/limo_ros2_ws/install/astra_camera_msgs/include/astra_camera_msgs/msg/detail/device_info__functions.c
[2.874s] -- Up-to-date: /home/agilex/limo_ros2_ws/install/astra_camera_msgs/include/astra_camera_msgs/msg/detail/extrinsics__struct.h
[2.874s] -- Up-to-date: /home/agilex/limo_ros2_ws/install/astra_camera_msgs/include/astra_camera_msgs/msg/detail/device_info__type_support.h
[2.875s] -- Up-to-date: /home/agilex/limo_ros2_ws/install/astra_camera_msgs/include/astra_camera_msgs/msg/detail/extrinsics__type_support.h
[2.875s] -- Up-to-date: /home/agilex/limo_ros2_ws/install/astra_camera_msgs/include/astra_camera_msgs/msg/detail/metadata__struct.h
[2.875s] -- Up-to-date: /home/agilex/limo_ros2_ws/install/astra_camera_msgs/include/astra_camera_msgs/msg/detail/metadata__functions.h
[2.875s] -- Up-to-date: /home/agilex/limo_ros2_ws/install/astra_camera_msgs/include/astra_camera_msgs/msg/detail/metadata__functions.c
[2.875s] -- Up-to-date: /home/agilex/limo_ros2_ws/install/astra_camera_msgs/include/astra_camera_msgs/msg/detail/device_info__struct.h
[2.876s] -- Up-to-date: /home/agilex/limo_ros2_ws/install/astra_camera_msgs/include/astra_camera_msgs/msg/detail/device_info__functions.h
[2.876s] -- Up-to-date: /home/agilex/limo_ros2_ws/install/astra_camera_msgs/include/astra_camera_msgs/msg/detail/metadata__type_support.h
[2.876s] -- Up-to-date: /home/agilex/limo_ros2_ws/install/astra_camera_msgs/include/astra_camera_msgs/msg/detail/extrinsics__functions.h
[2.876s] -- Up-to-date: /home/agilex/limo_ros2_ws/install/astra_camera_msgs/include/astra_camera_msgs/msg/detail/extrinsics__functions.c
[2.877s] -- Up-to-date: /home/agilex/limo_ros2_ws/install/astra_camera_msgs/include/astra_camera_msgs/msg/extrinsics.h
[2.877s] -- Up-to-date: /home/agilex/limo_ros2_ws/install/astra_camera_msgs/include/astra_camera_msgs/msg/metadata.h
[2.877s] -- Up-to-date: /home/agilex/limo_ros2_ws/install/astra_camera_msgs/include/astra_camera_msgs/msg/device_info.h
[2.878s] -- Up-to-date: /home/agilex/limo_ros2_ws/install/astra_camera_msgs/include/astra_camera_msgs/srv
[2.879s] -- Up-to-date: /home/agilex/limo_ros2_ws/install/astra_camera_msgs/include/astra_camera_msgs/srv/get_camera_info.h
[2.879s] -- Up-to-date: /home/agilex/limo_ros2_ws/install/astra_camera_msgs/include/astra_camera_msgs/srv/get_string.h
[2.879s] -- Up-to-date: /home/agilex/limo_ros2_ws/install/astra_camera_msgs/include/astra_camera_msgs/srv/get_int32.h
[2.880s] -- Up-to-date: /home/agilex/limo_ros2_ws/install/astra_camera_msgs/include/astra_camera_msgs/srv/set_int32.h
[2.880s] -- Up-to-date: /home/agilex/limo_ros2_ws/install/astra_camera_msgs/include/astra_camera_msgs/srv/detail
[2.881s] -- Up-to-date: /home/agilex/limo_ros2_ws/install/astra_camera_msgs/include/astra_camera_msgs/srv/detail/get_device_info__type_support.h
[2.881s] -- Up-to-date: /home/agilex/limo_ros2_ws/install/astra_camera_msgs/include/astra_camera_msgs/srv/detail/get_camera_info__functions.c
[2.881s] -- Up-to-date: /home/agilex/limo_ros2_ws/install/astra_camera_msgs/include/astra_camera_msgs/srv/detail/get_camera_info__type_support.h
[2.881s] -- Up-to-date: /home/agilex/limo_ros2_ws/install/astra_camera_msgs/include/astra_camera_msgs/srv/detail/get_string__type_support.h
[2.881s] -- Up-to-date: /home/agilex/limo_ros2_ws/install/astra_camera_msgs/include/astra_camera_msgs/srv/detail/set_int32__struct.h
[2.881s] -- Up-to-date: /home/agilex/limo_ros2_ws/install/astra_camera_msgs/include/astra_camera_msgs/srv/detail/get_int32__functions.h
[2.881s] -- Up-to-date: /home/agilex/limo_ros2_ws/install/astra_camera_msgs/include/astra_camera_msgs/srv/detail/get_camera_info__struct.h
[2.881s] -- Up-to-date: /home/agilex/limo_ros2_ws/install/astra_camera_msgs/include/astra_camera_msgs/srv/detail/get_int32__type_support.h
[2.882s] -- Up-to-date: /home/agilex/limo_ros2_ws/install/astra_camera_msgs/include/astra_camera_msgs/srv/detail/get_device_info__functions.h
[2.882s] -- Up-to-date: /home/agilex/limo_ros2_ws/install/astra_camera_msgs/include/astra_camera_msgs/srv/detail/get_camera_params__functions.h
[2.882s] -- Up-to-date: /home/agilex/limo_ros2_ws/install/astra_camera_msgs/include/astra_camera_msgs/srv/detail/get_camera_info__functions.h
[2.882s] -- Up-to-date: /home/agilex/limo_ros2_ws/install/astra_camera_msgs/include/astra_camera_msgs/srv/detail/get_device_info__functions.c
[2.882s] -- Up-to-date: /home/agilex/limo_ros2_ws/install/astra_camera_msgs/include/astra_camera_msgs/srv/detail/get_device_info__struct.h
[2.883s] -- Up-to-date: /home/agilex/limo_ros2_ws/install/astra_camera_msgs/include/astra_camera_msgs/srv/detail/get_string__functions.h
[2.883s] -- Up-to-date: /home/agilex/limo_ros2_ws/install/astra_camera_msgs/include/astra_camera_msgs/srv/detail/set_int32__type_support.h
[2.883s] -- Up-to-date: /home/agilex/limo_ros2_ws/install/astra_camera_msgs/include/astra_camera_msgs/srv/detail/get_string__struct.h
[2.883s] -- Up-to-date: /home/agilex/limo_ros2_ws/install/astra_camera_msgs/include/astra_camera_msgs/srv/detail/get_string__functions.c
[2.883s] -- Up-to-date: /home/agilex/limo_ros2_ws/install/astra_camera_msgs/include/astra_camera_msgs/srv/detail/get_camera_params__struct.h
[2.883s] -- Up-to-date: /home/agilex/limo_ros2_ws/install/astra_camera_msgs/include/astra_camera_msgs/srv/detail/set_int32__functions.c
[2.884s] -- Up-to-date: /home/agilex/limo_ros2_ws/install/astra_camera_msgs/include/astra_camera_msgs/srv/detail/get_camera_params__functions.c
[2.884s] -- Up-to-date: /home/agilex/limo_ros2_ws/install/astra_camera_msgs/include/astra_camera_msgs/srv/detail/get_int32__struct.h
[2.884s] -- Up-to-date: /home/agilex/limo_ros2_ws/install/astra_camera_msgs/include/astra_camera_msgs/srv/detail/get_int32__functions.c
[2.884s] -- Up-to-date: /home/agilex/limo_ros2_ws/install/astra_camera_msgs/include/astra_camera_msgs/srv/detail/get_camera_params__type_support.h
[2.884s] -- Up-to-date: /home/agilex/limo_ros2_ws/install/astra_camera_msgs/include/astra_camera_msgs/srv/detail/set_int32__functions.h
[2.884s] -- Up-to-date: /home/agilex/limo_ros2_ws/install/astra_camera_msgs/include/astra_camera_msgs/srv/get_device_info.h
[2.884s] -- Up-to-date: /home/agilex/limo_ros2_ws/install/astra_camera_msgs/include/astra_camera_msgs/srv/get_camera_params.h
[2.885s] -- Up-to-date: /home/agilex/limo_ros2_ws/install/astra_camera_msgs/share/astra_camera_msgs/environment/library_path.sh
[2.886s] -- Up-to-date: /home/agilex/limo_ros2_ws/install/astra_camera_msgs/share/astra_camera_msgs/environment/library_path.dsv
[2.886s] -- Up-to-date: /home/agilex/limo_ros2_ws/install/astra_camera_msgs/lib/libastra_camera_msgs__rosidl_generator_c.so
[2.887s] -- Up-to-date: /home/agilex/limo_ros2_ws/install/astra_camera_msgs/include/astra_camera_msgs
[2.887s] -- Up-to-date: /home/agilex/limo_ros2_ws/install/astra_camera_msgs/include/astra_camera_msgs/msg
[2.887s] -- Up-to-date: /home/agilex/limo_ros2_ws/install/astra_camera_msgs/include/astra_camera_msgs/msg/rosidl_typesupport_fastrtps_c__visibility_control.h
[2.887s] -- Up-to-date: /home/agilex/limo_ros2_ws/install/astra_camera_msgs/include/astra_camera_msgs/msg/detail
[2.888s] -- Up-to-date: /home/agilex/limo_ros2_ws/install/astra_camera_msgs/include/astra_camera_msgs/msg/detail/metadata__rosidl_typesupport_fastrtps_c.h
[2.888s] -- Up-to-date: /home/agilex/limo_ros2_ws/install/astra_camera_msgs/include/astra_camera_msgs/msg/detail/extrinsics__rosidl_typesupport_fastrtps_c.h
[2.889s] -- Up-to-date: /home/agilex/limo_ros2_ws/install/astra_camera_msgs/include/astra_camera_msgs/msg/detail/device_info__rosidl_typesupport_fastrtps_c.h
[2.889s] -- Up-to-date: /home/agilex/limo_ros2_ws/install/astra_camera_msgs/include/astra_camera_msgs/srv
[2.890s] -- Up-to-date: /home/agilex/limo_ros2_ws/install/astra_camera_msgs/include/astra_camera_msgs/srv/detail
[2.890s] -- Up-to-date: /home/agilex/limo_ros2_ws/install/astra_camera_msgs/include/astra_camera_msgs/srv/detail/get_camera_params__rosidl_typesupport_fastrtps_c.h
[2.890s] -- Up-to-date: /home/agilex/limo_ros2_ws/install/astra_camera_msgs/include/astra_camera_msgs/srv/detail/get_camera_info__rosidl_typesupport_fastrtps_c.h
[2.890s] -- Up-to-date: /home/agilex/limo_ros2_ws/install/astra_camera_msgs/include/astra_camera_msgs/srv/detail/get_int32__rosidl_typesupport_fastrtps_c.h
[2.891s] -- Up-to-date: /home/agilex/limo_ros2_ws/install/astra_camera_msgs/include/astra_camera_msgs/srv/detail/set_int32__rosidl_typesupport_fastrtps_c.h
[2.892s] -- Up-to-date: /home/agilex/limo_ros2_ws/install/astra_camera_msgs/include/astra_camera_msgs/srv/detail/get_string__rosidl_typesupport_fastrtps_c.h
[2.892s] -- Up-to-date: /home/agilex/limo_ros2_ws/install/astra_camera_msgs/include/astra_camera_msgs/srv/detail/get_device_info__rosidl_typesupport_fastrtps_c.h
[2.892s] -- Up-to-date: /home/agilex/limo_ros2_ws/install/astra_camera_msgs/lib/libastra_camera_msgs__rosidl_typesupport_fastrtps_c.so
[2.892s] -- Up-to-date: /home/agilex/limo_ros2_ws/install/astra_camera_msgs/include/astra_camera_msgs
[2.893s] -- Up-to-date: /home/agilex/limo_ros2_ws/install/astra_camera_msgs/include/astra_camera_msgs/msg
[2.893s] -- Up-to-date: /home/agilex/limo_ros2_ws/install/astra_camera_msgs/include/astra_camera_msgs/msg/rosidl_typesupport_fastrtps_cpp__visibility_control.h
[2.893s] -- Up-to-date: /home/agilex/limo_ros2_ws/install/astra_camera_msgs/include/astra_camera_msgs/msg/detail
[2.893s] -- Up-to-date: /home/agilex/limo_ros2_ws/install/astra_camera_msgs/include/astra_camera_msgs/msg/detail/device_info__rosidl_typesupport_fastrtps_cpp.hpp
[2.893s] -- Up-to-date: /home/agilex/limo_ros2_ws/install/astra_camera_msgs/include/astra_camera_msgs/msg/detail/dds_fastrtps
[2.894s] -- Up-to-date: /home/agilex/limo_ros2_ws/install/astra_camera_msgs/include/astra_camera_msgs/msg/detail/metadata__rosidl_typesupport_fastrtps_cpp.hpp
[2.895s] -- Up-to-date: /home/agilex/limo_ros2_ws/install/astra_camera_msgs/include/astra_camera_msgs/msg/detail/extrinsics__rosidl_typesupport_fastrtps_cpp.hpp
[2.895s] -- Up-to-date: /home/agilex/limo_ros2_ws/install/astra_camera_msgs/include/astra_camera_msgs/srv
[2.897s] -- Up-to-date: /home/agilex/limo_ros2_ws/install/astra_camera_msgs/include/astra_camera_msgs/srv/detail
[2.897s] -- Up-to-date: /home/agilex/limo_ros2_ws/install/astra_camera_msgs/include/astra_camera_msgs/srv/detail/get_camera_params__rosidl_typesupport_fastrtps_cpp.hpp
[2.898s] -- Up-to-date: /home/agilex/limo_ros2_ws/install/astra_camera_msgs/include/astra_camera_msgs/srv/detail/get_device_info__rosidl_typesupport_fastrtps_cpp.hpp
[2.898s] -- Up-to-date: /home/agilex/limo_ros2_ws/install/astra_camera_msgs/include/astra_camera_msgs/srv/detail/dds_fastrtps
[2.898s] -- Up-to-date: /home/agilex/limo_ros2_ws/install/astra_camera_msgs/include/astra_camera_msgs/srv/detail/get_string__rosidl_typesupport_fastrtps_cpp.hpp
[2.898s] -- Up-to-date: /home/agilex/limo_ros2_ws/install/astra_camera_msgs/include/astra_camera_msgs/srv/detail/set_int32__rosidl_typesupport_fastrtps_cpp.hpp
[2.898s] -- Up-to-date: /home/agilex/limo_ros2_ws/install/astra_camera_msgs/include/astra_camera_msgs/srv/detail/get_int32__rosidl_typesupport_fastrtps_cpp.hpp
[2.899s] -- Up-to-date: /home/agilex/limo_ros2_ws/install/astra_camera_msgs/include/astra_camera_msgs/srv/detail/get_camera_info__rosidl_typesupport_fastrtps_cpp.hpp
[2.899s] -- Up-to-date: /home/agilex/limo_ros2_ws/install/astra_camera_msgs/lib/libastra_camera_msgs__rosidl_typesupport_fastrtps_cpp.so
[2.899s] -- Up-to-date: /home/agilex/limo_ros2_ws/install/astra_camera_msgs/include/astra_camera_msgs
[2.899s] -- Up-to-date: /home/agilex/limo_ros2_ws/install/astra_camera_msgs/include/astra_camera_msgs/msg
[2.900s] -- Up-to-date: /home/agilex/limo_ros2_ws/install/astra_camera_msgs/include/astra_camera_msgs/msg/rosidl_typesupport_introspection_c__visibility_control.h
[2.900s] -- Up-to-date: /home/agilex/limo_ros2_ws/install/astra_camera_msgs/include/astra_camera_msgs/msg/detail
[2.900s] -- Up-to-date: /home/agilex/limo_ros2_ws/install/astra_camera_msgs/include/astra_camera_msgs/msg/detail/device_info__rosidl_typesupport_introspection_c.h
[2.900s] -- Up-to-date: /home/agilex/limo_ros2_ws/install/astra_camera_msgs/include/astra_camera_msgs/msg/detail/metadata__type_support.c
[2.900s] -- Up-to-date: /home/agilex/limo_ros2_ws/install/astra_camera_msgs/include/astra_camera_msgs/msg/detail/device_info__type_support.c
[2.901s] -- Up-to-date: /home/agilex/limo_ros2_ws/install/astra_camera_msgs/include/astra_camera_msgs/msg/detail/extrinsics__type_support.c
[2.901s] -- Up-to-date: /home/agilex/limo_ros2_ws/install/astra_camera_msgs/include/astra_camera_msgs/msg/detail/extrinsics__rosidl_typesupport_introspection_c.h
[2.901s] -- Up-to-date: /home/agilex/limo_ros2_ws/install/astra_camera_msgs/include/astra_camera_msgs/msg/detail/metadata__rosidl_typesupport_introspection_c.h
[2.909s] -- Up-to-date: /home/agilex/limo_ros2_ws/install/astra_camera_msgs/include/astra_camera_msgs/srv
[2.909s] -- Up-to-date: /home/agilex/limo_ros2_ws/install/astra_camera_msgs/include/astra_camera_msgs/srv/detail
[2.909s] -- Up-to-date: /home/agilex/limo_ros2_ws/install/astra_camera_msgs/include/astra_camera_msgs/srv/detail/get_camera_params__type_support.c
[2.909s] -- Up-to-date: /home/agilex/limo_ros2_ws/install/astra_camera_msgs/include/astra_camera_msgs/srv/detail/get_camera_info__type_support.c
[2.909s] -- Up-to-date: /home/agilex/limo_ros2_ws/install/astra_camera_msgs/include/astra_camera_msgs/srv/detail/set_int32__type_support.c
[2.909s] -- Up-to-date: /home/agilex/limo_ros2_ws/install/astra_camera_msgs/include/astra_camera_msgs/srv/detail/set_int32__rosidl_typesupport_introspection_c.h
[2.910s] -- Up-to-date: /home/agilex/limo_ros2_ws/install/astra_camera_msgs/include/astra_camera_msgs/srv/detail/get_device_info__rosidl_typesupport_introspection_c.h
[2.910s] -- Up-to-date: /home/agilex/limo_ros2_ws/install/astra_camera_msgs/include/astra_camera_msgs/srv/detail/get_string__type_support.c
[2.910s] -- Up-to-date: /home/agilex/limo_ros2_ws/install/astra_camera_msgs/include/astra_camera_msgs/srv/detail/get_camera_params__rosidl_typesupport_introspection_c.h
[2.911s] -- Up-to-date: /home/agilex/limo_ros2_ws/install/astra_camera_msgs/include/astra_camera_msgs/srv/detail/get_camera_info__rosidl_typesupport_introspection_c.h
[2.911s] -- Up-to-date: /home/agilex/limo_ros2_ws/install/astra_camera_msgs/include/astra_camera_msgs/srv/detail/get_string__rosidl_typesupport_introspection_c.h
[2.911s] -- Up-to-date: /home/agilex/limo_ros2_ws/install/astra_camera_msgs/include/astra_camera_msgs/srv/detail/get_int32__rosidl_typesupport_introspection_c.h
[2.911s] -- Up-to-date: /home/agilex/limo_ros2_ws/install/astra_camera_msgs/include/astra_camera_msgs/srv/detail/get_device_info__type_support.c
[2.911s] -- Up-to-date: /home/agilex/limo_ros2_ws/install/astra_camera_msgs/include/astra_camera_msgs/srv/detail/get_int32__type_support.c
[2.911s] -- Up-to-date: /home/agilex/limo_ros2_ws/install/astra_camera_msgs/lib/libastra_camera_msgs__rosidl_typesupport_introspection_c.so
[2.911s] -- Up-to-date: /home/agilex/limo_ros2_ws/install/astra_camera_msgs/lib/libastra_camera_msgs__rosidl_typesupport_c.so
[2.912s] -- Up-to-date: /home/agilex/limo_ros2_ws/install/astra_camera_msgs/include/astra_camera_msgs
[2.912s] -- Up-to-date: /home/agilex/limo_ros2_ws/install/astra_camera_msgs/include/astra_camera_msgs/msg
[2.912s] -- Up-to-date: /home/agilex/limo_ros2_ws/install/astra_camera_msgs/include/astra_camera_msgs/msg/device_info.hpp
[2.912s] -- Up-to-date: /home/agilex/limo_ros2_ws/install/astra_camera_msgs/include/astra_camera_msgs/msg/rosidl_generator_cpp__visibility_control.hpp
[2.912s] -- Up-to-date: /home/agilex/limo_ros2_ws/install/astra_camera_msgs/include/astra_camera_msgs/msg/metadata.hpp
[2.912s] -- Up-to-date: /home/agilex/limo_ros2_ws/install/astra_camera_msgs/include/astra_camera_msgs/msg/detail
[2.912s] -- Up-to-date: /home/agilex/limo_ros2_ws/install/astra_camera_msgs/include/astra_camera_msgs/msg/detail/extrinsics__struct.hpp
[2.912s] -- Up-to-date: /home/agilex/limo_ros2_ws/install/astra_camera_msgs/include/astra_camera_msgs/msg/detail/device_info__type_support.hpp
[2.913s] -- Up-to-date: /home/agilex/limo_ros2_ws/install/astra_camera_msgs/include/astra_camera_msgs/msg/detail/metadata__type_support.hpp
[2.913s] -- Up-to-date: /home/agilex/limo_ros2_ws/install/astra_camera_msgs/include/astra_camera_msgs/msg/detail/metadata__struct.hpp
[2.913s] -- Up-to-date: /home/agilex/limo_ros2_ws/install/astra_camera_msgs/include/astra_camera_msgs/msg/detail/extrinsics__traits.hpp
[2.913s] -- Up-to-date: /home/agilex/limo_ros2_ws/install/astra_camera_msgs/include/astra_camera_msgs/msg/detail/extrinsics__builder.hpp
[2.913s] -- Up-to-date: /home/agilex/limo_ros2_ws/install/astra_camera_msgs/include/astra_camera_msgs/msg/detail/device_info__struct.hpp
[2.913s] -- Up-to-date: /home/agilex/limo_ros2_ws/install/astra_camera_msgs/include/astra_camera_msgs/msg/detail/metadata__builder.hpp
[2.913s] -- Up-to-date: /home/agilex/limo_ros2_ws/install/astra_camera_msgs/include/astra_camera_msgs/msg/detail/device_info__builder.hpp
[2.913s] -- Up-to-date: /home/agilex/limo_ros2_ws/install/astra_camera_msgs/include/astra_camera_msgs/msg/detail/device_info__traits.hpp
[2.914s] -- Up-to-date: /home/agilex/limo_ros2_ws/install/astra_camera_msgs/include/astra_camera_msgs/msg/detail/extrinsics__type_support.hpp
[2.914s] -- Up-to-date: /home/agilex/limo_ros2_ws/install/astra_camera_msgs/include/astra_camera_msgs/msg/detail/metadata__traits.hpp
[2.914s] -- Up-to-date: /home/agilex/limo_ros2_ws/install/astra_camera_msgs/include/astra_camera_msgs/msg/extrinsics.hpp
[2.914s] -- Up-to-date: /home/agilex/limo_ros2_ws/install/astra_camera_msgs/include/astra_camera_msgs/srv
[2.914s] -- Up-to-date: /home/agilex/limo_ros2_ws/install/astra_camera_msgs/include/astra_camera_msgs/srv/set_int32.hpp
[2.914s] -- Up-to-date: /home/agilex/limo_ros2_ws/install/astra_camera_msgs/include/astra_camera_msgs/srv/get_string.hpp
[2.914s] -- Up-to-date: /home/agilex/limo_ros2_ws/install/astra_camera_msgs/include/astra_camera_msgs/srv/get_int32.hpp
[2.914s] -- Up-to-date: /home/agilex/limo_ros2_ws/install/astra_camera_msgs/include/astra_camera_msgs/srv/detail
[2.915s] -- Up-to-date: /home/agilex/limo_ros2_ws/install/astra_camera_msgs/include/astra_camera_msgs/srv/detail/set_int32__traits.hpp
[2.915s] -- Up-to-date: /home/agilex/limo_ros2_ws/install/astra_camera_msgs/include/astra_camera_msgs/srv/detail/get_device_info__struct.hpp
[2.921s] -- Up-to-date: /home/agilex/limo_ros2_ws/install/astra_camera_msgs/include/astra_camera_msgs/srv/detail/get_device_info__builder.hpp
[2.921s] -- Up-to-date: /home/agilex/limo_ros2_ws/install/astra_camera_msgs/include/astra_camera_msgs/srv/detail/get_camera_info__traits.hpp
[2.922s] -- Up-to-date: /home/agilex/limo_ros2_ws/install/astra_camera_msgs/include/astra_camera_msgs/srv/detail/get_string__builder.hpp
[2.922s] -- Up-to-date: /home/agilex/limo_ros2_ws/install/astra_camera_msgs/include/astra_camera_msgs/srv/detail/get_int32__struct.hpp
[2.922s] -- Up-to-date: /home/agilex/limo_ros2_ws/install/astra_camera_msgs/include/astra_camera_msgs/srv/detail/get_string__struct.hpp
[2.922s] -- Up-to-date: /home/agilex/limo_ros2_ws/install/astra_camera_msgs/include/astra_camera_msgs/srv/detail/get_camera_info__struct.hpp
[2.922s] -- Up-to-date: /home/agilex/limo_ros2_ws/install/astra_camera_msgs/include/astra_camera_msgs/srv/detail/get_camera_params__traits.hpp
[2.922s] -- Up-to-date: /home/agilex/limo_ros2_ws/install/astra_camera_msgs/include/astra_camera_msgs/srv/detail/get_camera_info__type_support.hpp
[2.922s] -- Up-to-date: /home/agilex/limo_ros2_ws/install/astra_camera_msgs/include/astra_camera_msgs/srv/detail/get_camera_params__struct.hpp
[2.923s] -- Up-to-date: /home/agilex/limo_ros2_ws/install/astra_camera_msgs/include/astra_camera_msgs/srv/detail/get_int32__type_support.hpp
[2.923s] -- Up-to-date: /home/agilex/limo_ros2_ws/install/astra_camera_msgs/include/astra_camera_msgs/srv/detail/get_int32__builder.hpp
[2.923s] -- Up-to-date: /home/agilex/limo_ros2_ws/install/astra_camera_msgs/include/astra_camera_msgs/srv/detail/get_device_info__type_support.hpp
[2.923s] -- Up-to-date: /home/agilex/limo_ros2_ws/install/astra_camera_msgs/include/astra_camera_msgs/srv/detail/get_int32__traits.hpp
[2.923s] -- Up-to-date: /home/agilex/limo_ros2_ws/install/astra_camera_msgs/include/astra_camera_msgs/srv/detail/get_camera_params__builder.hpp
[2.923s] -- Up-to-date: /home/agilex/limo_ros2_ws/install/astra_camera_msgs/include/astra_camera_msgs/srv/detail/get_string__type_support.hpp
[2.923s] -- Up-to-date: /home/agilex/limo_ros2_ws/install/astra_camera_msgs/include/astra_camera_msgs/srv/detail/set_int32__builder.hpp
[2.924s] -- Up-to-date: /home/agilex/limo_ros2_ws/install/astra_camera_msgs/include/astra_camera_msgs/srv/detail/get_camera_params__type_support.hpp
[2.924s] -- Up-to-date: /home/agilex/limo_ros2_ws/install/astra_camera_msgs/include/astra_camera_msgs/srv/detail/get_device_info__traits.hpp
[2.924s] -- Up-to-date: /home/agilex/limo_ros2_ws/install/astra_camera_msgs/include/astra_camera_msgs/srv/detail/set_int32__type_support.hpp
[2.924s] -- Up-to-date: /home/agilex/limo_ros2_ws/install/astra_camera_msgs/include/astra_camera_msgs/srv/detail/get_string__traits.hpp
[2.924s] -- Up-to-date: /home/agilex/limo_ros2_ws/install/astra_camera_msgs/include/astra_camera_msgs/srv/detail/get_camera_info__builder.hpp
[2.924s] -- Up-to-date: /home/agilex/limo_ros2_ws/install/astra_camera_msgs/include/astra_camera_msgs/srv/detail/set_int32__struct.hpp
[2.924s] -- Up-to-date: /home/agilex/limo_ros2_ws/install/astra_camera_msgs/include/astra_camera_msgs/srv/get_camera_params.hpp
[2.925s] -- Up-to-date: /home/agilex/limo_ros2_ws/install/astra_camera_msgs/include/astra_camera_msgs/srv/get_device_info.hpp
[2.925s] -- Up-to-date: /home/agilex/limo_ros2_ws/install/astra_camera_msgs/include/astra_camera_msgs/srv/get_camera_info.hpp
[2.925s] -- Up-to-date: /home/agilex/limo_ros2_ws/install/astra_camera_msgs/include/astra_camera_msgs
[2.925s] -- Up-to-date: /home/agilex/limo_ros2_ws/install/astra_camera_msgs/include/astra_camera_msgs/msg
[2.925s] -- Up-to-date: /home/agilex/limo_ros2_ws/install/astra_camera_msgs/include/astra_camera_msgs/msg/detail
[2.925s] -- Up-to-date: /home/agilex/limo_ros2_ws/install/astra_camera_msgs/include/astra_camera_msgs/msg/detail/extrinsics__type_support.cpp
[2.931s] -- Up-to-date: /home/agilex/limo_ros2_ws/install/astra_camera_msgs/include/astra_camera_msgs/msg/detail/metadata__rosidl_typesupport_introspection_cpp.hpp
[2.931s] -- Up-to-date: /home/agilex/limo_ros2_ws/install/astra_camera_msgs/include/astra_camera_msgs/msg/detail/device_info__rosidl_typesupport_introspection_cpp.hpp
[2.931s] -- Up-to-date: /home/agilex/limo_ros2_ws/install/astra_camera_msgs/include/astra_camera_msgs/msg/detail/extrinsics__rosidl_typesupport_introspection_cpp.hpp
[2.931s] -- Up-to-date: /home/agilex/limo_ros2_ws/install/astra_camera_msgs/include/astra_camera_msgs/msg/detail/metadata__type_support.cpp
[2.931s] -- Up-to-date: /home/agilex/limo_ros2_ws/install/astra_camera_msgs/include/astra_camera_msgs/msg/detail/device_info__type_support.cpp
[2.932s] -- Up-to-date: /home/agilex/limo_ros2_ws/install/astra_camera_msgs/include/astra_camera_msgs/srv
[2.932s] -- Up-to-date: /home/agilex/limo_ros2_ws/install/astra_camera_msgs/include/astra_camera_msgs/srv/detail
[2.932s] -- Up-to-date: /home/agilex/limo_ros2_ws/install/astra_camera_msgs/include/astra_camera_msgs/srv/detail/set_int32__rosidl_typesupport_introspection_cpp.hpp
[2.932s] -- Up-to-date: /home/agilex/limo_ros2_ws/install/astra_camera_msgs/include/astra_camera_msgs/srv/detail/get_int32__rosidl_typesupport_introspection_cpp.hpp
[2.932s] -- Up-to-date: /home/agilex/limo_ros2_ws/install/astra_camera_msgs/include/astra_camera_msgs/srv/detail/get_device_info__rosidl_typesupport_introspection_cpp.hpp
[2.932s] -- Up-to-date: /home/agilex/limo_ros2_ws/install/astra_camera_msgs/include/astra_camera_msgs/srv/detail/get_camera_params__type_support.cpp
[2.932s] -- Up-to-date: /home/agilex/limo_ros2_ws/install/astra_camera_msgs/include/astra_camera_msgs/srv/detail/get_camera_info__type_support.cpp
[2.933s] -- Up-to-date: /home/agilex/limo_ros2_ws/install/astra_camera_msgs/include/astra_camera_msgs/srv/detail/get_string__type_support.cpp
[2.933s] -- Up-to-date: /home/agilex/limo_ros2_ws/install/astra_camera_msgs/include/astra_camera_msgs/srv/detail/get_camera_info__rosidl_typesupport_introspection_cpp.hpp
[2.933s] -- Up-to-date: /home/agilex/limo_ros2_ws/install/astra_camera_msgs/include/astra_camera_msgs/srv/detail/get_device_info__type_support.cpp
[2.933s] -- Up-to-date: /home/agilex/limo_ros2_ws/install/astra_camera_msgs/include/astra_camera_msgs/srv/detail/set_int32__type_support.cpp
[2.933s] -- Up-to-date: /home/agilex/limo_ros2_ws/install/astra_camera_msgs/include/astra_camera_msgs/srv/detail/get_camera_params__rosidl_typesupport_introspection_cpp.hpp
[2.933s] -- Up-to-date: /home/agilex/limo_ros2_ws/install/astra_camera_msgs/include/astra_camera_msgs/srv/detail/get_string__rosidl_typesupport_introspection_cpp.hpp
[2.933s] -- Up-to-date: /home/agilex/limo_ros2_ws/install/astra_camera_msgs/include/astra_camera_msgs/srv/detail/get_int32__type_support.cpp
[2.934s] -- Up-to-date: /home/agilex/limo_ros2_ws/install/astra_camera_msgs/lib/libastra_camera_msgs__rosidl_typesupport_introspection_cpp.so
[2.934s] -- Up-to-date: /home/agilex/limo_ros2_ws/install/astra_camera_msgs/lib/libastra_camera_msgs__rosidl_typesupport_cpp.so
[2.934s] -- Up-to-date: /home/agilex/limo_ros2_ws/install/astra_camera_msgs/share/astra_camera_msgs/environment/pythonpath.sh
[2.940s] -- Up-to-date: /home/agilex/limo_ros2_ws/install/astra_camera_msgs/share/astra_camera_msgs/environment/pythonpath.dsv
[2.941s] -- Up-to-date: /home/agilex/limo_ros2_ws/install/astra_camera_msgs/lib/python3.8/site-packages/astra_camera_msgs/__init__.py
[3.025s] -- Up-to-date: /home/agilex/limo_ros2_ws/install/astra_camera_msgs/lib/python3.8/site-packages/astra_camera_msgs/msg
[3.025s] -- Up-to-date: /home/agilex/limo_ros2_ws/install/astra_camera_msgs/lib/python3.8/site-packages/astra_camera_msgs/msg/_extrinsics.py
[3.025s] -- Up-to-date: /home/agilex/limo_ros2_ws/install/astra_camera_msgs/lib/python3.8/site-packages/astra_camera_msgs/msg/_device_info_s.c
[3.025s] -- Up-to-date: /home/agilex/limo_ros2_ws/install/astra_camera_msgs/lib/python3.8/site-packages/astra_camera_msgs/msg/__init__.py
[3.026s] -- Up-to-date: /home/agilex/limo_ros2_ws/install/astra_camera_msgs/lib/python3.8/site-packages/astra_camera_msgs/msg/_metadata_s.c
[3.026s] -- Up-to-date: /home/agilex/limo_ros2_ws/install/astra_camera_msgs/lib/python3.8/site-packages/astra_camera_msgs/msg/_device_info.py
[3.026s] -- Up-to-date: /home/agilex/limo_ros2_ws/install/astra_camera_msgs/lib/python3.8/site-packages/astra_camera_msgs/msg/_metadata.py
[3.026s] -- Up-to-date: /home/agilex/limo_ros2_ws/install/astra_camera_msgs/lib/python3.8/site-packages/astra_camera_msgs/msg/_extrinsics_s.c
[3.026s] -- Up-to-date: /home/agilex/limo_ros2_ws/install/astra_camera_msgs/lib/python3.8/site-packages/astra_camera_msgs/srv
[3.026s] -- Up-to-date: /home/agilex/limo_ros2_ws/install/astra_camera_msgs/lib/python3.8/site-packages/astra_camera_msgs/srv/_get_camera_params_s.c
[3.026s] -- Up-to-date: /home/agilex/limo_ros2_ws/install/astra_camera_msgs/lib/python3.8/site-packages/astra_camera_msgs/srv/_get_int32_s.c
[3.027s] -- Up-to-date: /home/agilex/limo_ros2_ws/install/astra_camera_msgs/lib/python3.8/site-packages/astra_camera_msgs/srv/_get_device_info.py
[3.027s] -- Up-to-date: /home/agilex/limo_ros2_ws/install/astra_camera_msgs/lib/python3.8/site-packages/astra_camera_msgs/srv/_get_string_s.c
[3.027s] -- Up-to-date: /home/agilex/limo_ros2_ws/install/astra_camera_msgs/lib/python3.8/site-packages/astra_camera_msgs/srv/_get_camera_info.py
[3.027s] -- Up-to-date: /home/agilex/limo_ros2_ws/install/astra_camera_msgs/lib/python3.8/site-packages/astra_camera_msgs/srv/_get_device_info_s.c
[3.027s] -- Up-to-date: /home/agilex/limo_ros2_ws/install/astra_camera_msgs/lib/python3.8/site-packages/astra_camera_msgs/srv/_get_int32.py
[3.027s] -- Up-to-date: /home/agilex/limo_ros2_ws/install/astra_camera_msgs/lib/python3.8/site-packages/astra_camera_msgs/srv/__init__.py
[3.027s] -- Up-to-date: /home/agilex/limo_ros2_ws/install/astra_camera_msgs/lib/python3.8/site-packages/astra_camera_msgs/srv/_get_camera_info_s.c
[3.027s] -- Up-to-date: /home/agilex/limo_ros2_ws/install/astra_camera_msgs/lib/python3.8/site-packages/astra_camera_msgs/srv/_set_int32.py
[3.028s] -- Up-to-date: /home/agilex/limo_ros2_ws/install/astra_camera_msgs/lib/python3.8/site-packages/astra_camera_msgs/srv/_get_string.py
[3.028s] -- Up-to-date: /home/agilex/limo_ros2_ws/install/astra_camera_msgs/lib/python3.8/site-packages/astra_camera_msgs/srv/_get_camera_params.py
[3.028s] -- Up-to-date: /home/agilex/limo_ros2_ws/install/astra_camera_msgs/lib/python3.8/site-packages/astra_camera_msgs/srv/_set_int32_s.c
[3.028s] -- Up-to-date: /home/agilex/limo_ros2_ws/install/astra_camera_msgs/lib/python3.8/site-packages/astra_camera_msgs/astra_camera_msgs_s__rosidl_typesupport_fastrtps_c.cpython-38-aarch64-linux-gnu.so
[3.028s] -- Up-to-date: /home/agilex/limo_ros2_ws/install/astra_camera_msgs/lib/python3.8/site-packages/astra_camera_msgs/astra_camera_msgs_s__rosidl_typesupport_introspection_c.cpython-38-aarch64-linux-gnu.so
[3.033s] -- Up-to-date: /home/agilex/limo_ros2_ws/install/astra_camera_msgs/lib/python3.8/site-packages/astra_camera_msgs/astra_camera_msgs_s__rosidl_typesupport_c.cpython-38-aarch64-linux-gnu.so
[3.034s] -- Up-to-date: /home/agilex/limo_ros2_ws/install/astra_camera_msgs/lib/libastra_camera_msgs__python.so
[3.034s] -- Up-to-date: /home/agilex/limo_ros2_ws/install/astra_camera_msgs/share/astra_camera_msgs/msg/DeviceInfo.idl
[3.034s] -- Up-to-date: /home/agilex/limo_ros2_ws/install/astra_camera_msgs/share/astra_camera_msgs/msg/Extrinsics.idl
[3.034s] -- Up-to-date: /home/agilex/limo_ros2_ws/install/astra_camera_msgs/share/astra_camera_msgs/msg/Metadata.idl
[3.035s] -- Up-to-date: /home/agilex/limo_ros2_ws/install/astra_camera_msgs/share/astra_camera_msgs/srv/GetDeviceInfo.idl
[3.035s] -- Up-to-date: /home/agilex/limo_ros2_ws/install/astra_camera_msgs/share/astra_camera_msgs/srv/GetCameraInfo.idl
[3.035s] -- Up-to-date: /home/agilex/limo_ros2_ws/install/astra_camera_msgs/share/astra_camera_msgs/srv/GetCameraParams.idl
[3.035s] -- Up-to-date: /home/agilex/limo_ros2_ws/install/astra_camera_msgs/share/astra_camera_msgs/srv/GetInt32.idl
[3.035s] -- Up-to-date: /home/agilex/limo_ros2_ws/install/astra_camera_msgs/share/astra_camera_msgs/srv/GetString.idl
[3.035s] -- Up-to-date: /home/agilex/limo_ros2_ws/install/astra_camera_msgs/share/astra_camera_msgs/srv/SetInt32.idl
[3.035s] -- Up-to-date: /home/agilex/limo_ros2_ws/install/astra_camera_msgs/share/astra_camera_msgs/msg/DeviceInfo.msg
[3.035s] -- Up-to-date: /home/agilex/limo_ros2_ws/install/astra_camera_msgs/share/astra_camera_msgs/msg/Extrinsics.msg
[3.036s] -- Up-to-date: /home/agilex/limo_ros2_ws/install/astra_camera_msgs/share/astra_camera_msgs/msg/Metadata.msg
[3.036s] -- Up-to-date: /home/agilex/limo_ros2_ws/install/astra_camera_msgs/share/astra_camera_msgs/srv/GetDeviceInfo.srv
[3.036s] -- Up-to-date: /home/agilex/limo_ros2_ws/install/astra_camera_msgs/share/astra_camera_msgs/srv/GetDeviceInfo_Request.msg
[3.036s] -- Up-to-date: /home/agilex/limo_ros2_ws/install/astra_camera_msgs/share/astra_camera_msgs/srv/GetDeviceInfo_Response.msg
[3.036s] -- Up-to-date: /home/agilex/limo_ros2_ws/install/astra_camera_msgs/share/astra_camera_msgs/srv/GetCameraInfo.srv
[3.036s] -- Up-to-date: /home/agilex/limo_ros2_ws/install/astra_camera_msgs/share/astra_camera_msgs/srv/GetCameraInfo_Request.msg
[3.037s] -- Up-to-date: /home/agilex/limo_ros2_ws/install/astra_camera_msgs/share/astra_camera_msgs/srv/GetCameraInfo_Response.msg
[3.037s] -- Up-to-date: /home/agilex/limo_ros2_ws/install/astra_camera_msgs/share/astra_camera_msgs/srv/GetCameraParams.srv
[3.037s] -- Up-to-date: /home/agilex/limo_ros2_ws/install/astra_camera_msgs/share/astra_camera_msgs/srv/GetCameraParams_Request.msg
[3.037s] -- Up-to-date: /home/agilex/limo_ros2_ws/install/astra_camera_msgs/share/astra_camera_msgs/srv/GetCameraParams_Response.msg
[3.037s] -- Up-to-date: /home/agilex/limo_ros2_ws/install/astra_camera_msgs/share/astra_camera_msgs/srv/GetInt32.srv
[3.037s] -- Up-to-date: /home/agilex/limo_ros2_ws/install/astra_camera_msgs/share/astra_camera_msgs/srv/GetInt32_Request.msg
[3.037s] -- Up-to-date: /home/agilex/limo_ros2_ws/install/astra_camera_msgs/share/astra_camera_msgs/srv/GetInt32_Response.msg
[3.037s] -- Up-to-date: /home/agilex/limo_ros2_ws/install/astra_camera_msgs/share/astra_camera_msgs/srv/GetString.srv
[3.037s] -- Up-to-date: /home/agilex/limo_ros2_ws/install/astra_camera_msgs/share/astra_camera_msgs/srv/GetString_Request.msg
[3.038s] -- Up-to-date: /home/agilex/limo_ros2_ws/install/astra_camera_msgs/share/astra_camera_msgs/srv/GetString_Response.msg
[3.038s] -- Up-to-date: /home/agilex/limo_ros2_ws/install/astra_camera_msgs/share/astra_camera_msgs/srv/SetInt32.srv
[3.038s] -- Up-to-date: /home/agilex/limo_ros2_ws/install/astra_camera_msgs/share/astra_camera_msgs/srv/SetInt32_Request.msg
[3.038s] -- Up-to-date: /home/agilex/limo_ros2_ws/install/astra_camera_msgs/share/astra_camera_msgs/srv/SetInt32_Response.msg
[3.038s] -- Up-to-date: /home/agilex/limo_ros2_ws/install/astra_camera_msgs/share/ament_index/resource_index/package_run_dependencies/astra_camera_msgs
[3.039s] -- Up-to-date: /home/agilex/limo_ros2_ws/install/astra_camera_msgs/share/ament_index/resource_index/parent_prefix_path/astra_camera_msgs
[3.039s] -- Up-to-date: /home/agilex/limo_ros2_ws/install/astra_camera_msgs/share/astra_camera_msgs/environment/ament_prefix_path.sh
[3.039s] -- Up-to-date: /home/agilex/limo_ros2_ws/install/astra_camera_msgs/share/astra_camera_msgs/environment/ament_prefix_path.dsv
[3.039s] -- Up-to-date: /home/agilex/limo_ros2_ws/install/astra_camera_msgs/share/astra_camera_msgs/environment/path.sh
[3.039s] -- Up-to-date: /home/agilex/limo_ros2_ws/install/astra_camera_msgs/share/astra_camera_msgs/environment/path.dsv
[3.039s] -- Up-to-date: /home/agilex/limo_ros2_ws/install/astra_camera_msgs/share/astra_camera_msgs/local_setup.bash
[3.040s] -- Up-to-date: /home/agilex/limo_ros2_ws/install/astra_camera_msgs/share/astra_camera_msgs/local_setup.sh
[3.040s] -- Up-to-date: /home/agilex/limo_ros2_ws/install/astra_camera_msgs/share/astra_camera_msgs/local_setup.zsh
[3.040s] -- Up-to-date: /home/agilex/limo_ros2_ws/install/astra_camera_msgs/share/astra_camera_msgs/local_setup.dsv
[3.040s] -- Installing: /home/agilex/limo_ros2_ws/install/astra_camera_msgs/share/astra_camera_msgs/package.dsv
[3.040s] -- Up-to-date: /home/agilex/limo_ros2_ws/install/astra_camera_msgs/share/ament_index/resource_index/packages/astra_camera_msgs
[3.040s] -- Up-to-date: /home/agilex/limo_ros2_ws/install/astra_camera_msgs/share/astra_camera_msgs/cmake/astra_camera_msgs__rosidl_generator_cExport.cmake
[3.040s] -- Up-to-date: /home/agilex/limo_ros2_ws/install/astra_camera_msgs/share/astra_camera_msgs/cmake/astra_camera_msgs__rosidl_generator_cExport-release.cmake
[3.041s] -- Up-to-date: /home/agilex/limo_ros2_ws/install/astra_camera_msgs/share/astra_camera_msgs/cmake/astra_camera_msgs__rosidl_typesupport_introspection_cExport.cmake
[3.041s] -- Up-to-date: /home/agilex/limo_ros2_ws/install/astra_camera_msgs/share/astra_camera_msgs/cmake/astra_camera_msgs__rosidl_typesupport_introspection_cExport-release.cmake
[3.043s] -- Up-to-date: /home/agilex/limo_ros2_ws/install/astra_camera_msgs/share/astra_camera_msgs/cmake/astra_camera_msgs__rosidl_typesupport_cExport.cmake
[3.045s] -- Up-to-date: /home/agilex/limo_ros2_ws/install/astra_camera_msgs/share/astra_camera_msgs/cmake/astra_camera_msgs__rosidl_typesupport_cExport-release.cmake
[3.046s] -- Up-to-date: /home/agilex/limo_ros2_ws/install/astra_camera_msgs/share/astra_camera_msgs/cmake/astra_camera_msgs__rosidl_generator_cppExport.cmake
[3.046s] -- Up-to-date: /home/agilex/limo_ros2_ws/install/astra_camera_msgs/share/astra_camera_msgs/cmake/astra_camera_msgs__rosidl_typesupport_introspection_cppExport.cmake
[3.047s] -- Up-to-date: /home/agilex/limo_ros2_ws/install/astra_camera_msgs/share/astra_camera_msgs/cmake/astra_camera_msgs__rosidl_typesupport_introspection_cppExport-release.cmake
[3.047s] -- Up-to-date: /home/agilex/limo_ros2_ws/install/astra_camera_msgs/share/astra_camera_msgs/cmake/astra_camera_msgs__rosidl_typesupport_cppExport.cmake
[3.047s] -- Up-to-date: /home/agilex/limo_ros2_ws/install/astra_camera_msgs/share/astra_camera_msgs/cmake/astra_camera_msgs__rosidl_typesupport_cppExport-release.cmake
[3.047s] -- Up-to-date: /home/agilex/limo_ros2_ws/install/astra_camera_msgs/share/astra_camera_msgs/cmake/rosidl_cmake-extras.cmake
[3.047s] -- Up-to-date: /home/agilex/limo_ros2_ws/install/astra_camera_msgs/share/astra_camera_msgs/cmake/ament_cmake_export_dependencies-extras.cmake
[3.047s] -- Up-to-date: /home/agilex/limo_ros2_ws/install/astra_camera_msgs/share/astra_camera_msgs/cmake/ament_cmake_export_libraries-extras.cmake
[3.047s] -- Up-to-date: /home/agilex/limo_ros2_ws/install/astra_camera_msgs/share/astra_camera_msgs/cmake/ament_cmake_export_targets-extras.cmake
[3.049s] -- Up-to-date: /home/agilex/limo_ros2_ws/install/astra_camera_msgs/share/astra_camera_msgs/cmake/ament_cmake_export_include_directories-extras.cmake
[3.049s] -- Up-to-date: /home/agilex/limo_ros2_ws/install/astra_camera_msgs/share/astra_camera_msgs/cmake/rosidl_cmake_export_typesupport_libraries-extras.cmake
[3.050s] -- Up-to-date: /home/agilex/limo_ros2_ws/install/astra_camera_msgs/share/astra_camera_msgs/cmake/rosidl_cmake_export_typesupport_targets-extras.cmake
[3.050s] -- Up-to-date: /home/agilex/limo_ros2_ws/install/astra_camera_msgs/share/astra_camera_msgs/cmake/astra_camera_msgsConfig.cmake
[3.050s] -- Up-to-date: /home/agilex/limo_ros2_ws/install/astra_camera_msgs/share/astra_camera_msgs/cmake/astra_camera_msgsConfig-version.cmake
[3.051s] -- Up-to-date: /home/agilex/limo_ros2_ws/install/astra_camera_msgs/share/astra_camera_msgs/package.xml
[3.066s] Invoked command in '/home/agilex/limo_ros2_ws/build/astra_camera_msgs' returned '0': CMAKE_PREFIX_PATH=${CMAKE_PREFIX_PATH}:/home/agilex/limo_ros2_ws/install/nav2_gazebo_spawner:/home/agilex/limo_ros2_ws/install/camera_calibration:/opt/ros/foxy /usr/bin/cmake --install /home/agilex/limo_ros2_ws/build/astra_camera_msgs
