[0.152s] Invoking command in '/home/agilex/limo_ros2_ws/build/costmap_converter_msgs': CMAKE_PREFIX_PATH=${CMAKE_PREFIX_PATH}:/home/agilex/limo_ros2_ws/install/nav2_gazebo_spawner:/opt/ros/foxy /usr/bin/cmake --build /home/agilex/limo_ros2_ws/build/costmap_converter_msgs -- -j6 -l6
[0.388s] [  2%] Built target costmap_converter_msgs__cpp
[0.425s] [ 12%] Built target costmap_converter_msgs__rosidl_generator_c
[0.554s] [ 23%] Built target costmap_converter_msgs__rosidl_typesupport_cpp
[0.619s] [ 33%] Built target costmap_converter_msgs__rosidl_typesupport_fastrtps_cpp
[0.671s] [ 43%] Built target costmap_converter_msgs__rosidl_typesupport_introspection_c
[0.713s] [ 64%] Built target costmap_converter_msgs__rosidl_typesupport_c
[0.730s] [ 53%] Built target costmap_converter_msgs__rosidl_typesupport_introspection_cpp
[0.828s] [ 74%] Built target costmap_converter_msgs__rosidl_typesupport_fastrtps_c
[0.923s] [ 74%] Built target costmap_converter_msgs
[0.985s] [ 76%] Built target costmap_converter_msgs__py
[1.073s] [ 84%] Built target costmap_converter_msgs__python
[1.221s] [ 89%] Built target costmap_converter_msgs__rosidl_typesupport_introspection_c__pyext
[1.238s] [ 94%] Built target costmap_converter_msgs__rosidl_typesupport_fastrtps_c__pyext
[1.250s] [100%] Built target costmap_converter_msgs__rosidl_typesupport_c__pyext
[1.304s] Invoked command in '/home/agilex/limo_ros2_ws/build/costmap_converter_msgs' returned '0': CMAKE_PREFIX_PATH=${CMAKE_PREFIX_PATH}:/home/agilex/limo_ros2_ws/install/nav2_gazebo_spawner:/opt/ros/foxy /usr/bin/cmake --build /home/agilex/limo_ros2_ws/build/costmap_converter_msgs -- -j6 -l6
[1.851s] Invoking command in '/home/agilex/limo_ros2_ws/build/costmap_converter_msgs': CMAKE_PREFIX_PATH=${CMAKE_PREFIX_PATH}:/home/agilex/limo_ros2_ws/install/nav2_gazebo_spawner:/opt/ros/foxy /usr/bin/cmake --install /home/agilex/limo_ros2_ws/build/costmap_converter_msgs
[1.890s] -- Install configuration: ""
[1.891s] -- Up-to-date: /home/agilex/limo_ros2_ws/install/costmap_converter_msgs/share/ament_index/resource_index/rosidl_interfaces/costmap_converter_msgs
[1.891s] -- Up-to-date: /home/agilex/limo_ros2_ws/install/costmap_converter_msgs/include/costmap_converter_msgs
[1.892s] -- Up-to-date: /home/agilex/limo_ros2_ws/install/costmap_converter_msgs/include/costmap_converter_msgs/msg
[1.893s] -- Up-to-date: /home/agilex/limo_ros2_ws/install/costmap_converter_msgs/include/costmap_converter_msgs/msg/rosidl_generator_c__visibility_control.h
[1.893s] -- Up-to-date: /home/agilex/limo_ros2_ws/install/costmap_converter_msgs/include/costmap_converter_msgs/msg/obstacle_array_msg.h
[1.894s] -- Up-to-date: /home/agilex/limo_ros2_ws/install/costmap_converter_msgs/include/costmap_converter_msgs/msg/obstacle_msg.h
[1.894s] -- Up-to-date: /home/agilex/limo_ros2_ws/install/costmap_converter_msgs/include/costmap_converter_msgs/msg/detail
[1.895s] -- Up-to-date: /home/agilex/limo_ros2_ws/install/costmap_converter_msgs/include/costmap_converter_msgs/msg/detail/obstacle_array_msg__functions.c
[1.895s] -- Up-to-date: /home/agilex/limo_ros2_ws/install/costmap_converter_msgs/include/costmap_converter_msgs/msg/detail/obstacle_msg__type_support.h
[1.895s] -- Up-to-date: /home/agilex/limo_ros2_ws/install/costmap_converter_msgs/include/costmap_converter_msgs/msg/detail/obstacle_msg__functions.c
[1.896s] -- Up-to-date: /home/agilex/limo_ros2_ws/install/costmap_converter_msgs/include/costmap_converter_msgs/msg/detail/obstacle_array_msg__struct.h
[1.896s] -- Up-to-date: /home/agilex/limo_ros2_ws/install/costmap_converter_msgs/include/costmap_converter_msgs/msg/detail/obstacle_msg__functions.h
[1.905s] -- Up-to-date: /home/agilex/limo_ros2_ws/install/costmap_converter_msgs/include/costmap_converter_msgs/msg/detail/obstacle_msg__struct.h
[1.906s] -- Up-to-date: /home/agilex/limo_ros2_ws/install/costmap_converter_msgs/include/costmap_converter_msgs/msg/detail/obstacle_array_msg__type_support.h
[1.906s] -- Up-to-date: /home/agilex/limo_ros2_ws/install/costmap_converter_msgs/include/costmap_converter_msgs/msg/detail/obstacle_array_msg__functions.h
[1.907s] -- Up-to-date: /home/agilex/limo_ros2_ws/install/costmap_converter_msgs/share/costmap_converter_msgs/environment/library_path.sh
[1.908s] -- Up-to-date: /home/agilex/limo_ros2_ws/install/costmap_converter_msgs/share/costmap_converter_msgs/environment/library_path.dsv
[1.908s] -- Up-to-date: /home/agilex/limo_ros2_ws/install/costmap_converter_msgs/lib/libcostmap_converter_msgs__rosidl_generator_c.so
[1.908s] -- Up-to-date: /home/agilex/limo_ros2_ws/install/costmap_converter_msgs/include/costmap_converter_msgs
[1.908s] -- Up-to-date: /home/agilex/limo_ros2_ws/install/costmap_converter_msgs/include/costmap_converter_msgs/msg
[1.908s] -- Up-to-date: /home/agilex/limo_ros2_ws/install/costmap_converter_msgs/include/costmap_converter_msgs/msg/rosidl_typesupport_fastrtps_c__visibility_control.h
[1.908s] -- Up-to-date: /home/agilex/limo_ros2_ws/install/costmap_converter_msgs/include/costmap_converter_msgs/msg/detail
[1.908s] -- Up-to-date: /home/agilex/limo_ros2_ws/install/costmap_converter_msgs/include/costmap_converter_msgs/msg/detail/obstacle_array_msg__rosidl_typesupport_fastrtps_c.h
[1.909s] -- Up-to-date: /home/agilex/limo_ros2_ws/install/costmap_converter_msgs/include/costmap_converter_msgs/msg/detail/obstacle_msg__rosidl_typesupport_fastrtps_c.h
[1.909s] -- Up-to-date: /home/agilex/limo_ros2_ws/install/costmap_converter_msgs/lib/libcostmap_converter_msgs__rosidl_typesupport_fastrtps_c.so
[1.909s] -- Up-to-date: /home/agilex/limo_ros2_ws/install/costmap_converter_msgs/include/costmap_converter_msgs
[1.909s] -- Up-to-date: /home/agilex/limo_ros2_ws/install/costmap_converter_msgs/include/costmap_converter_msgs/msg
[1.909s] -- Up-to-date: /home/agilex/limo_ros2_ws/install/costmap_converter_msgs/include/costmap_converter_msgs/msg/rosidl_typesupport_fastrtps_cpp__visibility_control.h
[1.909s] -- Up-to-date: /home/agilex/limo_ros2_ws/install/costmap_converter_msgs/include/costmap_converter_msgs/msg/detail
[1.909s] -- Up-to-date: /home/agilex/limo_ros2_ws/install/costmap_converter_msgs/include/costmap_converter_msgs/msg/detail/obstacle_array_msg__rosidl_typesupport_fastrtps_cpp.hpp
[1.909s] -- Up-to-date: /home/agilex/limo_ros2_ws/install/costmap_converter_msgs/include/costmap_converter_msgs/msg/detail/dds_fastrtps
[1.910s] -- Up-to-date: /home/agilex/limo_ros2_ws/install/costmap_converter_msgs/include/costmap_converter_msgs/msg/detail/obstacle_msg__rosidl_typesupport_fastrtps_cpp.hpp
[1.910s] -- Up-to-date: /home/agilex/limo_ros2_ws/install/costmap_converter_msgs/lib/libcostmap_converter_msgs__rosidl_typesupport_fastrtps_cpp.so
[1.910s] -- Up-to-date: /home/agilex/limo_ros2_ws/install/costmap_converter_msgs/include/costmap_converter_msgs
[1.910s] -- Up-to-date: /home/agilex/limo_ros2_ws/install/costmap_converter_msgs/include/costmap_converter_msgs/msg
[1.910s] -- Up-to-date: /home/agilex/limo_ros2_ws/install/costmap_converter_msgs/include/costmap_converter_msgs/msg/rosidl_typesupport_introspection_c__visibility_control.h
[1.910s] -- Up-to-date: /home/agilex/limo_ros2_ws/install/costmap_converter_msgs/include/costmap_converter_msgs/msg/detail
[1.911s] -- Up-to-date: /home/agilex/limo_ros2_ws/install/costmap_converter_msgs/include/costmap_converter_msgs/msg/detail/obstacle_msg__type_support.c
[1.911s] -- Up-to-date: /home/agilex/limo_ros2_ws/install/costmap_converter_msgs/include/costmap_converter_msgs/msg/detail/obstacle_msg__rosidl_typesupport_introspection_c.h
[1.911s] -- Up-to-date: /home/agilex/limo_ros2_ws/install/costmap_converter_msgs/include/costmap_converter_msgs/msg/detail/obstacle_array_msg__type_support.c
[1.911s] -- Up-to-date: /home/agilex/limo_ros2_ws/install/costmap_converter_msgs/include/costmap_converter_msgs/msg/detail/obstacle_array_msg__rosidl_typesupport_introspection_c.h
[1.912s] -- Up-to-date: /home/agilex/limo_ros2_ws/install/costmap_converter_msgs/lib/libcostmap_converter_msgs__rosidl_typesupport_introspection_c.so
[1.917s] -- Up-to-date: /home/agilex/limo_ros2_ws/install/costmap_converter_msgs/lib/libcostmap_converter_msgs__rosidl_typesupport_c.so
[1.918s] -- Up-to-date: /home/agilex/limo_ros2_ws/install/costmap_converter_msgs/include/costmap_converter_msgs
[1.919s] -- Up-to-date: /home/agilex/limo_ros2_ws/install/costmap_converter_msgs/include/costmap_converter_msgs/msg
[1.919s] -- Up-to-date: /home/agilex/limo_ros2_ws/install/costmap_converter_msgs/include/costmap_converter_msgs/msg/obstacle_array_msg.hpp
[1.919s] -- Up-to-date: /home/agilex/limo_ros2_ws/install/costmap_converter_msgs/include/costmap_converter_msgs/msg/rosidl_generator_cpp__visibility_control.hpp
[1.919s] -- Up-to-date: /home/agilex/limo_ros2_ws/install/costmap_converter_msgs/include/costmap_converter_msgs/msg/obstacle_msg.hpp
[1.919s] -- Up-to-date: /home/agilex/limo_ros2_ws/install/costmap_converter_msgs/include/costmap_converter_msgs/msg/detail
[1.920s] -- Up-to-date: /home/agilex/limo_ros2_ws/install/costmap_converter_msgs/include/costmap_converter_msgs/msg/detail/obstacle_array_msg__struct.hpp
[1.920s] -- Up-to-date: /home/agilex/limo_ros2_ws/install/costmap_converter_msgs/include/costmap_converter_msgs/msg/detail/obstacle_array_msg__traits.hpp
[1.920s] -- Up-to-date: /home/agilex/limo_ros2_ws/install/costmap_converter_msgs/include/costmap_converter_msgs/msg/detail/obstacle_msg__builder.hpp
[1.920s] -- Up-to-date: /home/agilex/limo_ros2_ws/install/costmap_converter_msgs/include/costmap_converter_msgs/msg/detail/obstacle_array_msg__type_support.hpp
[1.921s] -- Up-to-date: /home/agilex/limo_ros2_ws/install/costmap_converter_msgs/include/costmap_converter_msgs/msg/detail/obstacle_msg__type_support.hpp
[1.922s] -- Up-to-date: /home/agilex/limo_ros2_ws/install/costmap_converter_msgs/include/costmap_converter_msgs/msg/detail/obstacle_msg__traits.hpp
[1.922s] -- Up-to-date: /home/agilex/limo_ros2_ws/install/costmap_converter_msgs/include/costmap_converter_msgs/msg/detail/obstacle_array_msg__builder.hpp
[1.922s] -- Up-to-date: /home/agilex/limo_ros2_ws/install/costmap_converter_msgs/include/costmap_converter_msgs/msg/detail/obstacle_msg__struct.hpp
[1.922s] -- Up-to-date: /home/agilex/limo_ros2_ws/install/costmap_converter_msgs/include/costmap_converter_msgs
[1.922s] -- Up-to-date: /home/agilex/limo_ros2_ws/install/costmap_converter_msgs/include/costmap_converter_msgs/msg
[1.922s] -- Up-to-date: /home/agilex/limo_ros2_ws/install/costmap_converter_msgs/include/costmap_converter_msgs/msg/detail
[1.922s] -- Up-to-date: /home/agilex/limo_ros2_ws/install/costmap_converter_msgs/include/costmap_converter_msgs/msg/detail/obstacle_msg__rosidl_typesupport_introspection_cpp.hpp
[1.923s] -- Up-to-date: /home/agilex/limo_ros2_ws/install/costmap_converter_msgs/include/costmap_converter_msgs/msg/detail/obstacle_array_msg__type_support.cpp
[1.923s] -- Up-to-date: /home/agilex/limo_ros2_ws/install/costmap_converter_msgs/include/costmap_converter_msgs/msg/detail/obstacle_array_msg__rosidl_typesupport_introspection_cpp.hpp
[1.923s] -- Up-to-date: /home/agilex/limo_ros2_ws/install/costmap_converter_msgs/include/costmap_converter_msgs/msg/detail/obstacle_msg__type_support.cpp
[1.923s] -- Up-to-date: /home/agilex/limo_ros2_ws/install/costmap_converter_msgs/lib/libcostmap_converter_msgs__rosidl_typesupport_introspection_cpp.so
[1.923s] -- Up-to-date: /home/agilex/limo_ros2_ws/install/costmap_converter_msgs/lib/libcostmap_converter_msgs__rosidl_typesupport_cpp.so
[1.923s] -- Up-to-date: /home/agilex/limo_ros2_ws/install/costmap_converter_msgs/share/costmap_converter_msgs/environment/pythonpath.sh
[1.923s] -- Up-to-date: /home/agilex/limo_ros2_ws/install/costmap_converter_msgs/share/costmap_converter_msgs/environment/pythonpath.dsv
[1.923s] -- Up-to-date: /home/agilex/limo_ros2_ws/install/costmap_converter_msgs/lib/python3.8/site-packages/costmap_converter_msgs/__init__.py
[2.028s] -- Up-to-date: /home/agilex/limo_ros2_ws/install/costmap_converter_msgs/lib/python3.8/site-packages/costmap_converter_msgs/msg
[2.029s] -- Up-to-date: /home/agilex/limo_ros2_ws/install/costmap_converter_msgs/lib/python3.8/site-packages/costmap_converter_msgs/msg/__init__.py
[2.029s] -- Up-to-date: /home/agilex/limo_ros2_ws/install/costmap_converter_msgs/lib/python3.8/site-packages/costmap_converter_msgs/msg/_obstacle_array_msg.py
[2.029s] -- Up-to-date: /home/agilex/limo_ros2_ws/install/costmap_converter_msgs/lib/python3.8/site-packages/costmap_converter_msgs/msg/_obstacle_msg.py
[2.030s] -- Up-to-date: /home/agilex/limo_ros2_ws/install/costmap_converter_msgs/lib/python3.8/site-packages/costmap_converter_msgs/msg/_obstacle_array_msg_s.c
[2.030s] -- Up-to-date: /home/agilex/limo_ros2_ws/install/costmap_converter_msgs/lib/python3.8/site-packages/costmap_converter_msgs/msg/_obstacle_msg_s.c
[2.030s] -- Up-to-date: /home/agilex/limo_ros2_ws/install/costmap_converter_msgs/lib/python3.8/site-packages/costmap_converter_msgs/costmap_converter_msgs_s__rosidl_typesupport_fastrtps_c.cpython-38-aarch64-linux-gnu.so
[2.030s] -- Up-to-date: /home/agilex/limo_ros2_ws/install/costmap_converter_msgs/lib/python3.8/site-packages/costmap_converter_msgs/costmap_converter_msgs_s__rosidl_typesupport_introspection_c.cpython-38-aarch64-linux-gnu.so
[2.032s] -- Up-to-date: /home/agilex/limo_ros2_ws/install/costmap_converter_msgs/lib/python3.8/site-packages/costmap_converter_msgs/costmap_converter_msgs_s__rosidl_typesupport_c.cpython-38-aarch64-linux-gnu.so
[2.033s] -- Up-to-date: /home/agilex/limo_ros2_ws/install/costmap_converter_msgs/lib/libcostmap_converter_msgs__python.so
[2.033s] -- Up-to-date: /home/agilex/limo_ros2_ws/install/costmap_converter_msgs/share/costmap_converter_msgs/msg/ObstacleMsg.idl
[2.034s] -- Up-to-date: /home/agilex/limo_ros2_ws/install/costmap_converter_msgs/share/costmap_converter_msgs/msg/ObstacleArrayMsg.idl
[2.034s] -- Up-to-date: /home/agilex/limo_ros2_ws/install/costmap_converter_msgs/share/costmap_converter_msgs/msg/ObstacleMsg.msg
[2.034s] -- Up-to-date: /home/agilex/limo_ros2_ws/install/costmap_converter_msgs/share/costmap_converter_msgs/msg/ObstacleArrayMsg.msg
[2.034s] -- Up-to-date: /home/agilex/limo_ros2_ws/install/costmap_converter_msgs/share/ament_index/resource_index/package_run_dependencies/costmap_converter_msgs
[2.034s] -- Up-to-date: /home/agilex/limo_ros2_ws/install/costmap_converter_msgs/share/ament_index/resource_index/parent_prefix_path/costmap_converter_msgs
[2.035s] -- Up-to-date: /home/agilex/limo_ros2_ws/install/costmap_converter_msgs/share/costmap_converter_msgs/environment/ament_prefix_path.sh
[2.035s] -- Up-to-date: /home/agilex/limo_ros2_ws/install/costmap_converter_msgs/share/costmap_converter_msgs/environment/ament_prefix_path.dsv
[2.035s] -- Up-to-date: /home/agilex/limo_ros2_ws/install/costmap_converter_msgs/share/costmap_converter_msgs/environment/path.sh
[2.035s] -- Up-to-date: /home/agilex/limo_ros2_ws/install/costmap_converter_msgs/share/costmap_converter_msgs/environment/path.dsv
[2.035s] -- Up-to-date: /home/agilex/limo_ros2_ws/install/costmap_converter_msgs/share/costmap_converter_msgs/local_setup.bash
[2.035s] -- Up-to-date: /home/agilex/limo_ros2_ws/install/costmap_converter_msgs/share/costmap_converter_msgs/local_setup.sh
[2.036s] -- Up-to-date: /home/agilex/limo_ros2_ws/install/costmap_converter_msgs/share/costmap_converter_msgs/local_setup.zsh
[2.036s] -- Up-to-date: /home/agilex/limo_ros2_ws/install/costmap_converter_msgs/share/costmap_converter_msgs/local_setup.dsv
[2.037s] -- Installing: /home/agilex/limo_ros2_ws/install/costmap_converter_msgs/share/costmap_converter_msgs/package.dsv
[2.037s] -- Up-to-date: /home/agilex/limo_ros2_ws/install/costmap_converter_msgs/share/ament_index/resource_index/packages/costmap_converter_msgs
[2.037s] -- Up-to-date: /home/agilex/limo_ros2_ws/install/costmap_converter_msgs/share/costmap_converter_msgs/cmake/costmap_converter_msgs__rosidl_generator_cExport.cmake
[2.037s] -- Up-to-date: /home/agilex/limo_ros2_ws/install/costmap_converter_msgs/share/costmap_converter_msgs/cmake/costmap_converter_msgs__rosidl_generator_cExport-noconfig.cmake
[2.037s] -- Up-to-date: /home/agilex/limo_ros2_ws/install/costmap_converter_msgs/share/costmap_converter_msgs/cmake/costmap_converter_msgs__rosidl_typesupport_introspection_cExport.cmake
[2.037s] -- Up-to-date: /home/agilex/limo_ros2_ws/install/costmap_converter_msgs/share/costmap_converter_msgs/cmake/costmap_converter_msgs__rosidl_typesupport_introspection_cExport-noconfig.cmake
[2.038s] -- Up-to-date: /home/agilex/limo_ros2_ws/install/costmap_converter_msgs/share/costmap_converter_msgs/cmake/costmap_converter_msgs__rosidl_typesupport_cExport.cmake
[2.038s] -- Up-to-date: /home/agilex/limo_ros2_ws/install/costmap_converter_msgs/share/costmap_converter_msgs/cmake/costmap_converter_msgs__rosidl_typesupport_cExport-noconfig.cmake
[2.039s] -- Up-to-date: /home/agilex/limo_ros2_ws/install/costmap_converter_msgs/share/costmap_converter_msgs/cmake/costmap_converter_msgs__rosidl_generator_cppExport.cmake
[2.039s] -- Up-to-date: /home/agilex/limo_ros2_ws/install/costmap_converter_msgs/share/costmap_converter_msgs/cmake/costmap_converter_msgs__rosidl_typesupport_introspection_cppExport.cmake
[2.039s] -- Up-to-date: /home/agilex/limo_ros2_ws/install/costmap_converter_msgs/share/costmap_converter_msgs/cmake/costmap_converter_msgs__rosidl_typesupport_introspection_cppExport-noconfig.cmake
[2.039s] -- Up-to-date: /home/agilex/limo_ros2_ws/install/costmap_converter_msgs/share/costmap_converter_msgs/cmake/costmap_converter_msgs__rosidl_typesupport_cppExport.cmake
[2.039s] -- Up-to-date: /home/agilex/limo_ros2_ws/install/costmap_converter_msgs/share/costmap_converter_msgs/cmake/costmap_converter_msgs__rosidl_typesupport_cppExport-noconfig.cmake
[2.039s] -- Up-to-date: /home/agilex/limo_ros2_ws/install/costmap_converter_msgs/share/costmap_converter_msgs/cmake/rosidl_cmake-extras.cmake
[2.040s] -- Up-to-date: /home/agilex/limo_ros2_ws/install/costmap_converter_msgs/share/costmap_converter_msgs/cmake/ament_cmake_export_dependencies-extras.cmake
[2.040s] -- Up-to-date: /home/agilex/limo_ros2_ws/install/costmap_converter_msgs/share/costmap_converter_msgs/cmake/ament_cmake_export_libraries-extras.cmake
[2.040s] -- Up-to-date: /home/agilex/limo_ros2_ws/install/costmap_converter_msgs/share/costmap_converter_msgs/cmake/ament_cmake_export_targets-extras.cmake
[2.040s] -- Up-to-date: /home/agilex/limo_ros2_ws/install/costmap_converter_msgs/share/costmap_converter_msgs/cmake/ament_cmake_export_include_directories-extras.cmake
[2.040s] -- Up-to-date: /home/agilex/limo_ros2_ws/install/costmap_converter_msgs/share/costmap_converter_msgs/cmake/rosidl_cmake_export_typesupport_libraries-extras.cmake
[2.041s] -- Up-to-date: /home/agilex/limo_ros2_ws/install/costmap_converter_msgs/share/costmap_converter_msgs/cmake/rosidl_cmake_export_typesupport_targets-extras.cmake
[2.041s] -- Up-to-date: /home/agilex/limo_ros2_ws/install/costmap_converter_msgs/share/costmap_converter_msgs/cmake/costmap_converter_msgsConfig.cmake
[2.041s] -- Up-to-date: /home/agilex/limo_ros2_ws/install/costmap_converter_msgs/share/costmap_converter_msgs/cmake/costmap_converter_msgsConfig-version.cmake
[2.041s] -- Up-to-date: /home/agilex/limo_ros2_ws/install/costmap_converter_msgs/share/costmap_converter_msgs/package.xml
[2.047s] Invoked command in '/home/agilex/limo_ros2_ws/build/costmap_converter_msgs' returned '0': CMAKE_PREFIX_PATH=${CMAKE_PREFIX_PATH}:/home/agilex/limo_ros2_ws/install/nav2_gazebo_spawner:/opt/ros/foxy /usr/bin/cmake --install /home/agilex/limo_ros2_ws/build/costmap_converter_msgs
