[0.123s] Invoking command in '/home/agilex/limo_ros2_ws/build/costmap_converter_msgs': CMAKE_PREFIX_PATH=${CMAKE_PREFIX_PATH}:/home/agilex/limo_ros2_ws/install/nav2_gazebo_spawner:/opt/ros/foxy /usr/bin/cmake /home/agilex/limo_ros2_ws/src/costmap_converter/costmap_converter_msgs -DCMAKE_BUILD_TYPE=Release -DCMAKE_INSTALL_PREFIX=/home/agilex/limo_ros2_ws/install/costmap_converter_msgs
[0.214s] -- Found ament_cmake: 0.9.12 (/opt/ros/foxy/share/ament_cmake/cmake)
[0.235s] -- Found PythonInterp: /usr/bin/python3 (found suitable version "3.8.10", minimum required is "3") 
[0.235s] -- Using PYTHON_EXECUTABLE: /usr/bin/python3
[0.671s] -- Found builtin_interfaces: 1.0.0 (/opt/ros/foxy/share/builtin_interfaces/cmake)
[0.733s] -- Using all available rosidl_typesupport_c: rosidl_typesupport_fastrtps_c;rosidl_typesupport_introspection_c
[0.742s] -- Found rosidl_adapter: 1.3.1 (/opt/ros/foxy/share/rosidl_adapter/cmake)
[1.164s] -- Using all available rosidl_typesupport_cpp: rosidl_typesupport_fastrtps_cpp;rosidl_typesupport_introspection_cpp
[1.220s] -- Found geometry_msgs: 2.0.5 (/opt/ros/foxy/share/geometry_msgs/cmake)
[1.330s] -- Found rosidl_default_generators: 1.0.1 (/opt/ros/foxy/share/rosidl_default_generators/cmake)
[1.454s] -- Found PythonInterp: /usr/bin/python3 (found version "3.8.10") 
[1.926s] -- Found ament_cmake_ros: 0.9.2 (/opt/ros/foxy/share/ament_cmake_ros/cmake)
[2.499s] -- Using all available rosidl_typesupport_c: rosidl_typesupport_fastrtps_c;rosidl_typesupport_introspection_c
[2.730s] -- Using all available rosidl_typesupport_cpp: rosidl_typesupport_fastrtps_cpp;rosidl_typesupport_introspection_cpp
[2.823s] -- Found PythonInterp: /usr/bin/python3 (found suitable version "3.8.10", minimum required is "3.5") 
[2.824s] -- Found python_cmake_module: 0.8.1 (/opt/ros/foxy/share/python_cmake_module/cmake)
[2.887s] -- Using PYTHON_EXECUTABLE: /usr/bin/python3
[2.888s] -- Using PYTHON_INCLUDE_DIRS: /usr/include/python3.8
[2.888s] -- Using PYTHON_LIBRARIES: /usr/lib/aarch64-linux-gnu/libpython3.8.so
[3.092s] -- Configuring done
[3.311s] -- Generating done
[3.322s] -- Build files have been written to: /home/agilex/limo_ros2_ws/build/costmap_converter_msgs
[3.379s] Invoked command in '/home/agilex/limo_ros2_ws/build/costmap_converter_msgs' returned '0': CMAKE_PREFIX_PATH=${CMAKE_PREFIX_PATH}:/home/agilex/limo_ros2_ws/install/nav2_gazebo_spawner:/opt/ros/foxy /usr/bin/cmake /home/agilex/limo_ros2_ws/src/costmap_converter/costmap_converter_msgs -DCMAKE_BUILD_TYPE=Release -DCMAKE_INSTALL_PREFIX=/home/agilex/limo_ros2_ws/install/costmap_converter_msgs
[3.381s] Invoking command in '/home/agilex/limo_ros2_ws/build/costmap_converter_msgs': CMAKE_PREFIX_PATH=${CMAKE_PREFIX_PATH}:/home/agilex/limo_ros2_ws/install/nav2_gazebo_spawner:/opt/ros/foxy /usr/bin/cmake --build /home/agilex/limo_ros2_ws/build/costmap_converter_msgs -- -j6 -l6
[3.817s] [  2%] [32mBuilding C object CMakeFiles/costmap_converter_msgs__rosidl_generator_c.dir/rosidl_generator_c/costmap_converter_msgs/msg/detail/obstacle_msg__functions.c.o[0m
[3.817s] [  5%] [32mBuilding C object CMakeFiles/costmap_converter_msgs__rosidl_generator_c.dir/rosidl_generator_c/costmap_converter_msgs/msg/detail/obstacle_array_msg__functions.c.o[0m
[3.834s] [  7%] Built target costmap_converter_msgs__cpp
[4.141s] [ 10%] [32mBuilding CXX object CMakeFiles/costmap_converter_msgs__rosidl_typesupport_cpp.dir/rosidl_typesupport_cpp/costmap_converter_msgs/msg/obstacle_array_msg__type_support.cpp.o[0m
[4.147s] [ 12%] [32mBuilding CXX object CMakeFiles/costmap_converter_msgs__rosidl_typesupport_cpp.dir/rosidl_typesupport_cpp/costmap_converter_msgs/msg/obstacle_msg__type_support.cpp.o[0m
[4.164s] [ 15%] [32mBuilding CXX object CMakeFiles/costmap_converter_msgs__rosidl_typesupport_introspection_cpp.dir/rosidl_typesupport_introspection_cpp/costmap_converter_msgs/msg/detail/obstacle_msg__type_support.cpp.o[0m
[4.239s] [ 17%] [32mBuilding CXX object CMakeFiles/costmap_converter_msgs__rosidl_typesupport_fastrtps_cpp.dir/rosidl_typesupport_fastrtps_cpp/costmap_converter_msgs/msg/detail/dds_fastrtps/obstacle_msg__type_support.cpp.o[0m
[4.565s] [ 20%] [32mBuilding CXX object CMakeFiles/costmap_converter_msgs__rosidl_typesupport_fastrtps_cpp.dir/rosidl_typesupport_fastrtps_cpp/costmap_converter_msgs/msg/detail/dds_fastrtps/obstacle_array_msg__type_support.cpp.o[0m
[4.778s] [ 23%] [32m[1mLinking C shared library libcostmap_converter_msgs__rosidl_generator_c.so[0m
[5.221s] [ 25%] Built target costmap_converter_msgs__rosidl_generator_c
[5.556s] [ 28%] [32mBuilding C object CMakeFiles/costmap_converter_msgs__rosidl_typesupport_introspection_c.dir/rosidl_typesupport_introspection_c/costmap_converter_msgs/msg/detail/obstacle_msg__type_support.c.o[0m
[6.074s] [ 30%] [32mBuilding C object CMakeFiles/costmap_converter_msgs__rosidl_typesupport_introspection_c.dir/rosidl_typesupport_introspection_c/costmap_converter_msgs/msg/detail/obstacle_array_msg__type_support.c.o[0m
[6.718s] [ 33%] [32m[1mLinking C shared library libcostmap_converter_msgs__rosidl_typesupport_introspection_c.so[0m
[7.034s] [ 35%] [32m[1mLinking CXX shared library libcostmap_converter_msgs__rosidl_typesupport_cpp.so[0m
[7.133s] [ 38%] [32mBuilding CXX object CMakeFiles/costmap_converter_msgs__rosidl_typesupport_c.dir/rosidl_typesupport_c/costmap_converter_msgs/msg/obstacle_msg__type_support.cpp.o[0m
[7.267s] [ 41%] Built target costmap_converter_msgs__rosidl_typesupport_introspection_c
[7.409s] [ 43%] [32mBuilding CXX object CMakeFiles/costmap_converter_msgs__rosidl_typesupport_c.dir/rosidl_typesupport_c/costmap_converter_msgs/msg/obstacle_array_msg__type_support.cpp.o[0m
[7.424s] [ 46%] [32mBuilding CXX object CMakeFiles/costmap_converter_msgs__rosidl_typesupport_introspection_cpp.dir/rosidl_typesupport_introspection_cpp/costmap_converter_msgs/msg/detail/obstacle_array_msg__type_support.cpp.o[0m
[7.659s] [ 48%] Built target costmap_converter_msgs__rosidl_typesupport_cpp
[7.823s] [ 51%] [32m[1mLinking CXX shared library libcostmap_converter_msgs__rosidl_typesupport_c.so[0m
[8.330s] [ 53%] Built target costmap_converter_msgs__rosidl_typesupport_c
[9.755s] [ 56%] [32m[1mLinking CXX shared library libcostmap_converter_msgs__rosidl_typesupport_fastrtps_cpp.so[0m
[10.935s] [ 58%] Built target costmap_converter_msgs__rosidl_typesupport_fastrtps_cpp
[11.373s] [ 61%] [32mBuilding CXX object CMakeFiles/costmap_converter_msgs__rosidl_typesupport_fastrtps_c.dir/rosidl_typesupport_fastrtps_c/costmap_converter_msgs/msg/detail/obstacle_msg__type_support_c.cpp.o[0m
[11.379s] [ 64%] [32mBuilding CXX object CMakeFiles/costmap_converter_msgs__rosidl_typesupport_fastrtps_c.dir/rosidl_typesupport_fastrtps_c/costmap_converter_msgs/msg/detail/obstacle_array_msg__type_support_c.cpp.o[0m
[11.404s] [ 66%] [32m[1mLinking CXX shared library libcostmap_converter_msgs__rosidl_typesupport_introspection_cpp.so[0m
[12.322s] [ 69%] Built target costmap_converter_msgs__rosidl_typesupport_introspection_cpp
[15.403s] [ 71%] [32m[1mLinking CXX shared library libcostmap_converter_msgs__rosidl_typesupport_fastrtps_c.so[0m
[16.010s] [ 74%] Built target costmap_converter_msgs__rosidl_typesupport_fastrtps_c
[16.284s] [ 74%] Built target costmap_converter_msgs
[16.650s] [ 76%] Built target costmap_converter_msgs__py
[17.009s] [ 79%] [32mBuilding C object CMakeFiles/costmap_converter_msgs__python.dir/rosidl_generator_py/costmap_converter_msgs/msg/_obstacle_msg_s.c.o[0m
[17.863s] [ 82%] [32mBuilding C object CMakeFiles/costmap_converter_msgs__python.dir/rosidl_generator_py/costmap_converter_msgs/msg/_obstacle_array_msg_s.c.o[0m
[18.715s] [ 84%] [32m[1mLinking C shared library rosidl_generator_py/costmap_converter_msgs/libcostmap_converter_msgs__python.so[0m
[18.981s] [ 84%] Built target costmap_converter_msgs__python
[19.185s] [ 87%] [32mBuilding C object CMakeFiles/costmap_converter_msgs__rosidl_typesupport_introspection_c__pyext.dir/rosidl_generator_py/costmap_converter_msgs/_costmap_converter_msgs_s.ep.rosidl_typesupport_introspection_c.c.o[0m
[19.632s] [ 89%] [32m[1mLinking C shared library rosidl_generator_py/costmap_converter_msgs/costmap_converter_msgs_s__rosidl_typesupport_introspection_c.cpython-38-aarch64-linux-gnu.so[0m
[19.790s] [ 89%] Built target costmap_converter_msgs__rosidl_typesupport_introspection_c__pyext
[19.919s] [ 92%] [32mBuilding C object CMakeFiles/costmap_converter_msgs__rosidl_typesupport_fastrtps_c__pyext.dir/rosidl_generator_py/costmap_converter_msgs/_costmap_converter_msgs_s.ep.rosidl_typesupport_fastrtps_c.c.o[0m
[20.294s] [ 94%] [32m[1mLinking CXX shared library rosidl_generator_py/costmap_converter_msgs/costmap_converter_msgs_s__rosidl_typesupport_fastrtps_c.cpython-38-aarch64-linux-gnu.so[0m
[20.558s] [ 94%] Built target costmap_converter_msgs__rosidl_typesupport_fastrtps_c__pyext
[20.657s] [ 97%] [32mBuilding C object CMakeFiles/costmap_converter_msgs__rosidl_typesupport_c__pyext.dir/rosidl_generator_py/costmap_converter_msgs/_costmap_converter_msgs_s.ep.rosidl_typesupport_c.c.o[0m
[20.941s] [100%] [32m[1mLinking C shared library rosidl_generator_py/costmap_converter_msgs/costmap_converter_msgs_s__rosidl_typesupport_c.cpython-38-aarch64-linux-gnu.so[0m
[21.142s] [100%] Built target costmap_converter_msgs__rosidl_typesupport_c__pyext
[21.205s] Invoked command in '/home/agilex/limo_ros2_ws/build/costmap_converter_msgs' returned '0': CMAKE_PREFIX_PATH=${CMAKE_PREFIX_PATH}:/home/agilex/limo_ros2_ws/install/nav2_gazebo_spawner:/opt/ros/foxy /usr/bin/cmake --build /home/agilex/limo_ros2_ws/build/costmap_converter_msgs -- -j6 -l6
[21.689s] Invoking command in '/home/agilex/limo_ros2_ws/build/costmap_converter_msgs': CMAKE_PREFIX_PATH=${CMAKE_PREFIX_PATH}:/home/agilex/limo_ros2_ws/install/nav2_gazebo_spawner:/opt/ros/foxy /usr/bin/cmake --install /home/agilex/limo_ros2_ws/build/costmap_converter_msgs
[21.736s] -- Install configuration: "Release"
[21.738s] -- Up-to-date: /home/agilex/limo_ros2_ws/install/costmap_converter_msgs/share/ament_index/resource_index/rosidl_interfaces/costmap_converter_msgs
[21.738s] -- Up-to-date: /home/agilex/limo_ros2_ws/install/costmap_converter_msgs/include/costmap_converter_msgs
[21.738s] -- Up-to-date: /home/agilex/limo_ros2_ws/install/costmap_converter_msgs/include/costmap_converter_msgs/msg
[21.738s] -- Up-to-date: /home/agilex/limo_ros2_ws/install/costmap_converter_msgs/include/costmap_converter_msgs/msg/rosidl_generator_c__visibility_control.h
[21.739s] -- Up-to-date: /home/agilex/limo_ros2_ws/install/costmap_converter_msgs/include/costmap_converter_msgs/msg/obstacle_array_msg.h
[21.739s] -- Up-to-date: /home/agilex/limo_ros2_ws/install/costmap_converter_msgs/include/costmap_converter_msgs/msg/obstacle_msg.h
[21.739s] -- Up-to-date: /home/agilex/limo_ros2_ws/install/costmap_converter_msgs/include/costmap_converter_msgs/msg/detail
[21.739s] -- Up-to-date: /home/agilex/limo_ros2_ws/install/costmap_converter_msgs/include/costmap_converter_msgs/msg/detail/obstacle_array_msg__functions.c
[21.739s] -- Up-to-date: /home/agilex/limo_ros2_ws/install/costmap_converter_msgs/include/costmap_converter_msgs/msg/detail/obstacle_msg__type_support.h
[21.739s] -- Up-to-date: /home/agilex/limo_ros2_ws/install/costmap_converter_msgs/include/costmap_converter_msgs/msg/detail/obstacle_msg__functions.c
[21.739s] -- Up-to-date: /home/agilex/limo_ros2_ws/install/costmap_converter_msgs/include/costmap_converter_msgs/msg/detail/obstacle_array_msg__struct.h
[21.740s] -- Up-to-date: /home/agilex/limo_ros2_ws/install/costmap_converter_msgs/include/costmap_converter_msgs/msg/detail/obstacle_msg__functions.h
[21.740s] -- Up-to-date: /home/agilex/limo_ros2_ws/install/costmap_converter_msgs/include/costmap_converter_msgs/msg/detail/obstacle_msg__struct.h
[21.740s] -- Up-to-date: /home/agilex/limo_ros2_ws/install/costmap_converter_msgs/include/costmap_converter_msgs/msg/detail/obstacle_array_msg__type_support.h
[21.741s] -- Up-to-date: /home/agilex/limo_ros2_ws/install/costmap_converter_msgs/include/costmap_converter_msgs/msg/detail/obstacle_array_msg__functions.h
[21.741s] -- Up-to-date: /home/agilex/limo_ros2_ws/install/costmap_converter_msgs/share/costmap_converter_msgs/environment/library_path.sh
[21.741s] -- Installing: /home/agilex/limo_ros2_ws/install/costmap_converter_msgs/share/costmap_converter_msgs/environment/library_path.dsv
[21.742s] -- Installing: /home/agilex/limo_ros2_ws/install/costmap_converter_msgs/lib/libcostmap_converter_msgs__rosidl_generator_c.so
[21.742s] -- Set runtime path of "/home/agilex/limo_ros2_ws/install/costmap_converter_msgs/lib/libcostmap_converter_msgs__rosidl_generator_c.so" to ""
[21.742s] -- Up-to-date: /home/agilex/limo_ros2_ws/install/costmap_converter_msgs/include/costmap_converter_msgs
[21.742s] -- Up-to-date: /home/agilex/limo_ros2_ws/install/costmap_converter_msgs/include/costmap_converter_msgs/msg
[21.742s] -- Up-to-date: /home/agilex/limo_ros2_ws/install/costmap_converter_msgs/include/costmap_converter_msgs/msg/rosidl_typesupport_fastrtps_c__visibility_control.h
[21.743s] -- Up-to-date: /home/agilex/limo_ros2_ws/install/costmap_converter_msgs/include/costmap_converter_msgs/msg/detail
[21.743s] -- Up-to-date: /home/agilex/limo_ros2_ws/install/costmap_converter_msgs/include/costmap_converter_msgs/msg/detail/obstacle_array_msg__rosidl_typesupport_fastrtps_c.h
[21.743s] -- Up-to-date: /home/agilex/limo_ros2_ws/install/costmap_converter_msgs/include/costmap_converter_msgs/msg/detail/obstacle_msg__rosidl_typesupport_fastrtps_c.h
[21.743s] -- Installing: /home/agilex/limo_ros2_ws/install/costmap_converter_msgs/lib/libcostmap_converter_msgs__rosidl_typesupport_fastrtps_c.so
[21.748s] -- Set runtime path of "/home/agilex/limo_ros2_ws/install/costmap_converter_msgs/lib/libcostmap_converter_msgs__rosidl_typesupport_fastrtps_c.so" to ""
[21.749s] -- Up-to-date: /home/agilex/limo_ros2_ws/install/costmap_converter_msgs/include/costmap_converter_msgs
[21.749s] -- Up-to-date: /home/agilex/limo_ros2_ws/install/costmap_converter_msgs/include/costmap_converter_msgs/msg
[21.749s] -- Up-to-date: /home/agilex/limo_ros2_ws/install/costmap_converter_msgs/include/costmap_converter_msgs/msg/rosidl_typesupport_fastrtps_cpp__visibility_control.h
[21.749s] -- Up-to-date: /home/agilex/limo_ros2_ws/install/costmap_converter_msgs/include/costmap_converter_msgs/msg/detail
[21.749s] -- Up-to-date: /home/agilex/limo_ros2_ws/install/costmap_converter_msgs/include/costmap_converter_msgs/msg/detail/obstacle_array_msg__rosidl_typesupport_fastrtps_cpp.hpp
[21.749s] -- Up-to-date: /home/agilex/limo_ros2_ws/install/costmap_converter_msgs/include/costmap_converter_msgs/msg/detail/dds_fastrtps
[21.750s] -- Up-to-date: /home/agilex/limo_ros2_ws/install/costmap_converter_msgs/include/costmap_converter_msgs/msg/detail/obstacle_msg__rosidl_typesupport_fastrtps_cpp.hpp
[21.750s] -- Installing: /home/agilex/limo_ros2_ws/install/costmap_converter_msgs/lib/libcostmap_converter_msgs__rosidl_typesupport_fastrtps_cpp.so
[21.753s] -- Set runtime path of "/home/agilex/limo_ros2_ws/install/costmap_converter_msgs/lib/libcostmap_converter_msgs__rosidl_typesupport_fastrtps_cpp.so" to ""
[21.753s] -- Up-to-date: /home/agilex/limo_ros2_ws/install/costmap_converter_msgs/include/costmap_converter_msgs
[21.753s] -- Up-to-date: /home/agilex/limo_ros2_ws/install/costmap_converter_msgs/include/costmap_converter_msgs/msg
[21.753s] -- Up-to-date: /home/agilex/limo_ros2_ws/install/costmap_converter_msgs/include/costmap_converter_msgs/msg/rosidl_typesupport_introspection_c__visibility_control.h
[21.754s] -- Up-to-date: /home/agilex/limo_ros2_ws/install/costmap_converter_msgs/include/costmap_converter_msgs/msg/detail
[21.754s] -- Up-to-date: /home/agilex/limo_ros2_ws/install/costmap_converter_msgs/include/costmap_converter_msgs/msg/detail/obstacle_msg__type_support.c
[21.754s] -- Up-to-date: /home/agilex/limo_ros2_ws/install/costmap_converter_msgs/include/costmap_converter_msgs/msg/detail/obstacle_msg__rosidl_typesupport_introspection_c.h
[21.754s] -- Up-to-date: /home/agilex/limo_ros2_ws/install/costmap_converter_msgs/include/costmap_converter_msgs/msg/detail/obstacle_array_msg__type_support.c
[21.754s] -- Up-to-date: /home/agilex/limo_ros2_ws/install/costmap_converter_msgs/include/costmap_converter_msgs/msg/detail/obstacle_array_msg__rosidl_typesupport_introspection_c.h
[21.756s] -- Installing: /home/agilex/limo_ros2_ws/install/costmap_converter_msgs/lib/libcostmap_converter_msgs__rosidl_typesupport_introspection_c.so
[21.757s] -- Set runtime path of "/home/agilex/limo_ros2_ws/install/costmap_converter_msgs/lib/libcostmap_converter_msgs__rosidl_typesupport_introspection_c.so" to ""
[21.761s] -- Installing: /home/agilex/limo_ros2_ws/install/costmap_converter_msgs/lib/libcostmap_converter_msgs__rosidl_typesupport_c.so
[21.761s] -- Set runtime path of "/home/agilex/limo_ros2_ws/install/costmap_converter_msgs/lib/libcostmap_converter_msgs__rosidl_typesupport_c.so" to ""
[21.762s] -- Up-to-date: /home/agilex/limo_ros2_ws/install/costmap_converter_msgs/include/costmap_converter_msgs
[21.762s] -- Up-to-date: /home/agilex/limo_ros2_ws/install/costmap_converter_msgs/include/costmap_converter_msgs/msg
[21.762s] -- Up-to-date: /home/agilex/limo_ros2_ws/install/costmap_converter_msgs/include/costmap_converter_msgs/msg/obstacle_array_msg.hpp
[21.762s] -- Up-to-date: /home/agilex/limo_ros2_ws/install/costmap_converter_msgs/include/costmap_converter_msgs/msg/rosidl_generator_cpp__visibility_control.hpp
[21.762s] -- Up-to-date: /home/agilex/limo_ros2_ws/install/costmap_converter_msgs/include/costmap_converter_msgs/msg/obstacle_msg.hpp
[21.763s] -- Up-to-date: /home/agilex/limo_ros2_ws/install/costmap_converter_msgs/include/costmap_converter_msgs/msg/detail
[21.763s] -- Up-to-date: /home/agilex/limo_ros2_ws/install/costmap_converter_msgs/include/costmap_converter_msgs/msg/detail/obstacle_array_msg__struct.hpp
[21.763s] -- Up-to-date: /home/agilex/limo_ros2_ws/install/costmap_converter_msgs/include/costmap_converter_msgs/msg/detail/obstacle_array_msg__traits.hpp
[21.763s] -- Up-to-date: /home/agilex/limo_ros2_ws/install/costmap_converter_msgs/include/costmap_converter_msgs/msg/detail/obstacle_msg__builder.hpp
[21.763s] -- Up-to-date: /home/agilex/limo_ros2_ws/install/costmap_converter_msgs/include/costmap_converter_msgs/msg/detail/obstacle_array_msg__type_support.hpp
[21.763s] -- Up-to-date: /home/agilex/limo_ros2_ws/install/costmap_converter_msgs/include/costmap_converter_msgs/msg/detail/obstacle_msg__type_support.hpp
[21.763s] -- Up-to-date: /home/agilex/limo_ros2_ws/install/costmap_converter_msgs/include/costmap_converter_msgs/msg/detail/obstacle_msg__traits.hpp
[21.764s] -- Up-to-date: /home/agilex/limo_ros2_ws/install/costmap_converter_msgs/include/costmap_converter_msgs/msg/detail/obstacle_array_msg__builder.hpp
[21.764s] -- Up-to-date: /home/agilex/limo_ros2_ws/install/costmap_converter_msgs/include/costmap_converter_msgs/msg/detail/obstacle_msg__struct.hpp
[21.764s] -- Up-to-date: /home/agilex/limo_ros2_ws/install/costmap_converter_msgs/include/costmap_converter_msgs
[21.764s] -- Up-to-date: /home/agilex/limo_ros2_ws/install/costmap_converter_msgs/include/costmap_converter_msgs/msg
[21.764s] -- Up-to-date: /home/agilex/limo_ros2_ws/install/costmap_converter_msgs/include/costmap_converter_msgs/msg/detail
[21.765s] -- Up-to-date: /home/agilex/limo_ros2_ws/install/costmap_converter_msgs/include/costmap_converter_msgs/msg/detail/obstacle_msg__rosidl_typesupport_introspection_cpp.hpp
[21.765s] -- Up-to-date: /home/agilex/limo_ros2_ws/install/costmap_converter_msgs/include/costmap_converter_msgs/msg/detail/obstacle_array_msg__type_support.cpp
[21.765s] -- Up-to-date: /home/agilex/limo_ros2_ws/install/costmap_converter_msgs/include/costmap_converter_msgs/msg/detail/obstacle_array_msg__rosidl_typesupport_introspection_cpp.hpp
[21.765s] -- Up-to-date: /home/agilex/limo_ros2_ws/install/costmap_converter_msgs/include/costmap_converter_msgs/msg/detail/obstacle_msg__type_support.cpp
[21.765s] -- Installing: /home/agilex/limo_ros2_ws/install/costmap_converter_msgs/lib/libcostmap_converter_msgs__rosidl_typesupport_introspection_cpp.so
[21.765s] -- Set runtime path of "/home/agilex/limo_ros2_ws/install/costmap_converter_msgs/lib/libcostmap_converter_msgs__rosidl_typesupport_introspection_cpp.so" to ""
[21.766s] -- Installing: /home/agilex/limo_ros2_ws/install/costmap_converter_msgs/lib/libcostmap_converter_msgs__rosidl_typesupport_cpp.so
[21.767s] -- Set runtime path of "/home/agilex/limo_ros2_ws/install/costmap_converter_msgs/lib/libcostmap_converter_msgs__rosidl_typesupport_cpp.so" to ""
[21.768s] -- Up-to-date: /home/agilex/limo_ros2_ws/install/costmap_converter_msgs/share/costmap_converter_msgs/environment/pythonpath.sh
[21.768s] -- Installing: /home/agilex/limo_ros2_ws/install/costmap_converter_msgs/share/costmap_converter_msgs/environment/pythonpath.dsv
[21.768s] -- Installing: /home/agilex/limo_ros2_ws/install/costmap_converter_msgs/lib/python3.8/site-packages/costmap_converter_msgs/__init__.py
[21.902s] Compiling '/home/agilex/limo_ros2_ws/install/costmap_converter_msgs/lib/python3.8/site-packages/costmap_converter_msgs/__init__.py'...
[21.920s] -- Up-to-date: /home/agilex/limo_ros2_ws/install/costmap_converter_msgs/lib/python3.8/site-packages/costmap_converter_msgs/msg
[21.920s] -- Up-to-date: /home/agilex/limo_ros2_ws/install/costmap_converter_msgs/lib/python3.8/site-packages/costmap_converter_msgs/msg/__init__.py
[21.921s] -- Up-to-date: /home/agilex/limo_ros2_ws/install/costmap_converter_msgs/lib/python3.8/site-packages/costmap_converter_msgs/msg/_obstacle_array_msg.py
[21.921s] -- Up-to-date: /home/agilex/limo_ros2_ws/install/costmap_converter_msgs/lib/python3.8/site-packages/costmap_converter_msgs/msg/_obstacle_msg.py
[21.921s] -- Up-to-date: /home/agilex/limo_ros2_ws/install/costmap_converter_msgs/lib/python3.8/site-packages/costmap_converter_msgs/msg/_obstacle_array_msg_s.c
[21.921s] -- Up-to-date: /home/agilex/limo_ros2_ws/install/costmap_converter_msgs/lib/python3.8/site-packages/costmap_converter_msgs/msg/_obstacle_msg_s.c
[21.923s] -- Installing: /home/agilex/limo_ros2_ws/install/costmap_converter_msgs/lib/python3.8/site-packages/costmap_converter_msgs/costmap_converter_msgs_s__rosidl_typesupport_fastrtps_c.cpython-38-aarch64-linux-gnu.so
[21.923s] -- Set runtime path of "/home/agilex/limo_ros2_ws/install/costmap_converter_msgs/lib/python3.8/site-packages/costmap_converter_msgs/costmap_converter_msgs_s__rosidl_typesupport_fastrtps_c.cpython-38-aarch64-linux-gnu.so" to ""
[21.928s] -- Installing: /home/agilex/limo_ros2_ws/install/costmap_converter_msgs/lib/python3.8/site-packages/costmap_converter_msgs/costmap_converter_msgs_s__rosidl_typesupport_introspection_c.cpython-38-aarch64-linux-gnu.so
[21.940s] -- Set runtime path of "/home/agilex/limo_ros2_ws/install/costmap_converter_msgs/lib/python3.8/site-packages/costmap_converter_msgs/costmap_converter_msgs_s__rosidl_typesupport_introspection_c.cpython-38-aarch64-linux-gnu.so" to ""
[21.942s] -- Installing: /home/agilex/limo_ros2_ws/install/costmap_converter_msgs/lib/python3.8/site-packages/costmap_converter_msgs/costmap_converter_msgs_s__rosidl_typesupport_c.cpython-38-aarch64-linux-gnu.so
[21.946s] -- Set runtime path of "/home/agilex/limo_ros2_ws/install/costmap_converter_msgs/lib/python3.8/site-packages/costmap_converter_msgs/costmap_converter_msgs_s__rosidl_typesupport_c.cpython-38-aarch64-linux-gnu.so" to ""
[21.947s] -- Installing: /home/agilex/limo_ros2_ws/install/costmap_converter_msgs/lib/libcostmap_converter_msgs__python.so
[21.950s] -- Set runtime path of "/home/agilex/limo_ros2_ws/install/costmap_converter_msgs/lib/libcostmap_converter_msgs__python.so" to ""
[21.951s] -- Up-to-date: /home/agilex/limo_ros2_ws/install/costmap_converter_msgs/share/costmap_converter_msgs/msg/ObstacleMsg.idl
[21.951s] -- Up-to-date: /home/agilex/limo_ros2_ws/install/costmap_converter_msgs/share/costmap_converter_msgs/msg/ObstacleArrayMsg.idl
[21.951s] -- Up-to-date: /home/agilex/limo_ros2_ws/install/costmap_converter_msgs/share/costmap_converter_msgs/msg/ObstacleMsg.msg
[21.955s] -- Up-to-date: /home/agilex/limo_ros2_ws/install/costmap_converter_msgs/share/costmap_converter_msgs/msg/ObstacleArrayMsg.msg
[21.955s] -- Up-to-date: /home/agilex/limo_ros2_ws/install/costmap_converter_msgs/share/ament_index/resource_index/package_run_dependencies/costmap_converter_msgs
[21.956s] -- Installing: /home/agilex/limo_ros2_ws/install/costmap_converter_msgs/share/ament_index/resource_index/parent_prefix_path/costmap_converter_msgs
[21.957s] -- Up-to-date: /home/agilex/limo_ros2_ws/install/costmap_converter_msgs/share/costmap_converter_msgs/environment/ament_prefix_path.sh
[21.957s] -- Installing: /home/agilex/limo_ros2_ws/install/costmap_converter_msgs/share/costmap_converter_msgs/environment/ament_prefix_path.dsv
[21.957s] -- Up-to-date: /home/agilex/limo_ros2_ws/install/costmap_converter_msgs/share/costmap_converter_msgs/environment/path.sh
[21.957s] -- Installing: /home/agilex/limo_ros2_ws/install/costmap_converter_msgs/share/costmap_converter_msgs/environment/path.dsv
[21.958s] -- Up-to-date: /home/agilex/limo_ros2_ws/install/costmap_converter_msgs/share/costmap_converter_msgs/local_setup.bash
[21.958s] -- Up-to-date: /home/agilex/limo_ros2_ws/install/costmap_converter_msgs/share/costmap_converter_msgs/local_setup.sh
[21.958s] -- Up-to-date: /home/agilex/limo_ros2_ws/install/costmap_converter_msgs/share/costmap_converter_msgs/local_setup.zsh
[21.958s] -- Installing: /home/agilex/limo_ros2_ws/install/costmap_converter_msgs/share/costmap_converter_msgs/local_setup.dsv
[21.959s] -- Installing: /home/agilex/limo_ros2_ws/install/costmap_converter_msgs/share/costmap_converter_msgs/package.dsv
[21.964s] -- Up-to-date: /home/agilex/limo_ros2_ws/install/costmap_converter_msgs/share/ament_index/resource_index/packages/costmap_converter_msgs
[21.968s] -- Up-to-date: /home/agilex/limo_ros2_ws/install/costmap_converter_msgs/share/costmap_converter_msgs/cmake/costmap_converter_msgs__rosidl_generator_cExport.cmake
[21.971s] -- Installing: /home/agilex/limo_ros2_ws/install/costmap_converter_msgs/share/costmap_converter_msgs/cmake/costmap_converter_msgs__rosidl_generator_cExport-release.cmake
[21.971s] -- Up-to-date: /home/agilex/limo_ros2_ws/install/costmap_converter_msgs/share/costmap_converter_msgs/cmake/costmap_converter_msgs__rosidl_typesupport_introspection_cExport.cmake
[21.971s] -- Installing: /home/agilex/limo_ros2_ws/install/costmap_converter_msgs/share/costmap_converter_msgs/cmake/costmap_converter_msgs__rosidl_typesupport_introspection_cExport-release.cmake
[21.971s] -- Up-to-date: /home/agilex/limo_ros2_ws/install/costmap_converter_msgs/share/costmap_converter_msgs/cmake/costmap_converter_msgs__rosidl_typesupport_cExport.cmake
[21.972s] -- Installing: /home/agilex/limo_ros2_ws/install/costmap_converter_msgs/share/costmap_converter_msgs/cmake/costmap_converter_msgs__rosidl_typesupport_cExport-release.cmake
[21.979s] -- Up-to-date: /home/agilex/limo_ros2_ws/install/costmap_converter_msgs/share/costmap_converter_msgs/cmake/costmap_converter_msgs__rosidl_generator_cppExport.cmake
[21.980s] -- Up-to-date: /home/agilex/limo_ros2_ws/install/costmap_converter_msgs/share/costmap_converter_msgs/cmake/costmap_converter_msgs__rosidl_typesupport_introspection_cppExport.cmake
[21.980s] -- Installing: /home/agilex/limo_ros2_ws/install/costmap_converter_msgs/share/costmap_converter_msgs/cmake/costmap_converter_msgs__rosidl_typesupport_introspection_cppExport-release.cmake
[21.981s] -- Up-to-date: /home/agilex/limo_ros2_ws/install/costmap_converter_msgs/share/costmap_converter_msgs/cmake/costmap_converter_msgs__rosidl_typesupport_cppExport.cmake
[21.981s] -- Installing: /home/agilex/limo_ros2_ws/install/costmap_converter_msgs/share/costmap_converter_msgs/cmake/costmap_converter_msgs__rosidl_typesupport_cppExport-release.cmake
[21.983s] -- Up-to-date: /home/agilex/limo_ros2_ws/install/costmap_converter_msgs/share/costmap_converter_msgs/cmake/rosidl_cmake-extras.cmake
[21.984s] -- Up-to-date: /home/agilex/limo_ros2_ws/install/costmap_converter_msgs/share/costmap_converter_msgs/cmake/ament_cmake_export_dependencies-extras.cmake
[21.984s] -- Up-to-date: /home/agilex/limo_ros2_ws/install/costmap_converter_msgs/share/costmap_converter_msgs/cmake/ament_cmake_export_libraries-extras.cmake
[21.984s] -- Up-to-date: /home/agilex/limo_ros2_ws/install/costmap_converter_msgs/share/costmap_converter_msgs/cmake/ament_cmake_export_targets-extras.cmake
[21.985s] -- Up-to-date: /home/agilex/limo_ros2_ws/install/costmap_converter_msgs/share/costmap_converter_msgs/cmake/ament_cmake_export_include_directories-extras.cmake
[21.985s] -- Up-to-date: /home/agilex/limo_ros2_ws/install/costmap_converter_msgs/share/costmap_converter_msgs/cmake/rosidl_cmake_export_typesupport_libraries-extras.cmake
[21.986s] -- Up-to-date: /home/agilex/limo_ros2_ws/install/costmap_converter_msgs/share/costmap_converter_msgs/cmake/rosidl_cmake_export_typesupport_targets-extras.cmake
[21.986s] -- Up-to-date: /home/agilex/limo_ros2_ws/install/costmap_converter_msgs/share/costmap_converter_msgs/cmake/costmap_converter_msgsConfig.cmake
[21.995s] -- Up-to-date: /home/agilex/limo_ros2_ws/install/costmap_converter_msgs/share/costmap_converter_msgs/cmake/costmap_converter_msgsConfig-version.cmake
[21.999s] -- Up-to-date: /home/agilex/limo_ros2_ws/install/costmap_converter_msgs/share/costmap_converter_msgs/package.xml
[22.001s] Invoked command in '/home/agilex/limo_ros2_ws/build/costmap_converter_msgs' returned '0': CMAKE_PREFIX_PATH=${CMAKE_PREFIX_PATH}:/home/agilex/limo_ros2_ws/install/nav2_gazebo_spawner:/opt/ros/foxy /usr/bin/cmake --install /home/agilex/limo_ros2_ws/build/costmap_converter_msgs
