[0.128s] Invoking command in '/home/agilex/limo_ros2_ws/build/astra_camera_msgs': CMAKE_PREFIX_PATH=${CMAKE_PREFIX_PATH}:/home/agilex/limo_ros2_ws/install/ultraarm:/home/agilex/limo_ros2_ws/install/nav2_gazebo_spawner:/home/agilex/limo_ros2_ws/install/mypalletizer_260_pi:/home/agilex/limo_ros2_ws/install/mypalletizer_260:/home/agilex/limo_ros2_ws/install/mypalletizer_communication:/home/agilex/limo_ros2_ws/install/mycobot_630:/home/agilex/limo_ros2_ws/install/mycobot_600:/home/agilex/limo_ros2_ws/install/mycobot_320pi:/home/agilex/limo_ros2_ws/install/mycobot_320:/home/agilex/limo_ros2_ws/install/mycobot_280pi:/home/agilex/limo_ros2_ws/install/mycobot_280jn:/home/agilex/limo_ros2_ws/install/mycobot_280_x3pi:/home/agilex/limo_ros2_ws/install/mycobot_280:/home/agilex/limo_ros2_ws/install/myarm_300:/home/agilex/limo_ros2_ws/install/mycobot_communication:/home/agilex/limo_ros2_ws/install/mecharm_pi:/home/agilex/limo_ros2_ws/install/mecharm:/home/agilex/limo_ros2_ws/install/mecharm_communication:/home/agilex/limo_ros2_ws/install/mybuddy:/home/agilex/limo_ros2_ws/install/mycobot_description:/opt/ros/foxy /usr/bin/cmake --build /home/agilex/limo_ros2_ws/build/astra_camera_msgs -- -j6 -l6
[0.580s] [  1%] Built target astra_camera_msgs__cpp
[0.607s] [ 12%] Built target astra_camera_msgs__rosidl_generator_c
[0.930s] [ 24%] Built target astra_camera_msgs__rosidl_typesupport_fastrtps_cpp
[0.961s] [ 35%] Built target astra_camera_msgs__rosidl_typesupport_introspection_c
[1.016s] [ 47%] Built target astra_camera_msgs__rosidl_typesupport_c
[1.151s] [ 58%] Built target astra_camera_msgs__rosidl_typesupport_introspection_cpp
[1.157s] [ 70%] Built target astra_camera_msgs__rosidl_typesupport_fastrtps_c
[1.178s] [ 82%] Built target astra_camera_msgs__rosidl_typesupport_cpp
[1.290s] [ 82%] Built target astra_camera_msgs
[1.379s] [ 83%] Built target astra_camera_msgs__py
[1.530s] [ 93%] Built target astra_camera_msgs__python
[1.689s] [ 95%] Built target astra_camera_msgs__rosidl_typesupport_fastrtps_c__pyext
[1.758s] [ 97%] Built target astra_camera_msgs__rosidl_typesupport_introspection_c__pyext
[1.759s] [100%] Built target astra_camera_msgs__rosidl_typesupport_c__pyext
[1.854s] Invoked command in '/home/agilex/limo_ros2_ws/build/astra_camera_msgs' returned '0': CMAKE_PREFIX_PATH=${CMAKE_PREFIX_PATH}:/home/agilex/limo_ros2_ws/install/ultraarm:/home/agilex/limo_ros2_ws/install/nav2_gazebo_spawner:/home/agilex/limo_ros2_ws/install/mypalletizer_260_pi:/home/agilex/limo_ros2_ws/install/mypalletizer_260:/home/agilex/limo_ros2_ws/install/mypalletizer_communication:/home/agilex/limo_ros2_ws/install/mycobot_630:/home/agilex/limo_ros2_ws/install/mycobot_600:/home/agilex/limo_ros2_ws/install/mycobot_320pi:/home/agilex/limo_ros2_ws/install/mycobot_320:/home/agilex/limo_ros2_ws/install/mycobot_280pi:/home/agilex/limo_ros2_ws/install/mycobot_280jn:/home/agilex/limo_ros2_ws/install/mycobot_280_x3pi:/home/agilex/limo_ros2_ws/install/mycobot_280:/home/agilex/limo_ros2_ws/install/myarm_300:/home/agilex/limo_ros2_ws/install/mycobot_communication:/home/agilex/limo_ros2_ws/install/mecharm_pi:/home/agilex/limo_ros2_ws/install/mecharm:/home/agilex/limo_ros2_ws/install/mecharm_communication:/home/agilex/limo_ros2_ws/install/mybuddy:/home/agilex/limo_ros2_ws/install/mycobot_description:/opt/ros/foxy /usr/bin/cmake --build /home/agilex/limo_ros2_ws/build/astra_camera_msgs -- -j6 -l6
[3.376s] Invoking command in '/home/agilex/limo_ros2_ws/build/astra_camera_msgs': CMAKE_PREFIX_PATH=${CMAKE_PREFIX_PATH}:/home/agilex/limo_ros2_ws/install/ultraarm:/home/agilex/limo_ros2_ws/install/nav2_gazebo_spawner:/home/agilex/limo_ros2_ws/install/mypalletizer_260_pi:/home/agilex/limo_ros2_ws/install/mypalletizer_260:/home/agilex/limo_ros2_ws/install/mypalletizer_communication:/home/agilex/limo_ros2_ws/install/mycobot_630:/home/agilex/limo_ros2_ws/install/mycobot_600:/home/agilex/limo_ros2_ws/install/mycobot_320pi:/home/agilex/limo_ros2_ws/install/mycobot_320:/home/agilex/limo_ros2_ws/install/mycobot_280pi:/home/agilex/limo_ros2_ws/install/mycobot_280jn:/home/agilex/limo_ros2_ws/install/mycobot_280_x3pi:/home/agilex/limo_ros2_ws/install/mycobot_280:/home/agilex/limo_ros2_ws/install/myarm_300:/home/agilex/limo_ros2_ws/install/mycobot_communication:/home/agilex/limo_ros2_ws/install/mecharm_pi:/home/agilex/limo_ros2_ws/install/mecharm:/home/agilex/limo_ros2_ws/install/mecharm_communication:/home/agilex/limo_ros2_ws/install/mybuddy:/home/agilex/limo_ros2_ws/install/mycobot_description:/opt/ros/foxy /usr/bin/cmake --install /home/agilex/limo_ros2_ws/build/astra_camera_msgs
[3.413s] -- Install configuration: ""
[3.415s] -- Up-to-date: /home/agilex/limo_ros2_ws/install/astra_camera_msgs/share/ament_index/resource_index/rosidl_interfaces/astra_camera_msgs
[3.415s] -- Up-to-date: /home/agilex/limo_ros2_ws/install/astra_camera_msgs/include/astra_camera_msgs
[3.415s] -- Up-to-date: /home/agilex/limo_ros2_ws/install/astra_camera_msgs/include/astra_camera_msgs/msg
[3.415s] -- Up-to-date: /home/agilex/limo_ros2_ws/install/astra_camera_msgs/include/astra_camera_msgs/msg/rosidl_generator_c__visibility_control.h
[3.422s] -- Up-to-date: /home/agilex/limo_ros2_ws/install/astra_camera_msgs/include/astra_camera_msgs/msg/detail
[3.430s] -- Up-to-date: /home/agilex/limo_ros2_ws/install/astra_camera_msgs/include/astra_camera_msgs/msg/detail/device_info__functions.c
[3.435s] -- Up-to-date: /home/agilex/limo_ros2_ws/install/astra_camera_msgs/include/astra_camera_msgs/msg/detail/extrinsics__struct.h
[3.439s] -- Up-to-date: /home/agilex/limo_ros2_ws/install/astra_camera_msgs/include/astra_camera_msgs/msg/detail/device_info__type_support.h
[3.441s] -- Up-to-date: /home/agilex/limo_ros2_ws/install/astra_camera_msgs/include/astra_camera_msgs/msg/detail/extrinsics__type_support.h
[3.441s] -- Up-to-date: /home/agilex/limo_ros2_ws/install/astra_camera_msgs/include/astra_camera_msgs/msg/detail/metadata__struct.h
[3.448s] -- Up-to-date: /home/agilex/limo_ros2_ws/install/astra_camera_msgs/include/astra_camera_msgs/msg/detail/metadata__functions.h
[3.449s] -- Up-to-date: /home/agilex/limo_ros2_ws/install/astra_camera_msgs/include/astra_camera_msgs/msg/detail/metadata__functions.c
[3.449s] -- Up-to-date: /home/agilex/limo_ros2_ws/install/astra_camera_msgs/include/astra_camera_msgs/msg/detail/device_info__struct.h
[3.450s] -- Up-to-date: /home/agilex/limo_ros2_ws/install/astra_camera_msgs/include/astra_camera_msgs/msg/detail/device_info__functions.h
[3.450s] -- Up-to-date: /home/agilex/limo_ros2_ws/install/astra_camera_msgs/include/astra_camera_msgs/msg/detail/metadata__type_support.h
[3.450s] -- Up-to-date: /home/agilex/limo_ros2_ws/install/astra_camera_msgs/include/astra_camera_msgs/msg/detail/extrinsics__functions.h
[3.450s] -- Up-to-date: /home/agilex/limo_ros2_ws/install/astra_camera_msgs/include/astra_camera_msgs/msg/detail/extrinsics__functions.c
[3.450s] -- Up-to-date: /home/agilex/limo_ros2_ws/install/astra_camera_msgs/include/astra_camera_msgs/msg/extrinsics.h
[3.450s] -- Up-to-date: /home/agilex/limo_ros2_ws/install/astra_camera_msgs/include/astra_camera_msgs/msg/metadata.h
[3.451s] -- Up-to-date: /home/agilex/limo_ros2_ws/install/astra_camera_msgs/include/astra_camera_msgs/msg/device_info.h
[3.451s] -- Up-to-date: /home/agilex/limo_ros2_ws/install/astra_camera_msgs/include/astra_camera_msgs/srv
[3.451s] -- Up-to-date: /home/agilex/limo_ros2_ws/install/astra_camera_msgs/include/astra_camera_msgs/srv/get_camera_info.h
[3.451s] -- Up-to-date: /home/agilex/limo_ros2_ws/install/astra_camera_msgs/include/astra_camera_msgs/srv/get_string.h
[3.451s] -- Up-to-date: /home/agilex/limo_ros2_ws/install/astra_camera_msgs/include/astra_camera_msgs/srv/get_int32.h
[3.451s] -- Up-to-date: /home/agilex/limo_ros2_ws/install/astra_camera_msgs/include/astra_camera_msgs/srv/set_int32.h
[3.451s] -- Up-to-date: /home/agilex/limo_ros2_ws/install/astra_camera_msgs/include/astra_camera_msgs/srv/detail
[3.452s] -- Up-to-date: /home/agilex/limo_ros2_ws/install/astra_camera_msgs/include/astra_camera_msgs/srv/detail/get_device_info__type_support.h
[3.452s] -- Up-to-date: /home/agilex/limo_ros2_ws/install/astra_camera_msgs/include/astra_camera_msgs/srv/detail/get_camera_info__functions.c
[3.452s] -- Up-to-date: /home/agilex/limo_ros2_ws/install/astra_camera_msgs/include/astra_camera_msgs/srv/detail/get_camera_info__type_support.h
[3.452s] -- Up-to-date: /home/agilex/limo_ros2_ws/install/astra_camera_msgs/include/astra_camera_msgs/srv/detail/get_string__type_support.h
[3.452s] -- Up-to-date: /home/agilex/limo_ros2_ws/install/astra_camera_msgs/include/astra_camera_msgs/srv/detail/set_int32__struct.h
[3.452s] -- Up-to-date: /home/agilex/limo_ros2_ws/install/astra_camera_msgs/include/astra_camera_msgs/srv/detail/get_int32__functions.h
[3.452s] -- Up-to-date: /home/agilex/limo_ros2_ws/install/astra_camera_msgs/include/astra_camera_msgs/srv/detail/get_camera_info__struct.h
[3.452s] -- Up-to-date: /home/agilex/limo_ros2_ws/install/astra_camera_msgs/include/astra_camera_msgs/srv/detail/get_int32__type_support.h
[3.453s] -- Up-to-date: /home/agilex/limo_ros2_ws/install/astra_camera_msgs/include/astra_camera_msgs/srv/detail/get_device_info__functions.h
[3.453s] -- Up-to-date: /home/agilex/limo_ros2_ws/install/astra_camera_msgs/include/astra_camera_msgs/srv/detail/get_camera_params__functions.h
[3.453s] -- Up-to-date: /home/agilex/limo_ros2_ws/install/astra_camera_msgs/include/astra_camera_msgs/srv/detail/get_camera_info__functions.h
[3.453s] -- Up-to-date: /home/agilex/limo_ros2_ws/install/astra_camera_msgs/include/astra_camera_msgs/srv/detail/get_device_info__functions.c
[3.453s] -- Up-to-date: /home/agilex/limo_ros2_ws/install/astra_camera_msgs/include/astra_camera_msgs/srv/detail/get_device_info__struct.h
[3.453s] -- Up-to-date: /home/agilex/limo_ros2_ws/install/astra_camera_msgs/include/astra_camera_msgs/srv/detail/get_string__functions.h
[3.453s] -- Up-to-date: /home/agilex/limo_ros2_ws/install/astra_camera_msgs/include/astra_camera_msgs/srv/detail/set_int32__type_support.h
[3.453s] -- Up-to-date: /home/agilex/limo_ros2_ws/install/astra_camera_msgs/include/astra_camera_msgs/srv/detail/get_string__struct.h
[3.454s] -- Up-to-date: /home/agilex/limo_ros2_ws/install/astra_camera_msgs/include/astra_camera_msgs/srv/detail/get_string__functions.c
[3.454s] -- Up-to-date: /home/agilex/limo_ros2_ws/install/astra_camera_msgs/include/astra_camera_msgs/srv/detail/get_camera_params__struct.h
[3.454s] -- Up-to-date: /home/agilex/limo_ros2_ws/install/astra_camera_msgs/include/astra_camera_msgs/srv/detail/set_int32__functions.c
[3.454s] -- Up-to-date: /home/agilex/limo_ros2_ws/install/astra_camera_msgs/include/astra_camera_msgs/srv/detail/get_camera_params__functions.c
[3.454s] -- Up-to-date: /home/agilex/limo_ros2_ws/install/astra_camera_msgs/include/astra_camera_msgs/srv/detail/get_int32__struct.h
[3.455s] -- Up-to-date: /home/agilex/limo_ros2_ws/install/astra_camera_msgs/include/astra_camera_msgs/srv/detail/get_int32__functions.c
[3.455s] -- Up-to-date: /home/agilex/limo_ros2_ws/install/astra_camera_msgs/include/astra_camera_msgs/srv/detail/get_camera_params__type_support.h
[3.455s] -- Up-to-date: /home/agilex/limo_ros2_ws/install/astra_camera_msgs/include/astra_camera_msgs/srv/detail/set_int32__functions.h
[3.455s] -- Up-to-date: /home/agilex/limo_ros2_ws/install/astra_camera_msgs/include/astra_camera_msgs/srv/get_device_info.h
[3.455s] -- Up-to-date: /home/agilex/limo_ros2_ws/install/astra_camera_msgs/include/astra_camera_msgs/srv/get_camera_params.h
[3.455s] -- Up-to-date: /home/agilex/limo_ros2_ws/install/astra_camera_msgs/share/astra_camera_msgs/environment/library_path.sh
[3.456s] -- Up-to-date: /home/agilex/limo_ros2_ws/install/astra_camera_msgs/share/astra_camera_msgs/environment/library_path.dsv
[3.456s] -- Up-to-date: /home/agilex/limo_ros2_ws/install/astra_camera_msgs/lib/libastra_camera_msgs__rosidl_generator_c.so
[3.456s] -- Up-to-date: /home/agilex/limo_ros2_ws/install/astra_camera_msgs/include/astra_camera_msgs
[3.456s] -- Up-to-date: /home/agilex/limo_ros2_ws/install/astra_camera_msgs/include/astra_camera_msgs/msg
[3.456s] -- Up-to-date: /home/agilex/limo_ros2_ws/install/astra_camera_msgs/include/astra_camera_msgs/msg/rosidl_typesupport_fastrtps_c__visibility_control.h
[3.456s] -- Up-to-date: /home/agilex/limo_ros2_ws/install/astra_camera_msgs/include/astra_camera_msgs/msg/detail
[3.456s] -- Up-to-date: /home/agilex/limo_ros2_ws/install/astra_camera_msgs/include/astra_camera_msgs/msg/detail/metadata__rosidl_typesupport_fastrtps_c.h
[3.456s] -- Up-to-date: /home/agilex/limo_ros2_ws/install/astra_camera_msgs/include/astra_camera_msgs/msg/detail/extrinsics__rosidl_typesupport_fastrtps_c.h
[3.457s] -- Up-to-date: /home/agilex/limo_ros2_ws/install/astra_camera_msgs/include/astra_camera_msgs/msg/detail/device_info__rosidl_typesupport_fastrtps_c.h
[3.457s] -- Up-to-date: /home/agilex/limo_ros2_ws/install/astra_camera_msgs/include/astra_camera_msgs/srv
[3.457s] -- Up-to-date: /home/agilex/limo_ros2_ws/install/astra_camera_msgs/include/astra_camera_msgs/srv/detail
[3.457s] -- Up-to-date: /home/agilex/limo_ros2_ws/install/astra_camera_msgs/include/astra_camera_msgs/srv/detail/get_camera_params__rosidl_typesupport_fastrtps_c.h
[3.457s] -- Up-to-date: /home/agilex/limo_ros2_ws/install/astra_camera_msgs/include/astra_camera_msgs/srv/detail/get_camera_info__rosidl_typesupport_fastrtps_c.h
[3.457s] -- Up-to-date: /home/agilex/limo_ros2_ws/install/astra_camera_msgs/include/astra_camera_msgs/srv/detail/get_int32__rosidl_typesupport_fastrtps_c.h
[3.457s] -- Up-to-date: /home/agilex/limo_ros2_ws/install/astra_camera_msgs/include/astra_camera_msgs/srv/detail/set_int32__rosidl_typesupport_fastrtps_c.h
[3.457s] -- Up-to-date: /home/agilex/limo_ros2_ws/install/astra_camera_msgs/include/astra_camera_msgs/srv/detail/get_string__rosidl_typesupport_fastrtps_c.h
[3.458s] -- Up-to-date: /home/agilex/limo_ros2_ws/install/astra_camera_msgs/include/astra_camera_msgs/srv/detail/get_device_info__rosidl_typesupport_fastrtps_c.h
[3.458s] -- Up-to-date: /home/agilex/limo_ros2_ws/install/astra_camera_msgs/lib/libastra_camera_msgs__rosidl_typesupport_fastrtps_c.so
[3.458s] -- Up-to-date: /home/agilex/limo_ros2_ws/install/astra_camera_msgs/include/astra_camera_msgs
[3.458s] -- Up-to-date: /home/agilex/limo_ros2_ws/install/astra_camera_msgs/include/astra_camera_msgs/msg
[3.458s] -- Up-to-date: /home/agilex/limo_ros2_ws/install/astra_camera_msgs/include/astra_camera_msgs/msg/rosidl_typesupport_fastrtps_cpp__visibility_control.h
[3.458s] -- Up-to-date: /home/agilex/limo_ros2_ws/install/astra_camera_msgs/include/astra_camera_msgs/msg/detail
[3.458s] -- Up-to-date: /home/agilex/limo_ros2_ws/install/astra_camera_msgs/include/astra_camera_msgs/msg/detail/device_info__rosidl_typesupport_fastrtps_cpp.hpp
[3.459s] -- Up-to-date: /home/agilex/limo_ros2_ws/install/astra_camera_msgs/include/astra_camera_msgs/msg/detail/dds_fastrtps
[3.459s] -- Up-to-date: /home/agilex/limo_ros2_ws/install/astra_camera_msgs/include/astra_camera_msgs/msg/detail/metadata__rosidl_typesupport_fastrtps_cpp.hpp
[3.460s] -- Up-to-date: /home/agilex/limo_ros2_ws/install/astra_camera_msgs/include/astra_camera_msgs/msg/detail/extrinsics__rosidl_typesupport_fastrtps_cpp.hpp
[3.460s] -- Up-to-date: /home/agilex/limo_ros2_ws/install/astra_camera_msgs/include/astra_camera_msgs/srv
[3.460s] -- Up-to-date: /home/agilex/limo_ros2_ws/install/astra_camera_msgs/include/astra_camera_msgs/srv/detail
[3.460s] -- Up-to-date: /home/agilex/limo_ros2_ws/install/astra_camera_msgs/include/astra_camera_msgs/srv/detail/get_camera_params__rosidl_typesupport_fastrtps_cpp.hpp
[3.460s] -- Up-to-date: /home/agilex/limo_ros2_ws/install/astra_camera_msgs/include/astra_camera_msgs/srv/detail/get_device_info__rosidl_typesupport_fastrtps_cpp.hpp
[3.460s] -- Up-to-date: /home/agilex/limo_ros2_ws/install/astra_camera_msgs/include/astra_camera_msgs/srv/detail/dds_fastrtps
[3.460s] -- Up-to-date: /home/agilex/limo_ros2_ws/install/astra_camera_msgs/include/astra_camera_msgs/srv/detail/get_string__rosidl_typesupport_fastrtps_cpp.hpp
[3.460s] -- Up-to-date: /home/agilex/limo_ros2_ws/install/astra_camera_msgs/include/astra_camera_msgs/srv/detail/set_int32__rosidl_typesupport_fastrtps_cpp.hpp
[3.461s] -- Up-to-date: /home/agilex/limo_ros2_ws/install/astra_camera_msgs/include/astra_camera_msgs/srv/detail/get_int32__rosidl_typesupport_fastrtps_cpp.hpp
[3.461s] -- Up-to-date: /home/agilex/limo_ros2_ws/install/astra_camera_msgs/include/astra_camera_msgs/srv/detail/get_camera_info__rosidl_typesupport_fastrtps_cpp.hpp
[3.461s] -- Up-to-date: /home/agilex/limo_ros2_ws/install/astra_camera_msgs/lib/libastra_camera_msgs__rosidl_typesupport_fastrtps_cpp.so
[3.461s] -- Up-to-date: /home/agilex/limo_ros2_ws/install/astra_camera_msgs/include/astra_camera_msgs
[3.461s] -- Up-to-date: /home/agilex/limo_ros2_ws/install/astra_camera_msgs/include/astra_camera_msgs/msg
[3.462s] -- Up-to-date: /home/agilex/limo_ros2_ws/install/astra_camera_msgs/include/astra_camera_msgs/msg/rosidl_typesupport_introspection_c__visibility_control.h
[3.464s] -- Up-to-date: /home/agilex/limo_ros2_ws/install/astra_camera_msgs/include/astra_camera_msgs/msg/detail
[3.464s] -- Up-to-date: /home/agilex/limo_ros2_ws/install/astra_camera_msgs/include/astra_camera_msgs/msg/detail/device_info__rosidl_typesupport_introspection_c.h
[3.464s] -- Up-to-date: /home/agilex/limo_ros2_ws/install/astra_camera_msgs/include/astra_camera_msgs/msg/detail/metadata__type_support.c
[3.464s] -- Up-to-date: /home/agilex/limo_ros2_ws/install/astra_camera_msgs/include/astra_camera_msgs/msg/detail/device_info__type_support.c
[3.465s] -- Up-to-date: /home/agilex/limo_ros2_ws/install/astra_camera_msgs/include/astra_camera_msgs/msg/detail/extrinsics__type_support.c
[3.465s] -- Up-to-date: /home/agilex/limo_ros2_ws/install/astra_camera_msgs/include/astra_camera_msgs/msg/detail/extrinsics__rosidl_typesupport_introspection_c.h
[3.465s] -- Up-to-date: /home/agilex/limo_ros2_ws/install/astra_camera_msgs/include/astra_camera_msgs/msg/detail/metadata__rosidl_typesupport_introspection_c.h
[3.465s] -- Up-to-date: /home/agilex/limo_ros2_ws/install/astra_camera_msgs/include/astra_camera_msgs/srv
[3.465s] -- Up-to-date: /home/agilex/limo_ros2_ws/install/astra_camera_msgs/include/astra_camera_msgs/srv/detail
[3.465s] -- Up-to-date: /home/agilex/limo_ros2_ws/install/astra_camera_msgs/include/astra_camera_msgs/srv/detail/get_camera_params__type_support.c
[3.465s] -- Up-to-date: /home/agilex/limo_ros2_ws/install/astra_camera_msgs/include/astra_camera_msgs/srv/detail/get_camera_info__type_support.c
[3.465s] -- Up-to-date: /home/agilex/limo_ros2_ws/install/astra_camera_msgs/include/astra_camera_msgs/srv/detail/set_int32__type_support.c
[3.466s] -- Up-to-date: /home/agilex/limo_ros2_ws/install/astra_camera_msgs/include/astra_camera_msgs/srv/detail/set_int32__rosidl_typesupport_introspection_c.h
[3.466s] -- Up-to-date: /home/agilex/limo_ros2_ws/install/astra_camera_msgs/include/astra_camera_msgs/srv/detail/get_device_info__rosidl_typesupport_introspection_c.h
[3.466s] -- Up-to-date: /home/agilex/limo_ros2_ws/install/astra_camera_msgs/include/astra_camera_msgs/srv/detail/get_string__type_support.c
[3.466s] -- Up-to-date: /home/agilex/limo_ros2_ws/install/astra_camera_msgs/include/astra_camera_msgs/srv/detail/get_camera_params__rosidl_typesupport_introspection_c.h
[3.466s] -- Up-to-date: /home/agilex/limo_ros2_ws/install/astra_camera_msgs/include/astra_camera_msgs/srv/detail/get_camera_info__rosidl_typesupport_introspection_c.h
[3.467s] -- Up-to-date: /home/agilex/limo_ros2_ws/install/astra_camera_msgs/include/astra_camera_msgs/srv/detail/get_string__rosidl_typesupport_introspection_c.h
[3.467s] -- Up-to-date: /home/agilex/limo_ros2_ws/install/astra_camera_msgs/include/astra_camera_msgs/srv/detail/get_int32__rosidl_typesupport_introspection_c.h
[3.467s] -- Up-to-date: /home/agilex/limo_ros2_ws/install/astra_camera_msgs/include/astra_camera_msgs/srv/detail/get_device_info__type_support.c
[3.467s] -- Up-to-date: /home/agilex/limo_ros2_ws/install/astra_camera_msgs/include/astra_camera_msgs/srv/detail/get_int32__type_support.c
[3.467s] -- Up-to-date: /home/agilex/limo_ros2_ws/install/astra_camera_msgs/lib/libastra_camera_msgs__rosidl_typesupport_introspection_c.so
[3.467s] -- Up-to-date: /home/agilex/limo_ros2_ws/install/astra_camera_msgs/lib/libastra_camera_msgs__rosidl_typesupport_c.so
[3.467s] -- Up-to-date: /home/agilex/limo_ros2_ws/install/astra_camera_msgs/include/astra_camera_msgs
[3.468s] -- Up-to-date: /home/agilex/limo_ros2_ws/install/astra_camera_msgs/include/astra_camera_msgs/msg
[3.468s] -- Up-to-date: /home/agilex/limo_ros2_ws/install/astra_camera_msgs/include/astra_camera_msgs/msg/device_info.hpp
[3.468s] -- Up-to-date: /home/agilex/limo_ros2_ws/install/astra_camera_msgs/include/astra_camera_msgs/msg/rosidl_generator_cpp__visibility_control.hpp
[3.468s] -- Up-to-date: /home/agilex/limo_ros2_ws/install/astra_camera_msgs/include/astra_camera_msgs/msg/metadata.hpp
[3.469s] -- Up-to-date: /home/agilex/limo_ros2_ws/install/astra_camera_msgs/include/astra_camera_msgs/msg/detail
[3.469s] -- Up-to-date: /home/agilex/limo_ros2_ws/install/astra_camera_msgs/include/astra_camera_msgs/msg/detail/extrinsics__struct.hpp
[3.469s] -- Up-to-date: /home/agilex/limo_ros2_ws/install/astra_camera_msgs/include/astra_camera_msgs/msg/detail/device_info__type_support.hpp
[3.469s] -- Up-to-date: /home/agilex/limo_ros2_ws/install/astra_camera_msgs/include/astra_camera_msgs/msg/detail/metadata__type_support.hpp
[3.469s] -- Up-to-date: /home/agilex/limo_ros2_ws/install/astra_camera_msgs/include/astra_camera_msgs/msg/detail/metadata__struct.hpp
[3.469s] -- Up-to-date: /home/agilex/limo_ros2_ws/install/astra_camera_msgs/include/astra_camera_msgs/msg/detail/extrinsics__traits.hpp
[3.470s] -- Up-to-date: /home/agilex/limo_ros2_ws/install/astra_camera_msgs/include/astra_camera_msgs/msg/detail/extrinsics__builder.hpp
[3.470s] -- Up-to-date: /home/agilex/limo_ros2_ws/install/astra_camera_msgs/include/astra_camera_msgs/msg/detail/device_info__struct.hpp
[3.470s] -- Up-to-date: /home/agilex/limo_ros2_ws/install/astra_camera_msgs/include/astra_camera_msgs/msg/detail/metadata__builder.hpp
[3.470s] -- Up-to-date: /home/agilex/limo_ros2_ws/install/astra_camera_msgs/include/astra_camera_msgs/msg/detail/device_info__builder.hpp
[3.470s] -- Up-to-date: /home/agilex/limo_ros2_ws/install/astra_camera_msgs/include/astra_camera_msgs/msg/detail/device_info__traits.hpp
[3.470s] -- Up-to-date: /home/agilex/limo_ros2_ws/install/astra_camera_msgs/include/astra_camera_msgs/msg/detail/extrinsics__type_support.hpp
[3.470s] -- Up-to-date: /home/agilex/limo_ros2_ws/install/astra_camera_msgs/include/astra_camera_msgs/msg/detail/metadata__traits.hpp
[3.471s] -- Up-to-date: /home/agilex/limo_ros2_ws/install/astra_camera_msgs/include/astra_camera_msgs/msg/extrinsics.hpp
[3.471s] -- Up-to-date: /home/agilex/limo_ros2_ws/install/astra_camera_msgs/include/astra_camera_msgs/srv
[3.471s] -- Up-to-date: /home/agilex/limo_ros2_ws/install/astra_camera_msgs/include/astra_camera_msgs/srv/set_int32.hpp
[3.471s] -- Up-to-date: /home/agilex/limo_ros2_ws/install/astra_camera_msgs/include/astra_camera_msgs/srv/get_string.hpp
[3.471s] -- Up-to-date: /home/agilex/limo_ros2_ws/install/astra_camera_msgs/include/astra_camera_msgs/srv/get_int32.hpp
[3.471s] -- Up-to-date: /home/agilex/limo_ros2_ws/install/astra_camera_msgs/include/astra_camera_msgs/srv/detail
[3.471s] -- Up-to-date: /home/agilex/limo_ros2_ws/install/astra_camera_msgs/include/astra_camera_msgs/srv/detail/set_int32__traits.hpp
[3.471s] -- Up-to-date: /home/agilex/limo_ros2_ws/install/astra_camera_msgs/include/astra_camera_msgs/srv/detail/get_device_info__struct.hpp
[3.471s] -- Up-to-date: /home/agilex/limo_ros2_ws/install/astra_camera_msgs/include/astra_camera_msgs/srv/detail/get_device_info__builder.hpp
[3.472s] -- Up-to-date: /home/agilex/limo_ros2_ws/install/astra_camera_msgs/include/astra_camera_msgs/srv/detail/get_camera_info__traits.hpp
[3.472s] -- Up-to-date: /home/agilex/limo_ros2_ws/install/astra_camera_msgs/include/astra_camera_msgs/srv/detail/get_string__builder.hpp
[3.472s] -- Up-to-date: /home/agilex/limo_ros2_ws/install/astra_camera_msgs/include/astra_camera_msgs/srv/detail/get_int32__struct.hpp
[3.472s] -- Up-to-date: /home/agilex/limo_ros2_ws/install/astra_camera_msgs/include/astra_camera_msgs/srv/detail/get_string__struct.hpp
[3.472s] -- Up-to-date: /home/agilex/limo_ros2_ws/install/astra_camera_msgs/include/astra_camera_msgs/srv/detail/get_camera_info__struct.hpp
[3.472s] -- Up-to-date: /home/agilex/limo_ros2_ws/install/astra_camera_msgs/include/astra_camera_msgs/srv/detail/get_camera_params__traits.hpp
[3.472s] -- Up-to-date: /home/agilex/limo_ros2_ws/install/astra_camera_msgs/include/astra_camera_msgs/srv/detail/get_camera_info__type_support.hpp
[3.472s] -- Up-to-date: /home/agilex/limo_ros2_ws/install/astra_camera_msgs/include/astra_camera_msgs/srv/detail/get_camera_params__struct.hpp
[3.473s] -- Up-to-date: /home/agilex/limo_ros2_ws/install/astra_camera_msgs/include/astra_camera_msgs/srv/detail/get_int32__type_support.hpp
[3.473s] -- Up-to-date: /home/agilex/limo_ros2_ws/install/astra_camera_msgs/include/astra_camera_msgs/srv/detail/get_int32__builder.hpp
[3.474s] -- Up-to-date: /home/agilex/limo_ros2_ws/install/astra_camera_msgs/include/astra_camera_msgs/srv/detail/get_device_info__type_support.hpp
[3.474s] -- Up-to-date: /home/agilex/limo_ros2_ws/install/astra_camera_msgs/include/astra_camera_msgs/srv/detail/get_int32__traits.hpp
[3.475s] -- Up-to-date: /home/agilex/limo_ros2_ws/install/astra_camera_msgs/include/astra_camera_msgs/srv/detail/get_camera_params__builder.hpp
[3.475s] -- Up-to-date: /home/agilex/limo_ros2_ws/install/astra_camera_msgs/include/astra_camera_msgs/srv/detail/get_string__type_support.hpp
[3.475s] -- Up-to-date: /home/agilex/limo_ros2_ws/install/astra_camera_msgs/include/astra_camera_msgs/srv/detail/set_int32__builder.hpp
[3.475s] -- Up-to-date: /home/agilex/limo_ros2_ws/install/astra_camera_msgs/include/astra_camera_msgs/srv/detail/get_camera_params__type_support.hpp
[3.475s] -- Up-to-date: /home/agilex/limo_ros2_ws/install/astra_camera_msgs/include/astra_camera_msgs/srv/detail/get_device_info__traits.hpp
[3.475s] -- Up-to-date: /home/agilex/limo_ros2_ws/install/astra_camera_msgs/include/astra_camera_msgs/srv/detail/set_int32__type_support.hpp
[3.475s] -- Up-to-date: /home/agilex/limo_ros2_ws/install/astra_camera_msgs/include/astra_camera_msgs/srv/detail/get_string__traits.hpp
[3.476s] -- Up-to-date: /home/agilex/limo_ros2_ws/install/astra_camera_msgs/include/astra_camera_msgs/srv/detail/get_camera_info__builder.hpp
[3.476s] -- Up-to-date: /home/agilex/limo_ros2_ws/install/astra_camera_msgs/include/astra_camera_msgs/srv/detail/set_int32__struct.hpp
[3.476s] -- Up-to-date: /home/agilex/limo_ros2_ws/install/astra_camera_msgs/include/astra_camera_msgs/srv/get_camera_params.hpp
[3.476s] -- Up-to-date: /home/agilex/limo_ros2_ws/install/astra_camera_msgs/include/astra_camera_msgs/srv/get_device_info.hpp
[3.476s] -- Up-to-date: /home/agilex/limo_ros2_ws/install/astra_camera_msgs/include/astra_camera_msgs/srv/get_camera_info.hpp
[3.476s] -- Up-to-date: /home/agilex/limo_ros2_ws/install/astra_camera_msgs/include/astra_camera_msgs
[3.476s] -- Up-to-date: /home/agilex/limo_ros2_ws/install/astra_camera_msgs/include/astra_camera_msgs/msg
[3.476s] -- Up-to-date: /home/agilex/limo_ros2_ws/install/astra_camera_msgs/include/astra_camera_msgs/msg/detail
[3.477s] -- Up-to-date: /home/agilex/limo_ros2_ws/install/astra_camera_msgs/include/astra_camera_msgs/msg/detail/extrinsics__type_support.cpp
[3.477s] -- Up-to-date: /home/agilex/limo_ros2_ws/install/astra_camera_msgs/include/astra_camera_msgs/msg/detail/metadata__rosidl_typesupport_introspection_cpp.hpp
[3.477s] -- Up-to-date: /home/agilex/limo_ros2_ws/install/astra_camera_msgs/include/astra_camera_msgs/msg/detail/device_info__rosidl_typesupport_introspection_cpp.hpp
[3.477s] -- Up-to-date: /home/agilex/limo_ros2_ws/install/astra_camera_msgs/include/astra_camera_msgs/msg/detail/extrinsics__rosidl_typesupport_introspection_cpp.hpp
[3.477s] -- Up-to-date: /home/agilex/limo_ros2_ws/install/astra_camera_msgs/include/astra_camera_msgs/msg/detail/metadata__type_support.cpp
[3.477s] -- Up-to-date: /home/agilex/limo_ros2_ws/install/astra_camera_msgs/include/astra_camera_msgs/msg/detail/device_info__type_support.cpp
[3.478s] -- Up-to-date: /home/agilex/limo_ros2_ws/install/astra_camera_msgs/include/astra_camera_msgs/srv
[3.479s] -- Up-to-date: /home/agilex/limo_ros2_ws/install/astra_camera_msgs/include/astra_camera_msgs/srv/detail
[3.479s] -- Up-to-date: /home/agilex/limo_ros2_ws/install/astra_camera_msgs/include/astra_camera_msgs/srv/detail/set_int32__rosidl_typesupport_introspection_cpp.hpp
[3.479s] -- Up-to-date: /home/agilex/limo_ros2_ws/install/astra_camera_msgs/include/astra_camera_msgs/srv/detail/get_int32__rosidl_typesupport_introspection_cpp.hpp
[3.479s] -- Up-to-date: /home/agilex/limo_ros2_ws/install/astra_camera_msgs/include/astra_camera_msgs/srv/detail/get_device_info__rosidl_typesupport_introspection_cpp.hpp
[3.480s] -- Up-to-date: /home/agilex/limo_ros2_ws/install/astra_camera_msgs/include/astra_camera_msgs/srv/detail/get_camera_params__type_support.cpp
[3.480s] -- Up-to-date: /home/agilex/limo_ros2_ws/install/astra_camera_msgs/include/astra_camera_msgs/srv/detail/get_camera_info__type_support.cpp
[3.480s] -- Up-to-date: /home/agilex/limo_ros2_ws/install/astra_camera_msgs/include/astra_camera_msgs/srv/detail/get_string__type_support.cpp
[3.480s] -- Up-to-date: /home/agilex/limo_ros2_ws/install/astra_camera_msgs/include/astra_camera_msgs/srv/detail/get_camera_info__rosidl_typesupport_introspection_cpp.hpp
[3.480s] -- Up-to-date: /home/agilex/limo_ros2_ws/install/astra_camera_msgs/include/astra_camera_msgs/srv/detail/get_device_info__type_support.cpp
[3.480s] -- Up-to-date: /home/agilex/limo_ros2_ws/install/astra_camera_msgs/include/astra_camera_msgs/srv/detail/set_int32__type_support.cpp
[3.480s] -- Up-to-date: /home/agilex/limo_ros2_ws/install/astra_camera_msgs/include/astra_camera_msgs/srv/detail/get_camera_params__rosidl_typesupport_introspection_cpp.hpp
[3.481s] -- Up-to-date: /home/agilex/limo_ros2_ws/install/astra_camera_msgs/include/astra_camera_msgs/srv/detail/get_string__rosidl_typesupport_introspection_cpp.hpp
[3.481s] -- Up-to-date: /home/agilex/limo_ros2_ws/install/astra_camera_msgs/include/astra_camera_msgs/srv/detail/get_int32__type_support.cpp
[3.485s] -- Up-to-date: /home/agilex/limo_ros2_ws/install/astra_camera_msgs/lib/libastra_camera_msgs__rosidl_typesupport_introspection_cpp.so
[3.485s] -- Up-to-date: /home/agilex/limo_ros2_ws/install/astra_camera_msgs/lib/libastra_camera_msgs__rosidl_typesupport_cpp.so
[3.485s] -- Up-to-date: /home/agilex/limo_ros2_ws/install/astra_camera_msgs/share/astra_camera_msgs/environment/pythonpath.sh
[3.486s] -- Up-to-date: /home/agilex/limo_ros2_ws/install/astra_camera_msgs/share/astra_camera_msgs/environment/pythonpath.dsv
[3.486s] -- Up-to-date: /home/agilex/limo_ros2_ws/install/astra_camera_msgs/lib/python3.8/site-packages/astra_camera_msgs/__init__.py
[3.568s] -- Up-to-date: /home/agilex/limo_ros2_ws/install/astra_camera_msgs/lib/python3.8/site-packages/astra_camera_msgs/msg
[3.568s] -- Up-to-date: /home/agilex/limo_ros2_ws/install/astra_camera_msgs/lib/python3.8/site-packages/astra_camera_msgs/msg/_extrinsics.py
[3.569s] -- Up-to-date: /home/agilex/limo_ros2_ws/install/astra_camera_msgs/lib/python3.8/site-packages/astra_camera_msgs/msg/_device_info_s.c
[3.569s] -- Up-to-date: /home/agilex/limo_ros2_ws/install/astra_camera_msgs/lib/python3.8/site-packages/astra_camera_msgs/msg/__init__.py
[3.569s] -- Up-to-date: /home/agilex/limo_ros2_ws/install/astra_camera_msgs/lib/python3.8/site-packages/astra_camera_msgs/msg/_metadata_s.c
[3.569s] -- Up-to-date: /home/agilex/limo_ros2_ws/install/astra_camera_msgs/lib/python3.8/site-packages/astra_camera_msgs/msg/_device_info.py
[3.569s] -- Up-to-date: /home/agilex/limo_ros2_ws/install/astra_camera_msgs/lib/python3.8/site-packages/astra_camera_msgs/msg/_metadata.py
[3.569s] -- Up-to-date: /home/agilex/limo_ros2_ws/install/astra_camera_msgs/lib/python3.8/site-packages/astra_camera_msgs/msg/_extrinsics_s.c
[3.569s] -- Up-to-date: /home/agilex/limo_ros2_ws/install/astra_camera_msgs/lib/python3.8/site-packages/astra_camera_msgs/srv
[3.570s] -- Up-to-date: /home/agilex/limo_ros2_ws/install/astra_camera_msgs/lib/python3.8/site-packages/astra_camera_msgs/srv/_get_camera_params_s.c
[3.570s] -- Up-to-date: /home/agilex/limo_ros2_ws/install/astra_camera_msgs/lib/python3.8/site-packages/astra_camera_msgs/srv/_get_int32_s.c
[3.570s] -- Up-to-date: /home/agilex/limo_ros2_ws/install/astra_camera_msgs/lib/python3.8/site-packages/astra_camera_msgs/srv/_get_device_info.py
[3.570s] -- Up-to-date: /home/agilex/limo_ros2_ws/install/astra_camera_msgs/lib/python3.8/site-packages/astra_camera_msgs/srv/_get_string_s.c
[3.571s] -- Up-to-date: /home/agilex/limo_ros2_ws/install/astra_camera_msgs/lib/python3.8/site-packages/astra_camera_msgs/srv/_get_camera_info.py
[3.571s] -- Up-to-date: /home/agilex/limo_ros2_ws/install/astra_camera_msgs/lib/python3.8/site-packages/astra_camera_msgs/srv/_get_device_info_s.c
[3.571s] -- Up-to-date: /home/agilex/limo_ros2_ws/install/astra_camera_msgs/lib/python3.8/site-packages/astra_camera_msgs/srv/_get_int32.py
[3.571s] -- Up-to-date: /home/agilex/limo_ros2_ws/install/astra_camera_msgs/lib/python3.8/site-packages/astra_camera_msgs/srv/__init__.py
[3.571s] -- Up-to-date: /home/agilex/limo_ros2_ws/install/astra_camera_msgs/lib/python3.8/site-packages/astra_camera_msgs/srv/_get_camera_info_s.c
[3.571s] -- Up-to-date: /home/agilex/limo_ros2_ws/install/astra_camera_msgs/lib/python3.8/site-packages/astra_camera_msgs/srv/_set_int32.py
[3.571s] -- Up-to-date: /home/agilex/limo_ros2_ws/install/astra_camera_msgs/lib/python3.8/site-packages/astra_camera_msgs/srv/_get_string.py
[3.571s] -- Up-to-date: /home/agilex/limo_ros2_ws/install/astra_camera_msgs/lib/python3.8/site-packages/astra_camera_msgs/srv/_get_camera_params.py
[3.572s] -- Up-to-date: /home/agilex/limo_ros2_ws/install/astra_camera_msgs/lib/python3.8/site-packages/astra_camera_msgs/srv/_set_int32_s.c
[3.572s] -- Up-to-date: /home/agilex/limo_ros2_ws/install/astra_camera_msgs/lib/python3.8/site-packages/astra_camera_msgs/astra_camera_msgs_s__rosidl_typesupport_fastrtps_c.cpython-38-aarch64-linux-gnu.so
[3.573s] -- Up-to-date: /home/agilex/limo_ros2_ws/install/astra_camera_msgs/lib/python3.8/site-packages/astra_camera_msgs/astra_camera_msgs_s__rosidl_typesupport_introspection_c.cpython-38-aarch64-linux-gnu.so
[3.576s] -- Up-to-date: /home/agilex/limo_ros2_ws/install/astra_camera_msgs/lib/python3.8/site-packages/astra_camera_msgs/astra_camera_msgs_s__rosidl_typesupport_c.cpython-38-aarch64-linux-gnu.so
[3.578s] -- Up-to-date: /home/agilex/limo_ros2_ws/install/astra_camera_msgs/lib/libastra_camera_msgs__python.so
[3.579s] -- Up-to-date: /home/agilex/limo_ros2_ws/install/astra_camera_msgs/share/astra_camera_msgs/msg/DeviceInfo.idl
[3.580s] -- Up-to-date: /home/agilex/limo_ros2_ws/install/astra_camera_msgs/share/astra_camera_msgs/msg/Extrinsics.idl
[3.580s] -- Up-to-date: /home/agilex/limo_ros2_ws/install/astra_camera_msgs/share/astra_camera_msgs/msg/Metadata.idl
[3.580s] -- Up-to-date: /home/agilex/limo_ros2_ws/install/astra_camera_msgs/share/astra_camera_msgs/srv/GetDeviceInfo.idl
[3.581s] -- Up-to-date: /home/agilex/limo_ros2_ws/install/astra_camera_msgs/share/astra_camera_msgs/srv/GetCameraInfo.idl
[3.581s] -- Up-to-date: /home/agilex/limo_ros2_ws/install/astra_camera_msgs/share/astra_camera_msgs/srv/GetCameraParams.idl
[3.581s] -- Up-to-date: /home/agilex/limo_ros2_ws/install/astra_camera_msgs/share/astra_camera_msgs/srv/GetInt32.idl
[3.581s] -- Up-to-date: /home/agilex/limo_ros2_ws/install/astra_camera_msgs/share/astra_camera_msgs/srv/GetString.idl
[3.581s] -- Up-to-date: /home/agilex/limo_ros2_ws/install/astra_camera_msgs/share/astra_camera_msgs/srv/SetInt32.idl
[3.582s] -- Up-to-date: /home/agilex/limo_ros2_ws/install/astra_camera_msgs/share/astra_camera_msgs/msg/DeviceInfo.msg
[3.582s] -- Up-to-date: /home/agilex/limo_ros2_ws/install/astra_camera_msgs/share/astra_camera_msgs/msg/Extrinsics.msg
[3.582s] -- Up-to-date: /home/agilex/limo_ros2_ws/install/astra_camera_msgs/share/astra_camera_msgs/msg/Metadata.msg
[3.582s] -- Up-to-date: /home/agilex/limo_ros2_ws/install/astra_camera_msgs/share/astra_camera_msgs/srv/GetDeviceInfo.srv
[3.582s] -- Up-to-date: /home/agilex/limo_ros2_ws/install/astra_camera_msgs/share/astra_camera_msgs/srv/GetDeviceInfo_Request.msg
[3.583s] -- Up-to-date: /home/agilex/limo_ros2_ws/install/astra_camera_msgs/share/astra_camera_msgs/srv/GetDeviceInfo_Response.msg
[3.583s] -- Up-to-date: /home/agilex/limo_ros2_ws/install/astra_camera_msgs/share/astra_camera_msgs/srv/GetCameraInfo.srv
[3.583s] -- Up-to-date: /home/agilex/limo_ros2_ws/install/astra_camera_msgs/share/astra_camera_msgs/srv/GetCameraInfo_Request.msg
[3.588s] -- Up-to-date: /home/agilex/limo_ros2_ws/install/astra_camera_msgs/share/astra_camera_msgs/srv/GetCameraInfo_Response.msg
[3.589s] -- Up-to-date: /home/agilex/limo_ros2_ws/install/astra_camera_msgs/share/astra_camera_msgs/srv/GetCameraParams.srv
[3.590s] -- Up-to-date: /home/agilex/limo_ros2_ws/install/astra_camera_msgs/share/astra_camera_msgs/srv/GetCameraParams_Request.msg
[3.590s] -- Up-to-date: /home/agilex/limo_ros2_ws/install/astra_camera_msgs/share/astra_camera_msgs/srv/GetCameraParams_Response.msg
[3.590s] -- Up-to-date: /home/agilex/limo_ros2_ws/install/astra_camera_msgs/share/astra_camera_msgs/srv/GetInt32.srv
[3.590s] -- Up-to-date: /home/agilex/limo_ros2_ws/install/astra_camera_msgs/share/astra_camera_msgs/srv/GetInt32_Request.msg
[3.591s] -- Up-to-date: /home/agilex/limo_ros2_ws/install/astra_camera_msgs/share/astra_camera_msgs/srv/GetInt32_Response.msg
[3.591s] -- Up-to-date: /home/agilex/limo_ros2_ws/install/astra_camera_msgs/share/astra_camera_msgs/srv/GetString.srv
[3.591s] -- Up-to-date: /home/agilex/limo_ros2_ws/install/astra_camera_msgs/share/astra_camera_msgs/srv/GetString_Request.msg
[3.591s] -- Up-to-date: /home/agilex/limo_ros2_ws/install/astra_camera_msgs/share/astra_camera_msgs/srv/GetString_Response.msg
[3.591s] -- Up-to-date: /home/agilex/limo_ros2_ws/install/astra_camera_msgs/share/astra_camera_msgs/srv/SetInt32.srv
[3.592s] -- Up-to-date: /home/agilex/limo_ros2_ws/install/astra_camera_msgs/share/astra_camera_msgs/srv/SetInt32_Request.msg
[3.592s] -- Up-to-date: /home/agilex/limo_ros2_ws/install/astra_camera_msgs/share/astra_camera_msgs/srv/SetInt32_Response.msg
[3.592s] -- Up-to-date: /home/agilex/limo_ros2_ws/install/astra_camera_msgs/share/ament_index/resource_index/package_run_dependencies/astra_camera_msgs
[3.592s] -- Up-to-date: /home/agilex/limo_ros2_ws/install/astra_camera_msgs/share/ament_index/resource_index/parent_prefix_path/astra_camera_msgs
[3.592s] -- Up-to-date: /home/agilex/limo_ros2_ws/install/astra_camera_msgs/share/astra_camera_msgs/environment/ament_prefix_path.sh
[3.592s] -- Up-to-date: /home/agilex/limo_ros2_ws/install/astra_camera_msgs/share/astra_camera_msgs/environment/ament_prefix_path.dsv
[3.593s] -- Up-to-date: /home/agilex/limo_ros2_ws/install/astra_camera_msgs/share/astra_camera_msgs/environment/path.sh
[3.593s] -- Up-to-date: /home/agilex/limo_ros2_ws/install/astra_camera_msgs/share/astra_camera_msgs/environment/path.dsv
[3.593s] -- Up-to-date: /home/agilex/limo_ros2_ws/install/astra_camera_msgs/share/astra_camera_msgs/local_setup.bash
[3.593s] -- Up-to-date: /home/agilex/limo_ros2_ws/install/astra_camera_msgs/share/astra_camera_msgs/local_setup.sh
[3.593s] -- Up-to-date: /home/agilex/limo_ros2_ws/install/astra_camera_msgs/share/astra_camera_msgs/local_setup.zsh
[3.593s] -- Up-to-date: /home/agilex/limo_ros2_ws/install/astra_camera_msgs/share/astra_camera_msgs/local_setup.dsv
[3.594s] -- Installing: /home/agilex/limo_ros2_ws/install/astra_camera_msgs/share/astra_camera_msgs/package.dsv
[3.594s] -- Up-to-date: /home/agilex/limo_ros2_ws/install/astra_camera_msgs/share/ament_index/resource_index/packages/astra_camera_msgs
[3.595s] -- Up-to-date: /home/agilex/limo_ros2_ws/install/astra_camera_msgs/share/astra_camera_msgs/cmake/astra_camera_msgs__rosidl_generator_cExport.cmake
[3.598s] -- Up-to-date: /home/agilex/limo_ros2_ws/install/astra_camera_msgs/share/astra_camera_msgs/cmake/astra_camera_msgs__rosidl_generator_cExport-noconfig.cmake
[3.598s] -- Up-to-date: /home/agilex/limo_ros2_ws/install/astra_camera_msgs/share/astra_camera_msgs/cmake/astra_camera_msgs__rosidl_typesupport_introspection_cExport.cmake
[3.598s] -- Up-to-date: /home/agilex/limo_ros2_ws/install/astra_camera_msgs/share/astra_camera_msgs/cmake/astra_camera_msgs__rosidl_typesupport_introspection_cExport-noconfig.cmake
[3.599s] -- Up-to-date: /home/agilex/limo_ros2_ws/install/astra_camera_msgs/share/astra_camera_msgs/cmake/astra_camera_msgs__rosidl_typesupport_cExport.cmake
[3.599s] -- Up-to-date: /home/agilex/limo_ros2_ws/install/astra_camera_msgs/share/astra_camera_msgs/cmake/astra_camera_msgs__rosidl_typesupport_cExport-noconfig.cmake
[3.599s] -- Up-to-date: /home/agilex/limo_ros2_ws/install/astra_camera_msgs/share/astra_camera_msgs/cmake/astra_camera_msgs__rosidl_generator_cppExport.cmake
[3.599s] -- Up-to-date: /home/agilex/limo_ros2_ws/install/astra_camera_msgs/share/astra_camera_msgs/cmake/astra_camera_msgs__rosidl_typesupport_introspection_cppExport.cmake
[3.600s] -- Up-to-date: /home/agilex/limo_ros2_ws/install/astra_camera_msgs/share/astra_camera_msgs/cmake/astra_camera_msgs__rosidl_typesupport_introspection_cppExport-noconfig.cmake
[3.600s] -- Up-to-date: /home/agilex/limo_ros2_ws/install/astra_camera_msgs/share/astra_camera_msgs/cmake/astra_camera_msgs__rosidl_typesupport_cppExport.cmake
[3.601s] -- Up-to-date: /home/agilex/limo_ros2_ws/install/astra_camera_msgs/share/astra_camera_msgs/cmake/astra_camera_msgs__rosidl_typesupport_cppExport-noconfig.cmake
[3.602s] -- Up-to-date: /home/agilex/limo_ros2_ws/install/astra_camera_msgs/share/astra_camera_msgs/cmake/rosidl_cmake-extras.cmake
[3.602s] -- Up-to-date: /home/agilex/limo_ros2_ws/install/astra_camera_msgs/share/astra_camera_msgs/cmake/ament_cmake_export_dependencies-extras.cmake
[3.602s] -- Up-to-date: /home/agilex/limo_ros2_ws/install/astra_camera_msgs/share/astra_camera_msgs/cmake/ament_cmake_export_libraries-extras.cmake
[3.602s] -- Up-to-date: /home/agilex/limo_ros2_ws/install/astra_camera_msgs/share/astra_camera_msgs/cmake/ament_cmake_export_targets-extras.cmake
[3.602s] -- Up-to-date: /home/agilex/limo_ros2_ws/install/astra_camera_msgs/share/astra_camera_msgs/cmake/ament_cmake_export_include_directories-extras.cmake
[3.602s] -- Up-to-date: /home/agilex/limo_ros2_ws/install/astra_camera_msgs/share/astra_camera_msgs/cmake/rosidl_cmake_export_typesupport_libraries-extras.cmake
[3.603s] -- Up-to-date: /home/agilex/limo_ros2_ws/install/astra_camera_msgs/share/astra_camera_msgs/cmake/rosidl_cmake_export_typesupport_targets-extras.cmake
[3.603s] -- Up-to-date: /home/agilex/limo_ros2_ws/install/astra_camera_msgs/share/astra_camera_msgs/cmake/astra_camera_msgsConfig.cmake
[3.603s] -- Up-to-date: /home/agilex/limo_ros2_ws/install/astra_camera_msgs/share/astra_camera_msgs/cmake/astra_camera_msgsConfig-version.cmake
[3.603s] -- Up-to-date: /home/agilex/limo_ros2_ws/install/astra_camera_msgs/share/astra_camera_msgs/package.xml
[3.612s] Invoked command in '/home/agilex/limo_ros2_ws/build/astra_camera_msgs' returned '0': CMAKE_PREFIX_PATH=${CMAKE_PREFIX_PATH}:/home/agilex/limo_ros2_ws/install/ultraarm:/home/agilex/limo_ros2_ws/install/nav2_gazebo_spawner:/home/agilex/limo_ros2_ws/install/mypalletizer_260_pi:/home/agilex/limo_ros2_ws/install/mypalletizer_260:/home/agilex/limo_ros2_ws/install/mypalletizer_communication:/home/agilex/limo_ros2_ws/install/mycobot_630:/home/agilex/limo_ros2_ws/install/mycobot_600:/home/agilex/limo_ros2_ws/install/mycobot_320pi:/home/agilex/limo_ros2_ws/install/mycobot_320:/home/agilex/limo_ros2_ws/install/mycobot_280pi:/home/agilex/limo_ros2_ws/install/mycobot_280jn:/home/agilex/limo_ros2_ws/install/mycobot_280_x3pi:/home/agilex/limo_ros2_ws/install/mycobot_280:/home/agilex/limo_ros2_ws/install/myarm_300:/home/agilex/limo_ros2_ws/install/mycobot_communication:/home/agilex/limo_ros2_ws/install/mecharm_pi:/home/agilex/limo_ros2_ws/install/mecharm:/home/agilex/limo_ros2_ws/install/mecharm_communication:/home/agilex/limo_ros2_ws/install/mybuddy:/home/agilex/limo_ros2_ws/install/mycobot_description:/opt/ros/foxy /usr/bin/cmake --install /home/agilex/limo_ros2_ws/build/astra_camera_msgs
