[0.164s] Invoking command in '/home/agilex/limo_ros2_ws/src/build/limo_msgs': CMAKE_PREFIX_PATH=${CMAKE_PREFIX_PATH}:/home/agilex/limo_ros2_ws/install/nav2_gazebo_spawner:/opt/ros/foxy /usr/bin/cmake /home/agilex/limo_ros2_ws/src/limo_ros2/limo_msgs -DCMAKE_INSTALL_PREFIX=/home/agilex/limo_ros2_ws/src/install/limo_msgs
[0.717s] -- Found ament_cmake: 0.9.12 (/opt/ros/foxy/share/ament_cmake/cmake)
[0.718s] -- Found PythonInterp: /usr/bin/python3 (found suitable version "3.8.10", minimum required is "3") 
[0.718s] -- Using PYTHON_EXECUTABLE: /usr/bin/python3
[0.767s] -- Found std_msgs: 2.0.5 (/opt/ros/foxy/share/std_msgs/cmake)
[0.823s] -- Using all available rosidl_typesupport_c: rosidl_typesupport_fastrtps_c;rosidl_typesupport_introspection_c
[0.830s] -- Found rosidl_adapter: 1.3.1 (/opt/ros/foxy/share/rosidl_adapter/cmake)
[1.163s] -- Using all available rosidl_typesupport_cpp: rosidl_typesupport_fastrtps_cpp;rosidl_typesupport_introspection_cpp
[1.255s] -- Found rosidl_default_generators: 1.0.1 (/opt/ros/foxy/share/rosidl_default_generators/cmake)
[1.351s] -- Found PythonInterp: /usr/bin/python3 (found version "3.8.10") 
[1.717s] -- Found ament_cmake_ros: 0.9.2 (/opt/ros/foxy/share/ament_cmake_ros/cmake)
[2.169s] -- Using all available rosidl_typesupport_c: rosidl_typesupport_fastrtps_c;rosidl_typesupport_introspection_c
[2.319s] -- Using all available rosidl_typesupport_cpp: rosidl_typesupport_fastrtps_cpp;rosidl_typesupport_introspection_cpp
[2.386s] -- Found PythonInterp: /usr/bin/python3 (found suitable version "3.8.10", minimum required is "3.5") 
[2.386s] -- Found python_cmake_module: 0.8.1 (/opt/ros/foxy/share/python_cmake_module/cmake)
[2.445s] -- Using PYTHON_EXECUTABLE: /usr/bin/python3
[2.445s] -- Using PYTHON_INCLUDE_DIRS: /usr/include/python3.8
[2.445s] -- Using PYTHON_LIBRARIES: /usr/lib/aarch64-linux-gnu/libpython3.8.so
[2.572s] -- Found ament_lint_auto: 0.9.8 (/opt/ros/foxy/share/ament_lint_auto/cmake)
[2.598s] -- Added test 'copyright' to check source files copyright and LICENSE
[2.601s] -- Added test 'lint_cmake' to check CMake code style
[2.603s] -- Added test 'xmllint' to check XML markup files
[2.614s] -- Configuring done
[2.758s] -- Generating done
[2.765s] -- Build files have been written to: /home/agilex/limo_ros2_ws/src/build/limo_msgs
[2.844s] Invoked command in '/home/agilex/limo_ros2_ws/src/build/limo_msgs' returned '0': CMAKE_PREFIX_PATH=${CMAKE_PREFIX_PATH}:/home/agilex/limo_ros2_ws/install/nav2_gazebo_spawner:/opt/ros/foxy /usr/bin/cmake /home/agilex/limo_ros2_ws/src/limo_ros2/limo_msgs -DCMAKE_INSTALL_PREFIX=/home/agilex/limo_ros2_ws/src/install/limo_msgs
[2.846s] Invoking command in '/home/agilex/limo_ros2_ws/src/build/limo_msgs': CMAKE_PREFIX_PATH=${CMAKE_PREFIX_PATH}:/home/agilex/limo_ros2_ws/install/nav2_gazebo_spawner:/opt/ros/foxy /usr/bin/cmake --build /home/agilex/limo_ros2_ws/src/build/limo_msgs -- -j6 -l6
[3.055s] [  9%] Built target limo_msgs__rosidl_generator_c
[3.085s] [ 12%] Built target limo_msgs__cpp
[3.250s] [ 22%] Built target limo_msgs__rosidl_typesupport_fastrtps_cpp
[3.261s] [ 32%] Built target limo_msgs__rosidl_typesupport_cpp
[3.264s] [ 41%] Built target limo_msgs__rosidl_typesupport_introspection_cpp
[3.281s] [ 51%] Built target limo_msgs__rosidl_typesupport_introspection_c
[3.294s] [ 61%] Built target limo_msgs__rosidl_typesupport_c
[3.366s] [ 70%] Built target limo_msgs__rosidl_typesupport_fastrtps_c
[3.536s] [ 70%] Built target limo_msgs
[3.660s] [ 74%] Built target limo_msgs__py
[3.788s] [ 80%] Built target limo_msgs__python
[3.895s] [ 87%] Built target limo_msgs__rosidl_typesupport_fastrtps_c__pyext
[3.930s] [ 93%] Built target limo_msgs__rosidl_typesupport_introspection_c__pyext
[3.954s] [100%] Built target limo_msgs__rosidl_typesupport_c__pyext
[4.015s] Invoked command in '/home/agilex/limo_ros2_ws/src/build/limo_msgs' returned '0': CMAKE_PREFIX_PATH=${CMAKE_PREFIX_PATH}:/home/agilex/limo_ros2_ws/install/nav2_gazebo_spawner:/opt/ros/foxy /usr/bin/cmake --build /home/agilex/limo_ros2_ws/src/build/limo_msgs -- -j6 -l6
[4.426s] Invoking command in '/home/agilex/limo_ros2_ws/src/build/limo_msgs': CMAKE_PREFIX_PATH=${CMAKE_PREFIX_PATH}:/home/agilex/limo_ros2_ws/install/nav2_gazebo_spawner:/opt/ros/foxy /usr/bin/cmake --install /home/agilex/limo_ros2_ws/src/build/limo_msgs
[4.465s] -- Install configuration: "Release"
[4.468s] -- Up-to-date: /home/agilex/limo_ros2_ws/src/install/limo_msgs/share/ament_index/resource_index/rosidl_interfaces/limo_msgs
[4.469s] -- Up-to-date: /home/agilex/limo_ros2_ws/src/install/limo_msgs/include/limo_msgs
[4.469s] -- Up-to-date: /home/agilex/limo_ros2_ws/src/install/limo_msgs/include/limo_msgs/msg
[4.469s] -- Up-to-date: /home/agilex/limo_ros2_ws/src/install/limo_msgs/include/limo_msgs/msg/rosidl_generator_c__visibility_control.h
[4.469s] -- Up-to-date: /home/agilex/limo_ros2_ws/src/install/limo_msgs/include/limo_msgs/msg/limo_status.h
[4.469s] -- Up-to-date: /home/agilex/limo_ros2_ws/src/install/limo_msgs/include/limo_msgs/msg/detail
[4.470s] -- Up-to-date: /home/agilex/limo_ros2_ws/src/install/limo_msgs/include/limo_msgs/msg/detail/limo_status__functions.h
[4.470s] -- Up-to-date: /home/agilex/limo_ros2_ws/src/install/limo_msgs/include/limo_msgs/msg/detail/limo_status__type_support.h
[4.470s] -- Up-to-date: /home/agilex/limo_ros2_ws/src/install/limo_msgs/include/limo_msgs/msg/detail/limo_status__functions.c
[4.470s] -- Up-to-date: /home/agilex/limo_ros2_ws/src/install/limo_msgs/include/limo_msgs/msg/detail/limo_status__struct.h
[4.470s] -- Up-to-date: /home/agilex/limo_ros2_ws/src/install/limo_msgs/share/limo_msgs/environment/library_path.sh
[4.470s] -- Installing: /home/agilex/limo_ros2_ws/src/install/limo_msgs/share/limo_msgs/environment/library_path.dsv
[4.474s] -- Up-to-date: /home/agilex/limo_ros2_ws/src/install/limo_msgs/lib/liblimo_msgs__rosidl_generator_c.so
[4.475s] -- Up-to-date: /home/agilex/limo_ros2_ws/src/install/limo_msgs/include/limo_msgs
[4.475s] -- Up-to-date: /home/agilex/limo_ros2_ws/src/install/limo_msgs/include/limo_msgs/msg
[4.475s] -- Up-to-date: /home/agilex/limo_ros2_ws/src/install/limo_msgs/include/limo_msgs/msg/rosidl_typesupport_fastrtps_c__visibility_control.h
[4.475s] -- Up-to-date: /home/agilex/limo_ros2_ws/src/install/limo_msgs/include/limo_msgs/msg/detail
[4.475s] -- Up-to-date: /home/agilex/limo_ros2_ws/src/install/limo_msgs/include/limo_msgs/msg/detail/limo_status__rosidl_typesupport_fastrtps_c.h
[4.475s] -- Up-to-date: /home/agilex/limo_ros2_ws/src/install/limo_msgs/lib/liblimo_msgs__rosidl_typesupport_fastrtps_c.so
[4.476s] -- Up-to-date: /home/agilex/limo_ros2_ws/src/install/limo_msgs/include/limo_msgs
[4.476s] -- Up-to-date: /home/agilex/limo_ros2_ws/src/install/limo_msgs/include/limo_msgs/msg
[4.476s] -- Up-to-date: /home/agilex/limo_ros2_ws/src/install/limo_msgs/include/limo_msgs/msg/rosidl_typesupport_fastrtps_cpp__visibility_control.h
[4.476s] -- Up-to-date: /home/agilex/limo_ros2_ws/src/install/limo_msgs/include/limo_msgs/msg/detail
[4.477s] -- Up-to-date: /home/agilex/limo_ros2_ws/src/install/limo_msgs/include/limo_msgs/msg/detail/limo_status__rosidl_typesupport_fastrtps_cpp.hpp
[4.477s] -- Up-to-date: /home/agilex/limo_ros2_ws/src/install/limo_msgs/include/limo_msgs/msg/detail/dds_fastrtps
[4.477s] -- Up-to-date: /home/agilex/limo_ros2_ws/src/install/limo_msgs/lib/liblimo_msgs__rosidl_typesupport_fastrtps_cpp.so
[4.478s] -- Up-to-date: /home/agilex/limo_ros2_ws/src/install/limo_msgs/include/limo_msgs
[4.478s] -- Up-to-date: /home/agilex/limo_ros2_ws/src/install/limo_msgs/include/limo_msgs/msg
[4.478s] -- Up-to-date: /home/agilex/limo_ros2_ws/src/install/limo_msgs/include/limo_msgs/msg/rosidl_typesupport_introspection_c__visibility_control.h
[4.478s] -- Up-to-date: /home/agilex/limo_ros2_ws/src/install/limo_msgs/include/limo_msgs/msg/detail
[4.478s] -- Up-to-date: /home/agilex/limo_ros2_ws/src/install/limo_msgs/include/limo_msgs/msg/detail/limo_status__type_support.c
[4.478s] -- Up-to-date: /home/agilex/limo_ros2_ws/src/install/limo_msgs/include/limo_msgs/msg/detail/limo_status__rosidl_typesupport_introspection_c.h
[4.479s] -- Up-to-date: /home/agilex/limo_ros2_ws/src/install/limo_msgs/lib/liblimo_msgs__rosidl_typesupport_introspection_c.so
[4.479s] -- Up-to-date: /home/agilex/limo_ros2_ws/src/install/limo_msgs/lib/liblimo_msgs__rosidl_typesupport_c.so
[4.480s] -- Up-to-date: /home/agilex/limo_ros2_ws/src/install/limo_msgs/include/limo_msgs
[4.480s] -- Up-to-date: /home/agilex/limo_ros2_ws/src/install/limo_msgs/include/limo_msgs/msg
[4.480s] -- Up-to-date: /home/agilex/limo_ros2_ws/src/install/limo_msgs/include/limo_msgs/msg/rosidl_generator_cpp__visibility_control.hpp
[4.480s] -- Up-to-date: /home/agilex/limo_ros2_ws/src/install/limo_msgs/include/limo_msgs/msg/limo_status.hpp
[4.481s] -- Up-to-date: /home/agilex/limo_ros2_ws/src/install/limo_msgs/include/limo_msgs/msg/detail
[4.481s] -- Up-to-date: /home/agilex/limo_ros2_ws/src/install/limo_msgs/include/limo_msgs/msg/detail/limo_status__struct.hpp
[4.481s] -- Up-to-date: /home/agilex/limo_ros2_ws/src/install/limo_msgs/include/limo_msgs/msg/detail/limo_status__type_support.hpp
[4.481s] -- Up-to-date: /home/agilex/limo_ros2_ws/src/install/limo_msgs/include/limo_msgs/msg/detail/limo_status__builder.hpp
[4.481s] -- Up-to-date: /home/agilex/limo_ros2_ws/src/install/limo_msgs/include/limo_msgs/msg/detail/limo_status__traits.hpp
[4.482s] -- Up-to-date: /home/agilex/limo_ros2_ws/src/install/limo_msgs/include/limo_msgs
[4.482s] -- Up-to-date: /home/agilex/limo_ros2_ws/src/install/limo_msgs/include/limo_msgs/msg
[4.482s] -- Up-to-date: /home/agilex/limo_ros2_ws/src/install/limo_msgs/include/limo_msgs/msg/detail
[4.482s] -- Up-to-date: /home/agilex/limo_ros2_ws/src/install/limo_msgs/include/limo_msgs/msg/detail/limo_status__rosidl_typesupport_introspection_cpp.hpp
[4.482s] -- Up-to-date: /home/agilex/limo_ros2_ws/src/install/limo_msgs/include/limo_msgs/msg/detail/limo_status__type_support.cpp
[4.483s] -- Up-to-date: /home/agilex/limo_ros2_ws/src/install/limo_msgs/lib/liblimo_msgs__rosidl_typesupport_introspection_cpp.so
[4.483s] -- Up-to-date: /home/agilex/limo_ros2_ws/src/install/limo_msgs/lib/liblimo_msgs__rosidl_typesupport_cpp.so
[4.483s] -- Up-to-date: /home/agilex/limo_ros2_ws/src/install/limo_msgs/share/limo_msgs/environment/pythonpath.sh
[4.483s] -- Installing: /home/agilex/limo_ros2_ws/src/install/limo_msgs/share/limo_msgs/environment/pythonpath.dsv
[4.483s] -- Installing: /home/agilex/limo_ros2_ws/src/install/limo_msgs/lib/python3.8/site-packages/limo_msgs/__init__.py
[4.585s] Compiling '/home/agilex/limo_ros2_ws/src/install/limo_msgs/lib/python3.8/site-packages/limo_msgs/__init__.py'...
[4.600s] -- Up-to-date: /home/agilex/limo_ros2_ws/src/install/limo_msgs/lib/python3.8/site-packages/limo_msgs/msg
[4.600s] -- Up-to-date: /home/agilex/limo_ros2_ws/src/install/limo_msgs/lib/python3.8/site-packages/limo_msgs/msg/__init__.py
[4.600s] -- Up-to-date: /home/agilex/limo_ros2_ws/src/install/limo_msgs/lib/python3.8/site-packages/limo_msgs/msg/_limo_status_s.c
[4.600s] -- Up-to-date: /home/agilex/limo_ros2_ws/src/install/limo_msgs/lib/python3.8/site-packages/limo_msgs/msg/_limo_status.py
[4.603s] -- Up-to-date: /home/agilex/limo_ros2_ws/src/install/limo_msgs/lib/python3.8/site-packages/limo_msgs/limo_msgs_s__rosidl_typesupport_fastrtps_c.cpython-38-aarch64-linux-gnu.so
[4.604s] -- Up-to-date: /home/agilex/limo_ros2_ws/src/install/limo_msgs/lib/python3.8/site-packages/limo_msgs/limo_msgs_s__rosidl_typesupport_introspection_c.cpython-38-aarch64-linux-gnu.so
[4.607s] -- Up-to-date: /home/agilex/limo_ros2_ws/src/install/limo_msgs/lib/python3.8/site-packages/limo_msgs/limo_msgs_s__rosidl_typesupport_c.cpython-38-aarch64-linux-gnu.so
[4.609s] -- Up-to-date: /home/agilex/limo_ros2_ws/src/install/limo_msgs/lib/liblimo_msgs__python.so
[4.610s] -- Up-to-date: /home/agilex/limo_ros2_ws/src/install/limo_msgs/share/limo_msgs/msg/LimoStatus.idl
[4.611s] -- Up-to-date: /home/agilex/limo_ros2_ws/src/install/limo_msgs/share/limo_msgs/msg/LimoStatus.msg
[4.612s] -- Up-to-date: /home/agilex/limo_ros2_ws/src/install/limo_msgs/share/ament_index/resource_index/package_run_dependencies/limo_msgs
[4.612s] -- Up-to-date: /home/agilex/limo_ros2_ws/src/install/limo_msgs/share/ament_index/resource_index/parent_prefix_path/limo_msgs
[4.613s] -- Up-to-date: /home/agilex/limo_ros2_ws/src/install/limo_msgs/share/limo_msgs/environment/ament_prefix_path.sh
[4.613s] -- Installing: /home/agilex/limo_ros2_ws/src/install/limo_msgs/share/limo_msgs/environment/ament_prefix_path.dsv
[4.614s] -- Up-to-date: /home/agilex/limo_ros2_ws/src/install/limo_msgs/share/limo_msgs/environment/path.sh
[4.615s] -- Installing: /home/agilex/limo_ros2_ws/src/install/limo_msgs/share/limo_msgs/environment/path.dsv
[4.616s] -- Up-to-date: /home/agilex/limo_ros2_ws/src/install/limo_msgs/share/limo_msgs/local_setup.bash
[4.617s] -- Up-to-date: /home/agilex/limo_ros2_ws/src/install/limo_msgs/share/limo_msgs/local_setup.sh
[4.617s] -- Up-to-date: /home/agilex/limo_ros2_ws/src/install/limo_msgs/share/limo_msgs/local_setup.zsh
[4.617s] -- Installing: /home/agilex/limo_ros2_ws/src/install/limo_msgs/share/limo_msgs/local_setup.dsv
[4.618s] -- Installing: /home/agilex/limo_ros2_ws/src/install/limo_msgs/share/limo_msgs/package.dsv
[4.618s] -- Up-to-date: /home/agilex/limo_ros2_ws/src/install/limo_msgs/share/ament_index/resource_index/packages/limo_msgs
[4.618s] -- Up-to-date: /home/agilex/limo_ros2_ws/src/install/limo_msgs/share/limo_msgs/cmake/limo_msgs__rosidl_generator_cExport.cmake
[4.618s] -- Installing: /home/agilex/limo_ros2_ws/src/install/limo_msgs/share/limo_msgs/cmake/limo_msgs__rosidl_generator_cExport-release.cmake
[4.620s] -- Up-to-date: /home/agilex/limo_ros2_ws/src/install/limo_msgs/share/limo_msgs/cmake/limo_msgs__rosidl_typesupport_introspection_cExport.cmake
[4.620s] -- Installing: /home/agilex/limo_ros2_ws/src/install/limo_msgs/share/limo_msgs/cmake/limo_msgs__rosidl_typesupport_introspection_cExport-release.cmake
[4.621s] -- Up-to-date: /home/agilex/limo_ros2_ws/src/install/limo_msgs/share/limo_msgs/cmake/limo_msgs__rosidl_typesupport_cExport.cmake
[4.621s] -- Installing: /home/agilex/limo_ros2_ws/src/install/limo_msgs/share/limo_msgs/cmake/limo_msgs__rosidl_typesupport_cExport-release.cmake
[4.622s] -- Up-to-date: /home/agilex/limo_ros2_ws/src/install/limo_msgs/share/limo_msgs/cmake/limo_msgs__rosidl_generator_cppExport.cmake
[4.623s] -- Up-to-date: /home/agilex/limo_ros2_ws/src/install/limo_msgs/share/limo_msgs/cmake/limo_msgs__rosidl_typesupport_introspection_cppExport.cmake
[4.623s] -- Installing: /home/agilex/limo_ros2_ws/src/install/limo_msgs/share/limo_msgs/cmake/limo_msgs__rosidl_typesupport_introspection_cppExport-release.cmake
[4.624s] -- Up-to-date: /home/agilex/limo_ros2_ws/src/install/limo_msgs/share/limo_msgs/cmake/limo_msgs__rosidl_typesupport_cppExport.cmake
[4.625s] -- Installing: /home/agilex/limo_ros2_ws/src/install/limo_msgs/share/limo_msgs/cmake/limo_msgs__rosidl_typesupport_cppExport-release.cmake
[4.625s] -- Up-to-date: /home/agilex/limo_ros2_ws/src/install/limo_msgs/share/limo_msgs/cmake/rosidl_cmake-extras.cmake
[4.625s] -- Up-to-date: /home/agilex/limo_ros2_ws/src/install/limo_msgs/share/limo_msgs/cmake/ament_cmake_export_dependencies-extras.cmake
[4.625s] -- Up-to-date: /home/agilex/limo_ros2_ws/src/install/limo_msgs/share/limo_msgs/cmake/ament_cmake_export_libraries-extras.cmake
[4.626s] -- Up-to-date: /home/agilex/limo_ros2_ws/src/install/limo_msgs/share/limo_msgs/cmake/ament_cmake_export_targets-extras.cmake
[4.627s] -- Up-to-date: /home/agilex/limo_ros2_ws/src/install/limo_msgs/share/limo_msgs/cmake/ament_cmake_export_include_directories-extras.cmake
[4.627s] -- Up-to-date: /home/agilex/limo_ros2_ws/src/install/limo_msgs/share/limo_msgs/cmake/rosidl_cmake_export_typesupport_libraries-extras.cmake
[4.628s] -- Up-to-date: /home/agilex/limo_ros2_ws/src/install/limo_msgs/share/limo_msgs/cmake/rosidl_cmake_export_typesupport_targets-extras.cmake
[4.628s] -- Up-to-date: /home/agilex/limo_ros2_ws/src/install/limo_msgs/share/limo_msgs/cmake/limo_msgsConfig.cmake
[4.628s] -- Up-to-date: /home/agilex/limo_ros2_ws/src/install/limo_msgs/share/limo_msgs/cmake/limo_msgsConfig-version.cmake
[4.628s] -- Up-to-date: /home/agilex/limo_ros2_ws/src/install/limo_msgs/share/limo_msgs/package.xml
[4.639s] Invoked command in '/home/agilex/limo_ros2_ws/src/build/limo_msgs' returned '0': CMAKE_PREFIX_PATH=${CMAKE_PREFIX_PATH}:/home/agilex/limo_ros2_ws/install/nav2_gazebo_spawner:/opt/ros/foxy /usr/bin/cmake --install /home/agilex/limo_ros2_ws/src/build/limo_msgs
