[0.101s] Invoking command in '/home/agilex/limo_ros2_ws/build/nav2_common': CMAKE_PREFIX_PATH=${CMAKE_PREFIX_PATH}:/home/agilex/limo_ros2_ws/install/ultraarm:/home/agilex/limo_ros2_ws/install/nav2_gazebo_spawner:/home/agilex/limo_ros2_ws/install/mypalletizer_260_pi:/home/agilex/limo_ros2_ws/install/mypalletizer_260:/home/agilex/limo_ros2_ws/install/mypalletizer_communication:/home/agilex/limo_ros2_ws/install/mycobot_630:/home/agilex/limo_ros2_ws/install/mycobot_600:/home/agilex/limo_ros2_ws/install/mycobot_320pi:/home/agilex/limo_ros2_ws/install/mycobot_320:/home/agilex/limo_ros2_ws/install/mycobot_280pi:/home/agilex/limo_ros2_ws/install/mycobot_280jn:/home/agilex/limo_ros2_ws/install/mycobot_280_x3pi:/home/agilex/limo_ros2_ws/install/mycobot_280:/home/agilex/limo_ros2_ws/install/myarm_300:/home/agilex/limo_ros2_ws/install/mycobot_communication:/home/agilex/limo_ros2_ws/install/mecharm_pi:/home/agilex/limo_ros2_ws/install/mecharm:/home/agilex/limo_ros2_ws/install/mecharm_communication:/home/agilex/limo_ros2_ws/install/mybuddy:/home/agilex/limo_ros2_ws/install/mycobot_description:/opt/ros/foxy /usr/bin/cmake /home/agilex/limo_ros2_ws/src/navigation2/nav2_common -DCMAKE_INSTALL_PREFIX=/home/agilex/limo_ros2_ws/install/nav2_common
[0.180s] -- Found ament_cmake_core: 0.9.12 (/opt/ros/foxy/share/ament_cmake_core/cmake)
[0.244s] -- Found PythonInterp: /usr/bin/python3 (found suitable version "3.8.10", minimum required is "3") 
[0.245s] -- Using PYTHON_EXECUTABLE: /usr/bin/python3
[0.695s] -- Found ament_cmake_python: 0.9.12 (/opt/ros/foxy/share/ament_cmake_python/cmake)
[0.983s] -- Configuring done
[0.984s] -- Generating done
[0.986s] -- Build files have been written to: /home/agilex/limo_ros2_ws/build/nav2_common
[0.995s] Invoked command in '/home/agilex/limo_ros2_ws/build/nav2_common' returned '0': CMAKE_PREFIX_PATH=${CMAKE_PREFIX_PATH}:/home/agilex/limo_ros2_ws/install/ultraarm:/home/agilex/limo_ros2_ws/install/nav2_gazebo_spawner:/home/agilex/limo_ros2_ws/install/mypalletizer_260_pi:/home/agilex/limo_ros2_ws/install/mypalletizer_260:/home/agilex/limo_ros2_ws/install/mypalletizer_communication:/home/agilex/limo_ros2_ws/install/mycobot_630:/home/agilex/limo_ros2_ws/install/mycobot_600:/home/agilex/limo_ros2_ws/install/mycobot_320pi:/home/agilex/limo_ros2_ws/install/mycobot_320:/home/agilex/limo_ros2_ws/install/mycobot_280pi:/home/agilex/limo_ros2_ws/install/mycobot_280jn:/home/agilex/limo_ros2_ws/install/mycobot_280_x3pi:/home/agilex/limo_ros2_ws/install/mycobot_280:/home/agilex/limo_ros2_ws/install/myarm_300:/home/agilex/limo_ros2_ws/install/mycobot_communication:/home/agilex/limo_ros2_ws/install/mecharm_pi:/home/agilex/limo_ros2_ws/install/mecharm:/home/agilex/limo_ros2_ws/install/mecharm_communication:/home/agilex/limo_ros2_ws/install/mybuddy:/home/agilex/limo_ros2_ws/install/mycobot_description:/opt/ros/foxy /usr/bin/cmake /home/agilex/limo_ros2_ws/src/navigation2/nav2_common -DCMAKE_INSTALL_PREFIX=/home/agilex/limo_ros2_ws/install/nav2_common
[1.000s] Invoking command in '/home/agilex/limo_ros2_ws/build/nav2_common': CMAKE_PREFIX_PATH=${CMAKE_PREFIX_PATH}:/home/agilex/limo_ros2_ws/install/ultraarm:/home/agilex/limo_ros2_ws/install/nav2_gazebo_spawner:/home/agilex/limo_ros2_ws/install/mypalletizer_260_pi:/home/agilex/limo_ros2_ws/install/mypalletizer_260:/home/agilex/limo_ros2_ws/install/mypalletizer_communication:/home/agilex/limo_ros2_ws/install/mycobot_630:/home/agilex/limo_ros2_ws/install/mycobot_600:/home/agilex/limo_ros2_ws/install/mycobot_320pi:/home/agilex/limo_ros2_ws/install/mycobot_320:/home/agilex/limo_ros2_ws/install/mycobot_280pi:/home/agilex/limo_ros2_ws/install/mycobot_280jn:/home/agilex/limo_ros2_ws/install/mycobot_280_x3pi:/home/agilex/limo_ros2_ws/install/mycobot_280:/home/agilex/limo_ros2_ws/install/myarm_300:/home/agilex/limo_ros2_ws/install/mycobot_communication:/home/agilex/limo_ros2_ws/install/mecharm_pi:/home/agilex/limo_ros2_ws/install/mecharm:/home/agilex/limo_ros2_ws/install/mecharm_communication:/home/agilex/limo_ros2_ws/install/mybuddy:/home/agilex/limo_ros2_ws/install/mycobot_description:/opt/ros/foxy /usr/bin/cmake --build /home/agilex/limo_ros2_ws/build/nav2_common -- -j6 -l6
[4.677s] Invoked command in '/home/agilex/limo_ros2_ws/build/nav2_common' returned '0': CMAKE_PREFIX_PATH=${CMAKE_PREFIX_PATH}:/home/agilex/limo_ros2_ws/install/ultraarm:/home/agilex/limo_ros2_ws/install/nav2_gazebo_spawner:/home/agilex/limo_ros2_ws/install/mypalletizer_260_pi:/home/agilex/limo_ros2_ws/install/mypalletizer_260:/home/agilex/limo_ros2_ws/install/mypalletizer_communication:/home/agilex/limo_ros2_ws/install/mycobot_630:/home/agilex/limo_ros2_ws/install/mycobot_600:/home/agilex/limo_ros2_ws/install/mycobot_320pi:/home/agilex/limo_ros2_ws/install/mycobot_320:/home/agilex/limo_ros2_ws/install/mycobot_280pi:/home/agilex/limo_ros2_ws/install/mycobot_280jn:/home/agilex/limo_ros2_ws/install/mycobot_280_x3pi:/home/agilex/limo_ros2_ws/install/mycobot_280:/home/agilex/limo_ros2_ws/install/myarm_300:/home/agilex/limo_ros2_ws/install/mycobot_communication:/home/agilex/limo_ros2_ws/install/mecharm_pi:/home/agilex/limo_ros2_ws/install/mecharm:/home/agilex/limo_ros2_ws/install/mecharm_communication:/home/agilex/limo_ros2_ws/install/mybuddy:/home/agilex/limo_ros2_ws/install/mycobot_description:/opt/ros/foxy /usr/bin/cmake --build /home/agilex/limo_ros2_ws/build/nav2_common -- -j6 -l6
[4.798s] Invoking command in '/home/agilex/limo_ros2_ws/build/nav2_common': CMAKE_PREFIX_PATH=${CMAKE_PREFIX_PATH}:/home/agilex/limo_ros2_ws/install/ultraarm:/home/agilex/limo_ros2_ws/install/nav2_gazebo_spawner:/home/agilex/limo_ros2_ws/install/mypalletizer_260_pi:/home/agilex/limo_ros2_ws/install/mypalletizer_260:/home/agilex/limo_ros2_ws/install/mypalletizer_communication:/home/agilex/limo_ros2_ws/install/mycobot_630:/home/agilex/limo_ros2_ws/install/mycobot_600:/home/agilex/limo_ros2_ws/install/mycobot_320pi:/home/agilex/limo_ros2_ws/install/mycobot_320:/home/agilex/limo_ros2_ws/install/mycobot_280pi:/home/agilex/limo_ros2_ws/install/mycobot_280jn:/home/agilex/limo_ros2_ws/install/mycobot_280_x3pi:/home/agilex/limo_ros2_ws/install/mycobot_280:/home/agilex/limo_ros2_ws/install/myarm_300:/home/agilex/limo_ros2_ws/install/mycobot_communication:/home/agilex/limo_ros2_ws/install/mecharm_pi:/home/agilex/limo_ros2_ws/install/mecharm:/home/agilex/limo_ros2_ws/install/mecharm_communication:/home/agilex/limo_ros2_ws/install/mybuddy:/home/agilex/limo_ros2_ws/install/mycobot_description:/opt/ros/foxy /usr/bin/cmake --install /home/agilex/limo_ros2_ws/build/nav2_common
[5.111s] -- Install configuration: ""
[5.111s] -- Installing: /home/agilex/limo_ros2_ws/install/nav2_common/share/nav2_common/environment/pythonpath.sh
[5.111s] -- Installing: /home/agilex/limo_ros2_ws/install/nav2_common/share/nav2_common/environment/pythonpath.dsv
[5.111s] -- Installing: /home/agilex/limo_ros2_ws/install/nav2_common/lib/python3.8/site-packages/nav2_common
[5.112s] -- Installing: /home/agilex/limo_ros2_ws/install/nav2_common/lib/python3.8/site-packages/nav2_common/__init__.py
[5.112s] -- Installing: /home/agilex/limo_ros2_ws/install/nav2_common/lib/python3.8/site-packages/nav2_common/launch
[5.113s] -- Installing: /home/agilex/limo_ros2_ws/install/nav2_common/lib/python3.8/site-packages/nav2_common/launch/replace_string.py
[5.113s] -- Installing: /home/agilex/limo_ros2_ws/install/nav2_common/lib/python3.8/site-packages/nav2_common/launch/__init__.py
[5.113s] -- Installing: /home/agilex/limo_ros2_ws/install/nav2_common/lib/python3.8/site-packages/nav2_common/launch/rewritten_yaml.py
[5.113s] -- Installing: /home/agilex/limo_ros2_ws/install/nav2_common/lib/python3.8/site-packages/nav2_common/launch/has_node_params.py
[5.113s] Listing '/home/agilex/limo_ros2_ws/install/nav2_common/lib/python3.8/site-packages/nav2_common'...
[5.113s] Compiling '/home/agilex/limo_ros2_ws/install/nav2_common/lib/python3.8/site-packages/nav2_common/__init__.py'...
[5.113s] Listing '/home/agilex/limo_ros2_ws/install/nav2_common/lib/python3.8/site-packages/nav2_common/launch'...
[5.113s] Compiling '/home/agilex/limo_ros2_ws/install/nav2_common/lib/python3.8/site-packages/nav2_common/launch/__init__.py'...
[5.114s] Compiling '/home/agilex/limo_ros2_ws/install/nav2_common/lib/python3.8/site-packages/nav2_common/launch/has_node_params.py'...
[5.114s] Compiling '/home/agilex/limo_ros2_ws/install/nav2_common/lib/python3.8/site-packages/nav2_common/launch/replace_string.py'...
[5.114s] Compiling '/home/agilex/limo_ros2_ws/install/nav2_common/lib/python3.8/site-packages/nav2_common/launch/rewritten_yaml.py'...
[5.114s] -- Installing: /home/agilex/limo_ros2_ws/install/nav2_common/share/ament_index/resource_index/package_run_dependencies/nav2_common
[5.114s] -- Installing: /home/agilex/limo_ros2_ws/install/nav2_common/share/ament_index/resource_index/parent_prefix_path/nav2_common
[5.114s] -- Installing: /home/agilex/limo_ros2_ws/install/nav2_common/share/nav2_common/environment/ament_prefix_path.sh
[5.114s] -- Installing: /home/agilex/limo_ros2_ws/install/nav2_common/share/nav2_common/environment/ament_prefix_path.dsv
[5.115s] -- Installing: /home/agilex/limo_ros2_ws/install/nav2_common/share/nav2_common/environment/path.sh
[5.115s] -- Installing: /home/agilex/limo_ros2_ws/install/nav2_common/share/nav2_common/environment/path.dsv
[5.115s] -- Installing: /home/agilex/limo_ros2_ws/install/nav2_common/share/nav2_common/local_setup.bash
[5.115s] -- Installing: /home/agilex/limo_ros2_ws/install/nav2_common/share/nav2_common/local_setup.sh
[5.115s] -- Installing: /home/agilex/limo_ros2_ws/install/nav2_common/share/nav2_common/local_setup.zsh
[5.115s] -- Installing: /home/agilex/limo_ros2_ws/install/nav2_common/share/nav2_common/local_setup.dsv
[5.115s] -- Installing: /home/agilex/limo_ros2_ws/install/nav2_common/share/nav2_common/package.dsv
[5.115s] -- Installing: /home/agilex/limo_ros2_ws/install/nav2_common/share/ament_index/resource_index/packages/nav2_common
[5.115s] -- Installing: /home/agilex/limo_ros2_ws/install/nav2_common/share/nav2_common/cmake/nav2_common-extras.cmake
[5.116s] -- Installing: /home/agilex/limo_ros2_ws/install/nav2_common/share/nav2_common/cmake/nav2_commonConfig.cmake
[5.116s] -- Installing: /home/agilex/limo_ros2_ws/install/nav2_common/share/nav2_common/cmake/nav2_commonConfig-version.cmake
[5.116s] -- Installing: /home/agilex/limo_ros2_ws/install/nav2_common/share/nav2_common/package.xml
[5.116s] -- Up-to-date: /home/agilex/limo_ros2_ws/install/nav2_common/share/nav2_common/cmake
[5.116s] -- Installing: /home/agilex/limo_ros2_ws/install/nav2_common/share/nav2_common/cmake/nav2_package.cmake
[5.123s] Invoked command in '/home/agilex/limo_ros2_ws/build/nav2_common' returned '0': CMAKE_PREFIX_PATH=${CMAKE_PREFIX_PATH}:/home/agilex/limo_ros2_ws/install/ultraarm:/home/agilex/limo_ros2_ws/install/nav2_gazebo_spawner:/home/agilex/limo_ros2_ws/install/mypalletizer_260_pi:/home/agilex/limo_ros2_ws/install/mypalletizer_260:/home/agilex/limo_ros2_ws/install/mypalletizer_communication:/home/agilex/limo_ros2_ws/install/mycobot_630:/home/agilex/limo_ros2_ws/install/mycobot_600:/home/agilex/limo_ros2_ws/install/mycobot_320pi:/home/agilex/limo_ros2_ws/install/mycobot_320:/home/agilex/limo_ros2_ws/install/mycobot_280pi:/home/agilex/limo_ros2_ws/install/mycobot_280jn:/home/agilex/limo_ros2_ws/install/mycobot_280_x3pi:/home/agilex/limo_ros2_ws/install/mycobot_280:/home/agilex/limo_ros2_ws/install/myarm_300:/home/agilex/limo_ros2_ws/install/mycobot_communication:/home/agilex/limo_ros2_ws/install/mecharm_pi:/home/agilex/limo_ros2_ws/install/mecharm:/home/agilex/limo_ros2_ws/install/mecharm_communication:/home/agilex/limo_ros2_ws/install/mybuddy:/home/agilex/limo_ros2_ws/install/mycobot_description:/opt/ros/foxy /usr/bin/cmake --install /home/agilex/limo_ros2_ws/build/nav2_common
