[0.043s] Invoking command in '/home/agilex/limo_ros2_ws/build/nav2_msgs': CMAKE_PREFIX_PATH=/home/agilex/limo_ros2_ws/install/nav2_common:/home/agilex/limo_ros2_ws/install/ydlidar_sdk:/home/agilex/limo_ros2_ws/install/ydlidar_ros2_driver:/home/agilex/limo_ros2_ws/install/teb_local_planner:/home/agilex/limo_ros2_ws/install/teb_msgs:/home/agilex/limo_ros2_ws/install/nav2_system_tests:/home/agilex/limo_ros2_ws/install/nav2_bringup:/home/agilex/limo_ros2_ws/install/navigation2:/home/agilex/limo_ros2_ws/install/smac_planner:/home/agilex/limo_ros2_ws/install/rf2o_laser_odometry:/home/agilex/limo_ros2_ws/install/orbbec_description:/home/agilex/limo_ros2_ws/install/orbbec_camera:/home/agilex/limo_ros2_ws/install/orbbec_camera_msgs:/home/agilex/limo_ros2_ws/install/nav2_dwb_controller:/home/agilex/limo_ros2_ws/install/nav2_controller:/home/agilex/limo_ros2_ws/install/dwb_plugins:/home/agilex/limo_ros2_ws/install/dwb_critics:/home/agilex/limo_ros2_ws/install/dwb_core:/home/agilex/limo_ros2_ws/install/nav_2d_utils:/home/agilex/limo_ros2_ws/install/dwb_msgs:/home/agilex/limo_ros2_ws/install/nav_2d_msgs:/home/agilex/limo_ros2_ws/install/nav2_waypoint_follower:/home/agilex/limo_ros2_ws/install/nav2_regulated_pure_pursuit_controller:/home/agilex/limo_ros2_ws/install/nav2_recoveries:/home/agilex/limo_ros2_ws/install/nav2_planner:/home/agilex/limo_ros2_ws/install/nav2_navfn_planner:/home/agilex/limo_ros2_ws/install/nav2_core:/home/agilex/limo_ros2_ws/install/costmap_queue:/home/agilex/limo_ros2_ws/install/costmap_converter:/home/agilex/limo_ros2_ws/install/nav2_costmap_2d:/home/agilex/limo_ros2_ws/install/nav2_voxel_grid:/home/agilex/limo_ros2_ws/install/nav2_rviz_plugins:/home/agilex/limo_ros2_ws/install/nav2_map_server:/home/agilex/limo_ros2_ws/install/nav2_lifecycle_manager:/home/agilex/limo_ros2_ws/install/nav2_bt_navigator:/home/agilex/limo_ros2_ws/install/nav2_behavior_tree:/home/agilex/limo_ros2_ws/install/nav2_amcl:/home/agilex/limo_ros2_ws/install/nav2_util:/home/agilex/limo_ros2_ws/install/nav2_msgs:/home/agilex/limo_ros2_ws/install/magic_enum:/home/agilex/limo_ros2_ws/install/limo_visions:/home/agilex/limo_ros2_ws/install/limo_bringup:/home/agilex/limo_ros2_ws/install/limo_base:/home/agilex/limo_ros2_ws/install/limo_msgs:/home/agilex/limo_ros2_ws/install/limo_description:/home/agilex/limo_ros2_ws/install/libuvc:/home/agilex/limo_ros2_ws/install/glog:/home/agilex/limo_ros2_ws/install/costmap_converter_msgs:/home/agilex/limo_ros2_ws/install/astra_camera:/home/agilex/limo_ros2_ws/install/astra_camera_msgs:/home/agilex/limo_ros2_ws/install/nav2_gazebo_spawner:/opt/ros/foxy PYTHONPATH=/home/agilex/limo_ros2_ws/install/nav2_common/lib/python3.8/site-packages:/home/agilex/limo_ros2_ws/install/teb_msgs/lib/python3.8/site-packages:/home/agilex/limo_ros2_ws/install/orbbec_camera_msgs/lib/python3.8/site-packages:/home/agilex/limo_ros2_ws/install/dwb_msgs/lib/python3.8/site-packages:/home/agilex/limo_ros2_ws/install/nav_2d_msgs/lib/python3.8/site-packages:/home/agilex/limo_ros2_ws/install/nav2_msgs/lib/python3.8/site-packages:/home/agilex/limo_ros2_ws/install/nav2_gazebo_spawner/lib/python3.8/site-packages:/home/agilex/limo_ros2_ws/install/limo_msgs/lib/python3.8/site-packages:/home/agilex/limo_ros2_ws/install/costmap_converter_msgs/lib/python3.8/site-packages:/home/agilex/limo_ros2_ws/install/astra_camera_msgs/lib/python3.8/site-packages:/opt/ros/foxy/lib/python3.8/site-packages /usr/bin/cmake --build /home/agilex/limo_ros2_ws/build/nav2_msgs -- -j6 -l6
[0.317s] [  0%] Built target nav2_msgs__cpp
[0.387s] [ 12%] Built target nav2_msgs__rosidl_generator_c
[0.510s] [ 24%] Built target nav2_msgs__rosidl_typesupport_c
[0.511s] [ 36%] Built target nav2_msgs__rosidl_typesupport_cpp
[0.538s] [ 53%] Built target nav2_msgs__rosidl_typesupport_fastrtps_cpp
[0.539s] [ 61%] Built target nav2_msgs__rosidl_typesupport_introspection_cpp
[0.563s] [ 73%] Built target nav2_msgs__rosidl_typesupport_introspection_c
[0.671s] [ 85%] Built target nav2_msgs__rosidl_typesupport_fastrtps_c
[0.752s] [ 85%] Built target nav2_msgs
[0.833s] [ 86%] Built target nav2_msgs__py
[0.970s] [ 97%] Built target nav2_msgs__python
[1.103s] [ 98%] Built target nav2_msgs__rosidl_typesupport_introspection_c__pyext
[1.134s] [ 99%] Built target nav2_msgs__rosidl_typesupport_fastrtps_c__pyext
[1.156s] [100%] Built target nav2_msgs__rosidl_typesupport_c__pyext
[1.210s] Invoked command in '/home/agilex/limo_ros2_ws/build/nav2_msgs' returned '0': CMAKE_PREFIX_PATH=/home/agilex/limo_ros2_ws/install/nav2_common:/home/agilex/limo_ros2_ws/install/ydlidar_sdk:/home/agilex/limo_ros2_ws/install/ydlidar_ros2_driver:/home/agilex/limo_ros2_ws/install/teb_local_planner:/home/agilex/limo_ros2_ws/install/teb_msgs:/home/agilex/limo_ros2_ws/install/nav2_system_tests:/home/agilex/limo_ros2_ws/install/nav2_bringup:/home/agilex/limo_ros2_ws/install/navigation2:/home/agilex/limo_ros2_ws/install/smac_planner:/home/agilex/limo_ros2_ws/install/rf2o_laser_odometry:/home/agilex/limo_ros2_ws/install/orbbec_description:/home/agilex/limo_ros2_ws/install/orbbec_camera:/home/agilex/limo_ros2_ws/install/orbbec_camera_msgs:/home/agilex/limo_ros2_ws/install/nav2_dwb_controller:/home/agilex/limo_ros2_ws/install/nav2_controller:/home/agilex/limo_ros2_ws/install/dwb_plugins:/home/agilex/limo_ros2_ws/install/dwb_critics:/home/agilex/limo_ros2_ws/install/dwb_core:/home/agilex/limo_ros2_ws/install/nav_2d_utils:/home/agilex/limo_ros2_ws/install/dwb_msgs:/home/agilex/limo_ros2_ws/install/nav_2d_msgs:/home/agilex/limo_ros2_ws/install/nav2_waypoint_follower:/home/agilex/limo_ros2_ws/install/nav2_regulated_pure_pursuit_controller:/home/agilex/limo_ros2_ws/install/nav2_recoveries:/home/agilex/limo_ros2_ws/install/nav2_planner:/home/agilex/limo_ros2_ws/install/nav2_navfn_planner:/home/agilex/limo_ros2_ws/install/nav2_core:/home/agilex/limo_ros2_ws/install/costmap_queue:/home/agilex/limo_ros2_ws/install/costmap_converter:/home/agilex/limo_ros2_ws/install/nav2_costmap_2d:/home/agilex/limo_ros2_ws/install/nav2_voxel_grid:/home/agilex/limo_ros2_ws/install/nav2_rviz_plugins:/home/agilex/limo_ros2_ws/install/nav2_map_server:/home/agilex/limo_ros2_ws/install/nav2_lifecycle_manager:/home/agilex/limo_ros2_ws/install/nav2_bt_navigator:/home/agilex/limo_ros2_ws/install/nav2_behavior_tree:/home/agilex/limo_ros2_ws/install/nav2_amcl:/home/agilex/limo_ros2_ws/install/nav2_util:/home/agilex/limo_ros2_ws/install/nav2_msgs:/home/agilex/limo_ros2_ws/install/magic_enum:/home/agilex/limo_ros2_ws/install/limo_visions:/home/agilex/limo_ros2_ws/install/limo_bringup:/home/agilex/limo_ros2_ws/install/limo_base:/home/agilex/limo_ros2_ws/install/limo_msgs:/home/agilex/limo_ros2_ws/install/limo_description:/home/agilex/limo_ros2_ws/install/libuvc:/home/agilex/limo_ros2_ws/install/glog:/home/agilex/limo_ros2_ws/install/costmap_converter_msgs:/home/agilex/limo_ros2_ws/install/astra_camera:/home/agilex/limo_ros2_ws/install/astra_camera_msgs:/home/agilex/limo_ros2_ws/install/nav2_gazebo_spawner:/opt/ros/foxy PYTHONPATH=/home/agilex/limo_ros2_ws/install/nav2_common/lib/python3.8/site-packages:/home/agilex/limo_ros2_ws/install/teb_msgs/lib/python3.8/site-packages:/home/agilex/limo_ros2_ws/install/orbbec_camera_msgs/lib/python3.8/site-packages:/home/agilex/limo_ros2_ws/install/dwb_msgs/lib/python3.8/site-packages:/home/agilex/limo_ros2_ws/install/nav_2d_msgs/lib/python3.8/site-packages:/home/agilex/limo_ros2_ws/install/nav2_msgs/lib/python3.8/site-packages:/home/agilex/limo_ros2_ws/install/nav2_gazebo_spawner/lib/python3.8/site-packages:/home/agilex/limo_ros2_ws/install/limo_msgs/lib/python3.8/site-packages:/home/agilex/limo_ros2_ws/install/costmap_converter_msgs/lib/python3.8/site-packages:/home/agilex/limo_ros2_ws/install/astra_camera_msgs/lib/python3.8/site-packages:/opt/ros/foxy/lib/python3.8/site-packages /usr/bin/cmake --build /home/agilex/limo_ros2_ws/build/nav2_msgs -- -j6 -l6
[3.600s] Invoking command in '/home/agilex/limo_ros2_ws/build/nav2_msgs': CMAKE_PREFIX_PATH=/home/agilex/limo_ros2_ws/install/nav2_common:/home/agilex/limo_ros2_ws/install/ydlidar_sdk:/home/agilex/limo_ros2_ws/install/ydlidar_ros2_driver:/home/agilex/limo_ros2_ws/install/teb_local_planner:/home/agilex/limo_ros2_ws/install/teb_msgs:/home/agilex/limo_ros2_ws/install/nav2_system_tests:/home/agilex/limo_ros2_ws/install/nav2_bringup:/home/agilex/limo_ros2_ws/install/navigation2:/home/agilex/limo_ros2_ws/install/smac_planner:/home/agilex/limo_ros2_ws/install/rf2o_laser_odometry:/home/agilex/limo_ros2_ws/install/orbbec_description:/home/agilex/limo_ros2_ws/install/orbbec_camera:/home/agilex/limo_ros2_ws/install/orbbec_camera_msgs:/home/agilex/limo_ros2_ws/install/nav2_dwb_controller:/home/agilex/limo_ros2_ws/install/nav2_controller:/home/agilex/limo_ros2_ws/install/dwb_plugins:/home/agilex/limo_ros2_ws/install/dwb_critics:/home/agilex/limo_ros2_ws/install/dwb_core:/home/agilex/limo_ros2_ws/install/nav_2d_utils:/home/agilex/limo_ros2_ws/install/dwb_msgs:/home/agilex/limo_ros2_ws/install/nav_2d_msgs:/home/agilex/limo_ros2_ws/install/nav2_waypoint_follower:/home/agilex/limo_ros2_ws/install/nav2_regulated_pure_pursuit_controller:/home/agilex/limo_ros2_ws/install/nav2_recoveries:/home/agilex/limo_ros2_ws/install/nav2_planner:/home/agilex/limo_ros2_ws/install/nav2_navfn_planner:/home/agilex/limo_ros2_ws/install/nav2_core:/home/agilex/limo_ros2_ws/install/costmap_queue:/home/agilex/limo_ros2_ws/install/costmap_converter:/home/agilex/limo_ros2_ws/install/nav2_costmap_2d:/home/agilex/limo_ros2_ws/install/nav2_voxel_grid:/home/agilex/limo_ros2_ws/install/nav2_rviz_plugins:/home/agilex/limo_ros2_ws/install/nav2_map_server:/home/agilex/limo_ros2_ws/install/nav2_lifecycle_manager:/home/agilex/limo_ros2_ws/install/nav2_bt_navigator:/home/agilex/limo_ros2_ws/install/nav2_behavior_tree:/home/agilex/limo_ros2_ws/install/nav2_amcl:/home/agilex/limo_ros2_ws/install/nav2_util:/home/agilex/limo_ros2_ws/install/nav2_msgs:/home/agilex/limo_ros2_ws/install/magic_enum:/home/agilex/limo_ros2_ws/install/limo_visions:/home/agilex/limo_ros2_ws/install/limo_bringup:/home/agilex/limo_ros2_ws/install/limo_base:/home/agilex/limo_ros2_ws/install/limo_msgs:/home/agilex/limo_ros2_ws/install/limo_description:/home/agilex/limo_ros2_ws/install/libuvc:/home/agilex/limo_ros2_ws/install/glog:/home/agilex/limo_ros2_ws/install/costmap_converter_msgs:/home/agilex/limo_ros2_ws/install/astra_camera:/home/agilex/limo_ros2_ws/install/astra_camera_msgs:/home/agilex/limo_ros2_ws/install/nav2_gazebo_spawner:/opt/ros/foxy PYTHONPATH=/home/agilex/limo_ros2_ws/install/nav2_common/lib/python3.8/site-packages:/home/agilex/limo_ros2_ws/install/teb_msgs/lib/python3.8/site-packages:/home/agilex/limo_ros2_ws/install/orbbec_camera_msgs/lib/python3.8/site-packages:/home/agilex/limo_ros2_ws/install/dwb_msgs/lib/python3.8/site-packages:/home/agilex/limo_ros2_ws/install/nav_2d_msgs/lib/python3.8/site-packages:/home/agilex/limo_ros2_ws/install/nav2_msgs/lib/python3.8/site-packages:/home/agilex/limo_ros2_ws/install/nav2_gazebo_spawner/lib/python3.8/site-packages:/home/agilex/limo_ros2_ws/install/limo_msgs/lib/python3.8/site-packages:/home/agilex/limo_ros2_ws/install/costmap_converter_msgs/lib/python3.8/site-packages:/home/agilex/limo_ros2_ws/install/astra_camera_msgs/lib/python3.8/site-packages:/opt/ros/foxy/lib/python3.8/site-packages /usr/bin/cmake --install /home/agilex/limo_ros2_ws/build/nav2_msgs
[3.642s] -- Install configuration: "Release"
[3.642s] -- Up-to-date: /home/agilex/limo_ros2_ws/install/nav2_msgs/share/ament_index/resource_index/rosidl_interfaces/nav2_msgs
[3.642s] -- Up-to-date: /home/agilex/limo_ros2_ws/install/nav2_msgs/include/nav2_msgs
[3.642s] -- Up-to-date: /home/agilex/limo_ros2_ws/install/nav2_msgs/include/nav2_msgs/msg
[3.642s] -- Up-to-date: /home/agilex/limo_ros2_ws/install/nav2_msgs/include/nav2_msgs/msg/voxel_grid.h
[3.642s] -- Up-to-date: /home/agilex/limo_ros2_ws/install/nav2_msgs/include/nav2_msgs/msg/particle_cloud.h
[3.643s] -- Up-to-date: /home/agilex/limo_ros2_ws/install/nav2_msgs/include/nav2_msgs/msg/costmap_meta_data.h
[3.643s] -- Up-to-date: /home/agilex/limo_ros2_ws/install/nav2_msgs/include/nav2_msgs/msg/costmap.h
[3.643s] -- Up-to-date: /home/agilex/limo_ros2_ws/install/nav2_msgs/include/nav2_msgs/msg/rosidl_generator_c__visibility_control.h
[3.644s] -- Up-to-date: /home/agilex/limo_ros2_ws/install/nav2_msgs/include/nav2_msgs/msg/behavior_tree_status_change.h
[3.644s] -- Up-to-date: /home/agilex/limo_ros2_ws/install/nav2_msgs/include/nav2_msgs/msg/detail
[3.644s] -- Up-to-date: /home/agilex/limo_ros2_ws/install/nav2_msgs/include/nav2_msgs/msg/detail/voxel_grid__functions.h
[3.645s] -- Up-to-date: /home/agilex/limo_ros2_ws/install/nav2_msgs/include/nav2_msgs/msg/detail/costmap_meta_data__type_support.h
[3.646s] -- Up-to-date: /home/agilex/limo_ros2_ws/install/nav2_msgs/include/nav2_msgs/msg/detail/voxel_grid__functions.c
[3.646s] -- Up-to-date: /home/agilex/limo_ros2_ws/install/nav2_msgs/include/nav2_msgs/msg/detail/costmap_meta_data__functions.h
[3.647s] -- Up-to-date: /home/agilex/limo_ros2_ws/install/nav2_msgs/include/nav2_msgs/msg/detail/behavior_tree_status_change__functions.c
[3.647s] -- Up-to-date: /home/agilex/limo_ros2_ws/install/nav2_msgs/include/nav2_msgs/msg/detail/voxel_grid__type_support.h
[3.647s] -- Up-to-date: /home/agilex/limo_ros2_ws/install/nav2_msgs/include/nav2_msgs/msg/detail/behavior_tree_status_change__struct.h
[3.647s] -- Up-to-date: /home/agilex/limo_ros2_ws/install/nav2_msgs/include/nav2_msgs/msg/detail/particle__functions.c
[3.648s] -- Up-to-date: /home/agilex/limo_ros2_ws/install/nav2_msgs/include/nav2_msgs/msg/detail/behavior_tree_log__struct.h
[3.648s] -- Up-to-date: /home/agilex/limo_ros2_ws/install/nav2_msgs/include/nav2_msgs/msg/detail/costmap__type_support.h
[3.648s] -- Up-to-date: /home/agilex/limo_ros2_ws/install/nav2_msgs/include/nav2_msgs/msg/detail/behavior_tree_log__type_support.h
[3.648s] -- Up-to-date: /home/agilex/limo_ros2_ws/install/nav2_msgs/include/nav2_msgs/msg/detail/costmap_meta_data__struct.h
[3.648s] -- Up-to-date: /home/agilex/limo_ros2_ws/install/nav2_msgs/include/nav2_msgs/msg/detail/particle_cloud__functions.h
[3.648s] -- Up-to-date: /home/agilex/limo_ros2_ws/install/nav2_msgs/include/nav2_msgs/msg/detail/costmap__functions.c
[3.649s] -- Up-to-date: /home/agilex/limo_ros2_ws/install/nav2_msgs/include/nav2_msgs/msg/detail/particle_cloud__functions.c
[3.649s] -- Up-to-date: /home/agilex/limo_ros2_ws/install/nav2_msgs/include/nav2_msgs/msg/detail/behavior_tree_log__functions.h
[3.649s] -- Up-to-date: /home/agilex/limo_ros2_ws/install/nav2_msgs/include/nav2_msgs/msg/detail/behavior_tree_status_change__functions.h
[3.650s] -- Up-to-date: /home/agilex/limo_ros2_ws/install/nav2_msgs/include/nav2_msgs/msg/detail/costmap__struct.h
[3.651s] -- Up-to-date: /home/agilex/limo_ros2_ws/install/nav2_msgs/include/nav2_msgs/msg/detail/behavior_tree_status_change__type_support.h
[3.651s] -- Up-to-date: /home/agilex/limo_ros2_ws/install/nav2_msgs/include/nav2_msgs/msg/detail/voxel_grid__struct.h
[3.652s] -- Up-to-date: /home/agilex/limo_ros2_ws/install/nav2_msgs/include/nav2_msgs/msg/detail/particle__struct.h
[3.652s] -- Up-to-date: /home/agilex/limo_ros2_ws/install/nav2_msgs/include/nav2_msgs/msg/detail/costmap__functions.h
[3.653s] -- Up-to-date: /home/agilex/limo_ros2_ws/install/nav2_msgs/include/nav2_msgs/msg/detail/particle_cloud__type_support.h
[3.653s] -- Up-to-date: /home/agilex/limo_ros2_ws/install/nav2_msgs/include/nav2_msgs/msg/detail/particle_cloud__struct.h
[3.654s] -- Up-to-date: /home/agilex/limo_ros2_ws/install/nav2_msgs/include/nav2_msgs/msg/detail/particle__type_support.h
[3.654s] -- Up-to-date: /home/agilex/limo_ros2_ws/install/nav2_msgs/include/nav2_msgs/msg/detail/particle__functions.h
[3.654s] -- Up-to-date: /home/agilex/limo_ros2_ws/install/nav2_msgs/include/nav2_msgs/msg/detail/costmap_meta_data__functions.c
[3.654s] -- Up-to-date: /home/agilex/limo_ros2_ws/install/nav2_msgs/include/nav2_msgs/msg/detail/behavior_tree_log__functions.c
[3.654s] -- Up-to-date: /home/agilex/limo_ros2_ws/install/nav2_msgs/include/nav2_msgs/msg/particle.h
[3.654s] -- Up-to-date: /home/agilex/limo_ros2_ws/install/nav2_msgs/include/nav2_msgs/msg/behavior_tree_log.h
[3.654s] -- Up-to-date: /home/agilex/limo_ros2_ws/install/nav2_msgs/include/nav2_msgs/srv
[3.654s] -- Up-to-date: /home/agilex/limo_ros2_ws/install/nav2_msgs/include/nav2_msgs/srv/clear_costmap_except_region.h
[3.655s] -- Up-to-date: /home/agilex/limo_ros2_ws/install/nav2_msgs/include/nav2_msgs/srv/get_costmap.h
[3.655s] -- Up-to-date: /home/agilex/limo_ros2_ws/install/nav2_msgs/include/nav2_msgs/srv/clear_entire_costmap.h
[3.655s] -- Up-to-date: /home/agilex/limo_ros2_ws/install/nav2_msgs/include/nav2_msgs/srv/manage_lifecycle_nodes.h
[3.656s] -- Up-to-date: /home/agilex/limo_ros2_ws/install/nav2_msgs/include/nav2_msgs/srv/clear_costmap_around_robot.h
[3.656s] -- Up-to-date: /home/agilex/limo_ros2_ws/install/nav2_msgs/include/nav2_msgs/srv/detail
[3.657s] -- Up-to-date: /home/agilex/limo_ros2_ws/install/nav2_msgs/include/nav2_msgs/srv/detail/save_map__functions.h
[3.658s] -- Up-to-date: /home/agilex/limo_ros2_ws/install/nav2_msgs/include/nav2_msgs/srv/detail/manage_lifecycle_nodes__struct.h
[3.658s] -- Up-to-date: /home/agilex/limo_ros2_ws/install/nav2_msgs/include/nav2_msgs/srv/detail/clear_costmap_around_robot__functions.h
[3.658s] -- Up-to-date: /home/agilex/limo_ros2_ws/install/nav2_msgs/include/nav2_msgs/srv/detail/load_map__functions.c
[3.659s] -- Up-to-date: /home/agilex/limo_ros2_ws/install/nav2_msgs/include/nav2_msgs/srv/detail/clear_entire_costmap__functions.c
[3.659s] -- Up-to-date: /home/agilex/limo_ros2_ws/install/nav2_msgs/include/nav2_msgs/srv/detail/save_map__functions.c
[3.659s] -- Up-to-date: /home/agilex/limo_ros2_ws/install/nav2_msgs/include/nav2_msgs/srv/detail/clear_costmap_around_robot__type_support.h
[3.659s] -- Up-to-date: /home/agilex/limo_ros2_ws/install/nav2_msgs/include/nav2_msgs/srv/detail/get_costmap__struct.h
[3.659s] -- Up-to-date: /home/agilex/limo_ros2_ws/install/nav2_msgs/include/nav2_msgs/srv/detail/save_map__struct.h
[3.660s] -- Up-to-date: /home/agilex/limo_ros2_ws/install/nav2_msgs/include/nav2_msgs/srv/detail/get_costmap__functions.c
[3.660s] -- Up-to-date: /home/agilex/limo_ros2_ws/install/nav2_msgs/include/nav2_msgs/srv/detail/clear_costmap_except_region__functions.h
[3.660s] -- Up-to-date: /home/agilex/limo_ros2_ws/install/nav2_msgs/include/nav2_msgs/srv/detail/save_map__type_support.h
[3.661s] -- Up-to-date: /home/agilex/limo_ros2_ws/install/nav2_msgs/include/nav2_msgs/srv/detail/clear_costmap_around_robot__struct.h
[3.662s] -- Up-to-date: /home/agilex/limo_ros2_ws/install/nav2_msgs/include/nav2_msgs/srv/detail/load_map__type_support.h
[3.662s] -- Up-to-date: /home/agilex/limo_ros2_ws/install/nav2_msgs/include/nav2_msgs/srv/detail/manage_lifecycle_nodes__functions.c
[3.663s] -- Up-to-date: /home/agilex/limo_ros2_ws/install/nav2_msgs/include/nav2_msgs/srv/detail/manage_lifecycle_nodes__functions.h
[3.663s] -- Up-to-date: /home/agilex/limo_ros2_ws/install/nav2_msgs/include/nav2_msgs/srv/detail/get_costmap__type_support.h
[3.663s] -- Up-to-date: /home/agilex/limo_ros2_ws/install/nav2_msgs/include/nav2_msgs/srv/detail/load_map__struct.h
[3.663s] -- Up-to-date: /home/agilex/limo_ros2_ws/install/nav2_msgs/include/nav2_msgs/srv/detail/clear_entire_costmap__functions.h
[3.664s] -- Up-to-date: /home/agilex/limo_ros2_ws/install/nav2_msgs/include/nav2_msgs/srv/detail/load_map__functions.h
[3.665s] -- Up-to-date: /home/agilex/limo_ros2_ws/install/nav2_msgs/include/nav2_msgs/srv/detail/clear_costmap_around_robot__functions.c
[3.666s] -- Up-to-date: /home/agilex/limo_ros2_ws/install/nav2_msgs/include/nav2_msgs/srv/detail/clear_entire_costmap__struct.h
[3.666s] -- Up-to-date: /home/agilex/limo_ros2_ws/install/nav2_msgs/include/nav2_msgs/srv/detail/manage_lifecycle_nodes__type_support.h
[3.666s] -- Up-to-date: /home/agilex/limo_ros2_ws/install/nav2_msgs/include/nav2_msgs/srv/detail/get_costmap__functions.h
[3.666s] -- Up-to-date: /home/agilex/limo_ros2_ws/install/nav2_msgs/include/nav2_msgs/srv/detail/clear_entire_costmap__type_support.h
[3.666s] -- Up-to-date: /home/agilex/limo_ros2_ws/install/nav2_msgs/include/nav2_msgs/srv/detail/clear_costmap_except_region__type_support.h
[3.667s] -- Up-to-date: /home/agilex/limo_ros2_ws/install/nav2_msgs/include/nav2_msgs/srv/detail/clear_costmap_except_region__functions.c
[3.667s] -- Up-to-date: /home/agilex/limo_ros2_ws/install/nav2_msgs/include/nav2_msgs/srv/detail/clear_costmap_except_region__struct.h
[3.668s] -- Up-to-date: /home/agilex/limo_ros2_ws/install/nav2_msgs/include/nav2_msgs/srv/load_map.h
[3.668s] -- Up-to-date: /home/agilex/limo_ros2_ws/install/nav2_msgs/include/nav2_msgs/srv/save_map.h
[3.669s] -- Up-to-date: /home/agilex/limo_ros2_ws/install/nav2_msgs/include/nav2_msgs/action
[3.669s] -- Up-to-date: /home/agilex/limo_ros2_ws/install/nav2_msgs/include/nav2_msgs/action/compute_path_to_pose.h
[3.669s] -- Up-to-date: /home/agilex/limo_ros2_ws/install/nav2_msgs/include/nav2_msgs/action/back_up.h
[3.669s] -- Up-to-date: /home/agilex/limo_ros2_ws/install/nav2_msgs/include/nav2_msgs/action/follow_path.h
[3.671s] -- Up-to-date: /home/agilex/limo_ros2_ws/install/nav2_msgs/include/nav2_msgs/action/navigate_to_pose.h
[3.671s] -- Up-to-date: /home/agilex/limo_ros2_ws/install/nav2_msgs/include/nav2_msgs/action/wait.h
[3.672s] -- Up-to-date: /home/agilex/limo_ros2_ws/install/nav2_msgs/include/nav2_msgs/action/follow_waypoints.h
[3.673s] -- Up-to-date: /home/agilex/limo_ros2_ws/install/nav2_msgs/include/nav2_msgs/action/detail
[3.673s] -- Up-to-date: /home/agilex/limo_ros2_ws/install/nav2_msgs/include/nav2_msgs/action/detail/spin__struct.h
[3.674s] -- Up-to-date: /home/agilex/limo_ros2_ws/install/nav2_msgs/include/nav2_msgs/action/detail/back_up__functions.h
[3.674s] -- Up-to-date: /home/agilex/limo_ros2_ws/install/nav2_msgs/include/nav2_msgs/action/detail/wait__functions.c
[3.674s] -- Up-to-date: /home/agilex/limo_ros2_ws/install/nav2_msgs/include/nav2_msgs/action/detail/compute_path_to_pose__functions.c
[3.674s] -- Up-to-date: /home/agilex/limo_ros2_ws/install/nav2_msgs/include/nav2_msgs/action/detail/follow_waypoints__type_support.h
[3.675s] -- Up-to-date: /home/agilex/limo_ros2_ws/install/nav2_msgs/include/nav2_msgs/action/detail/wait__struct.h
[3.675s] -- Up-to-date: /home/agilex/limo_ros2_ws/install/nav2_msgs/include/nav2_msgs/action/detail/follow_path__functions.h
[3.675s] -- Up-to-date: /home/agilex/limo_ros2_ws/install/nav2_msgs/include/nav2_msgs/action/detail/spin__functions.h
[3.676s] -- Up-to-date: /home/agilex/limo_ros2_ws/install/nav2_msgs/include/nav2_msgs/action/detail/navigate_to_pose__type_support.h
[3.676s] -- Up-to-date: /home/agilex/limo_ros2_ws/install/nav2_msgs/include/nav2_msgs/action/detail/wait__functions.h
[3.677s] -- Up-to-date: /home/agilex/limo_ros2_ws/install/nav2_msgs/include/nav2_msgs/action/detail/follow_waypoints__struct.h
[3.677s] -- Up-to-date: /home/agilex/limo_ros2_ws/install/nav2_msgs/include/nav2_msgs/action/detail/back_up__functions.c
[3.692s] -- Up-to-date: /home/agilex/limo_ros2_ws/install/nav2_msgs/include/nav2_msgs/action/detail/dummy_recovery__type_support.h
[3.696s] -- Up-to-date: /home/agilex/limo_ros2_ws/install/nav2_msgs/include/nav2_msgs/action/detail/spin__type_support.h
[3.696s] -- Up-to-date: /home/agilex/limo_ros2_ws/install/nav2_msgs/include/nav2_msgs/action/detail/compute_path_to_pose__struct.h
[3.696s] -- Up-to-date: /home/agilex/limo_ros2_ws/install/nav2_msgs/include/nav2_msgs/action/detail/follow_path__struct.h
[3.697s] -- Up-to-date: /home/agilex/limo_ros2_ws/install/nav2_msgs/include/nav2_msgs/action/detail/navigate_to_pose__functions.c
[3.697s] -- Up-to-date: /home/agilex/limo_ros2_ws/install/nav2_msgs/include/nav2_msgs/action/detail/compute_path_to_pose__functions.h
[3.697s] -- Up-to-date: /home/agilex/limo_ros2_ws/install/nav2_msgs/include/nav2_msgs/action/detail/navigate_to_pose__functions.h
[3.697s] -- Up-to-date: /home/agilex/limo_ros2_ws/install/nav2_msgs/include/nav2_msgs/action/detail/dummy_recovery__functions.h
[3.698s] -- Up-to-date: /home/agilex/limo_ros2_ws/install/nav2_msgs/include/nav2_msgs/action/detail/back_up__type_support.h
[3.698s] -- Up-to-date: /home/agilex/limo_ros2_ws/install/nav2_msgs/include/nav2_msgs/action/detail/dummy_recovery__functions.c
[3.698s] -- Up-to-date: /home/agilex/limo_ros2_ws/install/nav2_msgs/include/nav2_msgs/action/detail/compute_path_to_pose__type_support.h
[3.698s] -- Up-to-date: /home/agilex/limo_ros2_ws/install/nav2_msgs/include/nav2_msgs/action/detail/navigate_to_pose__struct.h
[3.698s] -- Up-to-date: /home/agilex/limo_ros2_ws/install/nav2_msgs/include/nav2_msgs/action/detail/follow_path__type_support.h
[3.699s] -- Up-to-date: /home/agilex/limo_ros2_ws/install/nav2_msgs/include/nav2_msgs/action/detail/spin__functions.c
[3.699s] -- Up-to-date: /home/agilex/limo_ros2_ws/install/nav2_msgs/include/nav2_msgs/action/detail/follow_path__functions.c
[3.699s] -- Up-to-date: /home/agilex/limo_ros2_ws/install/nav2_msgs/include/nav2_msgs/action/detail/dummy_recovery__struct.h
[3.699s] -- Up-to-date: /home/agilex/limo_ros2_ws/install/nav2_msgs/include/nav2_msgs/action/detail/back_up__struct.h
[3.699s] -- Up-to-date: /home/agilex/limo_ros2_ws/install/nav2_msgs/include/nav2_msgs/action/detail/follow_waypoints__functions.h
[3.699s] -- Up-to-date: /home/agilex/limo_ros2_ws/install/nav2_msgs/include/nav2_msgs/action/detail/follow_waypoints__functions.c
[3.700s] -- Up-to-date: /home/agilex/limo_ros2_ws/install/nav2_msgs/include/nav2_msgs/action/detail/wait__type_support.h
[3.700s] -- Up-to-date: /home/agilex/limo_ros2_ws/install/nav2_msgs/include/nav2_msgs/action/spin.h
[3.700s] -- Up-to-date: /home/agilex/limo_ros2_ws/install/nav2_msgs/include/nav2_msgs/action/dummy_recovery.h
[3.700s] -- Up-to-date: /home/agilex/limo_ros2_ws/install/nav2_msgs/share/nav2_msgs/environment/library_path.sh
[3.700s] -- Up-to-date: /home/agilex/limo_ros2_ws/install/nav2_msgs/share/nav2_msgs/environment/library_path.dsv
[3.700s] -- Up-to-date: /home/agilex/limo_ros2_ws/install/nav2_msgs/lib/libnav2_msgs__rosidl_generator_c.so
[3.700s] -- Up-to-date: /home/agilex/limo_ros2_ws/install/nav2_msgs/include/nav2_msgs
[3.700s] -- Up-to-date: /home/agilex/limo_ros2_ws/install/nav2_msgs/include/nav2_msgs/msg
[3.701s] -- Up-to-date: /home/agilex/limo_ros2_ws/install/nav2_msgs/include/nav2_msgs/msg/rosidl_typesupport_fastrtps_c__visibility_control.h
[3.702s] -- Up-to-date: /home/agilex/limo_ros2_ws/install/nav2_msgs/include/nav2_msgs/msg/detail
[3.702s] -- Up-to-date: /home/agilex/limo_ros2_ws/install/nav2_msgs/include/nav2_msgs/msg/detail/behavior_tree_log__rosidl_typesupport_fastrtps_c.h
[3.702s] -- Up-to-date: /home/agilex/limo_ros2_ws/install/nav2_msgs/include/nav2_msgs/msg/detail/behavior_tree_status_change__rosidl_typesupport_fastrtps_c.h
[3.702s] -- Up-to-date: /home/agilex/limo_ros2_ws/install/nav2_msgs/include/nav2_msgs/msg/detail/voxel_grid__rosidl_typesupport_fastrtps_c.h
[3.702s] -- Up-to-date: /home/agilex/limo_ros2_ws/install/nav2_msgs/include/nav2_msgs/msg/detail/particle_cloud__rosidl_typesupport_fastrtps_c.h
[3.702s] -- Up-to-date: /home/agilex/limo_ros2_ws/install/nav2_msgs/include/nav2_msgs/msg/detail/costmap_meta_data__rosidl_typesupport_fastrtps_c.h
[3.703s] -- Up-to-date: /home/agilex/limo_ros2_ws/install/nav2_msgs/include/nav2_msgs/msg/detail/costmap__rosidl_typesupport_fastrtps_c.h
[3.703s] -- Up-to-date: /home/agilex/limo_ros2_ws/install/nav2_msgs/include/nav2_msgs/msg/detail/particle__rosidl_typesupport_fastrtps_c.h
[3.704s] -- Up-to-date: /home/agilex/limo_ros2_ws/install/nav2_msgs/include/nav2_msgs/srv
[3.704s] -- Up-to-date: /home/agilex/limo_ros2_ws/install/nav2_msgs/include/nav2_msgs/srv/detail
[3.704s] -- Up-to-date: /home/agilex/limo_ros2_ws/install/nav2_msgs/include/nav2_msgs/srv/detail/load_map__rosidl_typesupport_fastrtps_c.h
[3.704s] -- Up-to-date: /home/agilex/limo_ros2_ws/install/nav2_msgs/include/nav2_msgs/srv/detail/get_costmap__rosidl_typesupport_fastrtps_c.h
[3.704s] -- Up-to-date: /home/agilex/limo_ros2_ws/install/nav2_msgs/include/nav2_msgs/srv/detail/clear_entire_costmap__rosidl_typesupport_fastrtps_c.h
[3.704s] -- Up-to-date: /home/agilex/limo_ros2_ws/install/nav2_msgs/include/nav2_msgs/srv/detail/clear_costmap_except_region__rosidl_typesupport_fastrtps_c.h
[3.711s] -- Up-to-date: /home/agilex/limo_ros2_ws/install/nav2_msgs/include/nav2_msgs/srv/detail/save_map__rosidl_typesupport_fastrtps_c.h
[3.711s] -- Up-to-date: /home/agilex/limo_ros2_ws/install/nav2_msgs/include/nav2_msgs/srv/detail/clear_costmap_around_robot__rosidl_typesupport_fastrtps_c.h
[3.712s] -- Up-to-date: /home/agilex/limo_ros2_ws/install/nav2_msgs/include/nav2_msgs/srv/detail/manage_lifecycle_nodes__rosidl_typesupport_fastrtps_c.h
[3.712s] -- Up-to-date: /home/agilex/limo_ros2_ws/install/nav2_msgs/include/nav2_msgs/action
[3.712s] -- Up-to-date: /home/agilex/limo_ros2_ws/install/nav2_msgs/include/nav2_msgs/action/detail
[3.712s] -- Up-to-date: /home/agilex/limo_ros2_ws/install/nav2_msgs/include/nav2_msgs/action/detail/follow_waypoints__rosidl_typesupport_fastrtps_c.h
[3.713s] -- Up-to-date: /home/agilex/limo_ros2_ws/install/nav2_msgs/include/nav2_msgs/action/detail/spin__rosidl_typesupport_fastrtps_c.h
[3.713s] -- Up-to-date: /home/agilex/limo_ros2_ws/install/nav2_msgs/include/nav2_msgs/action/detail/back_up__rosidl_typesupport_fastrtps_c.h
[3.713s] -- Up-to-date: /home/agilex/limo_ros2_ws/install/nav2_msgs/include/nav2_msgs/action/detail/dummy_recovery__rosidl_typesupport_fastrtps_c.h
[3.714s] -- Up-to-date: /home/agilex/limo_ros2_ws/install/nav2_msgs/include/nav2_msgs/action/detail/navigate_to_pose__rosidl_typesupport_fastrtps_c.h
[3.715s] -- Up-to-date: /home/agilex/limo_ros2_ws/install/nav2_msgs/include/nav2_msgs/action/detail/compute_path_to_pose__rosidl_typesupport_fastrtps_c.h
[3.720s] -- Up-to-date: /home/agilex/limo_ros2_ws/install/nav2_msgs/include/nav2_msgs/action/detail/wait__rosidl_typesupport_fastrtps_c.h
[3.720s] -- Up-to-date: /home/agilex/limo_ros2_ws/install/nav2_msgs/include/nav2_msgs/action/detail/follow_path__rosidl_typesupport_fastrtps_c.h
[3.725s] -- Up-to-date: /home/agilex/limo_ros2_ws/install/nav2_msgs/lib/libnav2_msgs__rosidl_typesupport_fastrtps_c.so
[3.726s] -- Up-to-date: /home/agilex/limo_ros2_ws/install/nav2_msgs/include/nav2_msgs
[3.727s] -- Up-to-date: /home/agilex/limo_ros2_ws/install/nav2_msgs/include/nav2_msgs/msg
[3.728s] -- Up-to-date: /home/agilex/limo_ros2_ws/install/nav2_msgs/include/nav2_msgs/msg/rosidl_typesupport_fastrtps_cpp__visibility_control.h
[3.729s] -- Up-to-date: /home/agilex/limo_ros2_ws/install/nav2_msgs/include/nav2_msgs/msg/detail
[3.729s] -- Up-to-date: /home/agilex/limo_ros2_ws/install/nav2_msgs/include/nav2_msgs/msg/detail/costmap__rosidl_typesupport_fastrtps_cpp.hpp
[3.729s] -- Up-to-date: /home/agilex/limo_ros2_ws/install/nav2_msgs/include/nav2_msgs/msg/detail/behavior_tree_status_change__rosidl_typesupport_fastrtps_cpp.hpp
[3.730s] -- Up-to-date: /home/agilex/limo_ros2_ws/install/nav2_msgs/include/nav2_msgs/msg/detail/particle_cloud__rosidl_typesupport_fastrtps_cpp.hpp
[3.730s] -- Up-to-date: /home/agilex/limo_ros2_ws/install/nav2_msgs/include/nav2_msgs/msg/detail/costmap_meta_data__rosidl_typesupport_fastrtps_cpp.hpp
[3.730s] -- Up-to-date: /home/agilex/limo_ros2_ws/install/nav2_msgs/include/nav2_msgs/msg/detail/particle__rosidl_typesupport_fastrtps_cpp.hpp
[3.731s] -- Up-to-date: /home/agilex/limo_ros2_ws/install/nav2_msgs/include/nav2_msgs/msg/detail/voxel_grid__rosidl_typesupport_fastrtps_cpp.hpp
[3.732s] -- Up-to-date: /home/agilex/limo_ros2_ws/install/nav2_msgs/include/nav2_msgs/msg/detail/behavior_tree_log__rosidl_typesupport_fastrtps_cpp.hpp
[3.732s] -- Up-to-date: /home/agilex/limo_ros2_ws/install/nav2_msgs/include/nav2_msgs/msg/detail/dds_fastrtps
[3.737s] -- Up-to-date: /home/agilex/limo_ros2_ws/install/nav2_msgs/include/nav2_msgs/srv
[3.738s] -- Up-to-date: /home/agilex/limo_ros2_ws/install/nav2_msgs/include/nav2_msgs/srv/detail
[3.738s] -- Up-to-date: /home/agilex/limo_ros2_ws/install/nav2_msgs/include/nav2_msgs/srv/detail/load_map__rosidl_typesupport_fastrtps_cpp.hpp
[3.738s] -- Up-to-date: /home/agilex/limo_ros2_ws/install/nav2_msgs/include/nav2_msgs/srv/detail/clear_costmap_around_robot__rosidl_typesupport_fastrtps_cpp.hpp
[3.740s] -- Up-to-date: /home/agilex/limo_ros2_ws/install/nav2_msgs/include/nav2_msgs/srv/detail/save_map__rosidl_typesupport_fastrtps_cpp.hpp
[3.740s] -- Up-to-date: /home/agilex/limo_ros2_ws/install/nav2_msgs/include/nav2_msgs/srv/detail/manage_lifecycle_nodes__rosidl_typesupport_fastrtps_cpp.hpp
[3.740s] -- Up-to-date: /home/agilex/limo_ros2_ws/install/nav2_msgs/include/nav2_msgs/srv/detail/get_costmap__rosidl_typesupport_fastrtps_cpp.hpp
[3.740s] -- Up-to-date: /home/agilex/limo_ros2_ws/install/nav2_msgs/include/nav2_msgs/srv/detail/clear_costmap_except_region__rosidl_typesupport_fastrtps_cpp.hpp
[3.740s] -- Up-to-date: /home/agilex/limo_ros2_ws/install/nav2_msgs/include/nav2_msgs/srv/detail/dds_fastrtps
[3.741s] -- Up-to-date: /home/agilex/limo_ros2_ws/install/nav2_msgs/include/nav2_msgs/srv/detail/clear_entire_costmap__rosidl_typesupport_fastrtps_cpp.hpp
[3.741s] -- Up-to-date: /home/agilex/limo_ros2_ws/install/nav2_msgs/include/nav2_msgs/action
[3.741s] -- Up-to-date: /home/agilex/limo_ros2_ws/install/nav2_msgs/include/nav2_msgs/action/detail
[3.742s] -- Up-to-date: /home/agilex/limo_ros2_ws/install/nav2_msgs/include/nav2_msgs/action/detail/wait__rosidl_typesupport_fastrtps_cpp.hpp
[3.742s] -- Up-to-date: /home/agilex/limo_ros2_ws/install/nav2_msgs/include/nav2_msgs/action/detail/spin__rosidl_typesupport_fastrtps_cpp.hpp
[3.742s] -- Up-to-date: /home/agilex/limo_ros2_ws/install/nav2_msgs/include/nav2_msgs/action/detail/compute_path_to_pose__rosidl_typesupport_fastrtps_cpp.hpp
[3.742s] -- Up-to-date: /home/agilex/limo_ros2_ws/install/nav2_msgs/include/nav2_msgs/action/detail/navigate_to_pose__rosidl_typesupport_fastrtps_cpp.hpp
[3.743s] -- Up-to-date: /home/agilex/limo_ros2_ws/install/nav2_msgs/include/nav2_msgs/action/detail/dummy_recovery__rosidl_typesupport_fastrtps_cpp.hpp
[3.743s] -- Up-to-date: /home/agilex/limo_ros2_ws/install/nav2_msgs/include/nav2_msgs/action/detail/dds_fastrtps
[3.743s] -- Up-to-date: /home/agilex/limo_ros2_ws/install/nav2_msgs/include/nav2_msgs/action/detail/follow_path__rosidl_typesupport_fastrtps_cpp.hpp
[3.743s] -- Up-to-date: /home/agilex/limo_ros2_ws/install/nav2_msgs/include/nav2_msgs/action/detail/follow_waypoints__rosidl_typesupport_fastrtps_cpp.hpp
[3.743s] -- Up-to-date: /home/agilex/limo_ros2_ws/install/nav2_msgs/include/nav2_msgs/action/detail/back_up__rosidl_typesupport_fastrtps_cpp.hpp
[3.743s] -- Up-to-date: /home/agilex/limo_ros2_ws/install/nav2_msgs/lib/libnav2_msgs__rosidl_typesupport_fastrtps_cpp.so
[3.744s] -- Up-to-date: /home/agilex/limo_ros2_ws/install/nav2_msgs/include/nav2_msgs
[3.744s] -- Up-to-date: /home/agilex/limo_ros2_ws/install/nav2_msgs/include/nav2_msgs/msg
[3.744s] -- Up-to-date: /home/agilex/limo_ros2_ws/install/nav2_msgs/include/nav2_msgs/msg/rosidl_typesupport_introspection_c__visibility_control.h
[3.744s] -- Up-to-date: /home/agilex/limo_ros2_ws/install/nav2_msgs/include/nav2_msgs/msg/detail
[3.744s] -- Up-to-date: /home/agilex/limo_ros2_ws/install/nav2_msgs/include/nav2_msgs/msg/detail/costmap__rosidl_typesupport_introspection_c.h
[3.744s] -- Up-to-date: /home/agilex/limo_ros2_ws/install/nav2_msgs/include/nav2_msgs/msg/detail/behavior_tree_status_change__type_support.c
[3.744s] -- Up-to-date: /home/agilex/limo_ros2_ws/install/nav2_msgs/include/nav2_msgs/msg/detail/particle_cloud__rosidl_typesupport_introspection_c.h
[3.745s] -- Up-to-date: /home/agilex/limo_ros2_ws/install/nav2_msgs/include/nav2_msgs/msg/detail/behavior_tree_status_change__rosidl_typesupport_introspection_c.h
[3.745s] -- Up-to-date: /home/agilex/limo_ros2_ws/install/nav2_msgs/include/nav2_msgs/msg/detail/behavior_tree_log__type_support.c
[3.745s] -- Up-to-date: /home/agilex/limo_ros2_ws/install/nav2_msgs/include/nav2_msgs/msg/detail/voxel_grid__rosidl_typesupport_introspection_c.h
[3.746s] -- Up-to-date: /home/agilex/limo_ros2_ws/install/nav2_msgs/include/nav2_msgs/msg/detail/particle__rosidl_typesupport_introspection_c.h
[3.746s] -- Up-to-date: /home/agilex/limo_ros2_ws/install/nav2_msgs/include/nav2_msgs/msg/detail/costmap_meta_data__type_support.c
[3.746s] -- Up-to-date: /home/agilex/limo_ros2_ws/install/nav2_msgs/include/nav2_msgs/msg/detail/voxel_grid__type_support.c
[3.746s] -- Up-to-date: /home/agilex/limo_ros2_ws/install/nav2_msgs/include/nav2_msgs/msg/detail/costmap_meta_data__rosidl_typesupport_introspection_c.h
[3.746s] -- Up-to-date: /home/agilex/limo_ros2_ws/install/nav2_msgs/include/nav2_msgs/msg/detail/costmap__type_support.c
[3.746s] -- Up-to-date: /home/agilex/limo_ros2_ws/install/nav2_msgs/include/nav2_msgs/msg/detail/particle__type_support.c
[3.747s] -- Up-to-date: /home/agilex/limo_ros2_ws/install/nav2_msgs/include/nav2_msgs/msg/detail/behavior_tree_log__rosidl_typesupport_introspection_c.h
[3.747s] -- Up-to-date: /home/agilex/limo_ros2_ws/install/nav2_msgs/include/nav2_msgs/msg/detail/particle_cloud__type_support.c
[3.747s] -- Up-to-date: /home/agilex/limo_ros2_ws/install/nav2_msgs/include/nav2_msgs/srv
[3.747s] -- Up-to-date: /home/agilex/limo_ros2_ws/install/nav2_msgs/include/nav2_msgs/srv/detail
[3.747s] -- Up-to-date: /home/agilex/limo_ros2_ws/install/nav2_msgs/include/nav2_msgs/srv/detail/clear_costmap_around_robot__type_support.c
[3.747s] -- Up-to-date: /home/agilex/limo_ros2_ws/install/nav2_msgs/include/nav2_msgs/srv/detail/clear_costmap_except_region__rosidl_typesupport_introspection_c.h
[3.748s] -- Up-to-date: /home/agilex/limo_ros2_ws/install/nav2_msgs/include/nav2_msgs/srv/detail/get_costmap__rosidl_typesupport_introspection_c.h
[3.748s] -- Up-to-date: /home/agilex/limo_ros2_ws/install/nav2_msgs/include/nav2_msgs/srv/detail/get_costmap__type_support.c
[3.748s] -- Up-to-date: /home/agilex/limo_ros2_ws/install/nav2_msgs/include/nav2_msgs/srv/detail/save_map__rosidl_typesupport_introspection_c.h
[3.748s] -- Up-to-date: /home/agilex/limo_ros2_ws/install/nav2_msgs/include/nav2_msgs/srv/detail/manage_lifecycle_nodes__type_support.c
[3.748s] -- Up-to-date: /home/agilex/limo_ros2_ws/install/nav2_msgs/include/nav2_msgs/srv/detail/clear_costmap_around_robot__rosidl_typesupport_introspection_c.h
[3.748s] -- Up-to-date: /home/agilex/limo_ros2_ws/install/nav2_msgs/include/nav2_msgs/srv/detail/load_map__type_support.c
[3.749s] -- Up-to-date: /home/agilex/limo_ros2_ws/install/nav2_msgs/include/nav2_msgs/srv/detail/load_map__rosidl_typesupport_introspection_c.h
[3.749s] -- Up-to-date: /home/agilex/limo_ros2_ws/install/nav2_msgs/include/nav2_msgs/srv/detail/manage_lifecycle_nodes__rosidl_typesupport_introspection_c.h
[3.749s] -- Up-to-date: /home/agilex/limo_ros2_ws/install/nav2_msgs/include/nav2_msgs/srv/detail/clear_entire_costmap__rosidl_typesupport_introspection_c.h
[3.749s] -- Up-to-date: /home/agilex/limo_ros2_ws/install/nav2_msgs/include/nav2_msgs/srv/detail/clear_entire_costmap__type_support.c
[3.750s] -- Up-to-date: /home/agilex/limo_ros2_ws/install/nav2_msgs/include/nav2_msgs/srv/detail/save_map__type_support.c
[3.750s] -- Up-to-date: /home/agilex/limo_ros2_ws/install/nav2_msgs/include/nav2_msgs/srv/detail/clear_costmap_except_region__type_support.c
[3.750s] -- Up-to-date: /home/agilex/limo_ros2_ws/install/nav2_msgs/include/nav2_msgs/action
[3.750s] -- Up-to-date: /home/agilex/limo_ros2_ws/install/nav2_msgs/include/nav2_msgs/action/detail
[3.750s] -- Up-to-date: /home/agilex/limo_ros2_ws/install/nav2_msgs/include/nav2_msgs/action/detail/dummy_recovery__rosidl_typesupport_introspection_c.h
[3.751s] -- Up-to-date: /home/agilex/limo_ros2_ws/install/nav2_msgs/include/nav2_msgs/action/detail/follow_waypoints__rosidl_typesupport_introspection_c.h
[3.751s] -- Up-to-date: /home/agilex/limo_ros2_ws/install/nav2_msgs/include/nav2_msgs/action/detail/back_up__type_support.c
[3.751s] -- Up-to-date: /home/agilex/limo_ros2_ws/install/nav2_msgs/include/nav2_msgs/action/detail/follow_waypoints__type_support.c
[3.751s] -- Up-to-date: /home/agilex/limo_ros2_ws/install/nav2_msgs/include/nav2_msgs/action/detail/dummy_recovery__type_support.c
[3.751s] -- Up-to-date: /home/agilex/limo_ros2_ws/install/nav2_msgs/include/nav2_msgs/action/detail/back_up__rosidl_typesupport_introspection_c.h
[3.751s] -- Up-to-date: /home/agilex/limo_ros2_ws/install/nav2_msgs/include/nav2_msgs/action/detail/wait__rosidl_typesupport_introspection_c.h
[3.751s] -- Up-to-date: /home/agilex/limo_ros2_ws/install/nav2_msgs/include/nav2_msgs/action/detail/follow_path__type_support.c
[3.752s] -- Up-to-date: /home/agilex/limo_ros2_ws/install/nav2_msgs/include/nav2_msgs/action/detail/spin__rosidl_typesupport_introspection_c.h
[3.752s] -- Up-to-date: /home/agilex/limo_ros2_ws/install/nav2_msgs/include/nav2_msgs/action/detail/compute_path_to_pose__type_support.c
[3.752s] -- Up-to-date: /home/agilex/limo_ros2_ws/install/nav2_msgs/include/nav2_msgs/action/detail/follow_path__rosidl_typesupport_introspection_c.h
[3.752s] -- Up-to-date: /home/agilex/limo_ros2_ws/install/nav2_msgs/include/nav2_msgs/action/detail/navigate_to_pose__type_support.c
[3.752s] -- Up-to-date: /home/agilex/limo_ros2_ws/install/nav2_msgs/include/nav2_msgs/action/detail/navigate_to_pose__rosidl_typesupport_introspection_c.h
[3.754s] -- Up-to-date: /home/agilex/limo_ros2_ws/install/nav2_msgs/include/nav2_msgs/action/detail/compute_path_to_pose__rosidl_typesupport_introspection_c.h
[3.755s] -- Up-to-date: /home/agilex/limo_ros2_ws/install/nav2_msgs/include/nav2_msgs/action/detail/spin__type_support.c
[3.755s] -- Up-to-date: /home/agilex/limo_ros2_ws/install/nav2_msgs/include/nav2_msgs/action/detail/wait__type_support.c
[3.756s] -- Up-to-date: /home/agilex/limo_ros2_ws/install/nav2_msgs/lib/libnav2_msgs__rosidl_typesupport_introspection_c.so
[3.762s] -- Up-to-date: /home/agilex/limo_ros2_ws/install/nav2_msgs/lib/libnav2_msgs__rosidl_typesupport_c.so
[3.763s] -- Up-to-date: /home/agilex/limo_ros2_ws/install/nav2_msgs/include/nav2_msgs
[3.763s] -- Up-to-date: /home/agilex/limo_ros2_ws/install/nav2_msgs/include/nav2_msgs/msg
[3.763s] -- Up-to-date: /home/agilex/limo_ros2_ws/install/nav2_msgs/include/nav2_msgs/msg/costmap_meta_data.hpp
[3.763s] -- Up-to-date: /home/agilex/limo_ros2_ws/install/nav2_msgs/include/nav2_msgs/msg/particle.hpp
[3.763s] -- Up-to-date: /home/agilex/limo_ros2_ws/install/nav2_msgs/include/nav2_msgs/msg/costmap.hpp
[3.764s] -- Up-to-date: /home/agilex/limo_ros2_ws/install/nav2_msgs/include/nav2_msgs/msg/rosidl_generator_cpp__visibility_control.hpp
[3.764s] -- Up-to-date: /home/agilex/limo_ros2_ws/install/nav2_msgs/include/nav2_msgs/msg/behavior_tree_log.hpp
[3.764s] -- Up-to-date: /home/agilex/limo_ros2_ws/install/nav2_msgs/include/nav2_msgs/msg/particle_cloud.hpp
[3.764s] -- Up-to-date: /home/agilex/limo_ros2_ws/install/nav2_msgs/include/nav2_msgs/msg/detail
[3.764s] -- Up-to-date: /home/agilex/limo_ros2_ws/install/nav2_msgs/include/nav2_msgs/msg/detail/behavior_tree_log__traits.hpp
[3.764s] -- Up-to-date: /home/agilex/limo_ros2_ws/install/nav2_msgs/include/nav2_msgs/msg/detail/costmap__traits.hpp
[3.765s] -- Up-to-date: /home/agilex/limo_ros2_ws/install/nav2_msgs/include/nav2_msgs/msg/detail/particle__type_support.hpp
[3.765s] -- Up-to-date: /home/agilex/limo_ros2_ws/install/nav2_msgs/include/nav2_msgs/msg/detail/voxel_grid__traits.hpp
[3.766s] -- Up-to-date: /home/agilex/limo_ros2_ws/install/nav2_msgs/include/nav2_msgs/msg/detail/particle_cloud__struct.hpp
[3.766s] -- Up-to-date: /home/agilex/limo_ros2_ws/install/nav2_msgs/include/nav2_msgs/msg/detail/particle_cloud__builder.hpp
[3.766s] -- Up-to-date: /home/agilex/limo_ros2_ws/install/nav2_msgs/include/nav2_msgs/msg/detail/voxel_grid__type_support.hpp
[3.766s] -- Up-to-date: /home/agilex/limo_ros2_ws/install/nav2_msgs/include/nav2_msgs/msg/detail/behavior_tree_log__builder.hpp
[3.767s] -- Up-to-date: /home/agilex/limo_ros2_ws/install/nav2_msgs/include/nav2_msgs/msg/detail/voxel_grid__struct.hpp
[3.767s] -- Up-to-date: /home/agilex/limo_ros2_ws/install/nav2_msgs/include/nav2_msgs/msg/detail/behavior_tree_log__struct.hpp
[3.767s] -- Up-to-date: /home/agilex/limo_ros2_ws/install/nav2_msgs/include/nav2_msgs/msg/detail/costmap_meta_data__builder.hpp
[3.767s] -- Up-to-date: /home/agilex/limo_ros2_ws/install/nav2_msgs/include/nav2_msgs/msg/detail/costmap__builder.hpp
[3.767s] -- Up-to-date: /home/agilex/limo_ros2_ws/install/nav2_msgs/include/nav2_msgs/msg/detail/particle__traits.hpp
[3.767s] -- Up-to-date: /home/agilex/limo_ros2_ws/install/nav2_msgs/include/nav2_msgs/msg/detail/voxel_grid__builder.hpp
[3.767s] -- Up-to-date: /home/agilex/limo_ros2_ws/install/nav2_msgs/include/nav2_msgs/msg/detail/particle_cloud__type_support.hpp
[3.768s] -- Up-to-date: /home/agilex/limo_ros2_ws/install/nav2_msgs/include/nav2_msgs/msg/detail/particle_cloud__traits.hpp
[3.768s] -- Up-to-date: /home/agilex/limo_ros2_ws/install/nav2_msgs/include/nav2_msgs/msg/detail/costmap__struct.hpp
[3.768s] -- Up-to-date: /home/agilex/limo_ros2_ws/install/nav2_msgs/include/nav2_msgs/msg/detail/behavior_tree_status_change__struct.hpp
[3.768s] -- Up-to-date: /home/agilex/limo_ros2_ws/install/nav2_msgs/include/nav2_msgs/msg/detail/behavior_tree_log__type_support.hpp
[3.769s] -- Up-to-date: /home/agilex/limo_ros2_ws/install/nav2_msgs/include/nav2_msgs/msg/detail/particle__builder.hpp
[3.769s] -- Up-to-date: /home/agilex/limo_ros2_ws/install/nav2_msgs/include/nav2_msgs/msg/detail/costmap_meta_data__traits.hpp
[3.769s] -- Up-to-date: /home/agilex/limo_ros2_ws/install/nav2_msgs/include/nav2_msgs/msg/detail/costmap_meta_data__struct.hpp
[3.770s] -- Up-to-date: /home/agilex/limo_ros2_ws/install/nav2_msgs/include/nav2_msgs/msg/detail/behavior_tree_status_change__type_support.hpp
[3.770s] -- Up-to-date: /home/agilex/limo_ros2_ws/install/nav2_msgs/include/nav2_msgs/msg/detail/particle__struct.hpp
[3.770s] -- Up-to-date: /home/agilex/limo_ros2_ws/install/nav2_msgs/include/nav2_msgs/msg/detail/costmap__type_support.hpp
[3.770s] -- Up-to-date: /home/agilex/limo_ros2_ws/install/nav2_msgs/include/nav2_msgs/msg/detail/behavior_tree_status_change__traits.hpp
[3.771s] -- Up-to-date: /home/agilex/limo_ros2_ws/install/nav2_msgs/include/nav2_msgs/msg/detail/behavior_tree_status_change__builder.hpp
[3.771s] -- Up-to-date: /home/agilex/limo_ros2_ws/install/nav2_msgs/include/nav2_msgs/msg/detail/costmap_meta_data__type_support.hpp
[3.771s] -- Up-to-date: /home/agilex/limo_ros2_ws/install/nav2_msgs/include/nav2_msgs/msg/voxel_grid.hpp
[3.772s] -- Up-to-date: /home/agilex/limo_ros2_ws/install/nav2_msgs/include/nav2_msgs/msg/behavior_tree_status_change.hpp
[3.772s] -- Up-to-date: /home/agilex/limo_ros2_ws/install/nav2_msgs/include/nav2_msgs/srv
[3.772s] -- Up-to-date: /home/agilex/limo_ros2_ws/install/nav2_msgs/include/nav2_msgs/srv/clear_entire_costmap.hpp
[3.772s] -- Up-to-date: /home/agilex/limo_ros2_ws/install/nav2_msgs/include/nav2_msgs/srv/save_map.hpp
[3.772s] -- Up-to-date: /home/agilex/limo_ros2_ws/install/nav2_msgs/include/nav2_msgs/srv/clear_costmap_around_robot.hpp
[3.773s] -- Up-to-date: /home/agilex/limo_ros2_ws/install/nav2_msgs/include/nav2_msgs/srv/load_map.hpp
[3.773s] -- Up-to-date: /home/agilex/limo_ros2_ws/install/nav2_msgs/include/nav2_msgs/srv/manage_lifecycle_nodes.hpp
[3.773s] -- Up-to-date: /home/agilex/limo_ros2_ws/install/nav2_msgs/include/nav2_msgs/srv/detail
[3.773s] -- Up-to-date: /home/agilex/limo_ros2_ws/install/nav2_msgs/include/nav2_msgs/srv/detail/get_costmap__type_support.hpp
[3.773s] -- Up-to-date: /home/agilex/limo_ros2_ws/install/nav2_msgs/include/nav2_msgs/srv/detail/save_map__traits.hpp
[3.774s] -- Up-to-date: /home/agilex/limo_ros2_ws/install/nav2_msgs/include/nav2_msgs/srv/detail/load_map__builder.hpp
[3.774s] -- Up-to-date: /home/agilex/limo_ros2_ws/install/nav2_msgs/include/nav2_msgs/srv/detail/save_map__struct.hpp
[3.774s] -- Up-to-date: /home/agilex/limo_ros2_ws/install/nav2_msgs/include/nav2_msgs/srv/detail/manage_lifecycle_nodes__struct.hpp
[3.774s] -- Up-to-date: /home/agilex/limo_ros2_ws/install/nav2_msgs/include/nav2_msgs/srv/detail/clear_entire_costmap__traits.hpp
[3.775s] -- Up-to-date: /home/agilex/limo_ros2_ws/install/nav2_msgs/include/nav2_msgs/srv/detail/load_map__struct.hpp
[3.775s] -- Up-to-date: /home/agilex/limo_ros2_ws/install/nav2_msgs/include/nav2_msgs/srv/detail/clear_entire_costmap__builder.hpp
[3.775s] -- Up-to-date: /home/agilex/limo_ros2_ws/install/nav2_msgs/include/nav2_msgs/srv/detail/get_costmap__traits.hpp
[3.775s] -- Up-to-date: /home/agilex/limo_ros2_ws/install/nav2_msgs/include/nav2_msgs/srv/detail/load_map__type_support.hpp
[3.775s] -- Up-to-date: /home/agilex/limo_ros2_ws/install/nav2_msgs/include/nav2_msgs/srv/detail/manage_lifecycle_nodes__type_support.hpp
[3.776s] -- Up-to-date: /home/agilex/limo_ros2_ws/install/nav2_msgs/include/nav2_msgs/srv/detail/load_map__traits.hpp
[3.776s] -- Up-to-date: /home/agilex/limo_ros2_ws/install/nav2_msgs/include/nav2_msgs/srv/detail/clear_costmap_except_region__struct.hpp
[3.776s] -- Up-to-date: /home/agilex/limo_ros2_ws/install/nav2_msgs/include/nav2_msgs/srv/detail/clear_costmap_around_robot__traits.hpp
[3.776s] -- Up-to-date: /home/agilex/limo_ros2_ws/install/nav2_msgs/include/nav2_msgs/srv/detail/clear_costmap_around_robot__builder.hpp
[3.776s] -- Up-to-date: /home/agilex/limo_ros2_ws/install/nav2_msgs/include/nav2_msgs/srv/detail/get_costmap__struct.hpp
[3.776s] -- Up-to-date: /home/agilex/limo_ros2_ws/install/nav2_msgs/include/nav2_msgs/srv/detail/clear_costmap_except_region__traits.hpp
[3.777s] -- Up-to-date: /home/agilex/limo_ros2_ws/install/nav2_msgs/include/nav2_msgs/srv/detail/get_costmap__builder.hpp
[3.777s] -- Up-to-date: /home/agilex/limo_ros2_ws/install/nav2_msgs/include/nav2_msgs/srv/detail/clear_entire_costmap__struct.hpp
[3.777s] -- Up-to-date: /home/agilex/limo_ros2_ws/install/nav2_msgs/include/nav2_msgs/srv/detail/clear_costmap_around_robot__struct.hpp
[3.778s] -- Up-to-date: /home/agilex/limo_ros2_ws/install/nav2_msgs/include/nav2_msgs/srv/detail/manage_lifecycle_nodes__builder.hpp
[3.778s] -- Up-to-date: /home/agilex/limo_ros2_ws/install/nav2_msgs/include/nav2_msgs/srv/detail/save_map__builder.hpp
[3.778s] -- Up-to-date: /home/agilex/limo_ros2_ws/install/nav2_msgs/include/nav2_msgs/srv/detail/save_map__type_support.hpp
[3.779s] -- Up-to-date: /home/agilex/limo_ros2_ws/install/nav2_msgs/include/nav2_msgs/srv/detail/clear_costmap_except_region__type_support.hpp
[3.779s] -- Up-to-date: /home/agilex/limo_ros2_ws/install/nav2_msgs/include/nav2_msgs/srv/detail/clear_costmap_around_robot__type_support.hpp
[3.779s] -- Up-to-date: /home/agilex/limo_ros2_ws/install/nav2_msgs/include/nav2_msgs/srv/detail/manage_lifecycle_nodes__traits.hpp
[3.781s] -- Up-to-date: /home/agilex/limo_ros2_ws/install/nav2_msgs/include/nav2_msgs/srv/detail/clear_costmap_except_region__builder.hpp
[3.781s] -- Up-to-date: /home/agilex/limo_ros2_ws/install/nav2_msgs/include/nav2_msgs/srv/detail/clear_entire_costmap__type_support.hpp
[3.782s] -- Up-to-date: /home/agilex/limo_ros2_ws/install/nav2_msgs/include/nav2_msgs/srv/clear_costmap_except_region.hpp
[3.783s] -- Up-to-date: /home/agilex/limo_ros2_ws/install/nav2_msgs/include/nav2_msgs/srv/get_costmap.hpp
[3.783s] -- Up-to-date: /home/agilex/limo_ros2_ws/install/nav2_msgs/include/nav2_msgs/action
[3.783s] -- Up-to-date: /home/agilex/limo_ros2_ws/install/nav2_msgs/include/nav2_msgs/action/follow_path.hpp
[3.783s] -- Up-to-date: /home/agilex/limo_ros2_ws/install/nav2_msgs/include/nav2_msgs/action/back_up.hpp
[3.783s] -- Up-to-date: /home/agilex/limo_ros2_ws/install/nav2_msgs/include/nav2_msgs/action/wait.hpp
[3.783s] -- Up-to-date: /home/agilex/limo_ros2_ws/install/nav2_msgs/include/nav2_msgs/action/dummy_recovery.hpp
[3.784s] -- Up-to-date: /home/agilex/limo_ros2_ws/install/nav2_msgs/include/nav2_msgs/action/navigate_to_pose.hpp
[3.786s] -- Up-to-date: /home/agilex/limo_ros2_ws/install/nav2_msgs/include/nav2_msgs/action/spin.hpp
[3.786s] -- Up-to-date: /home/agilex/limo_ros2_ws/install/nav2_msgs/include/nav2_msgs/action/detail
[3.787s] -- Up-to-date: /home/agilex/limo_ros2_ws/install/nav2_msgs/include/nav2_msgs/action/detail/spin__builder.hpp
[3.787s] -- Up-to-date: /home/agilex/limo_ros2_ws/install/nav2_msgs/include/nav2_msgs/action/detail/dummy_recovery__traits.hpp
[3.788s] -- Up-to-date: /home/agilex/limo_ros2_ws/install/nav2_msgs/include/nav2_msgs/action/detail/wait__struct.hpp
[3.788s] -- Up-to-date: /home/agilex/limo_ros2_ws/install/nav2_msgs/include/nav2_msgs/action/detail/back_up__traits.hpp
[3.788s] -- Up-to-date: /home/agilex/limo_ros2_ws/install/nav2_msgs/include/nav2_msgs/action/detail/dummy_recovery__struct.hpp
[3.788s] -- Up-to-date: /home/agilex/limo_ros2_ws/install/nav2_msgs/include/nav2_msgs/action/detail/spin__struct.hpp
[3.788s] -- Up-to-date: /home/agilex/limo_ros2_ws/install/nav2_msgs/include/nav2_msgs/action/detail/spin__type_support.hpp
[3.788s] -- Up-to-date: /home/agilex/limo_ros2_ws/install/nav2_msgs/include/nav2_msgs/action/detail/wait__builder.hpp
[3.789s] -- Up-to-date: /home/agilex/limo_ros2_ws/install/nav2_msgs/include/nav2_msgs/action/detail/follow_path__struct.hpp
[3.789s] -- Up-to-date: /home/agilex/limo_ros2_ws/install/nav2_msgs/include/nav2_msgs/action/detail/follow_path__traits.hpp
[3.789s] -- Up-to-date: /home/agilex/limo_ros2_ws/install/nav2_msgs/include/nav2_msgs/action/detail/back_up__struct.hpp
[3.789s] -- Up-to-date: /home/agilex/limo_ros2_ws/install/nav2_msgs/include/nav2_msgs/action/detail/wait__traits.hpp
[3.789s] -- Up-to-date: /home/agilex/limo_ros2_ws/install/nav2_msgs/include/nav2_msgs/action/detail/dummy_recovery__type_support.hpp
[3.791s] -- Up-to-date: /home/agilex/limo_ros2_ws/install/nav2_msgs/include/nav2_msgs/action/detail/back_up__type_support.hpp
[3.792s] -- Up-to-date: /home/agilex/limo_ros2_ws/install/nav2_msgs/include/nav2_msgs/action/detail/dummy_recovery__builder.hpp
[3.794s] -- Up-to-date: /home/agilex/limo_ros2_ws/install/nav2_msgs/include/nav2_msgs/action/detail/follow_waypoints__type_support.hpp
[3.794s] -- Up-to-date: /home/agilex/limo_ros2_ws/install/nav2_msgs/include/nav2_msgs/action/detail/navigate_to_pose__struct.hpp
[3.795s] -- Up-to-date: /home/agilex/limo_ros2_ws/install/nav2_msgs/include/nav2_msgs/action/detail/compute_path_to_pose__traits.hpp
[3.795s] -- Up-to-date: /home/agilex/limo_ros2_ws/install/nav2_msgs/include/nav2_msgs/action/detail/navigate_to_pose__type_support.hpp
[3.795s] -- Up-to-date: /home/agilex/limo_ros2_ws/install/nav2_msgs/include/nav2_msgs/action/detail/follow_waypoints__traits.hpp
[3.795s] -- Up-to-date: /home/agilex/limo_ros2_ws/install/nav2_msgs/include/nav2_msgs/action/detail/follow_waypoints__builder.hpp
[3.796s] -- Up-to-date: /home/agilex/limo_ros2_ws/install/nav2_msgs/include/nav2_msgs/action/detail/navigate_to_pose__builder.hpp
[3.796s] -- Up-to-date: /home/agilex/limo_ros2_ws/install/nav2_msgs/include/nav2_msgs/action/detail/compute_path_to_pose__struct.hpp
[3.796s] -- Up-to-date: /home/agilex/limo_ros2_ws/install/nav2_msgs/include/nav2_msgs/action/detail/compute_path_to_pose__type_support.hpp
[3.796s] -- Up-to-date: /home/agilex/limo_ros2_ws/install/nav2_msgs/include/nav2_msgs/action/detail/follow_waypoints__struct.hpp
[3.797s] -- Up-to-date: /home/agilex/limo_ros2_ws/install/nav2_msgs/include/nav2_msgs/action/detail/compute_path_to_pose__builder.hpp
[3.797s] -- Up-to-date: /home/agilex/limo_ros2_ws/install/nav2_msgs/include/nav2_msgs/action/detail/spin__traits.hpp
[3.797s] -- Up-to-date: /home/agilex/limo_ros2_ws/install/nav2_msgs/include/nav2_msgs/action/detail/back_up__builder.hpp
[3.797s] -- Up-to-date: /home/agilex/limo_ros2_ws/install/nav2_msgs/include/nav2_msgs/action/detail/follow_path__builder.hpp
[3.797s] -- Up-to-date: /home/agilex/limo_ros2_ws/install/nav2_msgs/include/nav2_msgs/action/detail/navigate_to_pose__traits.hpp
[3.798s] -- Up-to-date: /home/agilex/limo_ros2_ws/install/nav2_msgs/include/nav2_msgs/action/detail/follow_path__type_support.hpp
[3.798s] -- Up-to-date: /home/agilex/limo_ros2_ws/install/nav2_msgs/include/nav2_msgs/action/detail/wait__type_support.hpp
[3.799s] -- Up-to-date: /home/agilex/limo_ros2_ws/install/nav2_msgs/include/nav2_msgs/action/compute_path_to_pose.hpp
[3.799s] -- Up-to-date: /home/agilex/limo_ros2_ws/install/nav2_msgs/include/nav2_msgs/action/follow_waypoints.hpp
[3.799s] -- Up-to-date: /home/agilex/limo_ros2_ws/install/nav2_msgs/include/nav2_msgs
[3.799s] -- Up-to-date: /home/agilex/limo_ros2_ws/install/nav2_msgs/include/nav2_msgs/msg
[3.800s] -- Up-to-date: /home/agilex/limo_ros2_ws/install/nav2_msgs/include/nav2_msgs/msg/detail
[3.800s] -- Up-to-date: /home/agilex/limo_ros2_ws/install/nav2_msgs/include/nav2_msgs/msg/detail/costmap__rosidl_typesupport_introspection_cpp.hpp
[3.800s] -- Up-to-date: /home/agilex/limo_ros2_ws/install/nav2_msgs/include/nav2_msgs/msg/detail/behavior_tree_status_change__rosidl_typesupport_introspection_cpp.hpp
[3.800s] -- Up-to-date: /home/agilex/limo_ros2_ws/install/nav2_msgs/include/nav2_msgs/msg/detail/voxel_grid__rosidl_typesupport_introspection_cpp.hpp
[3.800s] -- Up-to-date: /home/agilex/limo_ros2_ws/install/nav2_msgs/include/nav2_msgs/msg/detail/costmap__type_support.cpp
[3.800s] -- Up-to-date: /home/agilex/limo_ros2_ws/install/nav2_msgs/include/nav2_msgs/msg/detail/particle__rosidl_typesupport_introspection_cpp.hpp
[3.801s] -- Up-to-date: /home/agilex/limo_ros2_ws/install/nav2_msgs/include/nav2_msgs/msg/detail/costmap_meta_data__rosidl_typesupport_introspection_cpp.hpp
[3.801s] -- Up-to-date: /home/agilex/limo_ros2_ws/install/nav2_msgs/include/nav2_msgs/msg/detail/particle_cloud__type_support.cpp
[3.802s] -- Up-to-date: /home/agilex/limo_ros2_ws/install/nav2_msgs/include/nav2_msgs/msg/detail/particle__type_support.cpp
[3.802s] -- Up-to-date: /home/agilex/limo_ros2_ws/install/nav2_msgs/include/nav2_msgs/msg/detail/behavior_tree_log__rosidl_typesupport_introspection_cpp.hpp
[3.802s] -- Up-to-date: /home/agilex/limo_ros2_ws/install/nav2_msgs/include/nav2_msgs/msg/detail/voxel_grid__type_support.cpp
[3.802s] -- Up-to-date: /home/agilex/limo_ros2_ws/install/nav2_msgs/include/nav2_msgs/msg/detail/behavior_tree_status_change__type_support.cpp
[3.802s] -- Up-to-date: /home/agilex/limo_ros2_ws/install/nav2_msgs/include/nav2_msgs/msg/detail/particle_cloud__rosidl_typesupport_introspection_cpp.hpp
[3.802s] -- Up-to-date: /home/agilex/limo_ros2_ws/install/nav2_msgs/include/nav2_msgs/msg/detail/behavior_tree_log__type_support.cpp
[3.803s] -- Up-to-date: /home/agilex/limo_ros2_ws/install/nav2_msgs/include/nav2_msgs/msg/detail/costmap_meta_data__type_support.cpp
[3.803s] -- Up-to-date: /home/agilex/limo_ros2_ws/install/nav2_msgs/include/nav2_msgs/srv
[3.803s] -- Up-to-date: /home/agilex/limo_ros2_ws/install/nav2_msgs/include/nav2_msgs/srv/detail
[3.803s] -- Up-to-date: /home/agilex/limo_ros2_ws/install/nav2_msgs/include/nav2_msgs/srv/detail/save_map__type_support.cpp
[3.804s] -- Up-to-date: /home/agilex/limo_ros2_ws/install/nav2_msgs/include/nav2_msgs/srv/detail/clear_entire_costmap__rosidl_typesupport_introspection_cpp.hpp
[3.805s] -- Up-to-date: /home/agilex/limo_ros2_ws/install/nav2_msgs/include/nav2_msgs/srv/detail/load_map__type_support.cpp
[3.806s] -- Up-to-date: /home/agilex/limo_ros2_ws/install/nav2_msgs/include/nav2_msgs/srv/detail/clear_costmap_around_robot__type_support.cpp
[3.806s] -- Up-to-date: /home/agilex/limo_ros2_ws/install/nav2_msgs/include/nav2_msgs/srv/detail/clear_costmap_except_region__type_support.cpp
[3.806s] -- Up-to-date: /home/agilex/limo_ros2_ws/install/nav2_msgs/include/nav2_msgs/srv/detail/save_map__rosidl_typesupport_introspection_cpp.hpp
[3.807s] -- Up-to-date: /home/agilex/limo_ros2_ws/install/nav2_msgs/include/nav2_msgs/srv/detail/clear_costmap_except_region__rosidl_typesupport_introspection_cpp.hpp
[3.807s] -- Up-to-date: /home/agilex/limo_ros2_ws/install/nav2_msgs/include/nav2_msgs/srv/detail/get_costmap__type_support.cpp
[3.808s] -- Up-to-date: /home/agilex/limo_ros2_ws/install/nav2_msgs/include/nav2_msgs/srv/detail/get_costmap__rosidl_typesupport_introspection_cpp.hpp
[3.808s] -- Up-to-date: /home/agilex/limo_ros2_ws/install/nav2_msgs/include/nav2_msgs/srv/detail/load_map__rosidl_typesupport_introspection_cpp.hpp
[3.808s] -- Up-to-date: /home/agilex/limo_ros2_ws/install/nav2_msgs/include/nav2_msgs/srv/detail/manage_lifecycle_nodes__rosidl_typesupport_introspection_cpp.hpp
[3.809s] -- Up-to-date: /home/agilex/limo_ros2_ws/install/nav2_msgs/include/nav2_msgs/srv/detail/clear_costmap_around_robot__rosidl_typesupport_introspection_cpp.hpp
[3.809s] -- Up-to-date: /home/agilex/limo_ros2_ws/install/nav2_msgs/include/nav2_msgs/srv/detail/manage_lifecycle_nodes__type_support.cpp
[3.809s] -- Up-to-date: /home/agilex/limo_ros2_ws/install/nav2_msgs/include/nav2_msgs/srv/detail/clear_entire_costmap__type_support.cpp
[3.810s] -- Up-to-date: /home/agilex/limo_ros2_ws/install/nav2_msgs/include/nav2_msgs/action
[3.810s] -- Up-to-date: /home/agilex/limo_ros2_ws/install/nav2_msgs/include/nav2_msgs/action/detail
[3.811s] -- Up-to-date: /home/agilex/limo_ros2_ws/install/nav2_msgs/include/nav2_msgs/action/detail/dummy_recovery__rosidl_typesupport_introspection_cpp.hpp
[3.811s] -- Up-to-date: /home/agilex/limo_ros2_ws/install/nav2_msgs/include/nav2_msgs/action/detail/follow_waypoints__rosidl_typesupport_introspection_cpp.hpp
[3.811s] -- Up-to-date: /home/agilex/limo_ros2_ws/install/nav2_msgs/include/nav2_msgs/action/detail/follow_path__type_support.cpp
[3.812s] -- Up-to-date: /home/agilex/limo_ros2_ws/install/nav2_msgs/include/nav2_msgs/action/detail/follow_waypoints__type_support.cpp
[3.812s] -- Up-to-date: /home/agilex/limo_ros2_ws/install/nav2_msgs/include/nav2_msgs/action/detail/wait__rosidl_typesupport_introspection_cpp.hpp
[3.812s] -- Up-to-date: /home/agilex/limo_ros2_ws/install/nav2_msgs/include/nav2_msgs/action/detail/navigate_to_pose__type_support.cpp
[3.812s] -- Up-to-date: /home/agilex/limo_ros2_ws/install/nav2_msgs/include/nav2_msgs/action/detail/spin__type_support.cpp
[3.813s] -- Up-to-date: /home/agilex/limo_ros2_ws/install/nav2_msgs/include/nav2_msgs/action/detail/follow_path__rosidl_typesupport_introspection_cpp.hpp
[3.813s] -- Up-to-date: /home/agilex/limo_ros2_ws/install/nav2_msgs/include/nav2_msgs/action/detail/spin__rosidl_typesupport_introspection_cpp.hpp
[3.813s] -- Up-to-date: /home/agilex/limo_ros2_ws/install/nav2_msgs/include/nav2_msgs/action/detail/compute_path_to_pose__rosidl_typesupport_introspection_cpp.hpp
[3.814s] -- Up-to-date: /home/agilex/limo_ros2_ws/install/nav2_msgs/include/nav2_msgs/action/detail/back_up__rosidl_typesupport_introspection_cpp.hpp
[3.814s] -- Up-to-date: /home/agilex/limo_ros2_ws/install/nav2_msgs/include/nav2_msgs/action/detail/wait__type_support.cpp
[3.814s] -- Up-to-date: /home/agilex/limo_ros2_ws/install/nav2_msgs/include/nav2_msgs/action/detail/compute_path_to_pose__type_support.cpp
[3.814s] -- Up-to-date: /home/agilex/limo_ros2_ws/install/nav2_msgs/include/nav2_msgs/action/detail/back_up__type_support.cpp
[3.815s] -- Up-to-date: /home/agilex/limo_ros2_ws/install/nav2_msgs/include/nav2_msgs/action/detail/navigate_to_pose__rosidl_typesupport_introspection_cpp.hpp
[3.815s] -- Up-to-date: /home/agilex/limo_ros2_ws/install/nav2_msgs/include/nav2_msgs/action/detail/dummy_recovery__type_support.cpp
[3.816s] -- Up-to-date: /home/agilex/limo_ros2_ws/install/nav2_msgs/lib/libnav2_msgs__rosidl_typesupport_introspection_cpp.so
[3.816s] -- Up-to-date: /home/agilex/limo_ros2_ws/install/nav2_msgs/lib/libnav2_msgs__rosidl_typesupport_cpp.so
[3.816s] -- Up-to-date: /home/agilex/limo_ros2_ws/install/nav2_msgs/share/nav2_msgs/environment/pythonpath.sh
[3.818s] -- Up-to-date: /home/agilex/limo_ros2_ws/install/nav2_msgs/share/nav2_msgs/environment/pythonpath.dsv
[3.819s] -- Up-to-date: /home/agilex/limo_ros2_ws/install/nav2_msgs/lib/python3.8/site-packages/nav2_msgs/__init__.py
[3.827s] -- Up-to-date: /home/agilex/limo_ros2_ws/install/nav2_msgs/lib/python3.8/site-packages/nav2_msgs/msg
[3.832s] -- Up-to-date: /home/agilex/limo_ros2_ws/install/nav2_msgs/lib/python3.8/site-packages/nav2_msgs/msg/_particle_cloud_s.c
[3.833s] -- Up-to-date: /home/agilex/limo_ros2_ws/install/nav2_msgs/lib/python3.8/site-packages/nav2_msgs/msg/_voxel_grid.py
[3.834s] -- Up-to-date: /home/agilex/limo_ros2_ws/install/nav2_msgs/lib/python3.8/site-packages/nav2_msgs/msg/_behavior_tree_log_s.c
[3.834s] -- Up-to-date: /home/agilex/limo_ros2_ws/install/nav2_msgs/lib/python3.8/site-packages/nav2_msgs/msg/_voxel_grid_s.c
[3.834s] -- Up-to-date: /home/agilex/limo_ros2_ws/install/nav2_msgs/lib/python3.8/site-packages/nav2_msgs/msg/_behavior_tree_status_change_s.c
[3.834s] -- Up-to-date: /home/agilex/limo_ros2_ws/install/nav2_msgs/lib/python3.8/site-packages/nav2_msgs/msg/_particle_s.c
[3.834s] -- Up-to-date: /home/agilex/limo_ros2_ws/install/nav2_msgs/lib/python3.8/site-packages/nav2_msgs/msg/__init__.py
[3.835s] -- Up-to-date: /home/agilex/limo_ros2_ws/install/nav2_msgs/lib/python3.8/site-packages/nav2_msgs/msg/_particle.py
[3.835s] -- Up-to-date: /home/agilex/limo_ros2_ws/install/nav2_msgs/lib/python3.8/site-packages/nav2_msgs/msg/_costmap_meta_data.py
[3.835s] -- Up-to-date: /home/agilex/limo_ros2_ws/install/nav2_msgs/lib/python3.8/site-packages/nav2_msgs/msg/_costmap_s.c
[3.835s] -- Up-to-date: /home/agilex/limo_ros2_ws/install/nav2_msgs/lib/python3.8/site-packages/nav2_msgs/msg/_particle_cloud.py
[3.835s] -- Up-to-date: /home/agilex/limo_ros2_ws/install/nav2_msgs/lib/python3.8/site-packages/nav2_msgs/msg/_costmap.py
[3.835s] -- Up-to-date: /home/agilex/limo_ros2_ws/install/nav2_msgs/lib/python3.8/site-packages/nav2_msgs/msg/_behavior_tree_status_change.py
[3.836s] -- Up-to-date: /home/agilex/limo_ros2_ws/install/nav2_msgs/lib/python3.8/site-packages/nav2_msgs/msg/_behavior_tree_log.py
[3.836s] -- Up-to-date: /home/agilex/limo_ros2_ws/install/nav2_msgs/lib/python3.8/site-packages/nav2_msgs/msg/_costmap_meta_data_s.c
[3.836s] -- Up-to-date: /home/agilex/limo_ros2_ws/install/nav2_msgs/lib/python3.8/site-packages/nav2_msgs/srv
[3.836s] -- Up-to-date: /home/agilex/limo_ros2_ws/install/nav2_msgs/lib/python3.8/site-packages/nav2_msgs/srv/_save_map_s.c
[3.836s] -- Up-to-date: /home/agilex/limo_ros2_ws/install/nav2_msgs/lib/python3.8/site-packages/nav2_msgs/srv/_clear_costmap_except_region_s.c
[3.836s] -- Up-to-date: /home/agilex/limo_ros2_ws/install/nav2_msgs/lib/python3.8/site-packages/nav2_msgs/srv/_clear_entire_costmap_s.c
[3.836s] -- Up-to-date: /home/agilex/limo_ros2_ws/install/nav2_msgs/lib/python3.8/site-packages/nav2_msgs/srv/_get_costmap_s.c
[3.838s] -- Up-to-date: /home/agilex/limo_ros2_ws/install/nav2_msgs/lib/python3.8/site-packages/nav2_msgs/srv/_clear_costmap_around_robot_s.c
[3.839s] -- Up-to-date: /home/agilex/limo_ros2_ws/install/nav2_msgs/lib/python3.8/site-packages/nav2_msgs/srv/__init__.py
[3.839s] -- Up-to-date: /home/agilex/limo_ros2_ws/install/nav2_msgs/lib/python3.8/site-packages/nav2_msgs/srv/_manage_lifecycle_nodes.py
[3.839s] -- Up-to-date: /home/agilex/limo_ros2_ws/install/nav2_msgs/lib/python3.8/site-packages/nav2_msgs/srv/_clear_entire_costmap.py
[3.840s] -- Up-to-date: /home/agilex/limo_ros2_ws/install/nav2_msgs/lib/python3.8/site-packages/nav2_msgs/srv/_clear_costmap_around_robot.py
[3.840s] -- Up-to-date: /home/agilex/limo_ros2_ws/install/nav2_msgs/lib/python3.8/site-packages/nav2_msgs/srv/_load_map.py
[3.840s] -- Up-to-date: /home/agilex/limo_ros2_ws/install/nav2_msgs/lib/python3.8/site-packages/nav2_msgs/srv/_clear_costmap_except_region.py
[3.840s] -- Up-to-date: /home/agilex/limo_ros2_ws/install/nav2_msgs/lib/python3.8/site-packages/nav2_msgs/srv/_get_costmap.py
[3.841s] -- Up-to-date: /home/agilex/limo_ros2_ws/install/nav2_msgs/lib/python3.8/site-packages/nav2_msgs/srv/_manage_lifecycle_nodes_s.c
[3.841s] -- Up-to-date: /home/agilex/limo_ros2_ws/install/nav2_msgs/lib/python3.8/site-packages/nav2_msgs/srv/_save_map.py
[3.841s] -- Up-to-date: /home/agilex/limo_ros2_ws/install/nav2_msgs/lib/python3.8/site-packages/nav2_msgs/srv/_load_map_s.c
[3.841s] -- Up-to-date: /home/agilex/limo_ros2_ws/install/nav2_msgs/lib/python3.8/site-packages/nav2_msgs/action
[3.841s] -- Up-to-date: /home/agilex/limo_ros2_ws/install/nav2_msgs/lib/python3.8/site-packages/nav2_msgs/action/_spin.py
[3.841s] -- Up-to-date: /home/agilex/limo_ros2_ws/install/nav2_msgs/lib/python3.8/site-packages/nav2_msgs/action/_follow_waypoints.py
[3.842s] -- Up-to-date: /home/agilex/limo_ros2_ws/install/nav2_msgs/lib/python3.8/site-packages/nav2_msgs/action/_wait.py
[3.842s] -- Up-to-date: /home/agilex/limo_ros2_ws/install/nav2_msgs/lib/python3.8/site-packages/nav2_msgs/action/_back_up_s.c
[3.843s] -- Up-to-date: /home/agilex/limo_ros2_ws/install/nav2_msgs/lib/python3.8/site-packages/nav2_msgs/action/_spin_s.c
[3.843s] -- Up-to-date: /home/agilex/limo_ros2_ws/install/nav2_msgs/lib/python3.8/site-packages/nav2_msgs/action/_follow_path.py
[3.844s] -- Up-to-date: /home/agilex/limo_ros2_ws/install/nav2_msgs/lib/python3.8/site-packages/nav2_msgs/action/_compute_path_to_pose_s.c
[3.844s] -- Up-to-date: /home/agilex/limo_ros2_ws/install/nav2_msgs/lib/python3.8/site-packages/nav2_msgs/action/_dummy_recovery.py
[3.844s] -- Up-to-date: /home/agilex/limo_ros2_ws/install/nav2_msgs/lib/python3.8/site-packages/nav2_msgs/action/_dummy_recovery_s.c
[3.844s] -- Up-to-date: /home/agilex/limo_ros2_ws/install/nav2_msgs/lib/python3.8/site-packages/nav2_msgs/action/_back_up.py
[3.844s] -- Up-to-date: /home/agilex/limo_ros2_ws/install/nav2_msgs/lib/python3.8/site-packages/nav2_msgs/action/_follow_waypoints_s.c
[3.845s] -- Up-to-date: /home/agilex/limo_ros2_ws/install/nav2_msgs/lib/python3.8/site-packages/nav2_msgs/action/__init__.py
[3.846s] -- Up-to-date: /home/agilex/limo_ros2_ws/install/nav2_msgs/lib/python3.8/site-packages/nav2_msgs/action/_wait_s.c
[3.847s] -- Up-to-date: /home/agilex/limo_ros2_ws/install/nav2_msgs/lib/python3.8/site-packages/nav2_msgs/action/_compute_path_to_pose.py
[3.848s] -- Up-to-date: /home/agilex/limo_ros2_ws/install/nav2_msgs/lib/python3.8/site-packages/nav2_msgs/action/_navigate_to_pose.py
[3.848s] -- Up-to-date: /home/agilex/limo_ros2_ws/install/nav2_msgs/lib/python3.8/site-packages/nav2_msgs/action/_navigate_to_pose_s.c
[3.849s] -- Up-to-date: /home/agilex/limo_ros2_ws/install/nav2_msgs/lib/python3.8/site-packages/nav2_msgs/action/_follow_path_s.c
[3.849s] -- Up-to-date: /home/agilex/limo_ros2_ws/install/nav2_msgs/lib/python3.8/site-packages/nav2_msgs/nav2_msgs_s__rosidl_typesupport_fastrtps_c.cpython-38-aarch64-linux-gnu.so
[3.849s] -- Up-to-date: /home/agilex/limo_ros2_ws/install/nav2_msgs/lib/python3.8/site-packages/nav2_msgs/nav2_msgs_s__rosidl_typesupport_introspection_c.cpython-38-aarch64-linux-gnu.so
[3.849s] -- Up-to-date: /home/agilex/limo_ros2_ws/install/nav2_msgs/lib/python3.8/site-packages/nav2_msgs/nav2_msgs_s__rosidl_typesupport_c.cpython-38-aarch64-linux-gnu.so
[3.850s] -- Up-to-date: /home/agilex/limo_ros2_ws/install/nav2_msgs/lib/libnav2_msgs__python.so
[3.850s] -- Up-to-date: /home/agilex/limo_ros2_ws/install/nav2_msgs/share/nav2_msgs/msg/Costmap.idl
[3.851s] -- Up-to-date: /home/agilex/limo_ros2_ws/install/nav2_msgs/share/nav2_msgs/msg/CostmapMetaData.idl
[3.851s] -- Up-to-date: /home/agilex/limo_ros2_ws/install/nav2_msgs/share/nav2_msgs/msg/VoxelGrid.idl
[3.851s] -- Up-to-date: /home/agilex/limo_ros2_ws/install/nav2_msgs/share/nav2_msgs/msg/BehaviorTreeStatusChange.idl
[3.851s] -- Up-to-date: /home/agilex/limo_ros2_ws/install/nav2_msgs/share/nav2_msgs/msg/BehaviorTreeLog.idl
[3.852s] -- Up-to-date: /home/agilex/limo_ros2_ws/install/nav2_msgs/share/nav2_msgs/msg/Particle.idl
[3.853s] -- Up-to-date: /home/agilex/limo_ros2_ws/install/nav2_msgs/share/nav2_msgs/msg/ParticleCloud.idl
[3.853s] -- Up-to-date: /home/agilex/limo_ros2_ws/install/nav2_msgs/share/nav2_msgs/srv/GetCostmap.idl
[3.853s] -- Up-to-date: /home/agilex/limo_ros2_ws/install/nav2_msgs/share/nav2_msgs/srv/ClearCostmapExceptRegion.idl
[3.853s] -- Up-to-date: /home/agilex/limo_ros2_ws/install/nav2_msgs/share/nav2_msgs/srv/ClearCostmapAroundRobot.idl
[3.854s] -- Up-to-date: /home/agilex/limo_ros2_ws/install/nav2_msgs/share/nav2_msgs/srv/ClearEntireCostmap.idl
[3.854s] -- Up-to-date: /home/agilex/limo_ros2_ws/install/nav2_msgs/share/nav2_msgs/srv/ManageLifecycleNodes.idl
[3.854s] -- Up-to-date: /home/agilex/limo_ros2_ws/install/nav2_msgs/share/nav2_msgs/srv/LoadMap.idl
[3.854s] -- Up-to-date: /home/agilex/limo_ros2_ws/install/nav2_msgs/share/nav2_msgs/srv/SaveMap.idl
[3.854s] -- Up-to-date: /home/agilex/limo_ros2_ws/install/nav2_msgs/share/nav2_msgs/action/BackUp.idl
[3.854s] -- Up-to-date: /home/agilex/limo_ros2_ws/install/nav2_msgs/share/nav2_msgs/action/ComputePathToPose.idl
[3.855s] -- Up-to-date: /home/agilex/limo_ros2_ws/install/nav2_msgs/share/nav2_msgs/action/FollowPath.idl
[3.856s] -- Up-to-date: /home/agilex/limo_ros2_ws/install/nav2_msgs/share/nav2_msgs/action/NavigateToPose.idl
[3.856s] -- Up-to-date: /home/agilex/limo_ros2_ws/install/nav2_msgs/share/nav2_msgs/action/Wait.idl
[3.858s] -- Up-to-date: /home/agilex/limo_ros2_ws/install/nav2_msgs/share/nav2_msgs/action/Spin.idl
[3.858s] -- Up-to-date: /home/agilex/limo_ros2_ws/install/nav2_msgs/share/nav2_msgs/action/DummyRecovery.idl
[3.859s] -- Up-to-date: /home/agilex/limo_ros2_ws/install/nav2_msgs/share/nav2_msgs/action/FollowWaypoints.idl
[3.859s] -- Up-to-date: /home/agilex/limo_ros2_ws/install/nav2_msgs/share/nav2_msgs/msg/Costmap.msg
[3.860s] -- Up-to-date: /home/agilex/limo_ros2_ws/install/nav2_msgs/share/nav2_msgs/msg/CostmapMetaData.msg
[3.860s] -- Up-to-date: /home/agilex/limo_ros2_ws/install/nav2_msgs/share/nav2_msgs/msg/VoxelGrid.msg
[3.861s] -- Up-to-date: /home/agilex/limo_ros2_ws/install/nav2_msgs/share/nav2_msgs/msg/BehaviorTreeStatusChange.msg
[3.861s] -- Up-to-date: /home/agilex/limo_ros2_ws/install/nav2_msgs/share/nav2_msgs/msg/BehaviorTreeLog.msg
[3.862s] -- Up-to-date: /home/agilex/limo_ros2_ws/install/nav2_msgs/share/nav2_msgs/msg/Particle.msg
[3.862s] -- Up-to-date: /home/agilex/limo_ros2_ws/install/nav2_msgs/share/nav2_msgs/msg/ParticleCloud.msg
[3.862s] -- Up-to-date: /home/agilex/limo_ros2_ws/install/nav2_msgs/share/nav2_msgs/srv/GetCostmap.srv
[3.862s] -- Up-to-date: /home/agilex/limo_ros2_ws/install/nav2_msgs/share/nav2_msgs/srv/GetCostmap_Request.msg
[3.862s] -- Up-to-date: /home/agilex/limo_ros2_ws/install/nav2_msgs/share/nav2_msgs/srv/GetCostmap_Response.msg
[3.862s] -- Up-to-date: /home/agilex/limo_ros2_ws/install/nav2_msgs/share/nav2_msgs/srv/ClearCostmapExceptRegion.srv
[3.862s] -- Up-to-date: /home/agilex/limo_ros2_ws/install/nav2_msgs/share/nav2_msgs/srv/ClearCostmapExceptRegion_Request.msg
[3.862s] -- Up-to-date: /home/agilex/limo_ros2_ws/install/nav2_msgs/share/nav2_msgs/srv/ClearCostmapExceptRegion_Response.msg
[3.863s] -- Up-to-date: /home/agilex/limo_ros2_ws/install/nav2_msgs/share/nav2_msgs/srv/ClearCostmapAroundRobot.srv
[3.863s] -- Up-to-date: /home/agilex/limo_ros2_ws/install/nav2_msgs/share/nav2_msgs/srv/ClearCostmapAroundRobot_Request.msg
[3.863s] -- Up-to-date: /home/agilex/limo_ros2_ws/install/nav2_msgs/share/nav2_msgs/srv/ClearCostmapAroundRobot_Response.msg
[3.863s] -- Up-to-date: /home/agilex/limo_ros2_ws/install/nav2_msgs/share/nav2_msgs/srv/ClearEntireCostmap.srv
[3.863s] -- Up-to-date: /home/agilex/limo_ros2_ws/install/nav2_msgs/share/nav2_msgs/srv/ClearEntireCostmap_Request.msg
[3.863s] -- Up-to-date: /home/agilex/limo_ros2_ws/install/nav2_msgs/share/nav2_msgs/srv/ClearEntireCostmap_Response.msg
[3.863s] -- Up-to-date: /home/agilex/limo_ros2_ws/install/nav2_msgs/share/nav2_msgs/srv/ManageLifecycleNodes.srv
[3.863s] -- Up-to-date: /home/agilex/limo_ros2_ws/install/nav2_msgs/share/nav2_msgs/srv/ManageLifecycleNodes_Request.msg
[3.864s] -- Up-to-date: /home/agilex/limo_ros2_ws/install/nav2_msgs/share/nav2_msgs/srv/ManageLifecycleNodes_Response.msg
[3.864s] -- Up-to-date: /home/agilex/limo_ros2_ws/install/nav2_msgs/share/nav2_msgs/srv/LoadMap.srv
[3.864s] -- Up-to-date: /home/agilex/limo_ros2_ws/install/nav2_msgs/share/nav2_msgs/srv/LoadMap_Request.msg
[3.864s] -- Up-to-date: /home/agilex/limo_ros2_ws/install/nav2_msgs/share/nav2_msgs/srv/LoadMap_Response.msg
[3.864s] -- Up-to-date: /home/agilex/limo_ros2_ws/install/nav2_msgs/share/nav2_msgs/srv/SaveMap.srv
[3.864s] -- Up-to-date: /home/agilex/limo_ros2_ws/install/nav2_msgs/share/nav2_msgs/srv/SaveMap_Request.msg
[3.864s] -- Up-to-date: /home/agilex/limo_ros2_ws/install/nav2_msgs/share/nav2_msgs/srv/SaveMap_Response.msg
[3.864s] -- Up-to-date: /home/agilex/limo_ros2_ws/install/nav2_msgs/share/nav2_msgs/action/BackUp.action
[3.864s] -- Up-to-date: /home/agilex/limo_ros2_ws/install/nav2_msgs/share/nav2_msgs/action/ComputePathToPose.action
[3.865s] -- Up-to-date: /home/agilex/limo_ros2_ws/install/nav2_msgs/share/nav2_msgs/action/FollowPath.action
[3.865s] -- Up-to-date: /home/agilex/limo_ros2_ws/install/nav2_msgs/share/nav2_msgs/action/NavigateToPose.action
[3.865s] -- Up-to-date: /home/agilex/limo_ros2_ws/install/nav2_msgs/share/nav2_msgs/action/Wait.action
[3.865s] -- Up-to-date: /home/agilex/limo_ros2_ws/install/nav2_msgs/share/nav2_msgs/action/Spin.action
[3.865s] -- Up-to-date: /home/agilex/limo_ros2_ws/install/nav2_msgs/share/nav2_msgs/action/DummyRecovery.action
[3.865s] -- Up-to-date: /home/agilex/limo_ros2_ws/install/nav2_msgs/share/nav2_msgs/action/FollowWaypoints.action
[3.865s] -- Up-to-date: /home/agilex/limo_ros2_ws/install/nav2_msgs/share/ament_index/resource_index/package_run_dependencies/nav2_msgs
[3.865s] -- Up-to-date: /home/agilex/limo_ros2_ws/install/nav2_msgs/share/ament_index/resource_index/parent_prefix_path/nav2_msgs
[3.866s] -- Up-to-date: /home/agilex/limo_ros2_ws/install/nav2_msgs/share/nav2_msgs/environment/ament_prefix_path.sh
[3.866s] -- Up-to-date: /home/agilex/limo_ros2_ws/install/nav2_msgs/share/nav2_msgs/environment/ament_prefix_path.dsv
[3.866s] -- Up-to-date: /home/agilex/limo_ros2_ws/install/nav2_msgs/share/nav2_msgs/environment/path.sh
[3.866s] -- Up-to-date: /home/agilex/limo_ros2_ws/install/nav2_msgs/share/nav2_msgs/environment/path.dsv
[3.866s] -- Up-to-date: /home/agilex/limo_ros2_ws/install/nav2_msgs/share/nav2_msgs/local_setup.bash
[3.866s] -- Up-to-date: /home/agilex/limo_ros2_ws/install/nav2_msgs/share/nav2_msgs/local_setup.sh
[3.866s] -- Up-to-date: /home/agilex/limo_ros2_ws/install/nav2_msgs/share/nav2_msgs/local_setup.zsh
[3.866s] -- Up-to-date: /home/agilex/limo_ros2_ws/install/nav2_msgs/share/nav2_msgs/local_setup.dsv
[3.866s] -- Installing: /home/agilex/limo_ros2_ws/install/nav2_msgs/share/nav2_msgs/package.dsv
[3.867s] -- Up-to-date: /home/agilex/limo_ros2_ws/install/nav2_msgs/share/ament_index/resource_index/packages/nav2_msgs
[3.867s] -- Up-to-date: /home/agilex/limo_ros2_ws/install/nav2_msgs/share/nav2_msgs/cmake/nav2_msgs__rosidl_generator_cExport.cmake
[3.867s] -- Up-to-date: /home/agilex/limo_ros2_ws/install/nav2_msgs/share/nav2_msgs/cmake/nav2_msgs__rosidl_generator_cExport-release.cmake
[3.867s] -- Up-to-date: /home/agilex/limo_ros2_ws/install/nav2_msgs/share/nav2_msgs/cmake/nav2_msgs__rosidl_typesupport_introspection_cExport.cmake
[3.867s] -- Up-to-date: /home/agilex/limo_ros2_ws/install/nav2_msgs/share/nav2_msgs/cmake/nav2_msgs__rosidl_typesupport_introspection_cExport-release.cmake
[3.867s] -- Up-to-date: /home/agilex/limo_ros2_ws/install/nav2_msgs/share/nav2_msgs/cmake/nav2_msgs__rosidl_typesupport_cExport.cmake
[3.867s] -- Up-to-date: /home/agilex/limo_ros2_ws/install/nav2_msgs/share/nav2_msgs/cmake/nav2_msgs__rosidl_typesupport_cExport-release.cmake
[3.867s] -- Up-to-date: /home/agilex/limo_ros2_ws/install/nav2_msgs/share/nav2_msgs/cmake/nav2_msgs__rosidl_generator_cppExport.cmake
[3.868s] -- Up-to-date: /home/agilex/limo_ros2_ws/install/nav2_msgs/share/nav2_msgs/cmake/nav2_msgs__rosidl_typesupport_introspection_cppExport.cmake
[3.868s] -- Up-to-date: /home/agilex/limo_ros2_ws/install/nav2_msgs/share/nav2_msgs/cmake/nav2_msgs__rosidl_typesupport_introspection_cppExport-release.cmake
[3.868s] -- Up-to-date: /home/agilex/limo_ros2_ws/install/nav2_msgs/share/nav2_msgs/cmake/nav2_msgs__rosidl_typesupport_cppExport.cmake
[3.868s] -- Up-to-date: /home/agilex/limo_ros2_ws/install/nav2_msgs/share/nav2_msgs/cmake/nav2_msgs__rosidl_typesupport_cppExport-release.cmake
[3.868s] -- Up-to-date: /home/agilex/limo_ros2_ws/install/nav2_msgs/share/nav2_msgs/cmake/rosidl_cmake-extras.cmake
[3.868s] -- Up-to-date: /home/agilex/limo_ros2_ws/install/nav2_msgs/share/nav2_msgs/cmake/ament_cmake_export_dependencies-extras.cmake
[3.868s] -- Up-to-date: /home/agilex/limo_ros2_ws/install/nav2_msgs/share/nav2_msgs/cmake/ament_cmake_export_libraries-extras.cmake
[3.868s] -- Up-to-date: /home/agilex/limo_ros2_ws/install/nav2_msgs/share/nav2_msgs/cmake/ament_cmake_export_targets-extras.cmake
[3.868s] -- Up-to-date: /home/agilex/limo_ros2_ws/install/nav2_msgs/share/nav2_msgs/cmake/ament_cmake_export_include_directories-extras.cmake
[3.869s] -- Up-to-date: /home/agilex/limo_ros2_ws/install/nav2_msgs/share/nav2_msgs/cmake/rosidl_cmake_export_typesupport_libraries-extras.cmake
[3.869s] -- Up-to-date: /home/agilex/limo_ros2_ws/install/nav2_msgs/share/nav2_msgs/cmake/rosidl_cmake_export_typesupport_targets-extras.cmake
[3.869s] -- Up-to-date: /home/agilex/limo_ros2_ws/install/nav2_msgs/share/nav2_msgs/cmake/nav2_msgsConfig.cmake
[3.869s] -- Up-to-date: /home/agilex/limo_ros2_ws/install/nav2_msgs/share/nav2_msgs/cmake/nav2_msgsConfig-version.cmake
[3.869s] -- Up-to-date: /home/agilex/limo_ros2_ws/install/nav2_msgs/share/nav2_msgs/package.xml
[3.869s] Invoked command in '/home/agilex/limo_ros2_ws/build/nav2_msgs' returned '0': CMAKE_PREFIX_PATH=/home/agilex/limo_ros2_ws/install/nav2_common:/home/agilex/limo_ros2_ws/install/ydlidar_sdk:/home/agilex/limo_ros2_ws/install/ydlidar_ros2_driver:/home/agilex/limo_ros2_ws/install/teb_local_planner:/home/agilex/limo_ros2_ws/install/teb_msgs:/home/agilex/limo_ros2_ws/install/nav2_system_tests:/home/agilex/limo_ros2_ws/install/nav2_bringup:/home/agilex/limo_ros2_ws/install/navigation2:/home/agilex/limo_ros2_ws/install/smac_planner:/home/agilex/limo_ros2_ws/install/rf2o_laser_odometry:/home/agilex/limo_ros2_ws/install/orbbec_description:/home/agilex/limo_ros2_ws/install/orbbec_camera:/home/agilex/limo_ros2_ws/install/orbbec_camera_msgs:/home/agilex/limo_ros2_ws/install/nav2_dwb_controller:/home/agilex/limo_ros2_ws/install/nav2_controller:/home/agilex/limo_ros2_ws/install/dwb_plugins:/home/agilex/limo_ros2_ws/install/dwb_critics:/home/agilex/limo_ros2_ws/install/dwb_core:/home/agilex/limo_ros2_ws/install/nav_2d_utils:/home/agilex/limo_ros2_ws/install/dwb_msgs:/home/agilex/limo_ros2_ws/install/nav_2d_msgs:/home/agilex/limo_ros2_ws/install/nav2_waypoint_follower:/home/agilex/limo_ros2_ws/install/nav2_regulated_pure_pursuit_controller:/home/agilex/limo_ros2_ws/install/nav2_recoveries:/home/agilex/limo_ros2_ws/install/nav2_planner:/home/agilex/limo_ros2_ws/install/nav2_navfn_planner:/home/agilex/limo_ros2_ws/install/nav2_core:/home/agilex/limo_ros2_ws/install/costmap_queue:/home/agilex/limo_ros2_ws/install/costmap_converter:/home/agilex/limo_ros2_ws/install/nav2_costmap_2d:/home/agilex/limo_ros2_ws/install/nav2_voxel_grid:/home/agilex/limo_ros2_ws/install/nav2_rviz_plugins:/home/agilex/limo_ros2_ws/install/nav2_map_server:/home/agilex/limo_ros2_ws/install/nav2_lifecycle_manager:/home/agilex/limo_ros2_ws/install/nav2_bt_navigator:/home/agilex/limo_ros2_ws/install/nav2_behavior_tree:/home/agilex/limo_ros2_ws/install/nav2_amcl:/home/agilex/limo_ros2_ws/install/nav2_util:/home/agilex/limo_ros2_ws/install/nav2_msgs:/home/agilex/limo_ros2_ws/install/magic_enum:/home/agilex/limo_ros2_ws/install/limo_visions:/home/agilex/limo_ros2_ws/install/limo_bringup:/home/agilex/limo_ros2_ws/install/limo_base:/home/agilex/limo_ros2_ws/install/limo_msgs:/home/agilex/limo_ros2_ws/install/limo_description:/home/agilex/limo_ros2_ws/install/libuvc:/home/agilex/limo_ros2_ws/install/glog:/home/agilex/limo_ros2_ws/install/costmap_converter_msgs:/home/agilex/limo_ros2_ws/install/astra_camera:/home/agilex/limo_ros2_ws/install/astra_camera_msgs:/home/agilex/limo_ros2_ws/install/nav2_gazebo_spawner:/opt/ros/foxy PYTHONPATH=/home/agilex/limo_ros2_ws/install/nav2_common/lib/python3.8/site-packages:/home/agilex/limo_ros2_ws/install/teb_msgs/lib/python3.8/site-packages:/home/agilex/limo_ros2_ws/install/orbbec_camera_msgs/lib/python3.8/site-packages:/home/agilex/limo_ros2_ws/install/dwb_msgs/lib/python3.8/site-packages:/home/agilex/limo_ros2_ws/install/nav_2d_msgs/lib/python3.8/site-packages:/home/agilex/limo_ros2_ws/install/nav2_msgs/lib/python3.8/site-packages:/home/agilex/limo_ros2_ws/install/nav2_gazebo_spawner/lib/python3.8/site-packages:/home/agilex/limo_ros2_ws/install/limo_msgs/lib/python3.8/site-packages:/home/agilex/limo_ros2_ws/install/costmap_converter_msgs/lib/python3.8/site-packages:/home/agilex/limo_ros2_ws/install/astra_camera_msgs/lib/python3.8/site-packages:/opt/ros/foxy/lib/python3.8/site-packages /usr/bin/cmake --install /home/agilex/limo_ros2_ws/build/nav2_msgs
