[0.113s] Invoking command in '/home/agilex/limo_ros2_ws/build/limo_msgs': CMAKE_PREFIX_PATH=${CMAKE_PREFIX_PATH}:/home/agilex/limo_ros2_ws/install/nav2_gazebo_spawner:/opt/ros/foxy /usr/bin/cmake /home/agilex/limo_ros2_ws/src/limo_ros2/limo_msgs -DCMAKE_INSTALL_PREFIX=/home/agilex/limo_ros2_ws/install/limo_msgs
[0.174s] -- Found ament_cmake: 0.9.12 (/opt/ros/foxy/share/ament_cmake/cmake)
[0.230s] -- Found PythonInterp: /usr/bin/python3 (found suitable version "3.8.10", minimum required is "3") 
[0.231s] -- Using PYTHON_EXECUTABLE: /usr/bin/python3
[0.680s] -- Found std_msgs: 2.0.5 (/opt/ros/foxy/share/std_msgs/cmake)
[0.732s] -- Using all available rosidl_typesupport_c: rosidl_typesupport_fastrtps_c;rosidl_typesupport_introspection_c
[0.739s] -- Found rosidl_adapter: 1.3.1 (/opt/ros/foxy/share/rosidl_adapter/cmake)
[1.054s] -- Using all available rosidl_typesupport_cpp: rosidl_typesupport_fastrtps_cpp;rosidl_typesupport_introspection_cpp
[1.133s] -- Found rosidl_default_generators: 1.0.1 (/opt/ros/foxy/share/rosidl_default_generators/cmake)
[1.213s] -- Found PythonInterp: /usr/bin/python3 (found version "3.8.10") 
[1.573s] -- Found ament_cmake_ros: 0.9.2 (/opt/ros/foxy/share/ament_cmake_ros/cmake)
[2.028s] -- Using all available rosidl_typesupport_c: rosidl_typesupport_fastrtps_c;rosidl_typesupport_introspection_c
[2.168s] -- Using all available rosidl_typesupport_cpp: rosidl_typesupport_fastrtps_cpp;rosidl_typesupport_introspection_cpp
[2.234s] -- Found PythonInterp: /usr/bin/python3 (found suitable version "3.8.10", minimum required is "3.5") 
[2.236s] -- Found python_cmake_module: 0.8.1 (/opt/ros/foxy/share/python_cmake_module/cmake)
[2.292s] -- Using PYTHON_EXECUTABLE: /usr/bin/python3
[2.292s] -- Using PYTHON_INCLUDE_DIRS: /usr/include/python3.8
[2.292s] -- Using PYTHON_LIBRARIES: /usr/lib/aarch64-linux-gnu/libpython3.8.so
[2.402s] -- Found ament_lint_auto: 0.9.8 (/opt/ros/foxy/share/ament_lint_auto/cmake)
[2.427s] -- Added test 'copyright' to check source files copyright and LICENSE
[2.430s] -- Added test 'lint_cmake' to check CMake code style
[2.431s] -- Added test 'xmllint' to check XML markup files
[2.441s] -- Configuring done
[2.569s] -- Generating done
[2.577s] -- Build files have been written to: /home/agilex/limo_ros2_ws/build/limo_msgs
[2.605s] Invoked command in '/home/agilex/limo_ros2_ws/build/limo_msgs' returned '0': CMAKE_PREFIX_PATH=${CMAKE_PREFIX_PATH}:/home/agilex/limo_ros2_ws/install/nav2_gazebo_spawner:/opt/ros/foxy /usr/bin/cmake /home/agilex/limo_ros2_ws/src/limo_ros2/limo_msgs -DCMAKE_INSTALL_PREFIX=/home/agilex/limo_ros2_ws/install/limo_msgs
[2.614s] Invoking command in '/home/agilex/limo_ros2_ws/build/limo_msgs': CMAKE_PREFIX_PATH=${CMAKE_PREFIX_PATH}:/home/agilex/limo_ros2_ws/install/nav2_gazebo_spawner:/opt/ros/foxy /usr/bin/cmake --build /home/agilex/limo_ros2_ws/build/limo_msgs -- -j6 -l6
[2.804s] [  3%] Built target limo_msgs__cpp
[2.830s] [ 12%] Built target limo_msgs__rosidl_generator_c
[2.926s] [ 22%] Built target limo_msgs__rosidl_typesupport_introspection_cpp
[2.956s] [ 32%] Built target limo_msgs__rosidl_typesupport_fastrtps_cpp
[2.971s] [ 41%] Built target limo_msgs__rosidl_typesupport_cpp
[2.980s] [ 51%] Built target limo_msgs__rosidl_typesupport_c
[2.989s] [ 61%] Built target limo_msgs__rosidl_typesupport_introspection_c
[3.058s] [ 70%] Built target limo_msgs__rosidl_typesupport_fastrtps_c
[3.120s] [ 70%] Built target limo_msgs
[3.202s] [ 74%] Built target limo_msgs__py
[3.381s] [ 80%] Built target limo_msgs__python
[3.532s] [ 87%] Built target limo_msgs__rosidl_typesupport_fastrtps_c__pyext
[3.575s] [ 93%] Built target limo_msgs__rosidl_typesupport_introspection_c__pyext
[3.596s] [100%] Built target limo_msgs__rosidl_typesupport_c__pyext
[3.637s] Invoked command in '/home/agilex/limo_ros2_ws/build/limo_msgs' returned '0': CMAKE_PREFIX_PATH=${CMAKE_PREFIX_PATH}:/home/agilex/limo_ros2_ws/install/nav2_gazebo_spawner:/opt/ros/foxy /usr/bin/cmake --build /home/agilex/limo_ros2_ws/build/limo_msgs -- -j6 -l6
[3.865s] Invoking command in '/home/agilex/limo_ros2_ws/build/limo_msgs': CMAKE_PREFIX_PATH=${CMAKE_PREFIX_PATH}:/home/agilex/limo_ros2_ws/install/nav2_gazebo_spawner:/opt/ros/foxy /usr/bin/cmake --install /home/agilex/limo_ros2_ws/build/limo_msgs
[3.988s] -- Install configuration: "Release"
[3.988s] -- Up-to-date: /home/agilex/limo_ros2_ws/install/limo_msgs/share/ament_index/resource_index/rosidl_interfaces/limo_msgs
[3.988s] -- Up-to-date: /home/agilex/limo_ros2_ws/install/limo_msgs/include/limo_msgs
[3.988s] -- Up-to-date: /home/agilex/limo_ros2_ws/install/limo_msgs/include/limo_msgs/msg
[3.989s] -- Up-to-date: /home/agilex/limo_ros2_ws/install/limo_msgs/include/limo_msgs/msg/rosidl_generator_c__visibility_control.h
[3.989s] -- Up-to-date: /home/agilex/limo_ros2_ws/install/limo_msgs/include/limo_msgs/msg/limo_status.h
[3.989s] -- Up-to-date: /home/agilex/limo_ros2_ws/install/limo_msgs/include/limo_msgs/msg/detail
[3.989s] -- Up-to-date: /home/agilex/limo_ros2_ws/install/limo_msgs/include/limo_msgs/msg/detail/limo_status__functions.h
[3.989s] -- Up-to-date: /home/agilex/limo_ros2_ws/install/limo_msgs/include/limo_msgs/msg/detail/limo_status__type_support.h
[3.989s] -- Up-to-date: /home/agilex/limo_ros2_ws/install/limo_msgs/include/limo_msgs/msg/detail/limo_status__functions.c
[3.989s] -- Up-to-date: /home/agilex/limo_ros2_ws/install/limo_msgs/include/limo_msgs/msg/detail/limo_status__struct.h
[3.990s] -- Up-to-date: /home/agilex/limo_ros2_ws/install/limo_msgs/share/limo_msgs/environment/library_path.sh
[3.990s] -- Installing: /home/agilex/limo_ros2_ws/install/limo_msgs/share/limo_msgs/environment/library_path.dsv
[3.990s] -- Up-to-date: /home/agilex/limo_ros2_ws/install/limo_msgs/lib/liblimo_msgs__rosidl_generator_c.so
[3.990s] -- Up-to-date: /home/agilex/limo_ros2_ws/install/limo_msgs/include/limo_msgs
[3.990s] -- Up-to-date: /home/agilex/limo_ros2_ws/install/limo_msgs/include/limo_msgs/msg
[3.990s] -- Up-to-date: /home/agilex/limo_ros2_ws/install/limo_msgs/include/limo_msgs/msg/rosidl_typesupport_fastrtps_c__visibility_control.h
[3.990s] -- Up-to-date: /home/agilex/limo_ros2_ws/install/limo_msgs/include/limo_msgs/msg/detail
[3.991s] -- Up-to-date: /home/agilex/limo_ros2_ws/install/limo_msgs/include/limo_msgs/msg/detail/limo_status__rosidl_typesupport_fastrtps_c.h
[3.991s] -- Up-to-date: /home/agilex/limo_ros2_ws/install/limo_msgs/lib/liblimo_msgs__rosidl_typesupport_fastrtps_c.so
[3.991s] -- Up-to-date: /home/agilex/limo_ros2_ws/install/limo_msgs/include/limo_msgs
[3.991s] -- Up-to-date: /home/agilex/limo_ros2_ws/install/limo_msgs/include/limo_msgs/msg
[3.991s] -- Up-to-date: /home/agilex/limo_ros2_ws/install/limo_msgs/include/limo_msgs/msg/rosidl_typesupport_fastrtps_cpp__visibility_control.h
[3.991s] -- Up-to-date: /home/agilex/limo_ros2_ws/install/limo_msgs/include/limo_msgs/msg/detail
[3.991s] -- Up-to-date: /home/agilex/limo_ros2_ws/install/limo_msgs/include/limo_msgs/msg/detail/limo_status__rosidl_typesupport_fastrtps_cpp.hpp
[3.991s] -- Up-to-date: /home/agilex/limo_ros2_ws/install/limo_msgs/include/limo_msgs/msg/detail/dds_fastrtps
[3.992s] -- Up-to-date: /home/agilex/limo_ros2_ws/install/limo_msgs/lib/liblimo_msgs__rosidl_typesupport_fastrtps_cpp.so
[3.992s] -- Up-to-date: /home/agilex/limo_ros2_ws/install/limo_msgs/include/limo_msgs
[3.992s] -- Up-to-date: /home/agilex/limo_ros2_ws/install/limo_msgs/include/limo_msgs/msg
[3.992s] -- Up-to-date: /home/agilex/limo_ros2_ws/install/limo_msgs/include/limo_msgs/msg/rosidl_typesupport_introspection_c__visibility_control.h
[3.992s] -- Up-to-date: /home/agilex/limo_ros2_ws/install/limo_msgs/include/limo_msgs/msg/detail
[3.992s] -- Up-to-date: /home/agilex/limo_ros2_ws/install/limo_msgs/include/limo_msgs/msg/detail/limo_status__type_support.c
[3.992s] -- Up-to-date: /home/agilex/limo_ros2_ws/install/limo_msgs/include/limo_msgs/msg/detail/limo_status__rosidl_typesupport_introspection_c.h
[3.992s] -- Up-to-date: /home/agilex/limo_ros2_ws/install/limo_msgs/lib/liblimo_msgs__rosidl_typesupport_introspection_c.so
[3.993s] -- Up-to-date: /home/agilex/limo_ros2_ws/install/limo_msgs/lib/liblimo_msgs__rosidl_typesupport_c.so
[3.993s] -- Up-to-date: /home/agilex/limo_ros2_ws/install/limo_msgs/include/limo_msgs
[3.993s] -- Up-to-date: /home/agilex/limo_ros2_ws/install/limo_msgs/include/limo_msgs/msg
[3.993s] -- Up-to-date: /home/agilex/limo_ros2_ws/install/limo_msgs/include/limo_msgs/msg/rosidl_generator_cpp__visibility_control.hpp
[3.993s] -- Up-to-date: /home/agilex/limo_ros2_ws/install/limo_msgs/include/limo_msgs/msg/limo_status.hpp
[3.993s] -- Up-to-date: /home/agilex/limo_ros2_ws/install/limo_msgs/include/limo_msgs/msg/detail
[4.001s] -- Up-to-date: /home/agilex/limo_ros2_ws/install/limo_msgs/include/limo_msgs/msg/detail/limo_status__struct.hpp
[4.001s] -- Up-to-date: /home/agilex/limo_ros2_ws/install/limo_msgs/include/limo_msgs/msg/detail/limo_status__type_support.hpp
[4.001s] -- Up-to-date: /home/agilex/limo_ros2_ws/install/limo_msgs/include/limo_msgs/msg/detail/limo_status__builder.hpp
[4.001s] -- Up-to-date: /home/agilex/limo_ros2_ws/install/limo_msgs/include/limo_msgs/msg/detail/limo_status__traits.hpp
[4.001s] -- Up-to-date: /home/agilex/limo_ros2_ws/install/limo_msgs/include/limo_msgs
[4.001s] -- Up-to-date: /home/agilex/limo_ros2_ws/install/limo_msgs/include/limo_msgs/msg
[4.002s] -- Up-to-date: /home/agilex/limo_ros2_ws/install/limo_msgs/include/limo_msgs/msg/detail
[4.002s] -- Up-to-date: /home/agilex/limo_ros2_ws/install/limo_msgs/include/limo_msgs/msg/detail/limo_status__rosidl_typesupport_introspection_cpp.hpp
[4.002s] -- Up-to-date: /home/agilex/limo_ros2_ws/install/limo_msgs/include/limo_msgs/msg/detail/limo_status__type_support.cpp
[4.002s] -- Up-to-date: /home/agilex/limo_ros2_ws/install/limo_msgs/lib/liblimo_msgs__rosidl_typesupport_introspection_cpp.so
[4.002s] -- Up-to-date: /home/agilex/limo_ros2_ws/install/limo_msgs/lib/liblimo_msgs__rosidl_typesupport_cpp.so
[4.002s] -- Up-to-date: /home/agilex/limo_ros2_ws/install/limo_msgs/share/limo_msgs/environment/pythonpath.sh
[4.002s] -- Installing: /home/agilex/limo_ros2_ws/install/limo_msgs/share/limo_msgs/environment/pythonpath.dsv
[4.003s] -- Installing: /home/agilex/limo_ros2_ws/install/limo_msgs/lib/python3.8/site-packages/limo_msgs/__init__.py
[4.056s] Compiling '/home/agilex/limo_ros2_ws/install/limo_msgs/lib/python3.8/site-packages/limo_msgs/__init__.py'...
[4.081s] -- Up-to-date: /home/agilex/limo_ros2_ws/install/limo_msgs/lib/python3.8/site-packages/limo_msgs/msg
[4.081s] -- Up-to-date: /home/agilex/limo_ros2_ws/install/limo_msgs/lib/python3.8/site-packages/limo_msgs/msg/__init__.py
[4.082s] -- Up-to-date: /home/agilex/limo_ros2_ws/install/limo_msgs/lib/python3.8/site-packages/limo_msgs/msg/_limo_status_s.c
[4.082s] -- Up-to-date: /home/agilex/limo_ros2_ws/install/limo_msgs/lib/python3.8/site-packages/limo_msgs/msg/_limo_status.py
[4.083s] -- Up-to-date: /home/agilex/limo_ros2_ws/install/limo_msgs/lib/python3.8/site-packages/limo_msgs/limo_msgs_s__rosidl_typesupport_fastrtps_c.cpython-38-aarch64-linux-gnu.so
[4.085s] -- Up-to-date: /home/agilex/limo_ros2_ws/install/limo_msgs/lib/python3.8/site-packages/limo_msgs/limo_msgs_s__rosidl_typesupport_introspection_c.cpython-38-aarch64-linux-gnu.so
[4.086s] -- Up-to-date: /home/agilex/limo_ros2_ws/install/limo_msgs/lib/python3.8/site-packages/limo_msgs/limo_msgs_s__rosidl_typesupport_c.cpython-38-aarch64-linux-gnu.so
[4.087s] -- Up-to-date: /home/agilex/limo_ros2_ws/install/limo_msgs/lib/liblimo_msgs__python.so
[4.087s] -- Up-to-date: /home/agilex/limo_ros2_ws/install/limo_msgs/share/limo_msgs/msg/LimoStatus.idl
[4.088s] -- Up-to-date: /home/agilex/limo_ros2_ws/install/limo_msgs/share/limo_msgs/msg/LimoStatus.msg
[4.088s] -- Up-to-date: /home/agilex/limo_ros2_ws/install/limo_msgs/share/ament_index/resource_index/package_run_dependencies/limo_msgs
[4.088s] -- Up-to-date: /home/agilex/limo_ros2_ws/install/limo_msgs/share/ament_index/resource_index/parent_prefix_path/limo_msgs
[4.088s] -- Up-to-date: /home/agilex/limo_ros2_ws/install/limo_msgs/share/limo_msgs/environment/ament_prefix_path.sh
[4.088s] -- Installing: /home/agilex/limo_ros2_ws/install/limo_msgs/share/limo_msgs/environment/ament_prefix_path.dsv
[4.089s] -- Up-to-date: /home/agilex/limo_ros2_ws/install/limo_msgs/share/limo_msgs/environment/path.sh
[4.089s] -- Installing: /home/agilex/limo_ros2_ws/install/limo_msgs/share/limo_msgs/environment/path.dsv
[4.090s] -- Up-to-date: /home/agilex/limo_ros2_ws/install/limo_msgs/share/limo_msgs/local_setup.bash
[4.090s] -- Up-to-date: /home/agilex/limo_ros2_ws/install/limo_msgs/share/limo_msgs/local_setup.sh
[4.090s] -- Up-to-date: /home/agilex/limo_ros2_ws/install/limo_msgs/share/limo_msgs/local_setup.zsh
[4.090s] -- Installing: /home/agilex/limo_ros2_ws/install/limo_msgs/share/limo_msgs/local_setup.dsv
[4.091s] -- Installing: /home/agilex/limo_ros2_ws/install/limo_msgs/share/limo_msgs/package.dsv
[4.092s] -- Up-to-date: /home/agilex/limo_ros2_ws/install/limo_msgs/share/ament_index/resource_index/packages/limo_msgs
[4.094s] -- Up-to-date: /home/agilex/limo_ros2_ws/install/limo_msgs/share/limo_msgs/cmake/limo_msgs__rosidl_generator_cExport.cmake
[4.094s] -- Installing: /home/agilex/limo_ros2_ws/install/limo_msgs/share/limo_msgs/cmake/limo_msgs__rosidl_generator_cExport-release.cmake
[4.098s] -- Up-to-date: /home/agilex/limo_ros2_ws/install/limo_msgs/share/limo_msgs/cmake/limo_msgs__rosidl_typesupport_introspection_cExport.cmake
[4.099s] -- Installing: /home/agilex/limo_ros2_ws/install/limo_msgs/share/limo_msgs/cmake/limo_msgs__rosidl_typesupport_introspection_cExport-release.cmake
[4.103s] -- Up-to-date: /home/agilex/limo_ros2_ws/install/limo_msgs/share/limo_msgs/cmake/limo_msgs__rosidl_typesupport_cExport.cmake
[4.103s] -- Installing: /home/agilex/limo_ros2_ws/install/limo_msgs/share/limo_msgs/cmake/limo_msgs__rosidl_typesupport_cExport-release.cmake
[4.104s] -- Up-to-date: /home/agilex/limo_ros2_ws/install/limo_msgs/share/limo_msgs/cmake/limo_msgs__rosidl_generator_cppExport.cmake
[4.105s] -- Up-to-date: /home/agilex/limo_ros2_ws/install/limo_msgs/share/limo_msgs/cmake/limo_msgs__rosidl_typesupport_introspection_cppExport.cmake
[4.105s] -- Installing: /home/agilex/limo_ros2_ws/install/limo_msgs/share/limo_msgs/cmake/limo_msgs__rosidl_typesupport_introspection_cppExport-release.cmake
[4.105s] -- Up-to-date: /home/agilex/limo_ros2_ws/install/limo_msgs/share/limo_msgs/cmake/limo_msgs__rosidl_typesupport_cppExport.cmake
[4.106s] -- Installing: /home/agilex/limo_ros2_ws/install/limo_msgs/share/limo_msgs/cmake/limo_msgs__rosidl_typesupport_cppExport-release.cmake
[4.106s] -- Up-to-date: /home/agilex/limo_ros2_ws/install/limo_msgs/share/limo_msgs/cmake/rosidl_cmake-extras.cmake
[4.106s] -- Up-to-date: /home/agilex/limo_ros2_ws/install/limo_msgs/share/limo_msgs/cmake/ament_cmake_export_dependencies-extras.cmake
[4.106s] -- Up-to-date: /home/agilex/limo_ros2_ws/install/limo_msgs/share/limo_msgs/cmake/ament_cmake_export_libraries-extras.cmake
[4.107s] -- Up-to-date: /home/agilex/limo_ros2_ws/install/limo_msgs/share/limo_msgs/cmake/ament_cmake_export_targets-extras.cmake
[4.107s] -- Up-to-date: /home/agilex/limo_ros2_ws/install/limo_msgs/share/limo_msgs/cmake/ament_cmake_export_include_directories-extras.cmake
[4.107s] -- Up-to-date: /home/agilex/limo_ros2_ws/install/limo_msgs/share/limo_msgs/cmake/rosidl_cmake_export_typesupport_libraries-extras.cmake
[4.107s] -- Up-to-date: /home/agilex/limo_ros2_ws/install/limo_msgs/share/limo_msgs/cmake/rosidl_cmake_export_typesupport_targets-extras.cmake
[4.107s] -- Up-to-date: /home/agilex/limo_ros2_ws/install/limo_msgs/share/limo_msgs/cmake/limo_msgsConfig.cmake
[4.107s] -- Up-to-date: /home/agilex/limo_ros2_ws/install/limo_msgs/share/limo_msgs/cmake/limo_msgsConfig-version.cmake
[4.108s] -- Up-to-date: /home/agilex/limo_ros2_ws/install/limo_msgs/share/limo_msgs/package.xml
[4.117s] Invoked command in '/home/agilex/limo_ros2_ws/build/limo_msgs' returned '0': CMAKE_PREFIX_PATH=${CMAKE_PREFIX_PATH}:/home/agilex/limo_ros2_ws/install/nav2_gazebo_spawner:/opt/ros/foxy /usr/bin/cmake --install /home/agilex/limo_ros2_ws/build/limo_msgs
