-- The C compiler identification is GNU 9.4.0
-- The CXX compiler identification is GNU 9.4.0
-- Check for working C compiler: /usr/bin/cc
-- Check for working C compiler: /usr/bin/cc -- works
-- Detecting C compiler ABI info
-- Detecting C compiler ABI info - done
-- Detecting C compile features
-- Detecting C compile features - done
-- Check for working CXX compiler: /usr/bin/c++
-- Check for working CXX compiler: /usr/bin/c++ -- works
-- Detecting CXX compiler ABI info
-- Detecting CXX compiler ABI info - done
-- Detecting CXX compile features
-- Detecting CXX compile features - done
-- Found ament_cmake: 0.9.12 (/opt/ros/foxy/share/ament_cmake/cmake)
-- Found PythonInterp: /usr/bin/python3 (found suitable version "3.8.10", minimum required is "3") 
-- Using PYTHON_EXECUTABLE: /usr/bin/python3
-- Found rclcpp: 2.4.3 (/opt/ros/foxy/share/rclcpp/cmake)
-- Using all available rosidl_typesupport_c: rosidl_typesupport_fastrtps_c;rosidl_typesupport_introspection_c
-- Found rosidl_adapter: 1.3.1 (/opt/ros/foxy/share/rosidl_adapter/cmake)
-- Found OpenSSL: /usr/lib/aarch64-linux-gnu/libcrypto.so (found version "1.1.1f")  
-- Found FastRTPS: /opt/ros/foxy/include  
-- Using all available rosidl_typesupport_cpp: rosidl_typesupport_fastrtps_cpp;rosidl_typesupport_introspection_cpp
-- Found rmw_implementation_cmake: 1.0.4 (/opt/ros/foxy/share/rmw_implementation_cmake/cmake)
-- Using RMW implementation 'rmw_fastrtps_cpp' as default
-- Looking for pthread.h
-- Looking for pthread.h - found
-- Performing Test CMAKE_HAVE_LIBC_PTHREAD
-- Performing Test CMAKE_HAVE_LIBC_PTHREAD - Failed
-- Looking for pthread_create in pthreads
-- Looking for pthread_create in pthreads - not found
-- Looking for pthread_create in pthread
-- Looking for pthread_create in pthread - found
-- Found Threads: TRUE  
-- Found geometry_msgs: 2.0.5 (/opt/ros/foxy/share/geometry_msgs/cmake)
-- Found nav_msgs: 2.0.5 (/opt/ros/foxy/share/nav_msgs/cmake)
-- Found sensor_msgs: 2.0.5 (/opt/ros/foxy/share/sensor_msgs/cmake)
-- Found tf2: 0.13.14 (/opt/ros/foxy/share/tf2/cmake)
-- Found tf2_ros: 0.13.14 (/opt/ros/foxy/share/tf2_ros/cmake)
-- Found limo_msgs: 0.0.0 (/home/agilex/limo_ros2_ws/src/install/limo_msgs/share/limo_msgs/cmake)
-- Configuring done
-- Generating done
-- Build files have been written to: /home/agilex/limo_ros2_ws/src/build/limo_base
[35m[1mScanning dependencies of target limo_base[0m
[ 25%] [32mBuilding CXX object CMakeFiles/limo_base.dir/src/limo_base_node.cpp.o[0m
[ 50%] [32mBuilding CXX object CMakeFiles/limo_base.dir/src/serial_port.cpp.o[0m
[ 75%] [32mBuilding CXX object CMakeFiles/limo_base.dir/src/limo_driver.cpp.o[0m
[01m[K/home/agilex/limo_ros2_ws/src/limo_ros2/limo_base/src/limo_driver.cpp:[m[K In member function ‘[01m[Kvoid AgileX::LimoDriver::parseFrame(const AgileX::LimoFrame&)[m[K’:
[01m[K/home/agilex/limo_ros2_ws/src/limo_ros2/limo_base/src/limo_driver.cpp:303:21:[m[K [01;35m[Kwarning: [m[Kunused variable ‘[01m[Kleft_wheel_odom[m[K’ [[01;35m[K-Wunused-variable[m[K]
  303 |             int32_t [01;35m[Kleft_wheel_odom[m[K = (frame.data[3] & 0xff) | (frame.data[2] << 8) |
      |                     [01;35m[K^~~~~~~~~~~~~~~[m[K
[01m[K/home/agilex/limo_ros2_ws/src/limo_ros2/limo_base/src/limo_driver.cpp:305:21:[m[K [01;35m[Kwarning: [m[Kunused variable ‘[01m[Kright_wheel_odom[m[K’ [[01;35m[K-Wunused-variable[m[K]
  305 |             int32_t [01;35m[Kright_wheel_odom[m[K = (frame.data[7] & 0xff) | (frame.data[6] << 8) |
      |                     [01;35m[K^~~~~~~~~~~~~~~~[m[K
[01m[K/home/agilex/limo_ros2_ws/src/limo_ros2/limo_base/src/limo_driver.cpp:[m[K In member function ‘[01m[Kvoid AgileX::LimoDriver::publishIMUData(double)[m[K’:
[01m[K/home/agilex/limo_ros2_ws/src/limo_ros2/limo_base/src/limo_driver.cpp:493:16:[m[K [01;35m[Kwarning: [m[Kunused variable ‘[01m[Kpresent_theta_[m[K’ [[01;35m[K-Wunused-variable[m[K]
  493 |         double [01;35m[Kpresent_theta_[m[K =imu_data_.yaw;
      |                [01;35m[K^~~~~~~~~~~~~~[m[K
[01m[K/home/agilex/limo_ros2_ws/src/limo_ros2/limo_base/src/limo_driver.cpp:494:16:[m[K [01;35m[Kwarning: [m[Kunused variable ‘[01m[Klast_theta_[m[K’ [[01;35m[K-Wunused-variable[m[K]
  494 |         double [01;35m[Klast_theta_[m[K = imu_data_.yaw;
      |                [01;35m[K^~~~~~~~~~~[m[K
[100%] [32m[1mLinking CXX executable limo_base[0m
[100%] Built target limo_base
-- Install configuration: ""
-- Installing: /home/agilex/limo_ros2_ws/src/install/limo_base/include
-- Installing: /home/agilex/limo_ros2_ws/src/install/limo_base/include/limo_base
-- Installing: /home/agilex/limo_ros2_ws/src/install/limo_base/include/limo_base/serial_port.h
-- Installing: /home/agilex/limo_ros2_ws/src/install/limo_base/include/limo_base/limo_protocol.h
-- Installing: /home/agilex/limo_ros2_ws/src/install/limo_base/include/limo_base/limo_driver.h
-- Installing: /home/agilex/limo_ros2_ws/src/install/limo_base/lib/limo_base/limo_base
-- Set runtime path of "/home/agilex/limo_ros2_ws/src/install/limo_base/lib/limo_base/limo_base" to ""
-- Installing: /home/agilex/limo_ros2_ws/src/install/limo_base/share/limo_base//launch
-- Installing: /home/agilex/limo_ros2_ws/src/install/limo_base/share/limo_base//launch/limo_base.launch.py
-- Installing: /home/agilex/limo_ros2_ws/src/install/limo_base/share/limo_base//launch/open_ydlidar_launch.py
-- Installing: /home/agilex/limo_ros2_ws/src/install/limo_base/share/ament_index/resource_index/package_run_dependencies/limo_base
-- Installing: /home/agilex/limo_ros2_ws/src/install/limo_base/share/ament_index/resource_index/parent_prefix_path/limo_base
-- Installing: /home/agilex/limo_ros2_ws/src/install/limo_base/share/limo_base/environment/ament_prefix_path.sh
-- Installing: /home/agilex/limo_ros2_ws/src/install/limo_base/share/limo_base/environment/ament_prefix_path.dsv
-- Installing: /home/agilex/limo_ros2_ws/src/install/limo_base/share/limo_base/environment/path.sh
-- Installing: /home/agilex/limo_ros2_ws/src/install/limo_base/share/limo_base/environment/path.dsv
-- Installing: /home/agilex/limo_ros2_ws/src/install/limo_base/share/limo_base/local_setup.bash
-- Installing: /home/agilex/limo_ros2_ws/src/install/limo_base/share/limo_base/local_setup.sh
-- Installing: /home/agilex/limo_ros2_ws/src/install/limo_base/share/limo_base/local_setup.zsh
-- Installing: /home/agilex/limo_ros2_ws/src/install/limo_base/share/limo_base/local_setup.dsv
-- Installing: /home/agilex/limo_ros2_ws/src/install/limo_base/share/limo_base/package.dsv
-- Installing: /home/agilex/limo_ros2_ws/src/install/limo_base/share/ament_index/resource_index/packages/limo_base
-- Installing: /home/agilex/limo_ros2_ws/src/install/limo_base/share/limo_base/cmake/ament_cmake_export_include_directories-extras.cmake
-- Installing: /home/agilex/limo_ros2_ws/src/install/limo_base/share/limo_base/cmake/limo_baseConfig.cmake
-- Installing: /home/agilex/limo_ros2_ws/src/install/limo_base/share/limo_base/cmake/limo_baseConfig-version.cmake
-- Installing: /home/agilex/limo_ros2_ws/src/install/limo_base/share/limo_base/package.xml
