[0.312s] Invoking command in '/home/agilex/limo_ros2_ws/src/build/nav2_costmap_2d': AMENT_PREFIX_PATH=/home/agilex/limo_ros2_ws/src/install/nav2_map_server:/home/agilex/limo_ros2_ws/src/install/nav2_lifecycle_manager:/home/agilex/limo_ros2_ws/src/install/nav2_util:/home/agilex/limo_ros2_ws/src/install/nav2_voxel_grid:/home/agilex/limo_ros2_ws/src/install/nav2_msgs:/home/agilex/limo_ros2_ws/src/install/nav2_common:${AMENT_PREFIX_PATH} CMAKE_PREFIX_PATH=/home/agilex/limo_ros2_ws/src/install/nav2_map_server:/home/agilex/limo_ros2_ws/src/install/nav2_lifecycle_manager:/home/agilex/limo_ros2_ws/src/install/nav2_util:/home/agilex/limo_ros2_ws/src/install/nav2_voxel_grid:/home/agilex/limo_ros2_ws/src/install/nav2_msgs:/home/agilex/limo_ros2_ws/src/install/nav2_common:/home/agilex/limo_ros2_ws/install/ydlidar_sdk:/home/agilex/limo_ros2_ws/install/ydlidar_ros2_driver:/home/agilex/limo_ros2_ws/install/teb_local_planner:/home/agilex/limo_ros2_ws/install/teb_msgs:/home/agilex/limo_ros2_ws/install/nav2_system_tests:/home/agilex/limo_ros2_ws/install/nav2_bringup:/home/agilex/limo_ros2_ws/install/navigation2:/home/agilex/limo_ros2_ws/install/smac_planner:/home/agilex/limo_ros2_ws/install/rf2o_laser_odometry:/home/agilex/limo_ros2_ws/install/orbbec_description:/home/agilex/limo_ros2_ws/install/orbbec_camera:/home/agilex/limo_ros2_ws/install/orbbec_camera_msgs:/home/agilex/limo_ros2_ws/install/nav2_dwb_controller:/home/agilex/limo_ros2_ws/install/nav2_controller:/home/agilex/limo_ros2_ws/install/dwb_plugins:/home/agilex/limo_ros2_ws/install/dwb_critics:/home/agilex/limo_ros2_ws/install/dwb_core:/home/agilex/limo_ros2_ws/install/nav_2d_utils:/home/agilex/limo_ros2_ws/install/dwb_msgs:/home/agilex/limo_ros2_ws/install/nav_2d_msgs:/home/agilex/limo_ros2_ws/install/nav2_waypoint_follower:/home/agilex/limo_ros2_ws/install/nav2_regulated_pure_pursuit_controller:/home/agilex/limo_ros2_ws/install/nav2_recoveries:/home/agilex/limo_ros2_ws/install/nav2_planner:/home/agilex/limo_ros2_ws/install/nav2_navfn_planner:/home/agilex/limo_ros2_ws/install/nav2_core:/home/agilex/limo_ros2_ws/install/costmap_queue:/home/agilex/limo_ros2_ws/install/costmap_converter:/home/agilex/limo_ros2_ws/install/nav2_costmap_2d:/home/agilex/limo_ros2_ws/install/nav2_voxel_grid:/home/agilex/limo_ros2_ws/install/nav2_rviz_plugins:/home/agilex/limo_ros2_ws/install/nav2_map_server:/home/agilex/limo_ros2_ws/install/nav2_lifecycle_manager:/home/agilex/limo_ros2_ws/install/nav2_bt_navigator:/home/agilex/limo_ros2_ws/install/nav2_behavior_tree:/home/agilex/limo_ros2_ws/install/nav2_amcl:/home/agilex/limo_ros2_ws/install/nav2_util:/home/agilex/limo_ros2_ws/install/nav2_msgs:/home/agilex/limo_ros2_ws/install/nav2_common:/home/agilex/limo_ros2_ws/install/magic_enum:/home/agilex/limo_ros2_ws/install/limo_visions:/home/agilex/limo_ros2_ws/install/limo_bringup:/home/agilex/limo_ros2_ws/install/limo_base:/home/agilex/limo_ros2_ws/install/limo_msgs:/home/agilex/limo_ros2_ws/install/limo_description:/home/agilex/limo_ros2_ws/install/libuvc:/home/agilex/limo_ros2_ws/install/glog:/home/agilex/limo_ros2_ws/install/costmap_converter_msgs:/home/agilex/limo_ros2_ws/install/astra_camera:/home/agilex/limo_ros2_ws/install/astra_camera_msgs:/home/agilex/limo_ros2_ws/install/nav2_gazebo_spawner:/opt/ros/foxy LD_LIBRARY_PATH=/home/agilex/limo_ros2_ws/src/install/nav2_map_server/lib:/home/agilex/limo_ros2_ws/src/install/nav2_lifecycle_manager/lib:/home/agilex/limo_ros2_ws/src/install/nav2_util/lib:/home/agilex/limo_ros2_ws/src/install/nav2_voxel_grid/lib:/home/agilex/limo_ros2_ws/src/install/nav2_msgs/lib:${LD_LIBRARY_PATH} PYTHONPATH=/home/agilex/limo_ros2_ws/src/install/nav2_msgs/lib/python3.8/site-packages:/home/agilex/limo_ros2_ws/src/install/nav2_common/lib/python3.8/site-packages:${PYTHONPATH} /usr/bin/cmake /home/agilex/limo_ros2_ws/src/navigation2/nav2_costmap_2d -DCMAKE_INSTALL_PREFIX=/home/agilex/limo_ros2_ws/src/install/nav2_costmap_2d
[0.670s] -- The C compiler identification is GNU 9.4.0
[0.897s] -- The CXX compiler identification is GNU 9.4.0
[0.944s] -- Check for working C compiler: /usr/bin/cc
[1.495s] -- Check for working C compiler: /usr/bin/cc -- works
[1.495s] -- Detecting C compiler ABI info
[1.720s] -- Detecting C compiler ABI info - done
[1.737s] -- Detecting C compile features
[1.737s] -- Detecting C compile features - done
[1.743s] -- Check for working CXX compiler: /usr/bin/c++
[2.235s] -- Check for working CXX compiler: /usr/bin/c++ -- works
[2.236s] -- Detecting CXX compiler ABI info
[2.720s] -- Detecting CXX compiler ABI info - done
[2.753s] -- Detecting CXX compile features
[2.754s] -- Detecting CXX compile features - done
[2.796s] -- Found ament_cmake: 0.9.12 (/opt/ros/foxy/share/ament_cmake/cmake)
[2.959s] -- Found PythonInterp: /usr/bin/python3 (found suitable version "3.8.10", minimum required is "3") 
[2.960s] -- Using PYTHON_EXECUTABLE: /usr/bin/python3
[3.620s] -- Found geometry_msgs: 2.0.5 (/opt/ros/foxy/share/geometry_msgs/cmake)
[3.802s] -- Using all available rosidl_typesupport_c: rosidl_typesupport_fastrtps_c;rosidl_typesupport_introspection_c
[3.849s] -- Found rosidl_adapter: 1.3.1 (/opt/ros/foxy/share/rosidl_adapter/cmake)
[4.222s] -- Found OpenSSL: /usr/lib/aarch64-linux-gnu/libcrypto.so (found version "1.1.1f")  
[4.319s] -- Found FastRTPS: /opt/ros/foxy/include  
[4.584s] -- Using all available rosidl_typesupport_cpp: rosidl_typesupport_fastrtps_cpp;rosidl_typesupport_introspection_cpp
[4.803s] -- Found laser_geometry: 2.2.0 (/opt/ros/foxy/share/laser_geometry/cmake)
[4.854s] -- Found map_msgs: 2.0.2 (/opt/ros/foxy/share/map_msgs/cmake)
[5.549s] -- Found message_filters: 3.2.7 (/opt/ros/foxy/share/message_filters/cmake)
[5.554s] -- Found nav2_common: 0.4.7 (/home/agilex/limo_ros2_ws/src/install/nav2_common/share/nav2_common/cmake)
[5.557s] -- Found nav2_msgs: 0.4.7 (/home/agilex/limo_ros2_ws/src/install/nav2_msgs/share/nav2_msgs/cmake)
[6.155s] -- Found nav2_util: 0.4.7 (/home/agilex/limo_ros2_ws/src/install/nav2_util/share/nav2_util/cmake)
[6.425s] -- Found rmw_implementation_cmake: 1.0.4 (/opt/ros/foxy/share/rmw_implementation_cmake/cmake)
[6.434s] -- Using RMW implementation 'rmw_fastrtps_cpp' as default
[6.437s] -- Looking for pthread.h
[6.703s] -- Looking for pthread.h - found
[6.703s] -- Performing Test CMAKE_HAVE_LIBC_PTHREAD
[6.923s] -- Performing Test CMAKE_HAVE_LIBC_PTHREAD - Failed
[6.924s] -- Looking for pthread_create in pthreads
[7.137s] -- Looking for pthread_create in pthreads - not found
[7.138s] -- Looking for pthread_create in pthread
[7.367s] -- Looking for pthread_create in pthread - found
[7.367s] -- Found Threads: TRUE  
[8.390s] -- Found Eigen3: TRUE (found version "3.3.7") 
[8.733s] -- Found nav2_voxel_grid: 0.4.7 (/home/agilex/limo_ros2_ws/src/install/nav2_voxel_grid/share/nav2_voxel_grid/cmake)
[8.757s] -- Found pluginlib: 2.5.4 (/opt/ros/foxy/share/pluginlib/cmake)
[8.842s] -- Found tf2_sensor_msgs: 0.13.14 (/opt/ros/foxy/share/tf2_sensor_msgs/cmake)
[8.898s] -- Found visualization_msgs: 2.0.5 (/opt/ros/foxy/share/visualization_msgs/cmake)
[9.077s] -- Found angles: 1.12.6 (/opt/ros/foxy/share/angles/cmake)
[9.083s] -- Setting build type to Release as none was specified.
[10.779s] -- Found ament_lint_auto: 0.9.8 (/opt/ros/foxy/share/ament_lint_auto/cmake)
[11.579s] -- Found gtest sources under '/opt/ros/foxy/src/gtest_vendor': C++ tests using 'Google Test' will be built
[11.585s] -- Check if compiler accepts -pthread
[11.793s] -- Check if compiler accepts -pthread - yes
[11.806s] -- Found gtest sources under '/opt/ros/foxy/src/gtest_vendor': C++ tests using 'Google Test' will be built
[13.407s] -- Added test 'cppcheck' to perform static code analysis on C / C++ code
[13.408s] -- Configured cppcheck include dirs: /home/agilex/limo_ros2_ws/src/navigation2/nav2_costmap_2d/include
[13.408s] -- Configured cppcheck exclude dirs and/or files: 
[13.412s] -- Added test 'flake8' to check Python code syntax and style conventions
[13.416s] -- Added test 'lint_cmake' to check CMake code style
[13.419s] -- Added test 'pep257' to check Python code against some of the style conventions in PEP 257
[13.427s] -- Added test 'uncrustify' to check C / C++ code style
[13.427s] -- Configured uncrustify additional arguments: 
[13.430s] -- Added test 'xmllint' to check XML markup files
[13.452s] -- Configuring done
[14.390s] -- Generating done
[14.398s] -- Build files have been written to: /home/agilex/limo_ros2_ws/src/build/nav2_costmap_2d
[14.454s] Invoked command in '/home/agilex/limo_ros2_ws/src/build/nav2_costmap_2d' returned '0': AMENT_PREFIX_PATH=/home/agilex/limo_ros2_ws/src/install/nav2_map_server:/home/agilex/limo_ros2_ws/src/install/nav2_lifecycle_manager:/home/agilex/limo_ros2_ws/src/install/nav2_util:/home/agilex/limo_ros2_ws/src/install/nav2_voxel_grid:/home/agilex/limo_ros2_ws/src/install/nav2_msgs:/home/agilex/limo_ros2_ws/src/install/nav2_common:${AMENT_PREFIX_PATH} CMAKE_PREFIX_PATH=/home/agilex/limo_ros2_ws/src/install/nav2_map_server:/home/agilex/limo_ros2_ws/src/install/nav2_lifecycle_manager:/home/agilex/limo_ros2_ws/src/install/nav2_util:/home/agilex/limo_ros2_ws/src/install/nav2_voxel_grid:/home/agilex/limo_ros2_ws/src/install/nav2_msgs:/home/agilex/limo_ros2_ws/src/install/nav2_common:/home/agilex/limo_ros2_ws/install/ydlidar_sdk:/home/agilex/limo_ros2_ws/install/ydlidar_ros2_driver:/home/agilex/limo_ros2_ws/install/teb_local_planner:/home/agilex/limo_ros2_ws/install/teb_msgs:/home/agilex/limo_ros2_ws/install/nav2_system_tests:/home/agilex/limo_ros2_ws/install/nav2_bringup:/home/agilex/limo_ros2_ws/install/navigation2:/home/agilex/limo_ros2_ws/install/smac_planner:/home/agilex/limo_ros2_ws/install/rf2o_laser_odometry:/home/agilex/limo_ros2_ws/install/orbbec_description:/home/agilex/limo_ros2_ws/install/orbbec_camera:/home/agilex/limo_ros2_ws/install/orbbec_camera_msgs:/home/agilex/limo_ros2_ws/install/nav2_dwb_controller:/home/agilex/limo_ros2_ws/install/nav2_controller:/home/agilex/limo_ros2_ws/install/dwb_plugins:/home/agilex/limo_ros2_ws/install/dwb_critics:/home/agilex/limo_ros2_ws/install/dwb_core:/home/agilex/limo_ros2_ws/install/nav_2d_utils:/home/agilex/limo_ros2_ws/install/dwb_msgs:/home/agilex/limo_ros2_ws/install/nav_2d_msgs:/home/agilex/limo_ros2_ws/install/nav2_waypoint_follower:/home/agilex/limo_ros2_ws/install/nav2_regulated_pure_pursuit_controller:/home/agilex/limo_ros2_ws/install/nav2_recoveries:/home/agilex/limo_ros2_ws/install/nav2_planner:/home/agilex/limo_ros2_ws/install/nav2_navfn_planner:/home/agilex/limo_ros2_ws/install/nav2_core:/home/agilex/limo_ros2_ws/install/costmap_queue:/home/agilex/limo_ros2_ws/install/costmap_converter:/home/agilex/limo_ros2_ws/install/nav2_costmap_2d:/home/agilex/limo_ros2_ws/install/nav2_voxel_grid:/home/agilex/limo_ros2_ws/install/nav2_rviz_plugins:/home/agilex/limo_ros2_ws/install/nav2_map_server:/home/agilex/limo_ros2_ws/install/nav2_lifecycle_manager:/home/agilex/limo_ros2_ws/install/nav2_bt_navigator:/home/agilex/limo_ros2_ws/install/nav2_behavior_tree:/home/agilex/limo_ros2_ws/install/nav2_amcl:/home/agilex/limo_ros2_ws/install/nav2_util:/home/agilex/limo_ros2_ws/install/nav2_msgs:/home/agilex/limo_ros2_ws/install/nav2_common:/home/agilex/limo_ros2_ws/install/magic_enum:/home/agilex/limo_ros2_ws/install/limo_visions:/home/agilex/limo_ros2_ws/install/limo_bringup:/home/agilex/limo_ros2_ws/install/limo_base:/home/agilex/limo_ros2_ws/install/limo_msgs:/home/agilex/limo_ros2_ws/install/limo_description:/home/agilex/limo_ros2_ws/install/libuvc:/home/agilex/limo_ros2_ws/install/glog:/home/agilex/limo_ros2_ws/install/costmap_converter_msgs:/home/agilex/limo_ros2_ws/install/astra_camera:/home/agilex/limo_ros2_ws/install/astra_camera_msgs:/home/agilex/limo_ros2_ws/install/nav2_gazebo_spawner:/opt/ros/foxy LD_LIBRARY_PATH=/home/agilex/limo_ros2_ws/src/install/nav2_map_server/lib:/home/agilex/limo_ros2_ws/src/install/nav2_lifecycle_manager/lib:/home/agilex/limo_ros2_ws/src/install/nav2_util/lib:/home/agilex/limo_ros2_ws/src/install/nav2_voxel_grid/lib:/home/agilex/limo_ros2_ws/src/install/nav2_msgs/lib:${LD_LIBRARY_PATH} PYTHONPATH=/home/agilex/limo_ros2_ws/src/install/nav2_msgs/lib/python3.8/site-packages:/home/agilex/limo_ros2_ws/src/install/nav2_common/lib/python3.8/site-packages:${PYTHONPATH} /usr/bin/cmake /home/agilex/limo_ros2_ws/src/navigation2/nav2_costmap_2d -DCMAKE_INSTALL_PREFIX=/home/agilex/limo_ros2_ws/src/install/nav2_costmap_2d
[14.456s] Invoking command in '/home/agilex/limo_ros2_ws/src/build/nav2_costmap_2d': AMENT_PREFIX_PATH=/home/agilex/limo_ros2_ws/src/install/nav2_map_server:/home/agilex/limo_ros2_ws/src/install/nav2_lifecycle_manager:/home/agilex/limo_ros2_ws/src/install/nav2_util:/home/agilex/limo_ros2_ws/src/install/nav2_voxel_grid:/home/agilex/limo_ros2_ws/src/install/nav2_msgs:/home/agilex/limo_ros2_ws/src/install/nav2_common:${AMENT_PREFIX_PATH} CMAKE_PREFIX_PATH=/home/agilex/limo_ros2_ws/src/install/nav2_map_server:/home/agilex/limo_ros2_ws/src/install/nav2_lifecycle_manager:/home/agilex/limo_ros2_ws/src/install/nav2_util:/home/agilex/limo_ros2_ws/src/install/nav2_voxel_grid:/home/agilex/limo_ros2_ws/src/install/nav2_msgs:/home/agilex/limo_ros2_ws/src/install/nav2_common:/home/agilex/limo_ros2_ws/install/ydlidar_sdk:/home/agilex/limo_ros2_ws/install/ydlidar_ros2_driver:/home/agilex/limo_ros2_ws/install/teb_local_planner:/home/agilex/limo_ros2_ws/install/teb_msgs:/home/agilex/limo_ros2_ws/install/nav2_system_tests:/home/agilex/limo_ros2_ws/install/nav2_bringup:/home/agilex/limo_ros2_ws/install/navigation2:/home/agilex/limo_ros2_ws/install/smac_planner:/home/agilex/limo_ros2_ws/install/rf2o_laser_odometry:/home/agilex/limo_ros2_ws/install/orbbec_description:/home/agilex/limo_ros2_ws/install/orbbec_camera:/home/agilex/limo_ros2_ws/install/orbbec_camera_msgs:/home/agilex/limo_ros2_ws/install/nav2_dwb_controller:/home/agilex/limo_ros2_ws/install/nav2_controller:/home/agilex/limo_ros2_ws/install/dwb_plugins:/home/agilex/limo_ros2_ws/install/dwb_critics:/home/agilex/limo_ros2_ws/install/dwb_core:/home/agilex/limo_ros2_ws/install/nav_2d_utils:/home/agilex/limo_ros2_ws/install/dwb_msgs:/home/agilex/limo_ros2_ws/install/nav_2d_msgs:/home/agilex/limo_ros2_ws/install/nav2_waypoint_follower:/home/agilex/limo_ros2_ws/install/nav2_regulated_pure_pursuit_controller:/home/agilex/limo_ros2_ws/install/nav2_recoveries:/home/agilex/limo_ros2_ws/install/nav2_planner:/home/agilex/limo_ros2_ws/install/nav2_navfn_planner:/home/agilex/limo_ros2_ws/install/nav2_core:/home/agilex/limo_ros2_ws/install/costmap_queue:/home/agilex/limo_ros2_ws/install/costmap_converter:/home/agilex/limo_ros2_ws/install/nav2_costmap_2d:/home/agilex/limo_ros2_ws/install/nav2_voxel_grid:/home/agilex/limo_ros2_ws/install/nav2_rviz_plugins:/home/agilex/limo_ros2_ws/install/nav2_map_server:/home/agilex/limo_ros2_ws/install/nav2_lifecycle_manager:/home/agilex/limo_ros2_ws/install/nav2_bt_navigator:/home/agilex/limo_ros2_ws/install/nav2_behavior_tree:/home/agilex/limo_ros2_ws/install/nav2_amcl:/home/agilex/limo_ros2_ws/install/nav2_util:/home/agilex/limo_ros2_ws/install/nav2_msgs:/home/agilex/limo_ros2_ws/install/nav2_common:/home/agilex/limo_ros2_ws/install/magic_enum:/home/agilex/limo_ros2_ws/install/limo_visions:/home/agilex/limo_ros2_ws/install/limo_bringup:/home/agilex/limo_ros2_ws/install/limo_base:/home/agilex/limo_ros2_ws/install/limo_msgs:/home/agilex/limo_ros2_ws/install/limo_description:/home/agilex/limo_ros2_ws/install/libuvc:/home/agilex/limo_ros2_ws/install/glog:/home/agilex/limo_ros2_ws/install/costmap_converter_msgs:/home/agilex/limo_ros2_ws/install/astra_camera:/home/agilex/limo_ros2_ws/install/astra_camera_msgs:/home/agilex/limo_ros2_ws/install/nav2_gazebo_spawner:/opt/ros/foxy LD_LIBRARY_PATH=/home/agilex/limo_ros2_ws/src/install/nav2_map_server/lib:/home/agilex/limo_ros2_ws/src/install/nav2_lifecycle_manager/lib:/home/agilex/limo_ros2_ws/src/install/nav2_util/lib:/home/agilex/limo_ros2_ws/src/install/nav2_voxel_grid/lib:/home/agilex/limo_ros2_ws/src/install/nav2_msgs/lib:${LD_LIBRARY_PATH} PYTHONPATH=/home/agilex/limo_ros2_ws/src/install/nav2_msgs/lib/python3.8/site-packages:/home/agilex/limo_ros2_ws/src/install/nav2_common/lib/python3.8/site-packages:${PYTHONPATH} /usr/bin/cmake --build /home/agilex/limo_ros2_ws/src/build/nav2_costmap_2d -- -j6 -l6
[14.605s] [35m[1mScanning dependencies of target gtest[0m
[14.606s] [35m[1mScanning dependencies of target nav2_costmap_2d_core[0m
[14.666s] [  2%] [32mBuilding CXX object gtest/CMakeFiles/gtest.dir/src/gtest-all.cc.o[0m
[14.994s] [  4%] [32mBuilding CXX object CMakeFiles/nav2_costmap_2d_core.dir/src/array_parser.cpp.o[0m
[15.007s] [  6%] [32mBuilding CXX object CMakeFiles/nav2_costmap_2d_core.dir/src/costmap_2d.cpp.o[0m
[16.127s] [  8%] [32mBuilding CXX object CMakeFiles/nav2_costmap_2d_core.dir/src/layered_costmap.cpp.o[0m
[16.496s] [ 10%] [32mBuilding CXX object CMakeFiles/nav2_costmap_2d_core.dir/src/layer.cpp.o[0m
[17.190s] [ 12%] [32mBuilding CXX object CMakeFiles/nav2_costmap_2d_core.dir/src/costmap_2d_ros.cpp.o[0m
[36.505s] [ 14%] [32m[1mLinking CXX static library libgtest.a[0m
[36.628s] [ 14%] Built target gtest
[38.670s] [ 18%] [32mBuilding CXX object CMakeFiles/nav2_costmap_2d_core.dir/src/costmap_layer.cpp.o[0m
[38.671s] [ 18%] [32mBuilding CXX object CMakeFiles/nav2_costmap_2d_core.dir/src/footprint.cpp.o[0m
[39.710s] [ 20%] [32mBuilding CXX object CMakeFiles/nav2_costmap_2d_core.dir/src/costmap_math.cpp.o[0m
[40.565s] [ 22%] [32mBuilding CXX object CMakeFiles/nav2_costmap_2d_core.dir/src/costmap_2d_publisher.cpp.o[0m
[40.565s] [ 25%] [32mBuilding CXX object CMakeFiles/nav2_costmap_2d_core.dir/src/observation_buffer.cpp.o[0m
[44.284s] [ 27%] [32mBuilding CXX object CMakeFiles/nav2_costmap_2d_core.dir/src/clear_costmap_service.cpp.o[0m
[44.308s] [ 29%] [32mBuilding CXX object CMakeFiles/nav2_costmap_2d_core.dir/src/footprint_collision_checker.cpp.o[0m
[61.654s] [ 31%] [32m[1mLinking CXX shared library libnav2_costmap_2d_core.so[0m
[62.329s] [ 31%] Built target nav2_costmap_2d_core
[62.364s] [35m[1mScanning dependencies of target gtest_main[0m
[62.410s] [ 33%] [32mBuilding CXX object gtest/CMakeFiles/gtest_main.dir/src/gtest_main.cc.o[0m
[64.176s] [ 35%] [32m[1mLinking CXX static library libgtest_main.a[0m
[64.301s] [ 35%] Built target gtest_main
[64.343s] [35m[1mScanning dependencies of target nav2_costmap_2d_cloud[0m
[64.475s] [ 37%] [32mBuilding CXX object CMakeFiles/nav2_costmap_2d_cloud.dir/src/costmap_2d_cloud.cpp.o[0m
[83.749s] [ 39%] [32m[1mLinking CXX executable nav2_costmap_2d_cloud[0m
[84.377s] [ 39%] Built target nav2_costmap_2d_cloud
[84.461s] [35m[1mScanning dependencies of target array_parser_test[0m
[84.467s] [35m[1mScanning dependencies of target collision_footprint_test[0m
[84.560s] [ 41%] [32mBuilding CXX object test/unit/CMakeFiles/array_parser_test.dir/array_parser_test.cpp.o[0m
[84.735s] [ 43%] [32mBuilding CXX object test/unit/CMakeFiles/collision_footprint_test.dir/footprint_collision_checker_test.cpp.o[0m
[88.862s] [ 45%] [32m[1mLinking CXX executable array_parser_test[0m
[89.407s] [ 45%] Built target array_parser_test
[94.496s] [ 47%] [32m[1mLinking CXX executable collision_footprint_test[0m
[95.013s] [ 47%] Built target collision_footprint_test
[95.051s] [35m[1mScanning dependencies of target nav2_costmap_2d_markers[0m
[95.148s] [ 50%] [32mBuilding CXX object CMakeFiles/nav2_costmap_2d_markers.dir/src/costmap_2d_markers.cpp.o[0m
[115.920s] [ 52%] [32m[1mLinking CXX executable nav2_costmap_2d_markers[0m
[116.819s] [ 52%] Built target nav2_costmap_2d_markers
[116.920s] [35m[1mScanning dependencies of target nav2_costmap_2d_client[0m
[117.119s] [ 54%] [32mBuilding CXX object CMakeFiles/nav2_costmap_2d_client.dir/src/footprint_subscriber.cpp.o[0m
[133.825s] [ 56%] [32mBuilding CXX object CMakeFiles/nav2_costmap_2d_client.dir/src/costmap_topic_collision_checker.cpp.o[0m
[141.383s] [ 58%] [32mBuilding CXX object CMakeFiles/nav2_costmap_2d_client.dir/src/costmap_subscriber.cpp.o[0m
[158.020s] [ 60%] [32m[1mLinking CXX shared library libnav2_costmap_2d_client.so[0m
[158.601s] [ 60%] Built target nav2_costmap_2d_client
[158.638s] [35m[1mScanning dependencies of target layers[0m
[158.883s] [ 64%] [32mBuilding CXX object CMakeFiles/layers.dir/plugins/static_layer.cpp.o[0m
[158.883s] [ 64%] [32mBuilding CXX object CMakeFiles/layers.dir/plugins/inflation_layer.cpp.o[0m
[158.896s] [ 66%] [32mBuilding CXX object CMakeFiles/layers.dir/plugins/obstacle_layer.cpp.o[0m
[167.757s] [ 70%] [32mBuilding CXX object CMakeFiles/layers.dir/plugins/voxel_layer.cpp.o[0m
[167.757s] [ 70%] [32mBuilding CXX object CMakeFiles/layers.dir/plugins/range_sensor_layer.cpp.o[0m
[181.737s] [ 72%] [32mBuilding CXX object CMakeFiles/layers.dir/src/observation_buffer.cpp.o[0m
[196.605s] [ 75%] [32m[1mLinking CXX shared library liblayers.so[0m
[197.486s] [ 75%] Built target layers
[197.523s] [35m[1mScanning dependencies of target range_tests_exec[0m
[197.523s] [35m[1mScanning dependencies of target obstacle_tests_exec[0m
[197.524s] [35m[1mScanning dependencies of target nav2_costmap_2d[0m
[197.649s] [ 77%] [32mBuilding CXX object CMakeFiles/nav2_costmap_2d.dir/src/costmap_2d_node.cpp.o[0m
[197.715s] [ 81%] [32mBuilding CXX object test/integration/CMakeFiles/obstacle_tests_exec.dir/obstacle_tests.cpp.o[0m
[197.716s] [ 81%] [32mBuilding CXX object test/integration/CMakeFiles/range_tests_exec.dir/range_tests.cpp.o[0m
[205.134s] [ 83%] [32m[1mLinking CXX executable nav2_costmap_2d[0m
[205.659s] [ 83%] Built target nav2_costmap_2d
[205.698s] [35m[1mScanning dependencies of target inflation_tests_exec[0m
[205.702s] [35m[1mScanning dependencies of target test_collision_checker_exec[0m
[205.714s] [35m[1mScanning dependencies of target footprint_tests_exec[0m
[205.907s] [ 85%] [32mBuilding CXX object test/integration/CMakeFiles/footprint_tests_exec.dir/footprint_tests.cpp.o[0m
[205.943s] [ 87%] [32mBuilding CXX object test/integration/CMakeFiles/test_collision_checker_exec.dir/test_costmap_topic_collision_checker.cpp.o[0m
[205.944s] [ 89%] [32mBuilding CXX object test/integration/CMakeFiles/inflation_tests_exec.dir/inflation_tests.cpp.o[0m
[212.989s] [ 91%] [32m[1mLinking CXX executable obstacle_tests_exec[0m
[213.140s] [ 93%] [32m[1mLinking CXX executable range_tests_exec[0m
[214.060s] [ 95%] [32m[1mLinking CXX executable footprint_tests_exec[0m
[214.228s] [ 95%] Built target obstacle_tests_exec
[214.365s] [ 95%] Built target range_tests_exec
[214.777s] [ 95%] Built target footprint_tests_exec
[224.487s] [ 97%] [32m[1mLinking CXX executable test_collision_checker_exec[0m
[225.064s] [100%] [32m[1mLinking CXX executable inflation_tests_exec[0m
[225.343s] [100%] Built target test_collision_checker_exec
[225.812s] [100%] Built target inflation_tests_exec
[225.850s] Invoked command in '/home/agilex/limo_ros2_ws/src/build/nav2_costmap_2d' returned '0': AMENT_PREFIX_PATH=/home/agilex/limo_ros2_ws/src/install/nav2_map_server:/home/agilex/limo_ros2_ws/src/install/nav2_lifecycle_manager:/home/agilex/limo_ros2_ws/src/install/nav2_util:/home/agilex/limo_ros2_ws/src/install/nav2_voxel_grid:/home/agilex/limo_ros2_ws/src/install/nav2_msgs:/home/agilex/limo_ros2_ws/src/install/nav2_common:${AMENT_PREFIX_PATH} CMAKE_PREFIX_PATH=/home/agilex/limo_ros2_ws/src/install/nav2_map_server:/home/agilex/limo_ros2_ws/src/install/nav2_lifecycle_manager:/home/agilex/limo_ros2_ws/src/install/nav2_util:/home/agilex/limo_ros2_ws/src/install/nav2_voxel_grid:/home/agilex/limo_ros2_ws/src/install/nav2_msgs:/home/agilex/limo_ros2_ws/src/install/nav2_common:/home/agilex/limo_ros2_ws/install/ydlidar_sdk:/home/agilex/limo_ros2_ws/install/ydlidar_ros2_driver:/home/agilex/limo_ros2_ws/install/teb_local_planner:/home/agilex/limo_ros2_ws/install/teb_msgs:/home/agilex/limo_ros2_ws/install/nav2_system_tests:/home/agilex/limo_ros2_ws/install/nav2_bringup:/home/agilex/limo_ros2_ws/install/navigation2:/home/agilex/limo_ros2_ws/install/smac_planner:/home/agilex/limo_ros2_ws/install/rf2o_laser_odometry:/home/agilex/limo_ros2_ws/install/orbbec_description:/home/agilex/limo_ros2_ws/install/orbbec_camera:/home/agilex/limo_ros2_ws/install/orbbec_camera_msgs:/home/agilex/limo_ros2_ws/install/nav2_dwb_controller:/home/agilex/limo_ros2_ws/install/nav2_controller:/home/agilex/limo_ros2_ws/install/dwb_plugins:/home/agilex/limo_ros2_ws/install/dwb_critics:/home/agilex/limo_ros2_ws/install/dwb_core:/home/agilex/limo_ros2_ws/install/nav_2d_utils:/home/agilex/limo_ros2_ws/install/dwb_msgs:/home/agilex/limo_ros2_ws/install/nav_2d_msgs:/home/agilex/limo_ros2_ws/install/nav2_waypoint_follower:/home/agilex/limo_ros2_ws/install/nav2_regulated_pure_pursuit_controller:/home/agilex/limo_ros2_ws/install/nav2_recoveries:/home/agilex/limo_ros2_ws/install/nav2_planner:/home/agilex/limo_ros2_ws/install/nav2_navfn_planner:/home/agilex/limo_ros2_ws/install/nav2_core:/home/agilex/limo_ros2_ws/install/costmap_queue:/home/agilex/limo_ros2_ws/install/costmap_converter:/home/agilex/limo_ros2_ws/install/nav2_costmap_2d:/home/agilex/limo_ros2_ws/install/nav2_voxel_grid:/home/agilex/limo_ros2_ws/install/nav2_rviz_plugins:/home/agilex/limo_ros2_ws/install/nav2_map_server:/home/agilex/limo_ros2_ws/install/nav2_lifecycle_manager:/home/agilex/limo_ros2_ws/install/nav2_bt_navigator:/home/agilex/limo_ros2_ws/install/nav2_behavior_tree:/home/agilex/limo_ros2_ws/install/nav2_amcl:/home/agilex/limo_ros2_ws/install/nav2_util:/home/agilex/limo_ros2_ws/install/nav2_msgs:/home/agilex/limo_ros2_ws/install/nav2_common:/home/agilex/limo_ros2_ws/install/magic_enum:/home/agilex/limo_ros2_ws/install/limo_visions:/home/agilex/limo_ros2_ws/install/limo_bringup:/home/agilex/limo_ros2_ws/install/limo_base:/home/agilex/limo_ros2_ws/install/limo_msgs:/home/agilex/limo_ros2_ws/install/limo_description:/home/agilex/limo_ros2_ws/install/libuvc:/home/agilex/limo_ros2_ws/install/glog:/home/agilex/limo_ros2_ws/install/costmap_converter_msgs:/home/agilex/limo_ros2_ws/install/astra_camera:/home/agilex/limo_ros2_ws/install/astra_camera_msgs:/home/agilex/limo_ros2_ws/install/nav2_gazebo_spawner:/opt/ros/foxy LD_LIBRARY_PATH=/home/agilex/limo_ros2_ws/src/install/nav2_map_server/lib:/home/agilex/limo_ros2_ws/src/install/nav2_lifecycle_manager/lib:/home/agilex/limo_ros2_ws/src/install/nav2_util/lib:/home/agilex/limo_ros2_ws/src/install/nav2_voxel_grid/lib:/home/agilex/limo_ros2_ws/src/install/nav2_msgs/lib:${LD_LIBRARY_PATH} PYTHONPATH=/home/agilex/limo_ros2_ws/src/install/nav2_msgs/lib/python3.8/site-packages:/home/agilex/limo_ros2_ws/src/install/nav2_common/lib/python3.8/site-packages:${PYTHONPATH} /usr/bin/cmake --build /home/agilex/limo_ros2_ws/src/build/nav2_costmap_2d -- -j6 -l6
[226.187s] Invoking command in '/home/agilex/limo_ros2_ws/src/build/nav2_costmap_2d': AMENT_PREFIX_PATH=/home/agilex/limo_ros2_ws/src/install/nav2_map_server:/home/agilex/limo_ros2_ws/src/install/nav2_lifecycle_manager:/home/agilex/limo_ros2_ws/src/install/nav2_util:/home/agilex/limo_ros2_ws/src/install/nav2_voxel_grid:/home/agilex/limo_ros2_ws/src/install/nav2_msgs:/home/agilex/limo_ros2_ws/src/install/nav2_common:${AMENT_PREFIX_PATH} CMAKE_PREFIX_PATH=/home/agilex/limo_ros2_ws/src/install/nav2_map_server:/home/agilex/limo_ros2_ws/src/install/nav2_lifecycle_manager:/home/agilex/limo_ros2_ws/src/install/nav2_util:/home/agilex/limo_ros2_ws/src/install/nav2_voxel_grid:/home/agilex/limo_ros2_ws/src/install/nav2_msgs:/home/agilex/limo_ros2_ws/src/install/nav2_common:/home/agilex/limo_ros2_ws/install/ydlidar_sdk:/home/agilex/limo_ros2_ws/install/ydlidar_ros2_driver:/home/agilex/limo_ros2_ws/install/teb_local_planner:/home/agilex/limo_ros2_ws/install/teb_msgs:/home/agilex/limo_ros2_ws/install/nav2_system_tests:/home/agilex/limo_ros2_ws/install/nav2_bringup:/home/agilex/limo_ros2_ws/install/navigation2:/home/agilex/limo_ros2_ws/install/smac_planner:/home/agilex/limo_ros2_ws/install/rf2o_laser_odometry:/home/agilex/limo_ros2_ws/install/orbbec_description:/home/agilex/limo_ros2_ws/install/orbbec_camera:/home/agilex/limo_ros2_ws/install/orbbec_camera_msgs:/home/agilex/limo_ros2_ws/install/nav2_dwb_controller:/home/agilex/limo_ros2_ws/install/nav2_controller:/home/agilex/limo_ros2_ws/install/dwb_plugins:/home/agilex/limo_ros2_ws/install/dwb_critics:/home/agilex/limo_ros2_ws/install/dwb_core:/home/agilex/limo_ros2_ws/install/nav_2d_utils:/home/agilex/limo_ros2_ws/install/dwb_msgs:/home/agilex/limo_ros2_ws/install/nav_2d_msgs:/home/agilex/limo_ros2_ws/install/nav2_waypoint_follower:/home/agilex/limo_ros2_ws/install/nav2_regulated_pure_pursuit_controller:/home/agilex/limo_ros2_ws/install/nav2_recoveries:/home/agilex/limo_ros2_ws/install/nav2_planner:/home/agilex/limo_ros2_ws/install/nav2_navfn_planner:/home/agilex/limo_ros2_ws/install/nav2_core:/home/agilex/limo_ros2_ws/install/costmap_queue:/home/agilex/limo_ros2_ws/install/costmap_converter:/home/agilex/limo_ros2_ws/install/nav2_costmap_2d:/home/agilex/limo_ros2_ws/install/nav2_voxel_grid:/home/agilex/limo_ros2_ws/install/nav2_rviz_plugins:/home/agilex/limo_ros2_ws/install/nav2_map_server:/home/agilex/limo_ros2_ws/install/nav2_lifecycle_manager:/home/agilex/limo_ros2_ws/install/nav2_bt_navigator:/home/agilex/limo_ros2_ws/install/nav2_behavior_tree:/home/agilex/limo_ros2_ws/install/nav2_amcl:/home/agilex/limo_ros2_ws/install/nav2_util:/home/agilex/limo_ros2_ws/install/nav2_msgs:/home/agilex/limo_ros2_ws/install/nav2_common:/home/agilex/limo_ros2_ws/install/magic_enum:/home/agilex/limo_ros2_ws/install/limo_visions:/home/agilex/limo_ros2_ws/install/limo_bringup:/home/agilex/limo_ros2_ws/install/limo_base:/home/agilex/limo_ros2_ws/install/limo_msgs:/home/agilex/limo_ros2_ws/install/limo_description:/home/agilex/limo_ros2_ws/install/libuvc:/home/agilex/limo_ros2_ws/install/glog:/home/agilex/limo_ros2_ws/install/costmap_converter_msgs:/home/agilex/limo_ros2_ws/install/astra_camera:/home/agilex/limo_ros2_ws/install/astra_camera_msgs:/home/agilex/limo_ros2_ws/install/nav2_gazebo_spawner:/opt/ros/foxy LD_LIBRARY_PATH=/home/agilex/limo_ros2_ws/src/install/nav2_map_server/lib:/home/agilex/limo_ros2_ws/src/install/nav2_lifecycle_manager/lib:/home/agilex/limo_ros2_ws/src/install/nav2_util/lib:/home/agilex/limo_ros2_ws/src/install/nav2_voxel_grid/lib:/home/agilex/limo_ros2_ws/src/install/nav2_msgs/lib:${LD_LIBRARY_PATH} PYTHONPATH=/home/agilex/limo_ros2_ws/src/install/nav2_msgs/lib/python3.8/site-packages:/home/agilex/limo_ros2_ws/src/install/nav2_common/lib/python3.8/site-packages:${PYTHONPATH} /usr/bin/cmake --install /home/agilex/limo_ros2_ws/src/build/nav2_costmap_2d
[226.216s] -- Install configuration: "Release"
[226.217s] -- Installing: /home/agilex/limo_ros2_ws/src/install/nav2_costmap_2d/lib/libnav2_costmap_2d_core.so
[226.220s] -- Set runtime path of "/home/agilex/limo_ros2_ws/src/install/nav2_costmap_2d/lib/libnav2_costmap_2d_core.so" to ""
[226.221s] -- Installing: /home/agilex/limo_ros2_ws/src/install/nav2_costmap_2d/lib/liblayers.so
[226.226s] -- Set runtime path of "/home/agilex/limo_ros2_ws/src/install/nav2_costmap_2d/lib/liblayers.so" to ""
[226.227s] -- Installing: /home/agilex/limo_ros2_ws/src/install/nav2_costmap_2d/lib/libnav2_costmap_2d_client.so
[226.229s] -- Set runtime path of "/home/agilex/limo_ros2_ws/src/install/nav2_costmap_2d/lib/libnav2_costmap_2d_client.so" to ""
[226.229s] -- Installing: /home/agilex/limo_ros2_ws/src/install/nav2_costmap_2d/lib/nav2_costmap_2d/nav2_costmap_2d
[226.231s] -- Set runtime path of "/home/agilex/limo_ros2_ws/src/install/nav2_costmap_2d/lib/nav2_costmap_2d/nav2_costmap_2d" to ""
[226.231s] -- Installing: /home/agilex/limo_ros2_ws/src/install/nav2_costmap_2d/lib/nav2_costmap_2d/nav2_costmap_2d_markers
[226.232s] -- Set runtime path of "/home/agilex/limo_ros2_ws/src/install/nav2_costmap_2d/lib/nav2_costmap_2d/nav2_costmap_2d_markers" to ""
[226.233s] -- Installing: /home/agilex/limo_ros2_ws/src/install/nav2_costmap_2d/lib/nav2_costmap_2d/nav2_costmap_2d_cloud
[226.234s] -- Set runtime path of "/home/agilex/limo_ros2_ws/src/install/nav2_costmap_2d/lib/nav2_costmap_2d/nav2_costmap_2d_cloud" to ""
[226.235s] -- Installing: /home/agilex/limo_ros2_ws/src/install/nav2_costmap_2d/share/nav2_costmap_2d/costmap_plugins.xml
[226.235s] -- Installing: /home/agilex/limo_ros2_ws/src/install/nav2_costmap_2d/include/
[226.235s] -- Installing: /home/agilex/limo_ros2_ws/src/install/nav2_costmap_2d/include//nav2_costmap_2d
[226.236s] -- Installing: /home/agilex/limo_ros2_ws/src/install/nav2_costmap_2d/include//nav2_costmap_2d/range_sensor_layer.hpp
[226.236s] -- Installing: /home/agilex/limo_ros2_ws/src/install/nav2_costmap_2d/include//nav2_costmap_2d/costmap_topic_collision_checker.hpp
[226.236s] -- Installing: /home/agilex/limo_ros2_ws/src/install/nav2_costmap_2d/include//nav2_costmap_2d/exceptions.hpp
[226.237s] -- Installing: /home/agilex/limo_ros2_ws/src/install/nav2_costmap_2d/include//nav2_costmap_2d/array_parser.hpp
[226.237s] -- Installing: /home/agilex/limo_ros2_ws/src/install/nav2_costmap_2d/include//nav2_costmap_2d/obstacle_layer.hpp
[226.237s] -- Installing: /home/agilex/limo_ros2_ws/src/install/nav2_costmap_2d/include//nav2_costmap_2d/static_layer.hpp
[226.237s] -- Installing: /home/agilex/limo_ros2_ws/src/install/nav2_costmap_2d/include//nav2_costmap_2d/footprint_collision_checker.hpp
[226.238s] -- Installing: /home/agilex/limo_ros2_ws/src/install/nav2_costmap_2d/include//nav2_costmap_2d/costmap_2d.hpp
[226.238s] -- Installing: /home/agilex/limo_ros2_ws/src/install/nav2_costmap_2d/include//nav2_costmap_2d/footprint.hpp
[226.238s] -- Installing: /home/agilex/limo_ros2_ws/src/install/nav2_costmap_2d/include//nav2_costmap_2d/costmap_math.hpp
[226.239s] -- Installing: /home/agilex/limo_ros2_ws/src/install/nav2_costmap_2d/include//nav2_costmap_2d/costmap_subscriber.hpp
[226.239s] -- Installing: /home/agilex/limo_ros2_ws/src/install/nav2_costmap_2d/include//nav2_costmap_2d/costmap_2d_publisher.hpp
[226.239s] -- Installing: /home/agilex/limo_ros2_ws/src/install/nav2_costmap_2d/include//nav2_costmap_2d/voxel_layer.hpp
[226.240s] -- Installing: /home/agilex/limo_ros2_ws/src/install/nav2_costmap_2d/include//nav2_costmap_2d/inflation_layer.hpp
[226.240s] -- Installing: /home/agilex/limo_ros2_ws/src/install/nav2_costmap_2d/include//nav2_costmap_2d/layer.hpp
[226.240s] -- Installing: /home/agilex/limo_ros2_ws/src/install/nav2_costmap_2d/include//nav2_costmap_2d/clear_costmap_service.hpp
[226.240s] -- Installing: /home/agilex/limo_ros2_ws/src/install/nav2_costmap_2d/include//nav2_costmap_2d/costmap_layer.hpp
[226.241s] -- Installing: /home/agilex/limo_ros2_ws/src/install/nav2_costmap_2d/include//nav2_costmap_2d/layered_costmap.hpp
[226.241s] -- Installing: /home/agilex/limo_ros2_ws/src/install/nav2_costmap_2d/include//nav2_costmap_2d/footprint_subscriber.hpp
[226.241s] -- Installing: /home/agilex/limo_ros2_ws/src/install/nav2_costmap_2d/include//nav2_costmap_2d/observation_buffer.hpp
[226.242s] -- Installing: /home/agilex/limo_ros2_ws/src/install/nav2_costmap_2d/include//nav2_costmap_2d/costmap_2d_ros.hpp
[226.242s] -- Installing: /home/agilex/limo_ros2_ws/src/install/nav2_costmap_2d/include//nav2_costmap_2d/observation.hpp
[226.242s] -- Installing: /home/agilex/limo_ros2_ws/src/install/nav2_costmap_2d/include//nav2_costmap_2d/cost_values.hpp
[226.242s] -- Installing: /home/agilex/limo_ros2_ws/src/install/nav2_costmap_2d/share/nav2_costmap_2d/environment/library_path.sh
[226.243s] -- Installing: /home/agilex/limo_ros2_ws/src/install/nav2_costmap_2d/share/nav2_costmap_2d/environment/library_path.dsv
[226.243s] -- Up-to-date: /home/agilex/limo_ros2_ws/src/install/nav2_costmap_2d/share/nav2_costmap_2d/costmap_plugins.xml
[226.243s] -- Installing: /home/agilex/limo_ros2_ws/src/install/nav2_costmap_2d/share/ament_index/resource_index/package_run_dependencies/nav2_costmap_2d
[226.244s] -- Installing: /home/agilex/limo_ros2_ws/src/install/nav2_costmap_2d/share/ament_index/resource_index/parent_prefix_path/nav2_costmap_2d
[226.244s] -- Installing: /home/agilex/limo_ros2_ws/src/install/nav2_costmap_2d/share/nav2_costmap_2d/environment/ament_prefix_path.sh
[226.244s] -- Installing: /home/agilex/limo_ros2_ws/src/install/nav2_costmap_2d/share/nav2_costmap_2d/environment/ament_prefix_path.dsv
[226.244s] -- Installing: /home/agilex/limo_ros2_ws/src/install/nav2_costmap_2d/share/nav2_costmap_2d/environment/path.sh
[226.245s] -- Installing: /home/agilex/limo_ros2_ws/src/install/nav2_costmap_2d/share/nav2_costmap_2d/environment/path.dsv
[226.245s] -- Installing: /home/agilex/limo_ros2_ws/src/install/nav2_costmap_2d/share/nav2_costmap_2d/local_setup.bash
[226.245s] -- Installing: /home/agilex/limo_ros2_ws/src/install/nav2_costmap_2d/share/nav2_costmap_2d/local_setup.sh
[226.245s] -- Installing: /home/agilex/limo_ros2_ws/src/install/nav2_costmap_2d/share/nav2_costmap_2d/local_setup.zsh
[226.246s] -- Installing: /home/agilex/limo_ros2_ws/src/install/nav2_costmap_2d/share/nav2_costmap_2d/local_setup.dsv
[226.246s] -- Installing: /home/agilex/limo_ros2_ws/src/install/nav2_costmap_2d/share/nav2_costmap_2d/package.dsv
[226.246s] -- Installing: /home/agilex/limo_ros2_ws/src/install/nav2_costmap_2d/share/ament_index/resource_index/packages/nav2_costmap_2d
[226.247s] -- Installing: /home/agilex/limo_ros2_ws/src/install/nav2_costmap_2d/share/ament_index/resource_index/nav2_costmap_2d__pluginlib__plugin/nav2_costmap_2d
[226.247s] -- Installing: /home/agilex/limo_ros2_ws/src/install/nav2_costmap_2d/share/nav2_costmap_2d/cmake/ament_cmake_export_include_directories-extras.cmake
[226.247s] -- Installing: /home/agilex/limo_ros2_ws/src/install/nav2_costmap_2d/share/nav2_costmap_2d/cmake/ament_cmake_export_libraries-extras.cmake
[226.247s] -- Installing: /home/agilex/limo_ros2_ws/src/install/nav2_costmap_2d/share/nav2_costmap_2d/cmake/ament_cmake_export_dependencies-extras.cmake
[226.248s] -- Installing: /home/agilex/limo_ros2_ws/src/install/nav2_costmap_2d/share/nav2_costmap_2d/cmake/ament_cmake_export_definitions-extras.cmake
[226.248s] -- Installing: /home/agilex/limo_ros2_ws/src/install/nav2_costmap_2d/share/nav2_costmap_2d/cmake/nav2_costmap_2dConfig.cmake
[226.248s] -- Installing: /home/agilex/limo_ros2_ws/src/install/nav2_costmap_2d/share/nav2_costmap_2d/cmake/nav2_costmap_2dConfig-version.cmake
[226.248s] -- Installing: /home/agilex/limo_ros2_ws/src/install/nav2_costmap_2d/share/nav2_costmap_2d/package.xml
[226.257s] Invoked command in '/home/agilex/limo_ros2_ws/src/build/nav2_costmap_2d' returned '0': AMENT_PREFIX_PATH=/home/agilex/limo_ros2_ws/src/install/nav2_map_server:/home/agilex/limo_ros2_ws/src/install/nav2_lifecycle_manager:/home/agilex/limo_ros2_ws/src/install/nav2_util:/home/agilex/limo_ros2_ws/src/install/nav2_voxel_grid:/home/agilex/limo_ros2_ws/src/install/nav2_msgs:/home/agilex/limo_ros2_ws/src/install/nav2_common:${AMENT_PREFIX_PATH} CMAKE_PREFIX_PATH=/home/agilex/limo_ros2_ws/src/install/nav2_map_server:/home/agilex/limo_ros2_ws/src/install/nav2_lifecycle_manager:/home/agilex/limo_ros2_ws/src/install/nav2_util:/home/agilex/limo_ros2_ws/src/install/nav2_voxel_grid:/home/agilex/limo_ros2_ws/src/install/nav2_msgs:/home/agilex/limo_ros2_ws/src/install/nav2_common:/home/agilex/limo_ros2_ws/install/ydlidar_sdk:/home/agilex/limo_ros2_ws/install/ydlidar_ros2_driver:/home/agilex/limo_ros2_ws/install/teb_local_planner:/home/agilex/limo_ros2_ws/install/teb_msgs:/home/agilex/limo_ros2_ws/install/nav2_system_tests:/home/agilex/limo_ros2_ws/install/nav2_bringup:/home/agilex/limo_ros2_ws/install/navigation2:/home/agilex/limo_ros2_ws/install/smac_planner:/home/agilex/limo_ros2_ws/install/rf2o_laser_odometry:/home/agilex/limo_ros2_ws/install/orbbec_description:/home/agilex/limo_ros2_ws/install/orbbec_camera:/home/agilex/limo_ros2_ws/install/orbbec_camera_msgs:/home/agilex/limo_ros2_ws/install/nav2_dwb_controller:/home/agilex/limo_ros2_ws/install/nav2_controller:/home/agilex/limo_ros2_ws/install/dwb_plugins:/home/agilex/limo_ros2_ws/install/dwb_critics:/home/agilex/limo_ros2_ws/install/dwb_core:/home/agilex/limo_ros2_ws/install/nav_2d_utils:/home/agilex/limo_ros2_ws/install/dwb_msgs:/home/agilex/limo_ros2_ws/install/nav_2d_msgs:/home/agilex/limo_ros2_ws/install/nav2_waypoint_follower:/home/agilex/limo_ros2_ws/install/nav2_regulated_pure_pursuit_controller:/home/agilex/limo_ros2_ws/install/nav2_recoveries:/home/agilex/limo_ros2_ws/install/nav2_planner:/home/agilex/limo_ros2_ws/install/nav2_navfn_planner:/home/agilex/limo_ros2_ws/install/nav2_core:/home/agilex/limo_ros2_ws/install/costmap_queue:/home/agilex/limo_ros2_ws/install/costmap_converter:/home/agilex/limo_ros2_ws/install/nav2_costmap_2d:/home/agilex/limo_ros2_ws/install/nav2_voxel_grid:/home/agilex/limo_ros2_ws/install/nav2_rviz_plugins:/home/agilex/limo_ros2_ws/install/nav2_map_server:/home/agilex/limo_ros2_ws/install/nav2_lifecycle_manager:/home/agilex/limo_ros2_ws/install/nav2_bt_navigator:/home/agilex/limo_ros2_ws/install/nav2_behavior_tree:/home/agilex/limo_ros2_ws/install/nav2_amcl:/home/agilex/limo_ros2_ws/install/nav2_util:/home/agilex/limo_ros2_ws/install/nav2_msgs:/home/agilex/limo_ros2_ws/install/nav2_common:/home/agilex/limo_ros2_ws/install/magic_enum:/home/agilex/limo_ros2_ws/install/limo_visions:/home/agilex/limo_ros2_ws/install/limo_bringup:/home/agilex/limo_ros2_ws/install/limo_base:/home/agilex/limo_ros2_ws/install/limo_msgs:/home/agilex/limo_ros2_ws/install/limo_description:/home/agilex/limo_ros2_ws/install/libuvc:/home/agilex/limo_ros2_ws/install/glog:/home/agilex/limo_ros2_ws/install/costmap_converter_msgs:/home/agilex/limo_ros2_ws/install/astra_camera:/home/agilex/limo_ros2_ws/install/astra_camera_msgs:/home/agilex/limo_ros2_ws/install/nav2_gazebo_spawner:/opt/ros/foxy LD_LIBRARY_PATH=/home/agilex/limo_ros2_ws/src/install/nav2_map_server/lib:/home/agilex/limo_ros2_ws/src/install/nav2_lifecycle_manager/lib:/home/agilex/limo_ros2_ws/src/install/nav2_util/lib:/home/agilex/limo_ros2_ws/src/install/nav2_voxel_grid/lib:/home/agilex/limo_ros2_ws/src/install/nav2_msgs/lib:${LD_LIBRARY_PATH} PYTHONPATH=/home/agilex/limo_ros2_ws/src/install/nav2_msgs/lib/python3.8/site-packages:/home/agilex/limo_ros2_ws/src/install/nav2_common/lib/python3.8/site-packages:${PYTHONPATH} /usr/bin/cmake --install /home/agilex/limo_ros2_ws/src/build/nav2_costmap_2d
