[2.000s] Invoking command in '/home/agilex/limo_ros2_ws/src/navigation2/nav2_bringup/nav2_gazebo_spawner': PYTHONPATH=/home/agilex/limo_ros2_ws/build/nav2_gazebo_spawner/prefix_override:/home/agilex/limo_ros2_ws/install/nav2_gazebo_spawner/lib/python3.8/site-packages:${PYTHONPATH} /usr/bin/python3 -W ignore:setup.py install is deprecated setup.py egg_info --egg-base ../../../../build/nav2_gazebo_spawner build --build-base /home/agilex/limo_ros2_ws/build/nav2_gazebo_spawner/build install --record /home/agilex/limo_ros2_ws/build/nav2_gazebo_spawner/install.log --install-scripts $base/lib/nav2_gazebo_spawner --single-version-externally-managed install_data
[2.543s] running egg_info
[2.548s] writing ../../../../build/nav2_gazebo_spawner/nav2_gazebo_spawner.egg-info/PKG-INFO
[2.548s] writing dependency_links to ../../../../build/nav2_gazebo_spawner/nav2_gazebo_spawner.egg-info/dependency_links.txt
[2.548s] writing entry points to ../../../../build/nav2_gazebo_spawner/nav2_gazebo_spawner.egg-info/entry_points.txt
[2.548s] writing requirements to ../../../../build/nav2_gazebo_spawner/nav2_gazebo_spawner.egg-info/requires.txt
[2.548s] writing top-level names to ../../../../build/nav2_gazebo_spawner/nav2_gazebo_spawner.egg-info/top_level.txt
[2.647s] reading manifest file '../../../../build/nav2_gazebo_spawner/nav2_gazebo_spawner.egg-info/SOURCES.txt'
[2.649s] writing manifest file '../../../../build/nav2_gazebo_spawner/nav2_gazebo_spawner.egg-info/SOURCES.txt'
[2.649s] running build
[2.649s] running build_py
[2.651s] running install
[2.654s] running install_lib
[2.658s] running install_data
[2.659s] running install_egg_info
[2.669s] removing '/home/agilex/limo_ros2_ws/install/nav2_gazebo_spawner/lib/python3.8/site-packages/nav2_gazebo_spawner-0.3.0-py3.8.egg-info' (and everything under it)
[2.670s] Copying ../../../../build/nav2_gazebo_spawner/nav2_gazebo_spawner.egg-info to /home/agilex/limo_ros2_ws/install/nav2_gazebo_spawner/lib/python3.8/site-packages/nav2_gazebo_spawner-0.3.0-py3.8.egg-info
[2.674s] running install_scripts
[2.720s] Installing nav2_gazebo_spawner script to /home/agilex/limo_ros2_ws/install/nav2_gazebo_spawner/lib/nav2_gazebo_spawner
[2.721s] writing list of installed files to '/home/agilex/limo_ros2_ws/build/nav2_gazebo_spawner/install.log'
[2.800s] Invoked command in '/home/agilex/limo_ros2_ws/src/navigation2/nav2_bringup/nav2_gazebo_spawner' returned '0': PYTHONPATH=/home/agilex/limo_ros2_ws/build/nav2_gazebo_spawner/prefix_override:/home/agilex/limo_ros2_ws/install/nav2_gazebo_spawner/lib/python3.8/site-packages:${PYTHONPATH} /usr/bin/python3 -W ignore:setup.py install is deprecated setup.py egg_info --egg-base ../../../../build/nav2_gazebo_spawner build --build-base /home/agilex/limo_ros2_ws/build/nav2_gazebo_spawner/build install --record /home/agilex/limo_ros2_ws/build/nav2_gazebo_spawner/install.log --install-scripts $base/lib/nav2_gazebo_spawner --single-version-externally-managed install_data
