-- Current platform: Linux
CMake Deprecation Warning at CMakeLists.txt:50 (cmake_policy):
  The OLD behavior for policy CMP0053 will be removed from a future version
  of CMake.

  The cmake-policies(7) manual explains that the OLD behaviors of all
  policies are deprecated and that a policy should be set to OLD only under
  specific short-term circumstances.  Projects should be ported to the NEW
  behavior and not rely on setting a policy to OLD.


CMake Deprecation Warning at CMakeLists.txt:53 (cmake_policy):
  The OLD behavior for policy CMP0037 will be removed from a future version
  of CMake.

  The cmake-policies(7) manual explains that the OLD behaviors of all
  policies are deprecated and that a policy should be set to OLD only under
  specific short-term circumstances.  Projects should be ported to the NEW
  behavior and not rely on setting a policy to OLD.


CMake Deprecation Warning at CMakeLists.txt:56 (cmake_policy):
  The OLD behavior for policy CMP0043 will be removed from a future version
  of CMake.

  The cmake-policies(7) manual explains that the OLD behaviors of all
  policies are deprecated and that a policy should be set to OLD only under
  specific short-term circumstances.  Projects should be ported to the NEW
  behavior and not rely on setting a policy to OLD.


-- build python API....
CMake Warning (dev) at /usr/share/cmake-3.16/Modules/UseSWIG.cmake:607 (message):
  Policy CMP0078 is not set: UseSWIG generates standard target names.  Run
  "cmake --help-policy CMP0078" for policy details.  Use the cmake_policy
  command to set the policy and suppress this warning.

Call Stack (most recent call first):
  python/CMakeLists.txt:35 (swig_add_library)
This warning is for project developers.  Use -Wno-dev to suppress it.

CMake Warning (dev) at /usr/share/cmake-3.16/Modules/UseSWIG.cmake:460 (message):
  Policy CMP0086 is not set: UseSWIG honors SWIG_MODULE_NAME via -module
  flag.  Run "cmake --help-policy CMP0086" for policy details.  Use the
  cmake_policy command to set the policy and suppress this warning.

Call Stack (most recent call first):
  /usr/share/cmake-3.16/Modules/UseSWIG.cmake:702 (SWIG_ADD_SOURCE_TO_MODULE)
  python/CMakeLists.txt:35 (swig_add_library)
This warning is for project developers.  Use -Wno-dev to suppress it.

-- build test is ON.....
CMake Deprecation Warning at cmake/install_package.cmake:101 (cmake_policy):
  The OLD behavior for policy CMP0026 will be removed from a future version
  of CMake.

  The cmake-policies(7) manual explains that the OLD behaviors of all
  policies are deprecated and that a policy should be set to OLD only under
  specific short-term circumstances.  Projects should be ported to the NEW
  behavior and not rely on setting a policy to OLD.
Call Stack (most recent call first):
  CMakeLists.txt:168 (install_package)


CMake Warning (dev) at cmake/install_package.cmake:191 (install):
  Policy CMP0062 is not set: Disallow install() of export() result.  Run
  "cmake --help-policy CMP0062" for policy details.  Use the cmake_policy
  command to set the policy and suppress this warning.

  The file

    /home/agilex/limo_ros2_ws/build/ydlidar_sdk/ydlidar_sdkTargets.cmake

  was generated by the export() command.  It should not be installed with the
  install() command.  Use the install(EXPORT) mechanism instead.  See the
  cmake-packages(7) manual for more.

Call Stack (most recent call first):
  CMakeLists.txt:168 (install_package)
This warning is for project developers.  Use -Wno-dev to suppress it.

-- 
-- +===========================================================================+
-- |         Resulting configuration for                             |
-- +===========================================================================+
--  _________________________ PLATFORM _____________________________
--  Host                        : Linux5.10.120-tegraaarch64
--  Is the system big endian?   :  No 
--  Word size (32/64 bit)       : 64
--  CMake version               : 3.16.3
--  CMake generator             : Unix Makefiles
--  CMake build tool            : /usr/bin/make
--  Compiler                    : GNU
--  Configuration               : Release
-- C++ flags (Release):      -std=c++11 -O3 -DNDEBUG
-- 
--  __________________________ OPTIONS _____________________________
--  Build YDLidar-SDK as a shared library?　　 :  No 
--  Build Examples?　　　　　　　　　　　　　　 : Yes 
--  Build C Sharp API?　　　　　　　　　　　　 :  No 
--  Build TEST?  			　　　 : Yes 
-- 
--  _________________________ INSTALL _____________________
--  Install prefix                    : /home/agilex/limo_ros2_ws/install/ydlidar_sdk
-- 
--  _______________________ WRAPPERS/BINDINGS ______________________
--  Python bindings (pyydlidar)   : Yes 
--   - dep: Swig found?       : Yes [Version: 4.0.1]
--   - dep: PythonLibs found?  : Yes [Version: 3.8.10]
-- 
-- Configuring done
-- Generating done
-- Build files have been written to: /home/agilex/limo_ros2_ws/build/ydlidar_sdk
[ 47%] Built target ydlidar_sdk
[ 50%] Built target ydlidar_swig_compilation
[ 55%] Built target tof_test
[ 61%] Built target gs_test
[ 66%] Built target tri_test
[ 72%] Built target et_test
[ 77%] Built target tri_and_gs_test
[ 83%] Built target tmini_test
[ 88%] Built target lidar_c_api_test
[ 94%] Built target lidar_test
[100%] Built target _ydlidar
-- Install configuration: "Release"
-- Up-to-date: /home/agilex/limo_ros2_ws/install/ydlidar_sdk/include/core/base/datatype.h
-- Up-to-date: /home/agilex/limo_ros2_ws/install/ydlidar_sdk/include/core/base/locker.h
-- Up-to-date: /home/agilex/limo_ros2_ws/install/ydlidar_sdk/include/core/base/thread.h
-- Up-to-date: /home/agilex/limo_ros2_ws/install/ydlidar_sdk/include/core/base/timer.h
-- Up-to-date: /home/agilex/limo_ros2_ws/install/ydlidar_sdk/include/core/base/typedef.h
-- Up-to-date: /home/agilex/limo_ros2_ws/install/ydlidar_sdk/include/core/base/utils.h
-- Up-to-date: /home/agilex/limo_ros2_ws/install/ydlidar_sdk/include/core/base/v8stdint.h
-- Up-to-date: /home/agilex/limo_ros2_ws/install/ydlidar_sdk/include/core/base/ydlidar.h
-- Up-to-date: /home/agilex/limo_ros2_ws/install/ydlidar_sdk/include/core/common/ChannelDevice.h
-- Up-to-date: /home/agilex/limo_ros2_ws/install/ydlidar_sdk/include/core/common/DriverInterface.h
-- Up-to-date: /home/agilex/limo_ros2_ws/install/ydlidar_sdk/include/core/common/ydlidar_datatype.h
-- Up-to-date: /home/agilex/limo_ros2_ws/install/ydlidar_sdk/include/core/common/ydlidar_def.h
-- Up-to-date: /home/agilex/limo_ros2_ws/install/ydlidar_sdk/include/core/common/ydlidar_help.h
-- Up-to-date: /home/agilex/limo_ros2_ws/install/ydlidar_sdk/include/core/common/ydlidar_protocol.h
-- Up-to-date: /home/agilex/limo_ros2_ws/install/ydlidar_sdk/include/core/math/angles.h
-- Up-to-date: /home/agilex/limo_ros2_ws/install/ydlidar_sdk/include/core/network/ActiveSocket.h
-- Up-to-date: /home/agilex/limo_ros2_ws/install/ydlidar_sdk/include/core/network/PassiveSocket.h
-- Up-to-date: /home/agilex/limo_ros2_ws/install/ydlidar_sdk/include/core/network/SimpleSocket.h
-- Up-to-date: /home/agilex/limo_ros2_ws/install/ydlidar_sdk/include/core/network/StatTimer.h
-- Up-to-date: /home/agilex/limo_ros2_ws/install/ydlidar_sdk/include/core/serial/common.h
-- Up-to-date: /home/agilex/limo_ros2_ws/install/ydlidar_sdk/include/core/serial/serial.h
-- Up-to-date: /home/agilex/limo_ros2_ws/install/ydlidar_sdk/include/core/serial/impl/unix/lock.h
-- Up-to-date: /home/agilex/limo_ros2_ws/install/ydlidar_sdk/include/core/serial/impl/unix/unix.h
-- Up-to-date: /home/agilex/limo_ros2_ws/install/ydlidar_sdk/include/core/serial/impl/unix/unix_serial.h
-- Up-to-date: /home/agilex/limo_ros2_ws/install/ydlidar_sdk/include/src/CYdLidar.h
-- Up-to-date: /home/agilex/limo_ros2_ws/install/ydlidar_sdk/include/src/ETLidarDriver.h
-- Up-to-date: /home/agilex/limo_ros2_ws/install/ydlidar_sdk/include/src/GS1LidarDriver.h
-- Up-to-date: /home/agilex/limo_ros2_ws/install/ydlidar_sdk/include/src/GS2LidarDriver.h
-- Up-to-date: /home/agilex/limo_ros2_ws/install/ydlidar_sdk/include/src/YDlidarDriver.h
-- Up-to-date: /home/agilex/limo_ros2_ws/install/ydlidar_sdk/include/src/ydlidar_sdk.h
-- Up-to-date: /home/agilex/limo_ros2_ws/install/ydlidar_sdk/include/src/filters/FilterInterface.h
-- Up-to-date: /home/agilex/limo_ros2_ws/install/ydlidar_sdk/include/src/filters/NoiseFilter.h
-- Up-to-date: /home/agilex/limo_ros2_ws/install/ydlidar_sdk/include/ydlidar_config.h
-- Up-to-date: /home/agilex/limo_ros2_ws/install/ydlidar_sdk/lib/libydlidar_sdk.a
-- Up-to-date: /home/agilex/limo_ros2_ws/install/ydlidar_sdk/lib/pkgconfig/YDLIDAR_SDK.pc
-- Up-to-date: /home/agilex/limo_ros2_ws/install/ydlidar_sdk/lib/cmake/ydlidar_sdk/ydlidar_sdkConfig.cmake
-- Installing: /home/agilex/limo_ros2_ws/install/ydlidar_sdk/lib/cmake/ydlidar_sdk/ydlidar_sdkTargets.cmake
-- Up-to-date: /home/agilex/limo_ros2_ws/install/ydlidar_sdk/lib/cmake/ydlidar_sdk/ydlidar_sdkConfigVersion.cmake
-- Up-to-date: /home/agilex/limo_ros2_ws/install/ydlidar_sdk/share/YDLIDAR_SDK/FindYDLIDAR_SDK.cmake
-- Up-to-date: /home/agilex/limo_ros2_ws/install/ydlidar_sdk/share/YDLIDAR_SDK
-- Up-to-date: /home/agilex/limo_ros2_ws/install/ydlidar_sdk/share/YDLIDAR_SDK/cmake_uninstall.cmake.in
-- Up-to-date: /home/agilex/limo_ros2_ws/install/ydlidar_sdk/share/YDLIDAR_SDK/PackageConfigVersion.cmake.in
-- Up-to-date: /home/agilex/limo_ros2_ws/install/ydlidar_sdk/share/YDLIDAR_SDK/PkgConfig.pc.in
-- Up-to-date: /home/agilex/limo_ros2_ws/install/ydlidar_sdk/share/YDLIDAR_SDK/install_package.cmake
-- Up-to-date: /home/agilex/limo_ros2_ws/install/ydlidar_sdk/share/YDLIDAR_SDK/common
-- Up-to-date: /home/agilex/limo_ros2_ws/install/ydlidar_sdk/share/YDLIDAR_SDK/common/ydlidar_base.cmake
-- Up-to-date: /home/agilex/limo_ros2_ws/install/ydlidar_sdk/share/YDLIDAR_SDK/common/ydlidar_parse.cmake
-- Up-to-date: /home/agilex/limo_ros2_ws/install/ydlidar_sdk/share/YDLIDAR_SDK/script_show_final_summary.cmake
-- Up-to-date: /home/agilex/limo_ros2_ws/install/ydlidar_sdk/share/YDLIDAR_SDK/FindPackage.cmake.in
-- Up-to-date: /home/agilex/limo_ros2_ws/install/ydlidar_sdk/share/YDLIDAR_SDK/PackageConfig.cmake.in
-- Up-to-date: /home/agilex/limo_ros2_ws/install/ydlidar_sdk/share/YDLIDAR_SDK/LICENSE.txt
-- Up-to-date: /home/agilex/limo_ros2_ws/install/ydlidar_sdk/share/YDLIDAR_SDK/README.md
-- Up-to-date: /home/agilex/limo_ros2_ws/install/ydlidar_sdk/share/YDLIDAR_SDK/doc
-- Up-to-date: /home/agilex/limo_ros2_ws/install/ydlidar_sdk/share/YDLIDAR_SDK/doc/images
-- Up-to-date: /home/agilex/limo_ros2_ws/install/ydlidar_sdk/share/YDLIDAR_SDK/doc/images/system_workflow.png
-- Up-to-date: /home/agilex/limo_ros2_ws/install/ydlidar_sdk/share/YDLIDAR_SDK/doc/images/sdk_scanning.png
-- Up-to-date: /home/agilex/limo_ros2_ws/install/ydlidar_sdk/share/YDLIDAR_SDK/doc/images/YDLidar.png
-- Up-to-date: /home/agilex/limo_ros2_ws/install/ydlidar_sdk/share/YDLIDAR_SDK/doc/images/FlowChart.png
-- Up-to-date: /home/agilex/limo_ros2_ws/install/ydlidar_sdk/share/YDLIDAR_SDK/doc/images/frame.png
-- Up-to-date: /home/agilex/limo_ros2_ws/install/ydlidar_sdk/share/YDLIDAR_SDK/doc/images/angle_q2.png
-- Up-to-date: /home/agilex/limo_ros2_ws/install/ydlidar_sdk/share/YDLIDAR_SDK/doc/images/communication_mechanism.png
-- Up-to-date: /home/agilex/limo_ros2_ws/install/ydlidar_sdk/share/YDLIDAR_SDK/doc/images/sequence.png
-- Up-to-date: /home/agilex/limo_ros2_ws/install/ydlidar_sdk/share/YDLIDAR_SDK/doc/images/EAI.png
-- Up-to-date: /home/agilex/limo_ros2_ws/install/ydlidar_sdk/share/YDLIDAR_SDK/doc/images/sdk_architecture.png
-- Up-to-date: /home/agilex/limo_ros2_ws/install/ydlidar_sdk/share/YDLIDAR_SDK/doc/images/frame_intensity.png
-- Up-to-date: /home/agilex/limo_ros2_ws/install/ydlidar_sdk/share/YDLIDAR_SDK/doc/images/YDLidar.jpg
-- Up-to-date: /home/agilex/limo_ros2_ws/install/ydlidar_sdk/share/YDLIDAR_SDK/doc/images/sdk_init.png
-- Up-to-date: /home/agilex/limo_ros2_ws/install/ydlidar_sdk/share/YDLIDAR_SDK/doc/YDLidar_SDK_Communication_Protocol.pdf
-- Up-to-date: /home/agilex/limo_ros2_ws/install/ydlidar_sdk/share/YDLIDAR_SDK/doc/Dataset.md
-- Up-to-date: /home/agilex/limo_ros2_ws/install/ydlidar_sdk/share/YDLIDAR_SDK/doc/Tutorials.md
-- Up-to-date: /home/agilex/limo_ros2_ws/install/ydlidar_sdk/share/YDLIDAR_SDK/doc/howto
-- Up-to-date: /home/agilex/limo_ros2_ws/install/ydlidar_sdk/share/YDLIDAR_SDK/doc/howto/how_to_gerenrate_vs_project_by_cmake.md
-- Up-to-date: /home/agilex/limo_ros2_ws/install/ydlidar_sdk/share/YDLIDAR_SDK/doc/howto/how_to_create_a_udev_rules.md
-- Up-to-date: /home/agilex/limo_ros2_ws/install/ydlidar_sdk/share/YDLIDAR_SDK/doc/howto/images
-- Up-to-date: /home/agilex/limo_ros2_ws/install/ydlidar_sdk/share/YDLIDAR_SDK/doc/howto/images/csharp_running.png
-- Up-to-date: /home/agilex/limo_ros2_ws/install/ydlidar_sdk/share/YDLIDAR_SDK/doc/howto/images/sdk_scanning.png
-- Up-to-date: /home/agilex/limo_ros2_ws/install/ydlidar_sdk/share/YDLIDAR_SDK/doc/howto/images/vscode
-- Up-to-date: /home/agilex/limo_ros2_ws/install/ydlidar_sdk/share/YDLIDAR_SDK/doc/howto/images/vscode/run_tasks.jpg
-- Up-to-date: /home/agilex/limo_ros2_ws/install/ydlidar_sdk/share/YDLIDAR_SDK/doc/howto/images/vscode/tasks.png
-- Up-to-date: /home/agilex/limo_ros2_ws/install/ydlidar_sdk/share/YDLIDAR_SDK/doc/howto/images/csharp_project.png
-- Up-to-date: /home/agilex/limo_ros2_ws/install/ydlidar_sdk/share/YDLIDAR_SDK/doc/howto/images/sequence.png
-- Up-to-date: /home/agilex/limo_ros2_ws/install/ydlidar_sdk/share/YDLIDAR_SDK/doc/howto/images/cpack.png
-- Up-to-date: /home/agilex/limo_ros2_ws/install/ydlidar_sdk/share/YDLIDAR_SDK/doc/howto/images/csharp_library.png
-- Up-to-date: /home/agilex/limo_ros2_ws/install/ydlidar_sdk/share/YDLIDAR_SDK/doc/howto/images/csharp_exception.png
-- Up-to-date: /home/agilex/limo_ros2_ws/install/ydlidar_sdk/share/YDLIDAR_SDK/doc/howto/images/ttyUSB1.png
-- Up-to-date: /home/agilex/limo_ros2_ws/install/ydlidar_sdk/share/YDLIDAR_SDK/doc/howto/images/sdk_init.png
-- Up-to-date: /home/agilex/limo_ros2_ws/install/ydlidar_sdk/share/YDLIDAR_SDK/doc/howto/images/ttyUSB0.png
-- Up-to-date: /home/agilex/limo_ros2_ws/install/ydlidar_sdk/share/YDLIDAR_SDK/doc/howto/images/csharp_build.png
-- Up-to-date: /home/agilex/limo_ros2_ws/install/ydlidar_sdk/share/YDLIDAR_SDK/doc/howto/images/ydlidar_lidar_monitor.png
-- Up-to-date: /home/agilex/limo_ros2_ws/install/ydlidar_sdk/share/YDLIDAR_SDK/doc/howto/how_to_solve_slow_pull_from_cn.md
-- Up-to-date: /home/agilex/limo_ros2_ws/install/ydlidar_sdk/share/YDLIDAR_SDK/doc/howto/how_to_build_and_debug_using_vscode.md
-- Up-to-date: /home/agilex/limo_ros2_ws/install/ydlidar_sdk/share/YDLIDAR_SDK/doc/howto/how_to_create_a_pull.md
-- Up-to-date: /home/agilex/limo_ros2_ws/install/ydlidar_sdk/share/YDLIDAR_SDK/doc/howto/README.md
-- Up-to-date: /home/agilex/limo_ros2_ws/install/ydlidar_sdk/share/YDLIDAR_SDK/doc/howto/how_to_create_a_csharp_project.md
-- Up-to-date: /home/agilex/limo_ros2_ws/install/ydlidar_sdk/share/YDLIDAR_SDK/doc/howto/how_to_build_and_install.md
-- Up-to-date: /home/agilex/limo_ros2_ws/install/ydlidar_sdk/share/YDLIDAR_SDK/doc/YDLidar-SDK-Communication-Protocol.md
-- Up-to-date: /home/agilex/limo_ros2_ws/install/ydlidar_sdk/share/YDLIDAR_SDK/doc/quickstart
-- Up-to-date: /home/agilex/limo_ros2_ws/install/ydlidar_sdk/share/YDLIDAR_SDK/doc/quickstart/ydlidar_sdk_software_installation_guide.md
-- Up-to-date: /home/agilex/limo_ros2_ws/install/ydlidar_sdk/share/YDLIDAR_SDK/doc/quickstart/README.md
-- Up-to-date: /home/agilex/limo_ros2_ws/install/ydlidar_sdk/share/YDLIDAR_SDK/doc/YDLidar-SDK-Communication-Protocol.html
-- Up-to-date: /home/agilex/limo_ros2_ws/install/ydlidar_sdk/share/YDLIDAR_SDK/doc/YDLIDAR_SDK_API_for_Developers.md
-- Up-to-date: /home/agilex/limo_ros2_ws/install/ydlidar_sdk/share/YDLIDAR_SDK/doc/FAQs
-- Up-to-date: /home/agilex/limo_ros2_ws/install/ydlidar_sdk/share/YDLIDAR_SDK/doc/FAQs/General_FAQs.md
-- Up-to-date: /home/agilex/limo_ros2_ws/install/ydlidar_sdk/share/YDLIDAR_SDK/doc/FAQs/Hardware_FAQs_cn.md
-- Up-to-date: /home/agilex/limo_ros2_ws/install/ydlidar_sdk/share/YDLIDAR_SDK/doc/FAQs/Hardware_FAQs.md
-- Up-to-date: /home/agilex/limo_ros2_ws/install/ydlidar_sdk/share/YDLIDAR_SDK/doc/FAQs/Software_FAQs_cn.md
-- Up-to-date: /home/agilex/limo_ros2_ws/install/ydlidar_sdk/share/YDLIDAR_SDK/doc/FAQs/Software_FAQs.md
-- Up-to-date: /home/agilex/limo_ros2_ws/install/ydlidar_sdk/share/YDLIDAR_SDK/doc/FAQs/General_FAQs_cn.md
-- Up-to-date: /home/agilex/limo_ros2_ws/install/ydlidar_sdk/share/YDLIDAR_SDK/doc/FAQs/README.md
-- Up-to-date: /home/agilex/limo_ros2_ws/install/ydlidar_sdk/share/YDLIDAR_SDK/doc/tutorials
-- Up-to-date: /home/agilex/limo_ros2_ws/install/ydlidar_sdk/share/YDLIDAR_SDK/doc/tutorials/writing_lidar_network_adapter_tutorial_c++.md
-- Up-to-date: /home/agilex/limo_ros2_ws/install/ydlidar_sdk/share/YDLIDAR_SDK/doc/tutorials/writing_lidar_tutorial_python.md
-- Up-to-date: /home/agilex/limo_ros2_ws/install/ydlidar_sdk/share/YDLIDAR_SDK/doc/tutorials/writing_lidar_tutorial_c.md
-- Up-to-date: /home/agilex/limo_ros2_ws/install/ydlidar_sdk/share/YDLIDAR_SDK/doc/tutorials/writing_lidar_tutorial_c++.md
-- Up-to-date: /home/agilex/limo_ros2_ws/install/ydlidar_sdk/share/YDLIDAR_SDK/doc/tutorials/examine_the_simple_lidar_tutorial.md
-- Up-to-date: /home/agilex/limo_ros2_ws/install/ydlidar_sdk/share/YDLIDAR_SDK/doc/SDK.pdf
-- Up-to-date: /home/agilex/limo_ros2_ws/install/ydlidar_sdk/share/YDLIDAR_SDK/doc/YDLidar-SDK-Communication-Protocol.pdf
-- Up-to-date: /home/agilex/limo_ros2_ws/install/ydlidar_sdk/share/YDLIDAR_SDK/doc/Diagram.md
-- Up-to-date: /home/agilex/limo_ros2_ws/install/ydlidar_sdk/share/YDLIDAR_SDK/doc/README.md
-- Up-to-date: /home/agilex/limo_ros2_ws/install/ydlidar_sdk/startup/initenv.sh
-- Up-to-date: /home/agilex/limo_ros2_ws/install/ydlidar_sdk/bin/et_test
-- Up-to-date: /home/agilex/limo_ros2_ws/install/ydlidar_sdk/bin/gs_test
-- Up-to-date: /home/agilex/limo_ros2_ws/install/ydlidar_sdk/bin/tmini_test
-- Up-to-date: /home/agilex/limo_ros2_ws/install/ydlidar_sdk/bin/tof_test
-- Up-to-date: /home/agilex/limo_ros2_ws/install/ydlidar_sdk/bin/tri_and_gs_test
-- Up-to-date: /home/agilex/limo_ros2_ws/install/ydlidar_sdk/bin/tri_test
-- Up-to-date: /home/agilex/limo_ros2_ws/install/ydlidar_sdk/bin/lidar_c_api_test
-- Up-to-date: /home/agilex/limo_ros2_ws/install/ydlidar_sdk/lib/python3/dist-packages/_ydlidar.so
-- Up-to-date: /home/agilex/limo_ros2_ws/install/ydlidar_sdk/lib/python3/dist-packages/ydlidar.py
-- Up-to-date: /home/agilex/limo_ros2_ws/install/ydlidar_sdk/bin/etlidar_test.py
-- Up-to-date: /home/agilex/limo_ros2_ws/install/ydlidar_sdk/bin/plot_tof_test.py
-- Up-to-date: /home/agilex/limo_ros2_ws/install/ydlidar_sdk/bin/plot_ydlidar_test.py
-- Up-to-date: /home/agilex/limo_ros2_ws/install/ydlidar_sdk/bin/test.py
-- Up-to-date: /home/agilex/limo_ros2_ws/install/ydlidar_sdk/bin/tof_test.py
-- Up-to-date: /home/agilex/limo_ros2_ws/install/ydlidar_sdk/bin/ydlidar_test.py
