[0.038s] Invoking command in '/home/agilex/limo_ros2_ws/build/ydlidar_sdk': /usr/bin/cmake /home/agilex/limo_ros2_ws/src/YDLidar-SDK -DCMAKE_INSTALL_PREFIX=/home/agilex/limo_ros2_ws/install/ydlidar_sdk
[0.099s] -- Current platform: Linux
[0.101s] CMake Deprecation Warning at CMakeLists.txt:50 (cmake_policy):
[0.102s]   The OLD behavior for policy CMP0053 will be removed from a future version
[0.102s]   of CMake.
[0.102s] 
[0.102s]   The cmake-policies(7) manual explains that the OLD behaviors of all
[0.102s]   policies are deprecated and that a policy should be set to OLD only under
[0.102s]   specific short-term circumstances.  Projects should be ported to the NEW
[0.103s]   behavior and not rely on setting a policy to OLD.
[0.103s] 
[0.103s] 
[0.103s] CMake Deprecation Warning at CMakeLists.txt:53 (cmake_policy):
[0.103s]   The OLD behavior for policy CMP0037 will be removed from a future version
[0.103s]   of CMake.
[0.103s] 
[0.103s]   The cmake-policies(7) manual explains that the OLD behaviors of all
[0.103s]   policies are deprecated and that a policy should be set to OLD only under
[0.104s]   specific short-term circumstances.  Projects should be ported to the NEW
[0.104s]   behavior and not rely on setting a policy to OLD.
[0.104s] 
[0.104s] 
[0.104s] CMake Deprecation Warning at CMakeLists.txt:56 (cmake_policy):
[0.104s]   The OLD behavior for policy CMP0043 will be removed from a future version
[0.104s]   of CMake.
[0.104s] 
[0.105s]   The cmake-policies(7) manual explains that the OLD behaviors of all
[0.105s]   policies are deprecated and that a policy should be set to OLD only under
[0.105s]   specific short-term circumstances.  Projects should be ported to the NEW
[0.105s]   behavior and not rely on setting a policy to OLD.
[0.105s] 
[0.105s] 
[0.325s] -- build python API....
[0.329s] CMake Warning (dev) at /usr/share/cmake-3.16/Modules/UseSWIG.cmake:607 (message):
[0.329s]   Policy CMP0078 is not set: UseSWIG generates standard target names.  Run
[0.329s]   "cmake --help-policy CMP0078" for policy details.  Use the cmake_policy
[0.330s]   command to set the policy and suppress this warning.
[0.330s] 
[0.330s] Call Stack (most recent call first):
[0.330s]   python/CMakeLists.txt:35 (swig_add_library)
[0.330s] This warning is for project developers.  Use -Wno-dev to suppress it.
[0.330s] 
[0.333s] CMake Warning (dev) at /usr/share/cmake-3.16/Modules/UseSWIG.cmake:460 (message):
[0.333s]   Policy CMP0086 is not set: UseSWIG honors SWIG_MODULE_NAME via -module
[0.333s]   flag.  Run "cmake --help-policy CMP0086" for policy details.  Use the
[0.333s]   cmake_policy command to set the policy and suppress this warning.
[0.333s] 
[0.334s] Call Stack (most recent call first):
[0.334s]   /usr/share/cmake-3.16/Modules/UseSWIG.cmake:702 (SWIG_ADD_SOURCE_TO_MODULE)
[0.334s]   python/CMakeLists.txt:35 (swig_add_library)
[0.334s] This warning is for project developers.  Use -Wno-dev to suppress it.
[0.334s] 
[0.418s] -- build test is ON.....
[0.425s] CMake Deprecation Warning at cmake/install_package.cmake:101 (cmake_policy):
[0.426s]   The OLD behavior for policy CMP0026 will be removed from a future version
[0.426s]   of CMake.
[0.426s] 
[0.426s]   The cmake-policies(7) manual explains that the OLD behaviors of all
[0.426s]   policies are deprecated and that a policy should be set to OLD only under
[0.426s]   specific short-term circumstances.  Projects should be ported to the NEW
[0.426s]   behavior and not rely on setting a policy to OLD.
[0.427s] Call Stack (most recent call first):
[0.427s]   CMakeLists.txt:168 (install_package)
[0.427s] 
[0.427s] 
[0.427s] CMake Warning (dev) at cmake/install_package.cmake:191 (install):
[0.427s]   Policy CMP0062 is not set: Disallow install() of export() result.  Run
[0.428s]   "cmake --help-policy CMP0062" for policy details.  Use the cmake_policy
[0.428s]   command to set the policy and suppress this warning.
[0.428s] 
[0.428s]   The file
[0.428s] 
[0.428s]     /home/agilex/limo_ros2_ws/build/ydlidar_sdk/ydlidar_sdkTargets.cmake
[0.428s] 
[0.428s]   was generated by the export() command.  It should not be installed with the
[0.429s]   install() command.  Use the install(EXPORT) mechanism instead.  See the
[0.429s]   cmake-packages(7) manual for more.
[0.429s] 
[0.429s] Call Stack (most recent call first):
[0.430s]   CMakeLists.txt:168 (install_package)
[0.430s] This warning is for project developers.  Use -Wno-dev to suppress it.
[0.430s] 
[0.458s] -- 
[0.458s] -- +===========================================================================+
[0.459s] -- |         Resulting configuration for                             |
[0.459s] -- +===========================================================================+
[0.459s] --  _________________________ PLATFORM _____________________________
[0.459s] --  Host                        : Linux5.10.120-tegraaarch64
[0.459s] --  Is the system big endian?   :  No 
[0.459s] --  Word size (32/64 bit)       : 64
[0.459s] --  CMake version               : 3.16.3
[0.460s] --  CMake generator             : Unix Makefiles
[0.460s] --  CMake build tool            : /usr/bin/make
[0.460s] --  Compiler                    : GNU
[0.460s] --  Configuration               : Release
[0.460s] -- C++ flags (Release):      -std=c++11 -O3 -DNDEBUG
[0.460s] -- 
[0.460s] --  __________________________ OPTIONS _____________________________
[0.460s] --  Build YDLidar-SDK as a shared library?　　 :  No 
[0.461s] --  Build Examples?　　　　　　　　　　　　　　 : Yes 
[0.461s] --  Build C Sharp API?　　　　　　　　　　　　 :  No 
[0.461s] --  Build TEST?  			　　　 : Yes 
[0.461s] -- 
[0.461s] --  _________________________ INSTALL _____________________
[0.461s] --  Install prefix                    : /home/agilex/limo_ros2_ws/install/ydlidar_sdk
[0.461s] -- 
[0.461s] --  _______________________ WRAPPERS/BINDINGS ______________________
[0.462s] --  Python bindings (pyydlidar)   : Yes 
[0.462s] --   - dep: Swig found?       : Yes [Version: 4.0.1]
[0.462s] --   - dep: PythonLibs found?  : Yes [Version: 3.8.10]
[0.462s] -- 
[0.477s] -- Configuring done
[0.574s] -- Generating done
[0.582s] -- Build files have been written to: /home/agilex/limo_ros2_ws/build/ydlidar_sdk
[0.602s] Invoked command in '/home/agilex/limo_ros2_ws/build/ydlidar_sdk' returned '0': /usr/bin/cmake /home/agilex/limo_ros2_ws/src/YDLidar-SDK -DCMAKE_INSTALL_PREFIX=/home/agilex/limo_ros2_ws/install/ydlidar_sdk
[0.604s] Invoking command in '/home/agilex/limo_ros2_ws/build/ydlidar_sdk': /usr/bin/cmake --build /home/agilex/limo_ros2_ws/build/ydlidar_sdk -- -j6 -l6
[0.808s] [ 47%] Built target ydlidar_sdk
[0.815s] [ 50%] Built target ydlidar_swig_compilation
[0.956s] [ 55%] Built target tof_test
[0.967s] [ 61%] Built target gs_test
[0.986s] [ 66%] Built target tri_test
[0.987s] [ 72%] Built target et_test
[0.991s] [ 77%] Built target tri_and_gs_test
[0.994s] [ 83%] Built target tmini_test
[1.085s] [ 88%] Built target lidar_c_api_test
[1.091s] [ 94%] Built target lidar_test
[1.100s] [100%] Built target _ydlidar
[1.139s] Invoked command in '/home/agilex/limo_ros2_ws/build/ydlidar_sdk' returned '0': /usr/bin/cmake --build /home/agilex/limo_ros2_ws/build/ydlidar_sdk -- -j6 -l6
[1.460s] Invoking command in '/home/agilex/limo_ros2_ws/build/ydlidar_sdk': /usr/bin/cmake --install /home/agilex/limo_ros2_ws/build/ydlidar_sdk
[1.501s] -- Install configuration: "Release"
[1.502s] -- Up-to-date: /home/agilex/limo_ros2_ws/install/ydlidar_sdk/include/core/base/datatype.h
[1.502s] -- Up-to-date: /home/agilex/limo_ros2_ws/install/ydlidar_sdk/include/core/base/locker.h
[1.503s] -- Up-to-date: /home/agilex/limo_ros2_ws/install/ydlidar_sdk/include/core/base/thread.h
[1.503s] -- Up-to-date: /home/agilex/limo_ros2_ws/install/ydlidar_sdk/include/core/base/timer.h
[1.503s] -- Up-to-date: /home/agilex/limo_ros2_ws/install/ydlidar_sdk/include/core/base/typedef.h
[1.503s] -- Up-to-date: /home/agilex/limo_ros2_ws/install/ydlidar_sdk/include/core/base/utils.h
[1.504s] -- Up-to-date: /home/agilex/limo_ros2_ws/install/ydlidar_sdk/include/core/base/v8stdint.h
[1.504s] -- Up-to-date: /home/agilex/limo_ros2_ws/install/ydlidar_sdk/include/core/base/ydlidar.h
[1.504s] -- Up-to-date: /home/agilex/limo_ros2_ws/install/ydlidar_sdk/include/core/common/ChannelDevice.h
[1.504s] -- Up-to-date: /home/agilex/limo_ros2_ws/install/ydlidar_sdk/include/core/common/DriverInterface.h
[1.505s] -- Up-to-date: /home/agilex/limo_ros2_ws/install/ydlidar_sdk/include/core/common/ydlidar_datatype.h
[1.505s] -- Up-to-date: /home/agilex/limo_ros2_ws/install/ydlidar_sdk/include/core/common/ydlidar_def.h
[1.505s] -- Up-to-date: /home/agilex/limo_ros2_ws/install/ydlidar_sdk/include/core/common/ydlidar_help.h
[1.505s] -- Up-to-date: /home/agilex/limo_ros2_ws/install/ydlidar_sdk/include/core/common/ydlidar_protocol.h
[1.505s] -- Up-to-date: /home/agilex/limo_ros2_ws/install/ydlidar_sdk/include/core/math/angles.h
[1.506s] -- Up-to-date: /home/agilex/limo_ros2_ws/install/ydlidar_sdk/include/core/network/ActiveSocket.h
[1.506s] -- Up-to-date: /home/agilex/limo_ros2_ws/install/ydlidar_sdk/include/core/network/PassiveSocket.h
[1.506s] -- Up-to-date: /home/agilex/limo_ros2_ws/install/ydlidar_sdk/include/core/network/SimpleSocket.h
[1.506s] -- Up-to-date: /home/agilex/limo_ros2_ws/install/ydlidar_sdk/include/core/network/StatTimer.h
[1.506s] -- Up-to-date: /home/agilex/limo_ros2_ws/install/ydlidar_sdk/include/core/serial/common.h
[1.507s] -- Up-to-date: /home/agilex/limo_ros2_ws/install/ydlidar_sdk/include/core/serial/serial.h
[1.507s] -- Up-to-date: /home/agilex/limo_ros2_ws/install/ydlidar_sdk/include/core/serial/impl/unix/lock.h
[1.507s] -- Up-to-date: /home/agilex/limo_ros2_ws/install/ydlidar_sdk/include/core/serial/impl/unix/unix.h
[1.507s] -- Up-to-date: /home/agilex/limo_ros2_ws/install/ydlidar_sdk/include/core/serial/impl/unix/unix_serial.h
[1.510s] -- Up-to-date: /home/agilex/limo_ros2_ws/install/ydlidar_sdk/include/src/CYdLidar.h
[1.510s] -- Up-to-date: /home/agilex/limo_ros2_ws/install/ydlidar_sdk/include/src/ETLidarDriver.h
[1.510s] -- Up-to-date: /home/agilex/limo_ros2_ws/install/ydlidar_sdk/include/src/GS1LidarDriver.h
[1.510s] -- Up-to-date: /home/agilex/limo_ros2_ws/install/ydlidar_sdk/include/src/GS2LidarDriver.h
[1.510s] -- Up-to-date: /home/agilex/limo_ros2_ws/install/ydlidar_sdk/include/src/YDlidarDriver.h
[1.511s] -- Up-to-date: /home/agilex/limo_ros2_ws/install/ydlidar_sdk/include/src/ydlidar_sdk.h
[1.512s] -- Up-to-date: /home/agilex/limo_ros2_ws/install/ydlidar_sdk/include/src/filters/FilterInterface.h
[1.512s] -- Up-to-date: /home/agilex/limo_ros2_ws/install/ydlidar_sdk/include/src/filters/NoiseFilter.h
[1.512s] -- Up-to-date: /home/agilex/limo_ros2_ws/install/ydlidar_sdk/include/ydlidar_config.h
[1.513s] -- Up-to-date: /home/agilex/limo_ros2_ws/install/ydlidar_sdk/lib/libydlidar_sdk.a
[1.513s] -- Up-to-date: /home/agilex/limo_ros2_ws/install/ydlidar_sdk/lib/pkgconfig/YDLIDAR_SDK.pc
[1.514s] -- Up-to-date: /home/agilex/limo_ros2_ws/install/ydlidar_sdk/lib/cmake/ydlidar_sdk/ydlidar_sdkConfig.cmake
[1.517s] -- Installing: /home/agilex/limo_ros2_ws/install/ydlidar_sdk/lib/cmake/ydlidar_sdk/ydlidar_sdkTargets.cmake
[1.518s] -- Up-to-date: /home/agilex/limo_ros2_ws/install/ydlidar_sdk/lib/cmake/ydlidar_sdk/ydlidar_sdkConfigVersion.cmake
[1.518s] -- Up-to-date: /home/agilex/limo_ros2_ws/install/ydlidar_sdk/share/YDLIDAR_SDK/FindYDLIDAR_SDK.cmake
[1.518s] -- Up-to-date: /home/agilex/limo_ros2_ws/install/ydlidar_sdk/share/YDLIDAR_SDK
[1.518s] -- Up-to-date: /home/agilex/limo_ros2_ws/install/ydlidar_sdk/share/YDLIDAR_SDK/cmake_uninstall.cmake.in
[1.519s] -- Up-to-date: /home/agilex/limo_ros2_ws/install/ydlidar_sdk/share/YDLIDAR_SDK/PackageConfigVersion.cmake.in
[1.519s] -- Up-to-date: /home/agilex/limo_ros2_ws/install/ydlidar_sdk/share/YDLIDAR_SDK/PkgConfig.pc.in
[1.519s] -- Up-to-date: /home/agilex/limo_ros2_ws/install/ydlidar_sdk/share/YDLIDAR_SDK/install_package.cmake
[1.519s] -- Up-to-date: /home/agilex/limo_ros2_ws/install/ydlidar_sdk/share/YDLIDAR_SDK/common
[1.519s] -- Up-to-date: /home/agilex/limo_ros2_ws/install/ydlidar_sdk/share/YDLIDAR_SDK/common/ydlidar_base.cmake
[1.519s] -- Up-to-date: /home/agilex/limo_ros2_ws/install/ydlidar_sdk/share/YDLIDAR_SDK/common/ydlidar_parse.cmake
[1.519s] -- Up-to-date: /home/agilex/limo_ros2_ws/install/ydlidar_sdk/share/YDLIDAR_SDK/script_show_final_summary.cmake
[1.524s] -- Up-to-date: /home/agilex/limo_ros2_ws/install/ydlidar_sdk/share/YDLIDAR_SDK/FindPackage.cmake.in
[1.525s] -- Up-to-date: /home/agilex/limo_ros2_ws/install/ydlidar_sdk/share/YDLIDAR_SDK/PackageConfig.cmake.in
[1.529s] -- Up-to-date: /home/agilex/limo_ros2_ws/install/ydlidar_sdk/share/YDLIDAR_SDK/LICENSE.txt
[1.529s] -- Up-to-date: /home/agilex/limo_ros2_ws/install/ydlidar_sdk/share/YDLIDAR_SDK/README.md
[1.529s] -- Up-to-date: /home/agilex/limo_ros2_ws/install/ydlidar_sdk/share/YDLIDAR_SDK/doc
[1.529s] -- Up-to-date: /home/agilex/limo_ros2_ws/install/ydlidar_sdk/share/YDLIDAR_SDK/doc/images
[1.530s] -- Up-to-date: /home/agilex/limo_ros2_ws/install/ydlidar_sdk/share/YDLIDAR_SDK/doc/images/system_workflow.png
[1.530s] -- Up-to-date: /home/agilex/limo_ros2_ws/install/ydlidar_sdk/share/YDLIDAR_SDK/doc/images/sdk_scanning.png
[1.530s] -- Up-to-date: /home/agilex/limo_ros2_ws/install/ydlidar_sdk/share/YDLIDAR_SDK/doc/images/YDLidar.png
[1.530s] -- Up-to-date: /home/agilex/limo_ros2_ws/install/ydlidar_sdk/share/YDLIDAR_SDK/doc/images/FlowChart.png
[1.530s] -- Up-to-date: /home/agilex/limo_ros2_ws/install/ydlidar_sdk/share/YDLIDAR_SDK/doc/images/frame.png
[1.530s] -- Up-to-date: /home/agilex/limo_ros2_ws/install/ydlidar_sdk/share/YDLIDAR_SDK/doc/images/angle_q2.png
[1.530s] -- Up-to-date: /home/agilex/limo_ros2_ws/install/ydlidar_sdk/share/YDLIDAR_SDK/doc/images/communication_mechanism.png
[1.531s] -- Up-to-date: /home/agilex/limo_ros2_ws/install/ydlidar_sdk/share/YDLIDAR_SDK/doc/images/sequence.png
[1.531s] -- Up-to-date: /home/agilex/limo_ros2_ws/install/ydlidar_sdk/share/YDLIDAR_SDK/doc/images/EAI.png
[1.531s] -- Up-to-date: /home/agilex/limo_ros2_ws/install/ydlidar_sdk/share/YDLIDAR_SDK/doc/images/sdk_architecture.png
[1.531s] -- Up-to-date: /home/agilex/limo_ros2_ws/install/ydlidar_sdk/share/YDLIDAR_SDK/doc/images/frame_intensity.png
[1.531s] -- Up-to-date: /home/agilex/limo_ros2_ws/install/ydlidar_sdk/share/YDLIDAR_SDK/doc/images/YDLidar.jpg
[1.531s] -- Up-to-date: /home/agilex/limo_ros2_ws/install/ydlidar_sdk/share/YDLIDAR_SDK/doc/images/sdk_init.png
[1.531s] -- Up-to-date: /home/agilex/limo_ros2_ws/install/ydlidar_sdk/share/YDLIDAR_SDK/doc/YDLidar_SDK_Communication_Protocol.pdf
[1.532s] -- Up-to-date: /home/agilex/limo_ros2_ws/install/ydlidar_sdk/share/YDLIDAR_SDK/doc/Dataset.md
[1.532s] -- Up-to-date: /home/agilex/limo_ros2_ws/install/ydlidar_sdk/share/YDLIDAR_SDK/doc/Tutorials.md
[1.532s] -- Up-to-date: /home/agilex/limo_ros2_ws/install/ydlidar_sdk/share/YDLIDAR_SDK/doc/howto
[1.532s] -- Up-to-date: /home/agilex/limo_ros2_ws/install/ydlidar_sdk/share/YDLIDAR_SDK/doc/howto/how_to_gerenrate_vs_project_by_cmake.md
[1.532s] -- Up-to-date: /home/agilex/limo_ros2_ws/install/ydlidar_sdk/share/YDLIDAR_SDK/doc/howto/how_to_create_a_udev_rules.md
[1.532s] -- Up-to-date: /home/agilex/limo_ros2_ws/install/ydlidar_sdk/share/YDLIDAR_SDK/doc/howto/images
[1.533s] -- Up-to-date: /home/agilex/limo_ros2_ws/install/ydlidar_sdk/share/YDLIDAR_SDK/doc/howto/images/csharp_running.png
[1.533s] -- Up-to-date: /home/agilex/limo_ros2_ws/install/ydlidar_sdk/share/YDLIDAR_SDK/doc/howto/images/sdk_scanning.png
[1.533s] -- Up-to-date: /home/agilex/limo_ros2_ws/install/ydlidar_sdk/share/YDLIDAR_SDK/doc/howto/images/vscode
[1.533s] -- Up-to-date: /home/agilex/limo_ros2_ws/install/ydlidar_sdk/share/YDLIDAR_SDK/doc/howto/images/vscode/run_tasks.jpg
[1.533s] -- Up-to-date: /home/agilex/limo_ros2_ws/install/ydlidar_sdk/share/YDLIDAR_SDK/doc/howto/images/vscode/tasks.png
[1.534s] -- Up-to-date: /home/agilex/limo_ros2_ws/install/ydlidar_sdk/share/YDLIDAR_SDK/doc/howto/images/csharp_project.png
[1.534s] -- Up-to-date: /home/agilex/limo_ros2_ws/install/ydlidar_sdk/share/YDLIDAR_SDK/doc/howto/images/sequence.png
[1.535s] -- Up-to-date: /home/agilex/limo_ros2_ws/install/ydlidar_sdk/share/YDLIDAR_SDK/doc/howto/images/cpack.png
[1.535s] -- Up-to-date: /home/agilex/limo_ros2_ws/install/ydlidar_sdk/share/YDLIDAR_SDK/doc/howto/images/csharp_library.png
[1.536s] -- Up-to-date: /home/agilex/limo_ros2_ws/install/ydlidar_sdk/share/YDLIDAR_SDK/doc/howto/images/csharp_exception.png
[1.536s] -- Up-to-date: /home/agilex/limo_ros2_ws/install/ydlidar_sdk/share/YDLIDAR_SDK/doc/howto/images/ttyUSB1.png
[1.537s] -- Up-to-date: /home/agilex/limo_ros2_ws/install/ydlidar_sdk/share/YDLIDAR_SDK/doc/howto/images/sdk_init.png
[1.537s] -- Up-to-date: /home/agilex/limo_ros2_ws/install/ydlidar_sdk/share/YDLIDAR_SDK/doc/howto/images/ttyUSB0.png
[1.537s] -- Up-to-date: /home/agilex/limo_ros2_ws/install/ydlidar_sdk/share/YDLIDAR_SDK/doc/howto/images/csharp_build.png
[1.537s] -- Up-to-date: /home/agilex/limo_ros2_ws/install/ydlidar_sdk/share/YDLIDAR_SDK/doc/howto/images/ydlidar_lidar_monitor.png
[1.538s] -- Up-to-date: /home/agilex/limo_ros2_ws/install/ydlidar_sdk/share/YDLIDAR_SDK/doc/howto/how_to_solve_slow_pull_from_cn.md
[1.538s] -- Up-to-date: /home/agilex/limo_ros2_ws/install/ydlidar_sdk/share/YDLIDAR_SDK/doc/howto/how_to_build_and_debug_using_vscode.md
[1.538s] -- Up-to-date: /home/agilex/limo_ros2_ws/install/ydlidar_sdk/share/YDLIDAR_SDK/doc/howto/how_to_create_a_pull.md
[1.539s] -- Up-to-date: /home/agilex/limo_ros2_ws/install/ydlidar_sdk/share/YDLIDAR_SDK/doc/howto/README.md
[1.539s] -- Up-to-date: /home/agilex/limo_ros2_ws/install/ydlidar_sdk/share/YDLIDAR_SDK/doc/howto/how_to_create_a_csharp_project.md
[1.540s] -- Up-to-date: /home/agilex/limo_ros2_ws/install/ydlidar_sdk/share/YDLIDAR_SDK/doc/howto/how_to_build_and_install.md
[1.540s] -- Up-to-date: /home/agilex/limo_ros2_ws/install/ydlidar_sdk/share/YDLIDAR_SDK/doc/YDLidar-SDK-Communication-Protocol.md
[1.540s] -- Up-to-date: /home/agilex/limo_ros2_ws/install/ydlidar_sdk/share/YDLIDAR_SDK/doc/quickstart
[1.541s] -- Up-to-date: /home/agilex/limo_ros2_ws/install/ydlidar_sdk/share/YDLIDAR_SDK/doc/quickstart/ydlidar_sdk_software_installation_guide.md
[1.541s] -- Up-to-date: /home/agilex/limo_ros2_ws/install/ydlidar_sdk/share/YDLIDAR_SDK/doc/quickstart/README.md
[1.541s] -- Up-to-date: /home/agilex/limo_ros2_ws/install/ydlidar_sdk/share/YDLIDAR_SDK/doc/YDLidar-SDK-Communication-Protocol.html
[1.541s] -- Up-to-date: /home/agilex/limo_ros2_ws/install/ydlidar_sdk/share/YDLIDAR_SDK/doc/YDLIDAR_SDK_API_for_Developers.md
[1.541s] -- Up-to-date: /home/agilex/limo_ros2_ws/install/ydlidar_sdk/share/YDLIDAR_SDK/doc/FAQs
[1.567s] -- Up-to-date: /home/agilex/limo_ros2_ws/install/ydlidar_sdk/share/YDLIDAR_SDK/doc/FAQs/General_FAQs.md
[1.567s] -- Up-to-date: /home/agilex/limo_ros2_ws/install/ydlidar_sdk/share/YDLIDAR_SDK/doc/FAQs/Hardware_FAQs_cn.md
[1.568s] -- Up-to-date: /home/agilex/limo_ros2_ws/install/ydlidar_sdk/share/YDLIDAR_SDK/doc/FAQs/Hardware_FAQs.md
[1.568s] -- Up-to-date: /home/agilex/limo_ros2_ws/install/ydlidar_sdk/share/YDLIDAR_SDK/doc/FAQs/Software_FAQs_cn.md
[1.569s] -- Up-to-date: /home/agilex/limo_ros2_ws/install/ydlidar_sdk/share/YDLIDAR_SDK/doc/FAQs/Software_FAQs.md
[1.569s] -- Up-to-date: /home/agilex/limo_ros2_ws/install/ydlidar_sdk/share/YDLIDAR_SDK/doc/FAQs/General_FAQs_cn.md
[1.570s] -- Up-to-date: /home/agilex/limo_ros2_ws/install/ydlidar_sdk/share/YDLIDAR_SDK/doc/FAQs/README.md
[1.570s] -- Up-to-date: /home/agilex/limo_ros2_ws/install/ydlidar_sdk/share/YDLIDAR_SDK/doc/tutorials
[1.571s] -- Up-to-date: /home/agilex/limo_ros2_ws/install/ydlidar_sdk/share/YDLIDAR_SDK/doc/tutorials/writing_lidar_network_adapter_tutorial_c++.md
[1.573s] -- Up-to-date: /home/agilex/limo_ros2_ws/install/ydlidar_sdk/share/YDLIDAR_SDK/doc/tutorials/writing_lidar_tutorial_python.md
[1.576s] -- Up-to-date: /home/agilex/limo_ros2_ws/install/ydlidar_sdk/share/YDLIDAR_SDK/doc/tutorials/writing_lidar_tutorial_c.md
[1.581s] -- Up-to-date: /home/agilex/limo_ros2_ws/install/ydlidar_sdk/share/YDLIDAR_SDK/doc/tutorials/writing_lidar_tutorial_c++.md
[1.581s] -- Up-to-date: /home/agilex/limo_ros2_ws/install/ydlidar_sdk/share/YDLIDAR_SDK/doc/tutorials/examine_the_simple_lidar_tutorial.md
[1.582s] -- Up-to-date: /home/agilex/limo_ros2_ws/install/ydlidar_sdk/share/YDLIDAR_SDK/doc/SDK.pdf
[1.582s] -- Up-to-date: /home/agilex/limo_ros2_ws/install/ydlidar_sdk/share/YDLIDAR_SDK/doc/YDLidar-SDK-Communication-Protocol.pdf
[1.582s] -- Up-to-date: /home/agilex/limo_ros2_ws/install/ydlidar_sdk/share/YDLIDAR_SDK/doc/Diagram.md
[1.583s] -- Up-to-date: /home/agilex/limo_ros2_ws/install/ydlidar_sdk/share/YDLIDAR_SDK/doc/README.md
[1.583s] -- Up-to-date: /home/agilex/limo_ros2_ws/install/ydlidar_sdk/startup/initenv.sh
[1.585s] -- Up-to-date: /home/agilex/limo_ros2_ws/install/ydlidar_sdk/bin/et_test
[1.585s] -- Up-to-date: /home/agilex/limo_ros2_ws/install/ydlidar_sdk/bin/gs_test
[1.585s] -- Up-to-date: /home/agilex/limo_ros2_ws/install/ydlidar_sdk/bin/tmini_test
[1.586s] -- Up-to-date: /home/agilex/limo_ros2_ws/install/ydlidar_sdk/bin/tof_test
[1.586s] -- Up-to-date: /home/agilex/limo_ros2_ws/install/ydlidar_sdk/bin/tri_and_gs_test
[1.587s] -- Up-to-date: /home/agilex/limo_ros2_ws/install/ydlidar_sdk/bin/tri_test
[1.588s] -- Up-to-date: /home/agilex/limo_ros2_ws/install/ydlidar_sdk/bin/lidar_c_api_test
[1.591s] -- Up-to-date: /home/agilex/limo_ros2_ws/install/ydlidar_sdk/lib/python3/dist-packages/_ydlidar.so
[1.592s] -- Up-to-date: /home/agilex/limo_ros2_ws/install/ydlidar_sdk/lib/python3/dist-packages/ydlidar.py
[1.593s] -- Up-to-date: /home/agilex/limo_ros2_ws/install/ydlidar_sdk/bin/etlidar_test.py
[1.593s] -- Up-to-date: /home/agilex/limo_ros2_ws/install/ydlidar_sdk/bin/plot_tof_test.py
[1.594s] -- Up-to-date: /home/agilex/limo_ros2_ws/install/ydlidar_sdk/bin/plot_ydlidar_test.py
[1.595s] -- Up-to-date: /home/agilex/limo_ros2_ws/install/ydlidar_sdk/bin/test.py
[1.595s] -- Up-to-date: /home/agilex/limo_ros2_ws/install/ydlidar_sdk/bin/tof_test.py
[1.595s] -- Up-to-date: /home/agilex/limo_ros2_ws/install/ydlidar_sdk/bin/ydlidar_test.py
[1.601s] Invoked command in '/home/agilex/limo_ros2_ws/build/ydlidar_sdk' returned '0': /usr/bin/cmake --install /home/agilex/limo_ros2_ws/build/ydlidar_sdk
