[0.117s] Invoking command in '/home/agilex/limo_ros2_ws/build/orbbec_camera_msgs': CMAKE_PREFIX_PATH=${CMAKE_PREFIX_PATH}:/home/agilex/limo_ros2_ws/install/nav2_gazebo_spawner:/home/agilex/limo_ros2_ws/install/camera_calibration:/opt/ros/foxy /usr/bin/cmake --build /home/agilex/limo_ros2_ws/build/orbbec_camera_msgs -- -j6 -l6
[0.375s] [  0%] Built target orbbec_camera_msgs__cpp
[0.421s] [ 12%] Built target orbbec_camera_msgs__rosidl_generator_c
[0.677s] [ 24%] Built target orbbec_camera_msgs__rosidl_typesupport_introspection_cpp
[0.714s] [ 36%] Built target orbbec_camera_msgs__rosidl_typesupport_cpp
[0.717s] [ 48%] Built target orbbec_camera_msgs__rosidl_typesupport_introspection_c
[0.719s] [ 59%] Built target orbbec_camera_msgs__rosidl_typesupport_fastrtps_cpp
[0.738s] [ 71%] Built target orbbec_camera_msgs__rosidl_typesupport_c
[0.844s] [ 83%] Built target orbbec_camera_msgs__rosidl_typesupport_fastrtps_c
[0.926s] [ 83%] Built target orbbec_camera_msgs
[0.997s] [ 84%] Built target orbbec_camera_msgs__py
[1.176s] [ 95%] Built target orbbec_camera_msgs__python
[1.331s] [ 97%] Built target orbbec_camera_msgs__rosidl_typesupport_introspection_c__pyext
[1.340s] [ 98%] Built target orbbec_camera_msgs__rosidl_typesupport_c__pyext
[1.355s] [100%] Built target orbbec_camera_msgs__rosidl_typesupport_fastrtps_c__pyext
[1.472s] Invoked command in '/home/agilex/limo_ros2_ws/build/orbbec_camera_msgs' returned '0': CMAKE_PREFIX_PATH=${CMAKE_PREFIX_PATH}:/home/agilex/limo_ros2_ws/install/nav2_gazebo_spawner:/home/agilex/limo_ros2_ws/install/camera_calibration:/opt/ros/foxy /usr/bin/cmake --build /home/agilex/limo_ros2_ws/build/orbbec_camera_msgs -- -j6 -l6
[2.841s] Invoking command in '/home/agilex/limo_ros2_ws/build/orbbec_camera_msgs': CMAKE_PREFIX_PATH=${CMAKE_PREFIX_PATH}:/home/agilex/limo_ros2_ws/install/nav2_gazebo_spawner:/home/agilex/limo_ros2_ws/install/camera_calibration:/opt/ros/foxy /usr/bin/cmake --install /home/agilex/limo_ros2_ws/build/orbbec_camera_msgs
[2.879s] -- Install configuration: "Release"
[2.883s] -- Up-to-date: /home/agilex/limo_ros2_ws/install/orbbec_camera_msgs/share/ament_index/resource_index/rosidl_interfaces/orbbec_camera_msgs
[2.883s] -- Up-to-date: /home/agilex/limo_ros2_ws/install/orbbec_camera_msgs/include/orbbec_camera_msgs
[2.883s] -- Up-to-date: /home/agilex/limo_ros2_ws/install/orbbec_camera_msgs/include/orbbec_camera_msgs/msg
[2.883s] -- Up-to-date: /home/agilex/limo_ros2_ws/install/orbbec_camera_msgs/include/orbbec_camera_msgs/msg/rosidl_generator_c__visibility_control.h
[2.883s] -- Up-to-date: /home/agilex/limo_ros2_ws/install/orbbec_camera_msgs/include/orbbec_camera_msgs/msg/imu_info.h
[2.884s] -- Up-to-date: /home/agilex/limo_ros2_ws/install/orbbec_camera_msgs/include/orbbec_camera_msgs/msg/detail
[2.884s] -- Up-to-date: /home/agilex/limo_ros2_ws/install/orbbec_camera_msgs/include/orbbec_camera_msgs/msg/detail/device_info__functions.c
[2.884s] -- Up-to-date: /home/agilex/limo_ros2_ws/install/orbbec_camera_msgs/include/orbbec_camera_msgs/msg/detail/extrinsics__struct.h
[2.884s] -- Up-to-date: /home/agilex/limo_ros2_ws/install/orbbec_camera_msgs/include/orbbec_camera_msgs/msg/detail/device_info__type_support.h
[2.884s] -- Up-to-date: /home/agilex/limo_ros2_ws/install/orbbec_camera_msgs/include/orbbec_camera_msgs/msg/detail/extrinsics__type_support.h
[2.884s] -- Up-to-date: /home/agilex/limo_ros2_ws/install/orbbec_camera_msgs/include/orbbec_camera_msgs/msg/detail/rgbd__type_support.h
[2.884s] -- Up-to-date: /home/agilex/limo_ros2_ws/install/orbbec_camera_msgs/include/orbbec_camera_msgs/msg/detail/imu_info__functions.h
[2.885s] -- Up-to-date: /home/agilex/limo_ros2_ws/install/orbbec_camera_msgs/include/orbbec_camera_msgs/msg/detail/metadata__struct.h
[2.885s] -- Up-to-date: /home/agilex/limo_ros2_ws/install/orbbec_camera_msgs/include/orbbec_camera_msgs/msg/detail/rgbd__functions.c
[2.885s] -- Up-to-date: /home/agilex/limo_ros2_ws/install/orbbec_camera_msgs/include/orbbec_camera_msgs/msg/detail/metadata__functions.h
[2.885s] -- Up-to-date: /home/agilex/limo_ros2_ws/install/orbbec_camera_msgs/include/orbbec_camera_msgs/msg/detail/metadata__functions.c
[2.885s] -- Up-to-date: /home/agilex/limo_ros2_ws/install/orbbec_camera_msgs/include/orbbec_camera_msgs/msg/detail/device_info__struct.h
[2.888s] -- Up-to-date: /home/agilex/limo_ros2_ws/install/orbbec_camera_msgs/include/orbbec_camera_msgs/msg/detail/imu_info__type_support.h
[2.891s] -- Up-to-date: /home/agilex/limo_ros2_ws/install/orbbec_camera_msgs/include/orbbec_camera_msgs/msg/detail/imu_info__struct.h
[2.891s] -- Up-to-date: /home/agilex/limo_ros2_ws/install/orbbec_camera_msgs/include/orbbec_camera_msgs/msg/detail/device_info__functions.h
[2.891s] -- Up-to-date: /home/agilex/limo_ros2_ws/install/orbbec_camera_msgs/include/orbbec_camera_msgs/msg/detail/imu_info__functions.c
[2.891s] -- Up-to-date: /home/agilex/limo_ros2_ws/install/orbbec_camera_msgs/include/orbbec_camera_msgs/msg/detail/metadata__type_support.h
[2.891s] -- Up-to-date: /home/agilex/limo_ros2_ws/install/orbbec_camera_msgs/include/orbbec_camera_msgs/msg/detail/rgbd__functions.h
[2.891s] -- Up-to-date: /home/agilex/limo_ros2_ws/install/orbbec_camera_msgs/include/orbbec_camera_msgs/msg/detail/rgbd__struct.h
[2.895s] -- Up-to-date: /home/agilex/limo_ros2_ws/install/orbbec_camera_msgs/include/orbbec_camera_msgs/msg/detail/extrinsics__functions.h
[2.895s] -- Up-to-date: /home/agilex/limo_ros2_ws/install/orbbec_camera_msgs/include/orbbec_camera_msgs/msg/detail/extrinsics__functions.c
[2.895s] -- Up-to-date: /home/agilex/limo_ros2_ws/install/orbbec_camera_msgs/include/orbbec_camera_msgs/msg/extrinsics.h
[2.895s] -- Up-to-date: /home/agilex/limo_ros2_ws/install/orbbec_camera_msgs/include/orbbec_camera_msgs/msg/metadata.h
[2.895s] -- Up-to-date: /home/agilex/limo_ros2_ws/install/orbbec_camera_msgs/include/orbbec_camera_msgs/msg/rgbd.h
[2.895s] -- Up-to-date: /home/agilex/limo_ros2_ws/install/orbbec_camera_msgs/include/orbbec_camera_msgs/msg/device_info.h
[2.896s] -- Up-to-date: /home/agilex/limo_ros2_ws/install/orbbec_camera_msgs/include/orbbec_camera_msgs/srv
[2.896s] -- Up-to-date: /home/agilex/limo_ros2_ws/install/orbbec_camera_msgs/include/orbbec_camera_msgs/srv/get_camera_info.h
[2.896s] -- Up-to-date: /home/agilex/limo_ros2_ws/install/orbbec_camera_msgs/include/orbbec_camera_msgs/srv/get_string.h
[2.897s] -- Up-to-date: /home/agilex/limo_ros2_ws/install/orbbec_camera_msgs/include/orbbec_camera_msgs/srv/get_int32.h
[2.897s] -- Up-to-date: /home/agilex/limo_ros2_ws/install/orbbec_camera_msgs/include/orbbec_camera_msgs/srv/set_string.h
[2.897s] -- Up-to-date: /home/agilex/limo_ros2_ws/install/orbbec_camera_msgs/include/orbbec_camera_msgs/srv/get_bool.h
[2.897s] -- Up-to-date: /home/agilex/limo_ros2_ws/install/orbbec_camera_msgs/include/orbbec_camera_msgs/srv/set_int32.h
[2.897s] -- Up-to-date: /home/agilex/limo_ros2_ws/install/orbbec_camera_msgs/include/orbbec_camera_msgs/srv/detail
[2.898s] -- Up-to-date: /home/agilex/limo_ros2_ws/install/orbbec_camera_msgs/include/orbbec_camera_msgs/srv/detail/get_device_info__type_support.h
[2.898s] -- Up-to-date: /home/agilex/limo_ros2_ws/install/orbbec_camera_msgs/include/orbbec_camera_msgs/srv/detail/get_camera_info__functions.c
[2.898s] -- Up-to-date: /home/agilex/limo_ros2_ws/install/orbbec_camera_msgs/include/orbbec_camera_msgs/srv/detail/set_string__functions.c
[2.898s] -- Up-to-date: /home/agilex/limo_ros2_ws/install/orbbec_camera_msgs/include/orbbec_camera_msgs/srv/detail/set_string__type_support.h
[2.898s] -- Up-to-date: /home/agilex/limo_ros2_ws/install/orbbec_camera_msgs/include/orbbec_camera_msgs/srv/detail/get_camera_info__type_support.h
[2.898s] -- Up-to-date: /home/agilex/limo_ros2_ws/install/orbbec_camera_msgs/include/orbbec_camera_msgs/srv/detail/get_string__type_support.h
[2.898s] -- Up-to-date: /home/agilex/limo_ros2_ws/install/orbbec_camera_msgs/include/orbbec_camera_msgs/srv/detail/set_int32__struct.h
[2.898s] -- Up-to-date: /home/agilex/limo_ros2_ws/install/orbbec_camera_msgs/include/orbbec_camera_msgs/srv/detail/get_int32__functions.h
[2.899s] -- Up-to-date: /home/agilex/limo_ros2_ws/install/orbbec_camera_msgs/include/orbbec_camera_msgs/srv/detail/get_camera_info__struct.h
[2.899s] -- Up-to-date: /home/agilex/limo_ros2_ws/install/orbbec_camera_msgs/include/orbbec_camera_msgs/srv/detail/get_bool__type_support.h
[2.899s] -- Up-to-date: /home/agilex/limo_ros2_ws/install/orbbec_camera_msgs/include/orbbec_camera_msgs/srv/detail/get_int32__type_support.h
[2.899s] -- Up-to-date: /home/agilex/limo_ros2_ws/install/orbbec_camera_msgs/include/orbbec_camera_msgs/srv/detail/get_device_info__functions.h
[2.899s] -- Up-to-date: /home/agilex/limo_ros2_ws/install/orbbec_camera_msgs/include/orbbec_camera_msgs/srv/detail/get_camera_info__functions.h
[2.899s] -- Up-to-date: /home/agilex/limo_ros2_ws/install/orbbec_camera_msgs/include/orbbec_camera_msgs/srv/detail/get_device_info__functions.c
[2.899s] -- Up-to-date: /home/agilex/limo_ros2_ws/install/orbbec_camera_msgs/include/orbbec_camera_msgs/srv/detail/set_string__functions.h
[2.899s] -- Up-to-date: /home/agilex/limo_ros2_ws/install/orbbec_camera_msgs/include/orbbec_camera_msgs/srv/detail/get_device_info__struct.h
[2.901s] -- Up-to-date: /home/agilex/limo_ros2_ws/install/orbbec_camera_msgs/include/orbbec_camera_msgs/srv/detail/get_string__functions.h
[2.901s] -- Up-to-date: /home/agilex/limo_ros2_ws/install/orbbec_camera_msgs/include/orbbec_camera_msgs/srv/detail/set_int32__type_support.h
[2.901s] -- Up-to-date: /home/agilex/limo_ros2_ws/install/orbbec_camera_msgs/include/orbbec_camera_msgs/srv/detail/get_bool__functions.h
[2.902s] -- Up-to-date: /home/agilex/limo_ros2_ws/install/orbbec_camera_msgs/include/orbbec_camera_msgs/srv/detail/get_string__struct.h
[2.906s] -- Up-to-date: /home/agilex/limo_ros2_ws/install/orbbec_camera_msgs/include/orbbec_camera_msgs/srv/detail/get_string__functions.c
[2.907s] -- Up-to-date: /home/agilex/limo_ros2_ws/install/orbbec_camera_msgs/include/orbbec_camera_msgs/srv/detail/set_int32__functions.c
[2.907s] -- Up-to-date: /home/agilex/limo_ros2_ws/install/orbbec_camera_msgs/include/orbbec_camera_msgs/srv/detail/get_bool__functions.c
[2.907s] -- Up-to-date: /home/agilex/limo_ros2_ws/install/orbbec_camera_msgs/include/orbbec_camera_msgs/srv/detail/get_bool__struct.h
[2.907s] -- Up-to-date: /home/agilex/limo_ros2_ws/install/orbbec_camera_msgs/include/orbbec_camera_msgs/srv/detail/set_string__struct.h
[2.909s] -- Up-to-date: /home/agilex/limo_ros2_ws/install/orbbec_camera_msgs/include/orbbec_camera_msgs/srv/detail/get_int32__struct.h
[2.910s] -- Up-to-date: /home/agilex/limo_ros2_ws/install/orbbec_camera_msgs/include/orbbec_camera_msgs/srv/detail/get_int32__functions.c
[2.910s] -- Up-to-date: /home/agilex/limo_ros2_ws/install/orbbec_camera_msgs/include/orbbec_camera_msgs/srv/detail/set_int32__functions.h
[2.910s] -- Up-to-date: /home/agilex/limo_ros2_ws/install/orbbec_camera_msgs/include/orbbec_camera_msgs/srv/get_device_info.h
[2.911s] -- Up-to-date: /home/agilex/limo_ros2_ws/install/orbbec_camera_msgs/share/orbbec_camera_msgs/environment/library_path.sh
[2.911s] -- Up-to-date: /home/agilex/limo_ros2_ws/install/orbbec_camera_msgs/share/orbbec_camera_msgs/environment/library_path.dsv
[2.911s] -- Up-to-date: /home/agilex/limo_ros2_ws/install/orbbec_camera_msgs/lib/liborbbec_camera_msgs__rosidl_generator_c.so
[2.911s] -- Up-to-date: /home/agilex/limo_ros2_ws/install/orbbec_camera_msgs/include/orbbec_camera_msgs
[2.911s] -- Up-to-date: /home/agilex/limo_ros2_ws/install/orbbec_camera_msgs/include/orbbec_camera_msgs/msg
[2.911s] -- Up-to-date: /home/agilex/limo_ros2_ws/install/orbbec_camera_msgs/include/orbbec_camera_msgs/msg/rosidl_typesupport_fastrtps_c__visibility_control.h
[2.911s] -- Up-to-date: /home/agilex/limo_ros2_ws/install/orbbec_camera_msgs/include/orbbec_camera_msgs/msg/detail
[2.912s] -- Up-to-date: /home/agilex/limo_ros2_ws/install/orbbec_camera_msgs/include/orbbec_camera_msgs/msg/detail/rgbd__rosidl_typesupport_fastrtps_c.h
[2.912s] -- Up-to-date: /home/agilex/limo_ros2_ws/install/orbbec_camera_msgs/include/orbbec_camera_msgs/msg/detail/metadata__rosidl_typesupport_fastrtps_c.h
[2.912s] -- Up-to-date: /home/agilex/limo_ros2_ws/install/orbbec_camera_msgs/include/orbbec_camera_msgs/msg/detail/extrinsics__rosidl_typesupport_fastrtps_c.h
[2.912s] -- Up-to-date: /home/agilex/limo_ros2_ws/install/orbbec_camera_msgs/include/orbbec_camera_msgs/msg/detail/device_info__rosidl_typesupport_fastrtps_c.h
[2.912s] -- Up-to-date: /home/agilex/limo_ros2_ws/install/orbbec_camera_msgs/include/orbbec_camera_msgs/msg/detail/imu_info__rosidl_typesupport_fastrtps_c.h
[2.912s] -- Up-to-date: /home/agilex/limo_ros2_ws/install/orbbec_camera_msgs/include/orbbec_camera_msgs/srv
[2.912s] -- Up-to-date: /home/agilex/limo_ros2_ws/install/orbbec_camera_msgs/include/orbbec_camera_msgs/srv/detail
[2.912s] -- Up-to-date: /home/agilex/limo_ros2_ws/install/orbbec_camera_msgs/include/orbbec_camera_msgs/srv/detail/set_string__rosidl_typesupport_fastrtps_c.h
[2.913s] -- Up-to-date: /home/agilex/limo_ros2_ws/install/orbbec_camera_msgs/include/orbbec_camera_msgs/srv/detail/get_camera_info__rosidl_typesupport_fastrtps_c.h
[2.913s] -- Up-to-date: /home/agilex/limo_ros2_ws/install/orbbec_camera_msgs/include/orbbec_camera_msgs/srv/detail/get_int32__rosidl_typesupport_fastrtps_c.h
[2.913s] -- Up-to-date: /home/agilex/limo_ros2_ws/install/orbbec_camera_msgs/include/orbbec_camera_msgs/srv/detail/get_bool__rosidl_typesupport_fastrtps_c.h
[2.913s] -- Up-to-date: /home/agilex/limo_ros2_ws/install/orbbec_camera_msgs/include/orbbec_camera_msgs/srv/detail/set_int32__rosidl_typesupport_fastrtps_c.h
[2.913s] -- Up-to-date: /home/agilex/limo_ros2_ws/install/orbbec_camera_msgs/include/orbbec_camera_msgs/srv/detail/get_string__rosidl_typesupport_fastrtps_c.h
[2.913s] -- Up-to-date: /home/agilex/limo_ros2_ws/install/orbbec_camera_msgs/include/orbbec_camera_msgs/srv/detail/get_device_info__rosidl_typesupport_fastrtps_c.h
[2.913s] -- Up-to-date: /home/agilex/limo_ros2_ws/install/orbbec_camera_msgs/lib/liborbbec_camera_msgs__rosidl_typesupport_fastrtps_c.so
[2.913s] -- Up-to-date: /home/agilex/limo_ros2_ws/install/orbbec_camera_msgs/include/orbbec_camera_msgs
[2.914s] -- Up-to-date: /home/agilex/limo_ros2_ws/install/orbbec_camera_msgs/include/orbbec_camera_msgs/msg
[2.914s] -- Up-to-date: /home/agilex/limo_ros2_ws/install/orbbec_camera_msgs/include/orbbec_camera_msgs/msg/rosidl_typesupport_fastrtps_cpp__visibility_control.h
[2.914s] -- Up-to-date: /home/agilex/limo_ros2_ws/install/orbbec_camera_msgs/include/orbbec_camera_msgs/msg/detail
[2.914s] -- Up-to-date: /home/agilex/limo_ros2_ws/install/orbbec_camera_msgs/include/orbbec_camera_msgs/msg/detail/imu_info__rosidl_typesupport_fastrtps_cpp.hpp
[2.914s] -- Up-to-date: /home/agilex/limo_ros2_ws/install/orbbec_camera_msgs/include/orbbec_camera_msgs/msg/detail/device_info__rosidl_typesupport_fastrtps_cpp.hpp
[2.914s] -- Up-to-date: /home/agilex/limo_ros2_ws/install/orbbec_camera_msgs/include/orbbec_camera_msgs/msg/detail/dds_fastrtps
[2.914s] -- Up-to-date: /home/agilex/limo_ros2_ws/install/orbbec_camera_msgs/include/orbbec_camera_msgs/msg/detail/metadata__rosidl_typesupport_fastrtps_cpp.hpp
[2.914s] -- Up-to-date: /home/agilex/limo_ros2_ws/install/orbbec_camera_msgs/include/orbbec_camera_msgs/msg/detail/rgbd__rosidl_typesupport_fastrtps_cpp.hpp
[2.915s] -- Up-to-date: /home/agilex/limo_ros2_ws/install/orbbec_camera_msgs/include/orbbec_camera_msgs/msg/detail/extrinsics__rosidl_typesupport_fastrtps_cpp.hpp
[2.915s] -- Up-to-date: /home/agilex/limo_ros2_ws/install/orbbec_camera_msgs/include/orbbec_camera_msgs/srv
[2.915s] -- Up-to-date: /home/agilex/limo_ros2_ws/install/orbbec_camera_msgs/include/orbbec_camera_msgs/srv/detail
[2.915s] -- Up-to-date: /home/agilex/limo_ros2_ws/install/orbbec_camera_msgs/include/orbbec_camera_msgs/srv/detail/get_device_info__rosidl_typesupport_fastrtps_cpp.hpp
[2.915s] -- Up-to-date: /home/agilex/limo_ros2_ws/install/orbbec_camera_msgs/include/orbbec_camera_msgs/srv/detail/dds_fastrtps
[2.915s] -- Up-to-date: /home/agilex/limo_ros2_ws/install/orbbec_camera_msgs/include/orbbec_camera_msgs/srv/detail/get_string__rosidl_typesupport_fastrtps_cpp.hpp
[2.926s] -- Up-to-date: /home/agilex/limo_ros2_ws/install/orbbec_camera_msgs/include/orbbec_camera_msgs/srv/detail/set_int32__rosidl_typesupport_fastrtps_cpp.hpp
[2.927s] -- Up-to-date: /home/agilex/limo_ros2_ws/install/orbbec_camera_msgs/include/orbbec_camera_msgs/srv/detail/get_int32__rosidl_typesupport_fastrtps_cpp.hpp
[2.927s] -- Up-to-date: /home/agilex/limo_ros2_ws/install/orbbec_camera_msgs/include/orbbec_camera_msgs/srv/detail/get_bool__rosidl_typesupport_fastrtps_cpp.hpp
[2.927s] -- Up-to-date: /home/agilex/limo_ros2_ws/install/orbbec_camera_msgs/include/orbbec_camera_msgs/srv/detail/set_string__rosidl_typesupport_fastrtps_cpp.hpp
[2.927s] -- Up-to-date: /home/agilex/limo_ros2_ws/install/orbbec_camera_msgs/include/orbbec_camera_msgs/srv/detail/get_camera_info__rosidl_typesupport_fastrtps_cpp.hpp
[2.928s] -- Up-to-date: /home/agilex/limo_ros2_ws/install/orbbec_camera_msgs/lib/liborbbec_camera_msgs__rosidl_typesupport_fastrtps_cpp.so
[2.928s] -- Up-to-date: /home/agilex/limo_ros2_ws/install/orbbec_camera_msgs/include/orbbec_camera_msgs
[2.928s] -- Up-to-date: /home/agilex/limo_ros2_ws/install/orbbec_camera_msgs/include/orbbec_camera_msgs/msg
[2.928s] -- Up-to-date: /home/agilex/limo_ros2_ws/install/orbbec_camera_msgs/include/orbbec_camera_msgs/msg/rosidl_typesupport_introspection_c__visibility_control.h
[2.928s] -- Up-to-date: /home/agilex/limo_ros2_ws/install/orbbec_camera_msgs/include/orbbec_camera_msgs/msg/detail
[2.928s] -- Up-to-date: /home/agilex/limo_ros2_ws/install/orbbec_camera_msgs/include/orbbec_camera_msgs/msg/detail/device_info__rosidl_typesupport_introspection_c.h
[2.928s] -- Up-to-date: /home/agilex/limo_ros2_ws/install/orbbec_camera_msgs/include/orbbec_camera_msgs/msg/detail/imu_info__rosidl_typesupport_introspection_c.h
[2.928s] -- Up-to-date: /home/agilex/limo_ros2_ws/install/orbbec_camera_msgs/include/orbbec_camera_msgs/msg/detail/imu_info__type_support.c
[2.929s] -- Up-to-date: /home/agilex/limo_ros2_ws/install/orbbec_camera_msgs/include/orbbec_camera_msgs/msg/detail/rgbd__type_support.c
[2.929s] -- Up-to-date: /home/agilex/limo_ros2_ws/install/orbbec_camera_msgs/include/orbbec_camera_msgs/msg/detail/metadata__type_support.c
[2.929s] -- Up-to-date: /home/agilex/limo_ros2_ws/install/orbbec_camera_msgs/include/orbbec_camera_msgs/msg/detail/rgbd__rosidl_typesupport_introspection_c.h
[2.929s] -- Up-to-date: /home/agilex/limo_ros2_ws/install/orbbec_camera_msgs/include/orbbec_camera_msgs/msg/detail/device_info__type_support.c
[2.929s] -- Up-to-date: /home/agilex/limo_ros2_ws/install/orbbec_camera_msgs/include/orbbec_camera_msgs/msg/detail/extrinsics__type_support.c
[2.929s] -- Up-to-date: /home/agilex/limo_ros2_ws/install/orbbec_camera_msgs/include/orbbec_camera_msgs/msg/detail/extrinsics__rosidl_typesupport_introspection_c.h
[2.929s] -- Up-to-date: /home/agilex/limo_ros2_ws/install/orbbec_camera_msgs/include/orbbec_camera_msgs/msg/detail/metadata__rosidl_typesupport_introspection_c.h
[2.929s] -- Up-to-date: /home/agilex/limo_ros2_ws/install/orbbec_camera_msgs/include/orbbec_camera_msgs/srv
[2.930s] -- Up-to-date: /home/agilex/limo_ros2_ws/install/orbbec_camera_msgs/include/orbbec_camera_msgs/srv/detail
[2.930s] -- Up-to-date: /home/agilex/limo_ros2_ws/install/orbbec_camera_msgs/include/orbbec_camera_msgs/srv/detail/get_camera_info__type_support.c
[2.930s] -- Up-to-date: /home/agilex/limo_ros2_ws/install/orbbec_camera_msgs/include/orbbec_camera_msgs/srv/detail/get_bool__type_support.c
[2.930s] -- Up-to-date: /home/agilex/limo_ros2_ws/install/orbbec_camera_msgs/include/orbbec_camera_msgs/srv/detail/set_int32__type_support.c
[2.930s] -- Up-to-date: /home/agilex/limo_ros2_ws/install/orbbec_camera_msgs/include/orbbec_camera_msgs/srv/detail/set_int32__rosidl_typesupport_introspection_c.h
[2.930s] -- Up-to-date: /home/agilex/limo_ros2_ws/install/orbbec_camera_msgs/include/orbbec_camera_msgs/srv/detail/get_bool__rosidl_typesupport_introspection_c.h
[2.930s] -- Up-to-date: /home/agilex/limo_ros2_ws/install/orbbec_camera_msgs/include/orbbec_camera_msgs/srv/detail/get_device_info__rosidl_typesupport_introspection_c.h
[2.930s] -- Up-to-date: /home/agilex/limo_ros2_ws/install/orbbec_camera_msgs/include/orbbec_camera_msgs/srv/detail/get_string__type_support.c
[2.931s] -- Up-to-date: /home/agilex/limo_ros2_ws/install/orbbec_camera_msgs/include/orbbec_camera_msgs/srv/detail/set_string__type_support.c
[2.931s] -- Up-to-date: /home/agilex/limo_ros2_ws/install/orbbec_camera_msgs/include/orbbec_camera_msgs/srv/detail/get_camera_info__rosidl_typesupport_introspection_c.h
[2.931s] -- Up-to-date: /home/agilex/limo_ros2_ws/install/orbbec_camera_msgs/include/orbbec_camera_msgs/srv/detail/get_string__rosidl_typesupport_introspection_c.h
[2.931s] -- Up-to-date: /home/agilex/limo_ros2_ws/install/orbbec_camera_msgs/include/orbbec_camera_msgs/srv/detail/get_int32__rosidl_typesupport_introspection_c.h
[2.931s] -- Up-to-date: /home/agilex/limo_ros2_ws/install/orbbec_camera_msgs/include/orbbec_camera_msgs/srv/detail/get_device_info__type_support.c
[2.931s] -- Up-to-date: /home/agilex/limo_ros2_ws/install/orbbec_camera_msgs/include/orbbec_camera_msgs/srv/detail/set_string__rosidl_typesupport_introspection_c.h
[2.931s] -- Up-to-date: /home/agilex/limo_ros2_ws/install/orbbec_camera_msgs/include/orbbec_camera_msgs/srv/detail/get_int32__type_support.c
[2.931s] -- Up-to-date: /home/agilex/limo_ros2_ws/install/orbbec_camera_msgs/lib/liborbbec_camera_msgs__rosidl_typesupport_introspection_c.so
[2.932s] -- Up-to-date: /home/agilex/limo_ros2_ws/install/orbbec_camera_msgs/lib/liborbbec_camera_msgs__rosidl_typesupport_c.so
[2.932s] -- Up-to-date: /home/agilex/limo_ros2_ws/install/orbbec_camera_msgs/include/orbbec_camera_msgs
[2.932s] -- Up-to-date: /home/agilex/limo_ros2_ws/install/orbbec_camera_msgs/include/orbbec_camera_msgs/msg
[2.932s] -- Up-to-date: /home/agilex/limo_ros2_ws/install/orbbec_camera_msgs/include/orbbec_camera_msgs/msg/device_info.hpp
[2.932s] -- Up-to-date: /home/agilex/limo_ros2_ws/install/orbbec_camera_msgs/include/orbbec_camera_msgs/msg/rosidl_generator_cpp__visibility_control.hpp
[2.932s] -- Up-to-date: /home/agilex/limo_ros2_ws/install/orbbec_camera_msgs/include/orbbec_camera_msgs/msg/metadata.hpp
[2.932s] -- Up-to-date: /home/agilex/limo_ros2_ws/install/orbbec_camera_msgs/include/orbbec_camera_msgs/msg/imu_info.hpp
[2.932s] -- Up-to-date: /home/agilex/limo_ros2_ws/install/orbbec_camera_msgs/include/orbbec_camera_msgs/msg/detail
[2.934s] -- Up-to-date: /home/agilex/limo_ros2_ws/install/orbbec_camera_msgs/include/orbbec_camera_msgs/msg/detail/extrinsics__struct.hpp
[2.934s] -- Up-to-date: /home/agilex/limo_ros2_ws/install/orbbec_camera_msgs/include/orbbec_camera_msgs/msg/detail/device_info__type_support.hpp
[2.934s] -- Up-to-date: /home/agilex/limo_ros2_ws/install/orbbec_camera_msgs/include/orbbec_camera_msgs/msg/detail/metadata__type_support.hpp
[2.934s] -- Up-to-date: /home/agilex/limo_ros2_ws/install/orbbec_camera_msgs/include/orbbec_camera_msgs/msg/detail/imu_info__builder.hpp
[2.935s] -- Up-to-date: /home/agilex/limo_ros2_ws/install/orbbec_camera_msgs/include/orbbec_camera_msgs/msg/detail/rgbd__builder.hpp
[2.935s] -- Up-to-date: /home/agilex/limo_ros2_ws/install/orbbec_camera_msgs/include/orbbec_camera_msgs/msg/detail/rgbd__traits.hpp
[2.935s] -- Up-to-date: /home/agilex/limo_ros2_ws/install/orbbec_camera_msgs/include/orbbec_camera_msgs/msg/detail/metadata__struct.hpp
[2.935s] -- Up-to-date: /home/agilex/limo_ros2_ws/install/orbbec_camera_msgs/include/orbbec_camera_msgs/msg/detail/imu_info__struct.hpp
[2.935s] -- Up-to-date: /home/agilex/limo_ros2_ws/install/orbbec_camera_msgs/include/orbbec_camera_msgs/msg/detail/extrinsics__traits.hpp
[2.935s] -- Up-to-date: /home/agilex/limo_ros2_ws/install/orbbec_camera_msgs/include/orbbec_camera_msgs/msg/detail/imu_info__traits.hpp
[2.935s] -- Up-to-date: /home/agilex/limo_ros2_ws/install/orbbec_camera_msgs/include/orbbec_camera_msgs/msg/detail/extrinsics__builder.hpp
[2.935s] -- Up-to-date: /home/agilex/limo_ros2_ws/install/orbbec_camera_msgs/include/orbbec_camera_msgs/msg/detail/device_info__struct.hpp
[2.936s] -- Up-to-date: /home/agilex/limo_ros2_ws/install/orbbec_camera_msgs/include/orbbec_camera_msgs/msg/detail/metadata__builder.hpp
[2.936s] -- Up-to-date: /home/agilex/limo_ros2_ws/install/orbbec_camera_msgs/include/orbbec_camera_msgs/msg/detail/device_info__builder.hpp
[2.936s] -- Up-to-date: /home/agilex/limo_ros2_ws/install/orbbec_camera_msgs/include/orbbec_camera_msgs/msg/detail/device_info__traits.hpp
[2.936s] -- Up-to-date: /home/agilex/limo_ros2_ws/install/orbbec_camera_msgs/include/orbbec_camera_msgs/msg/detail/extrinsics__type_support.hpp
[2.936s] -- Up-to-date: /home/agilex/limo_ros2_ws/install/orbbec_camera_msgs/include/orbbec_camera_msgs/msg/detail/rgbd__type_support.hpp
[2.936s] -- Up-to-date: /home/agilex/limo_ros2_ws/install/orbbec_camera_msgs/include/orbbec_camera_msgs/msg/detail/rgbd__struct.hpp
[2.936s] -- Up-to-date: /home/agilex/limo_ros2_ws/install/orbbec_camera_msgs/include/orbbec_camera_msgs/msg/detail/metadata__traits.hpp
[2.936s] -- Up-to-date: /home/agilex/limo_ros2_ws/install/orbbec_camera_msgs/include/orbbec_camera_msgs/msg/detail/imu_info__type_support.hpp
[2.936s] -- Up-to-date: /home/agilex/limo_ros2_ws/install/orbbec_camera_msgs/include/orbbec_camera_msgs/msg/extrinsics.hpp
[2.937s] -- Up-to-date: /home/agilex/limo_ros2_ws/install/orbbec_camera_msgs/include/orbbec_camera_msgs/msg/rgbd.hpp
[2.937s] -- Up-to-date: /home/agilex/limo_ros2_ws/install/orbbec_camera_msgs/include/orbbec_camera_msgs/srv
[2.937s] -- Up-to-date: /home/agilex/limo_ros2_ws/install/orbbec_camera_msgs/include/orbbec_camera_msgs/srv/set_int32.hpp
[2.937s] -- Up-to-date: /home/agilex/limo_ros2_ws/install/orbbec_camera_msgs/include/orbbec_camera_msgs/srv/set_string.hpp
[2.939s] -- Up-to-date: /home/agilex/limo_ros2_ws/install/orbbec_camera_msgs/include/orbbec_camera_msgs/srv/get_string.hpp
[2.939s] -- Up-to-date: /home/agilex/limo_ros2_ws/install/orbbec_camera_msgs/include/orbbec_camera_msgs/srv/get_int32.hpp
[2.939s] -- Up-to-date: /home/agilex/limo_ros2_ws/install/orbbec_camera_msgs/include/orbbec_camera_msgs/srv/detail
[2.939s] -- Up-to-date: /home/agilex/limo_ros2_ws/install/orbbec_camera_msgs/include/orbbec_camera_msgs/srv/detail/set_int32__traits.hpp
[2.939s] -- Up-to-date: /home/agilex/limo_ros2_ws/install/orbbec_camera_msgs/include/orbbec_camera_msgs/srv/detail/get_device_info__struct.hpp
[2.939s] -- Up-to-date: /home/agilex/limo_ros2_ws/install/orbbec_camera_msgs/include/orbbec_camera_msgs/srv/detail/get_device_info__builder.hpp
[2.940s] -- Up-to-date: /home/agilex/limo_ros2_ws/install/orbbec_camera_msgs/include/orbbec_camera_msgs/srv/detail/get_camera_info__traits.hpp
[2.940s] -- Up-to-date: /home/agilex/limo_ros2_ws/install/orbbec_camera_msgs/include/orbbec_camera_msgs/srv/detail/get_string__builder.hpp
[2.940s] -- Up-to-date: /home/agilex/limo_ros2_ws/install/orbbec_camera_msgs/include/orbbec_camera_msgs/srv/detail/get_int32__struct.hpp
[2.940s] -- Up-to-date: /home/agilex/limo_ros2_ws/install/orbbec_camera_msgs/include/orbbec_camera_msgs/srv/detail/get_string__struct.hpp
[2.940s] -- Up-to-date: /home/agilex/limo_ros2_ws/install/orbbec_camera_msgs/include/orbbec_camera_msgs/srv/detail/set_string__struct.hpp
[2.940s] -- Up-to-date: /home/agilex/limo_ros2_ws/install/orbbec_camera_msgs/include/orbbec_camera_msgs/srv/detail/set_string__type_support.hpp
[2.941s] -- Up-to-date: /home/agilex/limo_ros2_ws/install/orbbec_camera_msgs/include/orbbec_camera_msgs/srv/detail/get_camera_info__struct.hpp
[2.941s] -- Up-to-date: /home/agilex/limo_ros2_ws/install/orbbec_camera_msgs/include/orbbec_camera_msgs/srv/detail/get_camera_info__type_support.hpp
[2.941s] -- Up-to-date: /home/agilex/limo_ros2_ws/install/orbbec_camera_msgs/include/orbbec_camera_msgs/srv/detail/get_int32__type_support.hpp
[2.941s] -- Up-to-date: /home/agilex/limo_ros2_ws/install/orbbec_camera_msgs/include/orbbec_camera_msgs/srv/detail/get_int32__builder.hpp
[2.941s] -- Up-to-date: /home/agilex/limo_ros2_ws/install/orbbec_camera_msgs/include/orbbec_camera_msgs/srv/detail/get_device_info__type_support.hpp
[2.941s] -- Up-to-date: /home/agilex/limo_ros2_ws/install/orbbec_camera_msgs/include/orbbec_camera_msgs/srv/detail/get_bool__builder.hpp
[2.941s] -- Up-to-date: /home/agilex/limo_ros2_ws/install/orbbec_camera_msgs/include/orbbec_camera_msgs/srv/detail/get_int32__traits.hpp
[2.942s] -- Up-to-date: /home/agilex/limo_ros2_ws/install/orbbec_camera_msgs/include/orbbec_camera_msgs/srv/detail/get_bool__struct.hpp
[2.942s] -- Up-to-date: /home/agilex/limo_ros2_ws/install/orbbec_camera_msgs/include/orbbec_camera_msgs/srv/detail/get_string__type_support.hpp
[2.942s] -- Up-to-date: /home/agilex/limo_ros2_ws/install/orbbec_camera_msgs/include/orbbec_camera_msgs/srv/detail/set_int32__builder.hpp
[2.942s] -- Up-to-date: /home/agilex/limo_ros2_ws/install/orbbec_camera_msgs/include/orbbec_camera_msgs/srv/detail/get_bool__traits.hpp
[2.942s] -- Up-to-date: /home/agilex/limo_ros2_ws/install/orbbec_camera_msgs/include/orbbec_camera_msgs/srv/detail/set_string__builder.hpp
[2.942s] -- Up-to-date: /home/agilex/limo_ros2_ws/install/orbbec_camera_msgs/include/orbbec_camera_msgs/srv/detail/set_string__traits.hpp
[2.942s] -- Up-to-date: /home/agilex/limo_ros2_ws/install/orbbec_camera_msgs/include/orbbec_camera_msgs/srv/detail/get_device_info__traits.hpp
[2.943s] -- Up-to-date: /home/agilex/limo_ros2_ws/install/orbbec_camera_msgs/include/orbbec_camera_msgs/srv/detail/set_int32__type_support.hpp
[2.943s] -- Up-to-date: /home/agilex/limo_ros2_ws/install/orbbec_camera_msgs/include/orbbec_camera_msgs/srv/detail/get_string__traits.hpp
[2.943s] -- Up-to-date: /home/agilex/limo_ros2_ws/install/orbbec_camera_msgs/include/orbbec_camera_msgs/srv/detail/get_camera_info__builder.hpp
[2.943s] -- Up-to-date: /home/agilex/limo_ros2_ws/install/orbbec_camera_msgs/include/orbbec_camera_msgs/srv/detail/set_int32__struct.hpp
[2.943s] -- Up-to-date: /home/agilex/limo_ros2_ws/install/orbbec_camera_msgs/include/orbbec_camera_msgs/srv/detail/get_bool__type_support.hpp
[2.944s] -- Up-to-date: /home/agilex/limo_ros2_ws/install/orbbec_camera_msgs/include/orbbec_camera_msgs/srv/get_device_info.hpp
[2.944s] -- Up-to-date: /home/agilex/limo_ros2_ws/install/orbbec_camera_msgs/include/orbbec_camera_msgs/srv/get_camera_info.hpp
[2.944s] -- Up-to-date: /home/agilex/limo_ros2_ws/install/orbbec_camera_msgs/include/orbbec_camera_msgs/srv/get_bool.hpp
[2.944s] -- Up-to-date: /home/agilex/limo_ros2_ws/install/orbbec_camera_msgs/include/orbbec_camera_msgs
[2.944s] -- Up-to-date: /home/agilex/limo_ros2_ws/install/orbbec_camera_msgs/include/orbbec_camera_msgs/msg
[2.944s] -- Up-to-date: /home/agilex/limo_ros2_ws/install/orbbec_camera_msgs/include/orbbec_camera_msgs/msg/detail
[2.944s] -- Up-to-date: /home/agilex/limo_ros2_ws/install/orbbec_camera_msgs/include/orbbec_camera_msgs/msg/detail/extrinsics__type_support.cpp
[2.945s] -- Up-to-date: /home/agilex/limo_ros2_ws/install/orbbec_camera_msgs/include/orbbec_camera_msgs/msg/detail/metadata__rosidl_typesupport_introspection_cpp.hpp
[2.945s] -- Up-to-date: /home/agilex/limo_ros2_ws/install/orbbec_camera_msgs/include/orbbec_camera_msgs/msg/detail/device_info__rosidl_typesupport_introspection_cpp.hpp
[2.945s] -- Up-to-date: /home/agilex/limo_ros2_ws/install/orbbec_camera_msgs/include/orbbec_camera_msgs/msg/detail/rgbd__rosidl_typesupport_introspection_cpp.hpp
[2.945s] -- Up-to-date: /home/agilex/limo_ros2_ws/install/orbbec_camera_msgs/include/orbbec_camera_msgs/msg/detail/rgbd__type_support.cpp
[2.945s] -- Up-to-date: /home/agilex/limo_ros2_ws/install/orbbec_camera_msgs/include/orbbec_camera_msgs/msg/detail/extrinsics__rosidl_typesupport_introspection_cpp.hpp
[2.945s] -- Up-to-date: /home/agilex/limo_ros2_ws/install/orbbec_camera_msgs/include/orbbec_camera_msgs/msg/detail/imu_info__rosidl_typesupport_introspection_cpp.hpp
[2.945s] -- Up-to-date: /home/agilex/limo_ros2_ws/install/orbbec_camera_msgs/include/orbbec_camera_msgs/msg/detail/metadata__type_support.cpp
[2.945s] -- Up-to-date: /home/agilex/limo_ros2_ws/install/orbbec_camera_msgs/include/orbbec_camera_msgs/msg/detail/device_info__type_support.cpp
[2.946s] -- Up-to-date: /home/agilex/limo_ros2_ws/install/orbbec_camera_msgs/include/orbbec_camera_msgs/msg/detail/imu_info__type_support.cpp
[2.946s] -- Up-to-date: /home/agilex/limo_ros2_ws/install/orbbec_camera_msgs/include/orbbec_camera_msgs/srv
[2.946s] -- Up-to-date: /home/agilex/limo_ros2_ws/install/orbbec_camera_msgs/include/orbbec_camera_msgs/srv/detail
[2.948s] -- Up-to-date: /home/agilex/limo_ros2_ws/install/orbbec_camera_msgs/include/orbbec_camera_msgs/srv/detail/set_int32__rosidl_typesupport_introspection_cpp.hpp
[2.948s] -- Up-to-date: /home/agilex/limo_ros2_ws/install/orbbec_camera_msgs/include/orbbec_camera_msgs/srv/detail/get_int32__rosidl_typesupport_introspection_cpp.hpp
[2.948s] -- Up-to-date: /home/agilex/limo_ros2_ws/install/orbbec_camera_msgs/include/orbbec_camera_msgs/srv/detail/get_device_info__rosidl_typesupport_introspection_cpp.hpp
[2.948s] -- Up-to-date: /home/agilex/limo_ros2_ws/install/orbbec_camera_msgs/include/orbbec_camera_msgs/srv/detail/set_string__type_support.cpp
[2.948s] -- Up-to-date: /home/agilex/limo_ros2_ws/install/orbbec_camera_msgs/include/orbbec_camera_msgs/srv/detail/get_camera_info__type_support.cpp
[2.949s] -- Up-to-date: /home/agilex/limo_ros2_ws/install/orbbec_camera_msgs/include/orbbec_camera_msgs/srv/detail/get_string__type_support.cpp
[2.949s] -- Up-to-date: /home/agilex/limo_ros2_ws/install/orbbec_camera_msgs/include/orbbec_camera_msgs/srv/detail/get_camera_info__rosidl_typesupport_introspection_cpp.hpp
[2.949s] -- Up-to-date: /home/agilex/limo_ros2_ws/install/orbbec_camera_msgs/include/orbbec_camera_msgs/srv/detail/get_device_info__type_support.cpp
[2.949s] -- Up-to-date: /home/agilex/limo_ros2_ws/install/orbbec_camera_msgs/include/orbbec_camera_msgs/srv/detail/get_bool__rosidl_typesupport_introspection_cpp.hpp
[2.949s] -- Up-to-date: /home/agilex/limo_ros2_ws/install/orbbec_camera_msgs/include/orbbec_camera_msgs/srv/detail/set_int32__type_support.cpp
[2.950s] -- Up-to-date: /home/agilex/limo_ros2_ws/install/orbbec_camera_msgs/include/orbbec_camera_msgs/srv/detail/get_string__rosidl_typesupport_introspection_cpp.hpp
[2.950s] -- Up-to-date: /home/agilex/limo_ros2_ws/install/orbbec_camera_msgs/include/orbbec_camera_msgs/srv/detail/set_string__rosidl_typesupport_introspection_cpp.hpp
[2.950s] -- Up-to-date: /home/agilex/limo_ros2_ws/install/orbbec_camera_msgs/include/orbbec_camera_msgs/srv/detail/get_int32__type_support.cpp
[2.950s] -- Up-to-date: /home/agilex/limo_ros2_ws/install/orbbec_camera_msgs/include/orbbec_camera_msgs/srv/detail/get_bool__type_support.cpp
[2.950s] -- Up-to-date: /home/agilex/limo_ros2_ws/install/orbbec_camera_msgs/lib/liborbbec_camera_msgs__rosidl_typesupport_introspection_cpp.so
[2.950s] -- Up-to-date: /home/agilex/limo_ros2_ws/install/orbbec_camera_msgs/lib/liborbbec_camera_msgs__rosidl_typesupport_cpp.so
[2.950s] -- Up-to-date: /home/agilex/limo_ros2_ws/install/orbbec_camera_msgs/share/orbbec_camera_msgs/environment/pythonpath.sh
[2.950s] -- Up-to-date: /home/agilex/limo_ros2_ws/install/orbbec_camera_msgs/share/orbbec_camera_msgs/environment/pythonpath.dsv
[2.951s] -- Up-to-date: /home/agilex/limo_ros2_ws/install/orbbec_camera_msgs/lib/python3.8/site-packages/orbbec_camera_msgs/__init__.py
[2.995s] -- Up-to-date: /home/agilex/limo_ros2_ws/install/orbbec_camera_msgs/lib/python3.8/site-packages/orbbec_camera_msgs/msg
[2.996s] -- Up-to-date: /home/agilex/limo_ros2_ws/install/orbbec_camera_msgs/lib/python3.8/site-packages/orbbec_camera_msgs/msg/_rgbd_s.c
[2.997s] -- Up-to-date: /home/agilex/limo_ros2_ws/install/orbbec_camera_msgs/lib/python3.8/site-packages/orbbec_camera_msgs/msg/_extrinsics.py
[2.997s] -- Up-to-date: /home/agilex/limo_ros2_ws/install/orbbec_camera_msgs/lib/python3.8/site-packages/orbbec_camera_msgs/msg/_device_info_s.c
[2.997s] -- Up-to-date: /home/agilex/limo_ros2_ws/install/orbbec_camera_msgs/lib/python3.8/site-packages/orbbec_camera_msgs/msg/_imu_info_s.c
[2.997s] -- Up-to-date: /home/agilex/limo_ros2_ws/install/orbbec_camera_msgs/lib/python3.8/site-packages/orbbec_camera_msgs/msg/__init__.py
[2.997s] -- Up-to-date: /home/agilex/limo_ros2_ws/install/orbbec_camera_msgs/lib/python3.8/site-packages/orbbec_camera_msgs/msg/_metadata_s.c
[2.997s] -- Up-to-date: /home/agilex/limo_ros2_ws/install/orbbec_camera_msgs/lib/python3.8/site-packages/orbbec_camera_msgs/msg/_device_info.py
[2.997s] -- Up-to-date: /home/agilex/limo_ros2_ws/install/orbbec_camera_msgs/lib/python3.8/site-packages/orbbec_camera_msgs/msg/_metadata.py
[2.998s] -- Up-to-date: /home/agilex/limo_ros2_ws/install/orbbec_camera_msgs/lib/python3.8/site-packages/orbbec_camera_msgs/msg/_extrinsics_s.c
[2.998s] -- Up-to-date: /home/agilex/limo_ros2_ws/install/orbbec_camera_msgs/lib/python3.8/site-packages/orbbec_camera_msgs/msg/_rgbd.py
[2.998s] -- Up-to-date: /home/agilex/limo_ros2_ws/install/orbbec_camera_msgs/lib/python3.8/site-packages/orbbec_camera_msgs/msg/_imu_info.py
[2.998s] -- Up-to-date: /home/agilex/limo_ros2_ws/install/orbbec_camera_msgs/lib/python3.8/site-packages/orbbec_camera_msgs/srv
[2.998s] -- Up-to-date: /home/agilex/limo_ros2_ws/install/orbbec_camera_msgs/lib/python3.8/site-packages/orbbec_camera_msgs/srv/_set_string_s.c
[2.999s] -- Up-to-date: /home/agilex/limo_ros2_ws/install/orbbec_camera_msgs/lib/python3.8/site-packages/orbbec_camera_msgs/srv/_get_int32_s.c
[2.999s] -- Up-to-date: /home/agilex/limo_ros2_ws/install/orbbec_camera_msgs/lib/python3.8/site-packages/orbbec_camera_msgs/srv/_get_device_info.py
[2.999s] -- Up-to-date: /home/agilex/limo_ros2_ws/install/orbbec_camera_msgs/lib/python3.8/site-packages/orbbec_camera_msgs/srv/_get_string_s.c
[2.999s] -- Up-to-date: /home/agilex/limo_ros2_ws/install/orbbec_camera_msgs/lib/python3.8/site-packages/orbbec_camera_msgs/srv/_set_string.py
[2.999s] -- Up-to-date: /home/agilex/limo_ros2_ws/install/orbbec_camera_msgs/lib/python3.8/site-packages/orbbec_camera_msgs/srv/_get_camera_info.py
[2.999s] -- Up-to-date: /home/agilex/limo_ros2_ws/install/orbbec_camera_msgs/lib/python3.8/site-packages/orbbec_camera_msgs/srv/_get_device_info_s.c
[2.999s] -- Up-to-date: /home/agilex/limo_ros2_ws/install/orbbec_camera_msgs/lib/python3.8/site-packages/orbbec_camera_msgs/srv/_get_bool.py
[2.999s] -- Up-to-date: /home/agilex/limo_ros2_ws/install/orbbec_camera_msgs/lib/python3.8/site-packages/orbbec_camera_msgs/srv/_get_int32.py
[3.000s] -- Up-to-date: /home/agilex/limo_ros2_ws/install/orbbec_camera_msgs/lib/python3.8/site-packages/orbbec_camera_msgs/srv/__init__.py
[3.000s] -- Up-to-date: /home/agilex/limo_ros2_ws/install/orbbec_camera_msgs/lib/python3.8/site-packages/orbbec_camera_msgs/srv/_get_bool_s.c
[3.000s] -- Up-to-date: /home/agilex/limo_ros2_ws/install/orbbec_camera_msgs/lib/python3.8/site-packages/orbbec_camera_msgs/srv/_get_camera_info_s.c
[3.000s] -- Up-to-date: /home/agilex/limo_ros2_ws/install/orbbec_camera_msgs/lib/python3.8/site-packages/orbbec_camera_msgs/srv/_set_int32.py
[3.000s] -- Up-to-date: /home/agilex/limo_ros2_ws/install/orbbec_camera_msgs/lib/python3.8/site-packages/orbbec_camera_msgs/srv/_get_string.py
[3.000s] -- Up-to-date: /home/agilex/limo_ros2_ws/install/orbbec_camera_msgs/lib/python3.8/site-packages/orbbec_camera_msgs/srv/_set_int32_s.c
[3.001s] -- Up-to-date: /home/agilex/limo_ros2_ws/install/orbbec_camera_msgs/lib/python3.8/site-packages/orbbec_camera_msgs/orbbec_camera_msgs_s__rosidl_typesupport_fastrtps_c.cpython-38-aarch64-linux-gnu.so
[3.001s] -- Up-to-date: /home/agilex/limo_ros2_ws/install/orbbec_camera_msgs/lib/python3.8/site-packages/orbbec_camera_msgs/orbbec_camera_msgs_s__rosidl_typesupport_introspection_c.cpython-38-aarch64-linux-gnu.so
[3.003s] -- Up-to-date: /home/agilex/limo_ros2_ws/install/orbbec_camera_msgs/lib/python3.8/site-packages/orbbec_camera_msgs/orbbec_camera_msgs_s__rosidl_typesupport_c.cpython-38-aarch64-linux-gnu.so
[3.004s] -- Up-to-date: /home/agilex/limo_ros2_ws/install/orbbec_camera_msgs/lib/liborbbec_camera_msgs__python.so
[3.006s] -- Up-to-date: /home/agilex/limo_ros2_ws/install/orbbec_camera_msgs/share/orbbec_camera_msgs/msg/DeviceInfo.idl
[3.006s] -- Up-to-date: /home/agilex/limo_ros2_ws/install/orbbec_camera_msgs/share/orbbec_camera_msgs/msg/Extrinsics.idl
[3.006s] -- Up-to-date: /home/agilex/limo_ros2_ws/install/orbbec_camera_msgs/share/orbbec_camera_msgs/msg/Metadata.idl
[3.006s] -- Up-to-date: /home/agilex/limo_ros2_ws/install/orbbec_camera_msgs/share/orbbec_camera_msgs/msg/IMUInfo.idl
[3.007s] -- Up-to-date: /home/agilex/limo_ros2_ws/install/orbbec_camera_msgs/share/orbbec_camera_msgs/msg/RGBD.idl
[3.008s] -- Up-to-date: /home/agilex/limo_ros2_ws/install/orbbec_camera_msgs/share/orbbec_camera_msgs/srv/GetBool.idl
[3.008s] -- Up-to-date: /home/agilex/limo_ros2_ws/install/orbbec_camera_msgs/share/orbbec_camera_msgs/srv/GetDeviceInfo.idl
[3.009s] -- Up-to-date: /home/agilex/limo_ros2_ws/install/orbbec_camera_msgs/share/orbbec_camera_msgs/srv/GetCameraInfo.idl
[3.009s] -- Up-to-date: /home/agilex/limo_ros2_ws/install/orbbec_camera_msgs/share/orbbec_camera_msgs/srv/GetInt32.idl
[3.010s] -- Up-to-date: /home/agilex/limo_ros2_ws/install/orbbec_camera_msgs/share/orbbec_camera_msgs/srv/GetString.idl
[3.011s] -- Up-to-date: /home/agilex/limo_ros2_ws/install/orbbec_camera_msgs/share/orbbec_camera_msgs/srv/SetInt32.idl
[3.011s] -- Up-to-date: /home/agilex/limo_ros2_ws/install/orbbec_camera_msgs/share/orbbec_camera_msgs/srv/SetString.idl
[3.012s] -- Up-to-date: /home/agilex/limo_ros2_ws/install/orbbec_camera_msgs/share/orbbec_camera_msgs/msg/DeviceInfo.msg
[3.012s] -- Up-to-date: /home/agilex/limo_ros2_ws/install/orbbec_camera_msgs/share/orbbec_camera_msgs/msg/Extrinsics.msg
[3.014s] -- Up-to-date: /home/agilex/limo_ros2_ws/install/orbbec_camera_msgs/share/orbbec_camera_msgs/msg/Metadata.msg
[3.014s] -- Up-to-date: /home/agilex/limo_ros2_ws/install/orbbec_camera_msgs/share/orbbec_camera_msgs/msg/IMUInfo.msg
[3.015s] -- Up-to-date: /home/agilex/limo_ros2_ws/install/orbbec_camera_msgs/share/orbbec_camera_msgs/msg/RGBD.msg
[3.015s] -- Up-to-date: /home/agilex/limo_ros2_ws/install/orbbec_camera_msgs/share/orbbec_camera_msgs/srv/GetBool.srv
[3.016s] -- Up-to-date: /home/agilex/limo_ros2_ws/install/orbbec_camera_msgs/share/orbbec_camera_msgs/srv/GetBool_Request.msg
[3.016s] -- Up-to-date: /home/agilex/limo_ros2_ws/install/orbbec_camera_msgs/share/orbbec_camera_msgs/srv/GetBool_Response.msg
[3.019s] -- Up-to-date: /home/agilex/limo_ros2_ws/install/orbbec_camera_msgs/share/orbbec_camera_msgs/srv/GetDeviceInfo.srv
[3.019s] -- Up-to-date: /home/agilex/limo_ros2_ws/install/orbbec_camera_msgs/share/orbbec_camera_msgs/srv/GetDeviceInfo_Request.msg
[3.020s] -- Up-to-date: /home/agilex/limo_ros2_ws/install/orbbec_camera_msgs/share/orbbec_camera_msgs/srv/GetDeviceInfo_Response.msg
[3.020s] -- Up-to-date: /home/agilex/limo_ros2_ws/install/orbbec_camera_msgs/share/orbbec_camera_msgs/srv/GetCameraInfo.srv
[3.021s] -- Up-to-date: /home/agilex/limo_ros2_ws/install/orbbec_camera_msgs/share/orbbec_camera_msgs/srv/GetCameraInfo_Request.msg
[3.021s] -- Up-to-date: /home/agilex/limo_ros2_ws/install/orbbec_camera_msgs/share/orbbec_camera_msgs/srv/GetCameraInfo_Response.msg
[3.021s] -- Up-to-date: /home/agilex/limo_ros2_ws/install/orbbec_camera_msgs/share/orbbec_camera_msgs/srv/GetInt32.srv
[3.021s] -- Up-to-date: /home/agilex/limo_ros2_ws/install/orbbec_camera_msgs/share/orbbec_camera_msgs/srv/GetInt32_Request.msg
[3.021s] -- Up-to-date: /home/agilex/limo_ros2_ws/install/orbbec_camera_msgs/share/orbbec_camera_msgs/srv/GetInt32_Response.msg
[3.021s] -- Up-to-date: /home/agilex/limo_ros2_ws/install/orbbec_camera_msgs/share/orbbec_camera_msgs/srv/GetString.srv
[3.021s] -- Up-to-date: /home/agilex/limo_ros2_ws/install/orbbec_camera_msgs/share/orbbec_camera_msgs/srv/GetString_Request.msg
[3.022s] -- Up-to-date: /home/agilex/limo_ros2_ws/install/orbbec_camera_msgs/share/orbbec_camera_msgs/srv/GetString_Response.msg
[3.022s] -- Up-to-date: /home/agilex/limo_ros2_ws/install/orbbec_camera_msgs/share/orbbec_camera_msgs/srv/SetInt32.srv
[3.023s] -- Up-to-date: /home/agilex/limo_ros2_ws/install/orbbec_camera_msgs/share/orbbec_camera_msgs/srv/SetInt32_Request.msg
[3.024s] -- Up-to-date: /home/agilex/limo_ros2_ws/install/orbbec_camera_msgs/share/orbbec_camera_msgs/srv/SetInt32_Response.msg
[3.024s] -- Up-to-date: /home/agilex/limo_ros2_ws/install/orbbec_camera_msgs/share/orbbec_camera_msgs/srv/SetString.srv
[3.025s] -- Up-to-date: /home/agilex/limo_ros2_ws/install/orbbec_camera_msgs/share/orbbec_camera_msgs/srv/SetString_Request.msg
[3.025s] -- Up-to-date: /home/agilex/limo_ros2_ws/install/orbbec_camera_msgs/share/orbbec_camera_msgs/srv/SetString_Response.msg
[3.026s] -- Up-to-date: /home/agilex/limo_ros2_ws/install/orbbec_camera_msgs/share/ament_index/resource_index/package_run_dependencies/orbbec_camera_msgs
[3.027s] -- Up-to-date: /home/agilex/limo_ros2_ws/install/orbbec_camera_msgs/share/ament_index/resource_index/parent_prefix_path/orbbec_camera_msgs
[3.027s] -- Up-to-date: /home/agilex/limo_ros2_ws/install/orbbec_camera_msgs/share/orbbec_camera_msgs/environment/ament_prefix_path.sh
[3.028s] -- Up-to-date: /home/agilex/limo_ros2_ws/install/orbbec_camera_msgs/share/orbbec_camera_msgs/environment/ament_prefix_path.dsv
[3.029s] -- Up-to-date: /home/agilex/limo_ros2_ws/install/orbbec_camera_msgs/share/orbbec_camera_msgs/environment/path.sh
[3.029s] -- Up-to-date: /home/agilex/limo_ros2_ws/install/orbbec_camera_msgs/share/orbbec_camera_msgs/environment/path.dsv
[3.030s] -- Up-to-date: /home/agilex/limo_ros2_ws/install/orbbec_camera_msgs/share/orbbec_camera_msgs/local_setup.bash
[3.031s] -- Up-to-date: /home/agilex/limo_ros2_ws/install/orbbec_camera_msgs/share/orbbec_camera_msgs/local_setup.sh
[3.031s] -- Up-to-date: /home/agilex/limo_ros2_ws/install/orbbec_camera_msgs/share/orbbec_camera_msgs/local_setup.zsh
[3.032s] -- Up-to-date: /home/agilex/limo_ros2_ws/install/orbbec_camera_msgs/share/orbbec_camera_msgs/local_setup.dsv
[3.033s] -- Installing: /home/agilex/limo_ros2_ws/install/orbbec_camera_msgs/share/orbbec_camera_msgs/package.dsv
[3.034s] -- Up-to-date: /home/agilex/limo_ros2_ws/install/orbbec_camera_msgs/share/ament_index/resource_index/packages/orbbec_camera_msgs
[3.037s] -- Up-to-date: /home/agilex/limo_ros2_ws/install/orbbec_camera_msgs/share/orbbec_camera_msgs/cmake/orbbec_camera_msgs__rosidl_generator_cExport.cmake
[3.037s] -- Up-to-date: /home/agilex/limo_ros2_ws/install/orbbec_camera_msgs/share/orbbec_camera_msgs/cmake/orbbec_camera_msgs__rosidl_generator_cExport-release.cmake
[3.038s] -- Up-to-date: /home/agilex/limo_ros2_ws/install/orbbec_camera_msgs/share/orbbec_camera_msgs/cmake/orbbec_camera_msgs__rosidl_typesupport_introspection_cExport.cmake
[3.039s] -- Up-to-date: /home/agilex/limo_ros2_ws/install/orbbec_camera_msgs/share/orbbec_camera_msgs/cmake/orbbec_camera_msgs__rosidl_typesupport_introspection_cExport-release.cmake
[3.041s] -- Up-to-date: /home/agilex/limo_ros2_ws/install/orbbec_camera_msgs/share/orbbec_camera_msgs/cmake/orbbec_camera_msgs__rosidl_typesupport_cExport.cmake
[3.041s] -- Up-to-date: /home/agilex/limo_ros2_ws/install/orbbec_camera_msgs/share/orbbec_camera_msgs/cmake/orbbec_camera_msgs__rosidl_typesupport_cExport-release.cmake
[3.041s] -- Up-to-date: /home/agilex/limo_ros2_ws/install/orbbec_camera_msgs/share/orbbec_camera_msgs/cmake/orbbec_camera_msgs__rosidl_generator_cppExport.cmake
[3.042s] -- Up-to-date: /home/agilex/limo_ros2_ws/install/orbbec_camera_msgs/share/orbbec_camera_msgs/cmake/orbbec_camera_msgs__rosidl_typesupport_introspection_cppExport.cmake
[3.043s] -- Up-to-date: /home/agilex/limo_ros2_ws/install/orbbec_camera_msgs/share/orbbec_camera_msgs/cmake/orbbec_camera_msgs__rosidl_typesupport_introspection_cppExport-release.cmake
[3.045s] -- Up-to-date: /home/agilex/limo_ros2_ws/install/orbbec_camera_msgs/share/orbbec_camera_msgs/cmake/orbbec_camera_msgs__rosidl_typesupport_cppExport.cmake
[3.045s] -- Up-to-date: /home/agilex/limo_ros2_ws/install/orbbec_camera_msgs/share/orbbec_camera_msgs/cmake/orbbec_camera_msgs__rosidl_typesupport_cppExport-release.cmake
[3.045s] -- Up-to-date: /home/agilex/limo_ros2_ws/install/orbbec_camera_msgs/share/orbbec_camera_msgs/cmake/rosidl_cmake-extras.cmake
[3.045s] -- Up-to-date: /home/agilex/limo_ros2_ws/install/orbbec_camera_msgs/share/orbbec_camera_msgs/cmake/ament_cmake_export_dependencies-extras.cmake
[3.045s] -- Up-to-date: /home/agilex/limo_ros2_ws/install/orbbec_camera_msgs/share/orbbec_camera_msgs/cmake/ament_cmake_export_libraries-extras.cmake
[3.046s] -- Up-to-date: /home/agilex/limo_ros2_ws/install/orbbec_camera_msgs/share/orbbec_camera_msgs/cmake/ament_cmake_export_targets-extras.cmake
[3.046s] -- Up-to-date: /home/agilex/limo_ros2_ws/install/orbbec_camera_msgs/share/orbbec_camera_msgs/cmake/ament_cmake_export_include_directories-extras.cmake
[3.046s] -- Up-to-date: /home/agilex/limo_ros2_ws/install/orbbec_camera_msgs/share/orbbec_camera_msgs/cmake/rosidl_cmake_export_typesupport_libraries-extras.cmake
[3.046s] -- Up-to-date: /home/agilex/limo_ros2_ws/install/orbbec_camera_msgs/share/orbbec_camera_msgs/cmake/rosidl_cmake_export_typesupport_targets-extras.cmake
[3.046s] -- Up-to-date: /home/agilex/limo_ros2_ws/install/orbbec_camera_msgs/share/orbbec_camera_msgs/cmake/orbbec_camera_msgsConfig.cmake
[3.047s] -- Up-to-date: /home/agilex/limo_ros2_ws/install/orbbec_camera_msgs/share/orbbec_camera_msgs/cmake/orbbec_camera_msgsConfig-version.cmake
[3.047s] -- Up-to-date: /home/agilex/limo_ros2_ws/install/orbbec_camera_msgs/share/orbbec_camera_msgs/package.xml
[3.053s] Invoked command in '/home/agilex/limo_ros2_ws/build/orbbec_camera_msgs' returned '0': CMAKE_PREFIX_PATH=${CMAKE_PREFIX_PATH}:/home/agilex/limo_ros2_ws/install/nav2_gazebo_spawner:/home/agilex/limo_ros2_ws/install/camera_calibration:/opt/ros/foxy /usr/bin/cmake --install /home/agilex/limo_ros2_ws/build/orbbec_camera_msgs
