[0.061s] Invoking command in '/home/agilex/limo_ros2_ws/build/orbbec_description': CMAKE_PREFIX_PATH=${CMAKE_PREFIX_PATH}:/home/agilex/limo_ros2_ws/install/nav2_gazebo_spawner:/opt/ros/foxy /usr/bin/cmake /home/agilex/limo_ros2_ws/src/OrbbecSDK_ROS2/orbbec_description -DCMAKE_BUILD_TYPE=Release -DCMAKE_INSTALL_PREFIX=/home/agilex/limo_ros2_ws/install/orbbec_description
[0.121s] -- Found ament_cmake: 0.9.12 (/opt/ros/foxy/share/ament_cmake/cmake)
[0.183s] -- Using PYTHON_EXECUTABLE: /usr/bin/python3
[0.886s] -- Configuring done
[0.897s] -- Generating done
[0.901s] -- Build files have been written to: /home/agilex/limo_ros2_ws/build/orbbec_description
[0.917s] Invoked command in '/home/agilex/limo_ros2_ws/build/orbbec_description' returned '0': CMAKE_PREFIX_PATH=${CMAKE_PREFIX_PATH}:/home/agilex/limo_ros2_ws/install/nav2_gazebo_spawner:/opt/ros/foxy /usr/bin/cmake /home/agilex/limo_ros2_ws/src/OrbbecSDK_ROS2/orbbec_description -DCMAKE_BUILD_TYPE=Release -DCMAKE_INSTALL_PREFIX=/home/agilex/limo_ros2_ws/install/orbbec_description
[0.920s] Invoking command in '/home/agilex/limo_ros2_ws/build/orbbec_description': CMAKE_PREFIX_PATH=${CMAKE_PREFIX_PATH}:/home/agilex/limo_ros2_ws/install/nav2_gazebo_spawner:/opt/ros/foxy /usr/bin/cmake --build /home/agilex/limo_ros2_ws/build/orbbec_description -- -j6 -l6
[1.075s] Invoked command in '/home/agilex/limo_ros2_ws/build/orbbec_description' returned '0': CMAKE_PREFIX_PATH=${CMAKE_PREFIX_PATH}:/home/agilex/limo_ros2_ws/install/nav2_gazebo_spawner:/opt/ros/foxy /usr/bin/cmake --build /home/agilex/limo_ros2_ws/build/orbbec_description -- -j6 -l6
[1.168s] Invoking command in '/home/agilex/limo_ros2_ws/build/orbbec_description': CMAKE_PREFIX_PATH=${CMAKE_PREFIX_PATH}:/home/agilex/limo_ros2_ws/install/nav2_gazebo_spawner:/opt/ros/foxy /usr/bin/cmake --install /home/agilex/limo_ros2_ws/build/orbbec_description
[1.207s] -- Install configuration: "Release"
[1.208s] -- Up-to-date: /home/agilex/limo_ros2_ws/install/orbbec_description/share/orbbec_description/launch
[1.208s] -- Up-to-date: /home/agilex/limo_ros2_ws/install/orbbec_description/share/orbbec_description/launch/launch_utils.py
[1.208s] -- Up-to-date: /home/agilex/limo_ros2_ws/install/orbbec_description/share/orbbec_description/launch/view_model.launch.py
[1.209s] -- Up-to-date: /home/agilex/limo_ros2_ws/install/orbbec_description/share/orbbec_description/meshes
[1.209s] -- Up-to-date: /home/agilex/limo_ros2_ws/install/orbbec_description/share/orbbec_description/meshes/femto_bolt
[1.209s] -- Up-to-date: /home/agilex/limo_ros2_ws/install/orbbec_description/share/orbbec_description/meshes/femto_bolt/femto_bolt.stl
[1.209s] -- Up-to-date: /home/agilex/limo_ros2_ws/install/orbbec_description/share/orbbec_description/meshes/AstraPlus.stl
[1.209s] -- Up-to-date: /home/agilex/limo_ros2_ws/install/orbbec_description/share/orbbec_description/meshes/gemini335_336
[1.209s] -- Up-to-date: /home/agilex/limo_ros2_ws/install/orbbec_description/share/orbbec_description/meshes/gemini335_336/camera_bottom_screw_frame.STL
[1.210s] -- Up-to-date: /home/agilex/limo_ros2_ws/install/orbbec_description/share/orbbec_description/meshes/gemini335_336/camera_infra_1_frame.STL
[1.210s] -- Up-to-date: /home/agilex/limo_ros2_ws/install/orbbec_description/share/orbbec_description/meshes/gemini335_336/camera_depth_frame.STL
[1.210s] -- Up-to-date: /home/agilex/limo_ros2_ws/install/orbbec_description/share/orbbec_description/meshes/gemini335_336/camera_infra2_frame.STL
[1.210s] -- Up-to-date: /home/agilex/limo_ros2_ws/install/orbbec_description/share/orbbec_description/meshes/gemini335_336/camera_color_optical_frame.STL
[1.210s] -- Up-to-date: /home/agilex/limo_ros2_ws/install/orbbec_description/share/orbbec_description/meshes/gemini335_336/camera_link.STL
[1.210s] -- Up-to-date: /home/agilex/limo_ros2_ws/install/orbbec_description/share/orbbec_description/meshes/gemini335_336/camera_infra2_optical_frame.STL
[1.210s] -- Up-to-date: /home/agilex/limo_ros2_ws/install/orbbec_description/share/orbbec_description/meshes/gemini335_336/camera_infra_1_optical_frame.STL
[1.211s] -- Up-to-date: /home/agilex/limo_ros2_ws/install/orbbec_description/share/orbbec_description/meshes/gemini335_336/camera_depth_optical_frame.STL
[1.211s] -- Up-to-date: /home/agilex/limo_ros2_ws/install/orbbec_description/share/orbbec_description/meshes/gemini335_336/camera_color_frame.STL
[1.212s] -- Up-to-date: /home/agilex/limo_ros2_ws/install/orbbec_description/share/orbbec_description/urdf
[1.212s] -- Up-to-date: /home/agilex/limo_ros2_ws/install/orbbec_description/share/orbbec_description/urdf/test_gemini_336.urdf.xarco
[1.212s] -- Up-to-date: /home/agilex/limo_ros2_ws/install/orbbec_description/share/orbbec_description/urdf/_gemini_335_336.urdf.xacro
[1.212s] -- Up-to-date: /home/agilex/limo_ros2_ws/install/orbbec_description/share/orbbec_description/urdf/femto_bolt.urdf.xacro
[1.212s] -- Up-to-date: /home/agilex/limo_ros2_ws/install/orbbec_description/share/orbbec_description/urdf/test_gemini_335.urdf.xarco
[1.213s] -- Up-to-date: /home/agilex/limo_ros2_ws/install/orbbec_description/share/orbbec_description/rviz
[1.213s] -- Up-to-date: /home/agilex/limo_ros2_ws/install/orbbec_description/share/orbbec_description/rviz/urdf.rviz
[1.213s] -- Up-to-date: /home/agilex/limo_ros2_ws/install/orbbec_description/share/ament_index/resource_index/package_run_dependencies/orbbec_description
[1.213s] -- Installing: /home/agilex/limo_ros2_ws/install/orbbec_description/share/ament_index/resource_index/parent_prefix_path/orbbec_description
[1.213s] -- Up-to-date: /home/agilex/limo_ros2_ws/install/orbbec_description/share/orbbec_description/environment/ament_prefix_path.sh
[1.214s] -- Installing: /home/agilex/limo_ros2_ws/install/orbbec_description/share/orbbec_description/environment/ament_prefix_path.dsv
[1.214s] -- Up-to-date: /home/agilex/limo_ros2_ws/install/orbbec_description/share/orbbec_description/environment/path.sh
[1.214s] -- Installing: /home/agilex/limo_ros2_ws/install/orbbec_description/share/orbbec_description/environment/path.dsv
[1.214s] -- Up-to-date: /home/agilex/limo_ros2_ws/install/orbbec_description/share/orbbec_description/local_setup.bash
[1.214s] -- Up-to-date: /home/agilex/limo_ros2_ws/install/orbbec_description/share/orbbec_description/local_setup.sh
[1.214s] -- Up-to-date: /home/agilex/limo_ros2_ws/install/orbbec_description/share/orbbec_description/local_setup.zsh
[1.215s] -- Installing: /home/agilex/limo_ros2_ws/install/orbbec_description/share/orbbec_description/local_setup.dsv
[1.215s] -- Installing: /home/agilex/limo_ros2_ws/install/orbbec_description/share/orbbec_description/package.dsv
[1.215s] -- Up-to-date: /home/agilex/limo_ros2_ws/install/orbbec_description/share/ament_index/resource_index/packages/orbbec_description
[1.215s] -- Up-to-date: /home/agilex/limo_ros2_ws/install/orbbec_description/share/orbbec_description/cmake/orbbec_descriptionConfig.cmake
[1.215s] -- Up-to-date: /home/agilex/limo_ros2_ws/install/orbbec_description/share/orbbec_description/cmake/orbbec_descriptionConfig-version.cmake
[1.215s] -- Up-to-date: /home/agilex/limo_ros2_ws/install/orbbec_description/share/orbbec_description/package.xml
[1.229s] Invoked command in '/home/agilex/limo_ros2_ws/build/orbbec_description' returned '0': CMAKE_PREFIX_PATH=${CMAKE_PREFIX_PATH}:/home/agilex/limo_ros2_ws/install/nav2_gazebo_spawner:/opt/ros/foxy /usr/bin/cmake --install /home/agilex/limo_ros2_ws/build/orbbec_description
