[0.129s] Invoking command in '/home/agilex/limo_ros2_ws/build/costmap_converter_msgs': CMAKE_PREFIX_PATH=${CMAKE_PREFIX_PATH}:/home/agilex/limo_ros2_ws/install/nav2_gazebo_spawner:/home/agilex/limo_ros2_ws/install/camera_calibration:/opt/ros/foxy /usr/bin/cmake --build /home/agilex/limo_ros2_ws/build/costmap_converter_msgs -- -j6 -l6
[0.402s] [  2%] Built target costmap_converter_msgs__cpp
[0.406s] [ 12%] Built target costmap_converter_msgs__rosidl_generator_c
[0.719s] [ 23%] Built target costmap_converter_msgs__rosidl_typesupport_introspection_cpp
[0.729s] [ 33%] Built target costmap_converter_msgs__rosidl_typesupport_cpp
[0.732s] [ 43%] Built target costmap_converter_msgs__rosidl_typesupport_fastrtps_cpp
[0.733s] [ 53%] Built target costmap_converter_msgs__rosidl_typesupport_introspection_c
[0.748s] [ 64%] Built target costmap_converter_msgs__rosidl_typesupport_c
[0.866s] [ 74%] Built target costmap_converter_msgs__rosidl_typesupport_fastrtps_c
[0.937s] [ 74%] Built target costmap_converter_msgs
[1.007s] [ 76%] Built target costmap_converter_msgs__py
[1.092s] [ 84%] Built target costmap_converter_msgs__python
[1.237s] [ 89%] Built target costmap_converter_msgs__rosidl_typesupport_introspection_c__pyext
[1.265s] [ 94%] Built target costmap_converter_msgs__rosidl_typesupport_c__pyext
[1.297s] [100%] Built target costmap_converter_msgs__rosidl_typesupport_fastrtps_c__pyext
[1.372s] Invoked command in '/home/agilex/limo_ros2_ws/build/costmap_converter_msgs' returned '0': CMAKE_PREFIX_PATH=${CMAKE_PREFIX_PATH}:/home/agilex/limo_ros2_ws/install/nav2_gazebo_spawner:/home/agilex/limo_ros2_ws/install/camera_calibration:/opt/ros/foxy /usr/bin/cmake --build /home/agilex/limo_ros2_ws/build/costmap_converter_msgs -- -j6 -l6
[1.734s] Invoking command in '/home/agilex/limo_ros2_ws/build/costmap_converter_msgs': CMAKE_PREFIX_PATH=${CMAKE_PREFIX_PATH}:/home/agilex/limo_ros2_ws/install/nav2_gazebo_spawner:/home/agilex/limo_ros2_ws/install/camera_calibration:/opt/ros/foxy /usr/bin/cmake --install /home/agilex/limo_ros2_ws/build/costmap_converter_msgs
[1.787s] -- Install configuration: "Release"
[1.796s] -- Up-to-date: /home/agilex/limo_ros2_ws/install/costmap_converter_msgs/share/ament_index/resource_index/rosidl_interfaces/costmap_converter_msgs
[1.797s] -- Up-to-date: /home/agilex/limo_ros2_ws/install/costmap_converter_msgs/include/costmap_converter_msgs
[1.797s] -- Up-to-date: /home/agilex/limo_ros2_ws/install/costmap_converter_msgs/include/costmap_converter_msgs/msg
[1.798s] -- Up-to-date: /home/agilex/limo_ros2_ws/install/costmap_converter_msgs/include/costmap_converter_msgs/msg/rosidl_generator_c__visibility_control.h
[1.799s] -- Up-to-date: /home/agilex/limo_ros2_ws/install/costmap_converter_msgs/include/costmap_converter_msgs/msg/obstacle_array_msg.h
[1.799s] -- Up-to-date: /home/agilex/limo_ros2_ws/install/costmap_converter_msgs/include/costmap_converter_msgs/msg/obstacle_msg.h
[1.799s] -- Up-to-date: /home/agilex/limo_ros2_ws/install/costmap_converter_msgs/include/costmap_converter_msgs/msg/detail
[1.799s] -- Up-to-date: /home/agilex/limo_ros2_ws/install/costmap_converter_msgs/include/costmap_converter_msgs/msg/detail/obstacle_array_msg__functions.c
[1.799s] -- Up-to-date: /home/agilex/limo_ros2_ws/install/costmap_converter_msgs/include/costmap_converter_msgs/msg/detail/obstacle_msg__type_support.h
[1.800s] -- Up-to-date: /home/agilex/limo_ros2_ws/install/costmap_converter_msgs/include/costmap_converter_msgs/msg/detail/obstacle_msg__functions.c
[1.800s] -- Up-to-date: /home/agilex/limo_ros2_ws/install/costmap_converter_msgs/include/costmap_converter_msgs/msg/detail/obstacle_array_msg__struct.h
[1.800s] -- Up-to-date: /home/agilex/limo_ros2_ws/install/costmap_converter_msgs/include/costmap_converter_msgs/msg/detail/obstacle_msg__functions.h
[1.800s] -- Up-to-date: /home/agilex/limo_ros2_ws/install/costmap_converter_msgs/include/costmap_converter_msgs/msg/detail/obstacle_msg__struct.h
[1.800s] -- Up-to-date: /home/agilex/limo_ros2_ws/install/costmap_converter_msgs/include/costmap_converter_msgs/msg/detail/obstacle_array_msg__type_support.h
[1.800s] -- Up-to-date: /home/agilex/limo_ros2_ws/install/costmap_converter_msgs/include/costmap_converter_msgs/msg/detail/obstacle_array_msg__functions.h
[1.801s] -- Up-to-date: /home/agilex/limo_ros2_ws/install/costmap_converter_msgs/share/costmap_converter_msgs/environment/library_path.sh
[1.801s] -- Up-to-date: /home/agilex/limo_ros2_ws/install/costmap_converter_msgs/share/costmap_converter_msgs/environment/library_path.dsv
[1.801s] -- Up-to-date: /home/agilex/limo_ros2_ws/install/costmap_converter_msgs/lib/libcostmap_converter_msgs__rosidl_generator_c.so
[1.802s] -- Up-to-date: /home/agilex/limo_ros2_ws/install/costmap_converter_msgs/include/costmap_converter_msgs
[1.802s] -- Up-to-date: /home/agilex/limo_ros2_ws/install/costmap_converter_msgs/include/costmap_converter_msgs/msg
[1.802s] -- Up-to-date: /home/agilex/limo_ros2_ws/install/costmap_converter_msgs/include/costmap_converter_msgs/msg/rosidl_typesupport_fastrtps_c__visibility_control.h
[1.802s] -- Up-to-date: /home/agilex/limo_ros2_ws/install/costmap_converter_msgs/include/costmap_converter_msgs/msg/detail
[1.802s] -- Up-to-date: /home/agilex/limo_ros2_ws/install/costmap_converter_msgs/include/costmap_converter_msgs/msg/detail/obstacle_array_msg__rosidl_typesupport_fastrtps_c.h
[1.803s] -- Up-to-date: /home/agilex/limo_ros2_ws/install/costmap_converter_msgs/include/costmap_converter_msgs/msg/detail/obstacle_msg__rosidl_typesupport_fastrtps_c.h
[1.803s] -- Up-to-date: /home/agilex/limo_ros2_ws/install/costmap_converter_msgs/lib/libcostmap_converter_msgs__rosidl_typesupport_fastrtps_c.so
[1.804s] -- Up-to-date: /home/agilex/limo_ros2_ws/install/costmap_converter_msgs/include/costmap_converter_msgs
[1.804s] -- Up-to-date: /home/agilex/limo_ros2_ws/install/costmap_converter_msgs/include/costmap_converter_msgs/msg
[1.804s] -- Up-to-date: /home/agilex/limo_ros2_ws/install/costmap_converter_msgs/include/costmap_converter_msgs/msg/rosidl_typesupport_fastrtps_cpp__visibility_control.h
[1.804s] -- Up-to-date: /home/agilex/limo_ros2_ws/install/costmap_converter_msgs/include/costmap_converter_msgs/msg/detail
[1.805s] -- Up-to-date: /home/agilex/limo_ros2_ws/install/costmap_converter_msgs/include/costmap_converter_msgs/msg/detail/obstacle_array_msg__rosidl_typesupport_fastrtps_cpp.hpp
[1.805s] -- Up-to-date: /home/agilex/limo_ros2_ws/install/costmap_converter_msgs/include/costmap_converter_msgs/msg/detail/dds_fastrtps
[1.805s] -- Up-to-date: /home/agilex/limo_ros2_ws/install/costmap_converter_msgs/include/costmap_converter_msgs/msg/detail/obstacle_msg__rosidl_typesupport_fastrtps_cpp.hpp
[1.806s] -- Up-to-date: /home/agilex/limo_ros2_ws/install/costmap_converter_msgs/lib/libcostmap_converter_msgs__rosidl_typesupport_fastrtps_cpp.so
[1.807s] -- Up-to-date: /home/agilex/limo_ros2_ws/install/costmap_converter_msgs/include/costmap_converter_msgs
[1.807s] -- Up-to-date: /home/agilex/limo_ros2_ws/install/costmap_converter_msgs/include/costmap_converter_msgs/msg
[1.807s] -- Up-to-date: /home/agilex/limo_ros2_ws/install/costmap_converter_msgs/include/costmap_converter_msgs/msg/rosidl_typesupport_introspection_c__visibility_control.h
[1.808s] -- Up-to-date: /home/agilex/limo_ros2_ws/install/costmap_converter_msgs/include/costmap_converter_msgs/msg/detail
[1.808s] -- Up-to-date: /home/agilex/limo_ros2_ws/install/costmap_converter_msgs/include/costmap_converter_msgs/msg/detail/obstacle_msg__type_support.c
[1.808s] -- Up-to-date: /home/agilex/limo_ros2_ws/install/costmap_converter_msgs/include/costmap_converter_msgs/msg/detail/obstacle_msg__rosidl_typesupport_introspection_c.h
[1.808s] -- Up-to-date: /home/agilex/limo_ros2_ws/install/costmap_converter_msgs/include/costmap_converter_msgs/msg/detail/obstacle_array_msg__type_support.c
[1.808s] -- Up-to-date: /home/agilex/limo_ros2_ws/install/costmap_converter_msgs/include/costmap_converter_msgs/msg/detail/obstacle_array_msg__rosidl_typesupport_introspection_c.h
[1.809s] -- Up-to-date: /home/agilex/limo_ros2_ws/install/costmap_converter_msgs/lib/libcostmap_converter_msgs__rosidl_typesupport_introspection_c.so
[1.810s] -- Up-to-date: /home/agilex/limo_ros2_ws/install/costmap_converter_msgs/lib/libcostmap_converter_msgs__rosidl_typesupport_c.so
[1.810s] -- Up-to-date: /home/agilex/limo_ros2_ws/install/costmap_converter_msgs/include/costmap_converter_msgs
[1.811s] -- Up-to-date: /home/agilex/limo_ros2_ws/install/costmap_converter_msgs/include/costmap_converter_msgs/msg
[1.812s] -- Up-to-date: /home/agilex/limo_ros2_ws/install/costmap_converter_msgs/include/costmap_converter_msgs/msg/obstacle_array_msg.hpp
[1.812s] -- Up-to-date: /home/agilex/limo_ros2_ws/install/costmap_converter_msgs/include/costmap_converter_msgs/msg/rosidl_generator_cpp__visibility_control.hpp
[1.812s] -- Up-to-date: /home/agilex/limo_ros2_ws/install/costmap_converter_msgs/include/costmap_converter_msgs/msg/obstacle_msg.hpp
[1.812s] -- Up-to-date: /home/agilex/limo_ros2_ws/install/costmap_converter_msgs/include/costmap_converter_msgs/msg/detail
[1.813s] -- Up-to-date: /home/agilex/limo_ros2_ws/install/costmap_converter_msgs/include/costmap_converter_msgs/msg/detail/obstacle_array_msg__struct.hpp
[1.813s] -- Up-to-date: /home/agilex/limo_ros2_ws/install/costmap_converter_msgs/include/costmap_converter_msgs/msg/detail/obstacle_array_msg__traits.hpp
[1.813s] -- Up-to-date: /home/agilex/limo_ros2_ws/install/costmap_converter_msgs/include/costmap_converter_msgs/msg/detail/obstacle_msg__builder.hpp
[1.813s] -- Up-to-date: /home/agilex/limo_ros2_ws/install/costmap_converter_msgs/include/costmap_converter_msgs/msg/detail/obstacle_array_msg__type_support.hpp
[1.814s] -- Up-to-date: /home/agilex/limo_ros2_ws/install/costmap_converter_msgs/include/costmap_converter_msgs/msg/detail/obstacle_msg__type_support.hpp
[1.814s] -- Up-to-date: /home/agilex/limo_ros2_ws/install/costmap_converter_msgs/include/costmap_converter_msgs/msg/detail/obstacle_msg__traits.hpp
[1.814s] -- Up-to-date: /home/agilex/limo_ros2_ws/install/costmap_converter_msgs/include/costmap_converter_msgs/msg/detail/obstacle_array_msg__builder.hpp
[1.815s] -- Up-to-date: /home/agilex/limo_ros2_ws/install/costmap_converter_msgs/include/costmap_converter_msgs/msg/detail/obstacle_msg__struct.hpp
[1.815s] -- Up-to-date: /home/agilex/limo_ros2_ws/install/costmap_converter_msgs/include/costmap_converter_msgs
[1.815s] -- Up-to-date: /home/agilex/limo_ros2_ws/install/costmap_converter_msgs/include/costmap_converter_msgs/msg
[1.815s] -- Up-to-date: /home/agilex/limo_ros2_ws/install/costmap_converter_msgs/include/costmap_converter_msgs/msg/detail
[1.815s] -- Up-to-date: /home/agilex/limo_ros2_ws/install/costmap_converter_msgs/include/costmap_converter_msgs/msg/detail/obstacle_msg__rosidl_typesupport_introspection_cpp.hpp
[1.815s] -- Up-to-date: /home/agilex/limo_ros2_ws/install/costmap_converter_msgs/include/costmap_converter_msgs/msg/detail/obstacle_array_msg__type_support.cpp
[1.816s] -- Up-to-date: /home/agilex/limo_ros2_ws/install/costmap_converter_msgs/include/costmap_converter_msgs/msg/detail/obstacle_array_msg__rosidl_typesupport_introspection_cpp.hpp
[1.816s] -- Up-to-date: /home/agilex/limo_ros2_ws/install/costmap_converter_msgs/include/costmap_converter_msgs/msg/detail/obstacle_msg__type_support.cpp
[1.817s] -- Up-to-date: /home/agilex/limo_ros2_ws/install/costmap_converter_msgs/lib/libcostmap_converter_msgs__rosidl_typesupport_introspection_cpp.so
[1.821s] -- Up-to-date: /home/agilex/limo_ros2_ws/install/costmap_converter_msgs/lib/libcostmap_converter_msgs__rosidl_typesupport_cpp.so
[1.823s] -- Up-to-date: /home/agilex/limo_ros2_ws/install/costmap_converter_msgs/share/costmap_converter_msgs/environment/pythonpath.sh
[1.823s] -- Up-to-date: /home/agilex/limo_ros2_ws/install/costmap_converter_msgs/share/costmap_converter_msgs/environment/pythonpath.dsv
[1.824s] -- Up-to-date: /home/agilex/limo_ros2_ws/install/costmap_converter_msgs/lib/python3.8/site-packages/costmap_converter_msgs/__init__.py
[1.945s] -- Up-to-date: /home/agilex/limo_ros2_ws/install/costmap_converter_msgs/lib/python3.8/site-packages/costmap_converter_msgs/msg
[1.947s] -- Up-to-date: /home/agilex/limo_ros2_ws/install/costmap_converter_msgs/lib/python3.8/site-packages/costmap_converter_msgs/msg/__init__.py
[1.947s] -- Up-to-date: /home/agilex/limo_ros2_ws/install/costmap_converter_msgs/lib/python3.8/site-packages/costmap_converter_msgs/msg/_obstacle_array_msg.py
[1.947s] -- Up-to-date: /home/agilex/limo_ros2_ws/install/costmap_converter_msgs/lib/python3.8/site-packages/costmap_converter_msgs/msg/_obstacle_msg.py
[1.947s] -- Up-to-date: /home/agilex/limo_ros2_ws/install/costmap_converter_msgs/lib/python3.8/site-packages/costmap_converter_msgs/msg/_obstacle_array_msg_s.c
[1.948s] -- Up-to-date: /home/agilex/limo_ros2_ws/install/costmap_converter_msgs/lib/python3.8/site-packages/costmap_converter_msgs/msg/_obstacle_msg_s.c
[1.950s] -- Up-to-date: /home/agilex/limo_ros2_ws/install/costmap_converter_msgs/lib/python3.8/site-packages/costmap_converter_msgs/costmap_converter_msgs_s__rosidl_typesupport_fastrtps_c.cpython-38-aarch64-linux-gnu.so
[1.950s] -- Up-to-date: /home/agilex/limo_ros2_ws/install/costmap_converter_msgs/lib/python3.8/site-packages/costmap_converter_msgs/costmap_converter_msgs_s__rosidl_typesupport_introspection_c.cpython-38-aarch64-linux-gnu.so
[1.952s] -- Up-to-date: /home/agilex/limo_ros2_ws/install/costmap_converter_msgs/lib/python3.8/site-packages/costmap_converter_msgs/costmap_converter_msgs_s__rosidl_typesupport_c.cpython-38-aarch64-linux-gnu.so
[1.953s] -- Up-to-date: /home/agilex/limo_ros2_ws/install/costmap_converter_msgs/lib/libcostmap_converter_msgs__python.so
[1.959s] -- Up-to-date: /home/agilex/limo_ros2_ws/install/costmap_converter_msgs/share/costmap_converter_msgs/msg/ObstacleMsg.idl
[1.959s] -- Up-to-date: /home/agilex/limo_ros2_ws/install/costmap_converter_msgs/share/costmap_converter_msgs/msg/ObstacleArrayMsg.idl
[1.959s] -- Up-to-date: /home/agilex/limo_ros2_ws/install/costmap_converter_msgs/share/costmap_converter_msgs/msg/ObstacleMsg.msg
[1.959s] -- Up-to-date: /home/agilex/limo_ros2_ws/install/costmap_converter_msgs/share/costmap_converter_msgs/msg/ObstacleArrayMsg.msg
[1.959s] -- Up-to-date: /home/agilex/limo_ros2_ws/install/costmap_converter_msgs/share/ament_index/resource_index/package_run_dependencies/costmap_converter_msgs
[1.961s] -- Up-to-date: /home/agilex/limo_ros2_ws/install/costmap_converter_msgs/share/ament_index/resource_index/parent_prefix_path/costmap_converter_msgs
[1.961s] -- Up-to-date: /home/agilex/limo_ros2_ws/install/costmap_converter_msgs/share/costmap_converter_msgs/environment/ament_prefix_path.sh
[1.961s] -- Up-to-date: /home/agilex/limo_ros2_ws/install/costmap_converter_msgs/share/costmap_converter_msgs/environment/ament_prefix_path.dsv
[1.961s] -- Up-to-date: /home/agilex/limo_ros2_ws/install/costmap_converter_msgs/share/costmap_converter_msgs/environment/path.sh
[1.961s] -- Up-to-date: /home/agilex/limo_ros2_ws/install/costmap_converter_msgs/share/costmap_converter_msgs/environment/path.dsv
[1.962s] -- Up-to-date: /home/agilex/limo_ros2_ws/install/costmap_converter_msgs/share/costmap_converter_msgs/local_setup.bash
[1.962s] -- Up-to-date: /home/agilex/limo_ros2_ws/install/costmap_converter_msgs/share/costmap_converter_msgs/local_setup.sh
[1.962s] -- Up-to-date: /home/agilex/limo_ros2_ws/install/costmap_converter_msgs/share/costmap_converter_msgs/local_setup.zsh
[1.962s] -- Up-to-date: /home/agilex/limo_ros2_ws/install/costmap_converter_msgs/share/costmap_converter_msgs/local_setup.dsv
[1.962s] -- Installing: /home/agilex/limo_ros2_ws/install/costmap_converter_msgs/share/costmap_converter_msgs/package.dsv
[1.962s] -- Up-to-date: /home/agilex/limo_ros2_ws/install/costmap_converter_msgs/share/ament_index/resource_index/packages/costmap_converter_msgs
[1.965s] -- Up-to-date: /home/agilex/limo_ros2_ws/install/costmap_converter_msgs/share/costmap_converter_msgs/cmake/costmap_converter_msgs__rosidl_generator_cExport.cmake
[1.966s] -- Up-to-date: /home/agilex/limo_ros2_ws/install/costmap_converter_msgs/share/costmap_converter_msgs/cmake/costmap_converter_msgs__rosidl_generator_cExport-release.cmake
[1.968s] -- Up-to-date: /home/agilex/limo_ros2_ws/install/costmap_converter_msgs/share/costmap_converter_msgs/cmake/costmap_converter_msgs__rosidl_typesupport_introspection_cExport.cmake
[1.968s] -- Up-to-date: /home/agilex/limo_ros2_ws/install/costmap_converter_msgs/share/costmap_converter_msgs/cmake/costmap_converter_msgs__rosidl_typesupport_introspection_cExport-release.cmake
[1.970s] -- Up-to-date: /home/agilex/limo_ros2_ws/install/costmap_converter_msgs/share/costmap_converter_msgs/cmake/costmap_converter_msgs__rosidl_typesupport_cExport.cmake
[1.971s] -- Up-to-date: /home/agilex/limo_ros2_ws/install/costmap_converter_msgs/share/costmap_converter_msgs/cmake/costmap_converter_msgs__rosidl_typesupport_cExport-release.cmake
[1.975s] -- Up-to-date: /home/agilex/limo_ros2_ws/install/costmap_converter_msgs/share/costmap_converter_msgs/cmake/costmap_converter_msgs__rosidl_generator_cppExport.cmake
[1.977s] -- Up-to-date: /home/agilex/limo_ros2_ws/install/costmap_converter_msgs/share/costmap_converter_msgs/cmake/costmap_converter_msgs__rosidl_typesupport_introspection_cppExport.cmake
[1.978s] -- Up-to-date: /home/agilex/limo_ros2_ws/install/costmap_converter_msgs/share/costmap_converter_msgs/cmake/costmap_converter_msgs__rosidl_typesupport_introspection_cppExport-release.cmake
[1.979s] -- Up-to-date: /home/agilex/limo_ros2_ws/install/costmap_converter_msgs/share/costmap_converter_msgs/cmake/costmap_converter_msgs__rosidl_typesupport_cppExport.cmake
[1.979s] -- Up-to-date: /home/agilex/limo_ros2_ws/install/costmap_converter_msgs/share/costmap_converter_msgs/cmake/costmap_converter_msgs__rosidl_typesupport_cppExport-release.cmake
[1.980s] -- Up-to-date: /home/agilex/limo_ros2_ws/install/costmap_converter_msgs/share/costmap_converter_msgs/cmake/rosidl_cmake-extras.cmake
[1.980s] -- Up-to-date: /home/agilex/limo_ros2_ws/install/costmap_converter_msgs/share/costmap_converter_msgs/cmake/ament_cmake_export_dependencies-extras.cmake
[1.980s] -- Up-to-date: /home/agilex/limo_ros2_ws/install/costmap_converter_msgs/share/costmap_converter_msgs/cmake/ament_cmake_export_libraries-extras.cmake
[1.980s] -- Up-to-date: /home/agilex/limo_ros2_ws/install/costmap_converter_msgs/share/costmap_converter_msgs/cmake/ament_cmake_export_targets-extras.cmake
[1.980s] -- Up-to-date: /home/agilex/limo_ros2_ws/install/costmap_converter_msgs/share/costmap_converter_msgs/cmake/ament_cmake_export_include_directories-extras.cmake
[1.980s] -- Up-to-date: /home/agilex/limo_ros2_ws/install/costmap_converter_msgs/share/costmap_converter_msgs/cmake/rosidl_cmake_export_typesupport_libraries-extras.cmake
[1.980s] -- Up-to-date: /home/agilex/limo_ros2_ws/install/costmap_converter_msgs/share/costmap_converter_msgs/cmake/rosidl_cmake_export_typesupport_targets-extras.cmake
[1.981s] -- Up-to-date: /home/agilex/limo_ros2_ws/install/costmap_converter_msgs/share/costmap_converter_msgs/cmake/costmap_converter_msgsConfig.cmake
[1.981s] -- Up-to-date: /home/agilex/limo_ros2_ws/install/costmap_converter_msgs/share/costmap_converter_msgs/cmake/costmap_converter_msgsConfig-version.cmake
[1.981s] -- Up-to-date: /home/agilex/limo_ros2_ws/install/costmap_converter_msgs/share/costmap_converter_msgs/package.xml
[1.988s] Invoked command in '/home/agilex/limo_ros2_ws/build/costmap_converter_msgs' returned '0': CMAKE_PREFIX_PATH=${CMAKE_PREFIX_PATH}:/home/agilex/limo_ros2_ws/install/nav2_gazebo_spawner:/home/agilex/limo_ros2_ws/install/camera_calibration:/opt/ros/foxy /usr/bin/cmake --install /home/agilex/limo_ros2_ws/build/costmap_converter_msgs
