/home/agilex/limo_ros2_ws/install/camera_calibration/lib/python3.8/site-packages/camera_calibration/camera_checker.py
/home/agilex/limo_ros2_ws/install/camera_calibration/lib/python3.8/site-packages/camera_calibration/mono_calibrator.py
/home/agilex/limo_ros2_ws/install/camera_calibration/lib/python3.8/site-packages/camera_calibration/calibrator.py
/home/agilex/limo_ros2_ws/install/camera_calibration/lib/python3.8/site-packages/camera_calibration/__init__.py
/home/agilex/limo_ros2_ws/install/camera_calibration/lib/python3.8/site-packages/camera_calibration/stereo_calibrator.py
/home/agilex/limo_ros2_ws/install/camera_calibration/lib/python3.8/site-packages/camera_calibration/camera_calibrator.py
/home/agilex/limo_ros2_ws/install/camera_calibration/lib/python3.8/site-packages/camera_calibration/nodes/cameracheck.py
/home/agilex/limo_ros2_ws/install/camera_calibration/lib/python3.8/site-packages/camera_calibration/nodes/__init__.py
/home/agilex/limo_ros2_ws/install/camera_calibration/lib/python3.8/site-packages/camera_calibration/nodes/tarfile_calibration.py
/home/agilex/limo_ros2_ws/install/camera_calibration/lib/python3.8/site-packages/camera_calibration/nodes/cameracalibrator.py
/home/agilex/limo_ros2_ws/install/camera_calibration/lib/python3.8/site-packages/camera_calibration/__pycache__/camera_checker.cpython-38.pyc
/home/agilex/limo_ros2_ws/install/camera_calibration/lib/python3.8/site-packages/camera_calibration/__pycache__/mono_calibrator.cpython-38.pyc
/home/agilex/limo_ros2_ws/install/camera_calibration/lib/python3.8/site-packages/camera_calibration/__pycache__/calibrator.cpython-38.pyc
/home/agilex/limo_ros2_ws/install/camera_calibration/lib/python3.8/site-packages/camera_calibration/__pycache__/__init__.cpython-38.pyc
/home/agilex/limo_ros2_ws/install/camera_calibration/lib/python3.8/site-packages/camera_calibration/__pycache__/stereo_calibrator.cpython-38.pyc
/home/agilex/limo_ros2_ws/install/camera_calibration/lib/python3.8/site-packages/camera_calibration/__pycache__/camera_calibrator.cpython-38.pyc
/home/agilex/limo_ros2_ws/install/camera_calibration/lib/python3.8/site-packages/camera_calibration/nodes/__pycache__/cameracheck.cpython-38.pyc
/home/agilex/limo_ros2_ws/install/camera_calibration/lib/python3.8/site-packages/camera_calibration/nodes/__pycache__/__init__.cpython-38.pyc
/home/agilex/limo_ros2_ws/install/camera_calibration/lib/python3.8/site-packages/camera_calibration/nodes/__pycache__/tarfile_calibration.cpython-38.pyc
/home/agilex/limo_ros2_ws/install/camera_calibration/lib/python3.8/site-packages/camera_calibration/nodes/__pycache__/cameracalibrator.cpython-38.pyc
/home/agilex/limo_ros2_ws/install/camera_calibration/share/ament_index/resource_index/packages/camera_calibration
/home/agilex/limo_ros2_ws/install/camera_calibration/share/camera_calibration/package.xml
/home/agilex/limo_ros2_ws/install/camera_calibration/lib/python3.8/site-packages/camera_calibration-6.0.5-py3.8.egg-info/zip-safe
/home/agilex/limo_ros2_ws/install/camera_calibration/lib/python3.8/site-packages/camera_calibration-6.0.5-py3.8.egg-info/PKG-INFO
/home/agilex/limo_ros2_ws/install/camera_calibration/lib/python3.8/site-packages/camera_calibration-6.0.5-py3.8.egg-info/requires.txt
/home/agilex/limo_ros2_ws/install/camera_calibration/lib/python3.8/site-packages/camera_calibration-6.0.5-py3.8.egg-info/entry_points.txt
/home/agilex/limo_ros2_ws/install/camera_calibration/lib/python3.8/site-packages/camera_calibration-6.0.5-py3.8.egg-info/SOURCES.txt
/home/agilex/limo_ros2_ws/install/camera_calibration/lib/python3.8/site-packages/camera_calibration-6.0.5-py3.8.egg-info/dependency_links.txt
/home/agilex/limo_ros2_ws/install/camera_calibration/lib/python3.8/site-packages/camera_calibration-6.0.5-py3.8.egg-info/top_level.txt
/home/agilex/limo_ros2_ws/install/camera_calibration/lib/camera_calibration/cameracalibrator
/home/agilex/limo_ros2_ws/install/camera_calibration/lib/camera_calibration/cameracheck
/home/agilex/limo_ros2_ws/install/camera_calibration/lib/camera_calibration/tarfile_calibration
