[0.140s] Invoking command in '/home/agilex/limo_ros2_ws/build/nav_2d_msgs': CMAKE_PREFIX_PATH=${CMAKE_PREFIX_PATH}:/home/agilex/limo_ros2_ws/install/ultraarm:/home/agilex/limo_ros2_ws/install/nav2_gazebo_spawner:/home/agilex/limo_ros2_ws/install/mypalletizer_260_pi:/home/agilex/limo_ros2_ws/install/mypalletizer_260:/home/agilex/limo_ros2_ws/install/mypalletizer_communication:/home/agilex/limo_ros2_ws/install/mycobot_630:/home/agilex/limo_ros2_ws/install/mycobot_600:/home/agilex/limo_ros2_ws/install/mycobot_320pi:/home/agilex/limo_ros2_ws/install/mycobot_320:/home/agilex/limo_ros2_ws/install/mycobot_280pi:/home/agilex/limo_ros2_ws/install/mycobot_280jn:/home/agilex/limo_ros2_ws/install/mycobot_280_x3pi:/home/agilex/limo_ros2_ws/install/mycobot_280:/home/agilex/limo_ros2_ws/install/myarm_300:/home/agilex/limo_ros2_ws/install/mycobot_communication:/home/agilex/limo_ros2_ws/install/mecharm_pi:/home/agilex/limo_ros2_ws/install/mecharm:/home/agilex/limo_ros2_ws/install/mecharm_communication:/home/agilex/limo_ros2_ws/install/mybuddy:/home/agilex/limo_ros2_ws/install/mycobot_description:/opt/ros/foxy /usr/bin/cmake --build /home/agilex/limo_ros2_ws/build/nav_2d_msgs -- -j6 -l6
[0.309s] [  1%] Built target nav_2d_msgs__cpp
[0.341s] [ 12%] Built target nav_2d_msgs__rosidl_generator_c
[0.571s] [ 23%] Built target nav_2d_msgs__rosidl_typesupport_introspection_cpp
[0.574s] [ 35%] Built target nav_2d_msgs__rosidl_typesupport_fastrtps_cpp
[0.577s] [ 46%] Built target nav_2d_msgs__rosidl_typesupport_cpp
[0.604s] [ 57%] Built target nav_2d_msgs__rosidl_typesupport_introspection_c
[0.628s] [ 69%] Built target nav_2d_msgs__rosidl_typesupport_c
[0.701s] [ 80%] Built target nav_2d_msgs__rosidl_typesupport_fastrtps_c
[0.809s] [ 80%] Built target nav_2d_msgs
[0.904s] [ 81%] Built target nav_2d_msgs__py
[1.024s] [ 91%] Built target nav_2d_msgs__python
[1.146s] [ 94%] Built target nav_2d_msgs__rosidl_typesupport_introspection_c__pyext
[1.156s] [ 97%] Built target nav_2d_msgs__rosidl_typesupport_c__pyext
[1.166s] [100%] Built target nav_2d_msgs__rosidl_typesupport_fastrtps_c__pyext
[1.262s] Invoked command in '/home/agilex/limo_ros2_ws/build/nav_2d_msgs' returned '0': CMAKE_PREFIX_PATH=${CMAKE_PREFIX_PATH}:/home/agilex/limo_ros2_ws/install/ultraarm:/home/agilex/limo_ros2_ws/install/nav2_gazebo_spawner:/home/agilex/limo_ros2_ws/install/mypalletizer_260_pi:/home/agilex/limo_ros2_ws/install/mypalletizer_260:/home/agilex/limo_ros2_ws/install/mypalletizer_communication:/home/agilex/limo_ros2_ws/install/mycobot_630:/home/agilex/limo_ros2_ws/install/mycobot_600:/home/agilex/limo_ros2_ws/install/mycobot_320pi:/home/agilex/limo_ros2_ws/install/mycobot_320:/home/agilex/limo_ros2_ws/install/mycobot_280pi:/home/agilex/limo_ros2_ws/install/mycobot_280jn:/home/agilex/limo_ros2_ws/install/mycobot_280_x3pi:/home/agilex/limo_ros2_ws/install/mycobot_280:/home/agilex/limo_ros2_ws/install/myarm_300:/home/agilex/limo_ros2_ws/install/mycobot_communication:/home/agilex/limo_ros2_ws/install/mecharm_pi:/home/agilex/limo_ros2_ws/install/mecharm:/home/agilex/limo_ros2_ws/install/mecharm_communication:/home/agilex/limo_ros2_ws/install/mybuddy:/home/agilex/limo_ros2_ws/install/mycobot_description:/opt/ros/foxy /usr/bin/cmake --build /home/agilex/limo_ros2_ws/build/nav_2d_msgs -- -j6 -l6
[1.977s] Invoking command in '/home/agilex/limo_ros2_ws/build/nav_2d_msgs': CMAKE_PREFIX_PATH=${CMAKE_PREFIX_PATH}:/home/agilex/limo_ros2_ws/install/ultraarm:/home/agilex/limo_ros2_ws/install/nav2_gazebo_spawner:/home/agilex/limo_ros2_ws/install/mypalletizer_260_pi:/home/agilex/limo_ros2_ws/install/mypalletizer_260:/home/agilex/limo_ros2_ws/install/mypalletizer_communication:/home/agilex/limo_ros2_ws/install/mycobot_630:/home/agilex/limo_ros2_ws/install/mycobot_600:/home/agilex/limo_ros2_ws/install/mycobot_320pi:/home/agilex/limo_ros2_ws/install/mycobot_320:/home/agilex/limo_ros2_ws/install/mycobot_280pi:/home/agilex/limo_ros2_ws/install/mycobot_280jn:/home/agilex/limo_ros2_ws/install/mycobot_280_x3pi:/home/agilex/limo_ros2_ws/install/mycobot_280:/home/agilex/limo_ros2_ws/install/myarm_300:/home/agilex/limo_ros2_ws/install/mycobot_communication:/home/agilex/limo_ros2_ws/install/mecharm_pi:/home/agilex/limo_ros2_ws/install/mecharm:/home/agilex/limo_ros2_ws/install/mecharm_communication:/home/agilex/limo_ros2_ws/install/mybuddy:/home/agilex/limo_ros2_ws/install/mycobot_description:/opt/ros/foxy /usr/bin/cmake --install /home/agilex/limo_ros2_ws/build/nav_2d_msgs
[2.008s] -- Install configuration: ""
[2.009s] -- Up-to-date: /home/agilex/limo_ros2_ws/install/nav_2d_msgs/share/ament_index/resource_index/rosidl_interfaces/nav_2d_msgs
[2.009s] -- Up-to-date: /home/agilex/limo_ros2_ws/install/nav_2d_msgs/include/nav_2d_msgs
[2.009s] -- Up-to-date: /home/agilex/limo_ros2_ws/install/nav_2d_msgs/include/nav_2d_msgs/msg
[2.009s] -- Up-to-date: /home/agilex/limo_ros2_ws/install/nav_2d_msgs/include/nav_2d_msgs/msg/twist2_d.h
[2.010s] -- Up-to-date: /home/agilex/limo_ros2_ws/install/nav_2d_msgs/include/nav_2d_msgs/msg/pose2_d32.h
[2.010s] -- Up-to-date: /home/agilex/limo_ros2_ws/install/nav_2d_msgs/include/nav_2d_msgs/msg/rosidl_generator_c__visibility_control.h
[2.010s] -- Up-to-date: /home/agilex/limo_ros2_ws/install/nav_2d_msgs/include/nav_2d_msgs/msg/twist2_d_stamped.h
[2.010s] -- Up-to-date: /home/agilex/limo_ros2_ws/install/nav_2d_msgs/include/nav_2d_msgs/msg/path2_d.h
[2.010s] -- Up-to-date: /home/agilex/limo_ros2_ws/install/nav_2d_msgs/include/nav_2d_msgs/msg/detail
[2.011s] -- Up-to-date: /home/agilex/limo_ros2_ws/install/nav_2d_msgs/include/nav_2d_msgs/msg/detail/twist2_d__type_support.h
[2.011s] -- Up-to-date: /home/agilex/limo_ros2_ws/install/nav_2d_msgs/include/nav_2d_msgs/msg/detail/pose2_d32__functions.c
[2.011s] -- Up-to-date: /home/agilex/limo_ros2_ws/install/nav_2d_msgs/include/nav_2d_msgs/msg/detail/pose2_d_stamped__struct.h
[2.011s] -- Up-to-date: /home/agilex/limo_ros2_ws/install/nav_2d_msgs/include/nav_2d_msgs/msg/detail/twist2_d_stamped__functions.h
[2.012s] -- Up-to-date: /home/agilex/limo_ros2_ws/install/nav_2d_msgs/include/nav_2d_msgs/msg/detail/twist2_d32__functions.c
[2.012s] -- Up-to-date: /home/agilex/limo_ros2_ws/install/nav_2d_msgs/include/nav_2d_msgs/msg/detail/twist2_d__struct.h
[2.012s] -- Up-to-date: /home/agilex/limo_ros2_ws/install/nav_2d_msgs/include/nav_2d_msgs/msg/detail/pose2_d_stamped__type_support.h
[2.012s] -- Up-to-date: /home/agilex/limo_ros2_ws/install/nav_2d_msgs/include/nav_2d_msgs/msg/detail/pose2_d_stamped__functions.c
[2.012s] -- Up-to-date: /home/agilex/limo_ros2_ws/install/nav_2d_msgs/include/nav_2d_msgs/msg/detail/twist2_d__functions.c
[2.012s] -- Up-to-date: /home/agilex/limo_ros2_ws/install/nav_2d_msgs/include/nav_2d_msgs/msg/detail/path2_d__type_support.h
[2.012s] -- Up-to-date: /home/agilex/limo_ros2_ws/install/nav_2d_msgs/include/nav_2d_msgs/msg/detail/twist2_d32__functions.h
[2.012s] -- Up-to-date: /home/agilex/limo_ros2_ws/install/nav_2d_msgs/include/nav_2d_msgs/msg/detail/twist2_d32__struct.h
[2.012s] -- Up-to-date: /home/agilex/limo_ros2_ws/install/nav_2d_msgs/include/nav_2d_msgs/msg/detail/pose2_d32__struct.h
[2.013s] -- Up-to-date: /home/agilex/limo_ros2_ws/install/nav_2d_msgs/include/nav_2d_msgs/msg/detail/twist2_d__functions.h
[2.013s] -- Up-to-date: /home/agilex/limo_ros2_ws/install/nav_2d_msgs/include/nav_2d_msgs/msg/detail/path2_d__functions.c
[2.013s] -- Up-to-date: /home/agilex/limo_ros2_ws/install/nav_2d_msgs/include/nav_2d_msgs/msg/detail/twist2_d_stamped__type_support.h
[2.013s] -- Up-to-date: /home/agilex/limo_ros2_ws/install/nav_2d_msgs/include/nav_2d_msgs/msg/detail/pose2_d32__functions.h
[2.013s] -- Up-to-date: /home/agilex/limo_ros2_ws/install/nav_2d_msgs/include/nav_2d_msgs/msg/detail/path2_d__struct.h
[2.013s] -- Up-to-date: /home/agilex/limo_ros2_ws/install/nav_2d_msgs/include/nav_2d_msgs/msg/detail/twist2_d32__type_support.h
[2.014s] -- Up-to-date: /home/agilex/limo_ros2_ws/install/nav_2d_msgs/include/nav_2d_msgs/msg/detail/pose2_d_stamped__functions.h
[2.015s] -- Up-to-date: /home/agilex/limo_ros2_ws/install/nav_2d_msgs/include/nav_2d_msgs/msg/detail/pose2_d32__type_support.h
[2.015s] -- Up-to-date: /home/agilex/limo_ros2_ws/install/nav_2d_msgs/include/nav_2d_msgs/msg/detail/twist2_d_stamped__struct.h
[2.015s] -- Up-to-date: /home/agilex/limo_ros2_ws/install/nav_2d_msgs/include/nav_2d_msgs/msg/detail/twist2_d_stamped__functions.c
[2.016s] -- Up-to-date: /home/agilex/limo_ros2_ws/install/nav_2d_msgs/include/nav_2d_msgs/msg/detail/path2_d__functions.h
[2.016s] -- Up-to-date: /home/agilex/limo_ros2_ws/install/nav_2d_msgs/include/nav_2d_msgs/msg/twist2_d32.h
[2.016s] -- Up-to-date: /home/agilex/limo_ros2_ws/install/nav_2d_msgs/include/nav_2d_msgs/msg/pose2_d_stamped.h
[2.016s] -- Up-to-date: /home/agilex/limo_ros2_ws/install/nav_2d_msgs/share/nav_2d_msgs/environment/library_path.sh
[2.016s] -- Up-to-date: /home/agilex/limo_ros2_ws/install/nav_2d_msgs/share/nav_2d_msgs/environment/library_path.dsv
[2.017s] -- Up-to-date: /home/agilex/limo_ros2_ws/install/nav_2d_msgs/lib/libnav_2d_msgs__rosidl_generator_c.so
[2.017s] -- Up-to-date: /home/agilex/limo_ros2_ws/install/nav_2d_msgs/include/nav_2d_msgs
[2.017s] -- Up-to-date: /home/agilex/limo_ros2_ws/install/nav_2d_msgs/include/nav_2d_msgs/msg
[2.018s] -- Up-to-date: /home/agilex/limo_ros2_ws/install/nav_2d_msgs/include/nav_2d_msgs/msg/rosidl_typesupport_fastrtps_c__visibility_control.h
[2.018s] -- Up-to-date: /home/agilex/limo_ros2_ws/install/nav_2d_msgs/include/nav_2d_msgs/msg/detail
[2.018s] -- Up-to-date: /home/agilex/limo_ros2_ws/install/nav_2d_msgs/include/nav_2d_msgs/msg/detail/twist2_d__rosidl_typesupport_fastrtps_c.h
[2.019s] -- Up-to-date: /home/agilex/limo_ros2_ws/install/nav_2d_msgs/include/nav_2d_msgs/msg/detail/path2_d__rosidl_typesupport_fastrtps_c.h
[2.019s] -- Up-to-date: /home/agilex/limo_ros2_ws/install/nav_2d_msgs/include/nav_2d_msgs/msg/detail/pose2_d_stamped__rosidl_typesupport_fastrtps_c.h
[2.019s] -- Up-to-date: /home/agilex/limo_ros2_ws/install/nav_2d_msgs/include/nav_2d_msgs/msg/detail/twist2_d32__rosidl_typesupport_fastrtps_c.h
[2.019s] -- Up-to-date: /home/agilex/limo_ros2_ws/install/nav_2d_msgs/include/nav_2d_msgs/msg/detail/pose2_d32__rosidl_typesupport_fastrtps_c.h
[2.019s] -- Up-to-date: /home/agilex/limo_ros2_ws/install/nav_2d_msgs/include/nav_2d_msgs/msg/detail/twist2_d_stamped__rosidl_typesupport_fastrtps_c.h
[2.020s] -- Up-to-date: /home/agilex/limo_ros2_ws/install/nav_2d_msgs/lib/libnav_2d_msgs__rosidl_typesupport_fastrtps_c.so
[2.020s] -- Up-to-date: /home/agilex/limo_ros2_ws/install/nav_2d_msgs/include/nav_2d_msgs
[2.021s] -- Up-to-date: /home/agilex/limo_ros2_ws/install/nav_2d_msgs/include/nav_2d_msgs/msg
[2.021s] -- Up-to-date: /home/agilex/limo_ros2_ws/install/nav_2d_msgs/include/nav_2d_msgs/msg/rosidl_typesupport_fastrtps_cpp__visibility_control.h
[2.023s] -- Up-to-date: /home/agilex/limo_ros2_ws/install/nav_2d_msgs/include/nav_2d_msgs/msg/detail
[2.024s] -- Up-to-date: /home/agilex/limo_ros2_ws/install/nav_2d_msgs/include/nav_2d_msgs/msg/detail/twist2_d32__rosidl_typesupport_fastrtps_cpp.hpp
[2.024s] -- Up-to-date: /home/agilex/limo_ros2_ws/install/nav_2d_msgs/include/nav_2d_msgs/msg/detail/dds_fastrtps
[2.024s] -- Up-to-date: /home/agilex/limo_ros2_ws/install/nav_2d_msgs/include/nav_2d_msgs/msg/detail/pose2_d32__rosidl_typesupport_fastrtps_cpp.hpp
[2.025s] -- Up-to-date: /home/agilex/limo_ros2_ws/install/nav_2d_msgs/include/nav_2d_msgs/msg/detail/twist2_d__rosidl_typesupport_fastrtps_cpp.hpp
[2.025s] -- Up-to-date: /home/agilex/limo_ros2_ws/install/nav_2d_msgs/include/nav_2d_msgs/msg/detail/twist2_d_stamped__rosidl_typesupport_fastrtps_cpp.hpp
[2.025s] -- Up-to-date: /home/agilex/limo_ros2_ws/install/nav_2d_msgs/include/nav_2d_msgs/msg/detail/pose2_d_stamped__rosidl_typesupport_fastrtps_cpp.hpp
[2.025s] -- Up-to-date: /home/agilex/limo_ros2_ws/install/nav_2d_msgs/include/nav_2d_msgs/msg/detail/path2_d__rosidl_typesupport_fastrtps_cpp.hpp
[2.025s] -- Up-to-date: /home/agilex/limo_ros2_ws/install/nav_2d_msgs/lib/libnav_2d_msgs__rosidl_typesupport_fastrtps_cpp.so
[2.025s] -- Up-to-date: /home/agilex/limo_ros2_ws/install/nav_2d_msgs/include/nav_2d_msgs
[2.025s] -- Up-to-date: /home/agilex/limo_ros2_ws/install/nav_2d_msgs/include/nav_2d_msgs/msg
[2.026s] -- Up-to-date: /home/agilex/limo_ros2_ws/install/nav_2d_msgs/include/nav_2d_msgs/msg/rosidl_typesupport_introspection_c__visibility_control.h
[2.026s] -- Up-to-date: /home/agilex/limo_ros2_ws/install/nav_2d_msgs/include/nav_2d_msgs/msg/detail
[2.026s] -- Up-to-date: /home/agilex/limo_ros2_ws/install/nav_2d_msgs/include/nav_2d_msgs/msg/detail/twist2_d_stamped__type_support.c
[2.026s] -- Up-to-date: /home/agilex/limo_ros2_ws/install/nav_2d_msgs/include/nav_2d_msgs/msg/detail/path2_d__rosidl_typesupport_introspection_c.h
[2.026s] -- Up-to-date: /home/agilex/limo_ros2_ws/install/nav_2d_msgs/include/nav_2d_msgs/msg/detail/twist2_d__type_support.c
[2.027s] -- Up-to-date: /home/agilex/limo_ros2_ws/install/nav_2d_msgs/include/nav_2d_msgs/msg/detail/twist2_d32__rosidl_typesupport_introspection_c.h
[2.027s] -- Up-to-date: /home/agilex/limo_ros2_ws/install/nav_2d_msgs/include/nav_2d_msgs/msg/detail/pose2_d_stamped__rosidl_typesupport_introspection_c.h
[2.027s] -- Up-to-date: /home/agilex/limo_ros2_ws/install/nav_2d_msgs/include/nav_2d_msgs/msg/detail/twist2_d__rosidl_typesupport_introspection_c.h
[2.028s] -- Up-to-date: /home/agilex/limo_ros2_ws/install/nav_2d_msgs/include/nav_2d_msgs/msg/detail/pose2_d32__rosidl_typesupport_introspection_c.h
[2.028s] -- Up-to-date: /home/agilex/limo_ros2_ws/install/nav_2d_msgs/include/nav_2d_msgs/msg/detail/path2_d__type_support.c
[2.028s] -- Up-to-date: /home/agilex/limo_ros2_ws/install/nav_2d_msgs/include/nav_2d_msgs/msg/detail/pose2_d_stamped__type_support.c
[2.028s] -- Up-to-date: /home/agilex/limo_ros2_ws/install/nav_2d_msgs/include/nav_2d_msgs/msg/detail/twist2_d_stamped__rosidl_typesupport_introspection_c.h
[2.028s] -- Up-to-date: /home/agilex/limo_ros2_ws/install/nav_2d_msgs/include/nav_2d_msgs/msg/detail/twist2_d32__type_support.c
[2.028s] -- Up-to-date: /home/agilex/limo_ros2_ws/install/nav_2d_msgs/include/nav_2d_msgs/msg/detail/pose2_d32__type_support.c
[2.028s] -- Up-to-date: /home/agilex/limo_ros2_ws/install/nav_2d_msgs/lib/libnav_2d_msgs__rosidl_typesupport_introspection_c.so
[2.029s] -- Up-to-date: /home/agilex/limo_ros2_ws/install/nav_2d_msgs/lib/libnav_2d_msgs__rosidl_typesupport_c.so
[2.029s] -- Up-to-date: /home/agilex/limo_ros2_ws/install/nav_2d_msgs/include/nav_2d_msgs
[2.029s] -- Up-to-date: /home/agilex/limo_ros2_ws/install/nav_2d_msgs/include/nav_2d_msgs/msg
[2.029s] -- Up-to-date: /home/agilex/limo_ros2_ws/install/nav_2d_msgs/include/nav_2d_msgs/msg/pose2_d_stamped.hpp
[2.029s] -- Up-to-date: /home/agilex/limo_ros2_ws/install/nav_2d_msgs/include/nav_2d_msgs/msg/twist2_d_stamped.hpp
[2.029s] -- Up-to-date: /home/agilex/limo_ros2_ws/install/nav_2d_msgs/include/nav_2d_msgs/msg/twist2_d.hpp
[2.030s] -- Up-to-date: /home/agilex/limo_ros2_ws/install/nav_2d_msgs/include/nav_2d_msgs/msg/path2_d.hpp
[2.030s] -- Up-to-date: /home/agilex/limo_ros2_ws/install/nav_2d_msgs/include/nav_2d_msgs/msg/rosidl_generator_cpp__visibility_control.hpp
[2.030s] -- Up-to-date: /home/agilex/limo_ros2_ws/install/nav_2d_msgs/include/nav_2d_msgs/msg/twist2_d32.hpp
[2.030s] -- Up-to-date: /home/agilex/limo_ros2_ws/install/nav_2d_msgs/include/nav_2d_msgs/msg/detail
[2.030s] -- Up-to-date: /home/agilex/limo_ros2_ws/install/nav_2d_msgs/include/nav_2d_msgs/msg/detail/twist2_d__struct.hpp
[2.030s] -- Up-to-date: /home/agilex/limo_ros2_ws/install/nav_2d_msgs/include/nav_2d_msgs/msg/detail/twist2_d32__traits.hpp
[2.031s] -- Up-to-date: /home/agilex/limo_ros2_ws/install/nav_2d_msgs/include/nav_2d_msgs/msg/detail/twist2_d_stamped__type_support.hpp
[2.031s] -- Up-to-date: /home/agilex/limo_ros2_ws/install/nav_2d_msgs/include/nav_2d_msgs/msg/detail/path2_d__type_support.hpp
[2.031s] -- Up-to-date: /home/agilex/limo_ros2_ws/install/nav_2d_msgs/include/nav_2d_msgs/msg/detail/pose2_d32__struct.hpp
[2.031s] -- Up-to-date: /home/agilex/limo_ros2_ws/install/nav_2d_msgs/include/nav_2d_msgs/msg/detail/twist2_d32__type_support.hpp
[2.031s] -- Up-to-date: /home/agilex/limo_ros2_ws/install/nav_2d_msgs/include/nav_2d_msgs/msg/detail/twist2_d_stamped__builder.hpp
[2.031s] -- Up-to-date: /home/agilex/limo_ros2_ws/install/nav_2d_msgs/include/nav_2d_msgs/msg/detail/twist2_d32__struct.hpp
[2.031s] -- Up-to-date: /home/agilex/limo_ros2_ws/install/nav_2d_msgs/include/nav_2d_msgs/msg/detail/twist2_d__traits.hpp
[2.031s] -- Up-to-date: /home/agilex/limo_ros2_ws/install/nav_2d_msgs/include/nav_2d_msgs/msg/detail/twist2_d__type_support.hpp
[2.032s] -- Up-to-date: /home/agilex/limo_ros2_ws/install/nav_2d_msgs/include/nav_2d_msgs/msg/detail/pose2_d32__type_support.hpp
[2.032s] -- Up-to-date: /home/agilex/limo_ros2_ws/install/nav_2d_msgs/include/nav_2d_msgs/msg/detail/path2_d__traits.hpp
[2.032s] -- Up-to-date: /home/agilex/limo_ros2_ws/install/nav_2d_msgs/include/nav_2d_msgs/msg/detail/pose2_d32__builder.hpp
[2.032s] -- Up-to-date: /home/agilex/limo_ros2_ws/install/nav_2d_msgs/include/nav_2d_msgs/msg/detail/path2_d__builder.hpp
[2.032s] -- Up-to-date: /home/agilex/limo_ros2_ws/install/nav_2d_msgs/include/nav_2d_msgs/msg/detail/pose2_d_stamped__struct.hpp
[2.032s] -- Up-to-date: /home/agilex/limo_ros2_ws/install/nav_2d_msgs/include/nav_2d_msgs/msg/detail/twist2_d__builder.hpp
[2.033s] -- Up-to-date: /home/agilex/limo_ros2_ws/install/nav_2d_msgs/include/nav_2d_msgs/msg/detail/twist2_d_stamped__traits.hpp
[2.033s] -- Up-to-date: /home/agilex/limo_ros2_ws/install/nav_2d_msgs/include/nav_2d_msgs/msg/detail/pose2_d_stamped__type_support.hpp
[2.033s] -- Up-to-date: /home/agilex/limo_ros2_ws/install/nav_2d_msgs/include/nav_2d_msgs/msg/detail/pose2_d32__traits.hpp
[2.033s] -- Up-to-date: /home/agilex/limo_ros2_ws/install/nav_2d_msgs/include/nav_2d_msgs/msg/detail/twist2_d_stamped__struct.hpp
[2.033s] -- Up-to-date: /home/agilex/limo_ros2_ws/install/nav_2d_msgs/include/nav_2d_msgs/msg/detail/pose2_d_stamped__traits.hpp
[2.033s] -- Up-to-date: /home/agilex/limo_ros2_ws/install/nav_2d_msgs/include/nav_2d_msgs/msg/detail/twist2_d32__builder.hpp
[2.033s] -- Up-to-date: /home/agilex/limo_ros2_ws/install/nav_2d_msgs/include/nav_2d_msgs/msg/detail/path2_d__struct.hpp
[2.034s] -- Up-to-date: /home/agilex/limo_ros2_ws/install/nav_2d_msgs/include/nav_2d_msgs/msg/detail/pose2_d_stamped__builder.hpp
[2.034s] -- Up-to-date: /home/agilex/limo_ros2_ws/install/nav_2d_msgs/include/nav_2d_msgs/msg/pose2_d32.hpp
[2.034s] -- Up-to-date: /home/agilex/limo_ros2_ws/install/nav_2d_msgs/include/nav_2d_msgs
[2.034s] -- Up-to-date: /home/agilex/limo_ros2_ws/install/nav_2d_msgs/include/nav_2d_msgs/msg
[2.034s] -- Up-to-date: /home/agilex/limo_ros2_ws/install/nav_2d_msgs/include/nav_2d_msgs/msg/detail
[2.034s] -- Up-to-date: /home/agilex/limo_ros2_ws/install/nav_2d_msgs/include/nav_2d_msgs/msg/detail/path2_d__type_support.cpp
[2.034s] -- Up-to-date: /home/agilex/limo_ros2_ws/install/nav_2d_msgs/include/nav_2d_msgs/msg/detail/twist2_d__type_support.cpp
[2.034s] -- Up-to-date: /home/agilex/limo_ros2_ws/install/nav_2d_msgs/include/nav_2d_msgs/msg/detail/pose2_d_stamped__rosidl_typesupport_introspection_cpp.hpp
[2.041s] -- Up-to-date: /home/agilex/limo_ros2_ws/install/nav_2d_msgs/include/nav_2d_msgs/msg/detail/path2_d__rosidl_typesupport_introspection_cpp.hpp
[2.042s] -- Up-to-date: /home/agilex/limo_ros2_ws/install/nav_2d_msgs/include/nav_2d_msgs/msg/detail/pose2_d_stamped__type_support.cpp
[2.042s] -- Up-to-date: /home/agilex/limo_ros2_ws/install/nav_2d_msgs/include/nav_2d_msgs/msg/detail/pose2_d32__rosidl_typesupport_introspection_cpp.hpp
[2.042s] -- Up-to-date: /home/agilex/limo_ros2_ws/install/nav_2d_msgs/include/nav_2d_msgs/msg/detail/twist2_d_stamped__rosidl_typesupport_introspection_cpp.hpp
[2.043s] -- Up-to-date: /home/agilex/limo_ros2_ws/install/nav_2d_msgs/include/nav_2d_msgs/msg/detail/pose2_d32__type_support.cpp
[2.043s] -- Up-to-date: /home/agilex/limo_ros2_ws/install/nav_2d_msgs/include/nav_2d_msgs/msg/detail/twist2_d__rosidl_typesupport_introspection_cpp.hpp
[2.044s] -- Up-to-date: /home/agilex/limo_ros2_ws/install/nav_2d_msgs/include/nav_2d_msgs/msg/detail/twist2_d32__rosidl_typesupport_introspection_cpp.hpp
[2.044s] -- Up-to-date: /home/agilex/limo_ros2_ws/install/nav_2d_msgs/include/nav_2d_msgs/msg/detail/twist2_d_stamped__type_support.cpp
[2.050s] -- Up-to-date: /home/agilex/limo_ros2_ws/install/nav_2d_msgs/include/nav_2d_msgs/msg/detail/twist2_d32__type_support.cpp
[2.051s] -- Up-to-date: /home/agilex/limo_ros2_ws/install/nav_2d_msgs/lib/libnav_2d_msgs__rosidl_typesupport_introspection_cpp.so
[2.051s] -- Up-to-date: /home/agilex/limo_ros2_ws/install/nav_2d_msgs/lib/libnav_2d_msgs__rosidl_typesupport_cpp.so
[2.051s] -- Up-to-date: /home/agilex/limo_ros2_ws/install/nav_2d_msgs/share/nav_2d_msgs/environment/pythonpath.sh
[2.052s] -- Up-to-date: /home/agilex/limo_ros2_ws/install/nav_2d_msgs/share/nav_2d_msgs/environment/pythonpath.dsv
[2.052s] -- Up-to-date: /home/agilex/limo_ros2_ws/install/nav_2d_msgs/lib/python3.8/site-packages/nav_2d_msgs/__init__.py
[2.131s] -- Up-to-date: /home/agilex/limo_ros2_ws/install/nav_2d_msgs/lib/python3.8/site-packages/nav_2d_msgs/msg
[2.132s] -- Up-to-date: /home/agilex/limo_ros2_ws/install/nav_2d_msgs/lib/python3.8/site-packages/nav_2d_msgs/msg/_path2_d_s.c
[2.132s] -- Up-to-date: /home/agilex/limo_ros2_ws/install/nav_2d_msgs/lib/python3.8/site-packages/nav_2d_msgs/msg/_pose2_d32.py
[2.132s] -- Up-to-date: /home/agilex/limo_ros2_ws/install/nav_2d_msgs/lib/python3.8/site-packages/nav_2d_msgs/msg/_twist2_d32_s.c
[2.133s] -- Up-to-date: /home/agilex/limo_ros2_ws/install/nav_2d_msgs/lib/python3.8/site-packages/nav_2d_msgs/msg/_twist2_d_s.c
[2.133s] -- Up-to-date: /home/agilex/limo_ros2_ws/install/nav_2d_msgs/lib/python3.8/site-packages/nav_2d_msgs/msg/_twist2_d_stamped_s.c
[2.133s] -- Up-to-date: /home/agilex/limo_ros2_ws/install/nav_2d_msgs/lib/python3.8/site-packages/nav_2d_msgs/msg/_pose2_d32_s.c
[2.133s] -- Up-to-date: /home/agilex/limo_ros2_ws/install/nav_2d_msgs/lib/python3.8/site-packages/nav_2d_msgs/msg/_pose2_d_stamped.py
[2.133s] -- Up-to-date: /home/agilex/limo_ros2_ws/install/nav_2d_msgs/lib/python3.8/site-packages/nav_2d_msgs/msg/__init__.py
[2.133s] -- Up-to-date: /home/agilex/limo_ros2_ws/install/nav_2d_msgs/lib/python3.8/site-packages/nav_2d_msgs/msg/_twist2_d_stamped.py
[2.133s] -- Up-to-date: /home/agilex/limo_ros2_ws/install/nav_2d_msgs/lib/python3.8/site-packages/nav_2d_msgs/msg/_twist2_d.py
[2.133s] -- Up-to-date: /home/agilex/limo_ros2_ws/install/nav_2d_msgs/lib/python3.8/site-packages/nav_2d_msgs/msg/_pose2_d_stamped_s.c
[2.134s] -- Up-to-date: /home/agilex/limo_ros2_ws/install/nav_2d_msgs/lib/python3.8/site-packages/nav_2d_msgs/msg/_path2_d.py
[2.134s] -- Up-to-date: /home/agilex/limo_ros2_ws/install/nav_2d_msgs/lib/python3.8/site-packages/nav_2d_msgs/msg/_twist2_d32.py
[2.134s] -- Up-to-date: /home/agilex/limo_ros2_ws/install/nav_2d_msgs/lib/python3.8/site-packages/nav_2d_msgs/nav_2d_msgs_s__rosidl_typesupport_fastrtps_c.cpython-38-aarch64-linux-gnu.so
[2.134s] -- Up-to-date: /home/agilex/limo_ros2_ws/install/nav_2d_msgs/lib/python3.8/site-packages/nav_2d_msgs/nav_2d_msgs_s__rosidl_typesupport_introspection_c.cpython-38-aarch64-linux-gnu.so
[2.136s] -- Up-to-date: /home/agilex/limo_ros2_ws/install/nav_2d_msgs/lib/python3.8/site-packages/nav_2d_msgs/nav_2d_msgs_s__rosidl_typesupport_c.cpython-38-aarch64-linux-gnu.so
[2.136s] -- Up-to-date: /home/agilex/limo_ros2_ws/install/nav_2d_msgs/lib/libnav_2d_msgs__python.so
[2.136s] -- Up-to-date: /home/agilex/limo_ros2_ws/install/nav_2d_msgs/share/nav_2d_msgs/msg/Path2D.idl
[2.137s] -- Up-to-date: /home/agilex/limo_ros2_ws/install/nav_2d_msgs/share/nav_2d_msgs/msg/Pose2D32.idl
[2.137s] -- Up-to-date: /home/agilex/limo_ros2_ws/install/nav_2d_msgs/share/nav_2d_msgs/msg/Pose2DStamped.idl
[2.137s] -- Up-to-date: /home/agilex/limo_ros2_ws/install/nav_2d_msgs/share/nav_2d_msgs/msg/Twist2D.idl
[2.137s] -- Up-to-date: /home/agilex/limo_ros2_ws/install/nav_2d_msgs/share/nav_2d_msgs/msg/Twist2D32.idl
[2.138s] -- Up-to-date: /home/agilex/limo_ros2_ws/install/nav_2d_msgs/share/nav_2d_msgs/msg/Twist2DStamped.idl
[2.138s] -- Up-to-date: /home/agilex/limo_ros2_ws/install/nav_2d_msgs/share/nav_2d_msgs/msg/Path2D.msg
[2.138s] -- Up-to-date: /home/agilex/limo_ros2_ws/install/nav_2d_msgs/share/nav_2d_msgs/msg/Pose2D32.msg
[2.139s] -- Up-to-date: /home/agilex/limo_ros2_ws/install/nav_2d_msgs/share/nav_2d_msgs/msg/Pose2DStamped.msg
[2.139s] -- Up-to-date: /home/agilex/limo_ros2_ws/install/nav_2d_msgs/share/nav_2d_msgs/msg/Twist2D.msg
[2.139s] -- Up-to-date: /home/agilex/limo_ros2_ws/install/nav_2d_msgs/share/nav_2d_msgs/msg/Twist2D32.msg
[2.139s] -- Up-to-date: /home/agilex/limo_ros2_ws/install/nav_2d_msgs/share/nav_2d_msgs/msg/Twist2DStamped.msg
[2.139s] -- Up-to-date: /home/agilex/limo_ros2_ws/install/nav_2d_msgs/share/ament_index/resource_index/package_run_dependencies/nav_2d_msgs
[2.139s] -- Up-to-date: /home/agilex/limo_ros2_ws/install/nav_2d_msgs/share/ament_index/resource_index/parent_prefix_path/nav_2d_msgs
[2.140s] -- Up-to-date: /home/agilex/limo_ros2_ws/install/nav_2d_msgs/share/nav_2d_msgs/environment/ament_prefix_path.sh
[2.140s] -- Up-to-date: /home/agilex/limo_ros2_ws/install/nav_2d_msgs/share/nav_2d_msgs/environment/ament_prefix_path.dsv
[2.140s] -- Up-to-date: /home/agilex/limo_ros2_ws/install/nav_2d_msgs/share/nav_2d_msgs/environment/path.sh
[2.140s] -- Up-to-date: /home/agilex/limo_ros2_ws/install/nav_2d_msgs/share/nav_2d_msgs/environment/path.dsv
[2.141s] -- Up-to-date: /home/agilex/limo_ros2_ws/install/nav_2d_msgs/share/nav_2d_msgs/local_setup.bash
[2.141s] -- Up-to-date: /home/agilex/limo_ros2_ws/install/nav_2d_msgs/share/nav_2d_msgs/local_setup.sh
[2.141s] -- Up-to-date: /home/agilex/limo_ros2_ws/install/nav_2d_msgs/share/nav_2d_msgs/local_setup.zsh
[2.141s] -- Up-to-date: /home/agilex/limo_ros2_ws/install/nav_2d_msgs/share/nav_2d_msgs/local_setup.dsv
[2.141s] -- Installing: /home/agilex/limo_ros2_ws/install/nav_2d_msgs/share/nav_2d_msgs/package.dsv
[2.141s] -- Up-to-date: /home/agilex/limo_ros2_ws/install/nav_2d_msgs/share/ament_index/resource_index/packages/nav_2d_msgs
[2.142s] -- Up-to-date: /home/agilex/limo_ros2_ws/install/nav_2d_msgs/share/nav_2d_msgs/cmake/nav_2d_msgs__rosidl_generator_cExport.cmake
[2.142s] -- Up-to-date: /home/agilex/limo_ros2_ws/install/nav_2d_msgs/share/nav_2d_msgs/cmake/nav_2d_msgs__rosidl_generator_cExport-noconfig.cmake
[2.142s] -- Up-to-date: /home/agilex/limo_ros2_ws/install/nav_2d_msgs/share/nav_2d_msgs/cmake/nav_2d_msgs__rosidl_typesupport_introspection_cExport.cmake
[2.142s] -- Up-to-date: /home/agilex/limo_ros2_ws/install/nav_2d_msgs/share/nav_2d_msgs/cmake/nav_2d_msgs__rosidl_typesupport_introspection_cExport-noconfig.cmake
[2.143s] -- Up-to-date: /home/agilex/limo_ros2_ws/install/nav_2d_msgs/share/nav_2d_msgs/cmake/nav_2d_msgs__rosidl_typesupport_cExport.cmake
[2.143s] -- Up-to-date: /home/agilex/limo_ros2_ws/install/nav_2d_msgs/share/nav_2d_msgs/cmake/nav_2d_msgs__rosidl_typesupport_cExport-noconfig.cmake
[2.143s] -- Up-to-date: /home/agilex/limo_ros2_ws/install/nav_2d_msgs/share/nav_2d_msgs/cmake/nav_2d_msgs__rosidl_generator_cppExport.cmake
[2.143s] -- Up-to-date: /home/agilex/limo_ros2_ws/install/nav_2d_msgs/share/nav_2d_msgs/cmake/nav_2d_msgs__rosidl_typesupport_introspection_cppExport.cmake
[2.144s] -- Up-to-date: /home/agilex/limo_ros2_ws/install/nav_2d_msgs/share/nav_2d_msgs/cmake/nav_2d_msgs__rosidl_typesupport_introspection_cppExport-noconfig.cmake
[2.144s] -- Up-to-date: /home/agilex/limo_ros2_ws/install/nav_2d_msgs/share/nav_2d_msgs/cmake/nav_2d_msgs__rosidl_typesupport_cppExport.cmake
[2.144s] -- Up-to-date: /home/agilex/limo_ros2_ws/install/nav_2d_msgs/share/nav_2d_msgs/cmake/nav_2d_msgs__rosidl_typesupport_cppExport-noconfig.cmake
[2.144s] -- Up-to-date: /home/agilex/limo_ros2_ws/install/nav_2d_msgs/share/nav_2d_msgs/cmake/rosidl_cmake-extras.cmake
[2.144s] -- Up-to-date: /home/agilex/limo_ros2_ws/install/nav_2d_msgs/share/nav_2d_msgs/cmake/ament_cmake_export_dependencies-extras.cmake
[2.144s] -- Up-to-date: /home/agilex/limo_ros2_ws/install/nav_2d_msgs/share/nav_2d_msgs/cmake/ament_cmake_export_libraries-extras.cmake
[2.144s] -- Up-to-date: /home/agilex/limo_ros2_ws/install/nav_2d_msgs/share/nav_2d_msgs/cmake/ament_cmake_export_targets-extras.cmake
[2.145s] -- Up-to-date: /home/agilex/limo_ros2_ws/install/nav_2d_msgs/share/nav_2d_msgs/cmake/ament_cmake_export_include_directories-extras.cmake
[2.145s] -- Up-to-date: /home/agilex/limo_ros2_ws/install/nav_2d_msgs/share/nav_2d_msgs/cmake/rosidl_cmake_export_typesupport_libraries-extras.cmake
[2.145s] -- Up-to-date: /home/agilex/limo_ros2_ws/install/nav_2d_msgs/share/nav_2d_msgs/cmake/rosidl_cmake_export_typesupport_targets-extras.cmake
[2.145s] -- Up-to-date: /home/agilex/limo_ros2_ws/install/nav_2d_msgs/share/nav_2d_msgs/cmake/nav_2d_msgsConfig.cmake
[2.146s] -- Up-to-date: /home/agilex/limo_ros2_ws/install/nav_2d_msgs/share/nav_2d_msgs/cmake/nav_2d_msgsConfig-version.cmake
[2.146s] -- Up-to-date: /home/agilex/limo_ros2_ws/install/nav_2d_msgs/share/nav_2d_msgs/package.xml
[2.166s] Invoked command in '/home/agilex/limo_ros2_ws/build/nav_2d_msgs' returned '0': CMAKE_PREFIX_PATH=${CMAKE_PREFIX_PATH}:/home/agilex/limo_ros2_ws/install/ultraarm:/home/agilex/limo_ros2_ws/install/nav2_gazebo_spawner:/home/agilex/limo_ros2_ws/install/mypalletizer_260_pi:/home/agilex/limo_ros2_ws/install/mypalletizer_260:/home/agilex/limo_ros2_ws/install/mypalletizer_communication:/home/agilex/limo_ros2_ws/install/mycobot_630:/home/agilex/limo_ros2_ws/install/mycobot_600:/home/agilex/limo_ros2_ws/install/mycobot_320pi:/home/agilex/limo_ros2_ws/install/mycobot_320:/home/agilex/limo_ros2_ws/install/mycobot_280pi:/home/agilex/limo_ros2_ws/install/mycobot_280jn:/home/agilex/limo_ros2_ws/install/mycobot_280_x3pi:/home/agilex/limo_ros2_ws/install/mycobot_280:/home/agilex/limo_ros2_ws/install/myarm_300:/home/agilex/limo_ros2_ws/install/mycobot_communication:/home/agilex/limo_ros2_ws/install/mecharm_pi:/home/agilex/limo_ros2_ws/install/mecharm:/home/agilex/limo_ros2_ws/install/mecharm_communication:/home/agilex/limo_ros2_ws/install/mybuddy:/home/agilex/limo_ros2_ws/install/mycobot_description:/opt/ros/foxy /usr/bin/cmake --install /home/agilex/limo_ros2_ws/build/nav_2d_msgs
