[0.096s] Invoking command in '/home/agilex/limo_ros2_ws/src/build/smac_planner': AMENT_PREFIX_PATH=/home/agilex/limo_ros2_ws/src/install/nav2_core:/home/agilex/limo_ros2_ws/src/install/nav2_costmap_2d:/home/agilex/limo_ros2_ws/src/install/nav2_util:/home/agilex/limo_ros2_ws/src/install/nav2_voxel_grid:/home/agilex/limo_ros2_ws/src/install/nav2_msgs:/home/agilex/limo_ros2_ws/src/install/nav2_common:${AMENT_PREFIX_PATH} CMAKE_PREFIX_PATH=/home/agilex/limo_ros2_ws/src/install/nav2_core:/home/agilex/limo_ros2_ws/src/install/nav2_costmap_2d:/home/agilex/limo_ros2_ws/src/install/nav2_util:/home/agilex/limo_ros2_ws/src/install/nav2_voxel_grid:/home/agilex/limo_ros2_ws/src/install/nav2_msgs:/home/agilex/limo_ros2_ws/src/install/nav2_common:/home/agilex/limo_ros2_ws/install/ydlidar_sdk:/home/agilex/limo_ros2_ws/install/ydlidar_ros2_driver:/home/agilex/limo_ros2_ws/install/teb_local_planner:/home/agilex/limo_ros2_ws/install/teb_msgs:/home/agilex/limo_ros2_ws/install/nav2_system_tests:/home/agilex/limo_ros2_ws/install/nav2_bringup:/home/agilex/limo_ros2_ws/install/navigation2:/home/agilex/limo_ros2_ws/install/smac_planner:/home/agilex/limo_ros2_ws/install/rf2o_laser_odometry:/home/agilex/limo_ros2_ws/install/orbbec_description:/home/agilex/limo_ros2_ws/install/orbbec_camera:/home/agilex/limo_ros2_ws/install/orbbec_camera_msgs:/home/agilex/limo_ros2_ws/install/nav2_dwb_controller:/home/agilex/limo_ros2_ws/install/nav2_controller:/home/agilex/limo_ros2_ws/install/dwb_plugins:/home/agilex/limo_ros2_ws/install/dwb_critics:/home/agilex/limo_ros2_ws/install/dwb_core:/home/agilex/limo_ros2_ws/install/nav_2d_utils:/home/agilex/limo_ros2_ws/install/dwb_msgs:/home/agilex/limo_ros2_ws/install/nav_2d_msgs:/home/agilex/limo_ros2_ws/install/nav2_waypoint_follower:/home/agilex/limo_ros2_ws/install/nav2_regulated_pure_pursuit_controller:/home/agilex/limo_ros2_ws/install/nav2_recoveries:/home/agilex/limo_ros2_ws/install/nav2_planner:/home/agilex/limo_ros2_ws/install/nav2_navfn_planner:/home/agilex/limo_ros2_ws/install/nav2_core:/home/agilex/limo_ros2_ws/install/costmap_queue:/home/agilex/limo_ros2_ws/install/costmap_converter:/home/agilex/limo_ros2_ws/install/nav2_costmap_2d:/home/agilex/limo_ros2_ws/install/nav2_voxel_grid:/home/agilex/limo_ros2_ws/install/nav2_rviz_plugins:/home/agilex/limo_ros2_ws/install/nav2_map_server:/home/agilex/limo_ros2_ws/install/nav2_lifecycle_manager:/home/agilex/limo_ros2_ws/install/nav2_bt_navigator:/home/agilex/limo_ros2_ws/install/nav2_behavior_tree:/home/agilex/limo_ros2_ws/install/nav2_amcl:/home/agilex/limo_ros2_ws/install/nav2_util:/home/agilex/limo_ros2_ws/install/nav2_msgs:/home/agilex/limo_ros2_ws/install/nav2_common:/home/agilex/limo_ros2_ws/install/magic_enum:/home/agilex/limo_ros2_ws/install/limo_visions:/home/agilex/limo_ros2_ws/install/limo_bringup:/home/agilex/limo_ros2_ws/install/limo_base:/home/agilex/limo_ros2_ws/install/limo_msgs:/home/agilex/limo_ros2_ws/install/limo_description:/home/agilex/limo_ros2_ws/install/libuvc:/home/agilex/limo_ros2_ws/install/glog:/home/agilex/limo_ros2_ws/install/costmap_converter_msgs:/home/agilex/limo_ros2_ws/install/astra_camera:/home/agilex/limo_ros2_ws/install/astra_camera_msgs:/home/agilex/limo_ros2_ws/install/nav2_gazebo_spawner:/opt/ros/foxy LD_LIBRARY_PATH=/home/agilex/limo_ros2_ws/src/install/nav2_costmap_2d/lib:/home/agilex/limo_ros2_ws/src/install/nav2_util/lib:/home/agilex/limo_ros2_ws/src/install/nav2_voxel_grid/lib:/home/agilex/limo_ros2_ws/src/install/nav2_msgs/lib:${LD_LIBRARY_PATH} PYTHONPATH=/home/agilex/limo_ros2_ws/src/install/nav2_msgs/lib/python3.8/site-packages:/home/agilex/limo_ros2_ws/src/install/nav2_common/lib/python3.8/site-packages:${PYTHONPATH} /usr/bin/cmake /home/agilex/limo_ros2_ws/src/navigation2/smac_planner -DCMAKE_INSTALL_PREFIX=/home/agilex/limo_ros2_ws/src/install/smac_planner
[15.361s] -- The C compiler identification is GNU 9.4.0
[15.361s] -- The CXX compiler identification is GNU 9.4.0
[15.361s] -- Check for working C compiler: /usr/bin/cc
[15.361s] -- Check for working C compiler: /usr/bin/cc -- works
[15.361s] -- Detecting C compiler ABI info
[15.362s] -- Detecting C compiler ABI info - done
[15.362s] -- Detecting C compile features
[15.362s] -- Detecting C compile features - done
[15.362s] -- Check for working CXX compiler: /usr/bin/c++
[15.362s] -- Check for working CXX compiler: /usr/bin/c++ -- works
[15.362s] -- Detecting CXX compiler ABI info
[15.362s] -- Detecting CXX compiler ABI info - done
[15.362s] -- Detecting CXX compile features
[15.362s] -- Detecting CXX compile features - done
[15.363s] -- Found ament_cmake: 0.9.12 (/opt/ros/foxy/share/ament_cmake/cmake)
[15.363s] -- Found PythonInterp: /usr/bin/python3 (found suitable version "3.8.10", minimum required is "3") 
[15.363s] -- Using PYTHON_EXECUTABLE: /usr/bin/python3
[15.363s] -- Found nav2_common: 0.4.7 (/home/agilex/limo_ros2_ws/src/install/nav2_common/share/nav2_common/cmake)
[15.363s] -- Found rclcpp: 2.4.3 (/opt/ros/foxy/share/rclcpp/cmake)
[15.363s] -- Using all available rosidl_typesupport_c: rosidl_typesupport_fastrtps_c;rosidl_typesupport_introspection_c
[15.363s] -- Found rosidl_adapter: 1.3.1 (/opt/ros/foxy/share/rosidl_adapter/cmake)
[15.364s] -- Found OpenSSL: /usr/lib/aarch64-linux-gnu/libcrypto.so (found version "1.1.1f")  
[15.364s] -- Found FastRTPS: /opt/ros/foxy/include  
[15.364s] -- Using all available rosidl_typesupport_cpp: rosidl_typesupport_fastrtps_cpp;rosidl_typesupport_introspection_cpp
[15.364s] -- Found rmw_implementation_cmake: 1.0.4 (/opt/ros/foxy/share/rmw_implementation_cmake/cmake)
[15.364s] -- Using RMW implementation 'rmw_fastrtps_cpp' as default
[15.364s] -- Looking for pthread.h
[15.364s] -- Looking for pthread.h - found
[15.364s] -- Performing Test CMAKE_HAVE_LIBC_PTHREAD
[15.364s] -- Performing Test CMAKE_HAVE_LIBC_PTHREAD - Failed
[15.365s] -- Looking for pthread_create in pthreads
[15.365s] -- Looking for pthread_create in pthreads - not found
[15.365s] -- Looking for pthread_create in pthread
[15.365s] -- Looking for pthread_create in pthread - found
[15.365s] -- Found Threads: TRUE  
[15.365s] -- Found rclcpp_action: 2.4.3 (/opt/ros/foxy/share/rclcpp_action/cmake)
[15.365s] -- Found rclcpp_lifecycle: 2.4.3 (/opt/ros/foxy/share/rclcpp_lifecycle/cmake)
[15.365s] -- Found visualization_msgs: 2.0.5 (/opt/ros/foxy/share/visualization_msgs/cmake)
[15.365s] -- Found nav2_util: 0.4.7 (/home/agilex/limo_ros2_ws/src/install/nav2_util/share/nav2_util/cmake)
[15.366s] -- Found eigen3_cmake_module: 0.1.1 (/opt/ros/foxy/share/eigen3_cmake_module/cmake)
[15.366s] -- Found Eigen3: TRUE (found version "3.3.7") 
[15.366s] -- Found nav2_core: 0.4.7 (/home/agilex/limo_ros2_ws/src/install/nav2_core/share/nav2_core/cmake)
[15.366s] -- Found installed version of Eigen: /usr/lib/cmake/eigen3
[15.366s] -- Found required Ceres dependency: Eigen version 3.3.7 in /usr/include/eigen3
[15.366s] -- Found required Ceres dependency: glog
[15.366s] -- Found installed version of gflags: /usr/lib/aarch64-linux-gnu/cmake/gflags
[15.366s] -- Detected gflags version: 2.2.2
[15.367s] -- Found required Ceres dependency: gflags
[15.367s] -- Found Ceres version: 1.14.0 installed in: /usr with components: [EigenSparse, SparseLinearAlgebraLibrary, LAPACK, SuiteSparse, CXSparse, SchurSpecializations, OpenMP, Multithreading]
[15.367s] -- Found ompl: /opt/ros/foxy/include/ompl-1.5;/usr/include/eigen3  
[15.367s] -- Found OpenMP_C: -fopenmp (found version "4.5") 
[15.367s] -- Found OpenMP_CXX: -fopenmp (found version "4.5") 
[15.367s] -- Found OpenMP: TRUE (found version "4.5")  
[18.145s] -- Found ament_lint_auto: 0.9.8 (/opt/ros/foxy/share/ament_lint_auto/cmake)
[18.438s] -- Found ament_cmake_gtest: 0.9.12 (/opt/ros/foxy/share/ament_cmake_gtest/cmake)
[18.461s] -- Found gtest sources under '/opt/ros/foxy/src/gtest_vendor': C++ tests using 'Google Test' will be built
[18.467s] -- Check if compiler accepts -pthread
[18.682s] -- Check if compiler accepts -pthread - yes
[52.829s] -- Added test 'copyright' to check source files copyright and LICENSE
[52.838s] -- Added test 'cppcheck' to perform static code analysis on C / C++ code
[52.840s] -- Configured cppcheck include dirs: /home/agilex/limo_ros2_ws/src/navigation2/smac_planner/include
[52.841s] -- Configured cppcheck exclude dirs and/or files: 
[52.848s] -- Added test 'cpplint' to check C / C++ code against the Google style
[52.848s] -- Configured cpplint exclude dirs and/or files: 
[52.853s] -- Added test 'lint_cmake' to check CMake code style
[52.860s] -- Added test 'uncrustify' to check C / C++ code style
[52.861s] -- Configured uncrustify additional arguments: 
[52.865s] -- Added test 'xmllint' to check XML markup files
[52.887s] -- Configuring done
[53.926s] -- Generating done
[53.933s] -- Build files have been written to: /home/agilex/limo_ros2_ws/src/build/smac_planner
[53.981s] Invoked command in '/home/agilex/limo_ros2_ws/src/build/smac_planner' returned '0': AMENT_PREFIX_PATH=/home/agilex/limo_ros2_ws/src/install/nav2_core:/home/agilex/limo_ros2_ws/src/install/nav2_costmap_2d:/home/agilex/limo_ros2_ws/src/install/nav2_util:/home/agilex/limo_ros2_ws/src/install/nav2_voxel_grid:/home/agilex/limo_ros2_ws/src/install/nav2_msgs:/home/agilex/limo_ros2_ws/src/install/nav2_common:${AMENT_PREFIX_PATH} CMAKE_PREFIX_PATH=/home/agilex/limo_ros2_ws/src/install/nav2_core:/home/agilex/limo_ros2_ws/src/install/nav2_costmap_2d:/home/agilex/limo_ros2_ws/src/install/nav2_util:/home/agilex/limo_ros2_ws/src/install/nav2_voxel_grid:/home/agilex/limo_ros2_ws/src/install/nav2_msgs:/home/agilex/limo_ros2_ws/src/install/nav2_common:/home/agilex/limo_ros2_ws/install/ydlidar_sdk:/home/agilex/limo_ros2_ws/install/ydlidar_ros2_driver:/home/agilex/limo_ros2_ws/install/teb_local_planner:/home/agilex/limo_ros2_ws/install/teb_msgs:/home/agilex/limo_ros2_ws/install/nav2_system_tests:/home/agilex/limo_ros2_ws/install/nav2_bringup:/home/agilex/limo_ros2_ws/install/navigation2:/home/agilex/limo_ros2_ws/install/smac_planner:/home/agilex/limo_ros2_ws/install/rf2o_laser_odometry:/home/agilex/limo_ros2_ws/install/orbbec_description:/home/agilex/limo_ros2_ws/install/orbbec_camera:/home/agilex/limo_ros2_ws/install/orbbec_camera_msgs:/home/agilex/limo_ros2_ws/install/nav2_dwb_controller:/home/agilex/limo_ros2_ws/install/nav2_controller:/home/agilex/limo_ros2_ws/install/dwb_plugins:/home/agilex/limo_ros2_ws/install/dwb_critics:/home/agilex/limo_ros2_ws/install/dwb_core:/home/agilex/limo_ros2_ws/install/nav_2d_utils:/home/agilex/limo_ros2_ws/install/dwb_msgs:/home/agilex/limo_ros2_ws/install/nav_2d_msgs:/home/agilex/limo_ros2_ws/install/nav2_waypoint_follower:/home/agilex/limo_ros2_ws/install/nav2_regulated_pure_pursuit_controller:/home/agilex/limo_ros2_ws/install/nav2_recoveries:/home/agilex/limo_ros2_ws/install/nav2_planner:/home/agilex/limo_ros2_ws/install/nav2_navfn_planner:/home/agilex/limo_ros2_ws/install/nav2_core:/home/agilex/limo_ros2_ws/install/costmap_queue:/home/agilex/limo_ros2_ws/install/costmap_converter:/home/agilex/limo_ros2_ws/install/nav2_costmap_2d:/home/agilex/limo_ros2_ws/install/nav2_voxel_grid:/home/agilex/limo_ros2_ws/install/nav2_rviz_plugins:/home/agilex/limo_ros2_ws/install/nav2_map_server:/home/agilex/limo_ros2_ws/install/nav2_lifecycle_manager:/home/agilex/limo_ros2_ws/install/nav2_bt_navigator:/home/agilex/limo_ros2_ws/install/nav2_behavior_tree:/home/agilex/limo_ros2_ws/install/nav2_amcl:/home/agilex/limo_ros2_ws/install/nav2_util:/home/agilex/limo_ros2_ws/install/nav2_msgs:/home/agilex/limo_ros2_ws/install/nav2_common:/home/agilex/limo_ros2_ws/install/magic_enum:/home/agilex/limo_ros2_ws/install/limo_visions:/home/agilex/limo_ros2_ws/install/limo_bringup:/home/agilex/limo_ros2_ws/install/limo_base:/home/agilex/limo_ros2_ws/install/limo_msgs:/home/agilex/limo_ros2_ws/install/limo_description:/home/agilex/limo_ros2_ws/install/libuvc:/home/agilex/limo_ros2_ws/install/glog:/home/agilex/limo_ros2_ws/install/costmap_converter_msgs:/home/agilex/limo_ros2_ws/install/astra_camera:/home/agilex/limo_ros2_ws/install/astra_camera_msgs:/home/agilex/limo_ros2_ws/install/nav2_gazebo_spawner:/opt/ros/foxy LD_LIBRARY_PATH=/home/agilex/limo_ros2_ws/src/install/nav2_costmap_2d/lib:/home/agilex/limo_ros2_ws/src/install/nav2_util/lib:/home/agilex/limo_ros2_ws/src/install/nav2_voxel_grid/lib:/home/agilex/limo_ros2_ws/src/install/nav2_msgs/lib:${LD_LIBRARY_PATH} PYTHONPATH=/home/agilex/limo_ros2_ws/src/install/nav2_msgs/lib/python3.8/site-packages:/home/agilex/limo_ros2_ws/src/install/nav2_common/lib/python3.8/site-packages:${PYTHONPATH} /usr/bin/cmake /home/agilex/limo_ros2_ws/src/navigation2/smac_planner -DCMAKE_INSTALL_PREFIX=/home/agilex/limo_ros2_ws/src/install/smac_planner
[53.989s] Invoking command in '/home/agilex/limo_ros2_ws/src/build/smac_planner': AMENT_PREFIX_PATH=/home/agilex/limo_ros2_ws/src/install/nav2_core:/home/agilex/limo_ros2_ws/src/install/nav2_costmap_2d:/home/agilex/limo_ros2_ws/src/install/nav2_util:/home/agilex/limo_ros2_ws/src/install/nav2_voxel_grid:/home/agilex/limo_ros2_ws/src/install/nav2_msgs:/home/agilex/limo_ros2_ws/src/install/nav2_common:${AMENT_PREFIX_PATH} CMAKE_PREFIX_PATH=/home/agilex/limo_ros2_ws/src/install/nav2_core:/home/agilex/limo_ros2_ws/src/install/nav2_costmap_2d:/home/agilex/limo_ros2_ws/src/install/nav2_util:/home/agilex/limo_ros2_ws/src/install/nav2_voxel_grid:/home/agilex/limo_ros2_ws/src/install/nav2_msgs:/home/agilex/limo_ros2_ws/src/install/nav2_common:/home/agilex/limo_ros2_ws/install/ydlidar_sdk:/home/agilex/limo_ros2_ws/install/ydlidar_ros2_driver:/home/agilex/limo_ros2_ws/install/teb_local_planner:/home/agilex/limo_ros2_ws/install/teb_msgs:/home/agilex/limo_ros2_ws/install/nav2_system_tests:/home/agilex/limo_ros2_ws/install/nav2_bringup:/home/agilex/limo_ros2_ws/install/navigation2:/home/agilex/limo_ros2_ws/install/smac_planner:/home/agilex/limo_ros2_ws/install/rf2o_laser_odometry:/home/agilex/limo_ros2_ws/install/orbbec_description:/home/agilex/limo_ros2_ws/install/orbbec_camera:/home/agilex/limo_ros2_ws/install/orbbec_camera_msgs:/home/agilex/limo_ros2_ws/install/nav2_dwb_controller:/home/agilex/limo_ros2_ws/install/nav2_controller:/home/agilex/limo_ros2_ws/install/dwb_plugins:/home/agilex/limo_ros2_ws/install/dwb_critics:/home/agilex/limo_ros2_ws/install/dwb_core:/home/agilex/limo_ros2_ws/install/nav_2d_utils:/home/agilex/limo_ros2_ws/install/dwb_msgs:/home/agilex/limo_ros2_ws/install/nav_2d_msgs:/home/agilex/limo_ros2_ws/install/nav2_waypoint_follower:/home/agilex/limo_ros2_ws/install/nav2_regulated_pure_pursuit_controller:/home/agilex/limo_ros2_ws/install/nav2_recoveries:/home/agilex/limo_ros2_ws/install/nav2_planner:/home/agilex/limo_ros2_ws/install/nav2_navfn_planner:/home/agilex/limo_ros2_ws/install/nav2_core:/home/agilex/limo_ros2_ws/install/costmap_queue:/home/agilex/limo_ros2_ws/install/costmap_converter:/home/agilex/limo_ros2_ws/install/nav2_costmap_2d:/home/agilex/limo_ros2_ws/install/nav2_voxel_grid:/home/agilex/limo_ros2_ws/install/nav2_rviz_plugins:/home/agilex/limo_ros2_ws/install/nav2_map_server:/home/agilex/limo_ros2_ws/install/nav2_lifecycle_manager:/home/agilex/limo_ros2_ws/install/nav2_bt_navigator:/home/agilex/limo_ros2_ws/install/nav2_behavior_tree:/home/agilex/limo_ros2_ws/install/nav2_amcl:/home/agilex/limo_ros2_ws/install/nav2_util:/home/agilex/limo_ros2_ws/install/nav2_msgs:/home/agilex/limo_ros2_ws/install/nav2_common:/home/agilex/limo_ros2_ws/install/magic_enum:/home/agilex/limo_ros2_ws/install/limo_visions:/home/agilex/limo_ros2_ws/install/limo_bringup:/home/agilex/limo_ros2_ws/install/limo_base:/home/agilex/limo_ros2_ws/install/limo_msgs:/home/agilex/limo_ros2_ws/install/limo_description:/home/agilex/limo_ros2_ws/install/libuvc:/home/agilex/limo_ros2_ws/install/glog:/home/agilex/limo_ros2_ws/install/costmap_converter_msgs:/home/agilex/limo_ros2_ws/install/astra_camera:/home/agilex/limo_ros2_ws/install/astra_camera_msgs:/home/agilex/limo_ros2_ws/install/nav2_gazebo_spawner:/opt/ros/foxy LD_LIBRARY_PATH=/home/agilex/limo_ros2_ws/src/install/nav2_costmap_2d/lib:/home/agilex/limo_ros2_ws/src/install/nav2_util/lib:/home/agilex/limo_ros2_ws/src/install/nav2_voxel_grid/lib:/home/agilex/limo_ros2_ws/src/install/nav2_msgs/lib:${LD_LIBRARY_PATH} PYTHONPATH=/home/agilex/limo_ros2_ws/src/install/nav2_msgs/lib/python3.8/site-packages:/home/agilex/limo_ros2_ws/src/install/nav2_common/lib/python3.8/site-packages:${PYTHONPATH} /usr/bin/cmake --build /home/agilex/limo_ros2_ws/src/build/smac_planner -- -j6 -l6
[54.155s] [35m[1mScanning dependencies of target smac_planner_2d[0m
[54.403s] [  2%] [32mBuilding CXX object CMakeFiles/smac_planner_2d.dir/src/smac_planner_2d.cpp.o[0m
[75.994s] [  5%] [32mBuilding CXX object CMakeFiles/smac_planner_2d.dir/src/node_se2.cpp.o[0m
[88.005s] [  8%] [32mBuilding CXX object CMakeFiles/smac_planner_2d.dir/src/costmap_downsampler.cpp.o[0m
[96.583s] [ 11%] [32mBuilding CXX object CMakeFiles/smac_planner_2d.dir/src/node_2d.cpp.o[0m
[101.780s] [ 14%] [32mBuilding CXX object CMakeFiles/smac_planner_2d.dir/src/a_star.cpp.o[0m
[114.191s] [ 17%] [32m[1mLinking CXX shared library libsmac_planner_2d.so[0m
[115.826s] [ 17%] Built target smac_planner_2d
[115.870s] [35m[1mScanning dependencies of target gtest[0m
[115.870s] [35m[1mScanning dependencies of target gtest_main[0m
[115.919s] [ 20%] [32mBuilding CXX object gtest/CMakeFiles/gtest_main.dir/src/gtest_main.cc.o[0m
[115.927s] [ 23%] [32mBuilding CXX object gtest/CMakeFiles/gtest.dir/src/gtest-all.cc.o[0m
[117.665s] [ 26%] [32m[1mLinking CXX static library libgtest_main.a[0m
[117.796s] [ 26%] Built target gtest_main
[117.838s] [35m[1mScanning dependencies of target smac_planner[0m
[118.107s] [ 29%] [32mBuilding CXX object CMakeFiles/smac_planner.dir/src/smac_planner.cpp.o[0m
[118.112s] [ 32%] [32mBuilding CXX object CMakeFiles/smac_planner.dir/src/a_star.cpp.o[0m
[134.292s] [ 35%] [32m[1mLinking CXX static library libgtest.a[0m
[134.418s] [ 35%] Built target gtest
[138.839s] [ 38%] [32mBuilding CXX object CMakeFiles/smac_planner.dir/src/node_2d.cpp.o[0m
[144.204s] [ 44%] [32mBuilding CXX object CMakeFiles/smac_planner.dir/src/node_se2.cpp.o[0m
[144.204s] [ 44%] [32mBuilding CXX object CMakeFiles/smac_planner.dir/src/costmap_downsampler.cpp.o[0m
[154.797s] [ 47%] [32m[1mLinking CXX shared library libsmac_planner.so[0m
[156.201s] [ 47%] Built target smac_planner
[156.239s] [35m[1mScanning dependencies of target test_smoother[0m
[156.240s] [35m[1mScanning dependencies of target test_smac_2d[0m
[156.240s] [35m[1mScanning dependencies of target test_costmap_downsampler[0m
[156.240s] [35m[1mScanning dependencies of target test_nodese2[0m
[156.245s] [35m[1mScanning dependencies of target test_a_star[0m
[156.245s] [35m[1mScanning dependencies of target test_node2d[0m
[156.388s] [ 50%] [32mBuilding CXX object test/CMakeFiles/test_node2d.dir/test_node2d.cpp.o[0m
[156.428s] [ 52%] [32mBuilding CXX object test/CMakeFiles/test_smoother.dir/test_smoother.cpp.o[0m
[156.432s] [ 55%] [32mBuilding CXX object test/CMakeFiles/test_costmap_downsampler.dir/test_costmap_downsampler.cpp.o[0m
[156.439s] [ 58%] [32mBuilding CXX object test/CMakeFiles/test_a_star.dir/test_a_star.cpp.o[0m
[156.446s] [ 61%] [32mBuilding CXX object test/CMakeFiles/test_smac_2d.dir/test_smac_2d.cpp.o[0m
[156.460s] [ 64%] [32mBuilding CXX object test/CMakeFiles/test_nodese2.dir/test_nodese2.cpp.o[0m
[164.734s] [ 67%] [32m[1mLinking CXX executable test_node2d[0m
[165.675s] [ 70%] [32m[1mLinking CXX executable test_costmap_downsampler[0m
[165.942s] [ 70%] Built target test_node2d
[165.999s] [35m[1mScanning dependencies of target test_smac_se2[0m
[166.248s] [ 73%] [32mBuilding CXX object test/CMakeFiles/test_smac_se2.dir/test_smac_se2.cpp.o[0m
[166.750s] [ 73%] Built target test_costmap_downsampler
[166.788s] [35m[1mScanning dependencies of target test_nodebasic[0m
[166.971s] [ 76%] [32mBuilding CXX object test/CMakeFiles/test_nodebasic.dir/test_nodebasic.cpp.o[0m
[169.324s] [ 79%] [32m[1mLinking CXX executable test_nodese2[0m
[170.451s] [ 79%] Built target test_nodese2
[170.495s] [35m[1mScanning dependencies of target test_collision_checker[0m
[170.644s] [ 82%] [32mBuilding CXX object test/CMakeFiles/test_collision_checker.dir/test_collision_checker.cpp.o[0m
[171.287s] [ 85%] [32m[1mLinking CXX executable test_smac_2d[0m
[171.477s] [ 88%] [32m[1mLinking CXX executable test_a_star[0m
[172.320s] [ 88%] Built target test_smac_2d
[172.558s] [ 88%] Built target test_a_star
[172.594s] [ 91%] [32m[1mLinking CXX executable test_smoother[0m
[173.635s] [ 91%] Built target test_smoother
[177.215s] [ 94%] [32m[1mLinking CXX executable test_nodebasic[0m
[177.334s] [ 97%] [32m[1mLinking CXX executable test_collision_checker[0m
[177.856s] [ 97%] Built target test_nodebasic
[178.000s] [ 97%] Built target test_collision_checker
[180.414s] [100%] [32m[1mLinking CXX executable test_smac_se2[0m
[181.264s] [100%] Built target test_smac_se2
[181.304s] Invoked command in '/home/agilex/limo_ros2_ws/src/build/smac_planner' returned '0': AMENT_PREFIX_PATH=/home/agilex/limo_ros2_ws/src/install/nav2_core:/home/agilex/limo_ros2_ws/src/install/nav2_costmap_2d:/home/agilex/limo_ros2_ws/src/install/nav2_util:/home/agilex/limo_ros2_ws/src/install/nav2_voxel_grid:/home/agilex/limo_ros2_ws/src/install/nav2_msgs:/home/agilex/limo_ros2_ws/src/install/nav2_common:${AMENT_PREFIX_PATH} CMAKE_PREFIX_PATH=/home/agilex/limo_ros2_ws/src/install/nav2_core:/home/agilex/limo_ros2_ws/src/install/nav2_costmap_2d:/home/agilex/limo_ros2_ws/src/install/nav2_util:/home/agilex/limo_ros2_ws/src/install/nav2_voxel_grid:/home/agilex/limo_ros2_ws/src/install/nav2_msgs:/home/agilex/limo_ros2_ws/src/install/nav2_common:/home/agilex/limo_ros2_ws/install/ydlidar_sdk:/home/agilex/limo_ros2_ws/install/ydlidar_ros2_driver:/home/agilex/limo_ros2_ws/install/teb_local_planner:/home/agilex/limo_ros2_ws/install/teb_msgs:/home/agilex/limo_ros2_ws/install/nav2_system_tests:/home/agilex/limo_ros2_ws/install/nav2_bringup:/home/agilex/limo_ros2_ws/install/navigation2:/home/agilex/limo_ros2_ws/install/smac_planner:/home/agilex/limo_ros2_ws/install/rf2o_laser_odometry:/home/agilex/limo_ros2_ws/install/orbbec_description:/home/agilex/limo_ros2_ws/install/orbbec_camera:/home/agilex/limo_ros2_ws/install/orbbec_camera_msgs:/home/agilex/limo_ros2_ws/install/nav2_dwb_controller:/home/agilex/limo_ros2_ws/install/nav2_controller:/home/agilex/limo_ros2_ws/install/dwb_plugins:/home/agilex/limo_ros2_ws/install/dwb_critics:/home/agilex/limo_ros2_ws/install/dwb_core:/home/agilex/limo_ros2_ws/install/nav_2d_utils:/home/agilex/limo_ros2_ws/install/dwb_msgs:/home/agilex/limo_ros2_ws/install/nav_2d_msgs:/home/agilex/limo_ros2_ws/install/nav2_waypoint_follower:/home/agilex/limo_ros2_ws/install/nav2_regulated_pure_pursuit_controller:/home/agilex/limo_ros2_ws/install/nav2_recoveries:/home/agilex/limo_ros2_ws/install/nav2_planner:/home/agilex/limo_ros2_ws/install/nav2_navfn_planner:/home/agilex/limo_ros2_ws/install/nav2_core:/home/agilex/limo_ros2_ws/install/costmap_queue:/home/agilex/limo_ros2_ws/install/costmap_converter:/home/agilex/limo_ros2_ws/install/nav2_costmap_2d:/home/agilex/limo_ros2_ws/install/nav2_voxel_grid:/home/agilex/limo_ros2_ws/install/nav2_rviz_plugins:/home/agilex/limo_ros2_ws/install/nav2_map_server:/home/agilex/limo_ros2_ws/install/nav2_lifecycle_manager:/home/agilex/limo_ros2_ws/install/nav2_bt_navigator:/home/agilex/limo_ros2_ws/install/nav2_behavior_tree:/home/agilex/limo_ros2_ws/install/nav2_amcl:/home/agilex/limo_ros2_ws/install/nav2_util:/home/agilex/limo_ros2_ws/install/nav2_msgs:/home/agilex/limo_ros2_ws/install/nav2_common:/home/agilex/limo_ros2_ws/install/magic_enum:/home/agilex/limo_ros2_ws/install/limo_visions:/home/agilex/limo_ros2_ws/install/limo_bringup:/home/agilex/limo_ros2_ws/install/limo_base:/home/agilex/limo_ros2_ws/install/limo_msgs:/home/agilex/limo_ros2_ws/install/limo_description:/home/agilex/limo_ros2_ws/install/libuvc:/home/agilex/limo_ros2_ws/install/glog:/home/agilex/limo_ros2_ws/install/costmap_converter_msgs:/home/agilex/limo_ros2_ws/install/astra_camera:/home/agilex/limo_ros2_ws/install/astra_camera_msgs:/home/agilex/limo_ros2_ws/install/nav2_gazebo_spawner:/opt/ros/foxy LD_LIBRARY_PATH=/home/agilex/limo_ros2_ws/src/install/nav2_costmap_2d/lib:/home/agilex/limo_ros2_ws/src/install/nav2_util/lib:/home/agilex/limo_ros2_ws/src/install/nav2_voxel_grid/lib:/home/agilex/limo_ros2_ws/src/install/nav2_msgs/lib:${LD_LIBRARY_PATH} PYTHONPATH=/home/agilex/limo_ros2_ws/src/install/nav2_msgs/lib/python3.8/site-packages:/home/agilex/limo_ros2_ws/src/install/nav2_common/lib/python3.8/site-packages:${PYTHONPATH} /usr/bin/cmake --build /home/agilex/limo_ros2_ws/src/build/smac_planner -- -j6 -l6
[181.487s] Invoking command in '/home/agilex/limo_ros2_ws/src/build/smac_planner': AMENT_PREFIX_PATH=/home/agilex/limo_ros2_ws/src/install/nav2_core:/home/agilex/limo_ros2_ws/src/install/nav2_costmap_2d:/home/agilex/limo_ros2_ws/src/install/nav2_util:/home/agilex/limo_ros2_ws/src/install/nav2_voxel_grid:/home/agilex/limo_ros2_ws/src/install/nav2_msgs:/home/agilex/limo_ros2_ws/src/install/nav2_common:${AMENT_PREFIX_PATH} CMAKE_PREFIX_PATH=/home/agilex/limo_ros2_ws/src/install/nav2_core:/home/agilex/limo_ros2_ws/src/install/nav2_costmap_2d:/home/agilex/limo_ros2_ws/src/install/nav2_util:/home/agilex/limo_ros2_ws/src/install/nav2_voxel_grid:/home/agilex/limo_ros2_ws/src/install/nav2_msgs:/home/agilex/limo_ros2_ws/src/install/nav2_common:/home/agilex/limo_ros2_ws/install/ydlidar_sdk:/home/agilex/limo_ros2_ws/install/ydlidar_ros2_driver:/home/agilex/limo_ros2_ws/install/teb_local_planner:/home/agilex/limo_ros2_ws/install/teb_msgs:/home/agilex/limo_ros2_ws/install/nav2_system_tests:/home/agilex/limo_ros2_ws/install/nav2_bringup:/home/agilex/limo_ros2_ws/install/navigation2:/home/agilex/limo_ros2_ws/install/smac_planner:/home/agilex/limo_ros2_ws/install/rf2o_laser_odometry:/home/agilex/limo_ros2_ws/install/orbbec_description:/home/agilex/limo_ros2_ws/install/orbbec_camera:/home/agilex/limo_ros2_ws/install/orbbec_camera_msgs:/home/agilex/limo_ros2_ws/install/nav2_dwb_controller:/home/agilex/limo_ros2_ws/install/nav2_controller:/home/agilex/limo_ros2_ws/install/dwb_plugins:/home/agilex/limo_ros2_ws/install/dwb_critics:/home/agilex/limo_ros2_ws/install/dwb_core:/home/agilex/limo_ros2_ws/install/nav_2d_utils:/home/agilex/limo_ros2_ws/install/dwb_msgs:/home/agilex/limo_ros2_ws/install/nav_2d_msgs:/home/agilex/limo_ros2_ws/install/nav2_waypoint_follower:/home/agilex/limo_ros2_ws/install/nav2_regulated_pure_pursuit_controller:/home/agilex/limo_ros2_ws/install/nav2_recoveries:/home/agilex/limo_ros2_ws/install/nav2_planner:/home/agilex/limo_ros2_ws/install/nav2_navfn_planner:/home/agilex/limo_ros2_ws/install/nav2_core:/home/agilex/limo_ros2_ws/install/costmap_queue:/home/agilex/limo_ros2_ws/install/costmap_converter:/home/agilex/limo_ros2_ws/install/nav2_costmap_2d:/home/agilex/limo_ros2_ws/install/nav2_voxel_grid:/home/agilex/limo_ros2_ws/install/nav2_rviz_plugins:/home/agilex/limo_ros2_ws/install/nav2_map_server:/home/agilex/limo_ros2_ws/install/nav2_lifecycle_manager:/home/agilex/limo_ros2_ws/install/nav2_bt_navigator:/home/agilex/limo_ros2_ws/install/nav2_behavior_tree:/home/agilex/limo_ros2_ws/install/nav2_amcl:/home/agilex/limo_ros2_ws/install/nav2_util:/home/agilex/limo_ros2_ws/install/nav2_msgs:/home/agilex/limo_ros2_ws/install/nav2_common:/home/agilex/limo_ros2_ws/install/magic_enum:/home/agilex/limo_ros2_ws/install/limo_visions:/home/agilex/limo_ros2_ws/install/limo_bringup:/home/agilex/limo_ros2_ws/install/limo_base:/home/agilex/limo_ros2_ws/install/limo_msgs:/home/agilex/limo_ros2_ws/install/limo_description:/home/agilex/limo_ros2_ws/install/libuvc:/home/agilex/limo_ros2_ws/install/glog:/home/agilex/limo_ros2_ws/install/costmap_converter_msgs:/home/agilex/limo_ros2_ws/install/astra_camera:/home/agilex/limo_ros2_ws/install/astra_camera_msgs:/home/agilex/limo_ros2_ws/install/nav2_gazebo_spawner:/opt/ros/foxy LD_LIBRARY_PATH=/home/agilex/limo_ros2_ws/src/install/nav2_costmap_2d/lib:/home/agilex/limo_ros2_ws/src/install/nav2_util/lib:/home/agilex/limo_ros2_ws/src/install/nav2_voxel_grid/lib:/home/agilex/limo_ros2_ws/src/install/nav2_msgs/lib:${LD_LIBRARY_PATH} PYTHONPATH=/home/agilex/limo_ros2_ws/src/install/nav2_msgs/lib/python3.8/site-packages:/home/agilex/limo_ros2_ws/src/install/nav2_common/lib/python3.8/site-packages:${PYTHONPATH} /usr/bin/cmake --install /home/agilex/limo_ros2_ws/src/build/smac_planner
[181.516s] -- Install configuration: "Release"
[181.517s] -- Installing: /home/agilex/limo_ros2_ws/src/install/smac_planner/share/smac_planner/smac_plugin.xml
[181.517s] -- Installing: /home/agilex/limo_ros2_ws/src/install/smac_planner/share/smac_planner/smac_plugin_2d.xml
[181.517s] -- Installing: /home/agilex/limo_ros2_ws/src/install/smac_planner/lib/libsmac_planner.so
[181.519s] -- Set runtime path of "/home/agilex/limo_ros2_ws/src/install/smac_planner/lib/libsmac_planner.so" to ""
[181.519s] -- Installing: /home/agilex/limo_ros2_ws/src/install/smac_planner/lib/libsmac_planner_2d.so
[181.521s] -- Set runtime path of "/home/agilex/limo_ros2_ws/src/install/smac_planner/lib/libsmac_planner_2d.so" to ""
[181.521s] -- Installing: /home/agilex/limo_ros2_ws/src/install/smac_planner/include/
[181.521s] -- Installing: /home/agilex/limo_ros2_ws/src/install/smac_planner/include//smac_planner
[181.522s] -- Installing: /home/agilex/limo_ros2_ws/src/install/smac_planner/include//smac_planner/constants.hpp
[181.522s] -- Installing: /home/agilex/limo_ros2_ws/src/install/smac_planner/include//smac_planner/smoother.hpp
[181.522s] -- Installing: /home/agilex/limo_ros2_ws/src/install/smac_planner/include//smac_planner/smac_planner.hpp
[181.523s] -- Installing: /home/agilex/limo_ros2_ws/src/install/smac_planner/include//smac_planner/a_star.hpp
[181.523s] -- Installing: /home/agilex/limo_ros2_ws/src/install/smac_planner/include//smac_planner/costmap_downsampler.hpp
[181.523s] -- Installing: /home/agilex/limo_ros2_ws/src/install/smac_planner/include//smac_planner/node_2d.hpp
[181.524s] -- Installing: /home/agilex/limo_ros2_ws/src/install/smac_planner/include//smac_planner/node_basic.hpp
[181.524s] -- Installing: /home/agilex/limo_ros2_ws/src/install/smac_planner/include//smac_planner/smoother_cost_function.hpp
[181.524s] -- Installing: /home/agilex/limo_ros2_ws/src/install/smac_planner/include//smac_planner/collision_checker.hpp
[181.524s] -- Installing: /home/agilex/limo_ros2_ws/src/install/smac_planner/include//smac_planner/options.hpp
[181.525s] -- Installing: /home/agilex/limo_ros2_ws/src/install/smac_planner/include//smac_planner/node_se2.hpp
[181.525s] -- Installing: /home/agilex/limo_ros2_ws/src/install/smac_planner/include//smac_planner/smac_planner_2d.hpp
[181.525s] -- Installing: /home/agilex/limo_ros2_ws/src/install/smac_planner/include//smac_planner/types.hpp
[181.525s] -- Installing: /home/agilex/limo_ros2_ws/src/install/smac_planner/share/smac_planner/environment/library_path.sh
[181.526s] -- Installing: /home/agilex/limo_ros2_ws/src/install/smac_planner/share/smac_planner/environment/library_path.dsv
[181.526s] -- Installing: /home/agilex/limo_ros2_ws/src/install/smac_planner/share/ament_index/resource_index/package_run_dependencies/smac_planner
[181.526s] -- Installing: /home/agilex/limo_ros2_ws/src/install/smac_planner/share/ament_index/resource_index/parent_prefix_path/smac_planner
[181.527s] -- Installing: /home/agilex/limo_ros2_ws/src/install/smac_planner/share/smac_planner/environment/ament_prefix_path.sh
[181.527s] -- Installing: /home/agilex/limo_ros2_ws/src/install/smac_planner/share/smac_planner/environment/ament_prefix_path.dsv
[181.527s] -- Installing: /home/agilex/limo_ros2_ws/src/install/smac_planner/share/smac_planner/environment/path.sh
[181.528s] -- Installing: /home/agilex/limo_ros2_ws/src/install/smac_planner/share/smac_planner/environment/path.dsv
[181.528s] -- Installing: /home/agilex/limo_ros2_ws/src/install/smac_planner/share/smac_planner/local_setup.bash
[181.528s] -- Installing: /home/agilex/limo_ros2_ws/src/install/smac_planner/share/smac_planner/local_setup.sh
[181.528s] -- Installing: /home/agilex/limo_ros2_ws/src/install/smac_planner/share/smac_planner/local_setup.zsh
[181.528s] -- Installing: /home/agilex/limo_ros2_ws/src/install/smac_planner/share/smac_planner/local_setup.dsv
[181.529s] -- Installing: /home/agilex/limo_ros2_ws/src/install/smac_planner/share/smac_planner/package.dsv
[181.529s] -- Installing: /home/agilex/limo_ros2_ws/src/install/smac_planner/share/ament_index/resource_index/packages/smac_planner
[181.530s] -- Installing: /home/agilex/limo_ros2_ws/src/install/smac_planner/share/ament_index/resource_index/nav2_core__pluginlib__plugin/smac_planner
[181.530s] -- Installing: /home/agilex/limo_ros2_ws/src/install/smac_planner/share/smac_planner/cmake/ament_cmake_export_include_directories-extras.cmake
[181.531s] -- Installing: /home/agilex/limo_ros2_ws/src/install/smac_planner/share/smac_planner/cmake/ament_cmake_export_libraries-extras.cmake
[181.531s] -- Installing: /home/agilex/limo_ros2_ws/src/install/smac_planner/share/smac_planner/cmake/ament_cmake_export_dependencies-extras.cmake
[181.531s] -- Installing: /home/agilex/limo_ros2_ws/src/install/smac_planner/share/smac_planner/cmake/ament_cmake_export_definitions-extras.cmake
[181.532s] -- Installing: /home/agilex/limo_ros2_ws/src/install/smac_planner/share/smac_planner/cmake/smac_plannerConfig.cmake
[181.532s] -- Installing: /home/agilex/limo_ros2_ws/src/install/smac_planner/share/smac_planner/cmake/smac_plannerConfig-version.cmake
[181.532s] -- Installing: /home/agilex/limo_ros2_ws/src/install/smac_planner/share/smac_planner/package.xml
[181.540s] Invoked command in '/home/agilex/limo_ros2_ws/src/build/smac_planner' returned '0': AMENT_PREFIX_PATH=/home/agilex/limo_ros2_ws/src/install/nav2_core:/home/agilex/limo_ros2_ws/src/install/nav2_costmap_2d:/home/agilex/limo_ros2_ws/src/install/nav2_util:/home/agilex/limo_ros2_ws/src/install/nav2_voxel_grid:/home/agilex/limo_ros2_ws/src/install/nav2_msgs:/home/agilex/limo_ros2_ws/src/install/nav2_common:${AMENT_PREFIX_PATH} CMAKE_PREFIX_PATH=/home/agilex/limo_ros2_ws/src/install/nav2_core:/home/agilex/limo_ros2_ws/src/install/nav2_costmap_2d:/home/agilex/limo_ros2_ws/src/install/nav2_util:/home/agilex/limo_ros2_ws/src/install/nav2_voxel_grid:/home/agilex/limo_ros2_ws/src/install/nav2_msgs:/home/agilex/limo_ros2_ws/src/install/nav2_common:/home/agilex/limo_ros2_ws/install/ydlidar_sdk:/home/agilex/limo_ros2_ws/install/ydlidar_ros2_driver:/home/agilex/limo_ros2_ws/install/teb_local_planner:/home/agilex/limo_ros2_ws/install/teb_msgs:/home/agilex/limo_ros2_ws/install/nav2_system_tests:/home/agilex/limo_ros2_ws/install/nav2_bringup:/home/agilex/limo_ros2_ws/install/navigation2:/home/agilex/limo_ros2_ws/install/smac_planner:/home/agilex/limo_ros2_ws/install/rf2o_laser_odometry:/home/agilex/limo_ros2_ws/install/orbbec_description:/home/agilex/limo_ros2_ws/install/orbbec_camera:/home/agilex/limo_ros2_ws/install/orbbec_camera_msgs:/home/agilex/limo_ros2_ws/install/nav2_dwb_controller:/home/agilex/limo_ros2_ws/install/nav2_controller:/home/agilex/limo_ros2_ws/install/dwb_plugins:/home/agilex/limo_ros2_ws/install/dwb_critics:/home/agilex/limo_ros2_ws/install/dwb_core:/home/agilex/limo_ros2_ws/install/nav_2d_utils:/home/agilex/limo_ros2_ws/install/dwb_msgs:/home/agilex/limo_ros2_ws/install/nav_2d_msgs:/home/agilex/limo_ros2_ws/install/nav2_waypoint_follower:/home/agilex/limo_ros2_ws/install/nav2_regulated_pure_pursuit_controller:/home/agilex/limo_ros2_ws/install/nav2_recoveries:/home/agilex/limo_ros2_ws/install/nav2_planner:/home/agilex/limo_ros2_ws/install/nav2_navfn_planner:/home/agilex/limo_ros2_ws/install/nav2_core:/home/agilex/limo_ros2_ws/install/costmap_queue:/home/agilex/limo_ros2_ws/install/costmap_converter:/home/agilex/limo_ros2_ws/install/nav2_costmap_2d:/home/agilex/limo_ros2_ws/install/nav2_voxel_grid:/home/agilex/limo_ros2_ws/install/nav2_rviz_plugins:/home/agilex/limo_ros2_ws/install/nav2_map_server:/home/agilex/limo_ros2_ws/install/nav2_lifecycle_manager:/home/agilex/limo_ros2_ws/install/nav2_bt_navigator:/home/agilex/limo_ros2_ws/install/nav2_behavior_tree:/home/agilex/limo_ros2_ws/install/nav2_amcl:/home/agilex/limo_ros2_ws/install/nav2_util:/home/agilex/limo_ros2_ws/install/nav2_msgs:/home/agilex/limo_ros2_ws/install/nav2_common:/home/agilex/limo_ros2_ws/install/magic_enum:/home/agilex/limo_ros2_ws/install/limo_visions:/home/agilex/limo_ros2_ws/install/limo_bringup:/home/agilex/limo_ros2_ws/install/limo_base:/home/agilex/limo_ros2_ws/install/limo_msgs:/home/agilex/limo_ros2_ws/install/limo_description:/home/agilex/limo_ros2_ws/install/libuvc:/home/agilex/limo_ros2_ws/install/glog:/home/agilex/limo_ros2_ws/install/costmap_converter_msgs:/home/agilex/limo_ros2_ws/install/astra_camera:/home/agilex/limo_ros2_ws/install/astra_camera_msgs:/home/agilex/limo_ros2_ws/install/nav2_gazebo_spawner:/opt/ros/foxy LD_LIBRARY_PATH=/home/agilex/limo_ros2_ws/src/install/nav2_costmap_2d/lib:/home/agilex/limo_ros2_ws/src/install/nav2_util/lib:/home/agilex/limo_ros2_ws/src/install/nav2_voxel_grid/lib:/home/agilex/limo_ros2_ws/src/install/nav2_msgs/lib:${LD_LIBRARY_PATH} PYTHONPATH=/home/agilex/limo_ros2_ws/src/install/nav2_msgs/lib/python3.8/site-packages:/home/agilex/limo_ros2_ws/src/install/nav2_common/lib/python3.8/site-packages:${PYTHONPATH} /usr/bin/cmake --install /home/agilex/limo_ros2_ws/src/build/smac_planner
