[0.171s] Invoking command in '/home/agilex/limo_ros2_ws/build/dwb_msgs': AMENT_PREFIX_PATH=/home/agilex/limo_ros2_ws/install/nav_2d_msgs:${AMENT_PREFIX_PATH} CMAKE_PREFIX_PATH=/home/agilex/limo_ros2_ws/install/nav_2d_msgs:/home/agilex/limo_ros2_ws/install/ydlidar_sdk:/home/agilex/limo_ros2_ws/install/ydlidar_ros2_driver:/home/agilex/limo_ros2_ws/install/teb_local_planner:/home/agilex/limo_ros2_ws/install/teb_msgs:/home/agilex/limo_ros2_ws/install/nav2_system_tests:/home/agilex/limo_ros2_ws/install/nav2_bringup:/home/agilex/limo_ros2_ws/install/navigation2:/home/agilex/limo_ros2_ws/install/smac_planner:/home/agilex/limo_ros2_ws/install/rf2o_laser_odometry:/home/agilex/limo_ros2_ws/install/nav2_dwb_controller:/home/agilex/limo_ros2_ws/install/nav2_controller:/home/agilex/limo_ros2_ws/install/dwb_plugins:/home/agilex/limo_ros2_ws/install/dwb_critics:/home/agilex/limo_ros2_ws/install/dwb_core:/home/agilex/limo_ros2_ws/install/nav_2d_utils:/home/agilex/limo_ros2_ws/install/dwb_msgs:/home/agilex/limo_ros2_ws/install/nav2_waypoint_follower:/home/agilex/limo_ros2_ws/install/nav2_regulated_pure_pursuit_controller:/home/agilex/limo_ros2_ws/install/nav2_recoveries:/home/agilex/limo_ros2_ws/install/nav2_planner:/home/agilex/limo_ros2_ws/install/nav2_navfn_planner:/home/agilex/limo_ros2_ws/install/nav2_core:/home/agilex/limo_ros2_ws/install/costmap_queue:/home/agilex/limo_ros2_ws/install/costmap_converter:/home/agilex/limo_ros2_ws/install/nav2_costmap_2d:/home/agilex/limo_ros2_ws/install/nav2_voxel_grid:/home/agilex/limo_ros2_ws/install/nav2_rviz_plugins:/home/agilex/limo_ros2_ws/install/nav2_map_server:/home/agilex/limo_ros2_ws/install/nav2_lifecycle_manager:/home/agilex/limo_ros2_ws/install/nav2_bt_navigator:/home/agilex/limo_ros2_ws/install/nav2_behavior_tree:/home/agilex/limo_ros2_ws/install/nav2_amcl:/home/agilex/limo_ros2_ws/install/nav2_util:/home/agilex/limo_ros2_ws/install/nav2_msgs:/home/agilex/limo_ros2_ws/install/nav2_common:/home/agilex/limo_ros2_ws/install/magic_enum:/home/agilex/limo_ros2_ws/install/limo_visions:/home/agilex/limo_ros2_ws/install/limo_bringup:/home/agilex/limo_ros2_ws/install/limo_base:/home/agilex/limo_ros2_ws/install/limo_msgs:/home/agilex/limo_ros2_ws/install/limo_description:/home/agilex/limo_ros2_ws/install/libuvc:/home/agilex/limo_ros2_ws/install/glog:/home/agilex/limo_ros2_ws/install/costmap_converter_msgs:/home/agilex/limo_ros2_ws/install/astra_camera_msgs:/home/agilex/limo_ros2_ws/install/nav2_gazebo_spawner:/opt/ros/foxy LD_LIBRARY_PATH=/home/agilex/limo_ros2_ws/install/nav_2d_msgs/lib:/home/agilex/limo_ros2_ws/install/teb_local_planner/lib:/home/agilex/limo_ros2_ws/install/teb_msgs/lib:/home/agilex/limo_ros2_ws/install/smac_planner/lib:/home/agilex/limo_ros2_ws/install/nav2_controller/lib:/home/agilex/limo_ros2_ws/install/dwb_plugins/lib:/home/agilex/limo_ros2_ws/install/dwb_critics/lib:/home/agilex/limo_ros2_ws/install/dwb_core/lib:/home/agilex/limo_ros2_ws/install/nav_2d_utils/lib:/home/agilex/limo_ros2_ws/install/dwb_msgs/lib:/home/agilex/limo_ros2_ws/install/nav2_waypoint_follower/lib:/home/agilex/limo_ros2_ws/install/nav2_regulated_pure_pursuit_controller/lib:/home/agilex/limo_ros2_ws/install/nav2_recoveries/lib:/home/agilex/limo_ros2_ws/install/nav2_planner/lib:/home/agilex/limo_ros2_ws/install/nav2_navfn_planner/lib:/home/agilex/limo_ros2_ws/install/costmap_queue/lib:/home/agilex/limo_ros2_ws/install/costmap_converter/lib:/home/agilex/limo_ros2_ws/install/nav2_costmap_2d/lib:/home/agilex/limo_ros2_ws/install/nav2_voxel_grid/lib:/home/agilex/limo_ros2_ws/install/nav2_rviz_plugins/lib:/home/agilex/limo_ros2_ws/install/nav2_map_server/lib:/home/agilex/limo_ros2_ws/install/nav2_lifecycle_manager/lib:/home/agilex/limo_ros2_ws/install/nav2_bt_navigator/lib:/home/agilex/limo_ros2_ws/install/nav2_behavior_tree/lib:/home/agilex/limo_ros2_ws/install/nav2_amcl/lib:/home/agilex/limo_ros2_ws/install/nav2_util/lib:/home/agilex/limo_ros2_ws/install/nav2_msgs/lib:/home/agilex/limo_ros2_ws/install/limo_msgs/lib:/home/agilex/limo_ros2_ws/install/libuvc/lib:/home/agilex/limo_ros2_ws/install/glog/lib:/home/agilex/limo_ros2_ws/install/costmap_converter_msgs/lib:/home/agilex/limo_ros2_ws/install/astra_camera_msgs/lib:/usr/lib/aarch64-linux-gnu/gazebo-11/plugins:/opt/ros/foxy/opt/yaml_cpp_vendor/lib:/opt/ros/foxy/opt/rviz_ogre_vendor/lib:/opt/ros/foxy/lib/aarch64-linux-gnu:/opt/ros/foxy/lib PYTHONPATH=/home/agilex/limo_ros2_ws/install/nav_2d_msgs/lib/python3.8/site-packages:/home/agilex/limo_ros2_ws/install/teb_msgs/lib/python3.8/site-packages:/home/agilex/limo_ros2_ws/install/dwb_msgs/lib/python3.8/site-packages:/home/agilex/limo_ros2_ws/install/nav2_msgs/lib/python3.8/site-packages:/home/agilex/limo_ros2_ws/install/nav2_gazebo_spawner/lib/python3.8/site-packages:/home/agilex/limo_ros2_ws/install/nav2_common/lib/python3.8/site-packages:/home/agilex/limo_ros2_ws/install/limo_msgs/lib/python3.8/site-packages:/home/agilex/limo_ros2_ws/install/costmap_converter_msgs/lib/python3.8/site-packages:/home/agilex/limo_ros2_ws/install/astra_camera_msgs/lib/python3.8/site-packages:/opt/ros/foxy/lib/python3.8/site-packages /usr/bin/cmake --build /home/agilex/limo_ros2_ws/build/dwb_msgs -- -j6 -l6
[0.486s] [  3%] Built target dwb_msgs__cpp
[0.487s] [ 12%] Built target dwb_msgs__rosidl_generator_c
[0.583s] [ 24%] Built target dwb_msgs__rosidl_typesupport_c
[0.587s] [ 35%] Built target dwb_msgs__rosidl_typesupport_introspection_c
[0.687s] [ 47%] Built target dwb_msgs__rosidl_typesupport_cpp
[0.704s] [ 58%] Built target dwb_msgs__rosidl_typesupport_introspection_cpp
[0.717s] [ 70%] Built target dwb_msgs__rosidl_typesupport_fastrtps_cpp
[0.848s] [ 82%] Built target dwb_msgs__rosidl_typesupport_fastrtps_c
[0.923s] [ 82%] Built target dwb_msgs
[1.002s] [ 83%] Built target dwb_msgs__py
[1.116s] [ 93%] Built target dwb_msgs__python
[1.246s] [ 95%] Built target dwb_msgs__rosidl_typesupport_c__pyext
[1.280s] [ 97%] Built target dwb_msgs__rosidl_typesupport_introspection_c__pyext
[1.288s] [100%] Built target dwb_msgs__rosidl_typesupport_fastrtps_c__pyext
[1.411s] Invoked command in '/home/agilex/limo_ros2_ws/build/dwb_msgs' returned '0': AMENT_PREFIX_PATH=/home/agilex/limo_ros2_ws/install/nav_2d_msgs:${AMENT_PREFIX_PATH} CMAKE_PREFIX_PATH=/home/agilex/limo_ros2_ws/install/nav_2d_msgs:/home/agilex/limo_ros2_ws/install/ydlidar_sdk:/home/agilex/limo_ros2_ws/install/ydlidar_ros2_driver:/home/agilex/limo_ros2_ws/install/teb_local_planner:/home/agilex/limo_ros2_ws/install/teb_msgs:/home/agilex/limo_ros2_ws/install/nav2_system_tests:/home/agilex/limo_ros2_ws/install/nav2_bringup:/home/agilex/limo_ros2_ws/install/navigation2:/home/agilex/limo_ros2_ws/install/smac_planner:/home/agilex/limo_ros2_ws/install/rf2o_laser_odometry:/home/agilex/limo_ros2_ws/install/nav2_dwb_controller:/home/agilex/limo_ros2_ws/install/nav2_controller:/home/agilex/limo_ros2_ws/install/dwb_plugins:/home/agilex/limo_ros2_ws/install/dwb_critics:/home/agilex/limo_ros2_ws/install/dwb_core:/home/agilex/limo_ros2_ws/install/nav_2d_utils:/home/agilex/limo_ros2_ws/install/dwb_msgs:/home/agilex/limo_ros2_ws/install/nav2_waypoint_follower:/home/agilex/limo_ros2_ws/install/nav2_regulated_pure_pursuit_controller:/home/agilex/limo_ros2_ws/install/nav2_recoveries:/home/agilex/limo_ros2_ws/install/nav2_planner:/home/agilex/limo_ros2_ws/install/nav2_navfn_planner:/home/agilex/limo_ros2_ws/install/nav2_core:/home/agilex/limo_ros2_ws/install/costmap_queue:/home/agilex/limo_ros2_ws/install/costmap_converter:/home/agilex/limo_ros2_ws/install/nav2_costmap_2d:/home/agilex/limo_ros2_ws/install/nav2_voxel_grid:/home/agilex/limo_ros2_ws/install/nav2_rviz_plugins:/home/agilex/limo_ros2_ws/install/nav2_map_server:/home/agilex/limo_ros2_ws/install/nav2_lifecycle_manager:/home/agilex/limo_ros2_ws/install/nav2_bt_navigator:/home/agilex/limo_ros2_ws/install/nav2_behavior_tree:/home/agilex/limo_ros2_ws/install/nav2_amcl:/home/agilex/limo_ros2_ws/install/nav2_util:/home/agilex/limo_ros2_ws/install/nav2_msgs:/home/agilex/limo_ros2_ws/install/nav2_common:/home/agilex/limo_ros2_ws/install/magic_enum:/home/agilex/limo_ros2_ws/install/limo_visions:/home/agilex/limo_ros2_ws/install/limo_bringup:/home/agilex/limo_ros2_ws/install/limo_base:/home/agilex/limo_ros2_ws/install/limo_msgs:/home/agilex/limo_ros2_ws/install/limo_description:/home/agilex/limo_ros2_ws/install/libuvc:/home/agilex/limo_ros2_ws/install/glog:/home/agilex/limo_ros2_ws/install/costmap_converter_msgs:/home/agilex/limo_ros2_ws/install/astra_camera_msgs:/home/agilex/limo_ros2_ws/install/nav2_gazebo_spawner:/opt/ros/foxy LD_LIBRARY_PATH=/home/agilex/limo_ros2_ws/install/nav_2d_msgs/lib:/home/agilex/limo_ros2_ws/install/teb_local_planner/lib:/home/agilex/limo_ros2_ws/install/teb_msgs/lib:/home/agilex/limo_ros2_ws/install/smac_planner/lib:/home/agilex/limo_ros2_ws/install/nav2_controller/lib:/home/agilex/limo_ros2_ws/install/dwb_plugins/lib:/home/agilex/limo_ros2_ws/install/dwb_critics/lib:/home/agilex/limo_ros2_ws/install/dwb_core/lib:/home/agilex/limo_ros2_ws/install/nav_2d_utils/lib:/home/agilex/limo_ros2_ws/install/dwb_msgs/lib:/home/agilex/limo_ros2_ws/install/nav2_waypoint_follower/lib:/home/agilex/limo_ros2_ws/install/nav2_regulated_pure_pursuit_controller/lib:/home/agilex/limo_ros2_ws/install/nav2_recoveries/lib:/home/agilex/limo_ros2_ws/install/nav2_planner/lib:/home/agilex/limo_ros2_ws/install/nav2_navfn_planner/lib:/home/agilex/limo_ros2_ws/install/costmap_queue/lib:/home/agilex/limo_ros2_ws/install/costmap_converter/lib:/home/agilex/limo_ros2_ws/install/nav2_costmap_2d/lib:/home/agilex/limo_ros2_ws/install/nav2_voxel_grid/lib:/home/agilex/limo_ros2_ws/install/nav2_rviz_plugins/lib:/home/agilex/limo_ros2_ws/install/nav2_map_server/lib:/home/agilex/limo_ros2_ws/install/nav2_lifecycle_manager/lib:/home/agilex/limo_ros2_ws/install/nav2_bt_navigator/lib:/home/agilex/limo_ros2_ws/install/nav2_behavior_tree/lib:/home/agilex/limo_ros2_ws/install/nav2_amcl/lib:/home/agilex/limo_ros2_ws/install/nav2_util/lib:/home/agilex/limo_ros2_ws/install/nav2_msgs/lib:/home/agilex/limo_ros2_ws/install/limo_msgs/lib:/home/agilex/limo_ros2_ws/install/libuvc/lib:/home/agilex/limo_ros2_ws/install/glog/lib:/home/agilex/limo_ros2_ws/install/costmap_converter_msgs/lib:/home/agilex/limo_ros2_ws/install/astra_camera_msgs/lib:/usr/lib/aarch64-linux-gnu/gazebo-11/plugins:/opt/ros/foxy/opt/yaml_cpp_vendor/lib:/opt/ros/foxy/opt/rviz_ogre_vendor/lib:/opt/ros/foxy/lib/aarch64-linux-gnu:/opt/ros/foxy/lib PYTHONPATH=/home/agilex/limo_ros2_ws/install/nav_2d_msgs/lib/python3.8/site-packages:/home/agilex/limo_ros2_ws/install/teb_msgs/lib/python3.8/site-packages:/home/agilex/limo_ros2_ws/install/dwb_msgs/lib/python3.8/site-packages:/home/agilex/limo_ros2_ws/install/nav2_msgs/lib/python3.8/site-packages:/home/agilex/limo_ros2_ws/install/nav2_gazebo_spawner/lib/python3.8/site-packages:/home/agilex/limo_ros2_ws/install/nav2_common/lib/python3.8/site-packages:/home/agilex/limo_ros2_ws/install/limo_msgs/lib/python3.8/site-packages:/home/agilex/limo_ros2_ws/install/costmap_converter_msgs/lib/python3.8/site-packages:/home/agilex/limo_ros2_ws/install/astra_camera_msgs/lib/python3.8/site-packages:/opt/ros/foxy/lib/python3.8/site-packages /usr/bin/cmake --build /home/agilex/limo_ros2_ws/build/dwb_msgs -- -j6 -l6
[2.375s] Invoking command in '/home/agilex/limo_ros2_ws/build/dwb_msgs': AMENT_PREFIX_PATH=/home/agilex/limo_ros2_ws/install/nav_2d_msgs:${AMENT_PREFIX_PATH} CMAKE_PREFIX_PATH=/home/agilex/limo_ros2_ws/install/nav_2d_msgs:/home/agilex/limo_ros2_ws/install/ydlidar_sdk:/home/agilex/limo_ros2_ws/install/ydlidar_ros2_driver:/home/agilex/limo_ros2_ws/install/teb_local_planner:/home/agilex/limo_ros2_ws/install/teb_msgs:/home/agilex/limo_ros2_ws/install/nav2_system_tests:/home/agilex/limo_ros2_ws/install/nav2_bringup:/home/agilex/limo_ros2_ws/install/navigation2:/home/agilex/limo_ros2_ws/install/smac_planner:/home/agilex/limo_ros2_ws/install/rf2o_laser_odometry:/home/agilex/limo_ros2_ws/install/nav2_dwb_controller:/home/agilex/limo_ros2_ws/install/nav2_controller:/home/agilex/limo_ros2_ws/install/dwb_plugins:/home/agilex/limo_ros2_ws/install/dwb_critics:/home/agilex/limo_ros2_ws/install/dwb_core:/home/agilex/limo_ros2_ws/install/nav_2d_utils:/home/agilex/limo_ros2_ws/install/dwb_msgs:/home/agilex/limo_ros2_ws/install/nav2_waypoint_follower:/home/agilex/limo_ros2_ws/install/nav2_regulated_pure_pursuit_controller:/home/agilex/limo_ros2_ws/install/nav2_recoveries:/home/agilex/limo_ros2_ws/install/nav2_planner:/home/agilex/limo_ros2_ws/install/nav2_navfn_planner:/home/agilex/limo_ros2_ws/install/nav2_core:/home/agilex/limo_ros2_ws/install/costmap_queue:/home/agilex/limo_ros2_ws/install/costmap_converter:/home/agilex/limo_ros2_ws/install/nav2_costmap_2d:/home/agilex/limo_ros2_ws/install/nav2_voxel_grid:/home/agilex/limo_ros2_ws/install/nav2_rviz_plugins:/home/agilex/limo_ros2_ws/install/nav2_map_server:/home/agilex/limo_ros2_ws/install/nav2_lifecycle_manager:/home/agilex/limo_ros2_ws/install/nav2_bt_navigator:/home/agilex/limo_ros2_ws/install/nav2_behavior_tree:/home/agilex/limo_ros2_ws/install/nav2_amcl:/home/agilex/limo_ros2_ws/install/nav2_util:/home/agilex/limo_ros2_ws/install/nav2_msgs:/home/agilex/limo_ros2_ws/install/nav2_common:/home/agilex/limo_ros2_ws/install/magic_enum:/home/agilex/limo_ros2_ws/install/limo_visions:/home/agilex/limo_ros2_ws/install/limo_bringup:/home/agilex/limo_ros2_ws/install/limo_base:/home/agilex/limo_ros2_ws/install/limo_msgs:/home/agilex/limo_ros2_ws/install/limo_description:/home/agilex/limo_ros2_ws/install/libuvc:/home/agilex/limo_ros2_ws/install/glog:/home/agilex/limo_ros2_ws/install/costmap_converter_msgs:/home/agilex/limo_ros2_ws/install/astra_camera_msgs:/home/agilex/limo_ros2_ws/install/nav2_gazebo_spawner:/opt/ros/foxy LD_LIBRARY_PATH=/home/agilex/limo_ros2_ws/install/nav_2d_msgs/lib:/home/agilex/limo_ros2_ws/install/teb_local_planner/lib:/home/agilex/limo_ros2_ws/install/teb_msgs/lib:/home/agilex/limo_ros2_ws/install/smac_planner/lib:/home/agilex/limo_ros2_ws/install/nav2_controller/lib:/home/agilex/limo_ros2_ws/install/dwb_plugins/lib:/home/agilex/limo_ros2_ws/install/dwb_critics/lib:/home/agilex/limo_ros2_ws/install/dwb_core/lib:/home/agilex/limo_ros2_ws/install/nav_2d_utils/lib:/home/agilex/limo_ros2_ws/install/dwb_msgs/lib:/home/agilex/limo_ros2_ws/install/nav2_waypoint_follower/lib:/home/agilex/limo_ros2_ws/install/nav2_regulated_pure_pursuit_controller/lib:/home/agilex/limo_ros2_ws/install/nav2_recoveries/lib:/home/agilex/limo_ros2_ws/install/nav2_planner/lib:/home/agilex/limo_ros2_ws/install/nav2_navfn_planner/lib:/home/agilex/limo_ros2_ws/install/costmap_queue/lib:/home/agilex/limo_ros2_ws/install/costmap_converter/lib:/home/agilex/limo_ros2_ws/install/nav2_costmap_2d/lib:/home/agilex/limo_ros2_ws/install/nav2_voxel_grid/lib:/home/agilex/limo_ros2_ws/install/nav2_rviz_plugins/lib:/home/agilex/limo_ros2_ws/install/nav2_map_server/lib:/home/agilex/limo_ros2_ws/install/nav2_lifecycle_manager/lib:/home/agilex/limo_ros2_ws/install/nav2_bt_navigator/lib:/home/agilex/limo_ros2_ws/install/nav2_behavior_tree/lib:/home/agilex/limo_ros2_ws/install/nav2_amcl/lib:/home/agilex/limo_ros2_ws/install/nav2_util/lib:/home/agilex/limo_ros2_ws/install/nav2_msgs/lib:/home/agilex/limo_ros2_ws/install/limo_msgs/lib:/home/agilex/limo_ros2_ws/install/libuvc/lib:/home/agilex/limo_ros2_ws/install/glog/lib:/home/agilex/limo_ros2_ws/install/costmap_converter_msgs/lib:/home/agilex/limo_ros2_ws/install/astra_camera_msgs/lib:/usr/lib/aarch64-linux-gnu/gazebo-11/plugins:/opt/ros/foxy/opt/yaml_cpp_vendor/lib:/opt/ros/foxy/opt/rviz_ogre_vendor/lib:/opt/ros/foxy/lib/aarch64-linux-gnu:/opt/ros/foxy/lib PYTHONPATH=/home/agilex/limo_ros2_ws/install/nav_2d_msgs/lib/python3.8/site-packages:/home/agilex/limo_ros2_ws/install/teb_msgs/lib/python3.8/site-packages:/home/agilex/limo_ros2_ws/install/dwb_msgs/lib/python3.8/site-packages:/home/agilex/limo_ros2_ws/install/nav2_msgs/lib/python3.8/site-packages:/home/agilex/limo_ros2_ws/install/nav2_gazebo_spawner/lib/python3.8/site-packages:/home/agilex/limo_ros2_ws/install/nav2_common/lib/python3.8/site-packages:/home/agilex/limo_ros2_ws/install/limo_msgs/lib/python3.8/site-packages:/home/agilex/limo_ros2_ws/install/costmap_converter_msgs/lib/python3.8/site-packages:/home/agilex/limo_ros2_ws/install/astra_camera_msgs/lib/python3.8/site-packages:/opt/ros/foxy/lib/python3.8/site-packages /usr/bin/cmake --install /home/agilex/limo_ros2_ws/build/dwb_msgs
[2.409s] -- Install configuration: ""
[2.410s] -- Up-to-date: /home/agilex/limo_ros2_ws/install/dwb_msgs/share/ament_index/resource_index/rosidl_interfaces/dwb_msgs
[2.412s] -- Up-to-date: /home/agilex/limo_ros2_ws/install/dwb_msgs/include/dwb_msgs
[2.414s] -- Up-to-date: /home/agilex/limo_ros2_ws/install/dwb_msgs/include/dwb_msgs/msg
[2.416s] -- Up-to-date: /home/agilex/limo_ros2_ws/install/dwb_msgs/include/dwb_msgs/msg/local_plan_evaluation.h
[2.416s] -- Up-to-date: /home/agilex/limo_ros2_ws/install/dwb_msgs/include/dwb_msgs/msg/rosidl_generator_c__visibility_control.h
[2.417s] -- Up-to-date: /home/agilex/limo_ros2_ws/install/dwb_msgs/include/dwb_msgs/msg/detail
[2.417s] -- Up-to-date: /home/agilex/limo_ros2_ws/install/dwb_msgs/include/dwb_msgs/msg/detail/trajectory2_d__functions.c
[2.417s] -- Up-to-date: /home/agilex/limo_ros2_ws/install/dwb_msgs/include/dwb_msgs/msg/detail/trajectory2_d__functions.h
[2.417s] -- Up-to-date: /home/agilex/limo_ros2_ws/install/dwb_msgs/include/dwb_msgs/msg/detail/trajectory2_d__type_support.h
[2.417s] -- Up-to-date: /home/agilex/limo_ros2_ws/install/dwb_msgs/include/dwb_msgs/msg/detail/local_plan_evaluation__struct.h
[2.417s] -- Up-to-date: /home/agilex/limo_ros2_ws/install/dwb_msgs/include/dwb_msgs/msg/detail/trajectory_score__functions.h
[2.418s] -- Up-to-date: /home/agilex/limo_ros2_ws/install/dwb_msgs/include/dwb_msgs/msg/detail/critic_score__type_support.h
[2.418s] -- Up-to-date: /home/agilex/limo_ros2_ws/install/dwb_msgs/include/dwb_msgs/msg/detail/local_plan_evaluation__functions.c
[2.418s] -- Up-to-date: /home/agilex/limo_ros2_ws/install/dwb_msgs/include/dwb_msgs/msg/detail/critic_score__functions.c
[2.418s] -- Up-to-date: /home/agilex/limo_ros2_ws/install/dwb_msgs/include/dwb_msgs/msg/detail/local_plan_evaluation__type_support.h
[2.418s] -- Up-to-date: /home/agilex/limo_ros2_ws/install/dwb_msgs/include/dwb_msgs/msg/detail/critic_score__struct.h
[2.418s] -- Up-to-date: /home/agilex/limo_ros2_ws/install/dwb_msgs/include/dwb_msgs/msg/detail/trajectory_score__functions.c
[2.418s] -- Up-to-date: /home/agilex/limo_ros2_ws/install/dwb_msgs/include/dwb_msgs/msg/detail/trajectory_score__type_support.h
[2.418s] -- Up-to-date: /home/agilex/limo_ros2_ws/install/dwb_msgs/include/dwb_msgs/msg/detail/critic_score__functions.h
[2.418s] -- Up-to-date: /home/agilex/limo_ros2_ws/install/dwb_msgs/include/dwb_msgs/msg/detail/local_plan_evaluation__functions.h
[2.419s] -- Up-to-date: /home/agilex/limo_ros2_ws/install/dwb_msgs/include/dwb_msgs/msg/detail/trajectory2_d__struct.h
[2.419s] -- Up-to-date: /home/agilex/limo_ros2_ws/install/dwb_msgs/include/dwb_msgs/msg/detail/trajectory_score__struct.h
[2.419s] -- Up-to-date: /home/agilex/limo_ros2_ws/install/dwb_msgs/include/dwb_msgs/msg/critic_score.h
[2.419s] -- Up-to-date: /home/agilex/limo_ros2_ws/install/dwb_msgs/include/dwb_msgs/msg/trajectory2_d.h
[2.419s] -- Up-to-date: /home/agilex/limo_ros2_ws/install/dwb_msgs/include/dwb_msgs/msg/trajectory_score.h
[2.419s] -- Up-to-date: /home/agilex/limo_ros2_ws/install/dwb_msgs/include/dwb_msgs/srv
[2.420s] -- Up-to-date: /home/agilex/limo_ros2_ws/install/dwb_msgs/include/dwb_msgs/srv/generate_trajectory.h
[2.420s] -- Up-to-date: /home/agilex/limo_ros2_ws/install/dwb_msgs/include/dwb_msgs/srv/debug_local_plan.h
[2.420s] -- Up-to-date: /home/agilex/limo_ros2_ws/install/dwb_msgs/include/dwb_msgs/srv/detail
[2.420s] -- Up-to-date: /home/agilex/limo_ros2_ws/install/dwb_msgs/include/dwb_msgs/srv/detail/get_critic_score__functions.c
[2.420s] -- Up-to-date: /home/agilex/limo_ros2_ws/install/dwb_msgs/include/dwb_msgs/srv/detail/generate_twists__struct.h
[2.420s] -- Up-to-date: /home/agilex/limo_ros2_ws/install/dwb_msgs/include/dwb_msgs/srv/detail/generate_trajectory__type_support.h
[2.420s] -- Up-to-date: /home/agilex/limo_ros2_ws/install/dwb_msgs/include/dwb_msgs/srv/detail/generate_trajectory__functions.c
[2.420s] -- Up-to-date: /home/agilex/limo_ros2_ws/install/dwb_msgs/include/dwb_msgs/srv/detail/score_trajectory__functions.c
[2.421s] -- Up-to-date: /home/agilex/limo_ros2_ws/install/dwb_msgs/include/dwb_msgs/srv/detail/get_critic_score__struct.h
[2.421s] -- Up-to-date: /home/agilex/limo_ros2_ws/install/dwb_msgs/include/dwb_msgs/srv/detail/get_critic_score__type_support.h
[2.421s] -- Up-to-date: /home/agilex/limo_ros2_ws/install/dwb_msgs/include/dwb_msgs/srv/detail/debug_local_plan__functions.h
[2.421s] -- Up-to-date: /home/agilex/limo_ros2_ws/install/dwb_msgs/include/dwb_msgs/srv/detail/generate_trajectory__functions.h
[2.421s] -- Up-to-date: /home/agilex/limo_ros2_ws/install/dwb_msgs/include/dwb_msgs/srv/detail/generate_twists__functions.c
[2.421s] -- Up-to-date: /home/agilex/limo_ros2_ws/install/dwb_msgs/include/dwb_msgs/srv/detail/generate_twists__functions.h
[2.421s] -- Up-to-date: /home/agilex/limo_ros2_ws/install/dwb_msgs/include/dwb_msgs/srv/detail/debug_local_plan__type_support.h
[2.421s] -- Up-to-date: /home/agilex/limo_ros2_ws/install/dwb_msgs/include/dwb_msgs/srv/detail/score_trajectory__struct.h
[2.422s] -- Up-to-date: /home/agilex/limo_ros2_ws/install/dwb_msgs/include/dwb_msgs/srv/detail/score_trajectory__functions.h
[2.422s] -- Up-to-date: /home/agilex/limo_ros2_ws/install/dwb_msgs/include/dwb_msgs/srv/detail/get_critic_score__functions.h
[2.422s] -- Up-to-date: /home/agilex/limo_ros2_ws/install/dwb_msgs/include/dwb_msgs/srv/detail/debug_local_plan__functions.c
[2.422s] -- Up-to-date: /home/agilex/limo_ros2_ws/install/dwb_msgs/include/dwb_msgs/srv/detail/score_trajectory__type_support.h
[2.422s] -- Up-to-date: /home/agilex/limo_ros2_ws/install/dwb_msgs/include/dwb_msgs/srv/detail/generate_twists__type_support.h
[2.422s] -- Up-to-date: /home/agilex/limo_ros2_ws/install/dwb_msgs/include/dwb_msgs/srv/detail/generate_trajectory__struct.h
[2.422s] -- Up-to-date: /home/agilex/limo_ros2_ws/install/dwb_msgs/include/dwb_msgs/srv/detail/debug_local_plan__struct.h
[2.422s] -- Up-to-date: /home/agilex/limo_ros2_ws/install/dwb_msgs/include/dwb_msgs/srv/score_trajectory.h
[2.422s] -- Up-to-date: /home/agilex/limo_ros2_ws/install/dwb_msgs/include/dwb_msgs/srv/get_critic_score.h
[2.423s] -- Up-to-date: /home/agilex/limo_ros2_ws/install/dwb_msgs/include/dwb_msgs/srv/generate_twists.h
[2.423s] -- Up-to-date: /home/agilex/limo_ros2_ws/install/dwb_msgs/share/dwb_msgs/environment/library_path.sh
[2.423s] -- Up-to-date: /home/agilex/limo_ros2_ws/install/dwb_msgs/share/dwb_msgs/environment/library_path.dsv
[2.423s] -- Up-to-date: /home/agilex/limo_ros2_ws/install/dwb_msgs/lib/libdwb_msgs__rosidl_generator_c.so
[2.429s] -- Up-to-date: /home/agilex/limo_ros2_ws/install/dwb_msgs/include/dwb_msgs
[2.430s] -- Up-to-date: /home/agilex/limo_ros2_ws/install/dwb_msgs/include/dwb_msgs/msg
[2.430s] -- Up-to-date: /home/agilex/limo_ros2_ws/install/dwb_msgs/include/dwb_msgs/msg/rosidl_typesupport_fastrtps_c__visibility_control.h
[2.430s] -- Up-to-date: /home/agilex/limo_ros2_ws/install/dwb_msgs/include/dwb_msgs/msg/detail
[2.430s] -- Up-to-date: /home/agilex/limo_ros2_ws/install/dwb_msgs/include/dwb_msgs/msg/detail/local_plan_evaluation__rosidl_typesupport_fastrtps_c.h
[2.430s] -- Up-to-date: /home/agilex/limo_ros2_ws/install/dwb_msgs/include/dwb_msgs/msg/detail/trajectory2_d__rosidl_typesupport_fastrtps_c.h
[2.431s] -- Up-to-date: /home/agilex/limo_ros2_ws/install/dwb_msgs/include/dwb_msgs/msg/detail/critic_score__rosidl_typesupport_fastrtps_c.h
[2.431s] -- Up-to-date: /home/agilex/limo_ros2_ws/install/dwb_msgs/include/dwb_msgs/msg/detail/trajectory_score__rosidl_typesupport_fastrtps_c.h
[2.431s] -- Up-to-date: /home/agilex/limo_ros2_ws/install/dwb_msgs/include/dwb_msgs/srv
[2.431s] -- Up-to-date: /home/agilex/limo_ros2_ws/install/dwb_msgs/include/dwb_msgs/srv/detail
[2.435s] -- Up-to-date: /home/agilex/limo_ros2_ws/install/dwb_msgs/include/dwb_msgs/srv/detail/get_critic_score__rosidl_typesupport_fastrtps_c.h
[2.435s] -- Up-to-date: /home/agilex/limo_ros2_ws/install/dwb_msgs/include/dwb_msgs/srv/detail/generate_trajectory__rosidl_typesupport_fastrtps_c.h
[2.436s] -- Up-to-date: /home/agilex/limo_ros2_ws/install/dwb_msgs/include/dwb_msgs/srv/detail/score_trajectory__rosidl_typesupport_fastrtps_c.h
[2.436s] -- Up-to-date: /home/agilex/limo_ros2_ws/install/dwb_msgs/include/dwb_msgs/srv/detail/generate_twists__rosidl_typesupport_fastrtps_c.h
[2.436s] -- Up-to-date: /home/agilex/limo_ros2_ws/install/dwb_msgs/include/dwb_msgs/srv/detail/debug_local_plan__rosidl_typesupport_fastrtps_c.h
[2.437s] -- Up-to-date: /home/agilex/limo_ros2_ws/install/dwb_msgs/lib/libdwb_msgs__rosidl_typesupport_fastrtps_c.so
[2.437s] -- Up-to-date: /home/agilex/limo_ros2_ws/install/dwb_msgs/include/dwb_msgs
[2.437s] -- Up-to-date: /home/agilex/limo_ros2_ws/install/dwb_msgs/include/dwb_msgs/msg
[2.437s] -- Up-to-date: /home/agilex/limo_ros2_ws/install/dwb_msgs/include/dwb_msgs/msg/rosidl_typesupport_fastrtps_cpp__visibility_control.h
[2.438s] -- Up-to-date: /home/agilex/limo_ros2_ws/install/dwb_msgs/include/dwb_msgs/msg/detail
[2.450s] -- Up-to-date: /home/agilex/limo_ros2_ws/install/dwb_msgs/include/dwb_msgs/msg/detail/local_plan_evaluation__rosidl_typesupport_fastrtps_cpp.hpp
[2.451s] -- Up-to-date: /home/agilex/limo_ros2_ws/install/dwb_msgs/include/dwb_msgs/msg/detail/trajectory_score__rosidl_typesupport_fastrtps_cpp.hpp
[2.451s] -- Up-to-date: /home/agilex/limo_ros2_ws/install/dwb_msgs/include/dwb_msgs/msg/detail/trajectory2_d__rosidl_typesupport_fastrtps_cpp.hpp
[2.451s] -- Up-to-date: /home/agilex/limo_ros2_ws/install/dwb_msgs/include/dwb_msgs/msg/detail/dds_fastrtps
[2.451s] -- Up-to-date: /home/agilex/limo_ros2_ws/install/dwb_msgs/include/dwb_msgs/msg/detail/critic_score__rosidl_typesupport_fastrtps_cpp.hpp
[2.451s] -- Up-to-date: /home/agilex/limo_ros2_ws/install/dwb_msgs/include/dwb_msgs/srv
[2.452s] -- Up-to-date: /home/agilex/limo_ros2_ws/install/dwb_msgs/include/dwb_msgs/srv/detail
[2.452s] -- Up-to-date: /home/agilex/limo_ros2_ws/install/dwb_msgs/include/dwb_msgs/srv/detail/get_critic_score__rosidl_typesupport_fastrtps_cpp.hpp
[2.452s] -- Up-to-date: /home/agilex/limo_ros2_ws/install/dwb_msgs/include/dwb_msgs/srv/detail/generate_trajectory__rosidl_typesupport_fastrtps_cpp.hpp
[2.452s] -- Up-to-date: /home/agilex/limo_ros2_ws/install/dwb_msgs/include/dwb_msgs/srv/detail/dds_fastrtps
[2.452s] -- Up-to-date: /home/agilex/limo_ros2_ws/install/dwb_msgs/include/dwb_msgs/srv/detail/generate_twists__rosidl_typesupport_fastrtps_cpp.hpp
[2.452s] -- Up-to-date: /home/agilex/limo_ros2_ws/install/dwb_msgs/include/dwb_msgs/srv/detail/score_trajectory__rosidl_typesupport_fastrtps_cpp.hpp
[2.452s] -- Up-to-date: /home/agilex/limo_ros2_ws/install/dwb_msgs/include/dwb_msgs/srv/detail/debug_local_plan__rosidl_typesupport_fastrtps_cpp.hpp
[2.452s] -- Up-to-date: /home/agilex/limo_ros2_ws/install/dwb_msgs/lib/libdwb_msgs__rosidl_typesupport_fastrtps_cpp.so
[2.453s] -- Up-to-date: /home/agilex/limo_ros2_ws/install/dwb_msgs/include/dwb_msgs
[2.453s] -- Up-to-date: /home/agilex/limo_ros2_ws/install/dwb_msgs/include/dwb_msgs/msg
[2.453s] -- Up-to-date: /home/agilex/limo_ros2_ws/install/dwb_msgs/include/dwb_msgs/msg/rosidl_typesupport_introspection_c__visibility_control.h
[2.453s] -- Up-to-date: /home/agilex/limo_ros2_ws/install/dwb_msgs/include/dwb_msgs/msg/detail
[2.453s] -- Up-to-date: /home/agilex/limo_ros2_ws/install/dwb_msgs/include/dwb_msgs/msg/detail/trajectory2_d__rosidl_typesupport_introspection_c.h
[2.453s] -- Up-to-date: /home/agilex/limo_ros2_ws/install/dwb_msgs/include/dwb_msgs/msg/detail/trajectory_score__type_support.c
[2.453s] -- Up-to-date: /home/agilex/limo_ros2_ws/install/dwb_msgs/include/dwb_msgs/msg/detail/local_plan_evaluation__rosidl_typesupport_introspection_c.h
[2.453s] -- Up-to-date: /home/agilex/limo_ros2_ws/install/dwb_msgs/include/dwb_msgs/msg/detail/local_plan_evaluation__type_support.c
[2.454s] -- Up-to-date: /home/agilex/limo_ros2_ws/install/dwb_msgs/include/dwb_msgs/msg/detail/trajectory_score__rosidl_typesupport_introspection_c.h
[2.454s] -- Up-to-date: /home/agilex/limo_ros2_ws/install/dwb_msgs/include/dwb_msgs/msg/detail/critic_score__type_support.c
[2.454s] -- Up-to-date: /home/agilex/limo_ros2_ws/install/dwb_msgs/include/dwb_msgs/msg/detail/critic_score__rosidl_typesupport_introspection_c.h
[2.454s] -- Up-to-date: /home/agilex/limo_ros2_ws/install/dwb_msgs/include/dwb_msgs/msg/detail/trajectory2_d__type_support.c
[2.454s] -- Up-to-date: /home/agilex/limo_ros2_ws/install/dwb_msgs/include/dwb_msgs/srv
[2.454s] -- Up-to-date: /home/agilex/limo_ros2_ws/install/dwb_msgs/include/dwb_msgs/srv/detail
[2.456s] -- Up-to-date: /home/agilex/limo_ros2_ws/install/dwb_msgs/include/dwb_msgs/srv/detail/score_trajectory__rosidl_typesupport_introspection_c.h
[2.456s] -- Up-to-date: /home/agilex/limo_ros2_ws/install/dwb_msgs/include/dwb_msgs/srv/detail/debug_local_plan__rosidl_typesupport_introspection_c.h
[2.456s] -- Up-to-date: /home/agilex/limo_ros2_ws/install/dwb_msgs/include/dwb_msgs/srv/detail/generate_twists__type_support.c
[2.456s] -- Up-to-date: /home/agilex/limo_ros2_ws/install/dwb_msgs/include/dwb_msgs/srv/detail/get_critic_score__rosidl_typesupport_introspection_c.h
[2.456s] -- Up-to-date: /home/agilex/limo_ros2_ws/install/dwb_msgs/include/dwb_msgs/srv/detail/score_trajectory__type_support.c
[2.457s] -- Up-to-date: /home/agilex/limo_ros2_ws/install/dwb_msgs/include/dwb_msgs/srv/detail/generate_trajectory__rosidl_typesupport_introspection_c.h
[2.457s] -- Up-to-date: /home/agilex/limo_ros2_ws/install/dwb_msgs/include/dwb_msgs/srv/detail/generate_twists__rosidl_typesupport_introspection_c.h
[2.457s] -- Up-to-date: /home/agilex/limo_ros2_ws/install/dwb_msgs/include/dwb_msgs/srv/detail/debug_local_plan__type_support.c
[2.457s] -- Up-to-date: /home/agilex/limo_ros2_ws/install/dwb_msgs/include/dwb_msgs/srv/detail/generate_trajectory__type_support.c
[2.457s] -- Up-to-date: /home/agilex/limo_ros2_ws/install/dwb_msgs/include/dwb_msgs/srv/detail/get_critic_score__type_support.c
[2.457s] -- Up-to-date: /home/agilex/limo_ros2_ws/install/dwb_msgs/lib/libdwb_msgs__rosidl_typesupport_introspection_c.so
[2.457s] -- Up-to-date: /home/agilex/limo_ros2_ws/install/dwb_msgs/lib/libdwb_msgs__rosidl_typesupport_c.so
[2.457s] -- Up-to-date: /home/agilex/limo_ros2_ws/install/dwb_msgs/include/dwb_msgs
[2.458s] -- Up-to-date: /home/agilex/limo_ros2_ws/install/dwb_msgs/include/dwb_msgs/msg
[2.458s] -- Up-to-date: /home/agilex/limo_ros2_ws/install/dwb_msgs/include/dwb_msgs/msg/critic_score.hpp
[2.458s] -- Up-to-date: /home/agilex/limo_ros2_ws/install/dwb_msgs/include/dwb_msgs/msg/rosidl_generator_cpp__visibility_control.hpp
[2.458s] -- Up-to-date: /home/agilex/limo_ros2_ws/install/dwb_msgs/include/dwb_msgs/msg/detail
[2.458s] -- Up-to-date: /home/agilex/limo_ros2_ws/install/dwb_msgs/include/dwb_msgs/msg/detail/local_plan_evaluation__type_support.hpp
[2.458s] -- Up-to-date: /home/agilex/limo_ros2_ws/install/dwb_msgs/include/dwb_msgs/msg/detail/local_plan_evaluation__builder.hpp
[2.459s] -- Up-to-date: /home/agilex/limo_ros2_ws/install/dwb_msgs/include/dwb_msgs/msg/detail/local_plan_evaluation__struct.hpp
[2.459s] -- Up-to-date: /home/agilex/limo_ros2_ws/install/dwb_msgs/include/dwb_msgs/msg/detail/critic_score__struct.hpp
[2.459s] -- Up-to-date: /home/agilex/limo_ros2_ws/install/dwb_msgs/include/dwb_msgs/msg/detail/critic_score__builder.hpp
[2.459s] -- Up-to-date: /home/agilex/limo_ros2_ws/install/dwb_msgs/include/dwb_msgs/msg/detail/critic_score__type_support.hpp
[2.459s] -- Up-to-date: /home/agilex/limo_ros2_ws/install/dwb_msgs/include/dwb_msgs/msg/detail/trajectory2_d__type_support.hpp
[2.459s] -- Up-to-date: /home/agilex/limo_ros2_ws/install/dwb_msgs/include/dwb_msgs/msg/detail/critic_score__traits.hpp
[2.459s] -- Up-to-date: /home/agilex/limo_ros2_ws/install/dwb_msgs/include/dwb_msgs/msg/detail/trajectory_score__type_support.hpp
[2.460s] -- Up-to-date: /home/agilex/limo_ros2_ws/install/dwb_msgs/include/dwb_msgs/msg/detail/trajectory2_d__struct.hpp
[2.460s] -- Up-to-date: /home/agilex/limo_ros2_ws/install/dwb_msgs/include/dwb_msgs/msg/detail/local_plan_evaluation__traits.hpp
[2.460s] -- Up-to-date: /home/agilex/limo_ros2_ws/install/dwb_msgs/include/dwb_msgs/msg/detail/trajectory2_d__traits.hpp
[2.460s] -- Up-to-date: /home/agilex/limo_ros2_ws/install/dwb_msgs/include/dwb_msgs/msg/detail/trajectory_score__traits.hpp
[2.460s] -- Up-to-date: /home/agilex/limo_ros2_ws/install/dwb_msgs/include/dwb_msgs/msg/detail/trajectory_score__builder.hpp
[2.460s] -- Up-to-date: /home/agilex/limo_ros2_ws/install/dwb_msgs/include/dwb_msgs/msg/detail/trajectory2_d__builder.hpp
[2.461s] -- Up-to-date: /home/agilex/limo_ros2_ws/install/dwb_msgs/include/dwb_msgs/msg/detail/trajectory_score__struct.hpp
[2.461s] -- Up-to-date: /home/agilex/limo_ros2_ws/install/dwb_msgs/include/dwb_msgs/msg/local_plan_evaluation.hpp
[2.462s] -- Up-to-date: /home/agilex/limo_ros2_ws/install/dwb_msgs/include/dwb_msgs/msg/trajectory_score.hpp
[2.462s] -- Up-to-date: /home/agilex/limo_ros2_ws/install/dwb_msgs/include/dwb_msgs/msg/trajectory2_d.hpp
[2.463s] -- Up-to-date: /home/agilex/limo_ros2_ws/install/dwb_msgs/include/dwb_msgs/srv
[2.463s] -- Up-to-date: /home/agilex/limo_ros2_ws/install/dwb_msgs/include/dwb_msgs/srv/score_trajectory.hpp
[2.463s] -- Up-to-date: /home/agilex/limo_ros2_ws/install/dwb_msgs/include/dwb_msgs/srv/get_critic_score.hpp
[2.463s] -- Up-to-date: /home/agilex/limo_ros2_ws/install/dwb_msgs/include/dwb_msgs/srv/generate_trajectory.hpp
[2.464s] -- Up-to-date: /home/agilex/limo_ros2_ws/install/dwb_msgs/include/dwb_msgs/srv/generate_twists.hpp
[2.468s] -- Up-to-date: /home/agilex/limo_ros2_ws/install/dwb_msgs/include/dwb_msgs/srv/detail
[2.469s] -- Up-to-date: /home/agilex/limo_ros2_ws/install/dwb_msgs/include/dwb_msgs/srv/detail/score_trajectory__builder.hpp
[2.469s] -- Up-to-date: /home/agilex/limo_ros2_ws/install/dwb_msgs/include/dwb_msgs/srv/detail/generate_trajectory__traits.hpp
[2.469s] -- Up-to-date: /home/agilex/limo_ros2_ws/install/dwb_msgs/include/dwb_msgs/srv/detail/score_trajectory__traits.hpp
[2.469s] -- Up-to-date: /home/agilex/limo_ros2_ws/install/dwb_msgs/include/dwb_msgs/srv/detail/get_critic_score__builder.hpp
[2.469s] -- Up-to-date: /home/agilex/limo_ros2_ws/install/dwb_msgs/include/dwb_msgs/srv/detail/get_critic_score__type_support.hpp
[2.469s] -- Up-to-date: /home/agilex/limo_ros2_ws/install/dwb_msgs/include/dwb_msgs/srv/detail/generate_trajectory__builder.hpp
[2.469s] -- Up-to-date: /home/agilex/limo_ros2_ws/install/dwb_msgs/include/dwb_msgs/srv/detail/generate_twists__traits.hpp
[2.470s] -- Up-to-date: /home/agilex/limo_ros2_ws/install/dwb_msgs/include/dwb_msgs/srv/detail/score_trajectory__struct.hpp
[2.470s] -- Up-to-date: /home/agilex/limo_ros2_ws/install/dwb_msgs/include/dwb_msgs/srv/detail/generate_trajectory__struct.hpp
[2.470s] -- Up-to-date: /home/agilex/limo_ros2_ws/install/dwb_msgs/include/dwb_msgs/srv/detail/generate_trajectory__type_support.hpp
[2.470s] -- Up-to-date: /home/agilex/limo_ros2_ws/install/dwb_msgs/include/dwb_msgs/srv/detail/get_critic_score__traits.hpp
[2.470s] -- Up-to-date: /home/agilex/limo_ros2_ws/install/dwb_msgs/include/dwb_msgs/srv/detail/generate_twists__struct.hpp
[2.470s] -- Up-to-date: /home/agilex/limo_ros2_ws/install/dwb_msgs/include/dwb_msgs/srv/detail/generate_twists__type_support.hpp
[2.470s] -- Up-to-date: /home/agilex/limo_ros2_ws/install/dwb_msgs/include/dwb_msgs/srv/detail/score_trajectory__type_support.hpp
[2.470s] -- Up-to-date: /home/agilex/limo_ros2_ws/install/dwb_msgs/include/dwb_msgs/srv/detail/debug_local_plan__builder.hpp
[2.471s] -- Up-to-date: /home/agilex/limo_ros2_ws/install/dwb_msgs/include/dwb_msgs/srv/detail/get_critic_score__struct.hpp
[2.471s] -- Up-to-date: /home/agilex/limo_ros2_ws/install/dwb_msgs/include/dwb_msgs/srv/detail/debug_local_plan__type_support.hpp
[2.471s] -- Up-to-date: /home/agilex/limo_ros2_ws/install/dwb_msgs/include/dwb_msgs/srv/detail/debug_local_plan__traits.hpp
[2.471s] -- Up-to-date: /home/agilex/limo_ros2_ws/install/dwb_msgs/include/dwb_msgs/srv/detail/generate_twists__builder.hpp
[2.471s] -- Up-to-date: /home/agilex/limo_ros2_ws/install/dwb_msgs/include/dwb_msgs/srv/detail/debug_local_plan__struct.hpp
[2.471s] -- Up-to-date: /home/agilex/limo_ros2_ws/install/dwb_msgs/include/dwb_msgs/srv/debug_local_plan.hpp
[2.471s] -- Up-to-date: /home/agilex/limo_ros2_ws/install/dwb_msgs/include/dwb_msgs
[2.472s] -- Up-to-date: /home/agilex/limo_ros2_ws/install/dwb_msgs/include/dwb_msgs/msg
[2.472s] -- Up-to-date: /home/agilex/limo_ros2_ws/install/dwb_msgs/include/dwb_msgs/msg/detail
[2.472s] -- Up-to-date: /home/agilex/limo_ros2_ws/install/dwb_msgs/include/dwb_msgs/msg/detail/trajectory_score__type_support.cpp
[2.473s] -- Up-to-date: /home/agilex/limo_ros2_ws/install/dwb_msgs/include/dwb_msgs/msg/detail/critic_score__rosidl_typesupport_introspection_cpp.hpp
[2.473s] -- Up-to-date: /home/agilex/limo_ros2_ws/install/dwb_msgs/include/dwb_msgs/msg/detail/local_plan_evaluation__rosidl_typesupport_introspection_cpp.hpp
[2.473s] -- Up-to-date: /home/agilex/limo_ros2_ws/install/dwb_msgs/include/dwb_msgs/msg/detail/trajectory2_d__type_support.cpp
[2.473s] -- Up-to-date: /home/agilex/limo_ros2_ws/install/dwb_msgs/include/dwb_msgs/msg/detail/trajectory2_d__rosidl_typesupport_introspection_cpp.hpp
[2.473s] -- Up-to-date: /home/agilex/limo_ros2_ws/install/dwb_msgs/include/dwb_msgs/msg/detail/local_plan_evaluation__type_support.cpp
[2.474s] -- Up-to-date: /home/agilex/limo_ros2_ws/install/dwb_msgs/include/dwb_msgs/msg/detail/trajectory_score__rosidl_typesupport_introspection_cpp.hpp
[2.474s] -- Up-to-date: /home/agilex/limo_ros2_ws/install/dwb_msgs/include/dwb_msgs/msg/detail/critic_score__type_support.cpp
[2.474s] -- Up-to-date: /home/agilex/limo_ros2_ws/install/dwb_msgs/include/dwb_msgs/srv
[2.474s] -- Up-to-date: /home/agilex/limo_ros2_ws/install/dwb_msgs/include/dwb_msgs/srv/detail
[2.474s] -- Up-to-date: /home/agilex/limo_ros2_ws/install/dwb_msgs/include/dwb_msgs/srv/detail/debug_local_plan__type_support.cpp
[2.474s] -- Up-to-date: /home/agilex/limo_ros2_ws/install/dwb_msgs/include/dwb_msgs/srv/detail/generate_trajectory__type_support.cpp
[2.475s] -- Up-to-date: /home/agilex/limo_ros2_ws/install/dwb_msgs/include/dwb_msgs/srv/detail/get_critic_score__type_support.cpp
[2.475s] -- Up-to-date: /home/agilex/limo_ros2_ws/install/dwb_msgs/include/dwb_msgs/srv/detail/generate_twists__rosidl_typesupport_introspection_cpp.hpp
[2.488s] -- Up-to-date: /home/agilex/limo_ros2_ws/install/dwb_msgs/include/dwb_msgs/srv/detail/debug_local_plan__rosidl_typesupport_introspection_cpp.hpp
[2.489s] -- Up-to-date: /home/agilex/limo_ros2_ws/install/dwb_msgs/include/dwb_msgs/srv/detail/score_trajectory__type_support.cpp
[2.489s] -- Up-to-date: /home/agilex/limo_ros2_ws/install/dwb_msgs/include/dwb_msgs/srv/detail/generate_trajectory__rosidl_typesupport_introspection_cpp.hpp
[2.489s] -- Up-to-date: /home/agilex/limo_ros2_ws/install/dwb_msgs/include/dwb_msgs/srv/detail/score_trajectory__rosidl_typesupport_introspection_cpp.hpp
[2.489s] -- Up-to-date: /home/agilex/limo_ros2_ws/install/dwb_msgs/include/dwb_msgs/srv/detail/get_critic_score__rosidl_typesupport_introspection_cpp.hpp
[2.490s] -- Up-to-date: /home/agilex/limo_ros2_ws/install/dwb_msgs/include/dwb_msgs/srv/detail/generate_twists__type_support.cpp
[2.490s] -- Up-to-date: /home/agilex/limo_ros2_ws/install/dwb_msgs/lib/libdwb_msgs__rosidl_typesupport_introspection_cpp.so
[2.490s] -- Up-to-date: /home/agilex/limo_ros2_ws/install/dwb_msgs/lib/libdwb_msgs__rosidl_typesupport_cpp.so
[2.490s] -- Up-to-date: /home/agilex/limo_ros2_ws/install/dwb_msgs/share/dwb_msgs/environment/pythonpath.sh
[2.491s] -- Up-to-date: /home/agilex/limo_ros2_ws/install/dwb_msgs/share/dwb_msgs/environment/pythonpath.dsv
[2.491s] -- Up-to-date: /home/agilex/limo_ros2_ws/install/dwb_msgs/lib/python3.8/site-packages/dwb_msgs/__init__.py
[2.525s] -- Up-to-date: /home/agilex/limo_ros2_ws/install/dwb_msgs/lib/python3.8/site-packages/dwb_msgs/msg
[2.525s] -- Up-to-date: /home/agilex/limo_ros2_ws/install/dwb_msgs/lib/python3.8/site-packages/dwb_msgs/msg/_trajectory_score.py
[2.525s] -- Up-to-date: /home/agilex/limo_ros2_ws/install/dwb_msgs/lib/python3.8/site-packages/dwb_msgs/msg/_trajectory2_d.py
[2.525s] -- Up-to-date: /home/agilex/limo_ros2_ws/install/dwb_msgs/lib/python3.8/site-packages/dwb_msgs/msg/_critic_score.py
[2.525s] -- Up-to-date: /home/agilex/limo_ros2_ws/install/dwb_msgs/lib/python3.8/site-packages/dwb_msgs/msg/_trajectory2_d_s.c
[2.526s] -- Up-to-date: /home/agilex/limo_ros2_ws/install/dwb_msgs/lib/python3.8/site-packages/dwb_msgs/msg/_local_plan_evaluation_s.c
[2.526s] -- Up-to-date: /home/agilex/limo_ros2_ws/install/dwb_msgs/lib/python3.8/site-packages/dwb_msgs/msg/_critic_score_s.c
[2.526s] -- Up-to-date: /home/agilex/limo_ros2_ws/install/dwb_msgs/lib/python3.8/site-packages/dwb_msgs/msg/__init__.py
[2.526s] -- Up-to-date: /home/agilex/limo_ros2_ws/install/dwb_msgs/lib/python3.8/site-packages/dwb_msgs/msg/_local_plan_evaluation.py
[2.526s] -- Up-to-date: /home/agilex/limo_ros2_ws/install/dwb_msgs/lib/python3.8/site-packages/dwb_msgs/msg/_trajectory_score_s.c
[2.534s] -- Up-to-date: /home/agilex/limo_ros2_ws/install/dwb_msgs/lib/python3.8/site-packages/dwb_msgs/srv
[2.535s] -- Up-to-date: /home/agilex/limo_ros2_ws/install/dwb_msgs/lib/python3.8/site-packages/dwb_msgs/srv/_get_critic_score.py
[2.535s] -- Up-to-date: /home/agilex/limo_ros2_ws/install/dwb_msgs/lib/python3.8/site-packages/dwb_msgs/srv/_generate_twists.py
[2.535s] -- Up-to-date: /home/agilex/limo_ros2_ws/install/dwb_msgs/lib/python3.8/site-packages/dwb_msgs/srv/_debug_local_plan_s.c
[2.535s] -- Up-to-date: /home/agilex/limo_ros2_ws/install/dwb_msgs/lib/python3.8/site-packages/dwb_msgs/srv/_generate_trajectory_s.c
[2.536s] -- Up-to-date: /home/agilex/limo_ros2_ws/install/dwb_msgs/lib/python3.8/site-packages/dwb_msgs/srv/_score_trajectory_s.c
[2.536s] -- Up-to-date: /home/agilex/limo_ros2_ws/install/dwb_msgs/lib/python3.8/site-packages/dwb_msgs/srv/__init__.py
[2.536s] -- Up-to-date: /home/agilex/limo_ros2_ws/install/dwb_msgs/lib/python3.8/site-packages/dwb_msgs/srv/_generate_trajectory.py
[2.537s] -- Up-to-date: /home/agilex/limo_ros2_ws/install/dwb_msgs/lib/python3.8/site-packages/dwb_msgs/srv/_get_critic_score_s.c
[2.537s] -- Up-to-date: /home/agilex/limo_ros2_ws/install/dwb_msgs/lib/python3.8/site-packages/dwb_msgs/srv/_debug_local_plan.py
[2.537s] -- Up-to-date: /home/agilex/limo_ros2_ws/install/dwb_msgs/lib/python3.8/site-packages/dwb_msgs/srv/_generate_twists_s.c
[2.537s] -- Up-to-date: /home/agilex/limo_ros2_ws/install/dwb_msgs/lib/python3.8/site-packages/dwb_msgs/srv/_score_trajectory.py
[2.538s] -- Up-to-date: /home/agilex/limo_ros2_ws/install/dwb_msgs/lib/python3.8/site-packages/dwb_msgs/dwb_msgs_s__rosidl_typesupport_fastrtps_c.cpython-38-aarch64-linux-gnu.so
[2.538s] -- Up-to-date: /home/agilex/limo_ros2_ws/install/dwb_msgs/lib/python3.8/site-packages/dwb_msgs/dwb_msgs_s__rosidl_typesupport_introspection_c.cpython-38-aarch64-linux-gnu.so
[2.538s] -- Up-to-date: /home/agilex/limo_ros2_ws/install/dwb_msgs/lib/python3.8/site-packages/dwb_msgs/dwb_msgs_s__rosidl_typesupport_c.cpython-38-aarch64-linux-gnu.so
[2.538s] -- Up-to-date: /home/agilex/limo_ros2_ws/install/dwb_msgs/lib/libdwb_msgs__python.so
[2.538s] -- Up-to-date: /home/agilex/limo_ros2_ws/install/dwb_msgs/share/dwb_msgs/msg/CriticScore.idl
[2.538s] -- Up-to-date: /home/agilex/limo_ros2_ws/install/dwb_msgs/share/dwb_msgs/msg/LocalPlanEvaluation.idl
[2.538s] -- Up-to-date: /home/agilex/limo_ros2_ws/install/dwb_msgs/share/dwb_msgs/msg/Trajectory2D.idl
[2.538s] -- Up-to-date: /home/agilex/limo_ros2_ws/install/dwb_msgs/share/dwb_msgs/msg/TrajectoryScore.idl
[2.539s] -- Up-to-date: /home/agilex/limo_ros2_ws/install/dwb_msgs/share/dwb_msgs/srv/DebugLocalPlan.idl
[2.539s] -- Up-to-date: /home/agilex/limo_ros2_ws/install/dwb_msgs/share/dwb_msgs/srv/GenerateTrajectory.idl
[2.539s] -- Up-to-date: /home/agilex/limo_ros2_ws/install/dwb_msgs/share/dwb_msgs/srv/GenerateTwists.idl
[2.539s] -- Up-to-date: /home/agilex/limo_ros2_ws/install/dwb_msgs/share/dwb_msgs/srv/GetCriticScore.idl
[2.539s] -- Up-to-date: /home/agilex/limo_ros2_ws/install/dwb_msgs/share/dwb_msgs/srv/ScoreTrajectory.idl
[2.539s] -- Up-to-date: /home/agilex/limo_ros2_ws/install/dwb_msgs/share/dwb_msgs/msg/CriticScore.msg
[2.539s] -- Up-to-date: /home/agilex/limo_ros2_ws/install/dwb_msgs/share/dwb_msgs/msg/LocalPlanEvaluation.msg
[2.542s] -- Up-to-date: /home/agilex/limo_ros2_ws/install/dwb_msgs/share/dwb_msgs/msg/Trajectory2D.msg
[2.542s] -- Up-to-date: /home/agilex/limo_ros2_ws/install/dwb_msgs/share/dwb_msgs/msg/TrajectoryScore.msg
[2.542s] -- Up-to-date: /home/agilex/limo_ros2_ws/install/dwb_msgs/share/dwb_msgs/srv/DebugLocalPlan.srv
[2.543s] -- Up-to-date: /home/agilex/limo_ros2_ws/install/dwb_msgs/share/dwb_msgs/srv/DebugLocalPlan_Request.msg
[2.543s] -- Up-to-date: /home/agilex/limo_ros2_ws/install/dwb_msgs/share/dwb_msgs/srv/DebugLocalPlan_Response.msg
[2.543s] -- Up-to-date: /home/agilex/limo_ros2_ws/install/dwb_msgs/share/dwb_msgs/srv/GenerateTrajectory.srv
[2.543s] -- Up-to-date: /home/agilex/limo_ros2_ws/install/dwb_msgs/share/dwb_msgs/srv/GenerateTrajectory_Request.msg
[2.543s] -- Up-to-date: /home/agilex/limo_ros2_ws/install/dwb_msgs/share/dwb_msgs/srv/GenerateTrajectory_Response.msg
[2.543s] -- Up-to-date: /home/agilex/limo_ros2_ws/install/dwb_msgs/share/dwb_msgs/srv/GenerateTwists.srv
[2.543s] -- Up-to-date: /home/agilex/limo_ros2_ws/install/dwb_msgs/share/dwb_msgs/srv/GenerateTwists_Request.msg
[2.544s] -- Up-to-date: /home/agilex/limo_ros2_ws/install/dwb_msgs/share/dwb_msgs/srv/GenerateTwists_Response.msg
[2.544s] -- Up-to-date: /home/agilex/limo_ros2_ws/install/dwb_msgs/share/dwb_msgs/srv/GetCriticScore.srv
[2.544s] -- Up-to-date: /home/agilex/limo_ros2_ws/install/dwb_msgs/share/dwb_msgs/srv/GetCriticScore_Request.msg
[2.544s] -- Up-to-date: /home/agilex/limo_ros2_ws/install/dwb_msgs/share/dwb_msgs/srv/GetCriticScore_Response.msg
[2.544s] -- Up-to-date: /home/agilex/limo_ros2_ws/install/dwb_msgs/share/dwb_msgs/srv/ScoreTrajectory.srv
[2.545s] -- Up-to-date: /home/agilex/limo_ros2_ws/install/dwb_msgs/share/dwb_msgs/srv/ScoreTrajectory_Request.msg
[2.545s] -- Up-to-date: /home/agilex/limo_ros2_ws/install/dwb_msgs/share/dwb_msgs/srv/ScoreTrajectory_Response.msg
[2.546s] -- Up-to-date: /home/agilex/limo_ros2_ws/install/dwb_msgs/share/ament_index/resource_index/package_run_dependencies/dwb_msgs
[2.546s] -- Up-to-date: /home/agilex/limo_ros2_ws/install/dwb_msgs/share/ament_index/resource_index/parent_prefix_path/dwb_msgs
[2.546s] -- Up-to-date: /home/agilex/limo_ros2_ws/install/dwb_msgs/share/dwb_msgs/environment/ament_prefix_path.sh
[2.547s] -- Up-to-date: /home/agilex/limo_ros2_ws/install/dwb_msgs/share/dwb_msgs/environment/ament_prefix_path.dsv
[2.547s] -- Up-to-date: /home/agilex/limo_ros2_ws/install/dwb_msgs/share/dwb_msgs/environment/path.sh
[2.547s] -- Up-to-date: /home/agilex/limo_ros2_ws/install/dwb_msgs/share/dwb_msgs/environment/path.dsv
[2.547s] -- Up-to-date: /home/agilex/limo_ros2_ws/install/dwb_msgs/share/dwb_msgs/local_setup.bash
[2.547s] -- Up-to-date: /home/agilex/limo_ros2_ws/install/dwb_msgs/share/dwb_msgs/local_setup.sh
[2.548s] -- Up-to-date: /home/agilex/limo_ros2_ws/install/dwb_msgs/share/dwb_msgs/local_setup.zsh
[2.548s] -- Up-to-date: /home/agilex/limo_ros2_ws/install/dwb_msgs/share/dwb_msgs/local_setup.dsv
[2.548s] -- Installing: /home/agilex/limo_ros2_ws/install/dwb_msgs/share/dwb_msgs/package.dsv
[2.548s] -- Up-to-date: /home/agilex/limo_ros2_ws/install/dwb_msgs/share/ament_index/resource_index/packages/dwb_msgs
[2.548s] -- Up-to-date: /home/agilex/limo_ros2_ws/install/dwb_msgs/share/dwb_msgs/cmake/dwb_msgs__rosidl_generator_cExport.cmake
[2.548s] -- Up-to-date: /home/agilex/limo_ros2_ws/install/dwb_msgs/share/dwb_msgs/cmake/dwb_msgs__rosidl_generator_cExport-noconfig.cmake
[2.548s] -- Up-to-date: /home/agilex/limo_ros2_ws/install/dwb_msgs/share/dwb_msgs/cmake/dwb_msgs__rosidl_typesupport_introspection_cExport.cmake
[2.549s] -- Up-to-date: /home/agilex/limo_ros2_ws/install/dwb_msgs/share/dwb_msgs/cmake/dwb_msgs__rosidl_typesupport_introspection_cExport-noconfig.cmake
[2.549s] -- Up-to-date: /home/agilex/limo_ros2_ws/install/dwb_msgs/share/dwb_msgs/cmake/dwb_msgs__rosidl_typesupport_cExport.cmake
[2.549s] -- Up-to-date: /home/agilex/limo_ros2_ws/install/dwb_msgs/share/dwb_msgs/cmake/dwb_msgs__rosidl_typesupport_cExport-noconfig.cmake
[2.549s] -- Up-to-date: /home/agilex/limo_ros2_ws/install/dwb_msgs/share/dwb_msgs/cmake/dwb_msgs__rosidl_generator_cppExport.cmake
[2.549s] -- Up-to-date: /home/agilex/limo_ros2_ws/install/dwb_msgs/share/dwb_msgs/cmake/dwb_msgs__rosidl_typesupport_introspection_cppExport.cmake
[2.549s] -- Up-to-date: /home/agilex/limo_ros2_ws/install/dwb_msgs/share/dwb_msgs/cmake/dwb_msgs__rosidl_typesupport_introspection_cppExport-noconfig.cmake
[2.549s] -- Up-to-date: /home/agilex/limo_ros2_ws/install/dwb_msgs/share/dwb_msgs/cmake/dwb_msgs__rosidl_typesupport_cppExport.cmake
[2.550s] -- Up-to-date: /home/agilex/limo_ros2_ws/install/dwb_msgs/share/dwb_msgs/cmake/dwb_msgs__rosidl_typesupport_cppExport-noconfig.cmake
[2.550s] -- Up-to-date: /home/agilex/limo_ros2_ws/install/dwb_msgs/share/dwb_msgs/cmake/rosidl_cmake-extras.cmake
[2.550s] -- Up-to-date: /home/agilex/limo_ros2_ws/install/dwb_msgs/share/dwb_msgs/cmake/ament_cmake_export_dependencies-extras.cmake
[2.550s] -- Up-to-date: /home/agilex/limo_ros2_ws/install/dwb_msgs/share/dwb_msgs/cmake/ament_cmake_export_libraries-extras.cmake
[2.550s] -- Up-to-date: /home/agilex/limo_ros2_ws/install/dwb_msgs/share/dwb_msgs/cmake/ament_cmake_export_targets-extras.cmake
[2.550s] -- Up-to-date: /home/agilex/limo_ros2_ws/install/dwb_msgs/share/dwb_msgs/cmake/ament_cmake_export_include_directories-extras.cmake
[2.550s] -- Up-to-date: /home/agilex/limo_ros2_ws/install/dwb_msgs/share/dwb_msgs/cmake/rosidl_cmake_export_typesupport_libraries-extras.cmake
[2.551s] -- Up-to-date: /home/agilex/limo_ros2_ws/install/dwb_msgs/share/dwb_msgs/cmake/rosidl_cmake_export_typesupport_targets-extras.cmake
[2.551s] -- Up-to-date: /home/agilex/limo_ros2_ws/install/dwb_msgs/share/dwb_msgs/cmake/dwb_msgsConfig.cmake
[2.551s] -- Up-to-date: /home/agilex/limo_ros2_ws/install/dwb_msgs/share/dwb_msgs/cmake/dwb_msgsConfig-version.cmake
[2.551s] -- Up-to-date: /home/agilex/limo_ros2_ws/install/dwb_msgs/share/dwb_msgs/package.xml
[2.595s] Invoked command in '/home/agilex/limo_ros2_ws/build/dwb_msgs' returned '0': AMENT_PREFIX_PATH=/home/agilex/limo_ros2_ws/install/nav_2d_msgs:${AMENT_PREFIX_PATH} CMAKE_PREFIX_PATH=/home/agilex/limo_ros2_ws/install/nav_2d_msgs:/home/agilex/limo_ros2_ws/install/ydlidar_sdk:/home/agilex/limo_ros2_ws/install/ydlidar_ros2_driver:/home/agilex/limo_ros2_ws/install/teb_local_planner:/home/agilex/limo_ros2_ws/install/teb_msgs:/home/agilex/limo_ros2_ws/install/nav2_system_tests:/home/agilex/limo_ros2_ws/install/nav2_bringup:/home/agilex/limo_ros2_ws/install/navigation2:/home/agilex/limo_ros2_ws/install/smac_planner:/home/agilex/limo_ros2_ws/install/rf2o_laser_odometry:/home/agilex/limo_ros2_ws/install/nav2_dwb_controller:/home/agilex/limo_ros2_ws/install/nav2_controller:/home/agilex/limo_ros2_ws/install/dwb_plugins:/home/agilex/limo_ros2_ws/install/dwb_critics:/home/agilex/limo_ros2_ws/install/dwb_core:/home/agilex/limo_ros2_ws/install/nav_2d_utils:/home/agilex/limo_ros2_ws/install/dwb_msgs:/home/agilex/limo_ros2_ws/install/nav2_waypoint_follower:/home/agilex/limo_ros2_ws/install/nav2_regulated_pure_pursuit_controller:/home/agilex/limo_ros2_ws/install/nav2_recoveries:/home/agilex/limo_ros2_ws/install/nav2_planner:/home/agilex/limo_ros2_ws/install/nav2_navfn_planner:/home/agilex/limo_ros2_ws/install/nav2_core:/home/agilex/limo_ros2_ws/install/costmap_queue:/home/agilex/limo_ros2_ws/install/costmap_converter:/home/agilex/limo_ros2_ws/install/nav2_costmap_2d:/home/agilex/limo_ros2_ws/install/nav2_voxel_grid:/home/agilex/limo_ros2_ws/install/nav2_rviz_plugins:/home/agilex/limo_ros2_ws/install/nav2_map_server:/home/agilex/limo_ros2_ws/install/nav2_lifecycle_manager:/home/agilex/limo_ros2_ws/install/nav2_bt_navigator:/home/agilex/limo_ros2_ws/install/nav2_behavior_tree:/home/agilex/limo_ros2_ws/install/nav2_amcl:/home/agilex/limo_ros2_ws/install/nav2_util:/home/agilex/limo_ros2_ws/install/nav2_msgs:/home/agilex/limo_ros2_ws/install/nav2_common:/home/agilex/limo_ros2_ws/install/magic_enum:/home/agilex/limo_ros2_ws/install/limo_visions:/home/agilex/limo_ros2_ws/install/limo_bringup:/home/agilex/limo_ros2_ws/install/limo_base:/home/agilex/limo_ros2_ws/install/limo_msgs:/home/agilex/limo_ros2_ws/install/limo_description:/home/agilex/limo_ros2_ws/install/libuvc:/home/agilex/limo_ros2_ws/install/glog:/home/agilex/limo_ros2_ws/install/costmap_converter_msgs:/home/agilex/limo_ros2_ws/install/astra_camera_msgs:/home/agilex/limo_ros2_ws/install/nav2_gazebo_spawner:/opt/ros/foxy LD_LIBRARY_PATH=/home/agilex/limo_ros2_ws/install/nav_2d_msgs/lib:/home/agilex/limo_ros2_ws/install/teb_local_planner/lib:/home/agilex/limo_ros2_ws/install/teb_msgs/lib:/home/agilex/limo_ros2_ws/install/smac_planner/lib:/home/agilex/limo_ros2_ws/install/nav2_controller/lib:/home/agilex/limo_ros2_ws/install/dwb_plugins/lib:/home/agilex/limo_ros2_ws/install/dwb_critics/lib:/home/agilex/limo_ros2_ws/install/dwb_core/lib:/home/agilex/limo_ros2_ws/install/nav_2d_utils/lib:/home/agilex/limo_ros2_ws/install/dwb_msgs/lib:/home/agilex/limo_ros2_ws/install/nav2_waypoint_follower/lib:/home/agilex/limo_ros2_ws/install/nav2_regulated_pure_pursuit_controller/lib:/home/agilex/limo_ros2_ws/install/nav2_recoveries/lib:/home/agilex/limo_ros2_ws/install/nav2_planner/lib:/home/agilex/limo_ros2_ws/install/nav2_navfn_planner/lib:/home/agilex/limo_ros2_ws/install/costmap_queue/lib:/home/agilex/limo_ros2_ws/install/costmap_converter/lib:/home/agilex/limo_ros2_ws/install/nav2_costmap_2d/lib:/home/agilex/limo_ros2_ws/install/nav2_voxel_grid/lib:/home/agilex/limo_ros2_ws/install/nav2_rviz_plugins/lib:/home/agilex/limo_ros2_ws/install/nav2_map_server/lib:/home/agilex/limo_ros2_ws/install/nav2_lifecycle_manager/lib:/home/agilex/limo_ros2_ws/install/nav2_bt_navigator/lib:/home/agilex/limo_ros2_ws/install/nav2_behavior_tree/lib:/home/agilex/limo_ros2_ws/install/nav2_amcl/lib:/home/agilex/limo_ros2_ws/install/nav2_util/lib:/home/agilex/limo_ros2_ws/install/nav2_msgs/lib:/home/agilex/limo_ros2_ws/install/limo_msgs/lib:/home/agilex/limo_ros2_ws/install/libuvc/lib:/home/agilex/limo_ros2_ws/install/glog/lib:/home/agilex/limo_ros2_ws/install/costmap_converter_msgs/lib:/home/agilex/limo_ros2_ws/install/astra_camera_msgs/lib:/usr/lib/aarch64-linux-gnu/gazebo-11/plugins:/opt/ros/foxy/opt/yaml_cpp_vendor/lib:/opt/ros/foxy/opt/rviz_ogre_vendor/lib:/opt/ros/foxy/lib/aarch64-linux-gnu:/opt/ros/foxy/lib PYTHONPATH=/home/agilex/limo_ros2_ws/install/nav_2d_msgs/lib/python3.8/site-packages:/home/agilex/limo_ros2_ws/install/teb_msgs/lib/python3.8/site-packages:/home/agilex/limo_ros2_ws/install/dwb_msgs/lib/python3.8/site-packages:/home/agilex/limo_ros2_ws/install/nav2_msgs/lib/python3.8/site-packages:/home/agilex/limo_ros2_ws/install/nav2_gazebo_spawner/lib/python3.8/site-packages:/home/agilex/limo_ros2_ws/install/nav2_common/lib/python3.8/site-packages:/home/agilex/limo_ros2_ws/install/limo_msgs/lib/python3.8/site-packages:/home/agilex/limo_ros2_ws/install/costmap_converter_msgs/lib/python3.8/site-packages:/home/agilex/limo_ros2_ws/install/astra_camera_msgs/lib/python3.8/site-packages:/opt/ros/foxy/lib/python3.8/site-packages /usr/bin/cmake --install /home/agilex/limo_ros2_ws/build/dwb_msgs
