[0.104s] Invoking command in '/home/agilex/limo_ros2_ws/build/nav2_behavior_tree': CMAKE_PREFIX_PATH=/home/agilex/limo_ros2_ws/install/nav2_util:/home/agilex/limo_ros2_ws/install/nav2_msgs:/home/agilex/limo_ros2_ws/install/nav2_common:/home/agilex/limo_ros2_ws/install/ydlidar_sdk:/home/agilex/limo_ros2_ws/install/ydlidar_ros2_driver:/home/agilex/limo_ros2_ws/install/teb_local_planner:/home/agilex/limo_ros2_ws/install/teb_msgs:/home/agilex/limo_ros2_ws/install/nav2_system_tests:/home/agilex/limo_ros2_ws/install/nav2_bringup:/home/agilex/limo_ros2_ws/install/navigation2:/home/agilex/limo_ros2_ws/install/smac_planner:/home/agilex/limo_ros2_ws/install/rf2o_laser_odometry:/home/agilex/limo_ros2_ws/install/orbbec_description:/home/agilex/limo_ros2_ws/install/orbbec_camera:/home/agilex/limo_ros2_ws/install/orbbec_camera_msgs:/home/agilex/limo_ros2_ws/install/nav2_dwb_controller:/home/agilex/limo_ros2_ws/install/nav2_controller:/home/agilex/limo_ros2_ws/install/dwb_plugins:/home/agilex/limo_ros2_ws/install/dwb_critics:/home/agilex/limo_ros2_ws/install/dwb_core:/home/agilex/limo_ros2_ws/install/nav_2d_utils:/home/agilex/limo_ros2_ws/install/dwb_msgs:/home/agilex/limo_ros2_ws/install/nav_2d_msgs:/home/agilex/limo_ros2_ws/install/nav2_waypoint_follower:/home/agilex/limo_ros2_ws/install/nav2_regulated_pure_pursuit_controller:/home/agilex/limo_ros2_ws/install/nav2_recoveries:/home/agilex/limo_ros2_ws/install/nav2_planner:/home/agilex/limo_ros2_ws/install/nav2_navfn_planner:/home/agilex/limo_ros2_ws/install/nav2_core:/home/agilex/limo_ros2_ws/install/costmap_queue:/home/agilex/limo_ros2_ws/install/costmap_converter:/home/agilex/limo_ros2_ws/install/nav2_costmap_2d:/home/agilex/limo_ros2_ws/install/nav2_voxel_grid:/home/agilex/limo_ros2_ws/install/nav2_rviz_plugins:/home/agilex/limo_ros2_ws/install/nav2_map_server:/home/agilex/limo_ros2_ws/install/nav2_lifecycle_manager:/home/agilex/limo_ros2_ws/install/nav2_bt_navigator:/home/agilex/limo_ros2_ws/install/nav2_behavior_tree:/home/agilex/limo_ros2_ws/install/nav2_amcl:/home/agilex/limo_ros2_ws/install/magic_enum:/home/agilex/limo_ros2_ws/install/limo_visions:/home/agilex/limo_ros2_ws/install/limo_bringup:/home/agilex/limo_ros2_ws/install/limo_base:/home/agilex/limo_ros2_ws/install/limo_msgs:/home/agilex/limo_ros2_ws/install/limo_description:/home/agilex/limo_ros2_ws/install/libuvc:/home/agilex/limo_ros2_ws/install/glog:/home/agilex/limo_ros2_ws/install/costmap_converter_msgs:/home/agilex/limo_ros2_ws/install/astra_camera_msgs:/home/agilex/limo_ros2_ws/install/nav2_gazebo_spawner:/opt/ros/foxy LD_LIBRARY_PATH=/home/agilex/limo_ros2_ws/install/nav2_util/lib:/home/agilex/limo_ros2_ws/install/nav2_msgs/lib:/home/agilex/limo_ros2_ws/install/teb_local_planner/lib:/home/agilex/limo_ros2_ws/install/teb_msgs/lib:/home/agilex/limo_ros2_ws/install/smac_planner/lib:/home/agilex/limo_ros2_ws/install/orbbec_camera/lib:/home/agilex/limo_ros2_ws/install/orbbec_camera_msgs/lib:/home/agilex/limo_ros2_ws/install/nav2_controller/lib:/home/agilex/limo_ros2_ws/install/dwb_plugins/lib:/home/agilex/limo_ros2_ws/install/dwb_critics/lib:/home/agilex/limo_ros2_ws/install/dwb_core/lib:/home/agilex/limo_ros2_ws/install/nav_2d_utils/lib:/home/agilex/limo_ros2_ws/install/dwb_msgs/lib:/home/agilex/limo_ros2_ws/install/nav_2d_msgs/lib:/home/agilex/limo_ros2_ws/install/nav2_waypoint_follower/lib:/home/agilex/limo_ros2_ws/install/nav2_regulated_pure_pursuit_controller/lib:/home/agilex/limo_ros2_ws/install/nav2_recoveries/lib:/home/agilex/limo_ros2_ws/install/nav2_planner/lib:/home/agilex/limo_ros2_ws/install/nav2_navfn_planner/lib:/home/agilex/limo_ros2_ws/install/costmap_queue/lib:/home/agilex/limo_ros2_ws/install/costmap_converter/lib:/home/agilex/limo_ros2_ws/install/nav2_costmap_2d/lib:/home/agilex/limo_ros2_ws/install/nav2_voxel_grid/lib:/home/agilex/limo_ros2_ws/install/nav2_rviz_plugins/lib:/home/agilex/limo_ros2_ws/install/nav2_map_server/lib:/home/agilex/limo_ros2_ws/install/nav2_lifecycle_manager/lib:/home/agilex/limo_ros2_ws/install/nav2_bt_navigator/lib:/home/agilex/limo_ros2_ws/install/nav2_behavior_tree/lib:/home/agilex/limo_ros2_ws/install/nav2_amcl/lib:/home/agilex/limo_ros2_ws/install/limo_msgs/lib:/home/agilex/limo_ros2_ws/install/libuvc/lib:/home/agilex/limo_ros2_ws/install/glog/lib:/home/agilex/limo_ros2_ws/install/costmap_converter_msgs/lib:/home/agilex/limo_ros2_ws/install/astra_camera_msgs/lib:/usr/lib/aarch64-linux-gnu/gazebo-11/plugins:/opt/ros/foxy/opt/yaml_cpp_vendor/lib:/opt/ros/foxy/opt/rviz_ogre_vendor/lib:/opt/ros/foxy/lib/aarch64-linux-gnu:/opt/ros/foxy/lib PYTHONPATH=/home/agilex/limo_ros2_ws/install/nav2_msgs/lib/python3.8/site-packages:/home/agilex/limo_ros2_ws/install/nav2_common/lib/python3.8/site-packages:/home/agilex/limo_ros2_ws/install/teb_msgs/lib/python3.8/site-packages:/home/agilex/limo_ros2_ws/install/orbbec_camera_msgs/lib/python3.8/site-packages:/home/agilex/limo_ros2_ws/install/dwb_msgs/lib/python3.8/site-packages:/home/agilex/limo_ros2_ws/install/nav_2d_msgs/lib/python3.8/site-packages:/home/agilex/limo_ros2_ws/install/nav2_gazebo_spawner/lib/python3.8/site-packages:/home/agilex/limo_ros2_ws/install/limo_msgs/lib/python3.8/site-packages:/home/agilex/limo_ros2_ws/install/costmap_converter_msgs/lib/python3.8/site-packages:/home/agilex/limo_ros2_ws/install/astra_camera_msgs/lib/python3.8/site-packages:/opt/ros/foxy/lib/python3.8/site-packages /usr/bin/cmake /home/agilex/limo_ros2_ws/src/navigation2/nav2_behavior_tree -DCMAKE_INSTALL_PREFIX=/home/agilex/limo_ros2_ws/install/nav2_behavior_tree
[0.142s] -- Found ament_cmake: 0.9.12 (/opt/ros/foxy/share/ament_cmake/cmake)
[0.200s] -- Using PYTHON_EXECUTABLE: /usr/bin/python3
[0.664s] -- Found nav2_common: 0.4.7 (/home/agilex/limo_ros2_ws/install/nav2_common/share/nav2_common/cmake)
[0.665s] -- Found rclcpp: 2.4.3 (/opt/ros/foxy/share/rclcpp/cmake)
[0.765s] -- Using all available rosidl_typesupport_c: rosidl_typesupport_fastrtps_c;rosidl_typesupport_introspection_c
[0.772s] -- Found rosidl_adapter: 1.3.1 (/opt/ros/foxy/share/rosidl_adapter/cmake)
[1.077s] -- Using all available rosidl_typesupport_cpp: rosidl_typesupport_fastrtps_cpp;rosidl_typesupport_introspection_cpp
[1.166s] -- Found rmw_implementation_cmake: 1.0.4 (/opt/ros/foxy/share/rmw_implementation_cmake/cmake)
[1.173s] -- Using RMW implementation 'rmw_fastrtps_cpp' as default
[1.441s] -- Found rclcpp_action: 2.4.3 (/opt/ros/foxy/share/rclcpp_action/cmake)
[1.585s] -- Found rclcpp_lifecycle: 2.4.3 (/opt/ros/foxy/share/rclcpp_lifecycle/cmake)
[1.643s] -- Found geometry_msgs: 2.0.5 (/opt/ros/foxy/share/geometry_msgs/cmake)
[1.705s] -- Found sensor_msgs: 2.0.5 (/opt/ros/foxy/share/sensor_msgs/cmake)
[1.836s] -- Found nav2_msgs: 0.4.7 (/home/agilex/limo_ros2_ws/install/nav2_msgs/share/nav2_msgs/cmake)
[2.409s] -- Found tf2_ros: 0.13.14 (/opt/ros/foxy/share/tf2_ros/cmake)
[2.894s] -- Found tf2_geometry_msgs: 0.13.14 (/opt/ros/foxy/share/tf2_geometry_msgs/cmake)
[2.907s] -- Found eigen3_cmake_module: 0.1.1 (/opt/ros/foxy/share/eigen3_cmake_module/cmake)
[2.960s] -- Found std_srvs: 2.0.5 (/opt/ros/foxy/share/std_srvs/cmake)
[2.980s] -- Found nav2_util: 0.4.7 (/home/agilex/limo_ros2_ws/install/nav2_util/share/nav2_util/cmake)
[10.735s] -- Found ament_lint_auto: 0.9.8 (/opt/ros/foxy/share/ament_lint_auto/cmake)
[10.884s] -- Found ament_cmake_gtest: 0.9.12 (/opt/ros/foxy/share/ament_cmake_gtest/cmake)
[10.889s] -- Found gtest sources under '/opt/ros/foxy/src/gtest_vendor': C++ tests using 'Google Test' will be built
[17.267s] -- Added test 'copyright' to check source files copyright and LICENSE
[17.277s] -- Added test 'cppcheck' to perform static code analysis on C / C++ code
[17.282s] -- Configured cppcheck include dirs: /home/agilex/limo_ros2_ws/src/navigation2/nav2_behavior_tree/include
[17.282s] -- Configured cppcheck exclude dirs and/or files: 
[17.290s] -- Added test 'cpplint' to check C / C++ code against the Google style
[17.290s] -- Configured cpplint exclude dirs and/or files: 
[17.294s] -- Added test 'lint_cmake' to check CMake code style
[17.304s] -- Added test 'uncrustify' to check C / C++ code style
[17.304s] -- Configured uncrustify additional arguments: 
[17.305s] -- Added test 'xmllint' to check XML markup files
[17.321s] -- Configuring done
[19.612s] -- Generating done
[19.631s] -- Build files have been written to: /home/agilex/limo_ros2_ws/build/nav2_behavior_tree
[19.690s] Invoked command in '/home/agilex/limo_ros2_ws/build/nav2_behavior_tree' returned '0': CMAKE_PREFIX_PATH=/home/agilex/limo_ros2_ws/install/nav2_util:/home/agilex/limo_ros2_ws/install/nav2_msgs:/home/agilex/limo_ros2_ws/install/nav2_common:/home/agilex/limo_ros2_ws/install/ydlidar_sdk:/home/agilex/limo_ros2_ws/install/ydlidar_ros2_driver:/home/agilex/limo_ros2_ws/install/teb_local_planner:/home/agilex/limo_ros2_ws/install/teb_msgs:/home/agilex/limo_ros2_ws/install/nav2_system_tests:/home/agilex/limo_ros2_ws/install/nav2_bringup:/home/agilex/limo_ros2_ws/install/navigation2:/home/agilex/limo_ros2_ws/install/smac_planner:/home/agilex/limo_ros2_ws/install/rf2o_laser_odometry:/home/agilex/limo_ros2_ws/install/orbbec_description:/home/agilex/limo_ros2_ws/install/orbbec_camera:/home/agilex/limo_ros2_ws/install/orbbec_camera_msgs:/home/agilex/limo_ros2_ws/install/nav2_dwb_controller:/home/agilex/limo_ros2_ws/install/nav2_controller:/home/agilex/limo_ros2_ws/install/dwb_plugins:/home/agilex/limo_ros2_ws/install/dwb_critics:/home/agilex/limo_ros2_ws/install/dwb_core:/home/agilex/limo_ros2_ws/install/nav_2d_utils:/home/agilex/limo_ros2_ws/install/dwb_msgs:/home/agilex/limo_ros2_ws/install/nav_2d_msgs:/home/agilex/limo_ros2_ws/install/nav2_waypoint_follower:/home/agilex/limo_ros2_ws/install/nav2_regulated_pure_pursuit_controller:/home/agilex/limo_ros2_ws/install/nav2_recoveries:/home/agilex/limo_ros2_ws/install/nav2_planner:/home/agilex/limo_ros2_ws/install/nav2_navfn_planner:/home/agilex/limo_ros2_ws/install/nav2_core:/home/agilex/limo_ros2_ws/install/costmap_queue:/home/agilex/limo_ros2_ws/install/costmap_converter:/home/agilex/limo_ros2_ws/install/nav2_costmap_2d:/home/agilex/limo_ros2_ws/install/nav2_voxel_grid:/home/agilex/limo_ros2_ws/install/nav2_rviz_plugins:/home/agilex/limo_ros2_ws/install/nav2_map_server:/home/agilex/limo_ros2_ws/install/nav2_lifecycle_manager:/home/agilex/limo_ros2_ws/install/nav2_bt_navigator:/home/agilex/limo_ros2_ws/install/nav2_behavior_tree:/home/agilex/limo_ros2_ws/install/nav2_amcl:/home/agilex/limo_ros2_ws/install/magic_enum:/home/agilex/limo_ros2_ws/install/limo_visions:/home/agilex/limo_ros2_ws/install/limo_bringup:/home/agilex/limo_ros2_ws/install/limo_base:/home/agilex/limo_ros2_ws/install/limo_msgs:/home/agilex/limo_ros2_ws/install/limo_description:/home/agilex/limo_ros2_ws/install/libuvc:/home/agilex/limo_ros2_ws/install/glog:/home/agilex/limo_ros2_ws/install/costmap_converter_msgs:/home/agilex/limo_ros2_ws/install/astra_camera_msgs:/home/agilex/limo_ros2_ws/install/nav2_gazebo_spawner:/opt/ros/foxy LD_LIBRARY_PATH=/home/agilex/limo_ros2_ws/install/nav2_util/lib:/home/agilex/limo_ros2_ws/install/nav2_msgs/lib:/home/agilex/limo_ros2_ws/install/teb_local_planner/lib:/home/agilex/limo_ros2_ws/install/teb_msgs/lib:/home/agilex/limo_ros2_ws/install/smac_planner/lib:/home/agilex/limo_ros2_ws/install/orbbec_camera/lib:/home/agilex/limo_ros2_ws/install/orbbec_camera_msgs/lib:/home/agilex/limo_ros2_ws/install/nav2_controller/lib:/home/agilex/limo_ros2_ws/install/dwb_plugins/lib:/home/agilex/limo_ros2_ws/install/dwb_critics/lib:/home/agilex/limo_ros2_ws/install/dwb_core/lib:/home/agilex/limo_ros2_ws/install/nav_2d_utils/lib:/home/agilex/limo_ros2_ws/install/dwb_msgs/lib:/home/agilex/limo_ros2_ws/install/nav_2d_msgs/lib:/home/agilex/limo_ros2_ws/install/nav2_waypoint_follower/lib:/home/agilex/limo_ros2_ws/install/nav2_regulated_pure_pursuit_controller/lib:/home/agilex/limo_ros2_ws/install/nav2_recoveries/lib:/home/agilex/limo_ros2_ws/install/nav2_planner/lib:/home/agilex/limo_ros2_ws/install/nav2_navfn_planner/lib:/home/agilex/limo_ros2_ws/install/costmap_queue/lib:/home/agilex/limo_ros2_ws/install/costmap_converter/lib:/home/agilex/limo_ros2_ws/install/nav2_costmap_2d/lib:/home/agilex/limo_ros2_ws/install/nav2_voxel_grid/lib:/home/agilex/limo_ros2_ws/install/nav2_rviz_plugins/lib:/home/agilex/limo_ros2_ws/install/nav2_map_server/lib:/home/agilex/limo_ros2_ws/install/nav2_lifecycle_manager/lib:/home/agilex/limo_ros2_ws/install/nav2_bt_navigator/lib:/home/agilex/limo_ros2_ws/install/nav2_behavior_tree/lib:/home/agilex/limo_ros2_ws/install/nav2_amcl/lib:/home/agilex/limo_ros2_ws/install/limo_msgs/lib:/home/agilex/limo_ros2_ws/install/libuvc/lib:/home/agilex/limo_ros2_ws/install/glog/lib:/home/agilex/limo_ros2_ws/install/costmap_converter_msgs/lib:/home/agilex/limo_ros2_ws/install/astra_camera_msgs/lib:/usr/lib/aarch64-linux-gnu/gazebo-11/plugins:/opt/ros/foxy/opt/yaml_cpp_vendor/lib:/opt/ros/foxy/opt/rviz_ogre_vendor/lib:/opt/ros/foxy/lib/aarch64-linux-gnu:/opt/ros/foxy/lib PYTHONPATH=/home/agilex/limo_ros2_ws/install/nav2_msgs/lib/python3.8/site-packages:/home/agilex/limo_ros2_ws/install/nav2_common/lib/python3.8/site-packages:/home/agilex/limo_ros2_ws/install/teb_msgs/lib/python3.8/site-packages:/home/agilex/limo_ros2_ws/install/orbbec_camera_msgs/lib/python3.8/site-packages:/home/agilex/limo_ros2_ws/install/dwb_msgs/lib/python3.8/site-packages:/home/agilex/limo_ros2_ws/install/nav_2d_msgs/lib/python3.8/site-packages:/home/agilex/limo_ros2_ws/install/nav2_gazebo_spawner/lib/python3.8/site-packages:/home/agilex/limo_ros2_ws/install/limo_msgs/lib/python3.8/site-packages:/home/agilex/limo_ros2_ws/install/costmap_converter_msgs/lib/python3.8/site-packages:/home/agilex/limo_ros2_ws/install/astra_camera_msgs/lib/python3.8/site-packages:/opt/ros/foxy/lib/python3.8/site-packages /usr/bin/cmake /home/agilex/limo_ros2_ws/src/navigation2/nav2_behavior_tree -DCMAKE_INSTALL_PREFIX=/home/agilex/limo_ros2_ws/install/nav2_behavior_tree
[19.699s] Invoking command in '/home/agilex/limo_ros2_ws/build/nav2_behavior_tree': CMAKE_PREFIX_PATH=/home/agilex/limo_ros2_ws/install/nav2_util:/home/agilex/limo_ros2_ws/install/nav2_msgs:/home/agilex/limo_ros2_ws/install/nav2_common:/home/agilex/limo_ros2_ws/install/ydlidar_sdk:/home/agilex/limo_ros2_ws/install/ydlidar_ros2_driver:/home/agilex/limo_ros2_ws/install/teb_local_planner:/home/agilex/limo_ros2_ws/install/teb_msgs:/home/agilex/limo_ros2_ws/install/nav2_system_tests:/home/agilex/limo_ros2_ws/install/nav2_bringup:/home/agilex/limo_ros2_ws/install/navigation2:/home/agilex/limo_ros2_ws/install/smac_planner:/home/agilex/limo_ros2_ws/install/rf2o_laser_odometry:/home/agilex/limo_ros2_ws/install/orbbec_description:/home/agilex/limo_ros2_ws/install/orbbec_camera:/home/agilex/limo_ros2_ws/install/orbbec_camera_msgs:/home/agilex/limo_ros2_ws/install/nav2_dwb_controller:/home/agilex/limo_ros2_ws/install/nav2_controller:/home/agilex/limo_ros2_ws/install/dwb_plugins:/home/agilex/limo_ros2_ws/install/dwb_critics:/home/agilex/limo_ros2_ws/install/dwb_core:/home/agilex/limo_ros2_ws/install/nav_2d_utils:/home/agilex/limo_ros2_ws/install/dwb_msgs:/home/agilex/limo_ros2_ws/install/nav_2d_msgs:/home/agilex/limo_ros2_ws/install/nav2_waypoint_follower:/home/agilex/limo_ros2_ws/install/nav2_regulated_pure_pursuit_controller:/home/agilex/limo_ros2_ws/install/nav2_recoveries:/home/agilex/limo_ros2_ws/install/nav2_planner:/home/agilex/limo_ros2_ws/install/nav2_navfn_planner:/home/agilex/limo_ros2_ws/install/nav2_core:/home/agilex/limo_ros2_ws/install/costmap_queue:/home/agilex/limo_ros2_ws/install/costmap_converter:/home/agilex/limo_ros2_ws/install/nav2_costmap_2d:/home/agilex/limo_ros2_ws/install/nav2_voxel_grid:/home/agilex/limo_ros2_ws/install/nav2_rviz_plugins:/home/agilex/limo_ros2_ws/install/nav2_map_server:/home/agilex/limo_ros2_ws/install/nav2_lifecycle_manager:/home/agilex/limo_ros2_ws/install/nav2_bt_navigator:/home/agilex/limo_ros2_ws/install/nav2_behavior_tree:/home/agilex/limo_ros2_ws/install/nav2_amcl:/home/agilex/limo_ros2_ws/install/magic_enum:/home/agilex/limo_ros2_ws/install/limo_visions:/home/agilex/limo_ros2_ws/install/limo_bringup:/home/agilex/limo_ros2_ws/install/limo_base:/home/agilex/limo_ros2_ws/install/limo_msgs:/home/agilex/limo_ros2_ws/install/limo_description:/home/agilex/limo_ros2_ws/install/libuvc:/home/agilex/limo_ros2_ws/install/glog:/home/agilex/limo_ros2_ws/install/costmap_converter_msgs:/home/agilex/limo_ros2_ws/install/astra_camera_msgs:/home/agilex/limo_ros2_ws/install/nav2_gazebo_spawner:/opt/ros/foxy LD_LIBRARY_PATH=/home/agilex/limo_ros2_ws/install/nav2_util/lib:/home/agilex/limo_ros2_ws/install/nav2_msgs/lib:/home/agilex/limo_ros2_ws/install/teb_local_planner/lib:/home/agilex/limo_ros2_ws/install/teb_msgs/lib:/home/agilex/limo_ros2_ws/install/smac_planner/lib:/home/agilex/limo_ros2_ws/install/orbbec_camera/lib:/home/agilex/limo_ros2_ws/install/orbbec_camera_msgs/lib:/home/agilex/limo_ros2_ws/install/nav2_controller/lib:/home/agilex/limo_ros2_ws/install/dwb_plugins/lib:/home/agilex/limo_ros2_ws/install/dwb_critics/lib:/home/agilex/limo_ros2_ws/install/dwb_core/lib:/home/agilex/limo_ros2_ws/install/nav_2d_utils/lib:/home/agilex/limo_ros2_ws/install/dwb_msgs/lib:/home/agilex/limo_ros2_ws/install/nav_2d_msgs/lib:/home/agilex/limo_ros2_ws/install/nav2_waypoint_follower/lib:/home/agilex/limo_ros2_ws/install/nav2_regulated_pure_pursuit_controller/lib:/home/agilex/limo_ros2_ws/install/nav2_recoveries/lib:/home/agilex/limo_ros2_ws/install/nav2_planner/lib:/home/agilex/limo_ros2_ws/install/nav2_navfn_planner/lib:/home/agilex/limo_ros2_ws/install/costmap_queue/lib:/home/agilex/limo_ros2_ws/install/costmap_converter/lib:/home/agilex/limo_ros2_ws/install/nav2_costmap_2d/lib:/home/agilex/limo_ros2_ws/install/nav2_voxel_grid/lib:/home/agilex/limo_ros2_ws/install/nav2_rviz_plugins/lib:/home/agilex/limo_ros2_ws/install/nav2_map_server/lib:/home/agilex/limo_ros2_ws/install/nav2_lifecycle_manager/lib:/home/agilex/limo_ros2_ws/install/nav2_bt_navigator/lib:/home/agilex/limo_ros2_ws/install/nav2_behavior_tree/lib:/home/agilex/limo_ros2_ws/install/nav2_amcl/lib:/home/agilex/limo_ros2_ws/install/limo_msgs/lib:/home/agilex/limo_ros2_ws/install/libuvc/lib:/home/agilex/limo_ros2_ws/install/glog/lib:/home/agilex/limo_ros2_ws/install/costmap_converter_msgs/lib:/home/agilex/limo_ros2_ws/install/astra_camera_msgs/lib:/usr/lib/aarch64-linux-gnu/gazebo-11/plugins:/opt/ros/foxy/opt/yaml_cpp_vendor/lib:/opt/ros/foxy/opt/rviz_ogre_vendor/lib:/opt/ros/foxy/lib/aarch64-linux-gnu:/opt/ros/foxy/lib PYTHONPATH=/home/agilex/limo_ros2_ws/install/nav2_msgs/lib/python3.8/site-packages:/home/agilex/limo_ros2_ws/install/nav2_common/lib/python3.8/site-packages:/home/agilex/limo_ros2_ws/install/teb_msgs/lib/python3.8/site-packages:/home/agilex/limo_ros2_ws/install/orbbec_camera_msgs/lib/python3.8/site-packages:/home/agilex/limo_ros2_ws/install/dwb_msgs/lib/python3.8/site-packages:/home/agilex/limo_ros2_ws/install/nav_2d_msgs/lib/python3.8/site-packages:/home/agilex/limo_ros2_ws/install/nav2_gazebo_spawner/lib/python3.8/site-packages:/home/agilex/limo_ros2_ws/install/limo_msgs/lib/python3.8/site-packages:/home/agilex/limo_ros2_ws/install/costmap_converter_msgs/lib/python3.8/site-packages:/home/agilex/limo_ros2_ws/install/astra_camera_msgs/lib/python3.8/site-packages:/opt/ros/foxy/lib/python3.8/site-packages /usr/bin/cmake --build /home/agilex/limo_ros2_ws/build/nav2_behavior_tree -- -j6 -l6
[19.925s] [  2%] Built target nav2_pipeline_sequence_bt_node
[19.960s] [  4%] Built target nav2_compute_path_to_pose_action_bt_node
[19.961s] [  6%] Built target nav2_wait_action_bt_node
[19.965s] [  8%] Built target nav2_goal_updated_condition_bt_node
[19.982s] [ 10%] Built target nav2_spin_action_bt_node
[20.002s] [ 12%] Built target nav2_transform_available_condition_bt_node
[20.139s] [ 14%] Built target nav2_is_stuck_condition_bt_node
[20.154s] [ 16%] Built target nav2_behavior_tree
[20.166s] [ 18%] Built target nav2_follow_path_action_bt_node
[20.172s] [ 20%] Built target nav2_goal_updater_node_bt_node
[20.186s] [ 22%] Built target nav2_initial_pose_received_condition_bt_node
[20.197s] [ 24%] Built target nav2_goal_reached_condition_bt_node
[20.314s] [ 26%] Built target nav2_time_expired_condition_bt_node
[20.341s] [ 28%] Built target nav2_reinitialize_global_localization_service_bt_node
[20.349s] [ 30%] Built target nav2_is_battery_low_condition_bt_node
[20.350s] [ 32%] Built target nav2_distance_traveled_condition_bt_node
[20.378s] [ 34%] Built target nav2_rate_controller_bt_node
[20.380s] [ 36%] Built target nav2_distance_controller_bt_node
[20.507s] [ 38%] Built target nav2_round_robin_node_bt_node
[20.522s] [ 40%] Built target nav2_speed_controller_bt_node
[20.524s] [ 42%] Built target nav2_clear_costmap_service_bt_node
[20.544s] [ 44%] Built target nav2_navigate_to_pose_action_bt_node
[20.557s] [ 46%] Built target nav2_truncate_path_action_bt_node
[20.586s] [ 48%] Built target nav2_back_up_action_bt_node
[20.605s] [ 51%] Built target nav2_recovery_node_bt_node
[20.619s] [ 53%] Built target gtest
[20.641s] [ 55%] Built target gtest_main
[20.768s] [ 57%] Built target test_bt_conversions
[20.811s] [ 59%] Built target test_condition_time_expired
[20.818s] [ 61%] Built target test_condition_goal_updated
[20.822s] [ 63%] Built target test_condition_distance_traveled
[20.858s] [ 65%] Built target test_condition_initial_pose_received
[20.868s] [ 67%] Built target test_condition_is_battery_low
[20.945s] [ 69%] Built target test_condition_transform_available
[20.992s] [ 71%] Built target test_goal_updater_node
[21.009s] [ 73%] Built target test_condition_is_stuck
[21.021s] [ 75%] Built target test_condition_goal_reached
[21.043s] [ 77%] Built target test_decorator_speed_controller
[21.047s] [ 79%] Built target test_decorator_rate_controller
[21.082s] [ 81%] Built target test_decorator_distance_controller
[21.171s] [ 83%] Built target test_control_pipeline_sequence
[21.194s] [ 85%] Built target test_control_round_robin_node
[21.208s] [ 87%] Built target test_action_navigate_to_pose_action
[21.211s] [ 89%] Built target test_control_recovery_node
[21.228s] [ 91%] Built target test_truncate_path_action
[21.261s] [ 93%] Built target test_action_follow_path_action
[21.299s] [ 95%] Built target test_action_compute_path_to_pose_action
[21.328s] [ 97%] Built target test_action_clear_costmap_service
[21.354s] [100%] Built target test_action_reinitialize_global_localization_service
[21.412s] Invoked command in '/home/agilex/limo_ros2_ws/build/nav2_behavior_tree' returned '0': CMAKE_PREFIX_PATH=/home/agilex/limo_ros2_ws/install/nav2_util:/home/agilex/limo_ros2_ws/install/nav2_msgs:/home/agilex/limo_ros2_ws/install/nav2_common:/home/agilex/limo_ros2_ws/install/ydlidar_sdk:/home/agilex/limo_ros2_ws/install/ydlidar_ros2_driver:/home/agilex/limo_ros2_ws/install/teb_local_planner:/home/agilex/limo_ros2_ws/install/teb_msgs:/home/agilex/limo_ros2_ws/install/nav2_system_tests:/home/agilex/limo_ros2_ws/install/nav2_bringup:/home/agilex/limo_ros2_ws/install/navigation2:/home/agilex/limo_ros2_ws/install/smac_planner:/home/agilex/limo_ros2_ws/install/rf2o_laser_odometry:/home/agilex/limo_ros2_ws/install/orbbec_description:/home/agilex/limo_ros2_ws/install/orbbec_camera:/home/agilex/limo_ros2_ws/install/orbbec_camera_msgs:/home/agilex/limo_ros2_ws/install/nav2_dwb_controller:/home/agilex/limo_ros2_ws/install/nav2_controller:/home/agilex/limo_ros2_ws/install/dwb_plugins:/home/agilex/limo_ros2_ws/install/dwb_critics:/home/agilex/limo_ros2_ws/install/dwb_core:/home/agilex/limo_ros2_ws/install/nav_2d_utils:/home/agilex/limo_ros2_ws/install/dwb_msgs:/home/agilex/limo_ros2_ws/install/nav_2d_msgs:/home/agilex/limo_ros2_ws/install/nav2_waypoint_follower:/home/agilex/limo_ros2_ws/install/nav2_regulated_pure_pursuit_controller:/home/agilex/limo_ros2_ws/install/nav2_recoveries:/home/agilex/limo_ros2_ws/install/nav2_planner:/home/agilex/limo_ros2_ws/install/nav2_navfn_planner:/home/agilex/limo_ros2_ws/install/nav2_core:/home/agilex/limo_ros2_ws/install/costmap_queue:/home/agilex/limo_ros2_ws/install/costmap_converter:/home/agilex/limo_ros2_ws/install/nav2_costmap_2d:/home/agilex/limo_ros2_ws/install/nav2_voxel_grid:/home/agilex/limo_ros2_ws/install/nav2_rviz_plugins:/home/agilex/limo_ros2_ws/install/nav2_map_server:/home/agilex/limo_ros2_ws/install/nav2_lifecycle_manager:/home/agilex/limo_ros2_ws/install/nav2_bt_navigator:/home/agilex/limo_ros2_ws/install/nav2_behavior_tree:/home/agilex/limo_ros2_ws/install/nav2_amcl:/home/agilex/limo_ros2_ws/install/magic_enum:/home/agilex/limo_ros2_ws/install/limo_visions:/home/agilex/limo_ros2_ws/install/limo_bringup:/home/agilex/limo_ros2_ws/install/limo_base:/home/agilex/limo_ros2_ws/install/limo_msgs:/home/agilex/limo_ros2_ws/install/limo_description:/home/agilex/limo_ros2_ws/install/libuvc:/home/agilex/limo_ros2_ws/install/glog:/home/agilex/limo_ros2_ws/install/costmap_converter_msgs:/home/agilex/limo_ros2_ws/install/astra_camera_msgs:/home/agilex/limo_ros2_ws/install/nav2_gazebo_spawner:/opt/ros/foxy LD_LIBRARY_PATH=/home/agilex/limo_ros2_ws/install/nav2_util/lib:/home/agilex/limo_ros2_ws/install/nav2_msgs/lib:/home/agilex/limo_ros2_ws/install/teb_local_planner/lib:/home/agilex/limo_ros2_ws/install/teb_msgs/lib:/home/agilex/limo_ros2_ws/install/smac_planner/lib:/home/agilex/limo_ros2_ws/install/orbbec_camera/lib:/home/agilex/limo_ros2_ws/install/orbbec_camera_msgs/lib:/home/agilex/limo_ros2_ws/install/nav2_controller/lib:/home/agilex/limo_ros2_ws/install/dwb_plugins/lib:/home/agilex/limo_ros2_ws/install/dwb_critics/lib:/home/agilex/limo_ros2_ws/install/dwb_core/lib:/home/agilex/limo_ros2_ws/install/nav_2d_utils/lib:/home/agilex/limo_ros2_ws/install/dwb_msgs/lib:/home/agilex/limo_ros2_ws/install/nav_2d_msgs/lib:/home/agilex/limo_ros2_ws/install/nav2_waypoint_follower/lib:/home/agilex/limo_ros2_ws/install/nav2_regulated_pure_pursuit_controller/lib:/home/agilex/limo_ros2_ws/install/nav2_recoveries/lib:/home/agilex/limo_ros2_ws/install/nav2_planner/lib:/home/agilex/limo_ros2_ws/install/nav2_navfn_planner/lib:/home/agilex/limo_ros2_ws/install/costmap_queue/lib:/home/agilex/limo_ros2_ws/install/costmap_converter/lib:/home/agilex/limo_ros2_ws/install/nav2_costmap_2d/lib:/home/agilex/limo_ros2_ws/install/nav2_voxel_grid/lib:/home/agilex/limo_ros2_ws/install/nav2_rviz_plugins/lib:/home/agilex/limo_ros2_ws/install/nav2_map_server/lib:/home/agilex/limo_ros2_ws/install/nav2_lifecycle_manager/lib:/home/agilex/limo_ros2_ws/install/nav2_bt_navigator/lib:/home/agilex/limo_ros2_ws/install/nav2_behavior_tree/lib:/home/agilex/limo_ros2_ws/install/nav2_amcl/lib:/home/agilex/limo_ros2_ws/install/limo_msgs/lib:/home/agilex/limo_ros2_ws/install/libuvc/lib:/home/agilex/limo_ros2_ws/install/glog/lib:/home/agilex/limo_ros2_ws/install/costmap_converter_msgs/lib:/home/agilex/limo_ros2_ws/install/astra_camera_msgs/lib:/usr/lib/aarch64-linux-gnu/gazebo-11/plugins:/opt/ros/foxy/opt/yaml_cpp_vendor/lib:/opt/ros/foxy/opt/rviz_ogre_vendor/lib:/opt/ros/foxy/lib/aarch64-linux-gnu:/opt/ros/foxy/lib PYTHONPATH=/home/agilex/limo_ros2_ws/install/nav2_msgs/lib/python3.8/site-packages:/home/agilex/limo_ros2_ws/install/nav2_common/lib/python3.8/site-packages:/home/agilex/limo_ros2_ws/install/teb_msgs/lib/python3.8/site-packages:/home/agilex/limo_ros2_ws/install/orbbec_camera_msgs/lib/python3.8/site-packages:/home/agilex/limo_ros2_ws/install/dwb_msgs/lib/python3.8/site-packages:/home/agilex/limo_ros2_ws/install/nav_2d_msgs/lib/python3.8/site-packages:/home/agilex/limo_ros2_ws/install/nav2_gazebo_spawner/lib/python3.8/site-packages:/home/agilex/limo_ros2_ws/install/limo_msgs/lib/python3.8/site-packages:/home/agilex/limo_ros2_ws/install/costmap_converter_msgs/lib/python3.8/site-packages:/home/agilex/limo_ros2_ws/install/astra_camera_msgs/lib/python3.8/site-packages:/opt/ros/foxy/lib/python3.8/site-packages /usr/bin/cmake --build /home/agilex/limo_ros2_ws/build/nav2_behavior_tree -- -j6 -l6
[21.891s] Invoking command in '/home/agilex/limo_ros2_ws/build/nav2_behavior_tree': CMAKE_PREFIX_PATH=/home/agilex/limo_ros2_ws/install/nav2_util:/home/agilex/limo_ros2_ws/install/nav2_msgs:/home/agilex/limo_ros2_ws/install/nav2_common:/home/agilex/limo_ros2_ws/install/ydlidar_sdk:/home/agilex/limo_ros2_ws/install/ydlidar_ros2_driver:/home/agilex/limo_ros2_ws/install/teb_local_planner:/home/agilex/limo_ros2_ws/install/teb_msgs:/home/agilex/limo_ros2_ws/install/nav2_system_tests:/home/agilex/limo_ros2_ws/install/nav2_bringup:/home/agilex/limo_ros2_ws/install/navigation2:/home/agilex/limo_ros2_ws/install/smac_planner:/home/agilex/limo_ros2_ws/install/rf2o_laser_odometry:/home/agilex/limo_ros2_ws/install/orbbec_description:/home/agilex/limo_ros2_ws/install/orbbec_camera:/home/agilex/limo_ros2_ws/install/orbbec_camera_msgs:/home/agilex/limo_ros2_ws/install/nav2_dwb_controller:/home/agilex/limo_ros2_ws/install/nav2_controller:/home/agilex/limo_ros2_ws/install/dwb_plugins:/home/agilex/limo_ros2_ws/install/dwb_critics:/home/agilex/limo_ros2_ws/install/dwb_core:/home/agilex/limo_ros2_ws/install/nav_2d_utils:/home/agilex/limo_ros2_ws/install/dwb_msgs:/home/agilex/limo_ros2_ws/install/nav_2d_msgs:/home/agilex/limo_ros2_ws/install/nav2_waypoint_follower:/home/agilex/limo_ros2_ws/install/nav2_regulated_pure_pursuit_controller:/home/agilex/limo_ros2_ws/install/nav2_recoveries:/home/agilex/limo_ros2_ws/install/nav2_planner:/home/agilex/limo_ros2_ws/install/nav2_navfn_planner:/home/agilex/limo_ros2_ws/install/nav2_core:/home/agilex/limo_ros2_ws/install/costmap_queue:/home/agilex/limo_ros2_ws/install/costmap_converter:/home/agilex/limo_ros2_ws/install/nav2_costmap_2d:/home/agilex/limo_ros2_ws/install/nav2_voxel_grid:/home/agilex/limo_ros2_ws/install/nav2_rviz_plugins:/home/agilex/limo_ros2_ws/install/nav2_map_server:/home/agilex/limo_ros2_ws/install/nav2_lifecycle_manager:/home/agilex/limo_ros2_ws/install/nav2_bt_navigator:/home/agilex/limo_ros2_ws/install/nav2_behavior_tree:/home/agilex/limo_ros2_ws/install/nav2_amcl:/home/agilex/limo_ros2_ws/install/magic_enum:/home/agilex/limo_ros2_ws/install/limo_visions:/home/agilex/limo_ros2_ws/install/limo_bringup:/home/agilex/limo_ros2_ws/install/limo_base:/home/agilex/limo_ros2_ws/install/limo_msgs:/home/agilex/limo_ros2_ws/install/limo_description:/home/agilex/limo_ros2_ws/install/libuvc:/home/agilex/limo_ros2_ws/install/glog:/home/agilex/limo_ros2_ws/install/costmap_converter_msgs:/home/agilex/limo_ros2_ws/install/astra_camera_msgs:/home/agilex/limo_ros2_ws/install/nav2_gazebo_spawner:/opt/ros/foxy LD_LIBRARY_PATH=/home/agilex/limo_ros2_ws/install/nav2_util/lib:/home/agilex/limo_ros2_ws/install/nav2_msgs/lib:/home/agilex/limo_ros2_ws/install/teb_local_planner/lib:/home/agilex/limo_ros2_ws/install/teb_msgs/lib:/home/agilex/limo_ros2_ws/install/smac_planner/lib:/home/agilex/limo_ros2_ws/install/orbbec_camera/lib:/home/agilex/limo_ros2_ws/install/orbbec_camera_msgs/lib:/home/agilex/limo_ros2_ws/install/nav2_controller/lib:/home/agilex/limo_ros2_ws/install/dwb_plugins/lib:/home/agilex/limo_ros2_ws/install/dwb_critics/lib:/home/agilex/limo_ros2_ws/install/dwb_core/lib:/home/agilex/limo_ros2_ws/install/nav_2d_utils/lib:/home/agilex/limo_ros2_ws/install/dwb_msgs/lib:/home/agilex/limo_ros2_ws/install/nav_2d_msgs/lib:/home/agilex/limo_ros2_ws/install/nav2_waypoint_follower/lib:/home/agilex/limo_ros2_ws/install/nav2_regulated_pure_pursuit_controller/lib:/home/agilex/limo_ros2_ws/install/nav2_recoveries/lib:/home/agilex/limo_ros2_ws/install/nav2_planner/lib:/home/agilex/limo_ros2_ws/install/nav2_navfn_planner/lib:/home/agilex/limo_ros2_ws/install/costmap_queue/lib:/home/agilex/limo_ros2_ws/install/costmap_converter/lib:/home/agilex/limo_ros2_ws/install/nav2_costmap_2d/lib:/home/agilex/limo_ros2_ws/install/nav2_voxel_grid/lib:/home/agilex/limo_ros2_ws/install/nav2_rviz_plugins/lib:/home/agilex/limo_ros2_ws/install/nav2_map_server/lib:/home/agilex/limo_ros2_ws/install/nav2_lifecycle_manager/lib:/home/agilex/limo_ros2_ws/install/nav2_bt_navigator/lib:/home/agilex/limo_ros2_ws/install/nav2_behavior_tree/lib:/home/agilex/limo_ros2_ws/install/nav2_amcl/lib:/home/agilex/limo_ros2_ws/install/limo_msgs/lib:/home/agilex/limo_ros2_ws/install/libuvc/lib:/home/agilex/limo_ros2_ws/install/glog/lib:/home/agilex/limo_ros2_ws/install/costmap_converter_msgs/lib:/home/agilex/limo_ros2_ws/install/astra_camera_msgs/lib:/usr/lib/aarch64-linux-gnu/gazebo-11/plugins:/opt/ros/foxy/opt/yaml_cpp_vendor/lib:/opt/ros/foxy/opt/rviz_ogre_vendor/lib:/opt/ros/foxy/lib/aarch64-linux-gnu:/opt/ros/foxy/lib PYTHONPATH=/home/agilex/limo_ros2_ws/install/nav2_msgs/lib/python3.8/site-packages:/home/agilex/limo_ros2_ws/install/nav2_common/lib/python3.8/site-packages:/home/agilex/limo_ros2_ws/install/teb_msgs/lib/python3.8/site-packages:/home/agilex/limo_ros2_ws/install/orbbec_camera_msgs/lib/python3.8/site-packages:/home/agilex/limo_ros2_ws/install/dwb_msgs/lib/python3.8/site-packages:/home/agilex/limo_ros2_ws/install/nav_2d_msgs/lib/python3.8/site-packages:/home/agilex/limo_ros2_ws/install/nav2_gazebo_spawner/lib/python3.8/site-packages:/home/agilex/limo_ros2_ws/install/limo_msgs/lib/python3.8/site-packages:/home/agilex/limo_ros2_ws/install/costmap_converter_msgs/lib/python3.8/site-packages:/home/agilex/limo_ros2_ws/install/astra_camera_msgs/lib/python3.8/site-packages:/opt/ros/foxy/lib/python3.8/site-packages /usr/bin/cmake --install /home/agilex/limo_ros2_ws/build/nav2_behavior_tree
[22.650s] -- Install configuration: "Release"
[22.650s] -- Up-to-date: /home/agilex/limo_ros2_ws/install/nav2_behavior_tree/lib/libnav2_behavior_tree.so
[22.650s] -- Up-to-date: /home/agilex/limo_ros2_ws/install/nav2_behavior_tree/lib/libnav2_compute_path_to_pose_action_bt_node.so
[22.651s] -- Up-to-date: /home/agilex/limo_ros2_ws/install/nav2_behavior_tree/lib/libnav2_follow_path_action_bt_node.so
[22.651s] -- Up-to-date: /home/agilex/limo_ros2_ws/install/nav2_behavior_tree/lib/libnav2_back_up_action_bt_node.so
[22.651s] -- Up-to-date: /home/agilex/limo_ros2_ws/install/nav2_behavior_tree/lib/libnav2_spin_action_bt_node.so
[22.652s] -- Up-to-date: /home/agilex/limo_ros2_ws/install/nav2_behavior_tree/lib/libnav2_wait_action_bt_node.so
[22.652s] -- Up-to-date: /home/agilex/limo_ros2_ws/install/nav2_behavior_tree/lib/libnav2_clear_costmap_service_bt_node.so
[22.652s] -- Up-to-date: /home/agilex/limo_ros2_ws/install/nav2_behavior_tree/lib/libnav2_is_stuck_condition_bt_node.so
[22.652s] -- Up-to-date: /home/agilex/limo_ros2_ws/install/nav2_behavior_tree/lib/libnav2_transform_available_condition_bt_node.so
[22.652s] -- Up-to-date: /home/agilex/limo_ros2_ws/install/nav2_behavior_tree/lib/libnav2_goal_reached_condition_bt_node.so
[22.652s] -- Up-to-date: /home/agilex/limo_ros2_ws/install/nav2_behavior_tree/lib/libnav2_goal_updated_condition_bt_node.so
[22.653s] -- Up-to-date: /home/agilex/limo_ros2_ws/install/nav2_behavior_tree/lib/libnav2_time_expired_condition_bt_node.so
[22.653s] -- Up-to-date: /home/agilex/limo_ros2_ws/install/nav2_behavior_tree/lib/libnav2_distance_traveled_condition_bt_node.so
[22.653s] -- Up-to-date: /home/agilex/limo_ros2_ws/install/nav2_behavior_tree/lib/libnav2_initial_pose_received_condition_bt_node.so
[22.653s] -- Up-to-date: /home/agilex/limo_ros2_ws/install/nav2_behavior_tree/lib/libnav2_is_battery_low_condition_bt_node.so
[22.653s] -- Up-to-date: /home/agilex/limo_ros2_ws/install/nav2_behavior_tree/lib/libnav2_reinitialize_global_localization_service_bt_node.so
[22.653s] -- Up-to-date: /home/agilex/limo_ros2_ws/install/nav2_behavior_tree/lib/libnav2_rate_controller_bt_node.so
[22.653s] -- Up-to-date: /home/agilex/limo_ros2_ws/install/nav2_behavior_tree/lib/libnav2_distance_controller_bt_node.so
[22.653s] -- Up-to-date: /home/agilex/limo_ros2_ws/install/nav2_behavior_tree/lib/libnav2_speed_controller_bt_node.so
[22.654s] -- Up-to-date: /home/agilex/limo_ros2_ws/install/nav2_behavior_tree/lib/libnav2_truncate_path_action_bt_node.so
[22.654s] -- Up-to-date: /home/agilex/limo_ros2_ws/install/nav2_behavior_tree/lib/libnav2_goal_updater_node_bt_node.so
[22.654s] -- Up-to-date: /home/agilex/limo_ros2_ws/install/nav2_behavior_tree/lib/libnav2_recovery_node_bt_node.so
[22.654s] -- Up-to-date: /home/agilex/limo_ros2_ws/install/nav2_behavior_tree/lib/libnav2_navigate_to_pose_action_bt_node.so
[22.654s] -- Up-to-date: /home/agilex/limo_ros2_ws/install/nav2_behavior_tree/lib/libnav2_pipeline_sequence_bt_node.so
[22.654s] -- Up-to-date: /home/agilex/limo_ros2_ws/install/nav2_behavior_tree/lib/libnav2_round_robin_node_bt_node.so
[22.654s] -- Up-to-date: /home/agilex/limo_ros2_ws/install/nav2_behavior_tree/include/
[22.654s] -- Up-to-date: /home/agilex/limo_ros2_ws/install/nav2_behavior_tree/include//nav2_behavior_tree
[22.654s] -- Up-to-date: /home/agilex/limo_ros2_ws/install/nav2_behavior_tree/include//nav2_behavior_tree/bt_action_node.hpp
[22.655s] -- Up-to-date: /home/agilex/limo_ros2_ws/install/nav2_behavior_tree/include//nav2_behavior_tree/plugins
[22.655s] -- Up-to-date: /home/agilex/limo_ros2_ws/install/nav2_behavior_tree/include//nav2_behavior_tree/plugins/condition
[22.655s] -- Up-to-date: /home/agilex/limo_ros2_ws/install/nav2_behavior_tree/include//nav2_behavior_tree/plugins/condition/distance_traveled_condition.hpp
[22.655s] -- Up-to-date: /home/agilex/limo_ros2_ws/install/nav2_behavior_tree/include//nav2_behavior_tree/plugins/condition/goal_updated_condition.hpp
[22.655s] -- Up-to-date: /home/agilex/limo_ros2_ws/install/nav2_behavior_tree/include//nav2_behavior_tree/plugins/condition/initial_pose_received_condition.hpp
[22.655s] -- Up-to-date: /home/agilex/limo_ros2_ws/install/nav2_behavior_tree/include//nav2_behavior_tree/plugins/condition/transform_available_condition.hpp
[22.656s] -- Up-to-date: /home/agilex/limo_ros2_ws/install/nav2_behavior_tree/include//nav2_behavior_tree/plugins/condition/is_battery_low_condition.hpp
[22.656s] -- Up-to-date: /home/agilex/limo_ros2_ws/install/nav2_behavior_tree/include//nav2_behavior_tree/plugins/condition/goal_reached_condition.hpp
[22.656s] -- Up-to-date: /home/agilex/limo_ros2_ws/install/nav2_behavior_tree/include//nav2_behavior_tree/plugins/condition/is_stuck_condition.hpp
[22.656s] -- Up-to-date: /home/agilex/limo_ros2_ws/install/nav2_behavior_tree/include//nav2_behavior_tree/plugins/condition/time_expired_condition.hpp
[22.656s] -- Up-to-date: /home/agilex/limo_ros2_ws/install/nav2_behavior_tree/include//nav2_behavior_tree/plugins/control
[22.656s] -- Up-to-date: /home/agilex/limo_ros2_ws/install/nav2_behavior_tree/include//nav2_behavior_tree/plugins/control/pipeline_sequence.hpp
[22.656s] -- Up-to-date: /home/agilex/limo_ros2_ws/install/nav2_behavior_tree/include//nav2_behavior_tree/plugins/control/recovery_node.hpp
[22.656s] -- Up-to-date: /home/agilex/limo_ros2_ws/install/nav2_behavior_tree/include//nav2_behavior_tree/plugins/control/round_robin_node.hpp
[22.657s] -- Up-to-date: /home/agilex/limo_ros2_ws/install/nav2_behavior_tree/include//nav2_behavior_tree/plugins/action
[22.657s] -- Up-to-date: /home/agilex/limo_ros2_ws/install/nav2_behavior_tree/include//nav2_behavior_tree/plugins/action/spin_action.hpp
[22.657s] -- Up-to-date: /home/agilex/limo_ros2_ws/install/nav2_behavior_tree/include//nav2_behavior_tree/plugins/action/wait_action.hpp
[22.657s] -- Up-to-date: /home/agilex/limo_ros2_ws/install/nav2_behavior_tree/include//nav2_behavior_tree/plugins/action/reinitialize_global_localization_service.hpp
[22.657s] -- Up-to-date: /home/agilex/limo_ros2_ws/install/nav2_behavior_tree/include//nav2_behavior_tree/plugins/action/clear_costmap_service.hpp
[22.658s] -- Up-to-date: /home/agilex/limo_ros2_ws/install/nav2_behavior_tree/include//nav2_behavior_tree/plugins/action/navigate_to_pose_action.hpp
[22.658s] -- Up-to-date: /home/agilex/limo_ros2_ws/install/nav2_behavior_tree/include//nav2_behavior_tree/plugins/action/compute_path_to_pose_action.hpp
[22.658s] -- Up-to-date: /home/agilex/limo_ros2_ws/install/nav2_behavior_tree/include//nav2_behavior_tree/plugins/action/follow_path_action.hpp
[22.658s] -- Up-to-date: /home/agilex/limo_ros2_ws/install/nav2_behavior_tree/include//nav2_behavior_tree/plugins/action/back_up_action.hpp
[22.658s] -- Up-to-date: /home/agilex/limo_ros2_ws/install/nav2_behavior_tree/include//nav2_behavior_tree/plugins/action/truncate_path_action.hpp
[22.658s] -- Up-to-date: /home/agilex/limo_ros2_ws/install/nav2_behavior_tree/include//nav2_behavior_tree/plugins/decorator
[22.658s] -- Up-to-date: /home/agilex/limo_ros2_ws/install/nav2_behavior_tree/include//nav2_behavior_tree/plugins/decorator/goal_updater_node.hpp
[22.658s] -- Up-to-date: /home/agilex/limo_ros2_ws/install/nav2_behavior_tree/include//nav2_behavior_tree/plugins/decorator/rate_controller.hpp
[22.659s] -- Up-to-date: /home/agilex/limo_ros2_ws/install/nav2_behavior_tree/include//nav2_behavior_tree/plugins/decorator/distance_controller.hpp
[22.659s] -- Up-to-date: /home/agilex/limo_ros2_ws/install/nav2_behavior_tree/include//nav2_behavior_tree/plugins/decorator/speed_controller.hpp
[22.659s] -- Up-to-date: /home/agilex/limo_ros2_ws/install/nav2_behavior_tree/include//nav2_behavior_tree/behavior_tree_engine.hpp
[22.659s] -- Up-to-date: /home/agilex/limo_ros2_ws/install/nav2_behavior_tree/include//nav2_behavior_tree/bt_service_node.hpp
[22.659s] -- Up-to-date: /home/agilex/limo_ros2_ws/install/nav2_behavior_tree/include//nav2_behavior_tree/bt_conversions.hpp
[22.659s] -- Up-to-date: /home/agilex/limo_ros2_ws/install/nav2_behavior_tree/share/nav2_behavior_tree/nav2_tree_nodes.xml
[22.659s] -- Up-to-date: /home/agilex/limo_ros2_ws/install/nav2_behavior_tree/share/nav2_behavior_tree/environment/library_path.sh
[22.659s] -- Installing: /home/agilex/limo_ros2_ws/install/nav2_behavior_tree/share/nav2_behavior_tree/environment/library_path.dsv
[22.660s] -- Up-to-date: /home/agilex/limo_ros2_ws/install/nav2_behavior_tree/share/ament_index/resource_index/package_run_dependencies/nav2_behavior_tree
[22.660s] -- Up-to-date: /home/agilex/limo_ros2_ws/install/nav2_behavior_tree/share/ament_index/resource_index/parent_prefix_path/nav2_behavior_tree
[22.660s] -- Up-to-date: /home/agilex/limo_ros2_ws/install/nav2_behavior_tree/share/nav2_behavior_tree/environment/ament_prefix_path.sh
[22.660s] -- Installing: /home/agilex/limo_ros2_ws/install/nav2_behavior_tree/share/nav2_behavior_tree/environment/ament_prefix_path.dsv
[22.660s] -- Up-to-date: /home/agilex/limo_ros2_ws/install/nav2_behavior_tree/share/nav2_behavior_tree/environment/path.sh
[22.660s] -- Installing: /home/agilex/limo_ros2_ws/install/nav2_behavior_tree/share/nav2_behavior_tree/environment/path.dsv
[22.660s] -- Up-to-date: /home/agilex/limo_ros2_ws/install/nav2_behavior_tree/share/nav2_behavior_tree/local_setup.bash
[22.660s] -- Up-to-date: /home/agilex/limo_ros2_ws/install/nav2_behavior_tree/share/nav2_behavior_tree/local_setup.sh
[22.661s] -- Up-to-date: /home/agilex/limo_ros2_ws/install/nav2_behavior_tree/share/nav2_behavior_tree/local_setup.zsh
[22.661s] -- Installing: /home/agilex/limo_ros2_ws/install/nav2_behavior_tree/share/nav2_behavior_tree/local_setup.dsv
[22.661s] -- Installing: /home/agilex/limo_ros2_ws/install/nav2_behavior_tree/share/nav2_behavior_tree/package.dsv
[22.661s] -- Up-to-date: /home/agilex/limo_ros2_ws/install/nav2_behavior_tree/share/ament_index/resource_index/packages/nav2_behavior_tree
[22.661s] -- Up-to-date: /home/agilex/limo_ros2_ws/install/nav2_behavior_tree/share/nav2_behavior_tree/cmake/ament_cmake_export_include_directories-extras.cmake
[22.661s] -- Up-to-date: /home/agilex/limo_ros2_ws/install/nav2_behavior_tree/share/nav2_behavior_tree/cmake/ament_cmake_export_libraries-extras.cmake
[22.661s] -- Up-to-date: /home/agilex/limo_ros2_ws/install/nav2_behavior_tree/share/nav2_behavior_tree/cmake/ament_cmake_export_dependencies-extras.cmake
[22.661s] -- Up-to-date: /home/agilex/limo_ros2_ws/install/nav2_behavior_tree/share/nav2_behavior_tree/cmake/nav2_behavior_treeConfig.cmake
[22.662s] -- Up-to-date: /home/agilex/limo_ros2_ws/install/nav2_behavior_tree/share/nav2_behavior_tree/cmake/nav2_behavior_treeConfig-version.cmake
[22.662s] -- Up-to-date: /home/agilex/limo_ros2_ws/install/nav2_behavior_tree/share/nav2_behavior_tree/package.xml
[22.667s] Invoked command in '/home/agilex/limo_ros2_ws/build/nav2_behavior_tree' returned '0': CMAKE_PREFIX_PATH=/home/agilex/limo_ros2_ws/install/nav2_util:/home/agilex/limo_ros2_ws/install/nav2_msgs:/home/agilex/limo_ros2_ws/install/nav2_common:/home/agilex/limo_ros2_ws/install/ydlidar_sdk:/home/agilex/limo_ros2_ws/install/ydlidar_ros2_driver:/home/agilex/limo_ros2_ws/install/teb_local_planner:/home/agilex/limo_ros2_ws/install/teb_msgs:/home/agilex/limo_ros2_ws/install/nav2_system_tests:/home/agilex/limo_ros2_ws/install/nav2_bringup:/home/agilex/limo_ros2_ws/install/navigation2:/home/agilex/limo_ros2_ws/install/smac_planner:/home/agilex/limo_ros2_ws/install/rf2o_laser_odometry:/home/agilex/limo_ros2_ws/install/orbbec_description:/home/agilex/limo_ros2_ws/install/orbbec_camera:/home/agilex/limo_ros2_ws/install/orbbec_camera_msgs:/home/agilex/limo_ros2_ws/install/nav2_dwb_controller:/home/agilex/limo_ros2_ws/install/nav2_controller:/home/agilex/limo_ros2_ws/install/dwb_plugins:/home/agilex/limo_ros2_ws/install/dwb_critics:/home/agilex/limo_ros2_ws/install/dwb_core:/home/agilex/limo_ros2_ws/install/nav_2d_utils:/home/agilex/limo_ros2_ws/install/dwb_msgs:/home/agilex/limo_ros2_ws/install/nav_2d_msgs:/home/agilex/limo_ros2_ws/install/nav2_waypoint_follower:/home/agilex/limo_ros2_ws/install/nav2_regulated_pure_pursuit_controller:/home/agilex/limo_ros2_ws/install/nav2_recoveries:/home/agilex/limo_ros2_ws/install/nav2_planner:/home/agilex/limo_ros2_ws/install/nav2_navfn_planner:/home/agilex/limo_ros2_ws/install/nav2_core:/home/agilex/limo_ros2_ws/install/costmap_queue:/home/agilex/limo_ros2_ws/install/costmap_converter:/home/agilex/limo_ros2_ws/install/nav2_costmap_2d:/home/agilex/limo_ros2_ws/install/nav2_voxel_grid:/home/agilex/limo_ros2_ws/install/nav2_rviz_plugins:/home/agilex/limo_ros2_ws/install/nav2_map_server:/home/agilex/limo_ros2_ws/install/nav2_lifecycle_manager:/home/agilex/limo_ros2_ws/install/nav2_bt_navigator:/home/agilex/limo_ros2_ws/install/nav2_behavior_tree:/home/agilex/limo_ros2_ws/install/nav2_amcl:/home/agilex/limo_ros2_ws/install/magic_enum:/home/agilex/limo_ros2_ws/install/limo_visions:/home/agilex/limo_ros2_ws/install/limo_bringup:/home/agilex/limo_ros2_ws/install/limo_base:/home/agilex/limo_ros2_ws/install/limo_msgs:/home/agilex/limo_ros2_ws/install/limo_description:/home/agilex/limo_ros2_ws/install/libuvc:/home/agilex/limo_ros2_ws/install/glog:/home/agilex/limo_ros2_ws/install/costmap_converter_msgs:/home/agilex/limo_ros2_ws/install/astra_camera_msgs:/home/agilex/limo_ros2_ws/install/nav2_gazebo_spawner:/opt/ros/foxy LD_LIBRARY_PATH=/home/agilex/limo_ros2_ws/install/nav2_util/lib:/home/agilex/limo_ros2_ws/install/nav2_msgs/lib:/home/agilex/limo_ros2_ws/install/teb_local_planner/lib:/home/agilex/limo_ros2_ws/install/teb_msgs/lib:/home/agilex/limo_ros2_ws/install/smac_planner/lib:/home/agilex/limo_ros2_ws/install/orbbec_camera/lib:/home/agilex/limo_ros2_ws/install/orbbec_camera_msgs/lib:/home/agilex/limo_ros2_ws/install/nav2_controller/lib:/home/agilex/limo_ros2_ws/install/dwb_plugins/lib:/home/agilex/limo_ros2_ws/install/dwb_critics/lib:/home/agilex/limo_ros2_ws/install/dwb_core/lib:/home/agilex/limo_ros2_ws/install/nav_2d_utils/lib:/home/agilex/limo_ros2_ws/install/dwb_msgs/lib:/home/agilex/limo_ros2_ws/install/nav_2d_msgs/lib:/home/agilex/limo_ros2_ws/install/nav2_waypoint_follower/lib:/home/agilex/limo_ros2_ws/install/nav2_regulated_pure_pursuit_controller/lib:/home/agilex/limo_ros2_ws/install/nav2_recoveries/lib:/home/agilex/limo_ros2_ws/install/nav2_planner/lib:/home/agilex/limo_ros2_ws/install/nav2_navfn_planner/lib:/home/agilex/limo_ros2_ws/install/costmap_queue/lib:/home/agilex/limo_ros2_ws/install/costmap_converter/lib:/home/agilex/limo_ros2_ws/install/nav2_costmap_2d/lib:/home/agilex/limo_ros2_ws/install/nav2_voxel_grid/lib:/home/agilex/limo_ros2_ws/install/nav2_rviz_plugins/lib:/home/agilex/limo_ros2_ws/install/nav2_map_server/lib:/home/agilex/limo_ros2_ws/install/nav2_lifecycle_manager/lib:/home/agilex/limo_ros2_ws/install/nav2_bt_navigator/lib:/home/agilex/limo_ros2_ws/install/nav2_behavior_tree/lib:/home/agilex/limo_ros2_ws/install/nav2_amcl/lib:/home/agilex/limo_ros2_ws/install/limo_msgs/lib:/home/agilex/limo_ros2_ws/install/libuvc/lib:/home/agilex/limo_ros2_ws/install/glog/lib:/home/agilex/limo_ros2_ws/install/costmap_converter_msgs/lib:/home/agilex/limo_ros2_ws/install/astra_camera_msgs/lib:/usr/lib/aarch64-linux-gnu/gazebo-11/plugins:/opt/ros/foxy/opt/yaml_cpp_vendor/lib:/opt/ros/foxy/opt/rviz_ogre_vendor/lib:/opt/ros/foxy/lib/aarch64-linux-gnu:/opt/ros/foxy/lib PYTHONPATH=/home/agilex/limo_ros2_ws/install/nav2_msgs/lib/python3.8/site-packages:/home/agilex/limo_ros2_ws/install/nav2_common/lib/python3.8/site-packages:/home/agilex/limo_ros2_ws/install/teb_msgs/lib/python3.8/site-packages:/home/agilex/limo_ros2_ws/install/orbbec_camera_msgs/lib/python3.8/site-packages:/home/agilex/limo_ros2_ws/install/dwb_msgs/lib/python3.8/site-packages:/home/agilex/limo_ros2_ws/install/nav_2d_msgs/lib/python3.8/site-packages:/home/agilex/limo_ros2_ws/install/nav2_gazebo_spawner/lib/python3.8/site-packages:/home/agilex/limo_ros2_ws/install/limo_msgs/lib/python3.8/site-packages:/home/agilex/limo_ros2_ws/install/costmap_converter_msgs/lib/python3.8/site-packages:/home/agilex/limo_ros2_ws/install/astra_camera_msgs/lib/python3.8/site-packages:/opt/ros/foxy/lib/python3.8/site-packages /usr/bin/cmake --install /home/agilex/limo_ros2_ws/build/nav2_behavior_tree
