[0.129s] Invoking command in '/home/agilex/limo_ros2_ws/src/build/dwb_core': AMENT_PREFIX_PATH=/home/agilex/limo_ros2_ws/src/install/nav2_core:/home/agilex/limo_ros2_ws/src/install/nav2_costmap_2d:/home/agilex/limo_ros2_ws/src/install/nav_2d_utils:/home/agilex/limo_ros2_ws/src/install/nav2_util:/home/agilex/limo_ros2_ws/src/install/nav2_voxel_grid:/home/agilex/limo_ros2_ws/src/install/nav2_msgs:/home/agilex/limo_ros2_ws/src/install/dwb_msgs:/home/agilex/limo_ros2_ws/src/install/nav_2d_msgs:/home/agilex/limo_ros2_ws/src/install/nav2_common:${AMENT_PREFIX_PATH} CMAKE_PREFIX_PATH=/home/agilex/limo_ros2_ws/src/install/nav2_core:/home/agilex/limo_ros2_ws/src/install/nav2_costmap_2d:/home/agilex/limo_ros2_ws/src/install/nav_2d_utils:/home/agilex/limo_ros2_ws/src/install/nav2_util:/home/agilex/limo_ros2_ws/src/install/nav2_voxel_grid:/home/agilex/limo_ros2_ws/src/install/nav2_msgs:/home/agilex/limo_ros2_ws/src/install/dwb_msgs:/home/agilex/limo_ros2_ws/src/install/nav_2d_msgs:/home/agilex/limo_ros2_ws/src/install/nav2_common:/home/agilex/limo_ros2_ws/install/ydlidar_sdk:/home/agilex/limo_ros2_ws/install/ydlidar_ros2_driver:/home/agilex/limo_ros2_ws/install/teb_local_planner:/home/agilex/limo_ros2_ws/install/teb_msgs:/home/agilex/limo_ros2_ws/install/nav2_system_tests:/home/agilex/limo_ros2_ws/install/nav2_bringup:/home/agilex/limo_ros2_ws/install/navigation2:/home/agilex/limo_ros2_ws/install/smac_planner:/home/agilex/limo_ros2_ws/install/rf2o_laser_odometry:/home/agilex/limo_ros2_ws/install/orbbec_description:/home/agilex/limo_ros2_ws/install/orbbec_camera:/home/agilex/limo_ros2_ws/install/orbbec_camera_msgs:/home/agilex/limo_ros2_ws/install/nav2_dwb_controller:/home/agilex/limo_ros2_ws/install/nav2_controller:/home/agilex/limo_ros2_ws/install/dwb_plugins:/home/agilex/limo_ros2_ws/install/dwb_critics:/home/agilex/limo_ros2_ws/install/dwb_core:/home/agilex/limo_ros2_ws/install/nav_2d_utils:/home/agilex/limo_ros2_ws/install/dwb_msgs:/home/agilex/limo_ros2_ws/install/nav_2d_msgs:/home/agilex/limo_ros2_ws/install/nav2_waypoint_follower:/home/agilex/limo_ros2_ws/install/nav2_regulated_pure_pursuit_controller:/home/agilex/limo_ros2_ws/install/nav2_recoveries:/home/agilex/limo_ros2_ws/install/nav2_planner:/home/agilex/limo_ros2_ws/install/nav2_navfn_planner:/home/agilex/limo_ros2_ws/install/nav2_core:/home/agilex/limo_ros2_ws/install/costmap_queue:/home/agilex/limo_ros2_ws/install/costmap_converter:/home/agilex/limo_ros2_ws/install/nav2_costmap_2d:/home/agilex/limo_ros2_ws/install/nav2_voxel_grid:/home/agilex/limo_ros2_ws/install/nav2_rviz_plugins:/home/agilex/limo_ros2_ws/install/nav2_map_server:/home/agilex/limo_ros2_ws/install/nav2_lifecycle_manager:/home/agilex/limo_ros2_ws/install/nav2_bt_navigator:/home/agilex/limo_ros2_ws/install/nav2_behavior_tree:/home/agilex/limo_ros2_ws/install/nav2_amcl:/home/agilex/limo_ros2_ws/install/nav2_util:/home/agilex/limo_ros2_ws/install/nav2_msgs:/home/agilex/limo_ros2_ws/install/nav2_common:/home/agilex/limo_ros2_ws/install/magic_enum:/home/agilex/limo_ros2_ws/install/limo_visions:/home/agilex/limo_ros2_ws/install/limo_bringup:/home/agilex/limo_ros2_ws/install/limo_base:/home/agilex/limo_ros2_ws/install/limo_msgs:/home/agilex/limo_ros2_ws/install/limo_description:/home/agilex/limo_ros2_ws/install/libuvc:/home/agilex/limo_ros2_ws/install/glog:/home/agilex/limo_ros2_ws/install/costmap_converter_msgs:/home/agilex/limo_ros2_ws/install/astra_camera:/home/agilex/limo_ros2_ws/install/astra_camera_msgs:/home/agilex/limo_ros2_ws/install/nav2_gazebo_spawner:/opt/ros/foxy LD_LIBRARY_PATH=/home/agilex/limo_ros2_ws/src/install/nav2_costmap_2d/lib:/home/agilex/limo_ros2_ws/src/install/nav_2d_utils/lib:/home/agilex/limo_ros2_ws/src/install/nav2_util/lib:/home/agilex/limo_ros2_ws/src/install/nav2_voxel_grid/lib:/home/agilex/limo_ros2_ws/src/install/nav2_msgs/lib:/home/agilex/limo_ros2_ws/src/install/dwb_msgs/lib:/home/agilex/limo_ros2_ws/src/install/nav_2d_msgs/lib:${LD_LIBRARY_PATH} PYTHONPATH=/home/agilex/limo_ros2_ws/src/install/nav2_msgs/lib/python3.8/site-packages:/home/agilex/limo_ros2_ws/src/install/dwb_msgs/lib/python3.8/site-packages:/home/agilex/limo_ros2_ws/src/install/nav_2d_msgs/lib/python3.8/site-packages:/home/agilex/limo_ros2_ws/src/install/nav2_common/lib/python3.8/site-packages:${PYTHONPATH} /usr/bin/cmake /home/agilex/limo_ros2_ws/src/navigation2/nav2_dwb_controller/dwb_core -DCMAKE_INSTALL_PREFIX=/home/agilex/limo_ros2_ws/src/install/dwb_core
[0.306s] -- The C compiler identification is GNU 9.4.0
[0.487s] -- The CXX compiler identification is GNU 9.4.0
[0.502s] -- Check for working C compiler: /usr/bin/cc
[0.757s] -- Check for working C compiler: /usr/bin/cc -- works
[0.758s] -- Detecting C compiler ABI info
[1.009s] -- Detecting C compiler ABI info - done
[1.024s] -- Detecting C compile features
[1.025s] -- Detecting C compile features - done
[1.030s] -- Check for working CXX compiler: /usr/bin/c++
[1.276s] -- Check for working CXX compiler: /usr/bin/c++ -- works
[1.277s] -- Detecting CXX compiler ABI info
[1.533s] -- Detecting CXX compiler ABI info - done
[1.557s] -- Detecting CXX compile features
[1.558s] -- Detecting CXX compile features - done
[1.581s] -- Found ament_cmake: 0.9.12 (/opt/ros/foxy/share/ament_cmake/cmake)
[1.682s] -- Found PythonInterp: /usr/bin/python3 (found suitable version "3.8.10", minimum required is "3") 
[1.682s] -- Using PYTHON_EXECUTABLE: /usr/bin/python3
[2.439s] -- Found nav2_common: 0.4.7 (/home/agilex/limo_ros2_ws/src/install/nav2_common/share/nav2_common/cmake)
[2.453s] -- Found rclcpp: 2.4.3 (/opt/ros/foxy/share/rclcpp/cmake)
[2.683s] -- Using all available rosidl_typesupport_c: rosidl_typesupport_fastrtps_c;rosidl_typesupport_introspection_c
[2.731s] -- Found rosidl_adapter: 1.3.1 (/opt/ros/foxy/share/rosidl_adapter/cmake)
[3.486s] -- Found OpenSSL: /usr/lib/aarch64-linux-gnu/libcrypto.so (found version "1.1.1f")  
[3.709s] -- Found FastRTPS: /opt/ros/foxy/include  
[4.336s] -- Using all available rosidl_typesupport_cpp: rosidl_typesupport_fastrtps_cpp;rosidl_typesupport_introspection_cpp
[4.758s] -- Found rmw_implementation_cmake: 1.0.4 (/opt/ros/foxy/share/rmw_implementation_cmake/cmake)
[4.782s] -- Using RMW implementation 'rmw_fastrtps_cpp' as default
[4.786s] -- Looking for pthread.h
[5.293s] -- Looking for pthread.h - found
[5.294s] -- Performing Test CMAKE_HAVE_LIBC_PTHREAD
[5.945s] -- Performing Test CMAKE_HAVE_LIBC_PTHREAD - Failed
[5.946s] -- Looking for pthread_create in pthreads
[6.419s] -- Looking for pthread_create in pthreads - not found
[6.419s] -- Looking for pthread_create in pthread
[7.091s] -- Looking for pthread_create in pthread - found
[7.094s] -- Found Threads: TRUE  
[7.670s] -- Found geometry_msgs: 2.0.5 (/opt/ros/foxy/share/geometry_msgs/cmake)
[7.744s] -- Found nav_2d_msgs: 0.4.7 (/home/agilex/limo_ros2_ws/src/install/nav_2d_msgs/share/nav_2d_msgs/cmake)
[7.934s] -- Found dwb_msgs: 0.4.7 (/home/agilex/limo_ros2_ws/src/install/dwb_msgs/share/dwb_msgs/cmake)
[8.796s] -- Found nav2_costmap_2d: 0.4.7 (/home/agilex/limo_ros2_ws/src/install/nav2_costmap_2d/share/nav2_costmap_2d/cmake)
[12.933s] -- Found Eigen3: TRUE (found version "3.3.7") 
[15.197s] -- Found nav_2d_utils: 0.4.7 (/home/agilex/limo_ros2_ws/src/install/nav_2d_utils/share/nav_2d_utils/cmake)
[15.912s] -- Found nav2_core: 0.4.7 (/home/agilex/limo_ros2_ws/src/install/nav2_core/share/nav2_core/cmake)
[17.758s] -- Setting build type to Release as none was specified.
[27.584s] -- Found ament_lint_auto: 0.9.8 (/opt/ros/foxy/share/ament_lint_auto/cmake)
[28.180s] -- Found ament_cmake_gtest: 0.9.12 (/opt/ros/foxy/share/ament_cmake_gtest/cmake)
[28.216s] -- Found gtest sources under '/opt/ros/foxy/src/gtest_vendor': C++ tests using 'Google Test' will be built
[28.242s] -- Check if compiler accepts -pthread
[28.885s] -- Check if compiler accepts -pthread - yes
[28.956s] -- Added test 'cppcheck' to perform static code analysis on C / C++ code
[28.960s] -- Configured cppcheck include dirs: /home/agilex/limo_ros2_ws/src/navigation2/nav2_dwb_controller/dwb_core/include
[28.960s] -- Configured cppcheck exclude dirs and/or files: 
[28.976s] -- Added test 'cpplint' to check C / C++ code against the Google style
[28.977s] -- Configured cpplint exclude dirs and/or files: 
[28.992s] -- Added test 'lint_cmake' to check CMake code style
[29.009s] -- Added test 'uncrustify' to check C / C++ code style
[29.010s] -- Configured uncrustify additional arguments: 
[29.020s] -- Added test 'xmllint' to check XML markup files
[29.089s] -- Configuring done
[29.443s] -- Generating done
[29.460s] -- Build files have been written to: /home/agilex/limo_ros2_ws/src/build/dwb_core
[29.532s] Invoked command in '/home/agilex/limo_ros2_ws/src/build/dwb_core' returned '0': AMENT_PREFIX_PATH=/home/agilex/limo_ros2_ws/src/install/nav2_core:/home/agilex/limo_ros2_ws/src/install/nav2_costmap_2d:/home/agilex/limo_ros2_ws/src/install/nav_2d_utils:/home/agilex/limo_ros2_ws/src/install/nav2_util:/home/agilex/limo_ros2_ws/src/install/nav2_voxel_grid:/home/agilex/limo_ros2_ws/src/install/nav2_msgs:/home/agilex/limo_ros2_ws/src/install/dwb_msgs:/home/agilex/limo_ros2_ws/src/install/nav_2d_msgs:/home/agilex/limo_ros2_ws/src/install/nav2_common:${AMENT_PREFIX_PATH} CMAKE_PREFIX_PATH=/home/agilex/limo_ros2_ws/src/install/nav2_core:/home/agilex/limo_ros2_ws/src/install/nav2_costmap_2d:/home/agilex/limo_ros2_ws/src/install/nav_2d_utils:/home/agilex/limo_ros2_ws/src/install/nav2_util:/home/agilex/limo_ros2_ws/src/install/nav2_voxel_grid:/home/agilex/limo_ros2_ws/src/install/nav2_msgs:/home/agilex/limo_ros2_ws/src/install/dwb_msgs:/home/agilex/limo_ros2_ws/src/install/nav_2d_msgs:/home/agilex/limo_ros2_ws/src/install/nav2_common:/home/agilex/limo_ros2_ws/install/ydlidar_sdk:/home/agilex/limo_ros2_ws/install/ydlidar_ros2_driver:/home/agilex/limo_ros2_ws/install/teb_local_planner:/home/agilex/limo_ros2_ws/install/teb_msgs:/home/agilex/limo_ros2_ws/install/nav2_system_tests:/home/agilex/limo_ros2_ws/install/nav2_bringup:/home/agilex/limo_ros2_ws/install/navigation2:/home/agilex/limo_ros2_ws/install/smac_planner:/home/agilex/limo_ros2_ws/install/rf2o_laser_odometry:/home/agilex/limo_ros2_ws/install/orbbec_description:/home/agilex/limo_ros2_ws/install/orbbec_camera:/home/agilex/limo_ros2_ws/install/orbbec_camera_msgs:/home/agilex/limo_ros2_ws/install/nav2_dwb_controller:/home/agilex/limo_ros2_ws/install/nav2_controller:/home/agilex/limo_ros2_ws/install/dwb_plugins:/home/agilex/limo_ros2_ws/install/dwb_critics:/home/agilex/limo_ros2_ws/install/dwb_core:/home/agilex/limo_ros2_ws/install/nav_2d_utils:/home/agilex/limo_ros2_ws/install/dwb_msgs:/home/agilex/limo_ros2_ws/install/nav_2d_msgs:/home/agilex/limo_ros2_ws/install/nav2_waypoint_follower:/home/agilex/limo_ros2_ws/install/nav2_regulated_pure_pursuit_controller:/home/agilex/limo_ros2_ws/install/nav2_recoveries:/home/agilex/limo_ros2_ws/install/nav2_planner:/home/agilex/limo_ros2_ws/install/nav2_navfn_planner:/home/agilex/limo_ros2_ws/install/nav2_core:/home/agilex/limo_ros2_ws/install/costmap_queue:/home/agilex/limo_ros2_ws/install/costmap_converter:/home/agilex/limo_ros2_ws/install/nav2_costmap_2d:/home/agilex/limo_ros2_ws/install/nav2_voxel_grid:/home/agilex/limo_ros2_ws/install/nav2_rviz_plugins:/home/agilex/limo_ros2_ws/install/nav2_map_server:/home/agilex/limo_ros2_ws/install/nav2_lifecycle_manager:/home/agilex/limo_ros2_ws/install/nav2_bt_navigator:/home/agilex/limo_ros2_ws/install/nav2_behavior_tree:/home/agilex/limo_ros2_ws/install/nav2_amcl:/home/agilex/limo_ros2_ws/install/nav2_util:/home/agilex/limo_ros2_ws/install/nav2_msgs:/home/agilex/limo_ros2_ws/install/nav2_common:/home/agilex/limo_ros2_ws/install/magic_enum:/home/agilex/limo_ros2_ws/install/limo_visions:/home/agilex/limo_ros2_ws/install/limo_bringup:/home/agilex/limo_ros2_ws/install/limo_base:/home/agilex/limo_ros2_ws/install/limo_msgs:/home/agilex/limo_ros2_ws/install/limo_description:/home/agilex/limo_ros2_ws/install/libuvc:/home/agilex/limo_ros2_ws/install/glog:/home/agilex/limo_ros2_ws/install/costmap_converter_msgs:/home/agilex/limo_ros2_ws/install/astra_camera:/home/agilex/limo_ros2_ws/install/astra_camera_msgs:/home/agilex/limo_ros2_ws/install/nav2_gazebo_spawner:/opt/ros/foxy LD_LIBRARY_PATH=/home/agilex/limo_ros2_ws/src/install/nav2_costmap_2d/lib:/home/agilex/limo_ros2_ws/src/install/nav_2d_utils/lib:/home/agilex/limo_ros2_ws/src/install/nav2_util/lib:/home/agilex/limo_ros2_ws/src/install/nav2_voxel_grid/lib:/home/agilex/limo_ros2_ws/src/install/nav2_msgs/lib:/home/agilex/limo_ros2_ws/src/install/dwb_msgs/lib:/home/agilex/limo_ros2_ws/src/install/nav_2d_msgs/lib:${LD_LIBRARY_PATH} PYTHONPATH=/home/agilex/limo_ros2_ws/src/install/nav2_msgs/lib/python3.8/site-packages:/home/agilex/limo_ros2_ws/src/install/dwb_msgs/lib/python3.8/site-packages:/home/agilex/limo_ros2_ws/src/install/nav_2d_msgs/lib/python3.8/site-packages:/home/agilex/limo_ros2_ws/src/install/nav2_common/lib/python3.8/site-packages:${PYTHONPATH} /usr/bin/cmake /home/agilex/limo_ros2_ws/src/navigation2/nav2_dwb_controller/dwb_core -DCMAKE_INSTALL_PREFIX=/home/agilex/limo_ros2_ws/src/install/dwb_core
[29.534s] Invoking command in '/home/agilex/limo_ros2_ws/src/build/dwb_core': AMENT_PREFIX_PATH=/home/agilex/limo_ros2_ws/src/install/nav2_core:/home/agilex/limo_ros2_ws/src/install/nav2_costmap_2d:/home/agilex/limo_ros2_ws/src/install/nav_2d_utils:/home/agilex/limo_ros2_ws/src/install/nav2_util:/home/agilex/limo_ros2_ws/src/install/nav2_voxel_grid:/home/agilex/limo_ros2_ws/src/install/nav2_msgs:/home/agilex/limo_ros2_ws/src/install/dwb_msgs:/home/agilex/limo_ros2_ws/src/install/nav_2d_msgs:/home/agilex/limo_ros2_ws/src/install/nav2_common:${AMENT_PREFIX_PATH} CMAKE_PREFIX_PATH=/home/agilex/limo_ros2_ws/src/install/nav2_core:/home/agilex/limo_ros2_ws/src/install/nav2_costmap_2d:/home/agilex/limo_ros2_ws/src/install/nav_2d_utils:/home/agilex/limo_ros2_ws/src/install/nav2_util:/home/agilex/limo_ros2_ws/src/install/nav2_voxel_grid:/home/agilex/limo_ros2_ws/src/install/nav2_msgs:/home/agilex/limo_ros2_ws/src/install/dwb_msgs:/home/agilex/limo_ros2_ws/src/install/nav_2d_msgs:/home/agilex/limo_ros2_ws/src/install/nav2_common:/home/agilex/limo_ros2_ws/install/ydlidar_sdk:/home/agilex/limo_ros2_ws/install/ydlidar_ros2_driver:/home/agilex/limo_ros2_ws/install/teb_local_planner:/home/agilex/limo_ros2_ws/install/teb_msgs:/home/agilex/limo_ros2_ws/install/nav2_system_tests:/home/agilex/limo_ros2_ws/install/nav2_bringup:/home/agilex/limo_ros2_ws/install/navigation2:/home/agilex/limo_ros2_ws/install/smac_planner:/home/agilex/limo_ros2_ws/install/rf2o_laser_odometry:/home/agilex/limo_ros2_ws/install/orbbec_description:/home/agilex/limo_ros2_ws/install/orbbec_camera:/home/agilex/limo_ros2_ws/install/orbbec_camera_msgs:/home/agilex/limo_ros2_ws/install/nav2_dwb_controller:/home/agilex/limo_ros2_ws/install/nav2_controller:/home/agilex/limo_ros2_ws/install/dwb_plugins:/home/agilex/limo_ros2_ws/install/dwb_critics:/home/agilex/limo_ros2_ws/install/dwb_core:/home/agilex/limo_ros2_ws/install/nav_2d_utils:/home/agilex/limo_ros2_ws/install/dwb_msgs:/home/agilex/limo_ros2_ws/install/nav_2d_msgs:/home/agilex/limo_ros2_ws/install/nav2_waypoint_follower:/home/agilex/limo_ros2_ws/install/nav2_regulated_pure_pursuit_controller:/home/agilex/limo_ros2_ws/install/nav2_recoveries:/home/agilex/limo_ros2_ws/install/nav2_planner:/home/agilex/limo_ros2_ws/install/nav2_navfn_planner:/home/agilex/limo_ros2_ws/install/nav2_core:/home/agilex/limo_ros2_ws/install/costmap_queue:/home/agilex/limo_ros2_ws/install/costmap_converter:/home/agilex/limo_ros2_ws/install/nav2_costmap_2d:/home/agilex/limo_ros2_ws/install/nav2_voxel_grid:/home/agilex/limo_ros2_ws/install/nav2_rviz_plugins:/home/agilex/limo_ros2_ws/install/nav2_map_server:/home/agilex/limo_ros2_ws/install/nav2_lifecycle_manager:/home/agilex/limo_ros2_ws/install/nav2_bt_navigator:/home/agilex/limo_ros2_ws/install/nav2_behavior_tree:/home/agilex/limo_ros2_ws/install/nav2_amcl:/home/agilex/limo_ros2_ws/install/nav2_util:/home/agilex/limo_ros2_ws/install/nav2_msgs:/home/agilex/limo_ros2_ws/install/nav2_common:/home/agilex/limo_ros2_ws/install/magic_enum:/home/agilex/limo_ros2_ws/install/limo_visions:/home/agilex/limo_ros2_ws/install/limo_bringup:/home/agilex/limo_ros2_ws/install/limo_base:/home/agilex/limo_ros2_ws/install/limo_msgs:/home/agilex/limo_ros2_ws/install/limo_description:/home/agilex/limo_ros2_ws/install/libuvc:/home/agilex/limo_ros2_ws/install/glog:/home/agilex/limo_ros2_ws/install/costmap_converter_msgs:/home/agilex/limo_ros2_ws/install/astra_camera:/home/agilex/limo_ros2_ws/install/astra_camera_msgs:/home/agilex/limo_ros2_ws/install/nav2_gazebo_spawner:/opt/ros/foxy LD_LIBRARY_PATH=/home/agilex/limo_ros2_ws/src/install/nav2_costmap_2d/lib:/home/agilex/limo_ros2_ws/src/install/nav_2d_utils/lib:/home/agilex/limo_ros2_ws/src/install/nav2_util/lib:/home/agilex/limo_ros2_ws/src/install/nav2_voxel_grid/lib:/home/agilex/limo_ros2_ws/src/install/nav2_msgs/lib:/home/agilex/limo_ros2_ws/src/install/dwb_msgs/lib:/home/agilex/limo_ros2_ws/src/install/nav_2d_msgs/lib:${LD_LIBRARY_PATH} PYTHONPATH=/home/agilex/limo_ros2_ws/src/install/nav2_msgs/lib/python3.8/site-packages:/home/agilex/limo_ros2_ws/src/install/dwb_msgs/lib/python3.8/site-packages:/home/agilex/limo_ros2_ws/src/install/nav_2d_msgs/lib/python3.8/site-packages:/home/agilex/limo_ros2_ws/src/install/nav2_common/lib/python3.8/site-packages:${PYTHONPATH} /usr/bin/cmake --build /home/agilex/limo_ros2_ws/src/build/dwb_core -- -j6 -l6
[32.340s] [35m[1mScanning dependencies of target dwb_core[0m
[32.340s] [  9%] [32mBuilding CXX object CMakeFiles/dwb_core.dir/src/dwb_local_planner.cpp.o[0m
[62.429s] [ 18%] [32mBuilding CXX object CMakeFiles/dwb_core.dir/src/trajectory_utils.cpp.o[0m
[67.209s] [ 27%] [32mBuilding CXX object CMakeFiles/dwb_core.dir/src/illegal_trajectory_tracker.cpp.o[0m
[69.137s] [ 36%] [32mBuilding CXX object CMakeFiles/dwb_core.dir/src/publisher.cpp.o[0m
[91.176s] [ 45%] [32m[1mLinking CXX shared library libdwb_core.so[0m
[91.767s] [ 45%] Built target dwb_core
[91.806s] [35m[1mScanning dependencies of target gtest_main[0m
[91.853s] [ 54%] [32mBuilding CXX object gtest/CMakeFiles/gtest_main.dir/src/gtest_main.cc.o[0m
[93.612s] [ 63%] [32m[1mLinking CXX static library libgtest_main.a[0m
[93.739s] [ 63%] Built target gtest_main
[93.779s] [35m[1mScanning dependencies of target gtest[0m
[93.842s] [ 72%] [32mBuilding CXX object gtest/CMakeFiles/gtest.dir/src/gtest-all.cc.o[0m
[111.764s] [ 81%] [32m[1mLinking CXX static library libgtest.a[0m
[111.899s] [ 81%] Built target gtest
[111.941s] [35m[1mScanning dependencies of target utils_test[0m
[112.073s] [ 90%] [32mBuilding CXX object test/CMakeFiles/utils_test.dir/utils_test.cpp.o[0m
[119.029s] [100%] [32m[1mLinking CXX executable utils_test[0m
[119.608s] [100%] Built target utils_test
[119.675s] Invoked command in '/home/agilex/limo_ros2_ws/src/build/dwb_core' returned '0': AMENT_PREFIX_PATH=/home/agilex/limo_ros2_ws/src/install/nav2_core:/home/agilex/limo_ros2_ws/src/install/nav2_costmap_2d:/home/agilex/limo_ros2_ws/src/install/nav_2d_utils:/home/agilex/limo_ros2_ws/src/install/nav2_util:/home/agilex/limo_ros2_ws/src/install/nav2_voxel_grid:/home/agilex/limo_ros2_ws/src/install/nav2_msgs:/home/agilex/limo_ros2_ws/src/install/dwb_msgs:/home/agilex/limo_ros2_ws/src/install/nav_2d_msgs:/home/agilex/limo_ros2_ws/src/install/nav2_common:${AMENT_PREFIX_PATH} CMAKE_PREFIX_PATH=/home/agilex/limo_ros2_ws/src/install/nav2_core:/home/agilex/limo_ros2_ws/src/install/nav2_costmap_2d:/home/agilex/limo_ros2_ws/src/install/nav_2d_utils:/home/agilex/limo_ros2_ws/src/install/nav2_util:/home/agilex/limo_ros2_ws/src/install/nav2_voxel_grid:/home/agilex/limo_ros2_ws/src/install/nav2_msgs:/home/agilex/limo_ros2_ws/src/install/dwb_msgs:/home/agilex/limo_ros2_ws/src/install/nav_2d_msgs:/home/agilex/limo_ros2_ws/src/install/nav2_common:/home/agilex/limo_ros2_ws/install/ydlidar_sdk:/home/agilex/limo_ros2_ws/install/ydlidar_ros2_driver:/home/agilex/limo_ros2_ws/install/teb_local_planner:/home/agilex/limo_ros2_ws/install/teb_msgs:/home/agilex/limo_ros2_ws/install/nav2_system_tests:/home/agilex/limo_ros2_ws/install/nav2_bringup:/home/agilex/limo_ros2_ws/install/navigation2:/home/agilex/limo_ros2_ws/install/smac_planner:/home/agilex/limo_ros2_ws/install/rf2o_laser_odometry:/home/agilex/limo_ros2_ws/install/orbbec_description:/home/agilex/limo_ros2_ws/install/orbbec_camera:/home/agilex/limo_ros2_ws/install/orbbec_camera_msgs:/home/agilex/limo_ros2_ws/install/nav2_dwb_controller:/home/agilex/limo_ros2_ws/install/nav2_controller:/home/agilex/limo_ros2_ws/install/dwb_plugins:/home/agilex/limo_ros2_ws/install/dwb_critics:/home/agilex/limo_ros2_ws/install/dwb_core:/home/agilex/limo_ros2_ws/install/nav_2d_utils:/home/agilex/limo_ros2_ws/install/dwb_msgs:/home/agilex/limo_ros2_ws/install/nav_2d_msgs:/home/agilex/limo_ros2_ws/install/nav2_waypoint_follower:/home/agilex/limo_ros2_ws/install/nav2_regulated_pure_pursuit_controller:/home/agilex/limo_ros2_ws/install/nav2_recoveries:/home/agilex/limo_ros2_ws/install/nav2_planner:/home/agilex/limo_ros2_ws/install/nav2_navfn_planner:/home/agilex/limo_ros2_ws/install/nav2_core:/home/agilex/limo_ros2_ws/install/costmap_queue:/home/agilex/limo_ros2_ws/install/costmap_converter:/home/agilex/limo_ros2_ws/install/nav2_costmap_2d:/home/agilex/limo_ros2_ws/install/nav2_voxel_grid:/home/agilex/limo_ros2_ws/install/nav2_rviz_plugins:/home/agilex/limo_ros2_ws/install/nav2_map_server:/home/agilex/limo_ros2_ws/install/nav2_lifecycle_manager:/home/agilex/limo_ros2_ws/install/nav2_bt_navigator:/home/agilex/limo_ros2_ws/install/nav2_behavior_tree:/home/agilex/limo_ros2_ws/install/nav2_amcl:/home/agilex/limo_ros2_ws/install/nav2_util:/home/agilex/limo_ros2_ws/install/nav2_msgs:/home/agilex/limo_ros2_ws/install/nav2_common:/home/agilex/limo_ros2_ws/install/magic_enum:/home/agilex/limo_ros2_ws/install/limo_visions:/home/agilex/limo_ros2_ws/install/limo_bringup:/home/agilex/limo_ros2_ws/install/limo_base:/home/agilex/limo_ros2_ws/install/limo_msgs:/home/agilex/limo_ros2_ws/install/limo_description:/home/agilex/limo_ros2_ws/install/libuvc:/home/agilex/limo_ros2_ws/install/glog:/home/agilex/limo_ros2_ws/install/costmap_converter_msgs:/home/agilex/limo_ros2_ws/install/astra_camera:/home/agilex/limo_ros2_ws/install/astra_camera_msgs:/home/agilex/limo_ros2_ws/install/nav2_gazebo_spawner:/opt/ros/foxy LD_LIBRARY_PATH=/home/agilex/limo_ros2_ws/src/install/nav2_costmap_2d/lib:/home/agilex/limo_ros2_ws/src/install/nav_2d_utils/lib:/home/agilex/limo_ros2_ws/src/install/nav2_util/lib:/home/agilex/limo_ros2_ws/src/install/nav2_voxel_grid/lib:/home/agilex/limo_ros2_ws/src/install/nav2_msgs/lib:/home/agilex/limo_ros2_ws/src/install/dwb_msgs/lib:/home/agilex/limo_ros2_ws/src/install/nav_2d_msgs/lib:${LD_LIBRARY_PATH} PYTHONPATH=/home/agilex/limo_ros2_ws/src/install/nav2_msgs/lib/python3.8/site-packages:/home/agilex/limo_ros2_ws/src/install/dwb_msgs/lib/python3.8/site-packages:/home/agilex/limo_ros2_ws/src/install/nav_2d_msgs/lib/python3.8/site-packages:/home/agilex/limo_ros2_ws/src/install/nav2_common/lib/python3.8/site-packages:${PYTHONPATH} /usr/bin/cmake --build /home/agilex/limo_ros2_ws/src/build/dwb_core -- -j6 -l6
[119.811s] Invoking command in '/home/agilex/limo_ros2_ws/src/build/dwb_core': AMENT_PREFIX_PATH=/home/agilex/limo_ros2_ws/src/install/nav2_core:/home/agilex/limo_ros2_ws/src/install/nav2_costmap_2d:/home/agilex/limo_ros2_ws/src/install/nav_2d_utils:/home/agilex/limo_ros2_ws/src/install/nav2_util:/home/agilex/limo_ros2_ws/src/install/nav2_voxel_grid:/home/agilex/limo_ros2_ws/src/install/nav2_msgs:/home/agilex/limo_ros2_ws/src/install/dwb_msgs:/home/agilex/limo_ros2_ws/src/install/nav_2d_msgs:/home/agilex/limo_ros2_ws/src/install/nav2_common:${AMENT_PREFIX_PATH} CMAKE_PREFIX_PATH=/home/agilex/limo_ros2_ws/src/install/nav2_core:/home/agilex/limo_ros2_ws/src/install/nav2_costmap_2d:/home/agilex/limo_ros2_ws/src/install/nav_2d_utils:/home/agilex/limo_ros2_ws/src/install/nav2_util:/home/agilex/limo_ros2_ws/src/install/nav2_voxel_grid:/home/agilex/limo_ros2_ws/src/install/nav2_msgs:/home/agilex/limo_ros2_ws/src/install/dwb_msgs:/home/agilex/limo_ros2_ws/src/install/nav_2d_msgs:/home/agilex/limo_ros2_ws/src/install/nav2_common:/home/agilex/limo_ros2_ws/install/ydlidar_sdk:/home/agilex/limo_ros2_ws/install/ydlidar_ros2_driver:/home/agilex/limo_ros2_ws/install/teb_local_planner:/home/agilex/limo_ros2_ws/install/teb_msgs:/home/agilex/limo_ros2_ws/install/nav2_system_tests:/home/agilex/limo_ros2_ws/install/nav2_bringup:/home/agilex/limo_ros2_ws/install/navigation2:/home/agilex/limo_ros2_ws/install/smac_planner:/home/agilex/limo_ros2_ws/install/rf2o_laser_odometry:/home/agilex/limo_ros2_ws/install/orbbec_description:/home/agilex/limo_ros2_ws/install/orbbec_camera:/home/agilex/limo_ros2_ws/install/orbbec_camera_msgs:/home/agilex/limo_ros2_ws/install/nav2_dwb_controller:/home/agilex/limo_ros2_ws/install/nav2_controller:/home/agilex/limo_ros2_ws/install/dwb_plugins:/home/agilex/limo_ros2_ws/install/dwb_critics:/home/agilex/limo_ros2_ws/install/dwb_core:/home/agilex/limo_ros2_ws/install/nav_2d_utils:/home/agilex/limo_ros2_ws/install/dwb_msgs:/home/agilex/limo_ros2_ws/install/nav_2d_msgs:/home/agilex/limo_ros2_ws/install/nav2_waypoint_follower:/home/agilex/limo_ros2_ws/install/nav2_regulated_pure_pursuit_controller:/home/agilex/limo_ros2_ws/install/nav2_recoveries:/home/agilex/limo_ros2_ws/install/nav2_planner:/home/agilex/limo_ros2_ws/install/nav2_navfn_planner:/home/agilex/limo_ros2_ws/install/nav2_core:/home/agilex/limo_ros2_ws/install/costmap_queue:/home/agilex/limo_ros2_ws/install/costmap_converter:/home/agilex/limo_ros2_ws/install/nav2_costmap_2d:/home/agilex/limo_ros2_ws/install/nav2_voxel_grid:/home/agilex/limo_ros2_ws/install/nav2_rviz_plugins:/home/agilex/limo_ros2_ws/install/nav2_map_server:/home/agilex/limo_ros2_ws/install/nav2_lifecycle_manager:/home/agilex/limo_ros2_ws/install/nav2_bt_navigator:/home/agilex/limo_ros2_ws/install/nav2_behavior_tree:/home/agilex/limo_ros2_ws/install/nav2_amcl:/home/agilex/limo_ros2_ws/install/nav2_util:/home/agilex/limo_ros2_ws/install/nav2_msgs:/home/agilex/limo_ros2_ws/install/nav2_common:/home/agilex/limo_ros2_ws/install/magic_enum:/home/agilex/limo_ros2_ws/install/limo_visions:/home/agilex/limo_ros2_ws/install/limo_bringup:/home/agilex/limo_ros2_ws/install/limo_base:/home/agilex/limo_ros2_ws/install/limo_msgs:/home/agilex/limo_ros2_ws/install/limo_description:/home/agilex/limo_ros2_ws/install/libuvc:/home/agilex/limo_ros2_ws/install/glog:/home/agilex/limo_ros2_ws/install/costmap_converter_msgs:/home/agilex/limo_ros2_ws/install/astra_camera:/home/agilex/limo_ros2_ws/install/astra_camera_msgs:/home/agilex/limo_ros2_ws/install/nav2_gazebo_spawner:/opt/ros/foxy LD_LIBRARY_PATH=/home/agilex/limo_ros2_ws/src/install/nav2_costmap_2d/lib:/home/agilex/limo_ros2_ws/src/install/nav_2d_utils/lib:/home/agilex/limo_ros2_ws/src/install/nav2_util/lib:/home/agilex/limo_ros2_ws/src/install/nav2_voxel_grid/lib:/home/agilex/limo_ros2_ws/src/install/nav2_msgs/lib:/home/agilex/limo_ros2_ws/src/install/dwb_msgs/lib:/home/agilex/limo_ros2_ws/src/install/nav_2d_msgs/lib:${LD_LIBRARY_PATH} PYTHONPATH=/home/agilex/limo_ros2_ws/src/install/nav2_msgs/lib/python3.8/site-packages:/home/agilex/limo_ros2_ws/src/install/dwb_msgs/lib/python3.8/site-packages:/home/agilex/limo_ros2_ws/src/install/nav_2d_msgs/lib/python3.8/site-packages:/home/agilex/limo_ros2_ws/src/install/nav2_common/lib/python3.8/site-packages:${PYTHONPATH} /usr/bin/cmake --install /home/agilex/limo_ros2_ws/src/build/dwb_core
[133.337s] -- Install configuration: "Release"
[133.337s] -- Installing: /home/agilex/limo_ros2_ws/src/install/dwb_core/lib/libdwb_core.so
[133.338s] -- Set runtime path of "/home/agilex/limo_ros2_ws/src/install/dwb_core/lib/libdwb_core.so" to ""
[133.338s] -- Installing: /home/agilex/limo_ros2_ws/src/install/dwb_core/include/
[133.338s] -- Installing: /home/agilex/limo_ros2_ws/src/install/dwb_core/include//dwb_core
[133.338s] -- Installing: /home/agilex/limo_ros2_ws/src/install/dwb_core/include//dwb_core/exceptions.hpp
[133.338s] -- Installing: /home/agilex/limo_ros2_ws/src/install/dwb_core/include//dwb_core/publisher.hpp
[133.338s] -- Installing: /home/agilex/limo_ros2_ws/src/install/dwb_core/include//dwb_core/illegal_trajectory_tracker.hpp
[133.338s] -- Installing: /home/agilex/limo_ros2_ws/src/install/dwb_core/include//dwb_core/dwb_local_planner.hpp
[133.338s] -- Installing: /home/agilex/limo_ros2_ws/src/install/dwb_core/include//dwb_core/trajectory_utils.hpp
[133.339s] -- Installing: /home/agilex/limo_ros2_ws/src/install/dwb_core/include//dwb_core/trajectory_generator.hpp
[133.339s] -- Installing: /home/agilex/limo_ros2_ws/src/install/dwb_core/include//dwb_core/trajectory_critic.hpp
[133.339s] -- Installing: /home/agilex/limo_ros2_ws/src/install/dwb_core/share/dwb_core/environment/library_path.sh
[133.339s] -- Installing: /home/agilex/limo_ros2_ws/src/install/dwb_core/share/dwb_core/environment/library_path.dsv
[133.339s] -- Installing: /home/agilex/limo_ros2_ws/src/install/dwb_core/share/dwb_core/local_planner_plugin.xml
[133.339s] -- Installing: /home/agilex/limo_ros2_ws/src/install/dwb_core/share/ament_index/resource_index/package_run_dependencies/dwb_core
[133.339s] -- Installing: /home/agilex/limo_ros2_ws/src/install/dwb_core/share/ament_index/resource_index/parent_prefix_path/dwb_core
[133.339s] -- Installing: /home/agilex/limo_ros2_ws/src/install/dwb_core/share/dwb_core/environment/ament_prefix_path.sh
[133.339s] -- Installing: /home/agilex/limo_ros2_ws/src/install/dwb_core/share/dwb_core/environment/ament_prefix_path.dsv
[133.340s] -- Installing: /home/agilex/limo_ros2_ws/src/install/dwb_core/share/dwb_core/environment/path.sh
[133.340s] -- Installing: /home/agilex/limo_ros2_ws/src/install/dwb_core/share/dwb_core/environment/path.dsv
[133.340s] -- Installing: /home/agilex/limo_ros2_ws/src/install/dwb_core/share/dwb_core/local_setup.bash
[133.340s] -- Installing: /home/agilex/limo_ros2_ws/src/install/dwb_core/share/dwb_core/local_setup.sh
[133.340s] -- Installing: /home/agilex/limo_ros2_ws/src/install/dwb_core/share/dwb_core/local_setup.zsh
[133.340s] -- Installing: /home/agilex/limo_ros2_ws/src/install/dwb_core/share/dwb_core/local_setup.dsv
[133.340s] -- Installing: /home/agilex/limo_ros2_ws/src/install/dwb_core/share/dwb_core/package.dsv
[133.340s] -- Installing: /home/agilex/limo_ros2_ws/src/install/dwb_core/share/ament_index/resource_index/packages/dwb_core
[133.341s] -- Installing: /home/agilex/limo_ros2_ws/src/install/dwb_core/share/ament_index/resource_index/nav2_core__pluginlib__plugin/dwb_core
[133.341s] -- Installing: /home/agilex/limo_ros2_ws/src/install/dwb_core/share/dwb_core/cmake/ament_cmake_export_include_directories-extras.cmake
[133.341s] -- Installing: /home/agilex/limo_ros2_ws/src/install/dwb_core/share/dwb_core/cmake/ament_cmake_export_libraries-extras.cmake
[133.341s] -- Installing: /home/agilex/limo_ros2_ws/src/install/dwb_core/share/dwb_core/cmake/ament_cmake_export_dependencies-extras.cmake
[133.341s] -- Installing: /home/agilex/limo_ros2_ws/src/install/dwb_core/share/dwb_core/cmake/ament_cmake_export_definitions-extras.cmake
[133.341s] -- Installing: /home/agilex/limo_ros2_ws/src/install/dwb_core/share/dwb_core/cmake/dwb_coreConfig.cmake
[133.341s] -- Installing: /home/agilex/limo_ros2_ws/src/install/dwb_core/share/dwb_core/cmake/dwb_coreConfig-version.cmake
[133.341s] -- Installing: /home/agilex/limo_ros2_ws/src/install/dwb_core/share/dwb_core/package.xml
[133.378s] Invoked command in '/home/agilex/limo_ros2_ws/src/build/dwb_core' returned '0': AMENT_PREFIX_PATH=/home/agilex/limo_ros2_ws/src/install/nav2_core:/home/agilex/limo_ros2_ws/src/install/nav2_costmap_2d:/home/agilex/limo_ros2_ws/src/install/nav_2d_utils:/home/agilex/limo_ros2_ws/src/install/nav2_util:/home/agilex/limo_ros2_ws/src/install/nav2_voxel_grid:/home/agilex/limo_ros2_ws/src/install/nav2_msgs:/home/agilex/limo_ros2_ws/src/install/dwb_msgs:/home/agilex/limo_ros2_ws/src/install/nav_2d_msgs:/home/agilex/limo_ros2_ws/src/install/nav2_common:${AMENT_PREFIX_PATH} CMAKE_PREFIX_PATH=/home/agilex/limo_ros2_ws/src/install/nav2_core:/home/agilex/limo_ros2_ws/src/install/nav2_costmap_2d:/home/agilex/limo_ros2_ws/src/install/nav_2d_utils:/home/agilex/limo_ros2_ws/src/install/nav2_util:/home/agilex/limo_ros2_ws/src/install/nav2_voxel_grid:/home/agilex/limo_ros2_ws/src/install/nav2_msgs:/home/agilex/limo_ros2_ws/src/install/dwb_msgs:/home/agilex/limo_ros2_ws/src/install/nav_2d_msgs:/home/agilex/limo_ros2_ws/src/install/nav2_common:/home/agilex/limo_ros2_ws/install/ydlidar_sdk:/home/agilex/limo_ros2_ws/install/ydlidar_ros2_driver:/home/agilex/limo_ros2_ws/install/teb_local_planner:/home/agilex/limo_ros2_ws/install/teb_msgs:/home/agilex/limo_ros2_ws/install/nav2_system_tests:/home/agilex/limo_ros2_ws/install/nav2_bringup:/home/agilex/limo_ros2_ws/install/navigation2:/home/agilex/limo_ros2_ws/install/smac_planner:/home/agilex/limo_ros2_ws/install/rf2o_laser_odometry:/home/agilex/limo_ros2_ws/install/orbbec_description:/home/agilex/limo_ros2_ws/install/orbbec_camera:/home/agilex/limo_ros2_ws/install/orbbec_camera_msgs:/home/agilex/limo_ros2_ws/install/nav2_dwb_controller:/home/agilex/limo_ros2_ws/install/nav2_controller:/home/agilex/limo_ros2_ws/install/dwb_plugins:/home/agilex/limo_ros2_ws/install/dwb_critics:/home/agilex/limo_ros2_ws/install/dwb_core:/home/agilex/limo_ros2_ws/install/nav_2d_utils:/home/agilex/limo_ros2_ws/install/dwb_msgs:/home/agilex/limo_ros2_ws/install/nav_2d_msgs:/home/agilex/limo_ros2_ws/install/nav2_waypoint_follower:/home/agilex/limo_ros2_ws/install/nav2_regulated_pure_pursuit_controller:/home/agilex/limo_ros2_ws/install/nav2_recoveries:/home/agilex/limo_ros2_ws/install/nav2_planner:/home/agilex/limo_ros2_ws/install/nav2_navfn_planner:/home/agilex/limo_ros2_ws/install/nav2_core:/home/agilex/limo_ros2_ws/install/costmap_queue:/home/agilex/limo_ros2_ws/install/costmap_converter:/home/agilex/limo_ros2_ws/install/nav2_costmap_2d:/home/agilex/limo_ros2_ws/install/nav2_voxel_grid:/home/agilex/limo_ros2_ws/install/nav2_rviz_plugins:/home/agilex/limo_ros2_ws/install/nav2_map_server:/home/agilex/limo_ros2_ws/install/nav2_lifecycle_manager:/home/agilex/limo_ros2_ws/install/nav2_bt_navigator:/home/agilex/limo_ros2_ws/install/nav2_behavior_tree:/home/agilex/limo_ros2_ws/install/nav2_amcl:/home/agilex/limo_ros2_ws/install/nav2_util:/home/agilex/limo_ros2_ws/install/nav2_msgs:/home/agilex/limo_ros2_ws/install/nav2_common:/home/agilex/limo_ros2_ws/install/magic_enum:/home/agilex/limo_ros2_ws/install/limo_visions:/home/agilex/limo_ros2_ws/install/limo_bringup:/home/agilex/limo_ros2_ws/install/limo_base:/home/agilex/limo_ros2_ws/install/limo_msgs:/home/agilex/limo_ros2_ws/install/limo_description:/home/agilex/limo_ros2_ws/install/libuvc:/home/agilex/limo_ros2_ws/install/glog:/home/agilex/limo_ros2_ws/install/costmap_converter_msgs:/home/agilex/limo_ros2_ws/install/astra_camera:/home/agilex/limo_ros2_ws/install/astra_camera_msgs:/home/agilex/limo_ros2_ws/install/nav2_gazebo_spawner:/opt/ros/foxy LD_LIBRARY_PATH=/home/agilex/limo_ros2_ws/src/install/nav2_costmap_2d/lib:/home/agilex/limo_ros2_ws/src/install/nav_2d_utils/lib:/home/agilex/limo_ros2_ws/src/install/nav2_util/lib:/home/agilex/limo_ros2_ws/src/install/nav2_voxel_grid/lib:/home/agilex/limo_ros2_ws/src/install/nav2_msgs/lib:/home/agilex/limo_ros2_ws/src/install/dwb_msgs/lib:/home/agilex/limo_ros2_ws/src/install/nav_2d_msgs/lib:${LD_LIBRARY_PATH} PYTHONPATH=/home/agilex/limo_ros2_ws/src/install/nav2_msgs/lib/python3.8/site-packages:/home/agilex/limo_ros2_ws/src/install/dwb_msgs/lib/python3.8/site-packages:/home/agilex/limo_ros2_ws/src/install/nav_2d_msgs/lib/python3.8/site-packages:/home/agilex/limo_ros2_ws/src/install/nav2_common/lib/python3.8/site-packages:${PYTHONPATH} /usr/bin/cmake --install /home/agilex/limo_ros2_ws/src/build/dwb_core
