[0.168s] Invoking command in '/home/agilex/limo_ros2_ws/src/build/teb_msgs': AMENT_PREFIX_PATH=/home/agilex/limo_ros2_ws/src/install/costmap_converter_msgs:${AMENT_PREFIX_PATH} CMAKE_PREFIX_PATH=/home/agilex/limo_ros2_ws/src/install/costmap_converter_msgs:/home/agilex/limo_ros2_ws/install/ydlidar_sdk:/home/agilex/limo_ros2_ws/install/ydlidar_ros2_driver:/home/agilex/limo_ros2_ws/install/teb_local_planner:/home/agilex/limo_ros2_ws/install/teb_msgs:/home/agilex/limo_ros2_ws/install/nav2_system_tests:/home/agilex/limo_ros2_ws/install/nav2_bringup:/home/agilex/limo_ros2_ws/install/navigation2:/home/agilex/limo_ros2_ws/install/smac_planner:/home/agilex/limo_ros2_ws/install/rf2o_laser_odometry:/home/agilex/limo_ros2_ws/install/orbbec_description:/home/agilex/limo_ros2_ws/install/orbbec_camera:/home/agilex/limo_ros2_ws/install/orbbec_camera_msgs:/home/agilex/limo_ros2_ws/install/nav2_dwb_controller:/home/agilex/limo_ros2_ws/install/nav2_controller:/home/agilex/limo_ros2_ws/install/dwb_plugins:/home/agilex/limo_ros2_ws/install/dwb_critics:/home/agilex/limo_ros2_ws/install/dwb_core:/home/agilex/limo_ros2_ws/install/nav_2d_utils:/home/agilex/limo_ros2_ws/install/dwb_msgs:/home/agilex/limo_ros2_ws/install/nav_2d_msgs:/home/agilex/limo_ros2_ws/install/nav2_waypoint_follower:/home/agilex/limo_ros2_ws/install/nav2_regulated_pure_pursuit_controller:/home/agilex/limo_ros2_ws/install/nav2_recoveries:/home/agilex/limo_ros2_ws/install/nav2_planner:/home/agilex/limo_ros2_ws/install/nav2_navfn_planner:/home/agilex/limo_ros2_ws/install/nav2_core:/home/agilex/limo_ros2_ws/install/costmap_queue:/home/agilex/limo_ros2_ws/install/costmap_converter:/home/agilex/limo_ros2_ws/install/nav2_costmap_2d:/home/agilex/limo_ros2_ws/install/nav2_voxel_grid:/home/agilex/limo_ros2_ws/install/nav2_rviz_plugins:/home/agilex/limo_ros2_ws/install/nav2_map_server:/home/agilex/limo_ros2_ws/install/nav2_lifecycle_manager:/home/agilex/limo_ros2_ws/install/nav2_bt_navigator:/home/agilex/limo_ros2_ws/install/nav2_behavior_tree:/home/agilex/limo_ros2_ws/install/nav2_amcl:/home/agilex/limo_ros2_ws/install/nav2_util:/home/agilex/limo_ros2_ws/install/nav2_msgs:/home/agilex/limo_ros2_ws/install/nav2_common:/home/agilex/limo_ros2_ws/install/magic_enum:/home/agilex/limo_ros2_ws/install/limo_visions:/home/agilex/limo_ros2_ws/install/limo_bringup:/home/agilex/limo_ros2_ws/install/limo_base:/home/agilex/limo_ros2_ws/install/limo_msgs:/home/agilex/limo_ros2_ws/install/limo_description:/home/agilex/limo_ros2_ws/install/libuvc:/home/agilex/limo_ros2_ws/install/glog:/home/agilex/limo_ros2_ws/install/costmap_converter_msgs:/home/agilex/limo_ros2_ws/install/astra_camera:/home/agilex/limo_ros2_ws/install/astra_camera_msgs:/home/agilex/limo_ros2_ws/install/nav2_gazebo_spawner:/opt/ros/foxy LD_LIBRARY_PATH=/home/agilex/limo_ros2_ws/src/install/costmap_converter_msgs/lib:${LD_LIBRARY_PATH} PYTHONPATH=/home/agilex/limo_ros2_ws/src/install/costmap_converter_msgs/lib/python3.8/site-packages:${PYTHONPATH} /usr/bin/cmake /home/agilex/limo_ros2_ws/src/teb_local_planner/teb_msgs -DCMAKE_INSTALL_PREFIX=/home/agilex/limo_ros2_ws/src/install/teb_msgs
[0.381s] -- The C compiler identification is GNU 9.4.0
[0.599s] -- The CXX compiler identification is GNU 9.4.0
[0.622s] -- Check for working C compiler: /usr/bin/cc
[0.979s] -- Check for working C compiler: /usr/bin/cc -- works
[0.979s] -- Detecting C compiler ABI info
[1.328s] -- Detecting C compiler ABI info - done
[1.355s] -- Detecting C compile features
[1.355s] -- Detecting C compile features - done
[1.361s] -- Check for working CXX compiler: /usr/bin/c++
[1.950s] -- Check for working CXX compiler: /usr/bin/c++ -- works
[1.952s] -- Detecting CXX compiler ABI info
[2.747s] -- Detecting CXX compiler ABI info - done
[2.783s] -- Detecting CXX compile features
[2.799s] -- Detecting CXX compile features - done
[2.842s] -- Found ament_cmake: 0.9.12 (/opt/ros/foxy/share/ament_cmake/cmake)
[3.147s] -- Found PythonInterp: /usr/bin/python3 (found suitable version "3.8.10", minimum required is "3") 
[3.147s] -- Using PYTHON_EXECUTABLE: /usr/bin/python3
[5.037s] -- Found builtin_interfaces: 1.0.0 (/opt/ros/foxy/share/builtin_interfaces/cmake)
[5.311s] -- Using all available rosidl_typesupport_c: rosidl_typesupport_fastrtps_c;rosidl_typesupport_introspection_c
[5.400s] -- Found rosidl_adapter: 1.3.1 (/opt/ros/foxy/share/rosidl_adapter/cmake)
[6.242s] -- Found OpenSSL: /usr/lib/aarch64-linux-gnu/libcrypto.so (found version "1.1.1f")  
[6.417s] -- Found FastRTPS: /opt/ros/foxy/include  
[6.942s] -- Using all available rosidl_typesupport_cpp: rosidl_typesupport_fastrtps_cpp;rosidl_typesupport_introspection_cpp
[7.125s] -- Found costmap_converter_msgs: 0.1.2 (/home/agilex/limo_ros2_ws/src/install/costmap_converter_msgs/share/costmap_converter_msgs/cmake)
[7.796s] -- Found rosidl_default_generators: 1.0.1 (/opt/ros/foxy/share/rosidl_default_generators/cmake)
[8.066s] -- Found PythonInterp: /usr/bin/python3 (found version "3.8.10") 
[9.265s] -- Found ament_cmake_ros: 0.9.2 (/opt/ros/foxy/share/ament_cmake_ros/cmake)
[10.807s] -- Using all available rosidl_typesupport_c: rosidl_typesupport_fastrtps_c;rosidl_typesupport_introspection_c
[11.411s] -- Using all available rosidl_typesupport_cpp: rosidl_typesupport_fastrtps_cpp;rosidl_typesupport_introspection_cpp
[11.661s] -- Found PythonInterp: /usr/bin/python3 (found suitable version "3.8.10", minimum required is "3.5") 
[11.689s] -- Found python_cmake_module: 0.8.1 (/opt/ros/foxy/share/python_cmake_module/cmake)
[11.915s] -- Found PythonLibs: /usr/lib/aarch64-linux-gnu/libpython3.8.so (found suitable version "3.8.10", minimum required is "3.5") 
[11.915s] -- Using PYTHON_EXECUTABLE: /usr/bin/python3
[11.915s] -- Using PYTHON_INCLUDE_DIRS: /usr/include/python3.8
[11.916s] -- Using PYTHON_LIBRARIES: /usr/lib/aarch64-linux-gnu/libpython3.8.so
[12.039s] -- Found PythonExtra: .so  
[12.632s] -- Configuring done
[13.028s] -- Generating done
[13.048s] -- Build files have been written to: /home/agilex/limo_ros2_ws/src/build/teb_msgs
[13.114s] Invoked command in '/home/agilex/limo_ros2_ws/src/build/teb_msgs' returned '0': AMENT_PREFIX_PATH=/home/agilex/limo_ros2_ws/src/install/costmap_converter_msgs:${AMENT_PREFIX_PATH} CMAKE_PREFIX_PATH=/home/agilex/limo_ros2_ws/src/install/costmap_converter_msgs:/home/agilex/limo_ros2_ws/install/ydlidar_sdk:/home/agilex/limo_ros2_ws/install/ydlidar_ros2_driver:/home/agilex/limo_ros2_ws/install/teb_local_planner:/home/agilex/limo_ros2_ws/install/teb_msgs:/home/agilex/limo_ros2_ws/install/nav2_system_tests:/home/agilex/limo_ros2_ws/install/nav2_bringup:/home/agilex/limo_ros2_ws/install/navigation2:/home/agilex/limo_ros2_ws/install/smac_planner:/home/agilex/limo_ros2_ws/install/rf2o_laser_odometry:/home/agilex/limo_ros2_ws/install/orbbec_description:/home/agilex/limo_ros2_ws/install/orbbec_camera:/home/agilex/limo_ros2_ws/install/orbbec_camera_msgs:/home/agilex/limo_ros2_ws/install/nav2_dwb_controller:/home/agilex/limo_ros2_ws/install/nav2_controller:/home/agilex/limo_ros2_ws/install/dwb_plugins:/home/agilex/limo_ros2_ws/install/dwb_critics:/home/agilex/limo_ros2_ws/install/dwb_core:/home/agilex/limo_ros2_ws/install/nav_2d_utils:/home/agilex/limo_ros2_ws/install/dwb_msgs:/home/agilex/limo_ros2_ws/install/nav_2d_msgs:/home/agilex/limo_ros2_ws/install/nav2_waypoint_follower:/home/agilex/limo_ros2_ws/install/nav2_regulated_pure_pursuit_controller:/home/agilex/limo_ros2_ws/install/nav2_recoveries:/home/agilex/limo_ros2_ws/install/nav2_planner:/home/agilex/limo_ros2_ws/install/nav2_navfn_planner:/home/agilex/limo_ros2_ws/install/nav2_core:/home/agilex/limo_ros2_ws/install/costmap_queue:/home/agilex/limo_ros2_ws/install/costmap_converter:/home/agilex/limo_ros2_ws/install/nav2_costmap_2d:/home/agilex/limo_ros2_ws/install/nav2_voxel_grid:/home/agilex/limo_ros2_ws/install/nav2_rviz_plugins:/home/agilex/limo_ros2_ws/install/nav2_map_server:/home/agilex/limo_ros2_ws/install/nav2_lifecycle_manager:/home/agilex/limo_ros2_ws/install/nav2_bt_navigator:/home/agilex/limo_ros2_ws/install/nav2_behavior_tree:/home/agilex/limo_ros2_ws/install/nav2_amcl:/home/agilex/limo_ros2_ws/install/nav2_util:/home/agilex/limo_ros2_ws/install/nav2_msgs:/home/agilex/limo_ros2_ws/install/nav2_common:/home/agilex/limo_ros2_ws/install/magic_enum:/home/agilex/limo_ros2_ws/install/limo_visions:/home/agilex/limo_ros2_ws/install/limo_bringup:/home/agilex/limo_ros2_ws/install/limo_base:/home/agilex/limo_ros2_ws/install/limo_msgs:/home/agilex/limo_ros2_ws/install/limo_description:/home/agilex/limo_ros2_ws/install/libuvc:/home/agilex/limo_ros2_ws/install/glog:/home/agilex/limo_ros2_ws/install/costmap_converter_msgs:/home/agilex/limo_ros2_ws/install/astra_camera:/home/agilex/limo_ros2_ws/install/astra_camera_msgs:/home/agilex/limo_ros2_ws/install/nav2_gazebo_spawner:/opt/ros/foxy LD_LIBRARY_PATH=/home/agilex/limo_ros2_ws/src/install/costmap_converter_msgs/lib:${LD_LIBRARY_PATH} PYTHONPATH=/home/agilex/limo_ros2_ws/src/install/costmap_converter_msgs/lib/python3.8/site-packages:${PYTHONPATH} /usr/bin/cmake /home/agilex/limo_ros2_ws/src/teb_local_planner/teb_msgs -DCMAKE_INSTALL_PREFIX=/home/agilex/limo_ros2_ws/src/install/teb_msgs
[13.116s] Invoking command in '/home/agilex/limo_ros2_ws/src/build/teb_msgs': AMENT_PREFIX_PATH=/home/agilex/limo_ros2_ws/src/install/costmap_converter_msgs:${AMENT_PREFIX_PATH} CMAKE_PREFIX_PATH=/home/agilex/limo_ros2_ws/src/install/costmap_converter_msgs:/home/agilex/limo_ros2_ws/install/ydlidar_sdk:/home/agilex/limo_ros2_ws/install/ydlidar_ros2_driver:/home/agilex/limo_ros2_ws/install/teb_local_planner:/home/agilex/limo_ros2_ws/install/teb_msgs:/home/agilex/limo_ros2_ws/install/nav2_system_tests:/home/agilex/limo_ros2_ws/install/nav2_bringup:/home/agilex/limo_ros2_ws/install/navigation2:/home/agilex/limo_ros2_ws/install/smac_planner:/home/agilex/limo_ros2_ws/install/rf2o_laser_odometry:/home/agilex/limo_ros2_ws/install/orbbec_description:/home/agilex/limo_ros2_ws/install/orbbec_camera:/home/agilex/limo_ros2_ws/install/orbbec_camera_msgs:/home/agilex/limo_ros2_ws/install/nav2_dwb_controller:/home/agilex/limo_ros2_ws/install/nav2_controller:/home/agilex/limo_ros2_ws/install/dwb_plugins:/home/agilex/limo_ros2_ws/install/dwb_critics:/home/agilex/limo_ros2_ws/install/dwb_core:/home/agilex/limo_ros2_ws/install/nav_2d_utils:/home/agilex/limo_ros2_ws/install/dwb_msgs:/home/agilex/limo_ros2_ws/install/nav_2d_msgs:/home/agilex/limo_ros2_ws/install/nav2_waypoint_follower:/home/agilex/limo_ros2_ws/install/nav2_regulated_pure_pursuit_controller:/home/agilex/limo_ros2_ws/install/nav2_recoveries:/home/agilex/limo_ros2_ws/install/nav2_planner:/home/agilex/limo_ros2_ws/install/nav2_navfn_planner:/home/agilex/limo_ros2_ws/install/nav2_core:/home/agilex/limo_ros2_ws/install/costmap_queue:/home/agilex/limo_ros2_ws/install/costmap_converter:/home/agilex/limo_ros2_ws/install/nav2_costmap_2d:/home/agilex/limo_ros2_ws/install/nav2_voxel_grid:/home/agilex/limo_ros2_ws/install/nav2_rviz_plugins:/home/agilex/limo_ros2_ws/install/nav2_map_server:/home/agilex/limo_ros2_ws/install/nav2_lifecycle_manager:/home/agilex/limo_ros2_ws/install/nav2_bt_navigator:/home/agilex/limo_ros2_ws/install/nav2_behavior_tree:/home/agilex/limo_ros2_ws/install/nav2_amcl:/home/agilex/limo_ros2_ws/install/nav2_util:/home/agilex/limo_ros2_ws/install/nav2_msgs:/home/agilex/limo_ros2_ws/install/nav2_common:/home/agilex/limo_ros2_ws/install/magic_enum:/home/agilex/limo_ros2_ws/install/limo_visions:/home/agilex/limo_ros2_ws/install/limo_bringup:/home/agilex/limo_ros2_ws/install/limo_base:/home/agilex/limo_ros2_ws/install/limo_msgs:/home/agilex/limo_ros2_ws/install/limo_description:/home/agilex/limo_ros2_ws/install/libuvc:/home/agilex/limo_ros2_ws/install/glog:/home/agilex/limo_ros2_ws/install/costmap_converter_msgs:/home/agilex/limo_ros2_ws/install/astra_camera:/home/agilex/limo_ros2_ws/install/astra_camera_msgs:/home/agilex/limo_ros2_ws/install/nav2_gazebo_spawner:/opt/ros/foxy LD_LIBRARY_PATH=/home/agilex/limo_ros2_ws/src/install/costmap_converter_msgs/lib:${LD_LIBRARY_PATH} PYTHONPATH=/home/agilex/limo_ros2_ws/src/install/costmap_converter_msgs/lib/python3.8/site-packages:${PYTHONPATH} /usr/bin/cmake --build /home/agilex/limo_ros2_ws/src/build/teb_msgs -- -j6 -l6
[19.469s] [35m[1mScanning dependencies of target teb_msgs__cpp[0m
[19.469s] [  2%] [34m[1mGenerating C code for ROS interfaces[0m
[19.469s] [  4%] [34m[1mGenerating C++ code for ROS interfaces[0m
[19.469s] [  4%] Built target teb_msgs__cpp
[19.470s] [35m[1mScanning dependencies of target teb_msgs__rosidl_generator_c[0m
[19.470s] [  6%] [34m[1mGenerating C++ introspection for ROS interfaces[0m
[19.470s] [  8%] [34m[1mGenerating C++ type support dispatch for ROS interfaces[0m
[19.470s] [ 10%] [34m[1mGenerating C++ type support for eProsima Fast-RTPS[0m
[19.470s] [ 12%] [32mBuilding C object CMakeFiles/teb_msgs__rosidl_generator_c.dir/rosidl_generator_c/teb_msgs/msg/detail/trajectory_msg__functions.c.o[0m
[19.470s] [ 14%] [32mBuilding C object CMakeFiles/teb_msgs__rosidl_generator_c.dir/rosidl_generator_c/teb_msgs/msg/detail/feedback_msg__functions.c.o[0m
[19.470s] [ 17%] [32mBuilding C object CMakeFiles/teb_msgs__rosidl_generator_c.dir/rosidl_generator_c/teb_msgs/msg/detail/trajectory_point_msg__functions.c.o[0m
[19.470s] [ 19%] [32m[1mLinking C shared library libteb_msgs__rosidl_generator_c.so[0m
[19.471s] [ 19%] Built target teb_msgs__rosidl_generator_c
[19.471s] [ 21%] [34m[1mGenerating C introspection for ROS interfaces[0m
[19.471s] [ 23%] [34m[1mGenerating C type support dispatch for ROS interfaces[0m
[19.832s] [35m[1mScanning dependencies of target teb_msgs__rosidl_typesupport_cpp[0m
[19.891s] [35m[1mScanning dependencies of target teb_msgs__rosidl_typesupport_introspection_cpp[0m
[19.991s] [ 25%] [32mBuilding CXX object CMakeFiles/teb_msgs__rosidl_typesupport_cpp.dir/rosidl_typesupport_cpp/teb_msgs/msg/feedback_msg__type_support.cpp.o[0m
[20.057s] [ 27%] [32mBuilding CXX object CMakeFiles/teb_msgs__rosidl_typesupport_introspection_cpp.dir/rosidl_typesupport_introspection_cpp/teb_msgs/msg/detail/feedback_msg__type_support.cpp.o[0m
[20.393s] [35m[1mScanning dependencies of target teb_msgs__rosidl_typesupport_fastrtps_cpp[0m
[20.570s] [ 29%] [32mBuilding CXX object CMakeFiles/teb_msgs__rosidl_typesupport_fastrtps_cpp.dir/rosidl_typesupport_fastrtps_cpp/teb_msgs/msg/detail/dds_fastrtps/feedback_msg__type_support.cpp.o[0m
[20.760s] [35m[1mScanning dependencies of target teb_msgs__rosidl_typesupport_c[0m
[20.811s] [ 31%] [32mBuilding CXX object CMakeFiles/teb_msgs__rosidl_typesupport_c.dir/rosidl_typesupport_c/teb_msgs/msg/feedback_msg__type_support.cpp.o[0m
[21.030s] [ 34%] [32mBuilding CXX object CMakeFiles/teb_msgs__rosidl_typesupport_c.dir/rosidl_typesupport_c/teb_msgs/msg/trajectory_msg__type_support.cpp.o[0m
[21.266s] [35m[1mScanning dependencies of target teb_msgs__rosidl_typesupport_introspection_c[0m
[21.295s] [ 36%] [32mBuilding CXX object CMakeFiles/teb_msgs__rosidl_typesupport_c.dir/rosidl_typesupport_c/teb_msgs/msg/trajectory_point_msg__type_support.cpp.o[0m
[21.408s] [ 38%] [32mBuilding C object CMakeFiles/teb_msgs__rosidl_typesupport_introspection_c.dir/rosidl_typesupport_introspection_c/teb_msgs/msg/detail/feedback_msg__type_support.c.o[0m
[21.540s] [ 40%] [32m[1mLinking CXX shared library libteb_msgs__rosidl_typesupport_c.so[0m
[21.640s] [ 42%] [32mBuilding CXX object CMakeFiles/teb_msgs__rosidl_typesupport_cpp.dir/rosidl_typesupport_cpp/teb_msgs/msg/trajectory_msg__type_support.cpp.o[0m
[21.650s] [ 44%] [32mBuilding C object CMakeFiles/teb_msgs__rosidl_typesupport_introspection_c.dir/rosidl_typesupport_introspection_c/teb_msgs/msg/detail/trajectory_msg__type_support.c.o[0m
[21.676s] [ 44%] Built target teb_msgs__rosidl_typesupport_c
[21.882s] [ 46%] [32mBuilding C object CMakeFiles/teb_msgs__rosidl_typesupport_introspection_c.dir/rosidl_typesupport_introspection_c/teb_msgs/msg/detail/trajectory_point_msg__type_support.c.o[0m
[22.089s] [ 48%] [32m[1mLinking C shared library libteb_msgs__rosidl_typesupport_introspection_c.so[0m
[22.328s] [ 48%] Built target teb_msgs__rosidl_typesupport_introspection_c
[22.995s] [ 51%] [32mBuilding CXX object CMakeFiles/teb_msgs__rosidl_typesupport_introspection_cpp.dir/rosidl_typesupport_introspection_cpp/teb_msgs/msg/detail/trajectory_point_msg__type_support.cpp.o[0m
[23.010s] [ 53%] [32mBuilding CXX object CMakeFiles/teb_msgs__rosidl_typesupport_fastrtps_cpp.dir/rosidl_typesupport_fastrtps_cpp/teb_msgs/msg/detail/dds_fastrtps/trajectory_msg__type_support.cpp.o[0m
[23.289s] [ 55%] [32mBuilding CXX object CMakeFiles/teb_msgs__rosidl_typesupport_cpp.dir/rosidl_typesupport_cpp/teb_msgs/msg/trajectory_point_msg__type_support.cpp.o[0m
[24.148s] [ 57%] [32m[1mLinking CXX shared library libteb_msgs__rosidl_typesupport_cpp.so[0m
[24.458s] [ 57%] Built target teb_msgs__rosidl_typesupport_cpp
[24.462s] [ 59%] [32mBuilding CXX object CMakeFiles/teb_msgs__rosidl_typesupport_introspection_cpp.dir/rosidl_typesupport_introspection_cpp/teb_msgs/msg/detail/trajectory_msg__type_support.cpp.o[0m
[25.231s] [ 61%] [32mBuilding CXX object CMakeFiles/teb_msgs__rosidl_typesupport_fastrtps_cpp.dir/rosidl_typesupport_fastrtps_cpp/teb_msgs/msg/detail/dds_fastrtps/trajectory_point_msg__type_support.cpp.o[0m
[26.236s] [ 63%] [32m[1mLinking CXX shared library libteb_msgs__rosidl_typesupport_introspection_cpp.so[0m
[26.883s] [ 63%] Built target teb_msgs__rosidl_typesupport_introspection_cpp
[27.146s] [ 65%] [32m[1mLinking CXX shared library libteb_msgs__rosidl_typesupport_fastrtps_cpp.so[0m
[27.661s] [ 65%] Built target teb_msgs__rosidl_typesupport_fastrtps_cpp
[27.788s] [ 68%] [34m[1mGenerating C type support for eProsima Fast-RTPS[0m
[29.224s] [35m[1mScanning dependencies of target teb_msgs__rosidl_typesupport_fastrtps_c[0m
[29.338s] [ 70%] [32mBuilding CXX object CMakeFiles/teb_msgs__rosidl_typesupport_fastrtps_c.dir/rosidl_typesupport_fastrtps_c/teb_msgs/msg/detail/feedback_msg__type_support_c.cpp.o[0m
[30.768s] [ 72%] [32mBuilding CXX object CMakeFiles/teb_msgs__rosidl_typesupport_fastrtps_c.dir/rosidl_typesupport_fastrtps_c/teb_msgs/msg/detail/trajectory_point_msg__type_support_c.cpp.o[0m
[31.761s] [ 74%] [32mBuilding CXX object CMakeFiles/teb_msgs__rosidl_typesupport_fastrtps_c.dir/rosidl_typesupport_fastrtps_c/teb_msgs/msg/detail/trajectory_msg__type_support_c.cpp.o[0m
[32.841s] [ 76%] [32m[1mLinking CXX shared library libteb_msgs__rosidl_typesupport_fastrtps_c.so[0m
[33.169s] [ 76%] Built target teb_msgs__rosidl_typesupport_fastrtps_c
[33.239s] [35m[1mScanning dependencies of target teb_msgs[0m
[33.306s] [ 76%] Built target teb_msgs
[33.367s] [35m[1mScanning dependencies of target teb_msgs__py[0m
[33.462s] [ 78%] [34m[1mGenerating Python code for ROS interfaces[0m
[35.856s] [ 78%] Built target teb_msgs__py
[35.912s] [35m[1mScanning dependencies of target teb_msgs__python[0m
[36.028s] [ 80%] [32mBuilding C object CMakeFiles/teb_msgs__python.dir/rosidl_generator_py/teb_msgs/msg/_feedback_msg_s.c.o[0m
[36.377s] [ 82%] [32mBuilding C object CMakeFiles/teb_msgs__python.dir/rosidl_generator_py/teb_msgs/msg/_trajectory_point_msg_s.c.o[0m
[36.586s] [ 85%] [32mBuilding C object CMakeFiles/teb_msgs__python.dir/rosidl_generator_py/teb_msgs/msg/_trajectory_msg_s.c.o[0m
[36.803s] [ 87%] [32m[1mLinking C shared library rosidl_generator_py/teb_msgs/libteb_msgs__python.so[0m
[36.989s] [ 87%] Built target teb_msgs__python
[37.079s] [35m[1mScanning dependencies of target teb_msgs__rosidl_typesupport_fastrtps_c__pyext[0m
[37.209s] [ 89%] [32mBuilding C object CMakeFiles/teb_msgs__rosidl_typesupport_fastrtps_c__pyext.dir/rosidl_generator_py/teb_msgs/_teb_msgs_s.ep.rosidl_typesupport_fastrtps_c.c.o[0m
[37.600s] [ 91%] [32m[1mLinking CXX shared library rosidl_generator_py/teb_msgs/teb_msgs_s__rosidl_typesupport_fastrtps_c.cpython-38-aarch64-linux-gnu.so[0m
[37.990s] [ 91%] Built target teb_msgs__rosidl_typesupport_fastrtps_c__pyext
[38.047s] [35m[1mScanning dependencies of target teb_msgs__rosidl_typesupport_introspection_c__pyext[0m
[38.154s] [ 93%] [32mBuilding C object CMakeFiles/teb_msgs__rosidl_typesupport_introspection_c__pyext.dir/rosidl_generator_py/teb_msgs/_teb_msgs_s.ep.rosidl_typesupport_introspection_c.c.o[0m
[38.483s] [ 95%] [32m[1mLinking C shared library rosidl_generator_py/teb_msgs/teb_msgs_s__rosidl_typesupport_introspection_c.cpython-38-aarch64-linux-gnu.so[0m
[38.719s] [ 95%] Built target teb_msgs__rosidl_typesupport_introspection_c__pyext
[38.778s] [35m[1mScanning dependencies of target teb_msgs__rosidl_typesupport_c__pyext[0m
[38.897s] [ 97%] [32mBuilding C object CMakeFiles/teb_msgs__rosidl_typesupport_c__pyext.dir/rosidl_generator_py/teb_msgs/_teb_msgs_s.ep.rosidl_typesupport_c.c.o[0m
[39.180s] [100%] [32m[1mLinking C shared library rosidl_generator_py/teb_msgs/teb_msgs_s__rosidl_typesupport_c.cpython-38-aarch64-linux-gnu.so[0m
[39.451s] [100%] Built target teb_msgs__rosidl_typesupport_c__pyext
[39.539s] Invoked command in '/home/agilex/limo_ros2_ws/src/build/teb_msgs' returned '0': AMENT_PREFIX_PATH=/home/agilex/limo_ros2_ws/src/install/costmap_converter_msgs:${AMENT_PREFIX_PATH} CMAKE_PREFIX_PATH=/home/agilex/limo_ros2_ws/src/install/costmap_converter_msgs:/home/agilex/limo_ros2_ws/install/ydlidar_sdk:/home/agilex/limo_ros2_ws/install/ydlidar_ros2_driver:/home/agilex/limo_ros2_ws/install/teb_local_planner:/home/agilex/limo_ros2_ws/install/teb_msgs:/home/agilex/limo_ros2_ws/install/nav2_system_tests:/home/agilex/limo_ros2_ws/install/nav2_bringup:/home/agilex/limo_ros2_ws/install/navigation2:/home/agilex/limo_ros2_ws/install/smac_planner:/home/agilex/limo_ros2_ws/install/rf2o_laser_odometry:/home/agilex/limo_ros2_ws/install/orbbec_description:/home/agilex/limo_ros2_ws/install/orbbec_camera:/home/agilex/limo_ros2_ws/install/orbbec_camera_msgs:/home/agilex/limo_ros2_ws/install/nav2_dwb_controller:/home/agilex/limo_ros2_ws/install/nav2_controller:/home/agilex/limo_ros2_ws/install/dwb_plugins:/home/agilex/limo_ros2_ws/install/dwb_critics:/home/agilex/limo_ros2_ws/install/dwb_core:/home/agilex/limo_ros2_ws/install/nav_2d_utils:/home/agilex/limo_ros2_ws/install/dwb_msgs:/home/agilex/limo_ros2_ws/install/nav_2d_msgs:/home/agilex/limo_ros2_ws/install/nav2_waypoint_follower:/home/agilex/limo_ros2_ws/install/nav2_regulated_pure_pursuit_controller:/home/agilex/limo_ros2_ws/install/nav2_recoveries:/home/agilex/limo_ros2_ws/install/nav2_planner:/home/agilex/limo_ros2_ws/install/nav2_navfn_planner:/home/agilex/limo_ros2_ws/install/nav2_core:/home/agilex/limo_ros2_ws/install/costmap_queue:/home/agilex/limo_ros2_ws/install/costmap_converter:/home/agilex/limo_ros2_ws/install/nav2_costmap_2d:/home/agilex/limo_ros2_ws/install/nav2_voxel_grid:/home/agilex/limo_ros2_ws/install/nav2_rviz_plugins:/home/agilex/limo_ros2_ws/install/nav2_map_server:/home/agilex/limo_ros2_ws/install/nav2_lifecycle_manager:/home/agilex/limo_ros2_ws/install/nav2_bt_navigator:/home/agilex/limo_ros2_ws/install/nav2_behavior_tree:/home/agilex/limo_ros2_ws/install/nav2_amcl:/home/agilex/limo_ros2_ws/install/nav2_util:/home/agilex/limo_ros2_ws/install/nav2_msgs:/home/agilex/limo_ros2_ws/install/nav2_common:/home/agilex/limo_ros2_ws/install/magic_enum:/home/agilex/limo_ros2_ws/install/limo_visions:/home/agilex/limo_ros2_ws/install/limo_bringup:/home/agilex/limo_ros2_ws/install/limo_base:/home/agilex/limo_ros2_ws/install/limo_msgs:/home/agilex/limo_ros2_ws/install/limo_description:/home/agilex/limo_ros2_ws/install/libuvc:/home/agilex/limo_ros2_ws/install/glog:/home/agilex/limo_ros2_ws/install/costmap_converter_msgs:/home/agilex/limo_ros2_ws/install/astra_camera:/home/agilex/limo_ros2_ws/install/astra_camera_msgs:/home/agilex/limo_ros2_ws/install/nav2_gazebo_spawner:/opt/ros/foxy LD_LIBRARY_PATH=/home/agilex/limo_ros2_ws/src/install/costmap_converter_msgs/lib:${LD_LIBRARY_PATH} PYTHONPATH=/home/agilex/limo_ros2_ws/src/install/costmap_converter_msgs/lib/python3.8/site-packages:${PYTHONPATH} /usr/bin/cmake --build /home/agilex/limo_ros2_ws/src/build/teb_msgs -- -j6 -l6
[40.631s] Invoking command in '/home/agilex/limo_ros2_ws/src/build/teb_msgs': AMENT_PREFIX_PATH=/home/agilex/limo_ros2_ws/src/install/costmap_converter_msgs:${AMENT_PREFIX_PATH} CMAKE_PREFIX_PATH=/home/agilex/limo_ros2_ws/src/install/costmap_converter_msgs:/home/agilex/limo_ros2_ws/install/ydlidar_sdk:/home/agilex/limo_ros2_ws/install/ydlidar_ros2_driver:/home/agilex/limo_ros2_ws/install/teb_local_planner:/home/agilex/limo_ros2_ws/install/teb_msgs:/home/agilex/limo_ros2_ws/install/nav2_system_tests:/home/agilex/limo_ros2_ws/install/nav2_bringup:/home/agilex/limo_ros2_ws/install/navigation2:/home/agilex/limo_ros2_ws/install/smac_planner:/home/agilex/limo_ros2_ws/install/rf2o_laser_odometry:/home/agilex/limo_ros2_ws/install/orbbec_description:/home/agilex/limo_ros2_ws/install/orbbec_camera:/home/agilex/limo_ros2_ws/install/orbbec_camera_msgs:/home/agilex/limo_ros2_ws/install/nav2_dwb_controller:/home/agilex/limo_ros2_ws/install/nav2_controller:/home/agilex/limo_ros2_ws/install/dwb_plugins:/home/agilex/limo_ros2_ws/install/dwb_critics:/home/agilex/limo_ros2_ws/install/dwb_core:/home/agilex/limo_ros2_ws/install/nav_2d_utils:/home/agilex/limo_ros2_ws/install/dwb_msgs:/home/agilex/limo_ros2_ws/install/nav_2d_msgs:/home/agilex/limo_ros2_ws/install/nav2_waypoint_follower:/home/agilex/limo_ros2_ws/install/nav2_regulated_pure_pursuit_controller:/home/agilex/limo_ros2_ws/install/nav2_recoveries:/home/agilex/limo_ros2_ws/install/nav2_planner:/home/agilex/limo_ros2_ws/install/nav2_navfn_planner:/home/agilex/limo_ros2_ws/install/nav2_core:/home/agilex/limo_ros2_ws/install/costmap_queue:/home/agilex/limo_ros2_ws/install/costmap_converter:/home/agilex/limo_ros2_ws/install/nav2_costmap_2d:/home/agilex/limo_ros2_ws/install/nav2_voxel_grid:/home/agilex/limo_ros2_ws/install/nav2_rviz_plugins:/home/agilex/limo_ros2_ws/install/nav2_map_server:/home/agilex/limo_ros2_ws/install/nav2_lifecycle_manager:/home/agilex/limo_ros2_ws/install/nav2_bt_navigator:/home/agilex/limo_ros2_ws/install/nav2_behavior_tree:/home/agilex/limo_ros2_ws/install/nav2_amcl:/home/agilex/limo_ros2_ws/install/nav2_util:/home/agilex/limo_ros2_ws/install/nav2_msgs:/home/agilex/limo_ros2_ws/install/nav2_common:/home/agilex/limo_ros2_ws/install/magic_enum:/home/agilex/limo_ros2_ws/install/limo_visions:/home/agilex/limo_ros2_ws/install/limo_bringup:/home/agilex/limo_ros2_ws/install/limo_base:/home/agilex/limo_ros2_ws/install/limo_msgs:/home/agilex/limo_ros2_ws/install/limo_description:/home/agilex/limo_ros2_ws/install/libuvc:/home/agilex/limo_ros2_ws/install/glog:/home/agilex/limo_ros2_ws/install/costmap_converter_msgs:/home/agilex/limo_ros2_ws/install/astra_camera:/home/agilex/limo_ros2_ws/install/astra_camera_msgs:/home/agilex/limo_ros2_ws/install/nav2_gazebo_spawner:/opt/ros/foxy LD_LIBRARY_PATH=/home/agilex/limo_ros2_ws/src/install/costmap_converter_msgs/lib:${LD_LIBRARY_PATH} PYTHONPATH=/home/agilex/limo_ros2_ws/src/install/costmap_converter_msgs/lib/python3.8/site-packages:${PYTHONPATH} /usr/bin/cmake --install /home/agilex/limo_ros2_ws/src/build/teb_msgs
[40.676s] -- Install configuration: ""
[40.676s] -- Installing: /home/agilex/limo_ros2_ws/src/install/teb_msgs/share/ament_index/resource_index/rosidl_interfaces/teb_msgs
[40.676s] -- Installing: /home/agilex/limo_ros2_ws/src/install/teb_msgs/include/teb_msgs
[40.676s] -- Installing: /home/agilex/limo_ros2_ws/src/install/teb_msgs/include/teb_msgs/msg
[40.677s] -- Installing: /home/agilex/limo_ros2_ws/src/install/teb_msgs/include/teb_msgs/msg/trajectory_msg.h
[40.677s] -- Installing: /home/agilex/limo_ros2_ws/src/install/teb_msgs/include/teb_msgs/msg/trajectory_point_msg.h
[40.677s] -- Installing: /home/agilex/limo_ros2_ws/src/install/teb_msgs/include/teb_msgs/msg/rosidl_generator_c__visibility_control.h
[40.677s] -- Installing: /home/agilex/limo_ros2_ws/src/install/teb_msgs/include/teb_msgs/msg/detail
[40.677s] -- Installing: /home/agilex/limo_ros2_ws/src/install/teb_msgs/include/teb_msgs/msg/detail/feedback_msg__functions.c
[40.678s] -- Installing: /home/agilex/limo_ros2_ws/src/install/teb_msgs/include/teb_msgs/msg/detail/trajectory_point_msg__functions.c
[40.678s] -- Installing: /home/agilex/limo_ros2_ws/src/install/teb_msgs/include/teb_msgs/msg/detail/feedback_msg__functions.h
[40.678s] -- Installing: /home/agilex/limo_ros2_ws/src/install/teb_msgs/include/teb_msgs/msg/detail/trajectory_point_msg__struct.h
[40.678s] -- Installing: /home/agilex/limo_ros2_ws/src/install/teb_msgs/include/teb_msgs/msg/detail/trajectory_point_msg__functions.h
[40.679s] -- Installing: /home/agilex/limo_ros2_ws/src/install/teb_msgs/include/teb_msgs/msg/detail/trajectory_msg__type_support.h
[40.679s] -- Installing: /home/agilex/limo_ros2_ws/src/install/teb_msgs/include/teb_msgs/msg/detail/feedback_msg__type_support.h
[40.679s] -- Installing: /home/agilex/limo_ros2_ws/src/install/teb_msgs/include/teb_msgs/msg/detail/trajectory_msg__struct.h
[40.683s] -- Installing: /home/agilex/limo_ros2_ws/src/install/teb_msgs/include/teb_msgs/msg/detail/trajectory_msg__functions.h
[40.683s] -- Installing: /home/agilex/limo_ros2_ws/src/install/teb_msgs/include/teb_msgs/msg/detail/trajectory_point_msg__type_support.h
[40.683s] -- Installing: /home/agilex/limo_ros2_ws/src/install/teb_msgs/include/teb_msgs/msg/detail/feedback_msg__struct.h
[40.684s] -- Installing: /home/agilex/limo_ros2_ws/src/install/teb_msgs/include/teb_msgs/msg/detail/trajectory_msg__functions.c
[40.684s] -- Installing: /home/agilex/limo_ros2_ws/src/install/teb_msgs/include/teb_msgs/msg/feedback_msg.h
[40.684s] -- Installing: /home/agilex/limo_ros2_ws/src/install/teb_msgs/share/teb_msgs/environment/library_path.sh
[40.685s] -- Installing: /home/agilex/limo_ros2_ws/src/install/teb_msgs/share/teb_msgs/environment/library_path.dsv
[40.685s] -- Installing: /home/agilex/limo_ros2_ws/src/install/teb_msgs/lib/libteb_msgs__rosidl_generator_c.so
[40.686s] -- Set runtime path of "/home/agilex/limo_ros2_ws/src/install/teb_msgs/lib/libteb_msgs__rosidl_generator_c.so" to ""
[40.686s] -- Up-to-date: /home/agilex/limo_ros2_ws/src/install/teb_msgs/include/teb_msgs
[40.686s] -- Up-to-date: /home/agilex/limo_ros2_ws/src/install/teb_msgs/include/teb_msgs/msg
[40.687s] -- Installing: /home/agilex/limo_ros2_ws/src/install/teb_msgs/include/teb_msgs/msg/rosidl_typesupport_fastrtps_c__visibility_control.h
[40.687s] -- Up-to-date: /home/agilex/limo_ros2_ws/src/install/teb_msgs/include/teb_msgs/msg/detail
[40.687s] -- Installing: /home/agilex/limo_ros2_ws/src/install/teb_msgs/include/teb_msgs/msg/detail/trajectory_point_msg__rosidl_typesupport_fastrtps_c.h
[40.687s] -- Installing: /home/agilex/limo_ros2_ws/src/install/teb_msgs/include/teb_msgs/msg/detail/trajectory_msg__rosidl_typesupport_fastrtps_c.h
[40.687s] -- Installing: /home/agilex/limo_ros2_ws/src/install/teb_msgs/include/teb_msgs/msg/detail/feedback_msg__rosidl_typesupport_fastrtps_c.h
[40.688s] -- Installing: /home/agilex/limo_ros2_ws/src/install/teb_msgs/lib/libteb_msgs__rosidl_typesupport_fastrtps_c.so
[40.688s] -- Set runtime path of "/home/agilex/limo_ros2_ws/src/install/teb_msgs/lib/libteb_msgs__rosidl_typesupport_fastrtps_c.so" to ""
[40.689s] -- Up-to-date: /home/agilex/limo_ros2_ws/src/install/teb_msgs/include/teb_msgs
[40.689s] -- Up-to-date: /home/agilex/limo_ros2_ws/src/install/teb_msgs/include/teb_msgs/msg
[40.689s] -- Installing: /home/agilex/limo_ros2_ws/src/install/teb_msgs/include/teb_msgs/msg/rosidl_typesupport_fastrtps_cpp__visibility_control.h
[40.689s] -- Up-to-date: /home/agilex/limo_ros2_ws/src/install/teb_msgs/include/teb_msgs/msg/detail
[40.689s] -- Installing: /home/agilex/limo_ros2_ws/src/install/teb_msgs/include/teb_msgs/msg/detail/feedback_msg__rosidl_typesupport_fastrtps_cpp.hpp
[40.689s] -- Installing: /home/agilex/limo_ros2_ws/src/install/teb_msgs/include/teb_msgs/msg/detail/dds_fastrtps
[40.690s] -- Installing: /home/agilex/limo_ros2_ws/src/install/teb_msgs/include/teb_msgs/msg/detail/trajectory_point_msg__rosidl_typesupport_fastrtps_cpp.hpp
[40.690s] -- Installing: /home/agilex/limo_ros2_ws/src/install/teb_msgs/include/teb_msgs/msg/detail/trajectory_msg__rosidl_typesupport_fastrtps_cpp.hpp
[40.690s] -- Installing: /home/agilex/limo_ros2_ws/src/install/teb_msgs/lib/libteb_msgs__rosidl_typesupport_fastrtps_cpp.so
[40.691s] -- Set runtime path of "/home/agilex/limo_ros2_ws/src/install/teb_msgs/lib/libteb_msgs__rosidl_typesupport_fastrtps_cpp.so" to ""
[40.691s] -- Up-to-date: /home/agilex/limo_ros2_ws/src/install/teb_msgs/include/teb_msgs
[40.691s] -- Up-to-date: /home/agilex/limo_ros2_ws/src/install/teb_msgs/include/teb_msgs/msg
[40.692s] -- Installing: /home/agilex/limo_ros2_ws/src/install/teb_msgs/include/teb_msgs/msg/rosidl_typesupport_introspection_c__visibility_control.h
[40.692s] -- Up-to-date: /home/agilex/limo_ros2_ws/src/install/teb_msgs/include/teb_msgs/msg/detail
[40.692s] -- Installing: /home/agilex/limo_ros2_ws/src/install/teb_msgs/include/teb_msgs/msg/detail/trajectory_msg__rosidl_typesupport_introspection_c.h
[40.692s] -- Installing: /home/agilex/limo_ros2_ws/src/install/teb_msgs/include/teb_msgs/msg/detail/trajectory_point_msg__rosidl_typesupport_introspection_c.h
[40.692s] -- Installing: /home/agilex/limo_ros2_ws/src/install/teb_msgs/include/teb_msgs/msg/detail/trajectory_msg__type_support.c
[40.693s] -- Installing: /home/agilex/limo_ros2_ws/src/install/teb_msgs/include/teb_msgs/msg/detail/trajectory_point_msg__type_support.c
[40.693s] -- Installing: /home/agilex/limo_ros2_ws/src/install/teb_msgs/include/teb_msgs/msg/detail/feedback_msg__type_support.c
[40.693s] -- Installing: /home/agilex/limo_ros2_ws/src/install/teb_msgs/include/teb_msgs/msg/detail/feedback_msg__rosidl_typesupport_introspection_c.h
[40.693s] -- Installing: /home/agilex/limo_ros2_ws/src/install/teb_msgs/lib/libteb_msgs__rosidl_typesupport_introspection_c.so
[40.694s] -- Set runtime path of "/home/agilex/limo_ros2_ws/src/install/teb_msgs/lib/libteb_msgs__rosidl_typesupport_introspection_c.so" to ""
[40.694s] -- Installing: /home/agilex/limo_ros2_ws/src/install/teb_msgs/lib/libteb_msgs__rosidl_typesupport_c.so
[40.700s] -- Set runtime path of "/home/agilex/limo_ros2_ws/src/install/teb_msgs/lib/libteb_msgs__rosidl_typesupport_c.so" to ""
[40.700s] -- Up-to-date: /home/agilex/limo_ros2_ws/src/install/teb_msgs/include/teb_msgs
[40.700s] -- Up-to-date: /home/agilex/limo_ros2_ws/src/install/teb_msgs/include/teb_msgs/msg
[40.700s] -- Installing: /home/agilex/limo_ros2_ws/src/install/teb_msgs/include/teb_msgs/msg/feedback_msg.hpp
[40.700s] -- Installing: /home/agilex/limo_ros2_ws/src/install/teb_msgs/include/teb_msgs/msg/trajectory_msg.hpp
[40.701s] -- Installing: /home/agilex/limo_ros2_ws/src/install/teb_msgs/include/teb_msgs/msg/trajectory_point_msg.hpp
[40.701s] -- Installing: /home/agilex/limo_ros2_ws/src/install/teb_msgs/include/teb_msgs/msg/rosidl_generator_cpp__visibility_control.hpp
[40.701s] -- Up-to-date: /home/agilex/limo_ros2_ws/src/install/teb_msgs/include/teb_msgs/msg/detail
[40.701s] -- Installing: /home/agilex/limo_ros2_ws/src/install/teb_msgs/include/teb_msgs/msg/detail/feedback_msg__type_support.hpp
[40.701s] -- Installing: /home/agilex/limo_ros2_ws/src/install/teb_msgs/include/teb_msgs/msg/detail/trajectory_point_msg__builder.hpp
[40.701s] -- Installing: /home/agilex/limo_ros2_ws/src/install/teb_msgs/include/teb_msgs/msg/detail/trajectory_point_msg__traits.hpp
[40.702s] -- Installing: /home/agilex/limo_ros2_ws/src/install/teb_msgs/include/teb_msgs/msg/detail/feedback_msg__traits.hpp
[40.702s] -- Installing: /home/agilex/limo_ros2_ws/src/install/teb_msgs/include/teb_msgs/msg/detail/trajectory_msg__struct.hpp
[40.702s] -- Installing: /home/agilex/limo_ros2_ws/src/install/teb_msgs/include/teb_msgs/msg/detail/feedback_msg__builder.hpp
[40.702s] -- Installing: /home/agilex/limo_ros2_ws/src/install/teb_msgs/include/teb_msgs/msg/detail/trajectory_point_msg__type_support.hpp
[40.702s] -- Installing: /home/agilex/limo_ros2_ws/src/install/teb_msgs/include/teb_msgs/msg/detail/trajectory_point_msg__struct.hpp
[40.702s] -- Installing: /home/agilex/limo_ros2_ws/src/install/teb_msgs/include/teb_msgs/msg/detail/trajectory_msg__type_support.hpp
[40.703s] -- Installing: /home/agilex/limo_ros2_ws/src/install/teb_msgs/include/teb_msgs/msg/detail/trajectory_msg__traits.hpp
[40.703s] -- Installing: /home/agilex/limo_ros2_ws/src/install/teb_msgs/include/teb_msgs/msg/detail/trajectory_msg__builder.hpp
[40.703s] -- Installing: /home/agilex/limo_ros2_ws/src/install/teb_msgs/include/teb_msgs/msg/detail/feedback_msg__struct.hpp
[40.704s] -- Up-to-date: /home/agilex/limo_ros2_ws/src/install/teb_msgs/include/teb_msgs
[40.704s] -- Up-to-date: /home/agilex/limo_ros2_ws/src/install/teb_msgs/include/teb_msgs/msg
[40.704s] -- Up-to-date: /home/agilex/limo_ros2_ws/src/install/teb_msgs/include/teb_msgs/msg/detail
[40.704s] -- Installing: /home/agilex/limo_ros2_ws/src/install/teb_msgs/include/teb_msgs/msg/detail/trajectory_msg__type_support.cpp
[40.704s] -- Installing: /home/agilex/limo_ros2_ws/src/install/teb_msgs/include/teb_msgs/msg/detail/feedback_msg__rosidl_typesupport_introspection_cpp.hpp
[40.704s] -- Installing: /home/agilex/limo_ros2_ws/src/install/teb_msgs/include/teb_msgs/msg/detail/trajectory_point_msg__rosidl_typesupport_introspection_cpp.hpp
[40.705s] -- Installing: /home/agilex/limo_ros2_ws/src/install/teb_msgs/include/teb_msgs/msg/detail/trajectory_msg__rosidl_typesupport_introspection_cpp.hpp
[40.705s] -- Installing: /home/agilex/limo_ros2_ws/src/install/teb_msgs/include/teb_msgs/msg/detail/trajectory_point_msg__type_support.cpp
[40.705s] -- Installing: /home/agilex/limo_ros2_ws/src/install/teb_msgs/include/teb_msgs/msg/detail/feedback_msg__type_support.cpp
[40.706s] -- Installing: /home/agilex/limo_ros2_ws/src/install/teb_msgs/lib/libteb_msgs__rosidl_typesupport_introspection_cpp.so
[40.707s] -- Set runtime path of "/home/agilex/limo_ros2_ws/src/install/teb_msgs/lib/libteb_msgs__rosidl_typesupport_introspection_cpp.so" to ""
[40.707s] -- Installing: /home/agilex/limo_ros2_ws/src/install/teb_msgs/lib/libteb_msgs__rosidl_typesupport_cpp.so
[40.707s] -- Set runtime path of "/home/agilex/limo_ros2_ws/src/install/teb_msgs/lib/libteb_msgs__rosidl_typesupport_cpp.so" to ""
[40.708s] -- Installing: /home/agilex/limo_ros2_ws/src/install/teb_msgs/share/teb_msgs/environment/pythonpath.sh
[40.708s] -- Installing: /home/agilex/limo_ros2_ws/src/install/teb_msgs/share/teb_msgs/environment/pythonpath.dsv
[40.709s] -- Installing: /home/agilex/limo_ros2_ws/src/install/teb_msgs/lib/python3.8/site-packages/teb_msgs/__init__.py
[40.796s] Compiling '/home/agilex/limo_ros2_ws/src/install/teb_msgs/lib/python3.8/site-packages/teb_msgs/__init__.py'...
[40.819s] -- Installing: /home/agilex/limo_ros2_ws/src/install/teb_msgs/lib/python3.8/site-packages/teb_msgs/msg
[40.819s] -- Installing: /home/agilex/limo_ros2_ws/src/install/teb_msgs/lib/python3.8/site-packages/teb_msgs/msg/_trajectory_msg.py
[40.820s] -- Installing: /home/agilex/limo_ros2_ws/src/install/teb_msgs/lib/python3.8/site-packages/teb_msgs/msg/_trajectory_point_msg.py
[40.820s] -- Installing: /home/agilex/limo_ros2_ws/src/install/teb_msgs/lib/python3.8/site-packages/teb_msgs/msg/_feedback_msg_s.c
[40.820s] -- Installing: /home/agilex/limo_ros2_ws/src/install/teb_msgs/lib/python3.8/site-packages/teb_msgs/msg/__init__.py
[40.820s] -- Installing: /home/agilex/limo_ros2_ws/src/install/teb_msgs/lib/python3.8/site-packages/teb_msgs/msg/_trajectory_point_msg_s.c
[40.820s] -- Installing: /home/agilex/limo_ros2_ws/src/install/teb_msgs/lib/python3.8/site-packages/teb_msgs/msg/_feedback_msg.py
[40.820s] -- Installing: /home/agilex/limo_ros2_ws/src/install/teb_msgs/lib/python3.8/site-packages/teb_msgs/msg/_trajectory_msg_s.c
[40.820s] -- Installing: /home/agilex/limo_ros2_ws/src/install/teb_msgs/lib/python3.8/site-packages/teb_msgs/teb_msgs_s__rosidl_typesupport_fastrtps_c.cpython-38-aarch64-linux-gnu.so
[40.820s] -- Set runtime path of "/home/agilex/limo_ros2_ws/src/install/teb_msgs/lib/python3.8/site-packages/teb_msgs/teb_msgs_s__rosidl_typesupport_fastrtps_c.cpython-38-aarch64-linux-gnu.so" to ""
[40.821s] -- Installing: /home/agilex/limo_ros2_ws/src/install/teb_msgs/lib/python3.8/site-packages/teb_msgs/teb_msgs_s__rosidl_typesupport_introspection_c.cpython-38-aarch64-linux-gnu.so
[40.821s] -- Set runtime path of "/home/agilex/limo_ros2_ws/src/install/teb_msgs/lib/python3.8/site-packages/teb_msgs/teb_msgs_s__rosidl_typesupport_introspection_c.cpython-38-aarch64-linux-gnu.so" to ""
[40.821s] -- Installing: /home/agilex/limo_ros2_ws/src/install/teb_msgs/lib/python3.8/site-packages/teb_msgs/teb_msgs_s__rosidl_typesupport_c.cpython-38-aarch64-linux-gnu.so
[40.821s] -- Set runtime path of "/home/agilex/limo_ros2_ws/src/install/teb_msgs/lib/python3.8/site-packages/teb_msgs/teb_msgs_s__rosidl_typesupport_c.cpython-38-aarch64-linux-gnu.so" to ""
[40.821s] -- Installing: /home/agilex/limo_ros2_ws/src/install/teb_msgs/lib/libteb_msgs__python.so
[40.821s] -- Set runtime path of "/home/agilex/limo_ros2_ws/src/install/teb_msgs/lib/libteb_msgs__python.so" to ""
[40.821s] -- Installing: /home/agilex/limo_ros2_ws/src/install/teb_msgs/share/teb_msgs/msg/FeedbackMsg.idl
[40.821s] -- Installing: /home/agilex/limo_ros2_ws/src/install/teb_msgs/share/teb_msgs/msg/TrajectoryMsg.idl
[40.821s] -- Installing: /home/agilex/limo_ros2_ws/src/install/teb_msgs/share/teb_msgs/msg/TrajectoryPointMsg.idl
[40.822s] -- Installing: /home/agilex/limo_ros2_ws/src/install/teb_msgs/share/teb_msgs/msg/FeedbackMsg.msg
[40.822s] -- Installing: /home/agilex/limo_ros2_ws/src/install/teb_msgs/share/teb_msgs/msg/TrajectoryMsg.msg
[40.822s] -- Installing: /home/agilex/limo_ros2_ws/src/install/teb_msgs/share/teb_msgs/msg/TrajectoryPointMsg.msg
[40.822s] -- Installing: /home/agilex/limo_ros2_ws/src/install/teb_msgs/share/ament_index/resource_index/package_run_dependencies/teb_msgs
[40.822s] -- Installing: /home/agilex/limo_ros2_ws/src/install/teb_msgs/share/ament_index/resource_index/parent_prefix_path/teb_msgs
[40.822s] -- Installing: /home/agilex/limo_ros2_ws/src/install/teb_msgs/share/teb_msgs/environment/ament_prefix_path.sh
[40.823s] -- Installing: /home/agilex/limo_ros2_ws/src/install/teb_msgs/share/teb_msgs/environment/ament_prefix_path.dsv
[40.823s] -- Installing: /home/agilex/limo_ros2_ws/src/install/teb_msgs/share/teb_msgs/environment/path.sh
[40.823s] -- Installing: /home/agilex/limo_ros2_ws/src/install/teb_msgs/share/teb_msgs/environment/path.dsv
[40.823s] -- Installing: /home/agilex/limo_ros2_ws/src/install/teb_msgs/share/teb_msgs/local_setup.bash
[40.823s] -- Installing: /home/agilex/limo_ros2_ws/src/install/teb_msgs/share/teb_msgs/local_setup.sh
[40.824s] -- Installing: /home/agilex/limo_ros2_ws/src/install/teb_msgs/share/teb_msgs/local_setup.zsh
[40.824s] -- Installing: /home/agilex/limo_ros2_ws/src/install/teb_msgs/share/teb_msgs/local_setup.dsv
[40.824s] -- Installing: /home/agilex/limo_ros2_ws/src/install/teb_msgs/share/teb_msgs/package.dsv
[40.824s] -- Installing: /home/agilex/limo_ros2_ws/src/install/teb_msgs/share/ament_index/resource_index/packages/teb_msgs
[40.824s] -- Installing: /home/agilex/limo_ros2_ws/src/install/teb_msgs/share/teb_msgs/cmake/teb_msgs__rosidl_generator_cExport.cmake
[40.824s] -- Installing: /home/agilex/limo_ros2_ws/src/install/teb_msgs/share/teb_msgs/cmake/teb_msgs__rosidl_generator_cExport-noconfig.cmake
[40.825s] -- Installing: /home/agilex/limo_ros2_ws/src/install/teb_msgs/share/teb_msgs/cmake/teb_msgs__rosidl_typesupport_introspection_cExport.cmake
[40.825s] -- Installing: /home/agilex/limo_ros2_ws/src/install/teb_msgs/share/teb_msgs/cmake/teb_msgs__rosidl_typesupport_introspection_cExport-noconfig.cmake
[40.825s] -- Installing: /home/agilex/limo_ros2_ws/src/install/teb_msgs/share/teb_msgs/cmake/teb_msgs__rosidl_typesupport_cExport.cmake
[40.825s] -- Installing: /home/agilex/limo_ros2_ws/src/install/teb_msgs/share/teb_msgs/cmake/teb_msgs__rosidl_typesupport_cExport-noconfig.cmake
[40.826s] -- Installing: /home/agilex/limo_ros2_ws/src/install/teb_msgs/share/teb_msgs/cmake/teb_msgs__rosidl_generator_cppExport.cmake
[40.826s] -- Installing: /home/agilex/limo_ros2_ws/src/install/teb_msgs/share/teb_msgs/cmake/teb_msgs__rosidl_typesupport_introspection_cppExport.cmake
[40.827s] -- Installing: /home/agilex/limo_ros2_ws/src/install/teb_msgs/share/teb_msgs/cmake/teb_msgs__rosidl_typesupport_introspection_cppExport-noconfig.cmake
[40.827s] -- Installing: /home/agilex/limo_ros2_ws/src/install/teb_msgs/share/teb_msgs/cmake/teb_msgs__rosidl_typesupport_cppExport.cmake
[40.828s] -- Installing: /home/agilex/limo_ros2_ws/src/install/teb_msgs/share/teb_msgs/cmake/teb_msgs__rosidl_typesupport_cppExport-noconfig.cmake
[40.828s] -- Installing: /home/agilex/limo_ros2_ws/src/install/teb_msgs/share/teb_msgs/cmake/rosidl_cmake-extras.cmake
[40.828s] -- Installing: /home/agilex/limo_ros2_ws/src/install/teb_msgs/share/teb_msgs/cmake/ament_cmake_export_dependencies-extras.cmake
[40.829s] -- Installing: /home/agilex/limo_ros2_ws/src/install/teb_msgs/share/teb_msgs/cmake/ament_cmake_export_libraries-extras.cmake
[40.830s] -- Installing: /home/agilex/limo_ros2_ws/src/install/teb_msgs/share/teb_msgs/cmake/ament_cmake_export_targets-extras.cmake
[40.830s] -- Installing: /home/agilex/limo_ros2_ws/src/install/teb_msgs/share/teb_msgs/cmake/ament_cmake_export_include_directories-extras.cmake
[40.830s] -- Installing: /home/agilex/limo_ros2_ws/src/install/teb_msgs/share/teb_msgs/cmake/rosidl_cmake_export_typesupport_libraries-extras.cmake
[40.830s] -- Installing: /home/agilex/limo_ros2_ws/src/install/teb_msgs/share/teb_msgs/cmake/rosidl_cmake_export_typesupport_targets-extras.cmake
[40.831s] -- Installing: /home/agilex/limo_ros2_ws/src/install/teb_msgs/share/teb_msgs/cmake/teb_msgsConfig.cmake
[40.831s] -- Installing: /home/agilex/limo_ros2_ws/src/install/teb_msgs/share/teb_msgs/cmake/teb_msgsConfig-version.cmake
[40.831s] -- Installing: /home/agilex/limo_ros2_ws/src/install/teb_msgs/share/teb_msgs/package.xml
[40.843s] Invoked command in '/home/agilex/limo_ros2_ws/src/build/teb_msgs' returned '0': AMENT_PREFIX_PATH=/home/agilex/limo_ros2_ws/src/install/costmap_converter_msgs:${AMENT_PREFIX_PATH} CMAKE_PREFIX_PATH=/home/agilex/limo_ros2_ws/src/install/costmap_converter_msgs:/home/agilex/limo_ros2_ws/install/ydlidar_sdk:/home/agilex/limo_ros2_ws/install/ydlidar_ros2_driver:/home/agilex/limo_ros2_ws/install/teb_local_planner:/home/agilex/limo_ros2_ws/install/teb_msgs:/home/agilex/limo_ros2_ws/install/nav2_system_tests:/home/agilex/limo_ros2_ws/install/nav2_bringup:/home/agilex/limo_ros2_ws/install/navigation2:/home/agilex/limo_ros2_ws/install/smac_planner:/home/agilex/limo_ros2_ws/install/rf2o_laser_odometry:/home/agilex/limo_ros2_ws/install/orbbec_description:/home/agilex/limo_ros2_ws/install/orbbec_camera:/home/agilex/limo_ros2_ws/install/orbbec_camera_msgs:/home/agilex/limo_ros2_ws/install/nav2_dwb_controller:/home/agilex/limo_ros2_ws/install/nav2_controller:/home/agilex/limo_ros2_ws/install/dwb_plugins:/home/agilex/limo_ros2_ws/install/dwb_critics:/home/agilex/limo_ros2_ws/install/dwb_core:/home/agilex/limo_ros2_ws/install/nav_2d_utils:/home/agilex/limo_ros2_ws/install/dwb_msgs:/home/agilex/limo_ros2_ws/install/nav_2d_msgs:/home/agilex/limo_ros2_ws/install/nav2_waypoint_follower:/home/agilex/limo_ros2_ws/install/nav2_regulated_pure_pursuit_controller:/home/agilex/limo_ros2_ws/install/nav2_recoveries:/home/agilex/limo_ros2_ws/install/nav2_planner:/home/agilex/limo_ros2_ws/install/nav2_navfn_planner:/home/agilex/limo_ros2_ws/install/nav2_core:/home/agilex/limo_ros2_ws/install/costmap_queue:/home/agilex/limo_ros2_ws/install/costmap_converter:/home/agilex/limo_ros2_ws/install/nav2_costmap_2d:/home/agilex/limo_ros2_ws/install/nav2_voxel_grid:/home/agilex/limo_ros2_ws/install/nav2_rviz_plugins:/home/agilex/limo_ros2_ws/install/nav2_map_server:/home/agilex/limo_ros2_ws/install/nav2_lifecycle_manager:/home/agilex/limo_ros2_ws/install/nav2_bt_navigator:/home/agilex/limo_ros2_ws/install/nav2_behavior_tree:/home/agilex/limo_ros2_ws/install/nav2_amcl:/home/agilex/limo_ros2_ws/install/nav2_util:/home/agilex/limo_ros2_ws/install/nav2_msgs:/home/agilex/limo_ros2_ws/install/nav2_common:/home/agilex/limo_ros2_ws/install/magic_enum:/home/agilex/limo_ros2_ws/install/limo_visions:/home/agilex/limo_ros2_ws/install/limo_bringup:/home/agilex/limo_ros2_ws/install/limo_base:/home/agilex/limo_ros2_ws/install/limo_msgs:/home/agilex/limo_ros2_ws/install/limo_description:/home/agilex/limo_ros2_ws/install/libuvc:/home/agilex/limo_ros2_ws/install/glog:/home/agilex/limo_ros2_ws/install/costmap_converter_msgs:/home/agilex/limo_ros2_ws/install/astra_camera:/home/agilex/limo_ros2_ws/install/astra_camera_msgs:/home/agilex/limo_ros2_ws/install/nav2_gazebo_spawner:/opt/ros/foxy LD_LIBRARY_PATH=/home/agilex/limo_ros2_ws/src/install/costmap_converter_msgs/lib:${LD_LIBRARY_PATH} PYTHONPATH=/home/agilex/limo_ros2_ws/src/install/costmap_converter_msgs/lib/python3.8/site-packages:${PYTHONPATH} /usr/bin/cmake --install /home/agilex/limo_ros2_ws/src/build/teb_msgs
