[0.071s] Invoking command in '/home/agilex/limo_ros2_ws/src/build/costmap_queue': AMENT_PREFIX_PATH=/home/agilex/limo_ros2_ws/src/install/nav2_costmap_2d:/home/agilex/limo_ros2_ws/src/install/nav2_util:/home/agilex/limo_ros2_ws/src/install/nav2_voxel_grid:/home/agilex/limo_ros2_ws/src/install/nav2_msgs:/home/agilex/limo_ros2_ws/src/install/nav2_common:${AMENT_PREFIX_PATH} CMAKE_PREFIX_PATH=/home/agilex/limo_ros2_ws/src/install/nav2_costmap_2d:/home/agilex/limo_ros2_ws/src/install/nav2_util:/home/agilex/limo_ros2_ws/src/install/nav2_voxel_grid:/home/agilex/limo_ros2_ws/src/install/nav2_msgs:/home/agilex/limo_ros2_ws/src/install/nav2_common:/home/agilex/limo_ros2_ws/install/ydlidar_sdk:/home/agilex/limo_ros2_ws/install/ydlidar_ros2_driver:/home/agilex/limo_ros2_ws/install/teb_local_planner:/home/agilex/limo_ros2_ws/install/teb_msgs:/home/agilex/limo_ros2_ws/install/nav2_system_tests:/home/agilex/limo_ros2_ws/install/nav2_bringup:/home/agilex/limo_ros2_ws/install/navigation2:/home/agilex/limo_ros2_ws/install/smac_planner:/home/agilex/limo_ros2_ws/install/rf2o_laser_odometry:/home/agilex/limo_ros2_ws/install/orbbec_description:/home/agilex/limo_ros2_ws/install/orbbec_camera:/home/agilex/limo_ros2_ws/install/orbbec_camera_msgs:/home/agilex/limo_ros2_ws/install/nav2_dwb_controller:/home/agilex/limo_ros2_ws/install/nav2_controller:/home/agilex/limo_ros2_ws/install/dwb_plugins:/home/agilex/limo_ros2_ws/install/dwb_critics:/home/agilex/limo_ros2_ws/install/dwb_core:/home/agilex/limo_ros2_ws/install/nav_2d_utils:/home/agilex/limo_ros2_ws/install/dwb_msgs:/home/agilex/limo_ros2_ws/install/nav_2d_msgs:/home/agilex/limo_ros2_ws/install/nav2_waypoint_follower:/home/agilex/limo_ros2_ws/install/nav2_regulated_pure_pursuit_controller:/home/agilex/limo_ros2_ws/install/nav2_recoveries:/home/agilex/limo_ros2_ws/install/nav2_planner:/home/agilex/limo_ros2_ws/install/nav2_navfn_planner:/home/agilex/limo_ros2_ws/install/nav2_core:/home/agilex/limo_ros2_ws/install/costmap_queue:/home/agilex/limo_ros2_ws/install/costmap_converter:/home/agilex/limo_ros2_ws/install/nav2_costmap_2d:/home/agilex/limo_ros2_ws/install/nav2_voxel_grid:/home/agilex/limo_ros2_ws/install/nav2_rviz_plugins:/home/agilex/limo_ros2_ws/install/nav2_map_server:/home/agilex/limo_ros2_ws/install/nav2_lifecycle_manager:/home/agilex/limo_ros2_ws/install/nav2_bt_navigator:/home/agilex/limo_ros2_ws/install/nav2_behavior_tree:/home/agilex/limo_ros2_ws/install/nav2_amcl:/home/agilex/limo_ros2_ws/install/nav2_util:/home/agilex/limo_ros2_ws/install/nav2_msgs:/home/agilex/limo_ros2_ws/install/nav2_common:/home/agilex/limo_ros2_ws/install/magic_enum:/home/agilex/limo_ros2_ws/install/limo_visions:/home/agilex/limo_ros2_ws/install/limo_bringup:/home/agilex/limo_ros2_ws/install/limo_base:/home/agilex/limo_ros2_ws/install/limo_msgs:/home/agilex/limo_ros2_ws/install/limo_description:/home/agilex/limo_ros2_ws/install/libuvc:/home/agilex/limo_ros2_ws/install/glog:/home/agilex/limo_ros2_ws/install/costmap_converter_msgs:/home/agilex/limo_ros2_ws/install/astra_camera:/home/agilex/limo_ros2_ws/install/astra_camera_msgs:/home/agilex/limo_ros2_ws/install/nav2_gazebo_spawner:/opt/ros/foxy LD_LIBRARY_PATH=/home/agilex/limo_ros2_ws/src/install/nav2_costmap_2d/lib:/home/agilex/limo_ros2_ws/src/install/nav2_util/lib:/home/agilex/limo_ros2_ws/src/install/nav2_voxel_grid/lib:/home/agilex/limo_ros2_ws/src/install/nav2_msgs/lib:${LD_LIBRARY_PATH} PYTHONPATH=/home/agilex/limo_ros2_ws/src/install/nav2_msgs/lib/python3.8/site-packages:/home/agilex/limo_ros2_ws/src/install/nav2_common/lib/python3.8/site-packages:${PYTHONPATH} /usr/bin/cmake /home/agilex/limo_ros2_ws/src/navigation2/nav2_dwb_controller/costmap_queue -DCMAKE_INSTALL_PREFIX=/home/agilex/limo_ros2_ws/src/install/costmap_queue
[0.208s] -- The C compiler identification is GNU 9.4.0
[0.332s] -- The CXX compiler identification is GNU 9.4.0
[0.345s] -- Check for working C compiler: /usr/bin/cc
[0.533s] -- Check for working C compiler: /usr/bin/cc -- works
[0.536s] -- Detecting C compiler ABI info
[0.720s] -- Detecting C compiler ABI info - done
[0.743s] -- Detecting C compile features
[0.744s] -- Detecting C compile features - done
[0.748s] -- Check for working CXX compiler: /usr/bin/c++
[0.959s] -- Check for working CXX compiler: /usr/bin/c++ -- works
[0.963s] -- Detecting CXX compiler ABI info
[1.174s] -- Detecting CXX compiler ABI info - done
[1.193s] -- Detecting CXX compile features
[1.194s] -- Detecting CXX compile features - done
[1.208s] -- Found ament_cmake: 0.9.12 (/opt/ros/foxy/share/ament_cmake/cmake)
[1.286s] -- Found PythonInterp: /usr/bin/python3 (found suitable version "3.8.10", minimum required is "3") 
[1.286s] -- Using PYTHON_EXECUTABLE: /usr/bin/python3
[1.883s] -- Found nav2_common: 0.4.7 (/home/agilex/limo_ros2_ws/src/install/nav2_common/share/nav2_common/cmake)
[1.884s] -- Found nav2_costmap_2d: 0.4.7 (/home/agilex/limo_ros2_ws/src/install/nav2_costmap_2d/share/nav2_costmap_2d/cmake)
[2.047s] -- Using all available rosidl_typesupport_c: rosidl_typesupport_fastrtps_c;rosidl_typesupport_introspection_c
[2.087s] -- Found rosidl_adapter: 1.3.1 (/opt/ros/foxy/share/rosidl_adapter/cmake)
[2.405s] -- Found OpenSSL: /usr/lib/aarch64-linux-gnu/libcrypto.so (found version "1.1.1f")  
[2.486s] -- Found FastRTPS: /opt/ros/foxy/include  
[2.718s] -- Using all available rosidl_typesupport_cpp: rosidl_typesupport_fastrtps_cpp;rosidl_typesupport_introspection_cpp
[4.455s] -- Found rmw_implementation_cmake: 1.0.4 (/opt/ros/foxy/share/rmw_implementation_cmake/cmake)
[4.462s] -- Using RMW implementation 'rmw_fastrtps_cpp' as default
[4.463s] -- Looking for pthread.h
[4.654s] -- Looking for pthread.h - found
[4.654s] -- Performing Test CMAKE_HAVE_LIBC_PTHREAD
[4.847s] -- Performing Test CMAKE_HAVE_LIBC_PTHREAD - Failed
[4.847s] -- Looking for pthread_create in pthreads
[5.016s] -- Looking for pthread_create in pthreads - not found
[5.016s] -- Looking for pthread_create in pthread
[5.207s] -- Looking for pthread_create in pthread - found
[5.209s] -- Found Threads: TRUE  
[6.176s] -- Found Eigen3: TRUE (found version "3.3.7") 
[7.129s] -- Setting build type to Release as none was specified.
[7.737s] -- Found ament_lint_auto: 0.9.8 (/opt/ros/foxy/share/ament_lint_auto/cmake)
[7.998s] -- Found gtest sources under '/opt/ros/foxy/src/gtest_vendor': C++ tests using 'Google Test' will be built
[8.006s] -- Check if compiler accepts -pthread
[8.233s] -- Check if compiler accepts -pthread - yes
[9.458s] -- Added test 'cppcheck' to perform static code analysis on C / C++ code
[9.458s] -- Configured cppcheck include dirs: /home/agilex/limo_ros2_ws/src/navigation2/nav2_dwb_controller/costmap_queue/include
[9.458s] -- Configured cppcheck exclude dirs and/or files: 
[9.462s] -- Added test 'cpplint' to check C / C++ code against the Google style
[9.462s] -- Configured cpplint exclude dirs and/or files: 
[9.465s] -- Added test 'lint_cmake' to check CMake code style
[9.474s] -- Added test 'uncrustify' to check C / C++ code style
[9.474s] -- Configured uncrustify additional arguments: 
[9.474s] -- Added test 'xmllint' to check XML markup files
[9.493s] -- Configuring done
[9.687s] -- Generating done
[9.692s] -- Build files have been written to: /home/agilex/limo_ros2_ws/src/build/costmap_queue
[9.738s] Invoked command in '/home/agilex/limo_ros2_ws/src/build/costmap_queue' returned '0': AMENT_PREFIX_PATH=/home/agilex/limo_ros2_ws/src/install/nav2_costmap_2d:/home/agilex/limo_ros2_ws/src/install/nav2_util:/home/agilex/limo_ros2_ws/src/install/nav2_voxel_grid:/home/agilex/limo_ros2_ws/src/install/nav2_msgs:/home/agilex/limo_ros2_ws/src/install/nav2_common:${AMENT_PREFIX_PATH} CMAKE_PREFIX_PATH=/home/agilex/limo_ros2_ws/src/install/nav2_costmap_2d:/home/agilex/limo_ros2_ws/src/install/nav2_util:/home/agilex/limo_ros2_ws/src/install/nav2_voxel_grid:/home/agilex/limo_ros2_ws/src/install/nav2_msgs:/home/agilex/limo_ros2_ws/src/install/nav2_common:/home/agilex/limo_ros2_ws/install/ydlidar_sdk:/home/agilex/limo_ros2_ws/install/ydlidar_ros2_driver:/home/agilex/limo_ros2_ws/install/teb_local_planner:/home/agilex/limo_ros2_ws/install/teb_msgs:/home/agilex/limo_ros2_ws/install/nav2_system_tests:/home/agilex/limo_ros2_ws/install/nav2_bringup:/home/agilex/limo_ros2_ws/install/navigation2:/home/agilex/limo_ros2_ws/install/smac_planner:/home/agilex/limo_ros2_ws/install/rf2o_laser_odometry:/home/agilex/limo_ros2_ws/install/orbbec_description:/home/agilex/limo_ros2_ws/install/orbbec_camera:/home/agilex/limo_ros2_ws/install/orbbec_camera_msgs:/home/agilex/limo_ros2_ws/install/nav2_dwb_controller:/home/agilex/limo_ros2_ws/install/nav2_controller:/home/agilex/limo_ros2_ws/install/dwb_plugins:/home/agilex/limo_ros2_ws/install/dwb_critics:/home/agilex/limo_ros2_ws/install/dwb_core:/home/agilex/limo_ros2_ws/install/nav_2d_utils:/home/agilex/limo_ros2_ws/install/dwb_msgs:/home/agilex/limo_ros2_ws/install/nav_2d_msgs:/home/agilex/limo_ros2_ws/install/nav2_waypoint_follower:/home/agilex/limo_ros2_ws/install/nav2_regulated_pure_pursuit_controller:/home/agilex/limo_ros2_ws/install/nav2_recoveries:/home/agilex/limo_ros2_ws/install/nav2_planner:/home/agilex/limo_ros2_ws/install/nav2_navfn_planner:/home/agilex/limo_ros2_ws/install/nav2_core:/home/agilex/limo_ros2_ws/install/costmap_queue:/home/agilex/limo_ros2_ws/install/costmap_converter:/home/agilex/limo_ros2_ws/install/nav2_costmap_2d:/home/agilex/limo_ros2_ws/install/nav2_voxel_grid:/home/agilex/limo_ros2_ws/install/nav2_rviz_plugins:/home/agilex/limo_ros2_ws/install/nav2_map_server:/home/agilex/limo_ros2_ws/install/nav2_lifecycle_manager:/home/agilex/limo_ros2_ws/install/nav2_bt_navigator:/home/agilex/limo_ros2_ws/install/nav2_behavior_tree:/home/agilex/limo_ros2_ws/install/nav2_amcl:/home/agilex/limo_ros2_ws/install/nav2_util:/home/agilex/limo_ros2_ws/install/nav2_msgs:/home/agilex/limo_ros2_ws/install/nav2_common:/home/agilex/limo_ros2_ws/install/magic_enum:/home/agilex/limo_ros2_ws/install/limo_visions:/home/agilex/limo_ros2_ws/install/limo_bringup:/home/agilex/limo_ros2_ws/install/limo_base:/home/agilex/limo_ros2_ws/install/limo_msgs:/home/agilex/limo_ros2_ws/install/limo_description:/home/agilex/limo_ros2_ws/install/libuvc:/home/agilex/limo_ros2_ws/install/glog:/home/agilex/limo_ros2_ws/install/costmap_converter_msgs:/home/agilex/limo_ros2_ws/install/astra_camera:/home/agilex/limo_ros2_ws/install/astra_camera_msgs:/home/agilex/limo_ros2_ws/install/nav2_gazebo_spawner:/opt/ros/foxy LD_LIBRARY_PATH=/home/agilex/limo_ros2_ws/src/install/nav2_costmap_2d/lib:/home/agilex/limo_ros2_ws/src/install/nav2_util/lib:/home/agilex/limo_ros2_ws/src/install/nav2_voxel_grid/lib:/home/agilex/limo_ros2_ws/src/install/nav2_msgs/lib:${LD_LIBRARY_PATH} PYTHONPATH=/home/agilex/limo_ros2_ws/src/install/nav2_msgs/lib/python3.8/site-packages:/home/agilex/limo_ros2_ws/src/install/nav2_common/lib/python3.8/site-packages:${PYTHONPATH} /usr/bin/cmake /home/agilex/limo_ros2_ws/src/navigation2/nav2_dwb_controller/costmap_queue -DCMAKE_INSTALL_PREFIX=/home/agilex/limo_ros2_ws/src/install/costmap_queue
[9.740s] Invoking command in '/home/agilex/limo_ros2_ws/src/build/costmap_queue': AMENT_PREFIX_PATH=/home/agilex/limo_ros2_ws/src/install/nav2_costmap_2d:/home/agilex/limo_ros2_ws/src/install/nav2_util:/home/agilex/limo_ros2_ws/src/install/nav2_voxel_grid:/home/agilex/limo_ros2_ws/src/install/nav2_msgs:/home/agilex/limo_ros2_ws/src/install/nav2_common:${AMENT_PREFIX_PATH} CMAKE_PREFIX_PATH=/home/agilex/limo_ros2_ws/src/install/nav2_costmap_2d:/home/agilex/limo_ros2_ws/src/install/nav2_util:/home/agilex/limo_ros2_ws/src/install/nav2_voxel_grid:/home/agilex/limo_ros2_ws/src/install/nav2_msgs:/home/agilex/limo_ros2_ws/src/install/nav2_common:/home/agilex/limo_ros2_ws/install/ydlidar_sdk:/home/agilex/limo_ros2_ws/install/ydlidar_ros2_driver:/home/agilex/limo_ros2_ws/install/teb_local_planner:/home/agilex/limo_ros2_ws/install/teb_msgs:/home/agilex/limo_ros2_ws/install/nav2_system_tests:/home/agilex/limo_ros2_ws/install/nav2_bringup:/home/agilex/limo_ros2_ws/install/navigation2:/home/agilex/limo_ros2_ws/install/smac_planner:/home/agilex/limo_ros2_ws/install/rf2o_laser_odometry:/home/agilex/limo_ros2_ws/install/orbbec_description:/home/agilex/limo_ros2_ws/install/orbbec_camera:/home/agilex/limo_ros2_ws/install/orbbec_camera_msgs:/home/agilex/limo_ros2_ws/install/nav2_dwb_controller:/home/agilex/limo_ros2_ws/install/nav2_controller:/home/agilex/limo_ros2_ws/install/dwb_plugins:/home/agilex/limo_ros2_ws/install/dwb_critics:/home/agilex/limo_ros2_ws/install/dwb_core:/home/agilex/limo_ros2_ws/install/nav_2d_utils:/home/agilex/limo_ros2_ws/install/dwb_msgs:/home/agilex/limo_ros2_ws/install/nav_2d_msgs:/home/agilex/limo_ros2_ws/install/nav2_waypoint_follower:/home/agilex/limo_ros2_ws/install/nav2_regulated_pure_pursuit_controller:/home/agilex/limo_ros2_ws/install/nav2_recoveries:/home/agilex/limo_ros2_ws/install/nav2_planner:/home/agilex/limo_ros2_ws/install/nav2_navfn_planner:/home/agilex/limo_ros2_ws/install/nav2_core:/home/agilex/limo_ros2_ws/install/costmap_queue:/home/agilex/limo_ros2_ws/install/costmap_converter:/home/agilex/limo_ros2_ws/install/nav2_costmap_2d:/home/agilex/limo_ros2_ws/install/nav2_voxel_grid:/home/agilex/limo_ros2_ws/install/nav2_rviz_plugins:/home/agilex/limo_ros2_ws/install/nav2_map_server:/home/agilex/limo_ros2_ws/install/nav2_lifecycle_manager:/home/agilex/limo_ros2_ws/install/nav2_bt_navigator:/home/agilex/limo_ros2_ws/install/nav2_behavior_tree:/home/agilex/limo_ros2_ws/install/nav2_amcl:/home/agilex/limo_ros2_ws/install/nav2_util:/home/agilex/limo_ros2_ws/install/nav2_msgs:/home/agilex/limo_ros2_ws/install/nav2_common:/home/agilex/limo_ros2_ws/install/magic_enum:/home/agilex/limo_ros2_ws/install/limo_visions:/home/agilex/limo_ros2_ws/install/limo_bringup:/home/agilex/limo_ros2_ws/install/limo_base:/home/agilex/limo_ros2_ws/install/limo_msgs:/home/agilex/limo_ros2_ws/install/limo_description:/home/agilex/limo_ros2_ws/install/libuvc:/home/agilex/limo_ros2_ws/install/glog:/home/agilex/limo_ros2_ws/install/costmap_converter_msgs:/home/agilex/limo_ros2_ws/install/astra_camera:/home/agilex/limo_ros2_ws/install/astra_camera_msgs:/home/agilex/limo_ros2_ws/install/nav2_gazebo_spawner:/opt/ros/foxy LD_LIBRARY_PATH=/home/agilex/limo_ros2_ws/src/install/nav2_costmap_2d/lib:/home/agilex/limo_ros2_ws/src/install/nav2_util/lib:/home/agilex/limo_ros2_ws/src/install/nav2_voxel_grid/lib:/home/agilex/limo_ros2_ws/src/install/nav2_msgs/lib:${LD_LIBRARY_PATH} PYTHONPATH=/home/agilex/limo_ros2_ws/src/install/nav2_msgs/lib/python3.8/site-packages:/home/agilex/limo_ros2_ws/src/install/nav2_common/lib/python3.8/site-packages:${PYTHONPATH} /usr/bin/cmake --build /home/agilex/limo_ros2_ws/src/build/costmap_queue -- -j6 -l6
[11.277s] [35m[1mScanning dependencies of target gtest[0m
[11.277s] [35m[1mScanning dependencies of target costmap_queue[0m
[11.278s] [35m[1mScanning dependencies of target gtest_main[0m
[11.278s] [  9%] [32mBuilding CXX object gtest/CMakeFiles/gtest.dir/src/gtest-all.cc.o[0m
[11.278s] [ 18%] [32mBuilding CXX object CMakeFiles/costmap_queue.dir/src/costmap_queue.cpp.o[0m
[11.278s] [ 27%] [32mBuilding CXX object gtest/CMakeFiles/gtest_main.dir/src/gtest_main.cc.o[0m
[11.278s] [ 36%] [32mBuilding CXX object CMakeFiles/costmap_queue.dir/src/limited_costmap_queue.cpp.o[0m
[13.362s] [ 45%] [32m[1mLinking CXX static library libcostmap_queue.a[0m
[13.377s] [ 54%] [32m[1mLinking CXX static library libgtest_main.a[0m
[13.615s] [ 54%] Built target costmap_queue
[13.678s] [ 54%] Built target gtest_main
[42.945s] [ 63%] [32m[1mLinking CXX static library libgtest.a[0m
[43.088s] [ 63%] Built target gtest
[43.141s] [35m[1mScanning dependencies of target utest[0m
[43.306s] [ 72%] [32mBuilding CXX object CMakeFiles/utest.dir/test/utest.cpp.o[0m
[50.585s] [ 81%] [32m[1mLinking CXX executable utest[0m
[51.307s] [ 81%] Built target utest
[51.350s] [35m[1mScanning dependencies of target mbq_test[0m
[51.420s] [ 90%] [32mBuilding CXX object CMakeFiles/mbq_test.dir/test/mbq_test.cpp.o[0m
[54.336s] [100%] [32m[1mLinking CXX executable mbq_test[0m
[54.774s] [100%] Built target mbq_test
[54.822s] Invoked command in '/home/agilex/limo_ros2_ws/src/build/costmap_queue' returned '0': AMENT_PREFIX_PATH=/home/agilex/limo_ros2_ws/src/install/nav2_costmap_2d:/home/agilex/limo_ros2_ws/src/install/nav2_util:/home/agilex/limo_ros2_ws/src/install/nav2_voxel_grid:/home/agilex/limo_ros2_ws/src/install/nav2_msgs:/home/agilex/limo_ros2_ws/src/install/nav2_common:${AMENT_PREFIX_PATH} CMAKE_PREFIX_PATH=/home/agilex/limo_ros2_ws/src/install/nav2_costmap_2d:/home/agilex/limo_ros2_ws/src/install/nav2_util:/home/agilex/limo_ros2_ws/src/install/nav2_voxel_grid:/home/agilex/limo_ros2_ws/src/install/nav2_msgs:/home/agilex/limo_ros2_ws/src/install/nav2_common:/home/agilex/limo_ros2_ws/install/ydlidar_sdk:/home/agilex/limo_ros2_ws/install/ydlidar_ros2_driver:/home/agilex/limo_ros2_ws/install/teb_local_planner:/home/agilex/limo_ros2_ws/install/teb_msgs:/home/agilex/limo_ros2_ws/install/nav2_system_tests:/home/agilex/limo_ros2_ws/install/nav2_bringup:/home/agilex/limo_ros2_ws/install/navigation2:/home/agilex/limo_ros2_ws/install/smac_planner:/home/agilex/limo_ros2_ws/install/rf2o_laser_odometry:/home/agilex/limo_ros2_ws/install/orbbec_description:/home/agilex/limo_ros2_ws/install/orbbec_camera:/home/agilex/limo_ros2_ws/install/orbbec_camera_msgs:/home/agilex/limo_ros2_ws/install/nav2_dwb_controller:/home/agilex/limo_ros2_ws/install/nav2_controller:/home/agilex/limo_ros2_ws/install/dwb_plugins:/home/agilex/limo_ros2_ws/install/dwb_critics:/home/agilex/limo_ros2_ws/install/dwb_core:/home/agilex/limo_ros2_ws/install/nav_2d_utils:/home/agilex/limo_ros2_ws/install/dwb_msgs:/home/agilex/limo_ros2_ws/install/nav_2d_msgs:/home/agilex/limo_ros2_ws/install/nav2_waypoint_follower:/home/agilex/limo_ros2_ws/install/nav2_regulated_pure_pursuit_controller:/home/agilex/limo_ros2_ws/install/nav2_recoveries:/home/agilex/limo_ros2_ws/install/nav2_planner:/home/agilex/limo_ros2_ws/install/nav2_navfn_planner:/home/agilex/limo_ros2_ws/install/nav2_core:/home/agilex/limo_ros2_ws/install/costmap_queue:/home/agilex/limo_ros2_ws/install/costmap_converter:/home/agilex/limo_ros2_ws/install/nav2_costmap_2d:/home/agilex/limo_ros2_ws/install/nav2_voxel_grid:/home/agilex/limo_ros2_ws/install/nav2_rviz_plugins:/home/agilex/limo_ros2_ws/install/nav2_map_server:/home/agilex/limo_ros2_ws/install/nav2_lifecycle_manager:/home/agilex/limo_ros2_ws/install/nav2_bt_navigator:/home/agilex/limo_ros2_ws/install/nav2_behavior_tree:/home/agilex/limo_ros2_ws/install/nav2_amcl:/home/agilex/limo_ros2_ws/install/nav2_util:/home/agilex/limo_ros2_ws/install/nav2_msgs:/home/agilex/limo_ros2_ws/install/nav2_common:/home/agilex/limo_ros2_ws/install/magic_enum:/home/agilex/limo_ros2_ws/install/limo_visions:/home/agilex/limo_ros2_ws/install/limo_bringup:/home/agilex/limo_ros2_ws/install/limo_base:/home/agilex/limo_ros2_ws/install/limo_msgs:/home/agilex/limo_ros2_ws/install/limo_description:/home/agilex/limo_ros2_ws/install/libuvc:/home/agilex/limo_ros2_ws/install/glog:/home/agilex/limo_ros2_ws/install/costmap_converter_msgs:/home/agilex/limo_ros2_ws/install/astra_camera:/home/agilex/limo_ros2_ws/install/astra_camera_msgs:/home/agilex/limo_ros2_ws/install/nav2_gazebo_spawner:/opt/ros/foxy LD_LIBRARY_PATH=/home/agilex/limo_ros2_ws/src/install/nav2_costmap_2d/lib:/home/agilex/limo_ros2_ws/src/install/nav2_util/lib:/home/agilex/limo_ros2_ws/src/install/nav2_voxel_grid/lib:/home/agilex/limo_ros2_ws/src/install/nav2_msgs/lib:${LD_LIBRARY_PATH} PYTHONPATH=/home/agilex/limo_ros2_ws/src/install/nav2_msgs/lib/python3.8/site-packages:/home/agilex/limo_ros2_ws/src/install/nav2_common/lib/python3.8/site-packages:${PYTHONPATH} /usr/bin/cmake --build /home/agilex/limo_ros2_ws/src/build/costmap_queue -- -j6 -l6
[54.984s] Invoking command in '/home/agilex/limo_ros2_ws/src/build/costmap_queue': AMENT_PREFIX_PATH=/home/agilex/limo_ros2_ws/src/install/nav2_costmap_2d:/home/agilex/limo_ros2_ws/src/install/nav2_util:/home/agilex/limo_ros2_ws/src/install/nav2_voxel_grid:/home/agilex/limo_ros2_ws/src/install/nav2_msgs:/home/agilex/limo_ros2_ws/src/install/nav2_common:${AMENT_PREFIX_PATH} CMAKE_PREFIX_PATH=/home/agilex/limo_ros2_ws/src/install/nav2_costmap_2d:/home/agilex/limo_ros2_ws/src/install/nav2_util:/home/agilex/limo_ros2_ws/src/install/nav2_voxel_grid:/home/agilex/limo_ros2_ws/src/install/nav2_msgs:/home/agilex/limo_ros2_ws/src/install/nav2_common:/home/agilex/limo_ros2_ws/install/ydlidar_sdk:/home/agilex/limo_ros2_ws/install/ydlidar_ros2_driver:/home/agilex/limo_ros2_ws/install/teb_local_planner:/home/agilex/limo_ros2_ws/install/teb_msgs:/home/agilex/limo_ros2_ws/install/nav2_system_tests:/home/agilex/limo_ros2_ws/install/nav2_bringup:/home/agilex/limo_ros2_ws/install/navigation2:/home/agilex/limo_ros2_ws/install/smac_planner:/home/agilex/limo_ros2_ws/install/rf2o_laser_odometry:/home/agilex/limo_ros2_ws/install/orbbec_description:/home/agilex/limo_ros2_ws/install/orbbec_camera:/home/agilex/limo_ros2_ws/install/orbbec_camera_msgs:/home/agilex/limo_ros2_ws/install/nav2_dwb_controller:/home/agilex/limo_ros2_ws/install/nav2_controller:/home/agilex/limo_ros2_ws/install/dwb_plugins:/home/agilex/limo_ros2_ws/install/dwb_critics:/home/agilex/limo_ros2_ws/install/dwb_core:/home/agilex/limo_ros2_ws/install/nav_2d_utils:/home/agilex/limo_ros2_ws/install/dwb_msgs:/home/agilex/limo_ros2_ws/install/nav_2d_msgs:/home/agilex/limo_ros2_ws/install/nav2_waypoint_follower:/home/agilex/limo_ros2_ws/install/nav2_regulated_pure_pursuit_controller:/home/agilex/limo_ros2_ws/install/nav2_recoveries:/home/agilex/limo_ros2_ws/install/nav2_planner:/home/agilex/limo_ros2_ws/install/nav2_navfn_planner:/home/agilex/limo_ros2_ws/install/nav2_core:/home/agilex/limo_ros2_ws/install/costmap_queue:/home/agilex/limo_ros2_ws/install/costmap_converter:/home/agilex/limo_ros2_ws/install/nav2_costmap_2d:/home/agilex/limo_ros2_ws/install/nav2_voxel_grid:/home/agilex/limo_ros2_ws/install/nav2_rviz_plugins:/home/agilex/limo_ros2_ws/install/nav2_map_server:/home/agilex/limo_ros2_ws/install/nav2_lifecycle_manager:/home/agilex/limo_ros2_ws/install/nav2_bt_navigator:/home/agilex/limo_ros2_ws/install/nav2_behavior_tree:/home/agilex/limo_ros2_ws/install/nav2_amcl:/home/agilex/limo_ros2_ws/install/nav2_util:/home/agilex/limo_ros2_ws/install/nav2_msgs:/home/agilex/limo_ros2_ws/install/nav2_common:/home/agilex/limo_ros2_ws/install/magic_enum:/home/agilex/limo_ros2_ws/install/limo_visions:/home/agilex/limo_ros2_ws/install/limo_bringup:/home/agilex/limo_ros2_ws/install/limo_base:/home/agilex/limo_ros2_ws/install/limo_msgs:/home/agilex/limo_ros2_ws/install/limo_description:/home/agilex/limo_ros2_ws/install/libuvc:/home/agilex/limo_ros2_ws/install/glog:/home/agilex/limo_ros2_ws/install/costmap_converter_msgs:/home/agilex/limo_ros2_ws/install/astra_camera:/home/agilex/limo_ros2_ws/install/astra_camera_msgs:/home/agilex/limo_ros2_ws/install/nav2_gazebo_spawner:/opt/ros/foxy LD_LIBRARY_PATH=/home/agilex/limo_ros2_ws/src/install/nav2_costmap_2d/lib:/home/agilex/limo_ros2_ws/src/install/nav2_util/lib:/home/agilex/limo_ros2_ws/src/install/nav2_voxel_grid/lib:/home/agilex/limo_ros2_ws/src/install/nav2_msgs/lib:${LD_LIBRARY_PATH} PYTHONPATH=/home/agilex/limo_ros2_ws/src/install/nav2_msgs/lib/python3.8/site-packages:/home/agilex/limo_ros2_ws/src/install/nav2_common/lib/python3.8/site-packages:${PYTHONPATH} /usr/bin/cmake --install /home/agilex/limo_ros2_ws/src/build/costmap_queue
[66.657s] -- Install configuration: "Release"
[66.659s] -- Installing: /home/agilex/limo_ros2_ws/src/install/costmap_queue/lib/libcostmap_queue.a
[66.662s] -- Installing: /home/agilex/limo_ros2_ws/src/install/costmap_queue/include/
[66.664s] -- Installing: /home/agilex/limo_ros2_ws/src/install/costmap_queue/include//costmap_queue
[66.665s] -- Installing: /home/agilex/limo_ros2_ws/src/install/costmap_queue/include//costmap_queue/limited_costmap_queue.hpp
[66.665s] -- Installing: /home/agilex/limo_ros2_ws/src/install/costmap_queue/include//costmap_queue/map_based_queue.hpp
[66.666s] -- Installing: /home/agilex/limo_ros2_ws/src/install/costmap_queue/include//costmap_queue/costmap_queue.hpp
[66.666s] -- Installing: /home/agilex/limo_ros2_ws/src/install/costmap_queue/share/costmap_queue/environment/library_path.sh
[66.666s] -- Installing: /home/agilex/limo_ros2_ws/src/install/costmap_queue/share/costmap_queue/environment/library_path.dsv
[66.666s] -- Installing: /home/agilex/limo_ros2_ws/src/install/costmap_queue/share/ament_index/resource_index/package_run_dependencies/costmap_queue
[66.666s] -- Installing: /home/agilex/limo_ros2_ws/src/install/costmap_queue/share/ament_index/resource_index/parent_prefix_path/costmap_queue
[66.666s] -- Installing: /home/agilex/limo_ros2_ws/src/install/costmap_queue/share/costmap_queue/environment/ament_prefix_path.sh
[66.666s] -- Installing: /home/agilex/limo_ros2_ws/src/install/costmap_queue/share/costmap_queue/environment/ament_prefix_path.dsv
[66.666s] -- Installing: /home/agilex/limo_ros2_ws/src/install/costmap_queue/share/costmap_queue/environment/path.sh
[66.667s] -- Installing: /home/agilex/limo_ros2_ws/src/install/costmap_queue/share/costmap_queue/environment/path.dsv
[66.667s] -- Installing: /home/agilex/limo_ros2_ws/src/install/costmap_queue/share/costmap_queue/local_setup.bash
[66.667s] -- Installing: /home/agilex/limo_ros2_ws/src/install/costmap_queue/share/costmap_queue/local_setup.sh
[66.667s] -- Installing: /home/agilex/limo_ros2_ws/src/install/costmap_queue/share/costmap_queue/local_setup.zsh
[66.667s] -- Installing: /home/agilex/limo_ros2_ws/src/install/costmap_queue/share/costmap_queue/local_setup.dsv
[66.667s] -- Installing: /home/agilex/limo_ros2_ws/src/install/costmap_queue/share/costmap_queue/package.dsv
[66.667s] -- Installing: /home/agilex/limo_ros2_ws/src/install/costmap_queue/share/ament_index/resource_index/packages/costmap_queue
[66.667s] -- Installing: /home/agilex/limo_ros2_ws/src/install/costmap_queue/share/costmap_queue/cmake/ament_cmake_export_include_directories-extras.cmake
[66.667s] -- Installing: /home/agilex/limo_ros2_ws/src/install/costmap_queue/share/costmap_queue/cmake/ament_cmake_export_libraries-extras.cmake
[66.668s] -- Installing: /home/agilex/limo_ros2_ws/src/install/costmap_queue/share/costmap_queue/cmake/costmap_queueConfig.cmake
[66.668s] -- Installing: /home/agilex/limo_ros2_ws/src/install/costmap_queue/share/costmap_queue/cmake/costmap_queueConfig-version.cmake
[66.668s] -- Installing: /home/agilex/limo_ros2_ws/src/install/costmap_queue/share/costmap_queue/package.xml
[66.668s] Invoked command in '/home/agilex/limo_ros2_ws/src/build/costmap_queue' returned '0': AMENT_PREFIX_PATH=/home/agilex/limo_ros2_ws/src/install/nav2_costmap_2d:/home/agilex/limo_ros2_ws/src/install/nav2_util:/home/agilex/limo_ros2_ws/src/install/nav2_voxel_grid:/home/agilex/limo_ros2_ws/src/install/nav2_msgs:/home/agilex/limo_ros2_ws/src/install/nav2_common:${AMENT_PREFIX_PATH} CMAKE_PREFIX_PATH=/home/agilex/limo_ros2_ws/src/install/nav2_costmap_2d:/home/agilex/limo_ros2_ws/src/install/nav2_util:/home/agilex/limo_ros2_ws/src/install/nav2_voxel_grid:/home/agilex/limo_ros2_ws/src/install/nav2_msgs:/home/agilex/limo_ros2_ws/src/install/nav2_common:/home/agilex/limo_ros2_ws/install/ydlidar_sdk:/home/agilex/limo_ros2_ws/install/ydlidar_ros2_driver:/home/agilex/limo_ros2_ws/install/teb_local_planner:/home/agilex/limo_ros2_ws/install/teb_msgs:/home/agilex/limo_ros2_ws/install/nav2_system_tests:/home/agilex/limo_ros2_ws/install/nav2_bringup:/home/agilex/limo_ros2_ws/install/navigation2:/home/agilex/limo_ros2_ws/install/smac_planner:/home/agilex/limo_ros2_ws/install/rf2o_laser_odometry:/home/agilex/limo_ros2_ws/install/orbbec_description:/home/agilex/limo_ros2_ws/install/orbbec_camera:/home/agilex/limo_ros2_ws/install/orbbec_camera_msgs:/home/agilex/limo_ros2_ws/install/nav2_dwb_controller:/home/agilex/limo_ros2_ws/install/nav2_controller:/home/agilex/limo_ros2_ws/install/dwb_plugins:/home/agilex/limo_ros2_ws/install/dwb_critics:/home/agilex/limo_ros2_ws/install/dwb_core:/home/agilex/limo_ros2_ws/install/nav_2d_utils:/home/agilex/limo_ros2_ws/install/dwb_msgs:/home/agilex/limo_ros2_ws/install/nav_2d_msgs:/home/agilex/limo_ros2_ws/install/nav2_waypoint_follower:/home/agilex/limo_ros2_ws/install/nav2_regulated_pure_pursuit_controller:/home/agilex/limo_ros2_ws/install/nav2_recoveries:/home/agilex/limo_ros2_ws/install/nav2_planner:/home/agilex/limo_ros2_ws/install/nav2_navfn_planner:/home/agilex/limo_ros2_ws/install/nav2_core:/home/agilex/limo_ros2_ws/install/costmap_queue:/home/agilex/limo_ros2_ws/install/costmap_converter:/home/agilex/limo_ros2_ws/install/nav2_costmap_2d:/home/agilex/limo_ros2_ws/install/nav2_voxel_grid:/home/agilex/limo_ros2_ws/install/nav2_rviz_plugins:/home/agilex/limo_ros2_ws/install/nav2_map_server:/home/agilex/limo_ros2_ws/install/nav2_lifecycle_manager:/home/agilex/limo_ros2_ws/install/nav2_bt_navigator:/home/agilex/limo_ros2_ws/install/nav2_behavior_tree:/home/agilex/limo_ros2_ws/install/nav2_amcl:/home/agilex/limo_ros2_ws/install/nav2_util:/home/agilex/limo_ros2_ws/install/nav2_msgs:/home/agilex/limo_ros2_ws/install/nav2_common:/home/agilex/limo_ros2_ws/install/magic_enum:/home/agilex/limo_ros2_ws/install/limo_visions:/home/agilex/limo_ros2_ws/install/limo_bringup:/home/agilex/limo_ros2_ws/install/limo_base:/home/agilex/limo_ros2_ws/install/limo_msgs:/home/agilex/limo_ros2_ws/install/limo_description:/home/agilex/limo_ros2_ws/install/libuvc:/home/agilex/limo_ros2_ws/install/glog:/home/agilex/limo_ros2_ws/install/costmap_converter_msgs:/home/agilex/limo_ros2_ws/install/astra_camera:/home/agilex/limo_ros2_ws/install/astra_camera_msgs:/home/agilex/limo_ros2_ws/install/nav2_gazebo_spawner:/opt/ros/foxy LD_LIBRARY_PATH=/home/agilex/limo_ros2_ws/src/install/nav2_costmap_2d/lib:/home/agilex/limo_ros2_ws/src/install/nav2_util/lib:/home/agilex/limo_ros2_ws/src/install/nav2_voxel_grid/lib:/home/agilex/limo_ros2_ws/src/install/nav2_msgs/lib:${LD_LIBRARY_PATH} PYTHONPATH=/home/agilex/limo_ros2_ws/src/install/nav2_msgs/lib/python3.8/site-packages:/home/agilex/limo_ros2_ws/src/install/nav2_common/lib/python3.8/site-packages:${PYTHONPATH} /usr/bin/cmake --install /home/agilex/limo_ros2_ws/src/build/costmap_queue
