[0.078s] Invoking command in '/home/agilex/limo_ros2_ws/build/orbbec_camera': CMAKE_PREFIX_PATH=/home/agilex/limo_ros2_ws/install/orbbec_camera_msgs:/home/agilex/limo_ros2_ws/install/ydlidar_sdk:/home/agilex/limo_ros2_ws/install/ydlidar_ros2_driver:/home/agilex/limo_ros2_ws/install/tracetools_image_pipeline:/home/agilex/limo_ros2_ws/install/teb_local_planner:/home/agilex/limo_ros2_ws/install/teb_msgs:/home/agilex/limo_ros2_ws/install/nav2_system_tests:/home/agilex/limo_ros2_ws/install/nav2_bringup:/home/agilex/limo_ros2_ws/install/navigation2:/home/agilex/limo_ros2_ws/install/smac_planner:/home/agilex/limo_ros2_ws/install/rf2o_laser_odometry:/home/agilex/limo_ros2_ws/install/orbbec_description:/home/agilex/limo_ros2_ws/install/orbbec_camera:/home/agilex/limo_ros2_ws/install/nav2_dwb_controller:/home/agilex/limo_ros2_ws/install/nav2_controller:/home/agilex/limo_ros2_ws/install/dwb_plugins:/home/agilex/limo_ros2_ws/install/dwb_critics:/home/agilex/limo_ros2_ws/install/dwb_core:/home/agilex/limo_ros2_ws/install/nav_2d_utils:/home/agilex/limo_ros2_ws/install/dwb_msgs:/home/agilex/limo_ros2_ws/install/nav_2d_msgs:/home/agilex/limo_ros2_ws/install/nav2_waypoint_follower:/home/agilex/limo_ros2_ws/install/nav2_regulated_pure_pursuit_controller:/home/agilex/limo_ros2_ws/install/nav2_recoveries:/home/agilex/limo_ros2_ws/install/nav2_planner:/home/agilex/limo_ros2_ws/install/nav2_navfn_planner:/home/agilex/limo_ros2_ws/install/nav2_core:/home/agilex/limo_ros2_ws/install/costmap_queue:/home/agilex/limo_ros2_ws/install/costmap_converter:/home/agilex/limo_ros2_ws/install/nav2_costmap_2d:/home/agilex/limo_ros2_ws/install/nav2_voxel_grid:/home/agilex/limo_ros2_ws/install/nav2_rviz_plugins:/home/agilex/limo_ros2_ws/install/nav2_map_server:/home/agilex/limo_ros2_ws/install/nav2_lifecycle_manager:/home/agilex/limo_ros2_ws/install/nav2_bt_navigator:/home/agilex/limo_ros2_ws/install/nav2_behavior_tree:/home/agilex/limo_ros2_ws/install/nav2_amcl:/home/agilex/limo_ros2_ws/install/nav2_util:/home/agilex/limo_ros2_ws/install/nav2_msgs:/home/agilex/limo_ros2_ws/install/nav2_common:/home/agilex/limo_ros2_ws/install/magic_enum:/home/agilex/limo_ros2_ws/install/limo_visions:/home/agilex/limo_ros2_ws/install/limo_bringup:/home/agilex/limo_ros2_ws/install/limo_base:/home/agilex/limo_ros2_ws/install/limo_msgs:/home/agilex/limo_ros2_ws/install/limo_description:/home/agilex/limo_ros2_ws/install/libuvc:/home/agilex/limo_ros2_ws/install/astra_camera:/home/agilex/limo_ros2_ws/install/glog:/home/agilex/limo_ros2_ws/install/costmap_converter_msgs:/home/agilex/limo_ros2_ws/install/astra_camera_msgs:/home/agilex/limo_ros2_ws/install/nav2_gazebo_spawner:/home/agilex/limo_ros2_ws/install/camera_calibration:/opt/ros/foxy LD_LIBRARY_PATH=/home/agilex/limo_ros2_ws/install/orbbec_camera_msgs/lib:/home/agilex/limo_ros2_ws/install/tracetools_image_pipeline/lib:/home/agilex/limo_ros2_ws/install/teb_local_planner/lib:/home/agilex/limo_ros2_ws/install/teb_msgs/lib:/home/agilex/limo_ros2_ws/install/smac_planner/lib:/home/agilex/limo_ros2_ws/install/orbbec_camera/lib:/home/agilex/limo_ros2_ws/install/nav2_controller/lib:/home/agilex/limo_ros2_ws/install/dwb_plugins/lib:/home/agilex/limo_ros2_ws/install/dwb_critics/lib:/home/agilex/limo_ros2_ws/install/dwb_core/lib:/home/agilex/limo_ros2_ws/install/nav_2d_utils/lib:/home/agilex/limo_ros2_ws/install/dwb_msgs/lib:/home/agilex/limo_ros2_ws/install/nav_2d_msgs/lib:/home/agilex/limo_ros2_ws/install/nav2_waypoint_follower/lib:/home/agilex/limo_ros2_ws/install/nav2_regulated_pure_pursuit_controller/lib:/home/agilex/limo_ros2_ws/install/nav2_recoveries/lib:/home/agilex/limo_ros2_ws/install/nav2_planner/lib:/home/agilex/limo_ros2_ws/install/nav2_navfn_planner/lib:/home/agilex/limo_ros2_ws/install/costmap_queue/lib:/home/agilex/limo_ros2_ws/install/costmap_converter/lib:/home/agilex/limo_ros2_ws/install/nav2_costmap_2d/lib:/home/agilex/limo_ros2_ws/install/nav2_voxel_grid/lib:/home/agilex/limo_ros2_ws/install/nav2_rviz_plugins/lib:/home/agilex/limo_ros2_ws/install/nav2_map_server/lib:/home/agilex/limo_ros2_ws/install/nav2_lifecycle_manager/lib:/home/agilex/limo_ros2_ws/install/nav2_bt_navigator/lib:/home/agilex/limo_ros2_ws/install/nav2_behavior_tree/lib:/home/agilex/limo_ros2_ws/install/nav2_amcl/lib:/home/agilex/limo_ros2_ws/install/nav2_util/lib:/home/agilex/limo_ros2_ws/install/nav2_msgs/lib:/home/agilex/limo_ros2_ws/install/limo_msgs/lib:/home/agilex/limo_ros2_ws/install/libuvc/lib:/home/agilex/limo_ros2_ws/install/astra_camera/lib:/home/agilex/limo_ros2_ws/install/glog/lib:/home/agilex/limo_ros2_ws/install/costmap_converter_msgs/lib:/home/agilex/limo_ros2_ws/install/astra_camera_msgs/lib:/usr/lib/aarch64-linux-gnu/gazebo-11/plugins:/opt/ros/foxy/opt/yaml_cpp_vendor/lib:/opt/ros/foxy/opt/rviz_ogre_vendor/lib:/opt/ros/foxy/lib/aarch64-linux-gnu:/opt/ros/foxy/lib PYTHONPATH=/home/agilex/limo_ros2_ws/install/orbbec_camera_msgs/lib/python3.8/site-packages:/home/agilex/limo_ros2_ws/install/teb_msgs/lib/python3.8/site-packages:/home/agilex/limo_ros2_ws/install/dwb_msgs/lib/python3.8/site-packages:/home/agilex/limo_ros2_ws/install/nav_2d_msgs/lib/python3.8/site-packages:/home/agilex/limo_ros2_ws/install/nav2_msgs/lib/python3.8/site-packages:/home/agilex/limo_ros2_ws/install/nav2_gazebo_spawner/lib/python3.8/site-packages:/home/agilex/limo_ros2_ws/install/nav2_common/lib/python3.8/site-packages:/home/agilex/limo_ros2_ws/install/limo_msgs/lib/python3.8/site-packages:/home/agilex/limo_ros2_ws/install/costmap_converter_msgs/lib/python3.8/site-packages:/home/agilex/limo_ros2_ws/install/camera_calibration/lib/python3.8/site-packages:/home/agilex/limo_ros2_ws/install/astra_camera_msgs/lib/python3.8/site-packages:/opt/ros/foxy/lib/python3.8/site-packages /usr/bin/cmake --build /home/agilex/limo_ros2_ws/build/orbbec_camera -- -j6 -l6
[0.394s] [  8%] Built target orbbec_camera_node
[0.413s] [ 16%] Built target frame_latency
[0.458s] [ 24%] Built target frame_latency_node
[0.459s] [ 68%] Built target orbbec_camera
[0.582s] [ 76%] Built target topic_statistics_node
[0.614s] [ 92%] Built target list_camera_profile_mode_node
[0.615s] [ 92%] Built target list_devices_node
[0.623s] [100%] Built target list_depth_work_mode_node
[0.662s] Invoked command in '/home/agilex/limo_ros2_ws/build/orbbec_camera' returned '0': CMAKE_PREFIX_PATH=/home/agilex/limo_ros2_ws/install/orbbec_camera_msgs:/home/agilex/limo_ros2_ws/install/ydlidar_sdk:/home/agilex/limo_ros2_ws/install/ydlidar_ros2_driver:/home/agilex/limo_ros2_ws/install/tracetools_image_pipeline:/home/agilex/limo_ros2_ws/install/teb_local_planner:/home/agilex/limo_ros2_ws/install/teb_msgs:/home/agilex/limo_ros2_ws/install/nav2_system_tests:/home/agilex/limo_ros2_ws/install/nav2_bringup:/home/agilex/limo_ros2_ws/install/navigation2:/home/agilex/limo_ros2_ws/install/smac_planner:/home/agilex/limo_ros2_ws/install/rf2o_laser_odometry:/home/agilex/limo_ros2_ws/install/orbbec_description:/home/agilex/limo_ros2_ws/install/orbbec_camera:/home/agilex/limo_ros2_ws/install/nav2_dwb_controller:/home/agilex/limo_ros2_ws/install/nav2_controller:/home/agilex/limo_ros2_ws/install/dwb_plugins:/home/agilex/limo_ros2_ws/install/dwb_critics:/home/agilex/limo_ros2_ws/install/dwb_core:/home/agilex/limo_ros2_ws/install/nav_2d_utils:/home/agilex/limo_ros2_ws/install/dwb_msgs:/home/agilex/limo_ros2_ws/install/nav_2d_msgs:/home/agilex/limo_ros2_ws/install/nav2_waypoint_follower:/home/agilex/limo_ros2_ws/install/nav2_regulated_pure_pursuit_controller:/home/agilex/limo_ros2_ws/install/nav2_recoveries:/home/agilex/limo_ros2_ws/install/nav2_planner:/home/agilex/limo_ros2_ws/install/nav2_navfn_planner:/home/agilex/limo_ros2_ws/install/nav2_core:/home/agilex/limo_ros2_ws/install/costmap_queue:/home/agilex/limo_ros2_ws/install/costmap_converter:/home/agilex/limo_ros2_ws/install/nav2_costmap_2d:/home/agilex/limo_ros2_ws/install/nav2_voxel_grid:/home/agilex/limo_ros2_ws/install/nav2_rviz_plugins:/home/agilex/limo_ros2_ws/install/nav2_map_server:/home/agilex/limo_ros2_ws/install/nav2_lifecycle_manager:/home/agilex/limo_ros2_ws/install/nav2_bt_navigator:/home/agilex/limo_ros2_ws/install/nav2_behavior_tree:/home/agilex/limo_ros2_ws/install/nav2_amcl:/home/agilex/limo_ros2_ws/install/nav2_util:/home/agilex/limo_ros2_ws/install/nav2_msgs:/home/agilex/limo_ros2_ws/install/nav2_common:/home/agilex/limo_ros2_ws/install/magic_enum:/home/agilex/limo_ros2_ws/install/limo_visions:/home/agilex/limo_ros2_ws/install/limo_bringup:/home/agilex/limo_ros2_ws/install/limo_base:/home/agilex/limo_ros2_ws/install/limo_msgs:/home/agilex/limo_ros2_ws/install/limo_description:/home/agilex/limo_ros2_ws/install/libuvc:/home/agilex/limo_ros2_ws/install/astra_camera:/home/agilex/limo_ros2_ws/install/glog:/home/agilex/limo_ros2_ws/install/costmap_converter_msgs:/home/agilex/limo_ros2_ws/install/astra_camera_msgs:/home/agilex/limo_ros2_ws/install/nav2_gazebo_spawner:/home/agilex/limo_ros2_ws/install/camera_calibration:/opt/ros/foxy LD_LIBRARY_PATH=/home/agilex/limo_ros2_ws/install/orbbec_camera_msgs/lib:/home/agilex/limo_ros2_ws/install/tracetools_image_pipeline/lib:/home/agilex/limo_ros2_ws/install/teb_local_planner/lib:/home/agilex/limo_ros2_ws/install/teb_msgs/lib:/home/agilex/limo_ros2_ws/install/smac_planner/lib:/home/agilex/limo_ros2_ws/install/orbbec_camera/lib:/home/agilex/limo_ros2_ws/install/nav2_controller/lib:/home/agilex/limo_ros2_ws/install/dwb_plugins/lib:/home/agilex/limo_ros2_ws/install/dwb_critics/lib:/home/agilex/limo_ros2_ws/install/dwb_core/lib:/home/agilex/limo_ros2_ws/install/nav_2d_utils/lib:/home/agilex/limo_ros2_ws/install/dwb_msgs/lib:/home/agilex/limo_ros2_ws/install/nav_2d_msgs/lib:/home/agilex/limo_ros2_ws/install/nav2_waypoint_follower/lib:/home/agilex/limo_ros2_ws/install/nav2_regulated_pure_pursuit_controller/lib:/home/agilex/limo_ros2_ws/install/nav2_recoveries/lib:/home/agilex/limo_ros2_ws/install/nav2_planner/lib:/home/agilex/limo_ros2_ws/install/nav2_navfn_planner/lib:/home/agilex/limo_ros2_ws/install/costmap_queue/lib:/home/agilex/limo_ros2_ws/install/costmap_converter/lib:/home/agilex/limo_ros2_ws/install/nav2_costmap_2d/lib:/home/agilex/limo_ros2_ws/install/nav2_voxel_grid/lib:/home/agilex/limo_ros2_ws/install/nav2_rviz_plugins/lib:/home/agilex/limo_ros2_ws/install/nav2_map_server/lib:/home/agilex/limo_ros2_ws/install/nav2_lifecycle_manager/lib:/home/agilex/limo_ros2_ws/install/nav2_bt_navigator/lib:/home/agilex/limo_ros2_ws/install/nav2_behavior_tree/lib:/home/agilex/limo_ros2_ws/install/nav2_amcl/lib:/home/agilex/limo_ros2_ws/install/nav2_util/lib:/home/agilex/limo_ros2_ws/install/nav2_msgs/lib:/home/agilex/limo_ros2_ws/install/limo_msgs/lib:/home/agilex/limo_ros2_ws/install/libuvc/lib:/home/agilex/limo_ros2_ws/install/astra_camera/lib:/home/agilex/limo_ros2_ws/install/glog/lib:/home/agilex/limo_ros2_ws/install/costmap_converter_msgs/lib:/home/agilex/limo_ros2_ws/install/astra_camera_msgs/lib:/usr/lib/aarch64-linux-gnu/gazebo-11/plugins:/opt/ros/foxy/opt/yaml_cpp_vendor/lib:/opt/ros/foxy/opt/rviz_ogre_vendor/lib:/opt/ros/foxy/lib/aarch64-linux-gnu:/opt/ros/foxy/lib PYTHONPATH=/home/agilex/limo_ros2_ws/install/orbbec_camera_msgs/lib/python3.8/site-packages:/home/agilex/limo_ros2_ws/install/teb_msgs/lib/python3.8/site-packages:/home/agilex/limo_ros2_ws/install/dwb_msgs/lib/python3.8/site-packages:/home/agilex/limo_ros2_ws/install/nav_2d_msgs/lib/python3.8/site-packages:/home/agilex/limo_ros2_ws/install/nav2_msgs/lib/python3.8/site-packages:/home/agilex/limo_ros2_ws/install/nav2_gazebo_spawner/lib/python3.8/site-packages:/home/agilex/limo_ros2_ws/install/nav2_common/lib/python3.8/site-packages:/home/agilex/limo_ros2_ws/install/limo_msgs/lib/python3.8/site-packages:/home/agilex/limo_ros2_ws/install/costmap_converter_msgs/lib/python3.8/site-packages:/home/agilex/limo_ros2_ws/install/camera_calibration/lib/python3.8/site-packages:/home/agilex/limo_ros2_ws/install/astra_camera_msgs/lib/python3.8/site-packages:/opt/ros/foxy/lib/python3.8/site-packages /usr/bin/cmake --build /home/agilex/limo_ros2_ws/build/orbbec_camera -- -j6 -l6
[0.907s] Invoking command in '/home/agilex/limo_ros2_ws/build/orbbec_camera': CMAKE_PREFIX_PATH=/home/agilex/limo_ros2_ws/install/orbbec_camera_msgs:/home/agilex/limo_ros2_ws/install/ydlidar_sdk:/home/agilex/limo_ros2_ws/install/ydlidar_ros2_driver:/home/agilex/limo_ros2_ws/install/tracetools_image_pipeline:/home/agilex/limo_ros2_ws/install/teb_local_planner:/home/agilex/limo_ros2_ws/install/teb_msgs:/home/agilex/limo_ros2_ws/install/nav2_system_tests:/home/agilex/limo_ros2_ws/install/nav2_bringup:/home/agilex/limo_ros2_ws/install/navigation2:/home/agilex/limo_ros2_ws/install/smac_planner:/home/agilex/limo_ros2_ws/install/rf2o_laser_odometry:/home/agilex/limo_ros2_ws/install/orbbec_description:/home/agilex/limo_ros2_ws/install/orbbec_camera:/home/agilex/limo_ros2_ws/install/nav2_dwb_controller:/home/agilex/limo_ros2_ws/install/nav2_controller:/home/agilex/limo_ros2_ws/install/dwb_plugins:/home/agilex/limo_ros2_ws/install/dwb_critics:/home/agilex/limo_ros2_ws/install/dwb_core:/home/agilex/limo_ros2_ws/install/nav_2d_utils:/home/agilex/limo_ros2_ws/install/dwb_msgs:/home/agilex/limo_ros2_ws/install/nav_2d_msgs:/home/agilex/limo_ros2_ws/install/nav2_waypoint_follower:/home/agilex/limo_ros2_ws/install/nav2_regulated_pure_pursuit_controller:/home/agilex/limo_ros2_ws/install/nav2_recoveries:/home/agilex/limo_ros2_ws/install/nav2_planner:/home/agilex/limo_ros2_ws/install/nav2_navfn_planner:/home/agilex/limo_ros2_ws/install/nav2_core:/home/agilex/limo_ros2_ws/install/costmap_queue:/home/agilex/limo_ros2_ws/install/costmap_converter:/home/agilex/limo_ros2_ws/install/nav2_costmap_2d:/home/agilex/limo_ros2_ws/install/nav2_voxel_grid:/home/agilex/limo_ros2_ws/install/nav2_rviz_plugins:/home/agilex/limo_ros2_ws/install/nav2_map_server:/home/agilex/limo_ros2_ws/install/nav2_lifecycle_manager:/home/agilex/limo_ros2_ws/install/nav2_bt_navigator:/home/agilex/limo_ros2_ws/install/nav2_behavior_tree:/home/agilex/limo_ros2_ws/install/nav2_amcl:/home/agilex/limo_ros2_ws/install/nav2_util:/home/agilex/limo_ros2_ws/install/nav2_msgs:/home/agilex/limo_ros2_ws/install/nav2_common:/home/agilex/limo_ros2_ws/install/magic_enum:/home/agilex/limo_ros2_ws/install/limo_visions:/home/agilex/limo_ros2_ws/install/limo_bringup:/home/agilex/limo_ros2_ws/install/limo_base:/home/agilex/limo_ros2_ws/install/limo_msgs:/home/agilex/limo_ros2_ws/install/limo_description:/home/agilex/limo_ros2_ws/install/libuvc:/home/agilex/limo_ros2_ws/install/astra_camera:/home/agilex/limo_ros2_ws/install/glog:/home/agilex/limo_ros2_ws/install/costmap_converter_msgs:/home/agilex/limo_ros2_ws/install/astra_camera_msgs:/home/agilex/limo_ros2_ws/install/nav2_gazebo_spawner:/home/agilex/limo_ros2_ws/install/camera_calibration:/opt/ros/foxy LD_LIBRARY_PATH=/home/agilex/limo_ros2_ws/install/orbbec_camera_msgs/lib:/home/agilex/limo_ros2_ws/install/tracetools_image_pipeline/lib:/home/agilex/limo_ros2_ws/install/teb_local_planner/lib:/home/agilex/limo_ros2_ws/install/teb_msgs/lib:/home/agilex/limo_ros2_ws/install/smac_planner/lib:/home/agilex/limo_ros2_ws/install/orbbec_camera/lib:/home/agilex/limo_ros2_ws/install/nav2_controller/lib:/home/agilex/limo_ros2_ws/install/dwb_plugins/lib:/home/agilex/limo_ros2_ws/install/dwb_critics/lib:/home/agilex/limo_ros2_ws/install/dwb_core/lib:/home/agilex/limo_ros2_ws/install/nav_2d_utils/lib:/home/agilex/limo_ros2_ws/install/dwb_msgs/lib:/home/agilex/limo_ros2_ws/install/nav_2d_msgs/lib:/home/agilex/limo_ros2_ws/install/nav2_waypoint_follower/lib:/home/agilex/limo_ros2_ws/install/nav2_regulated_pure_pursuit_controller/lib:/home/agilex/limo_ros2_ws/install/nav2_recoveries/lib:/home/agilex/limo_ros2_ws/install/nav2_planner/lib:/home/agilex/limo_ros2_ws/install/nav2_navfn_planner/lib:/home/agilex/limo_ros2_ws/install/costmap_queue/lib:/home/agilex/limo_ros2_ws/install/costmap_converter/lib:/home/agilex/limo_ros2_ws/install/nav2_costmap_2d/lib:/home/agilex/limo_ros2_ws/install/nav2_voxel_grid/lib:/home/agilex/limo_ros2_ws/install/nav2_rviz_plugins/lib:/home/agilex/limo_ros2_ws/install/nav2_map_server/lib:/home/agilex/limo_ros2_ws/install/nav2_lifecycle_manager/lib:/home/agilex/limo_ros2_ws/install/nav2_bt_navigator/lib:/home/agilex/limo_ros2_ws/install/nav2_behavior_tree/lib:/home/agilex/limo_ros2_ws/install/nav2_amcl/lib:/home/agilex/limo_ros2_ws/install/nav2_util/lib:/home/agilex/limo_ros2_ws/install/nav2_msgs/lib:/home/agilex/limo_ros2_ws/install/limo_msgs/lib:/home/agilex/limo_ros2_ws/install/libuvc/lib:/home/agilex/limo_ros2_ws/install/astra_camera/lib:/home/agilex/limo_ros2_ws/install/glog/lib:/home/agilex/limo_ros2_ws/install/costmap_converter_msgs/lib:/home/agilex/limo_ros2_ws/install/astra_camera_msgs/lib:/usr/lib/aarch64-linux-gnu/gazebo-11/plugins:/opt/ros/foxy/opt/yaml_cpp_vendor/lib:/opt/ros/foxy/opt/rviz_ogre_vendor/lib:/opt/ros/foxy/lib/aarch64-linux-gnu:/opt/ros/foxy/lib PYTHONPATH=/home/agilex/limo_ros2_ws/install/orbbec_camera_msgs/lib/python3.8/site-packages:/home/agilex/limo_ros2_ws/install/teb_msgs/lib/python3.8/site-packages:/home/agilex/limo_ros2_ws/install/dwb_msgs/lib/python3.8/site-packages:/home/agilex/limo_ros2_ws/install/nav_2d_msgs/lib/python3.8/site-packages:/home/agilex/limo_ros2_ws/install/nav2_msgs/lib/python3.8/site-packages:/home/agilex/limo_ros2_ws/install/nav2_gazebo_spawner/lib/python3.8/site-packages:/home/agilex/limo_ros2_ws/install/nav2_common/lib/python3.8/site-packages:/home/agilex/limo_ros2_ws/install/limo_msgs/lib/python3.8/site-packages:/home/agilex/limo_ros2_ws/install/costmap_converter_msgs/lib/python3.8/site-packages:/home/agilex/limo_ros2_ws/install/camera_calibration/lib/python3.8/site-packages:/home/agilex/limo_ros2_ws/install/astra_camera_msgs/lib/python3.8/site-packages:/opt/ros/foxy/lib/python3.8/site-packages /usr/bin/cmake --install /home/agilex/limo_ros2_ws/build/orbbec_camera
[0.938s] -- Install configuration: "Release"
[0.939s] -- Up-to-date: /home/agilex/limo_ros2_ws/install/orbbec_camera/lib/orbbec_camera/orbbec_camera_node
[0.939s] -- Up-to-date: /home/agilex/limo_ros2_ws/install/orbbec_camera/lib/orbbec_camera/frame_latency_node
[0.940s] -- Up-to-date: /home/agilex/limo_ros2_ws/install/orbbec_camera/lib/liborbbec_camera.so
[0.941s] -- Up-to-date: /home/agilex/limo_ros2_ws/install/orbbec_camera/lib/libframe_latency.so
[0.941s] -- Up-to-date: /home/agilex/limo_ros2_ws/install/orbbec_camera/include
[0.941s] -- Up-to-date: /home/agilex/limo_ros2_ws/install/orbbec_camera/include/magic_enum
[0.941s] -- Up-to-date: /home/agilex/limo_ros2_ws/install/orbbec_camera/include/magic_enum/magic_enum.hpp
[0.942s] -- Up-to-date: /home/agilex/limo_ros2_ws/install/orbbec_camera/include/orbbec_camera
[0.942s] -- Up-to-date: /home/agilex/limo_ros2_ws/install/orbbec_camera/include/orbbec_camera/ros_param_backend.h
[0.942s] -- Up-to-date: /home/agilex/limo_ros2_ws/install/orbbec_camera/include/orbbec_camera/utils.h
[0.942s] -- Up-to-date: /home/agilex/limo_ros2_ws/install/orbbec_camera/include/orbbec_camera/ob_camera_node_driver.h
[0.942s] -- Up-to-date: /home/agilex/limo_ros2_ws/install/orbbec_camera/include/orbbec_camera/jpeg_decoder.h
[0.943s] -- Up-to-date: /home/agilex/limo_ros2_ws/install/orbbec_camera/include/orbbec_camera/jetson_nv_decoder.h
[0.944s] -- Up-to-date: /home/agilex/limo_ros2_ws/install/orbbec_camera/include/orbbec_camera/image_publisher.h
[0.944s] -- Up-to-date: /home/agilex/limo_ros2_ws/install/orbbec_camera/include/orbbec_camera/ob_camera_node.h
[0.944s] -- Up-to-date: /home/agilex/limo_ros2_ws/install/orbbec_camera/include/orbbec_camera/synced_imu_publisher.h
[0.945s] -- Up-to-date: /home/agilex/limo_ros2_ws/install/orbbec_camera/include/orbbec_camera/d2c_viewer.h
[0.945s] -- Up-to-date: /home/agilex/limo_ros2_ws/install/orbbec_camera/include/orbbec_camera/rk_mpp_decoder.h
[0.946s] -- Up-to-date: /home/agilex/limo_ros2_ws/install/orbbec_camera/include/orbbec_camera/dynamic_params.h
[0.946s] -- Up-to-date: /home/agilex/limo_ros2_ws/install/orbbec_camera/include/orbbec_camera/constants.h
[0.946s] -- Up-to-date: /home/agilex/limo_ros2_ws/install/orbbec_camera/share/orbbec_camera//launch
[0.946s] -- Up-to-date: /home/agilex/limo_ros2_ws/install/orbbec_camera/share/orbbec_camera//launch/dabai_dw.launch.py
[0.947s] -- Up-to-date: /home/agilex/limo_ros2_ws/install/orbbec_camera/share/orbbec_camera//launch/ob_camera.launch.py
[0.947s] -- Up-to-date: /home/agilex/limo_ros2_ws/install/orbbec_camera/share/orbbec_camera//launch/femto_mega.launch.py
[0.947s] -- Up-to-date: /home/agilex/limo_ros2_ws/install/orbbec_camera/share/orbbec_camera//launch/dabai_pro.launch.py
[0.948s] -- Up-to-date: /home/agilex/limo_ros2_ws/install/orbbec_camera/share/orbbec_camera//launch/gemini_330_series.launch.py
[0.948s] -- Up-to-date: /home/agilex/limo_ros2_ws/install/orbbec_camera/share/orbbec_camera//launch/gemini_uw.launch.py
[0.948s] -- Up-to-date: /home/agilex/limo_ros2_ws/install/orbbec_camera/share/orbbec_camera//launch/dabai_dcw.launch.py
[0.948s] -- Up-to-date: /home/agilex/limo_ros2_ws/install/orbbec_camera/share/orbbec_camera//launch/dabai_max_pro.launch.py
[0.949s] -- Up-to-date: /home/agilex/limo_ros2_ws/install/orbbec_camera/share/orbbec_camera//launch/dabai_max.launch.py
[0.949s] -- Up-to-date: /home/agilex/limo_ros2_ws/install/orbbec_camera/share/orbbec_camera//launch/astra_adv.launch.py
[0.949s] -- Up-to-date: /home/agilex/limo_ros2_ws/install/orbbec_camera/share/orbbec_camera//launch/gemini_ew.launch.py
[0.949s] -- Up-to-date: /home/agilex/limo_ros2_ws/install/orbbec_camera/share/orbbec_camera//launch/gemini2XL.launch.py
[0.949s] -- Up-to-date: /home/agilex/limo_ros2_ws/install/orbbec_camera/share/orbbec_camera//launch/gemini2L.launch.py
[0.949s] -- Up-to-date: /home/agilex/limo_ros2_ws/install/orbbec_camera/share/orbbec_camera//launch/dabai_dw2.launch.py
[0.950s] -- Up-to-date: /home/agilex/limo_ros2_ws/install/orbbec_camera/share/orbbec_camera//launch/femto.launch.py
[0.950s] -- Up-to-date: /home/agilex/limo_ros2_ws/install/orbbec_camera/share/orbbec_camera//launch/gemini_e.launch.py
[0.950s] -- Up-to-date: /home/agilex/limo_ros2_ws/install/orbbec_camera/share/orbbec_camera//launch/astra.launch.py
[0.950s] -- Up-to-date: /home/agilex/limo_ros2_ws/install/orbbec_camera/share/orbbec_camera//launch/astra_stereo_u3.launch.py
[0.950s] -- Up-to-date: /home/agilex/limo_ros2_ws/install/orbbec_camera/share/orbbec_camera//launch/gemini_ew_lite.launch.py
[0.951s] -- Up-to-date: /home/agilex/limo_ros2_ws/install/orbbec_camera/share/orbbec_camera//launch/dabai_d1.launch.py
[0.951s] -- Up-to-date: /home/agilex/limo_ros2_ws/install/orbbec_camera/share/orbbec_camera//launch/femto_bolt.launch.py
[0.951s] -- Up-to-date: /home/agilex/limo_ros2_ws/install/orbbec_camera/share/orbbec_camera//launch/dabai_dcw2.launch.py
[0.951s] -- Up-to-date: /home/agilex/limo_ros2_ws/install/orbbec_camera/share/orbbec_camera//launch/gemini2.launch.py
[0.951s] -- Up-to-date: /home/agilex/limo_ros2_ws/install/orbbec_camera/share/orbbec_camera//launch/multi_camera.launch.py
[0.951s] -- Up-to-date: /home/agilex/limo_ros2_ws/install/orbbec_camera/share/orbbec_camera//launch/gemini_intra_process_demo_launch.py
[0.952s] -- Up-to-date: /home/agilex/limo_ros2_ws/install/orbbec_camera/share/orbbec_camera//launch/astra_pro2.launch.py
[0.952s] -- Up-to-date: /home/agilex/limo_ros2_ws/install/orbbec_camera/share/orbbec_camera//launch/dabai.launch.py
[0.952s] -- Up-to-date: /home/agilex/limo_ros2_ws/install/orbbec_camera/share/orbbec_camera//launch/multi_camera_synced.launch.py
[0.952s] -- Up-to-date: /home/agilex/limo_ros2_ws/install/orbbec_camera/share/orbbec_camera//launch/dabai_dcl.py
[0.952s] -- Up-to-date: /home/agilex/limo_ros2_ws/install/orbbec_camera/share/orbbec_camera//launch/gemini_e_lite.launch.py
[0.952s] -- Up-to-date: /home/agilex/limo_ros2_ws/install/orbbec_camera/share/orbbec_camera//launch/astra_embedded_s.launch.py
[0.952s] -- Up-to-date: /home/agilex/limo_ros2_ws/install/orbbec_camera/share/orbbec_camera//launch/astra2.launch.py
[0.953s] -- Up-to-date: /home/agilex/limo_ros2_ws/install/orbbec_camera/share/orbbec_camera//launch/gemini2VL.launch.py
[0.953s] -- Up-to-date: /home/agilex/limo_ros2_ws/install/orbbec_camera/share/orbbec_camera//launch/deeya.launch.py
[0.953s] -- Up-to-date: /home/agilex/limo_ros2_ws/install/orbbec_camera/share/orbbec_camera//config
[0.953s] -- Up-to-date: /home/agilex/limo_ros2_ws/install/orbbec_camera/share/orbbec_camera//config/OrbbecSDKConfig_v1.0.xml
[0.953s] -- Up-to-date: /home/agilex/limo_ros2_ws/install/orbbec_camera/share/orbbec_camera//config/.gitkeep
[0.953s] -- Up-to-date: /home/agilex/limo_ros2_ws/install/orbbec_camera/share/orbbec_camera//config/depthfilter
[0.954s] -- Up-to-date: /home/agilex/limo_ros2_ws/install/orbbec_camera/share/orbbec_camera//config/depthfilter/Gemini2_v1.7.json
[0.954s] -- Up-to-date: /home/agilex/limo_ros2_ws/install/orbbec_camera/share/orbbec_camera//config/depthfilter/Openni_device.json
[0.954s] -- Up-to-date: /home/agilex/limo_ros2_ws/install/orbbec_camera/share/orbbec_camera//config/camera_params.yaml
[0.954s] -- Up-to-date: /home/agilex/limo_ros2_ws/install/orbbec_camera/include
[0.954s] -- Up-to-date: /home/agilex/limo_ros2_ws/install/orbbec_camera/include/libobsensor
[0.954s] -- Up-to-date: /home/agilex/limo_ros2_ws/install/orbbec_camera/include/libobsensor/ObSensor.h
[0.954s] -- Up-to-date: /home/agilex/limo_ros2_ws/install/orbbec_camera/include/libobsensor/ObSensor.hpp
[0.955s] -- Up-to-date: /home/agilex/limo_ros2_ws/install/orbbec_camera/include/libobsensor/hpp
[0.955s] -- Up-to-date: /home/agilex/limo_ros2_ws/install/orbbec_camera/include/libobsensor/hpp/Context.hpp
[0.955s] -- Up-to-date: /home/agilex/limo_ros2_ws/install/orbbec_camera/include/libobsensor/hpp/Device.hpp
[0.956s] -- Up-to-date: /home/agilex/limo_ros2_ws/install/orbbec_camera/include/libobsensor/hpp/RecordPlayback.hpp
[0.958s] -- Up-to-date: /home/agilex/limo_ros2_ws/install/orbbec_camera/include/libobsensor/hpp/Sensor.hpp
[0.958s] -- Up-to-date: /home/agilex/limo_ros2_ws/install/orbbec_camera/include/libobsensor/hpp/Types.hpp
[0.959s] -- Up-to-date: /home/agilex/limo_ros2_ws/install/orbbec_camera/include/libobsensor/hpp/Utils.hpp
[0.959s] -- Up-to-date: /home/agilex/limo_ros2_ws/install/orbbec_camera/include/libobsensor/hpp/Filter.hpp
[0.959s] -- Up-to-date: /home/agilex/limo_ros2_ws/install/orbbec_camera/include/libobsensor/hpp/Version.hpp
[0.959s] -- Up-to-date: /home/agilex/limo_ros2_ws/install/orbbec_camera/include/libobsensor/hpp/StreamProfile.hpp
[0.960s] -- Up-to-date: /home/agilex/limo_ros2_ws/install/orbbec_camera/include/libobsensor/hpp/Frame.hpp
[0.960s] -- Up-to-date: /home/agilex/limo_ros2_ws/install/orbbec_camera/include/libobsensor/hpp/Pipeline.hpp
[0.960s] -- Up-to-date: /home/agilex/limo_ros2_ws/install/orbbec_camera/include/libobsensor/hpp/Error.hpp
[0.960s] -- Up-to-date: /home/agilex/limo_ros2_ws/install/orbbec_camera/include/libobsensor/h
[0.960s] -- Up-to-date: /home/agilex/limo_ros2_ws/install/orbbec_camera/include/libobsensor/h/Sensor.h
[0.961s] -- Up-to-date: /home/agilex/limo_ros2_ws/install/orbbec_camera/include/libobsensor/h/Pipeline.h
[0.961s] -- Up-to-date: /home/agilex/limo_ros2_ws/install/orbbec_camera/include/libobsensor/h/Property.h
[0.961s] -- Up-to-date: /home/agilex/limo_ros2_ws/install/orbbec_camera/include/libobsensor/h/ObTypes.h
[0.961s] -- Up-to-date: /home/agilex/limo_ros2_ws/install/orbbec_camera/include/libobsensor/h/Error.h
[0.962s] -- Up-to-date: /home/agilex/limo_ros2_ws/install/orbbec_camera/include/libobsensor/h/Version.h
[0.962s] -- Up-to-date: /home/agilex/limo_ros2_ws/install/orbbec_camera/include/libobsensor/h/Device.h
[0.962s] -- Up-to-date: /home/agilex/limo_ros2_ws/install/orbbec_camera/include/libobsensor/h/Frame.h
[0.962s] -- Up-to-date: /home/agilex/limo_ros2_ws/install/orbbec_camera/include/libobsensor/h/Filter.h
[0.962s] -- Up-to-date: /home/agilex/limo_ros2_ws/install/orbbec_camera/include/libobsensor/h/Utils.h
[0.963s] -- Up-to-date: /home/agilex/limo_ros2_ws/install/orbbec_camera/include/libobsensor/h/Context.h
[0.963s] -- Up-to-date: /home/agilex/limo_ros2_ws/install/orbbec_camera/include/libobsensor/h/RecordPlayback.h
[0.963s] -- Up-to-date: /home/agilex/limo_ros2_ws/install/orbbec_camera/include/libobsensor/h/MultipleDevices.h
[0.963s] -- Up-to-date: /home/agilex/limo_ros2_ws/install/orbbec_camera/include/libobsensor/h/StreamProfile.h
[0.963s] -- Up-to-date: /home/agilex/limo_ros2_ws/install/orbbec_camera/lib/
[0.963s] -- Up-to-date: /home/agilex/limo_ros2_ws/install/orbbec_camera/lib//libdepthengine.so
[0.964s] -- Up-to-date: /home/agilex/limo_ros2_ws/install/orbbec_camera/lib//liblive555.so
[0.964s] -- Up-to-date: /home/agilex/limo_ros2_ws/install/orbbec_camera/lib//libOrbbecSDK.so.1.10
[0.964s] -- Up-to-date: /home/agilex/limo_ros2_ws/install/orbbec_camera/lib//libdepthengine.so.2.0
[0.964s] -- Up-to-date: /home/agilex/limo_ros2_ws/install/orbbec_camera/lib//libob_usb.so
[0.964s] -- Up-to-date: /home/agilex/limo_ros2_ws/install/orbbec_camera/lib//libOrbbecSDK.so
[0.965s] -- Up-to-date: /home/agilex/limo_ros2_ws/install/orbbec_camera/lib//libOrbbecSDK.so.1.10.12
[0.966s] -- Up-to-date: /home/agilex/limo_ros2_ws/install/orbbec_camera/lib/orbbec_camera/list_devices_node
[0.966s] -- Up-to-date: /home/agilex/limo_ros2_ws/install/orbbec_camera/lib/orbbec_camera/list_depth_work_mode_node
[0.967s] -- Up-to-date: /home/agilex/limo_ros2_ws/install/orbbec_camera/lib/orbbec_camera/list_camera_profile_mode_node
[0.967s] -- Up-to-date: /home/agilex/limo_ros2_ws/install/orbbec_camera/lib/orbbec_camera/topic_statistics_node
[0.968s] -- Up-to-date: /home/agilex/limo_ros2_ws/install/orbbec_camera/share/orbbec_camera/environment/library_path.sh
[0.968s] -- Up-to-date: /home/agilex/limo_ros2_ws/install/orbbec_camera/share/orbbec_camera/environment/library_path.dsv
[0.969s] -- Up-to-date: /home/agilex/limo_ros2_ws/install/orbbec_camera/share/ament_index/resource_index/package_run_dependencies/orbbec_camera
[0.969s] -- Up-to-date: /home/agilex/limo_ros2_ws/install/orbbec_camera/share/ament_index/resource_index/parent_prefix_path/orbbec_camera
[0.970s] -- Up-to-date: /home/agilex/limo_ros2_ws/install/orbbec_camera/share/orbbec_camera/environment/ament_prefix_path.sh
[0.970s] -- Up-to-date: /home/agilex/limo_ros2_ws/install/orbbec_camera/share/orbbec_camera/environment/ament_prefix_path.dsv
[0.970s] -- Up-to-date: /home/agilex/limo_ros2_ws/install/orbbec_camera/share/orbbec_camera/environment/path.sh
[0.971s] -- Up-to-date: /home/agilex/limo_ros2_ws/install/orbbec_camera/share/orbbec_camera/environment/path.dsv
[0.971s] -- Up-to-date: /home/agilex/limo_ros2_ws/install/orbbec_camera/share/orbbec_camera/local_setup.bash
[0.972s] -- Up-to-date: /home/agilex/limo_ros2_ws/install/orbbec_camera/share/orbbec_camera/local_setup.sh
[0.973s] -- Up-to-date: /home/agilex/limo_ros2_ws/install/orbbec_camera/share/orbbec_camera/local_setup.zsh
[0.973s] -- Up-to-date: /home/agilex/limo_ros2_ws/install/orbbec_camera/share/orbbec_camera/local_setup.dsv
[0.977s] -- Installing: /home/agilex/limo_ros2_ws/install/orbbec_camera/share/orbbec_camera/package.dsv
[0.978s] -- Up-to-date: /home/agilex/limo_ros2_ws/install/orbbec_camera/share/ament_index/resource_index/packages/orbbec_camera
[0.978s] -- Up-to-date: /home/agilex/limo_ros2_ws/install/orbbec_camera/share/ament_index/resource_index/rclcpp_components/orbbec_camera
[0.979s] -- Up-to-date: /home/agilex/limo_ros2_ws/install/orbbec_camera/share/orbbec_camera/cmake/ament_cmake_export_include_directories-extras.cmake
[0.979s] -- Up-to-date: /home/agilex/limo_ros2_ws/install/orbbec_camera/share/orbbec_camera/cmake/ament_cmake_export_libraries-extras.cmake
[0.980s] -- Up-to-date: /home/agilex/limo_ros2_ws/install/orbbec_camera/share/orbbec_camera/cmake/ament_cmake_export_dependencies-extras.cmake
[0.981s] -- Up-to-date: /home/agilex/limo_ros2_ws/install/orbbec_camera/share/orbbec_camera/cmake/orbbec_cameraConfig.cmake
[0.981s] -- Up-to-date: /home/agilex/limo_ros2_ws/install/orbbec_camera/share/orbbec_camera/cmake/orbbec_cameraConfig-version.cmake
[0.981s] -- Up-to-date: /home/agilex/limo_ros2_ws/install/orbbec_camera/share/orbbec_camera/package.xml
[0.982s] Invoked command in '/home/agilex/limo_ros2_ws/build/orbbec_camera' returned '0': CMAKE_PREFIX_PATH=/home/agilex/limo_ros2_ws/install/orbbec_camera_msgs:/home/agilex/limo_ros2_ws/install/ydlidar_sdk:/home/agilex/limo_ros2_ws/install/ydlidar_ros2_driver:/home/agilex/limo_ros2_ws/install/tracetools_image_pipeline:/home/agilex/limo_ros2_ws/install/teb_local_planner:/home/agilex/limo_ros2_ws/install/teb_msgs:/home/agilex/limo_ros2_ws/install/nav2_system_tests:/home/agilex/limo_ros2_ws/install/nav2_bringup:/home/agilex/limo_ros2_ws/install/navigation2:/home/agilex/limo_ros2_ws/install/smac_planner:/home/agilex/limo_ros2_ws/install/rf2o_laser_odometry:/home/agilex/limo_ros2_ws/install/orbbec_description:/home/agilex/limo_ros2_ws/install/orbbec_camera:/home/agilex/limo_ros2_ws/install/nav2_dwb_controller:/home/agilex/limo_ros2_ws/install/nav2_controller:/home/agilex/limo_ros2_ws/install/dwb_plugins:/home/agilex/limo_ros2_ws/install/dwb_critics:/home/agilex/limo_ros2_ws/install/dwb_core:/home/agilex/limo_ros2_ws/install/nav_2d_utils:/home/agilex/limo_ros2_ws/install/dwb_msgs:/home/agilex/limo_ros2_ws/install/nav_2d_msgs:/home/agilex/limo_ros2_ws/install/nav2_waypoint_follower:/home/agilex/limo_ros2_ws/install/nav2_regulated_pure_pursuit_controller:/home/agilex/limo_ros2_ws/install/nav2_recoveries:/home/agilex/limo_ros2_ws/install/nav2_planner:/home/agilex/limo_ros2_ws/install/nav2_navfn_planner:/home/agilex/limo_ros2_ws/install/nav2_core:/home/agilex/limo_ros2_ws/install/costmap_queue:/home/agilex/limo_ros2_ws/install/costmap_converter:/home/agilex/limo_ros2_ws/install/nav2_costmap_2d:/home/agilex/limo_ros2_ws/install/nav2_voxel_grid:/home/agilex/limo_ros2_ws/install/nav2_rviz_plugins:/home/agilex/limo_ros2_ws/install/nav2_map_server:/home/agilex/limo_ros2_ws/install/nav2_lifecycle_manager:/home/agilex/limo_ros2_ws/install/nav2_bt_navigator:/home/agilex/limo_ros2_ws/install/nav2_behavior_tree:/home/agilex/limo_ros2_ws/install/nav2_amcl:/home/agilex/limo_ros2_ws/install/nav2_util:/home/agilex/limo_ros2_ws/install/nav2_msgs:/home/agilex/limo_ros2_ws/install/nav2_common:/home/agilex/limo_ros2_ws/install/magic_enum:/home/agilex/limo_ros2_ws/install/limo_visions:/home/agilex/limo_ros2_ws/install/limo_bringup:/home/agilex/limo_ros2_ws/install/limo_base:/home/agilex/limo_ros2_ws/install/limo_msgs:/home/agilex/limo_ros2_ws/install/limo_description:/home/agilex/limo_ros2_ws/install/libuvc:/home/agilex/limo_ros2_ws/install/astra_camera:/home/agilex/limo_ros2_ws/install/glog:/home/agilex/limo_ros2_ws/install/costmap_converter_msgs:/home/agilex/limo_ros2_ws/install/astra_camera_msgs:/home/agilex/limo_ros2_ws/install/nav2_gazebo_spawner:/home/agilex/limo_ros2_ws/install/camera_calibration:/opt/ros/foxy LD_LIBRARY_PATH=/home/agilex/limo_ros2_ws/install/orbbec_camera_msgs/lib:/home/agilex/limo_ros2_ws/install/tracetools_image_pipeline/lib:/home/agilex/limo_ros2_ws/install/teb_local_planner/lib:/home/agilex/limo_ros2_ws/install/teb_msgs/lib:/home/agilex/limo_ros2_ws/install/smac_planner/lib:/home/agilex/limo_ros2_ws/install/orbbec_camera/lib:/home/agilex/limo_ros2_ws/install/nav2_controller/lib:/home/agilex/limo_ros2_ws/install/dwb_plugins/lib:/home/agilex/limo_ros2_ws/install/dwb_critics/lib:/home/agilex/limo_ros2_ws/install/dwb_core/lib:/home/agilex/limo_ros2_ws/install/nav_2d_utils/lib:/home/agilex/limo_ros2_ws/install/dwb_msgs/lib:/home/agilex/limo_ros2_ws/install/nav_2d_msgs/lib:/home/agilex/limo_ros2_ws/install/nav2_waypoint_follower/lib:/home/agilex/limo_ros2_ws/install/nav2_regulated_pure_pursuit_controller/lib:/home/agilex/limo_ros2_ws/install/nav2_recoveries/lib:/home/agilex/limo_ros2_ws/install/nav2_planner/lib:/home/agilex/limo_ros2_ws/install/nav2_navfn_planner/lib:/home/agilex/limo_ros2_ws/install/costmap_queue/lib:/home/agilex/limo_ros2_ws/install/costmap_converter/lib:/home/agilex/limo_ros2_ws/install/nav2_costmap_2d/lib:/home/agilex/limo_ros2_ws/install/nav2_voxel_grid/lib:/home/agilex/limo_ros2_ws/install/nav2_rviz_plugins/lib:/home/agilex/limo_ros2_ws/install/nav2_map_server/lib:/home/agilex/limo_ros2_ws/install/nav2_lifecycle_manager/lib:/home/agilex/limo_ros2_ws/install/nav2_bt_navigator/lib:/home/agilex/limo_ros2_ws/install/nav2_behavior_tree/lib:/home/agilex/limo_ros2_ws/install/nav2_amcl/lib:/home/agilex/limo_ros2_ws/install/nav2_util/lib:/home/agilex/limo_ros2_ws/install/nav2_msgs/lib:/home/agilex/limo_ros2_ws/install/limo_msgs/lib:/home/agilex/limo_ros2_ws/install/libuvc/lib:/home/agilex/limo_ros2_ws/install/astra_camera/lib:/home/agilex/limo_ros2_ws/install/glog/lib:/home/agilex/limo_ros2_ws/install/costmap_converter_msgs/lib:/home/agilex/limo_ros2_ws/install/astra_camera_msgs/lib:/usr/lib/aarch64-linux-gnu/gazebo-11/plugins:/opt/ros/foxy/opt/yaml_cpp_vendor/lib:/opt/ros/foxy/opt/rviz_ogre_vendor/lib:/opt/ros/foxy/lib/aarch64-linux-gnu:/opt/ros/foxy/lib PYTHONPATH=/home/agilex/limo_ros2_ws/install/orbbec_camera_msgs/lib/python3.8/site-packages:/home/agilex/limo_ros2_ws/install/teb_msgs/lib/python3.8/site-packages:/home/agilex/limo_ros2_ws/install/dwb_msgs/lib/python3.8/site-packages:/home/agilex/limo_ros2_ws/install/nav_2d_msgs/lib/python3.8/site-packages:/home/agilex/limo_ros2_ws/install/nav2_msgs/lib/python3.8/site-packages:/home/agilex/limo_ros2_ws/install/nav2_gazebo_spawner/lib/python3.8/site-packages:/home/agilex/limo_ros2_ws/install/nav2_common/lib/python3.8/site-packages:/home/agilex/limo_ros2_ws/install/limo_msgs/lib/python3.8/site-packages:/home/agilex/limo_ros2_ws/install/costmap_converter_msgs/lib/python3.8/site-packages:/home/agilex/limo_ros2_ws/install/camera_calibration/lib/python3.8/site-packages:/home/agilex/limo_ros2_ws/install/astra_camera_msgs/lib/python3.8/site-packages:/opt/ros/foxy/lib/python3.8/site-packages /usr/bin/cmake --install /home/agilex/limo_ros2_ws/build/orbbec_camera
