[0.093s] Invoking command in '/home/agilex/limo_ros2_ws/build/nav2_costmap_2d': CMAKE_PREFIX_PATH=/home/agilex/limo_ros2_ws/install/nav2_map_server:/home/agilex/limo_ros2_ws/install/nav2_lifecycle_manager:/home/agilex/limo_ros2_ws/install/nav2_util:/home/agilex/limo_ros2_ws/install/nav2_voxel_grid:/home/agilex/limo_ros2_ws/install/nav2_msgs:/home/agilex/limo_ros2_ws/install/nav2_common:/home/agilex/limo_ros2_ws/install/ydlidar_sdk:/home/agilex/limo_ros2_ws/install/ydlidar_ros2_driver:/home/agilex/limo_ros2_ws/install/teb_local_planner:/home/agilex/limo_ros2_ws/install/teb_msgs:/home/agilex/limo_ros2_ws/install/nav2_system_tests:/home/agilex/limo_ros2_ws/install/nav2_bringup:/home/agilex/limo_ros2_ws/install/navigation2:/home/agilex/limo_ros2_ws/install/smac_planner:/home/agilex/limo_ros2_ws/install/rf2o_laser_odometry:/home/agilex/limo_ros2_ws/install/nav2_dwb_controller:/home/agilex/limo_ros2_ws/install/nav2_controller:/home/agilex/limo_ros2_ws/install/dwb_plugins:/home/agilex/limo_ros2_ws/install/dwb_critics:/home/agilex/limo_ros2_ws/install/dwb_core:/home/agilex/limo_ros2_ws/install/nav_2d_utils:/home/agilex/limo_ros2_ws/install/dwb_msgs:/home/agilex/limo_ros2_ws/install/nav_2d_msgs:/home/agilex/limo_ros2_ws/install/nav2_waypoint_follower:/home/agilex/limo_ros2_ws/install/nav2_regulated_pure_pursuit_controller:/home/agilex/limo_ros2_ws/install/nav2_recoveries:/home/agilex/limo_ros2_ws/install/nav2_planner:/home/agilex/limo_ros2_ws/install/nav2_navfn_planner:/home/agilex/limo_ros2_ws/install/nav2_core:/home/agilex/limo_ros2_ws/install/costmap_queue:/home/agilex/limo_ros2_ws/install/costmap_converter:/home/agilex/limo_ros2_ws/install/nav2_costmap_2d:/home/agilex/limo_ros2_ws/install/nav2_rviz_plugins:/home/agilex/limo_ros2_ws/install/nav2_bt_navigator:/home/agilex/limo_ros2_ws/install/nav2_behavior_tree:/home/agilex/limo_ros2_ws/install/nav2_amcl:/home/agilex/limo_ros2_ws/install/mypalletizer_interfaces:/home/agilex/limo_ros2_ws/install/mycobot_interfaces:/home/agilex/limo_ros2_ws/install/mecharm_interfaces:/home/agilex/limo_ros2_ws/install/magic_enum:/home/agilex/limo_ros2_ws/install/limo_bringup:/home/agilex/limo_ros2_ws/install/limo_base:/home/agilex/limo_ros2_ws/install/limo_msgs:/home/agilex/limo_ros2_ws/install/limo_description:/home/agilex/limo_ros2_ws/install/libuvc:/home/agilex/limo_ros2_ws/install/glog:/home/agilex/limo_ros2_ws/install/costmap_converter_msgs:/home/agilex/limo_ros2_ws/install/astra_camera:/home/agilex/limo_ros2_ws/install/astra_camera_msgs:/home/agilex/limo_ros2_ws/install/ultraarm:/home/agilex/limo_ros2_ws/install/nav2_gazebo_spawner:/home/agilex/limo_ros2_ws/install/mypalletizer_260_pi:/home/agilex/limo_ros2_ws/install/mypalletizer_260:/home/agilex/limo_ros2_ws/install/mypalletizer_communication:/home/agilex/limo_ros2_ws/install/mycobot_630:/home/agilex/limo_ros2_ws/install/mycobot_600:/home/agilex/limo_ros2_ws/install/mycobot_320pi:/home/agilex/limo_ros2_ws/install/mycobot_320:/home/agilex/limo_ros2_ws/install/mycobot_280pi:/home/agilex/limo_ros2_ws/install/mycobot_280jn:/home/agilex/limo_ros2_ws/install/mycobot_280_x3pi:/home/agilex/limo_ros2_ws/install/mycobot_280:/home/agilex/limo_ros2_ws/install/myarm_300:/home/agilex/limo_ros2_ws/install/mycobot_communication:/home/agilex/limo_ros2_ws/install/mecharm_pi:/home/agilex/limo_ros2_ws/install/mecharm:/home/agilex/limo_ros2_ws/install/mecharm_communication:/home/agilex/limo_ros2_ws/install/mybuddy:/home/agilex/limo_ros2_ws/install/mycobot_description:/opt/ros/foxy LD_LIBRARY_PATH=/home/agilex/limo_ros2_ws/install/nav2_map_server/lib:/home/agilex/limo_ros2_ws/install/nav2_lifecycle_manager/lib:/home/agilex/limo_ros2_ws/install/nav2_util/lib:/home/agilex/limo_ros2_ws/install/nav2_voxel_grid/lib:/home/agilex/limo_ros2_ws/install/nav2_msgs/lib:/home/agilex/limo_ros2_ws/install/teb_local_planner/lib:/home/agilex/limo_ros2_ws/install/teb_msgs/lib:/home/agilex/limo_ros2_ws/install/smac_planner/lib:/home/agilex/limo_ros2_ws/install/nav2_controller/lib:/home/agilex/limo_ros2_ws/install/dwb_plugins/lib:/home/agilex/limo_ros2_ws/install/dwb_critics/lib:/home/agilex/limo_ros2_ws/install/dwb_core/lib:/home/agilex/limo_ros2_ws/install/nav_2d_utils/lib:/home/agilex/limo_ros2_ws/install/dwb_msgs/lib:/home/agilex/limo_ros2_ws/install/nav_2d_msgs/lib:/home/agilex/limo_ros2_ws/install/nav2_waypoint_follower/lib:/home/agilex/limo_ros2_ws/install/nav2_regulated_pure_pursuit_controller/lib:/home/agilex/limo_ros2_ws/install/nav2_recoveries/lib:/home/agilex/limo_ros2_ws/install/nav2_planner/lib:/home/agilex/limo_ros2_ws/install/nav2_navfn_planner/lib:/home/agilex/limo_ros2_ws/install/costmap_queue/lib:/home/agilex/limo_ros2_ws/install/costmap_converter/lib:/home/agilex/limo_ros2_ws/install/nav2_costmap_2d/lib:/home/agilex/limo_ros2_ws/install/nav2_rviz_plugins/lib:/home/agilex/limo_ros2_ws/install/nav2_bt_navigator/lib:/home/agilex/limo_ros2_ws/install/nav2_behavior_tree/lib:/home/agilex/limo_ros2_ws/install/nav2_amcl/lib:/home/agilex/limo_ros2_ws/install/mypalletizer_interfaces/lib:/home/agilex/limo_ros2_ws/install/mycobot_interfaces/lib:/home/agilex/limo_ros2_ws/install/mecharm_interfaces/lib:/home/agilex/limo_ros2_ws/install/limo_msgs/lib:/home/agilex/limo_ros2_ws/install/libuvc/lib:/home/agilex/limo_ros2_ws/install/glog/lib:/home/agilex/limo_ros2_ws/install/costmap_converter_msgs/lib:/home/agilex/limo_ros2_ws/install/astra_camera/lib:/home/agilex/limo_ros2_ws/install/astra_camera_msgs/lib:/usr/lib/aarch64-linux-gnu/gazebo-11/plugins:/opt/ros/foxy/opt/yaml_cpp_vendor/lib:/opt/ros/foxy/opt/rviz_ogre_vendor/lib:/opt/ros/foxy/lib/aarch64-linux-gnu:/opt/ros/foxy/lib PYTHONPATH=/home/agilex/limo_ros2_ws/install/nav2_msgs/lib/python3.8/site-packages:/home/agilex/limo_ros2_ws/install/nav2_common/lib/python3.8/site-packages:/home/agilex/limo_ros2_ws/install/ultraarm/lib/python3.8/site-packages:/home/agilex/limo_ros2_ws/install/teb_msgs/lib/python3.8/site-packages:/home/agilex/limo_ros2_ws/install/dwb_msgs/lib/python3.8/site-packages:/home/agilex/limo_ros2_ws/install/nav_2d_msgs/lib/python3.8/site-packages:/home/agilex/limo_ros2_ws/install/nav2_gazebo_spawner/lib/python3.8/site-packages:/home/agilex/limo_ros2_ws/install/mypalletizer_260_pi/lib/python3.8/site-packages:/home/agilex/limo_ros2_ws/install/mypalletizer_260/lib/python3.8/site-packages:/home/agilex/limo_ros2_ws/install/mypalletizer_communication/lib/python3.8/site-packages:/home/agilex/limo_ros2_ws/install/mypalletizer_interfaces/lib/python3.8/site-packages:/home/agilex/limo_ros2_ws/install/mycobot_630/lib/python3.8/site-packages:/home/agilex/limo_ros2_ws/install/mycobot_600/lib/python3.8/site-packages:/home/agilex/limo_ros2_ws/install/mycobot_320pi/lib/python3.8/site-packages:/home/agilex/limo_ros2_ws/install/mycobot_320/lib/python3.8/site-packages:/home/agilex/limo_ros2_ws/install/mycobot_280pi/lib/python3.8/site-packages:/home/agilex/limo_ros2_ws/install/mycobot_280jn/lib/python3.8/site-packages:/home/agilex/limo_ros2_ws/install/mycobot_280_x3pi/lib/python3.8/site-packages:/home/agilex/limo_ros2_ws/install/mycobot_280/lib/python3.8/site-packages:/home/agilex/limo_ros2_ws/install/myarm_300/lib/python3.8/site-packages:/home/agilex/limo_ros2_ws/install/mycobot_communication/lib/python3.8/site-packages:/home/agilex/limo_ros2_ws/install/mecharm_pi/lib/python3.8/site-packages:/home/agilex/limo_ros2_ws/install/mecharm/lib/python3.8/site-packages:/home/agilex/limo_ros2_ws/install/mecharm_communication/lib/python3.8/site-packages:/home/agilex/limo_ros2_ws/install/mycobot_interfaces/lib/python3.8/site-packages:/home/agilex/limo_ros2_ws/install/mybuddy/lib/python3.8/site-packages:/home/agilex/limo_ros2_ws/install/mycobot_description/lib/python3.8/site-packages:/home/agilex/limo_ros2_ws/install/mecharm_interfaces/lib/python3.8/site-packages:/home/agilex/limo_ros2_ws/install/limo_msgs/lib/python3.8/site-packages:/home/agilex/limo_ros2_ws/install/costmap_converter_msgs/lib/python3.8/site-packages:/home/agilex/limo_ros2_ws/install/astra_camera_msgs/lib/python3.8/site-packages:/opt/ros/foxy/lib/python3.8/site-packages /usr/bin/cmake /home/agilex/limo_ros2_ws/src/navigation2/nav2_costmap_2d -DCMAKE_INSTALL_PREFIX=/home/agilex/limo_ros2_ws/install/nav2_costmap_2d
[0.257s] -- The C compiler identification is GNU 9.4.0
[0.428s] -- The CXX compiler identification is GNU 9.4.0
[0.446s] -- Check for working C compiler: /usr/bin/cc
[0.641s] -- Check for working C compiler: /usr/bin/cc -- works
[0.641s] -- Detecting C compiler ABI info
[0.893s] -- Detecting C compiler ABI info - done
[0.915s] -- Detecting C compile features
[0.916s] -- Detecting C compile features - done
[0.921s] -- Check for working CXX compiler: /usr/bin/c++
[1.217s] -- Check for working CXX compiler: /usr/bin/c++ -- works
[1.219s] -- Detecting CXX compiler ABI info
[1.510s] -- Detecting CXX compiler ABI info - done
[1.533s] -- Detecting CXX compile features
[1.534s] -- Detecting CXX compile features - done
[1.557s] -- Found ament_cmake: 0.9.12 (/opt/ros/foxy/share/ament_cmake/cmake)
[1.665s] -- Found PythonInterp: /usr/bin/python3 (found suitable version "3.8.10", minimum required is "3") 
[1.666s] -- Using PYTHON_EXECUTABLE: /usr/bin/python3
[2.278s] -- Found geometry_msgs: 2.0.5 (/opt/ros/foxy/share/geometry_msgs/cmake)
[2.400s] -- Using all available rosidl_typesupport_c: rosidl_typesupport_fastrtps_c;rosidl_typesupport_introspection_c
[2.435s] -- Found rosidl_adapter: 1.3.1 (/opt/ros/foxy/share/rosidl_adapter/cmake)
[2.776s] -- Found OpenSSL: /usr/lib/aarch64-linux-gnu/libcrypto.so (found version "1.1.1f")  
[2.874s] -- Found FastRTPS: /opt/ros/foxy/include  
[3.112s] -- Using all available rosidl_typesupport_cpp: rosidl_typesupport_fastrtps_cpp;rosidl_typesupport_introspection_cpp
[3.316s] -- Found laser_geometry: 2.2.0 (/opt/ros/foxy/share/laser_geometry/cmake)
[3.352s] -- Found map_msgs: 2.0.2 (/opt/ros/foxy/share/map_msgs/cmake)
[4.051s] -- Found message_filters: 3.2.7 (/opt/ros/foxy/share/message_filters/cmake)
[4.058s] -- Found nav2_common: 0.4.7 (/home/agilex/limo_ros2_ws/install/nav2_common/share/nav2_common/cmake)
[4.060s] -- Found nav2_msgs: 0.4.7 (/home/agilex/limo_ros2_ws/install/nav2_msgs/share/nav2_msgs/cmake)
[4.630s] -- Found nav2_util: 0.4.7 (/home/agilex/limo_ros2_ws/install/nav2_util/share/nav2_util/cmake)
[4.856s] -- Found rmw_implementation_cmake: 1.0.4 (/opt/ros/foxy/share/rmw_implementation_cmake/cmake)
[4.867s] -- Using RMW implementation 'rmw_fastrtps_cpp' as default
[4.870s] -- Looking for pthread.h
[5.083s] -- Looking for pthread.h - found
[5.085s] -- Performing Test CMAKE_HAVE_LIBC_PTHREAD
[5.288s] -- Performing Test CMAKE_HAVE_LIBC_PTHREAD - Failed
[5.289s] -- Looking for pthread_create in pthreads
[5.467s] -- Looking for pthread_create in pthreads - not found
[5.468s] -- Looking for pthread_create in pthread
[5.656s] -- Looking for pthread_create in pthread - found
[5.659s] -- Found Threads: TRUE  
[6.614s] -- Found Eigen3: TRUE (found version "3.3.7") 
[6.935s] -- Found nav2_voxel_grid: 0.4.7 (/home/agilex/limo_ros2_ws/install/nav2_voxel_grid/share/nav2_voxel_grid/cmake)
[6.949s] -- Found pluginlib: 2.5.4 (/opt/ros/foxy/share/pluginlib/cmake)
[7.013s] -- Found tf2_sensor_msgs: 0.13.14 (/opt/ros/foxy/share/tf2_sensor_msgs/cmake)
[7.050s] -- Found visualization_msgs: 2.0.5 (/opt/ros/foxy/share/visualization_msgs/cmake)
[7.190s] -- Found angles: 1.12.6 (/opt/ros/foxy/share/angles/cmake)
[7.195s] -- Setting build type to Release as none was specified.
[8.728s] -- Found ament_lint_auto: 0.9.8 (/opt/ros/foxy/share/ament_lint_auto/cmake)
[9.419s] -- Found gtest sources under '/opt/ros/foxy/src/gtest_vendor': C++ tests using 'Google Test' will be built
[9.424s] -- Check if compiler accepts -pthread
[9.608s] -- Check if compiler accepts -pthread - yes
[9.624s] -- Found gtest sources under '/opt/ros/foxy/src/gtest_vendor': C++ tests using 'Google Test' will be built
[11.204s] -- Added test 'cppcheck' to perform static code analysis on C / C++ code
[11.206s] -- Configured cppcheck include dirs: /home/agilex/limo_ros2_ws/src/navigation2/nav2_costmap_2d/include
[11.206s] -- Configured cppcheck exclude dirs and/or files: 
[11.210s] -- Added test 'flake8' to check Python code syntax and style conventions
[11.214s] -- Added test 'lint_cmake' to check CMake code style
[11.217s] -- Added test 'pep257' to check Python code against some of the style conventions in PEP 257
[11.225s] -- Added test 'uncrustify' to check C / C++ code style
[11.225s] -- Configured uncrustify additional arguments: 
[11.227s] -- Added test 'xmllint' to check XML markup files
[11.248s] -- Configuring done
[12.112s] -- Generating done
[12.120s] -- Build files have been written to: /home/agilex/limo_ros2_ws/build/nav2_costmap_2d
[12.164s] Invoked command in '/home/agilex/limo_ros2_ws/build/nav2_costmap_2d' returned '0': CMAKE_PREFIX_PATH=/home/agilex/limo_ros2_ws/install/nav2_map_server:/home/agilex/limo_ros2_ws/install/nav2_lifecycle_manager:/home/agilex/limo_ros2_ws/install/nav2_util:/home/agilex/limo_ros2_ws/install/nav2_voxel_grid:/home/agilex/limo_ros2_ws/install/nav2_msgs:/home/agilex/limo_ros2_ws/install/nav2_common:/home/agilex/limo_ros2_ws/install/ydlidar_sdk:/home/agilex/limo_ros2_ws/install/ydlidar_ros2_driver:/home/agilex/limo_ros2_ws/install/teb_local_planner:/home/agilex/limo_ros2_ws/install/teb_msgs:/home/agilex/limo_ros2_ws/install/nav2_system_tests:/home/agilex/limo_ros2_ws/install/nav2_bringup:/home/agilex/limo_ros2_ws/install/navigation2:/home/agilex/limo_ros2_ws/install/smac_planner:/home/agilex/limo_ros2_ws/install/rf2o_laser_odometry:/home/agilex/limo_ros2_ws/install/nav2_dwb_controller:/home/agilex/limo_ros2_ws/install/nav2_controller:/home/agilex/limo_ros2_ws/install/dwb_plugins:/home/agilex/limo_ros2_ws/install/dwb_critics:/home/agilex/limo_ros2_ws/install/dwb_core:/home/agilex/limo_ros2_ws/install/nav_2d_utils:/home/agilex/limo_ros2_ws/install/dwb_msgs:/home/agilex/limo_ros2_ws/install/nav_2d_msgs:/home/agilex/limo_ros2_ws/install/nav2_waypoint_follower:/home/agilex/limo_ros2_ws/install/nav2_regulated_pure_pursuit_controller:/home/agilex/limo_ros2_ws/install/nav2_recoveries:/home/agilex/limo_ros2_ws/install/nav2_planner:/home/agilex/limo_ros2_ws/install/nav2_navfn_planner:/home/agilex/limo_ros2_ws/install/nav2_core:/home/agilex/limo_ros2_ws/install/costmap_queue:/home/agilex/limo_ros2_ws/install/costmap_converter:/home/agilex/limo_ros2_ws/install/nav2_costmap_2d:/home/agilex/limo_ros2_ws/install/nav2_rviz_plugins:/home/agilex/limo_ros2_ws/install/nav2_bt_navigator:/home/agilex/limo_ros2_ws/install/nav2_behavior_tree:/home/agilex/limo_ros2_ws/install/nav2_amcl:/home/agilex/limo_ros2_ws/install/mypalletizer_interfaces:/home/agilex/limo_ros2_ws/install/mycobot_interfaces:/home/agilex/limo_ros2_ws/install/mecharm_interfaces:/home/agilex/limo_ros2_ws/install/magic_enum:/home/agilex/limo_ros2_ws/install/limo_bringup:/home/agilex/limo_ros2_ws/install/limo_base:/home/agilex/limo_ros2_ws/install/limo_msgs:/home/agilex/limo_ros2_ws/install/limo_description:/home/agilex/limo_ros2_ws/install/libuvc:/home/agilex/limo_ros2_ws/install/glog:/home/agilex/limo_ros2_ws/install/costmap_converter_msgs:/home/agilex/limo_ros2_ws/install/astra_camera:/home/agilex/limo_ros2_ws/install/astra_camera_msgs:/home/agilex/limo_ros2_ws/install/ultraarm:/home/agilex/limo_ros2_ws/install/nav2_gazebo_spawner:/home/agilex/limo_ros2_ws/install/mypalletizer_260_pi:/home/agilex/limo_ros2_ws/install/mypalletizer_260:/home/agilex/limo_ros2_ws/install/mypalletizer_communication:/home/agilex/limo_ros2_ws/install/mycobot_630:/home/agilex/limo_ros2_ws/install/mycobot_600:/home/agilex/limo_ros2_ws/install/mycobot_320pi:/home/agilex/limo_ros2_ws/install/mycobot_320:/home/agilex/limo_ros2_ws/install/mycobot_280pi:/home/agilex/limo_ros2_ws/install/mycobot_280jn:/home/agilex/limo_ros2_ws/install/mycobot_280_x3pi:/home/agilex/limo_ros2_ws/install/mycobot_280:/home/agilex/limo_ros2_ws/install/myarm_300:/home/agilex/limo_ros2_ws/install/mycobot_communication:/home/agilex/limo_ros2_ws/install/mecharm_pi:/home/agilex/limo_ros2_ws/install/mecharm:/home/agilex/limo_ros2_ws/install/mecharm_communication:/home/agilex/limo_ros2_ws/install/mybuddy:/home/agilex/limo_ros2_ws/install/mycobot_description:/opt/ros/foxy LD_LIBRARY_PATH=/home/agilex/limo_ros2_ws/install/nav2_map_server/lib:/home/agilex/limo_ros2_ws/install/nav2_lifecycle_manager/lib:/home/agilex/limo_ros2_ws/install/nav2_util/lib:/home/agilex/limo_ros2_ws/install/nav2_voxel_grid/lib:/home/agilex/limo_ros2_ws/install/nav2_msgs/lib:/home/agilex/limo_ros2_ws/install/teb_local_planner/lib:/home/agilex/limo_ros2_ws/install/teb_msgs/lib:/home/agilex/limo_ros2_ws/install/smac_planner/lib:/home/agilex/limo_ros2_ws/install/nav2_controller/lib:/home/agilex/limo_ros2_ws/install/dwb_plugins/lib:/home/agilex/limo_ros2_ws/install/dwb_critics/lib:/home/agilex/limo_ros2_ws/install/dwb_core/lib:/home/agilex/limo_ros2_ws/install/nav_2d_utils/lib:/home/agilex/limo_ros2_ws/install/dwb_msgs/lib:/home/agilex/limo_ros2_ws/install/nav_2d_msgs/lib:/home/agilex/limo_ros2_ws/install/nav2_waypoint_follower/lib:/home/agilex/limo_ros2_ws/install/nav2_regulated_pure_pursuit_controller/lib:/home/agilex/limo_ros2_ws/install/nav2_recoveries/lib:/home/agilex/limo_ros2_ws/install/nav2_planner/lib:/home/agilex/limo_ros2_ws/install/nav2_navfn_planner/lib:/home/agilex/limo_ros2_ws/install/costmap_queue/lib:/home/agilex/limo_ros2_ws/install/costmap_converter/lib:/home/agilex/limo_ros2_ws/install/nav2_costmap_2d/lib:/home/agilex/limo_ros2_ws/install/nav2_rviz_plugins/lib:/home/agilex/limo_ros2_ws/install/nav2_bt_navigator/lib:/home/agilex/limo_ros2_ws/install/nav2_behavior_tree/lib:/home/agilex/limo_ros2_ws/install/nav2_amcl/lib:/home/agilex/limo_ros2_ws/install/mypalletizer_interfaces/lib:/home/agilex/limo_ros2_ws/install/mycobot_interfaces/lib:/home/agilex/limo_ros2_ws/install/mecharm_interfaces/lib:/home/agilex/limo_ros2_ws/install/limo_msgs/lib:/home/agilex/limo_ros2_ws/install/libuvc/lib:/home/agilex/limo_ros2_ws/install/glog/lib:/home/agilex/limo_ros2_ws/install/costmap_converter_msgs/lib:/home/agilex/limo_ros2_ws/install/astra_camera/lib:/home/agilex/limo_ros2_ws/install/astra_camera_msgs/lib:/usr/lib/aarch64-linux-gnu/gazebo-11/plugins:/opt/ros/foxy/opt/yaml_cpp_vendor/lib:/opt/ros/foxy/opt/rviz_ogre_vendor/lib:/opt/ros/foxy/lib/aarch64-linux-gnu:/opt/ros/foxy/lib PYTHONPATH=/home/agilex/limo_ros2_ws/install/nav2_msgs/lib/python3.8/site-packages:/home/agilex/limo_ros2_ws/install/nav2_common/lib/python3.8/site-packages:/home/agilex/limo_ros2_ws/install/ultraarm/lib/python3.8/site-packages:/home/agilex/limo_ros2_ws/install/teb_msgs/lib/python3.8/site-packages:/home/agilex/limo_ros2_ws/install/dwb_msgs/lib/python3.8/site-packages:/home/agilex/limo_ros2_ws/install/nav_2d_msgs/lib/python3.8/site-packages:/home/agilex/limo_ros2_ws/install/nav2_gazebo_spawner/lib/python3.8/site-packages:/home/agilex/limo_ros2_ws/install/mypalletizer_260_pi/lib/python3.8/site-packages:/home/agilex/limo_ros2_ws/install/mypalletizer_260/lib/python3.8/site-packages:/home/agilex/limo_ros2_ws/install/mypalletizer_communication/lib/python3.8/site-packages:/home/agilex/limo_ros2_ws/install/mypalletizer_interfaces/lib/python3.8/site-packages:/home/agilex/limo_ros2_ws/install/mycobot_630/lib/python3.8/site-packages:/home/agilex/limo_ros2_ws/install/mycobot_600/lib/python3.8/site-packages:/home/agilex/limo_ros2_ws/install/mycobot_320pi/lib/python3.8/site-packages:/home/agilex/limo_ros2_ws/install/mycobot_320/lib/python3.8/site-packages:/home/agilex/limo_ros2_ws/install/mycobot_280pi/lib/python3.8/site-packages:/home/agilex/limo_ros2_ws/install/mycobot_280jn/lib/python3.8/site-packages:/home/agilex/limo_ros2_ws/install/mycobot_280_x3pi/lib/python3.8/site-packages:/home/agilex/limo_ros2_ws/install/mycobot_280/lib/python3.8/site-packages:/home/agilex/limo_ros2_ws/install/myarm_300/lib/python3.8/site-packages:/home/agilex/limo_ros2_ws/install/mycobot_communication/lib/python3.8/site-packages:/home/agilex/limo_ros2_ws/install/mecharm_pi/lib/python3.8/site-packages:/home/agilex/limo_ros2_ws/install/mecharm/lib/python3.8/site-packages:/home/agilex/limo_ros2_ws/install/mecharm_communication/lib/python3.8/site-packages:/home/agilex/limo_ros2_ws/install/mycobot_interfaces/lib/python3.8/site-packages:/home/agilex/limo_ros2_ws/install/mybuddy/lib/python3.8/site-packages:/home/agilex/limo_ros2_ws/install/mycobot_description/lib/python3.8/site-packages:/home/agilex/limo_ros2_ws/install/mecharm_interfaces/lib/python3.8/site-packages:/home/agilex/limo_ros2_ws/install/limo_msgs/lib/python3.8/site-packages:/home/agilex/limo_ros2_ws/install/costmap_converter_msgs/lib/python3.8/site-packages:/home/agilex/limo_ros2_ws/install/astra_camera_msgs/lib/python3.8/site-packages:/opt/ros/foxy/lib/python3.8/site-packages /usr/bin/cmake /home/agilex/limo_ros2_ws/src/navigation2/nav2_costmap_2d -DCMAKE_INSTALL_PREFIX=/home/agilex/limo_ros2_ws/install/nav2_costmap_2d
[12.172s] Invoking command in '/home/agilex/limo_ros2_ws/build/nav2_costmap_2d': CMAKE_PREFIX_PATH=/home/agilex/limo_ros2_ws/install/nav2_map_server:/home/agilex/limo_ros2_ws/install/nav2_lifecycle_manager:/home/agilex/limo_ros2_ws/install/nav2_util:/home/agilex/limo_ros2_ws/install/nav2_voxel_grid:/home/agilex/limo_ros2_ws/install/nav2_msgs:/home/agilex/limo_ros2_ws/install/nav2_common:/home/agilex/limo_ros2_ws/install/ydlidar_sdk:/home/agilex/limo_ros2_ws/install/ydlidar_ros2_driver:/home/agilex/limo_ros2_ws/install/teb_local_planner:/home/agilex/limo_ros2_ws/install/teb_msgs:/home/agilex/limo_ros2_ws/install/nav2_system_tests:/home/agilex/limo_ros2_ws/install/nav2_bringup:/home/agilex/limo_ros2_ws/install/navigation2:/home/agilex/limo_ros2_ws/install/smac_planner:/home/agilex/limo_ros2_ws/install/rf2o_laser_odometry:/home/agilex/limo_ros2_ws/install/nav2_dwb_controller:/home/agilex/limo_ros2_ws/install/nav2_controller:/home/agilex/limo_ros2_ws/install/dwb_plugins:/home/agilex/limo_ros2_ws/install/dwb_critics:/home/agilex/limo_ros2_ws/install/dwb_core:/home/agilex/limo_ros2_ws/install/nav_2d_utils:/home/agilex/limo_ros2_ws/install/dwb_msgs:/home/agilex/limo_ros2_ws/install/nav_2d_msgs:/home/agilex/limo_ros2_ws/install/nav2_waypoint_follower:/home/agilex/limo_ros2_ws/install/nav2_regulated_pure_pursuit_controller:/home/agilex/limo_ros2_ws/install/nav2_recoveries:/home/agilex/limo_ros2_ws/install/nav2_planner:/home/agilex/limo_ros2_ws/install/nav2_navfn_planner:/home/agilex/limo_ros2_ws/install/nav2_core:/home/agilex/limo_ros2_ws/install/costmap_queue:/home/agilex/limo_ros2_ws/install/costmap_converter:/home/agilex/limo_ros2_ws/install/nav2_costmap_2d:/home/agilex/limo_ros2_ws/install/nav2_rviz_plugins:/home/agilex/limo_ros2_ws/install/nav2_bt_navigator:/home/agilex/limo_ros2_ws/install/nav2_behavior_tree:/home/agilex/limo_ros2_ws/install/nav2_amcl:/home/agilex/limo_ros2_ws/install/mypalletizer_interfaces:/home/agilex/limo_ros2_ws/install/mycobot_interfaces:/home/agilex/limo_ros2_ws/install/mecharm_interfaces:/home/agilex/limo_ros2_ws/install/magic_enum:/home/agilex/limo_ros2_ws/install/limo_bringup:/home/agilex/limo_ros2_ws/install/limo_base:/home/agilex/limo_ros2_ws/install/limo_msgs:/home/agilex/limo_ros2_ws/install/limo_description:/home/agilex/limo_ros2_ws/install/libuvc:/home/agilex/limo_ros2_ws/install/glog:/home/agilex/limo_ros2_ws/install/costmap_converter_msgs:/home/agilex/limo_ros2_ws/install/astra_camera:/home/agilex/limo_ros2_ws/install/astra_camera_msgs:/home/agilex/limo_ros2_ws/install/ultraarm:/home/agilex/limo_ros2_ws/install/nav2_gazebo_spawner:/home/agilex/limo_ros2_ws/install/mypalletizer_260_pi:/home/agilex/limo_ros2_ws/install/mypalletizer_260:/home/agilex/limo_ros2_ws/install/mypalletizer_communication:/home/agilex/limo_ros2_ws/install/mycobot_630:/home/agilex/limo_ros2_ws/install/mycobot_600:/home/agilex/limo_ros2_ws/install/mycobot_320pi:/home/agilex/limo_ros2_ws/install/mycobot_320:/home/agilex/limo_ros2_ws/install/mycobot_280pi:/home/agilex/limo_ros2_ws/install/mycobot_280jn:/home/agilex/limo_ros2_ws/install/mycobot_280_x3pi:/home/agilex/limo_ros2_ws/install/mycobot_280:/home/agilex/limo_ros2_ws/install/myarm_300:/home/agilex/limo_ros2_ws/install/mycobot_communication:/home/agilex/limo_ros2_ws/install/mecharm_pi:/home/agilex/limo_ros2_ws/install/mecharm:/home/agilex/limo_ros2_ws/install/mecharm_communication:/home/agilex/limo_ros2_ws/install/mybuddy:/home/agilex/limo_ros2_ws/install/mycobot_description:/opt/ros/foxy LD_LIBRARY_PATH=/home/agilex/limo_ros2_ws/install/nav2_map_server/lib:/home/agilex/limo_ros2_ws/install/nav2_lifecycle_manager/lib:/home/agilex/limo_ros2_ws/install/nav2_util/lib:/home/agilex/limo_ros2_ws/install/nav2_voxel_grid/lib:/home/agilex/limo_ros2_ws/install/nav2_msgs/lib:/home/agilex/limo_ros2_ws/install/teb_local_planner/lib:/home/agilex/limo_ros2_ws/install/teb_msgs/lib:/home/agilex/limo_ros2_ws/install/smac_planner/lib:/home/agilex/limo_ros2_ws/install/nav2_controller/lib:/home/agilex/limo_ros2_ws/install/dwb_plugins/lib:/home/agilex/limo_ros2_ws/install/dwb_critics/lib:/home/agilex/limo_ros2_ws/install/dwb_core/lib:/home/agilex/limo_ros2_ws/install/nav_2d_utils/lib:/home/agilex/limo_ros2_ws/install/dwb_msgs/lib:/home/agilex/limo_ros2_ws/install/nav_2d_msgs/lib:/home/agilex/limo_ros2_ws/install/nav2_waypoint_follower/lib:/home/agilex/limo_ros2_ws/install/nav2_regulated_pure_pursuit_controller/lib:/home/agilex/limo_ros2_ws/install/nav2_recoveries/lib:/home/agilex/limo_ros2_ws/install/nav2_planner/lib:/home/agilex/limo_ros2_ws/install/nav2_navfn_planner/lib:/home/agilex/limo_ros2_ws/install/costmap_queue/lib:/home/agilex/limo_ros2_ws/install/costmap_converter/lib:/home/agilex/limo_ros2_ws/install/nav2_costmap_2d/lib:/home/agilex/limo_ros2_ws/install/nav2_rviz_plugins/lib:/home/agilex/limo_ros2_ws/install/nav2_bt_navigator/lib:/home/agilex/limo_ros2_ws/install/nav2_behavior_tree/lib:/home/agilex/limo_ros2_ws/install/nav2_amcl/lib:/home/agilex/limo_ros2_ws/install/mypalletizer_interfaces/lib:/home/agilex/limo_ros2_ws/install/mycobot_interfaces/lib:/home/agilex/limo_ros2_ws/install/mecharm_interfaces/lib:/home/agilex/limo_ros2_ws/install/limo_msgs/lib:/home/agilex/limo_ros2_ws/install/libuvc/lib:/home/agilex/limo_ros2_ws/install/glog/lib:/home/agilex/limo_ros2_ws/install/costmap_converter_msgs/lib:/home/agilex/limo_ros2_ws/install/astra_camera/lib:/home/agilex/limo_ros2_ws/install/astra_camera_msgs/lib:/usr/lib/aarch64-linux-gnu/gazebo-11/plugins:/opt/ros/foxy/opt/yaml_cpp_vendor/lib:/opt/ros/foxy/opt/rviz_ogre_vendor/lib:/opt/ros/foxy/lib/aarch64-linux-gnu:/opt/ros/foxy/lib PYTHONPATH=/home/agilex/limo_ros2_ws/install/nav2_msgs/lib/python3.8/site-packages:/home/agilex/limo_ros2_ws/install/nav2_common/lib/python3.8/site-packages:/home/agilex/limo_ros2_ws/install/ultraarm/lib/python3.8/site-packages:/home/agilex/limo_ros2_ws/install/teb_msgs/lib/python3.8/site-packages:/home/agilex/limo_ros2_ws/install/dwb_msgs/lib/python3.8/site-packages:/home/agilex/limo_ros2_ws/install/nav_2d_msgs/lib/python3.8/site-packages:/home/agilex/limo_ros2_ws/install/nav2_gazebo_spawner/lib/python3.8/site-packages:/home/agilex/limo_ros2_ws/install/mypalletizer_260_pi/lib/python3.8/site-packages:/home/agilex/limo_ros2_ws/install/mypalletizer_260/lib/python3.8/site-packages:/home/agilex/limo_ros2_ws/install/mypalletizer_communication/lib/python3.8/site-packages:/home/agilex/limo_ros2_ws/install/mypalletizer_interfaces/lib/python3.8/site-packages:/home/agilex/limo_ros2_ws/install/mycobot_630/lib/python3.8/site-packages:/home/agilex/limo_ros2_ws/install/mycobot_600/lib/python3.8/site-packages:/home/agilex/limo_ros2_ws/install/mycobot_320pi/lib/python3.8/site-packages:/home/agilex/limo_ros2_ws/install/mycobot_320/lib/python3.8/site-packages:/home/agilex/limo_ros2_ws/install/mycobot_280pi/lib/python3.8/site-packages:/home/agilex/limo_ros2_ws/install/mycobot_280jn/lib/python3.8/site-packages:/home/agilex/limo_ros2_ws/install/mycobot_280_x3pi/lib/python3.8/site-packages:/home/agilex/limo_ros2_ws/install/mycobot_280/lib/python3.8/site-packages:/home/agilex/limo_ros2_ws/install/myarm_300/lib/python3.8/site-packages:/home/agilex/limo_ros2_ws/install/mycobot_communication/lib/python3.8/site-packages:/home/agilex/limo_ros2_ws/install/mecharm_pi/lib/python3.8/site-packages:/home/agilex/limo_ros2_ws/install/mecharm/lib/python3.8/site-packages:/home/agilex/limo_ros2_ws/install/mecharm_communication/lib/python3.8/site-packages:/home/agilex/limo_ros2_ws/install/mycobot_interfaces/lib/python3.8/site-packages:/home/agilex/limo_ros2_ws/install/mybuddy/lib/python3.8/site-packages:/home/agilex/limo_ros2_ws/install/mycobot_description/lib/python3.8/site-packages:/home/agilex/limo_ros2_ws/install/mecharm_interfaces/lib/python3.8/site-packages:/home/agilex/limo_ros2_ws/install/limo_msgs/lib/python3.8/site-packages:/home/agilex/limo_ros2_ws/install/costmap_converter_msgs/lib/python3.8/site-packages:/home/agilex/limo_ros2_ws/install/astra_camera_msgs/lib/python3.8/site-packages:/opt/ros/foxy/lib/python3.8/site-packages /usr/bin/cmake --build /home/agilex/limo_ros2_ws/build/nav2_costmap_2d -- -j6 -l6
[12.295s] [35m[1mScanning dependencies of target gtest[0m
[12.295s] [35m[1mScanning dependencies of target nav2_costmap_2d_core[0m
[12.344s] [  2%] [32mBuilding CXX object gtest/CMakeFiles/gtest.dir/src/gtest-all.cc.o[0m
[12.570s] [  6%] [32mBuilding CXX object CMakeFiles/nav2_costmap_2d_core.dir/src/array_parser.cpp.o[0m
[12.570s] [  6%] [32mBuilding CXX object CMakeFiles/nav2_costmap_2d_core.dir/src/costmap_2d.cpp.o[0m
[13.599s] [  8%] [32mBuilding CXX object CMakeFiles/nav2_costmap_2d_core.dir/src/layered_costmap.cpp.o[0m
[13.743s] [ 10%] [32mBuilding CXX object CMakeFiles/nav2_costmap_2d_core.dir/src/layer.cpp.o[0m
[14.110s] [ 12%] [32mBuilding CXX object CMakeFiles/nav2_costmap_2d_core.dir/src/costmap_2d_ros.cpp.o[0m
[15.151s] [ 14%] [32mBuilding CXX object CMakeFiles/nav2_costmap_2d_core.dir/src/costmap_2d_publisher.cpp.o[0m
[30.101s] [ 16%] [32mBuilding CXX object CMakeFiles/nav2_costmap_2d_core.dir/src/footprint.cpp.o[0m
[30.269s] [ 18%] [32mBuilding CXX object CMakeFiles/nav2_costmap_2d_core.dir/src/costmap_math.cpp.o[0m
[30.655s] [ 20%] [32m[1mLinking CXX static library libgtest.a[0m
[30.781s] [ 20%] Built target gtest
[30.816s] [35m[1mScanning dependencies of target gtest_main[0m
[30.867s] [ 22%] [32mBuilding CXX object gtest/CMakeFiles/gtest_main.dir/src/gtest_main.cc.o[0m
[31.284s] [ 25%] [32mBuilding CXX object CMakeFiles/nav2_costmap_2d_core.dir/src/observation_buffer.cpp.o[0m
[32.364s] [ 27%] [32mBuilding CXX object CMakeFiles/nav2_costmap_2d_core.dir/src/clear_costmap_service.cpp.o[0m
[33.019s] [ 29%] [32m[1mLinking CXX static library libgtest_main.a[0m
[33.294s] [ 29%] Built target gtest_main
[33.395s] [ 31%] [32mBuilding CXX object CMakeFiles/nav2_costmap_2d_core.dir/src/footprint_collision_checker.cpp.o[0m
[60.912s] [ 33%] [32mBuilding CXX object CMakeFiles/nav2_costmap_2d_core.dir/src/costmap_layer.cpp.o[0m
[66.076s] [ 35%] [32m[1mLinking CXX shared library libnav2_costmap_2d_core.so[0m
[66.699s] [ 35%] Built target nav2_costmap_2d_core
[66.733s] [35m[1mScanning dependencies of target layers[0m
[66.956s] [ 37%] [32mBuilding CXX object CMakeFiles/layers.dir/plugins/inflation_layer.cpp.o[0m
[75.074s] [ 39%] [32mBuilding CXX object CMakeFiles/layers.dir/plugins/static_layer.cpp.o[0m
[101.635s] [ 41%] [32mBuilding CXX object CMakeFiles/layers.dir/plugins/obstacle_layer.cpp.o[0m
[142.231s] [ 43%] [32mBuilding CXX object CMakeFiles/layers.dir/src/observation_buffer.cpp.o[0m
[153.523s] [ 45%] [32mBuilding CXX object CMakeFiles/layers.dir/plugins/voxel_layer.cpp.o[0m
[170.896s] [ 47%] [32mBuilding CXX object CMakeFiles/layers.dir/plugins/range_sensor_layer.cpp.o[0m
[189.735s] [ 50%] [32m[1mLinking CXX shared library liblayers.so[0m
[190.566s] [ 50%] Built target layers
[190.600s] [35m[1mScanning dependencies of target nav2_costmap_2d_markers[0m
[190.605s] [35m[1mScanning dependencies of target collision_footprint_test[0m
[190.607s] [35m[1mScanning dependencies of target nav2_costmap_2d_cloud[0m
[190.608s] [35m[1mScanning dependencies of target array_parser_test[0m
[190.631s] [35m[1mScanning dependencies of target nav2_costmap_2d_client[0m
[190.640s] [35m[1mScanning dependencies of target nav2_costmap_2d[0m
[190.703s] [ 52%] [32mBuilding CXX object test/unit/CMakeFiles/array_parser_test.dir/array_parser_test.cpp.o[0m
[190.764s] [ 54%] [32mBuilding CXX object CMakeFiles/nav2_costmap_2d_markers.dir/src/costmap_2d_markers.cpp.o[0m
[190.770s] [ 56%] [32mBuilding CXX object CMakeFiles/nav2_costmap_2d_cloud.dir/src/costmap_2d_cloud.cpp.o[0m
[190.785s] [ 58%] [32mBuilding CXX object test/unit/CMakeFiles/collision_footprint_test.dir/footprint_collision_checker_test.cpp.o[0m
[190.822s] [ 60%] [32mBuilding CXX object CMakeFiles/nav2_costmap_2d.dir/src/costmap_2d_node.cpp.o[0m
[190.845s] [ 62%] [32mBuilding CXX object CMakeFiles/nav2_costmap_2d_client.dir/src/footprint_subscriber.cpp.o[0m
[194.166s] [ 64%] [32m[1mLinking CXX executable array_parser_test[0m
[194.858s] [ 64%] Built target array_parser_test
[194.977s] [35m[1mScanning dependencies of target range_tests_exec[0m
[195.331s] [ 66%] [32mBuilding CXX object test/integration/CMakeFiles/range_tests_exec.dir/range_tests.cpp.o[0m
[201.428s] [ 68%] [32m[1mLinking CXX executable nav2_costmap_2d[0m
[201.591s] [ 70%] [32m[1mLinking CXX executable collision_footprint_test[0m
[202.292s] [ 70%] Built target nav2_costmap_2d
[202.333s] [35m[1mScanning dependencies of target obstacle_tests_exec[0m
[202.597s] [ 72%] [32mBuilding CXX object test/integration/CMakeFiles/obstacle_tests_exec.dir/obstacle_tests.cpp.o[0m
[202.627s] [ 72%] Built target collision_footprint_test
[202.671s] [35m[1mScanning dependencies of target inflation_tests_exec[0m
[202.973s] [ 75%] [32mBuilding CXX object test/integration/CMakeFiles/inflation_tests_exec.dir/inflation_tests.cpp.o[0m
[214.042s] [ 77%] [32mBuilding CXX object CMakeFiles/nav2_costmap_2d_client.dir/src/costmap_subscriber.cpp.o[0m
[215.369s] [ 79%] [32m[1mLinking CXX executable nav2_costmap_2d_markers[0m
[215.774s] [ 81%] [32m[1mLinking CXX executable nav2_costmap_2d_cloud[0m
[215.874s] [ 81%] Built target nav2_costmap_2d_markers
[215.950s] [ 83%] [32mBuilding CXX object CMakeFiles/nav2_costmap_2d_client.dir/src/costmap_topic_collision_checker.cpp.o[0m
[216.490s] [ 83%] Built target nav2_costmap_2d_cloud
[216.606s] [35m[1mScanning dependencies of target footprint_tests_exec[0m
[216.957s] [ 85%] [32mBuilding CXX object test/integration/CMakeFiles/footprint_tests_exec.dir/footprint_tests.cpp.o[0m
[217.622s] [ 87%] [32m[1mLinking CXX executable range_tests_exec[0m
[219.467s] [ 87%] Built target range_tests_exec
[223.772s] [ 89%] [32m[1mLinking CXX executable obstacle_tests_exec[0m
[223.848s] [ 91%] [32m[1mLinking CXX executable inflation_tests_exec[0m
[224.958s] [ 91%] Built target obstacle_tests_exec
[224.979s] [ 91%] Built target inflation_tests_exec
[226.984s] [ 93%] [32m[1mLinking CXX executable footprint_tests_exec[0m
[227.615s] [ 93%] Built target footprint_tests_exec
[232.592s] [ 95%] [32m[1mLinking CXX shared library libnav2_costmap_2d_client.so[0m
[233.185s] [ 95%] Built target nav2_costmap_2d_client
[233.219s] [35m[1mScanning dependencies of target test_collision_checker_exec[0m
[233.414s] [ 97%] [32mBuilding CXX object test/integration/CMakeFiles/test_collision_checker_exec.dir/test_costmap_topic_collision_checker.cpp.o[0m
[250.817s] [100%] [32m[1mLinking CXX executable test_collision_checker_exec[0m
[251.706s] [100%] Built target test_collision_checker_exec
[251.737s] Invoked command in '/home/agilex/limo_ros2_ws/build/nav2_costmap_2d' returned '0': CMAKE_PREFIX_PATH=/home/agilex/limo_ros2_ws/install/nav2_map_server:/home/agilex/limo_ros2_ws/install/nav2_lifecycle_manager:/home/agilex/limo_ros2_ws/install/nav2_util:/home/agilex/limo_ros2_ws/install/nav2_voxel_grid:/home/agilex/limo_ros2_ws/install/nav2_msgs:/home/agilex/limo_ros2_ws/install/nav2_common:/home/agilex/limo_ros2_ws/install/ydlidar_sdk:/home/agilex/limo_ros2_ws/install/ydlidar_ros2_driver:/home/agilex/limo_ros2_ws/install/teb_local_planner:/home/agilex/limo_ros2_ws/install/teb_msgs:/home/agilex/limo_ros2_ws/install/nav2_system_tests:/home/agilex/limo_ros2_ws/install/nav2_bringup:/home/agilex/limo_ros2_ws/install/navigation2:/home/agilex/limo_ros2_ws/install/smac_planner:/home/agilex/limo_ros2_ws/install/rf2o_laser_odometry:/home/agilex/limo_ros2_ws/install/nav2_dwb_controller:/home/agilex/limo_ros2_ws/install/nav2_controller:/home/agilex/limo_ros2_ws/install/dwb_plugins:/home/agilex/limo_ros2_ws/install/dwb_critics:/home/agilex/limo_ros2_ws/install/dwb_core:/home/agilex/limo_ros2_ws/install/nav_2d_utils:/home/agilex/limo_ros2_ws/install/dwb_msgs:/home/agilex/limo_ros2_ws/install/nav_2d_msgs:/home/agilex/limo_ros2_ws/install/nav2_waypoint_follower:/home/agilex/limo_ros2_ws/install/nav2_regulated_pure_pursuit_controller:/home/agilex/limo_ros2_ws/install/nav2_recoveries:/home/agilex/limo_ros2_ws/install/nav2_planner:/home/agilex/limo_ros2_ws/install/nav2_navfn_planner:/home/agilex/limo_ros2_ws/install/nav2_core:/home/agilex/limo_ros2_ws/install/costmap_queue:/home/agilex/limo_ros2_ws/install/costmap_converter:/home/agilex/limo_ros2_ws/install/nav2_costmap_2d:/home/agilex/limo_ros2_ws/install/nav2_rviz_plugins:/home/agilex/limo_ros2_ws/install/nav2_bt_navigator:/home/agilex/limo_ros2_ws/install/nav2_behavior_tree:/home/agilex/limo_ros2_ws/install/nav2_amcl:/home/agilex/limo_ros2_ws/install/mypalletizer_interfaces:/home/agilex/limo_ros2_ws/install/mycobot_interfaces:/home/agilex/limo_ros2_ws/install/mecharm_interfaces:/home/agilex/limo_ros2_ws/install/magic_enum:/home/agilex/limo_ros2_ws/install/limo_bringup:/home/agilex/limo_ros2_ws/install/limo_base:/home/agilex/limo_ros2_ws/install/limo_msgs:/home/agilex/limo_ros2_ws/install/limo_description:/home/agilex/limo_ros2_ws/install/libuvc:/home/agilex/limo_ros2_ws/install/glog:/home/agilex/limo_ros2_ws/install/costmap_converter_msgs:/home/agilex/limo_ros2_ws/install/astra_camera:/home/agilex/limo_ros2_ws/install/astra_camera_msgs:/home/agilex/limo_ros2_ws/install/ultraarm:/home/agilex/limo_ros2_ws/install/nav2_gazebo_spawner:/home/agilex/limo_ros2_ws/install/mypalletizer_260_pi:/home/agilex/limo_ros2_ws/install/mypalletizer_260:/home/agilex/limo_ros2_ws/install/mypalletizer_communication:/home/agilex/limo_ros2_ws/install/mycobot_630:/home/agilex/limo_ros2_ws/install/mycobot_600:/home/agilex/limo_ros2_ws/install/mycobot_320pi:/home/agilex/limo_ros2_ws/install/mycobot_320:/home/agilex/limo_ros2_ws/install/mycobot_280pi:/home/agilex/limo_ros2_ws/install/mycobot_280jn:/home/agilex/limo_ros2_ws/install/mycobot_280_x3pi:/home/agilex/limo_ros2_ws/install/mycobot_280:/home/agilex/limo_ros2_ws/install/myarm_300:/home/agilex/limo_ros2_ws/install/mycobot_communication:/home/agilex/limo_ros2_ws/install/mecharm_pi:/home/agilex/limo_ros2_ws/install/mecharm:/home/agilex/limo_ros2_ws/install/mecharm_communication:/home/agilex/limo_ros2_ws/install/mybuddy:/home/agilex/limo_ros2_ws/install/mycobot_description:/opt/ros/foxy LD_LIBRARY_PATH=/home/agilex/limo_ros2_ws/install/nav2_map_server/lib:/home/agilex/limo_ros2_ws/install/nav2_lifecycle_manager/lib:/home/agilex/limo_ros2_ws/install/nav2_util/lib:/home/agilex/limo_ros2_ws/install/nav2_voxel_grid/lib:/home/agilex/limo_ros2_ws/install/nav2_msgs/lib:/home/agilex/limo_ros2_ws/install/teb_local_planner/lib:/home/agilex/limo_ros2_ws/install/teb_msgs/lib:/home/agilex/limo_ros2_ws/install/smac_planner/lib:/home/agilex/limo_ros2_ws/install/nav2_controller/lib:/home/agilex/limo_ros2_ws/install/dwb_plugins/lib:/home/agilex/limo_ros2_ws/install/dwb_critics/lib:/home/agilex/limo_ros2_ws/install/dwb_core/lib:/home/agilex/limo_ros2_ws/install/nav_2d_utils/lib:/home/agilex/limo_ros2_ws/install/dwb_msgs/lib:/home/agilex/limo_ros2_ws/install/nav_2d_msgs/lib:/home/agilex/limo_ros2_ws/install/nav2_waypoint_follower/lib:/home/agilex/limo_ros2_ws/install/nav2_regulated_pure_pursuit_controller/lib:/home/agilex/limo_ros2_ws/install/nav2_recoveries/lib:/home/agilex/limo_ros2_ws/install/nav2_planner/lib:/home/agilex/limo_ros2_ws/install/nav2_navfn_planner/lib:/home/agilex/limo_ros2_ws/install/costmap_queue/lib:/home/agilex/limo_ros2_ws/install/costmap_converter/lib:/home/agilex/limo_ros2_ws/install/nav2_costmap_2d/lib:/home/agilex/limo_ros2_ws/install/nav2_rviz_plugins/lib:/home/agilex/limo_ros2_ws/install/nav2_bt_navigator/lib:/home/agilex/limo_ros2_ws/install/nav2_behavior_tree/lib:/home/agilex/limo_ros2_ws/install/nav2_amcl/lib:/home/agilex/limo_ros2_ws/install/mypalletizer_interfaces/lib:/home/agilex/limo_ros2_ws/install/mycobot_interfaces/lib:/home/agilex/limo_ros2_ws/install/mecharm_interfaces/lib:/home/agilex/limo_ros2_ws/install/limo_msgs/lib:/home/agilex/limo_ros2_ws/install/libuvc/lib:/home/agilex/limo_ros2_ws/install/glog/lib:/home/agilex/limo_ros2_ws/install/costmap_converter_msgs/lib:/home/agilex/limo_ros2_ws/install/astra_camera/lib:/home/agilex/limo_ros2_ws/install/astra_camera_msgs/lib:/usr/lib/aarch64-linux-gnu/gazebo-11/plugins:/opt/ros/foxy/opt/yaml_cpp_vendor/lib:/opt/ros/foxy/opt/rviz_ogre_vendor/lib:/opt/ros/foxy/lib/aarch64-linux-gnu:/opt/ros/foxy/lib PYTHONPATH=/home/agilex/limo_ros2_ws/install/nav2_msgs/lib/python3.8/site-packages:/home/agilex/limo_ros2_ws/install/nav2_common/lib/python3.8/site-packages:/home/agilex/limo_ros2_ws/install/ultraarm/lib/python3.8/site-packages:/home/agilex/limo_ros2_ws/install/teb_msgs/lib/python3.8/site-packages:/home/agilex/limo_ros2_ws/install/dwb_msgs/lib/python3.8/site-packages:/home/agilex/limo_ros2_ws/install/nav_2d_msgs/lib/python3.8/site-packages:/home/agilex/limo_ros2_ws/install/nav2_gazebo_spawner/lib/python3.8/site-packages:/home/agilex/limo_ros2_ws/install/mypalletizer_260_pi/lib/python3.8/site-packages:/home/agilex/limo_ros2_ws/install/mypalletizer_260/lib/python3.8/site-packages:/home/agilex/limo_ros2_ws/install/mypalletizer_communication/lib/python3.8/site-packages:/home/agilex/limo_ros2_ws/install/mypalletizer_interfaces/lib/python3.8/site-packages:/home/agilex/limo_ros2_ws/install/mycobot_630/lib/python3.8/site-packages:/home/agilex/limo_ros2_ws/install/mycobot_600/lib/python3.8/site-packages:/home/agilex/limo_ros2_ws/install/mycobot_320pi/lib/python3.8/site-packages:/home/agilex/limo_ros2_ws/install/mycobot_320/lib/python3.8/site-packages:/home/agilex/limo_ros2_ws/install/mycobot_280pi/lib/python3.8/site-packages:/home/agilex/limo_ros2_ws/install/mycobot_280jn/lib/python3.8/site-packages:/home/agilex/limo_ros2_ws/install/mycobot_280_x3pi/lib/python3.8/site-packages:/home/agilex/limo_ros2_ws/install/mycobot_280/lib/python3.8/site-packages:/home/agilex/limo_ros2_ws/install/myarm_300/lib/python3.8/site-packages:/home/agilex/limo_ros2_ws/install/mycobot_communication/lib/python3.8/site-packages:/home/agilex/limo_ros2_ws/install/mecharm_pi/lib/python3.8/site-packages:/home/agilex/limo_ros2_ws/install/mecharm/lib/python3.8/site-packages:/home/agilex/limo_ros2_ws/install/mecharm_communication/lib/python3.8/site-packages:/home/agilex/limo_ros2_ws/install/mycobot_interfaces/lib/python3.8/site-packages:/home/agilex/limo_ros2_ws/install/mybuddy/lib/python3.8/site-packages:/home/agilex/limo_ros2_ws/install/mycobot_description/lib/python3.8/site-packages:/home/agilex/limo_ros2_ws/install/mecharm_interfaces/lib/python3.8/site-packages:/home/agilex/limo_ros2_ws/install/limo_msgs/lib/python3.8/site-packages:/home/agilex/limo_ros2_ws/install/costmap_converter_msgs/lib/python3.8/site-packages:/home/agilex/limo_ros2_ws/install/astra_camera_msgs/lib/python3.8/site-packages:/opt/ros/foxy/lib/python3.8/site-packages /usr/bin/cmake --build /home/agilex/limo_ros2_ws/build/nav2_costmap_2d -- -j6 -l6
[252.077s] Invoking command in '/home/agilex/limo_ros2_ws/build/nav2_costmap_2d': CMAKE_PREFIX_PATH=/home/agilex/limo_ros2_ws/install/nav2_map_server:/home/agilex/limo_ros2_ws/install/nav2_lifecycle_manager:/home/agilex/limo_ros2_ws/install/nav2_util:/home/agilex/limo_ros2_ws/install/nav2_voxel_grid:/home/agilex/limo_ros2_ws/install/nav2_msgs:/home/agilex/limo_ros2_ws/install/nav2_common:/home/agilex/limo_ros2_ws/install/ydlidar_sdk:/home/agilex/limo_ros2_ws/install/ydlidar_ros2_driver:/home/agilex/limo_ros2_ws/install/teb_local_planner:/home/agilex/limo_ros2_ws/install/teb_msgs:/home/agilex/limo_ros2_ws/install/nav2_system_tests:/home/agilex/limo_ros2_ws/install/nav2_bringup:/home/agilex/limo_ros2_ws/install/navigation2:/home/agilex/limo_ros2_ws/install/smac_planner:/home/agilex/limo_ros2_ws/install/rf2o_laser_odometry:/home/agilex/limo_ros2_ws/install/nav2_dwb_controller:/home/agilex/limo_ros2_ws/install/nav2_controller:/home/agilex/limo_ros2_ws/install/dwb_plugins:/home/agilex/limo_ros2_ws/install/dwb_critics:/home/agilex/limo_ros2_ws/install/dwb_core:/home/agilex/limo_ros2_ws/install/nav_2d_utils:/home/agilex/limo_ros2_ws/install/dwb_msgs:/home/agilex/limo_ros2_ws/install/nav_2d_msgs:/home/agilex/limo_ros2_ws/install/nav2_waypoint_follower:/home/agilex/limo_ros2_ws/install/nav2_regulated_pure_pursuit_controller:/home/agilex/limo_ros2_ws/install/nav2_recoveries:/home/agilex/limo_ros2_ws/install/nav2_planner:/home/agilex/limo_ros2_ws/install/nav2_navfn_planner:/home/agilex/limo_ros2_ws/install/nav2_core:/home/agilex/limo_ros2_ws/install/costmap_queue:/home/agilex/limo_ros2_ws/install/costmap_converter:/home/agilex/limo_ros2_ws/install/nav2_costmap_2d:/home/agilex/limo_ros2_ws/install/nav2_rviz_plugins:/home/agilex/limo_ros2_ws/install/nav2_bt_navigator:/home/agilex/limo_ros2_ws/install/nav2_behavior_tree:/home/agilex/limo_ros2_ws/install/nav2_amcl:/home/agilex/limo_ros2_ws/install/mypalletizer_interfaces:/home/agilex/limo_ros2_ws/install/mycobot_interfaces:/home/agilex/limo_ros2_ws/install/mecharm_interfaces:/home/agilex/limo_ros2_ws/install/magic_enum:/home/agilex/limo_ros2_ws/install/limo_bringup:/home/agilex/limo_ros2_ws/install/limo_base:/home/agilex/limo_ros2_ws/install/limo_msgs:/home/agilex/limo_ros2_ws/install/limo_description:/home/agilex/limo_ros2_ws/install/libuvc:/home/agilex/limo_ros2_ws/install/glog:/home/agilex/limo_ros2_ws/install/costmap_converter_msgs:/home/agilex/limo_ros2_ws/install/astra_camera:/home/agilex/limo_ros2_ws/install/astra_camera_msgs:/home/agilex/limo_ros2_ws/install/ultraarm:/home/agilex/limo_ros2_ws/install/nav2_gazebo_spawner:/home/agilex/limo_ros2_ws/install/mypalletizer_260_pi:/home/agilex/limo_ros2_ws/install/mypalletizer_260:/home/agilex/limo_ros2_ws/install/mypalletizer_communication:/home/agilex/limo_ros2_ws/install/mycobot_630:/home/agilex/limo_ros2_ws/install/mycobot_600:/home/agilex/limo_ros2_ws/install/mycobot_320pi:/home/agilex/limo_ros2_ws/install/mycobot_320:/home/agilex/limo_ros2_ws/install/mycobot_280pi:/home/agilex/limo_ros2_ws/install/mycobot_280jn:/home/agilex/limo_ros2_ws/install/mycobot_280_x3pi:/home/agilex/limo_ros2_ws/install/mycobot_280:/home/agilex/limo_ros2_ws/install/myarm_300:/home/agilex/limo_ros2_ws/install/mycobot_communication:/home/agilex/limo_ros2_ws/install/mecharm_pi:/home/agilex/limo_ros2_ws/install/mecharm:/home/agilex/limo_ros2_ws/install/mecharm_communication:/home/agilex/limo_ros2_ws/install/mybuddy:/home/agilex/limo_ros2_ws/install/mycobot_description:/opt/ros/foxy LD_LIBRARY_PATH=/home/agilex/limo_ros2_ws/install/nav2_map_server/lib:/home/agilex/limo_ros2_ws/install/nav2_lifecycle_manager/lib:/home/agilex/limo_ros2_ws/install/nav2_util/lib:/home/agilex/limo_ros2_ws/install/nav2_voxel_grid/lib:/home/agilex/limo_ros2_ws/install/nav2_msgs/lib:/home/agilex/limo_ros2_ws/install/teb_local_planner/lib:/home/agilex/limo_ros2_ws/install/teb_msgs/lib:/home/agilex/limo_ros2_ws/install/smac_planner/lib:/home/agilex/limo_ros2_ws/install/nav2_controller/lib:/home/agilex/limo_ros2_ws/install/dwb_plugins/lib:/home/agilex/limo_ros2_ws/install/dwb_critics/lib:/home/agilex/limo_ros2_ws/install/dwb_core/lib:/home/agilex/limo_ros2_ws/install/nav_2d_utils/lib:/home/agilex/limo_ros2_ws/install/dwb_msgs/lib:/home/agilex/limo_ros2_ws/install/nav_2d_msgs/lib:/home/agilex/limo_ros2_ws/install/nav2_waypoint_follower/lib:/home/agilex/limo_ros2_ws/install/nav2_regulated_pure_pursuit_controller/lib:/home/agilex/limo_ros2_ws/install/nav2_recoveries/lib:/home/agilex/limo_ros2_ws/install/nav2_planner/lib:/home/agilex/limo_ros2_ws/install/nav2_navfn_planner/lib:/home/agilex/limo_ros2_ws/install/costmap_queue/lib:/home/agilex/limo_ros2_ws/install/costmap_converter/lib:/home/agilex/limo_ros2_ws/install/nav2_costmap_2d/lib:/home/agilex/limo_ros2_ws/install/nav2_rviz_plugins/lib:/home/agilex/limo_ros2_ws/install/nav2_bt_navigator/lib:/home/agilex/limo_ros2_ws/install/nav2_behavior_tree/lib:/home/agilex/limo_ros2_ws/install/nav2_amcl/lib:/home/agilex/limo_ros2_ws/install/mypalletizer_interfaces/lib:/home/agilex/limo_ros2_ws/install/mycobot_interfaces/lib:/home/agilex/limo_ros2_ws/install/mecharm_interfaces/lib:/home/agilex/limo_ros2_ws/install/limo_msgs/lib:/home/agilex/limo_ros2_ws/install/libuvc/lib:/home/agilex/limo_ros2_ws/install/glog/lib:/home/agilex/limo_ros2_ws/install/costmap_converter_msgs/lib:/home/agilex/limo_ros2_ws/install/astra_camera/lib:/home/agilex/limo_ros2_ws/install/astra_camera_msgs/lib:/usr/lib/aarch64-linux-gnu/gazebo-11/plugins:/opt/ros/foxy/opt/yaml_cpp_vendor/lib:/opt/ros/foxy/opt/rviz_ogre_vendor/lib:/opt/ros/foxy/lib/aarch64-linux-gnu:/opt/ros/foxy/lib PYTHONPATH=/home/agilex/limo_ros2_ws/install/nav2_msgs/lib/python3.8/site-packages:/home/agilex/limo_ros2_ws/install/nav2_common/lib/python3.8/site-packages:/home/agilex/limo_ros2_ws/install/ultraarm/lib/python3.8/site-packages:/home/agilex/limo_ros2_ws/install/teb_msgs/lib/python3.8/site-packages:/home/agilex/limo_ros2_ws/install/dwb_msgs/lib/python3.8/site-packages:/home/agilex/limo_ros2_ws/install/nav_2d_msgs/lib/python3.8/site-packages:/home/agilex/limo_ros2_ws/install/nav2_gazebo_spawner/lib/python3.8/site-packages:/home/agilex/limo_ros2_ws/install/mypalletizer_260_pi/lib/python3.8/site-packages:/home/agilex/limo_ros2_ws/install/mypalletizer_260/lib/python3.8/site-packages:/home/agilex/limo_ros2_ws/install/mypalletizer_communication/lib/python3.8/site-packages:/home/agilex/limo_ros2_ws/install/mypalletizer_interfaces/lib/python3.8/site-packages:/home/agilex/limo_ros2_ws/install/mycobot_630/lib/python3.8/site-packages:/home/agilex/limo_ros2_ws/install/mycobot_600/lib/python3.8/site-packages:/home/agilex/limo_ros2_ws/install/mycobot_320pi/lib/python3.8/site-packages:/home/agilex/limo_ros2_ws/install/mycobot_320/lib/python3.8/site-packages:/home/agilex/limo_ros2_ws/install/mycobot_280pi/lib/python3.8/site-packages:/home/agilex/limo_ros2_ws/install/mycobot_280jn/lib/python3.8/site-packages:/home/agilex/limo_ros2_ws/install/mycobot_280_x3pi/lib/python3.8/site-packages:/home/agilex/limo_ros2_ws/install/mycobot_280/lib/python3.8/site-packages:/home/agilex/limo_ros2_ws/install/myarm_300/lib/python3.8/site-packages:/home/agilex/limo_ros2_ws/install/mycobot_communication/lib/python3.8/site-packages:/home/agilex/limo_ros2_ws/install/mecharm_pi/lib/python3.8/site-packages:/home/agilex/limo_ros2_ws/install/mecharm/lib/python3.8/site-packages:/home/agilex/limo_ros2_ws/install/mecharm_communication/lib/python3.8/site-packages:/home/agilex/limo_ros2_ws/install/mycobot_interfaces/lib/python3.8/site-packages:/home/agilex/limo_ros2_ws/install/mybuddy/lib/python3.8/site-packages:/home/agilex/limo_ros2_ws/install/mycobot_description/lib/python3.8/site-packages:/home/agilex/limo_ros2_ws/install/mecharm_interfaces/lib/python3.8/site-packages:/home/agilex/limo_ros2_ws/install/limo_msgs/lib/python3.8/site-packages:/home/agilex/limo_ros2_ws/install/costmap_converter_msgs/lib/python3.8/site-packages:/home/agilex/limo_ros2_ws/install/astra_camera_msgs/lib/python3.8/site-packages:/opt/ros/foxy/lib/python3.8/site-packages /usr/bin/cmake --install /home/agilex/limo_ros2_ws/build/nav2_costmap_2d
[252.103s] -- Install configuration: "Release"
[252.103s] -- Installing: /home/agilex/limo_ros2_ws/install/nav2_costmap_2d/lib/libnav2_costmap_2d_core.so
[252.107s] -- Set runtime path of "/home/agilex/limo_ros2_ws/install/nav2_costmap_2d/lib/libnav2_costmap_2d_core.so" to ""
[252.107s] -- Installing: /home/agilex/limo_ros2_ws/install/nav2_costmap_2d/lib/liblayers.so
[252.111s] -- Set runtime path of "/home/agilex/limo_ros2_ws/install/nav2_costmap_2d/lib/liblayers.so" to ""
[252.112s] -- Installing: /home/agilex/limo_ros2_ws/install/nav2_costmap_2d/lib/libnav2_costmap_2d_client.so
[252.115s] -- Set runtime path of "/home/agilex/limo_ros2_ws/install/nav2_costmap_2d/lib/libnav2_costmap_2d_client.so" to ""
[252.115s] -- Installing: /home/agilex/limo_ros2_ws/install/nav2_costmap_2d/lib/nav2_costmap_2d/nav2_costmap_2d
[252.116s] -- Set runtime path of "/home/agilex/limo_ros2_ws/install/nav2_costmap_2d/lib/nav2_costmap_2d/nav2_costmap_2d" to ""
[252.116s] -- Installing: /home/agilex/limo_ros2_ws/install/nav2_costmap_2d/lib/nav2_costmap_2d/nav2_costmap_2d_markers
[252.117s] -- Set runtime path of "/home/agilex/limo_ros2_ws/install/nav2_costmap_2d/lib/nav2_costmap_2d/nav2_costmap_2d_markers" to ""
[252.118s] -- Installing: /home/agilex/limo_ros2_ws/install/nav2_costmap_2d/lib/nav2_costmap_2d/nav2_costmap_2d_cloud
[252.119s] -- Set runtime path of "/home/agilex/limo_ros2_ws/install/nav2_costmap_2d/lib/nav2_costmap_2d/nav2_costmap_2d_cloud" to ""
[252.119s] -- Installing: /home/agilex/limo_ros2_ws/install/nav2_costmap_2d/share/nav2_costmap_2d/costmap_plugins.xml
[252.120s] -- Installing: /home/agilex/limo_ros2_ws/install/nav2_costmap_2d/include/
[252.120s] -- Installing: /home/agilex/limo_ros2_ws/install/nav2_costmap_2d/include//nav2_costmap_2d
[252.120s] -- Installing: /home/agilex/limo_ros2_ws/install/nav2_costmap_2d/include//nav2_costmap_2d/range_sensor_layer.hpp
[252.120s] -- Installing: /home/agilex/limo_ros2_ws/install/nav2_costmap_2d/include//nav2_costmap_2d/costmap_topic_collision_checker.hpp
[252.121s] -- Installing: /home/agilex/limo_ros2_ws/install/nav2_costmap_2d/include//nav2_costmap_2d/exceptions.hpp
[252.121s] -- Installing: /home/agilex/limo_ros2_ws/install/nav2_costmap_2d/include//nav2_costmap_2d/array_parser.hpp
[252.121s] -- Installing: /home/agilex/limo_ros2_ws/install/nav2_costmap_2d/include//nav2_costmap_2d/obstacle_layer.hpp
[252.121s] -- Installing: /home/agilex/limo_ros2_ws/install/nav2_costmap_2d/include//nav2_costmap_2d/static_layer.hpp
[252.121s] -- Installing: /home/agilex/limo_ros2_ws/install/nav2_costmap_2d/include//nav2_costmap_2d/footprint_collision_checker.hpp
[252.122s] -- Installing: /home/agilex/limo_ros2_ws/install/nav2_costmap_2d/include//nav2_costmap_2d/costmap_2d.hpp
[252.122s] -- Installing: /home/agilex/limo_ros2_ws/install/nav2_costmap_2d/include//nav2_costmap_2d/footprint.hpp
[252.122s] -- Installing: /home/agilex/limo_ros2_ws/install/nav2_costmap_2d/include//nav2_costmap_2d/costmap_math.hpp
[252.122s] -- Installing: /home/agilex/limo_ros2_ws/install/nav2_costmap_2d/include//nav2_costmap_2d/costmap_subscriber.hpp
[252.123s] -- Installing: /home/agilex/limo_ros2_ws/install/nav2_costmap_2d/include//nav2_costmap_2d/costmap_2d_publisher.hpp
[252.123s] -- Installing: /home/agilex/limo_ros2_ws/install/nav2_costmap_2d/include//nav2_costmap_2d/voxel_layer.hpp
[252.123s] -- Installing: /home/agilex/limo_ros2_ws/install/nav2_costmap_2d/include//nav2_costmap_2d/inflation_layer.hpp
[252.123s] -- Installing: /home/agilex/limo_ros2_ws/install/nav2_costmap_2d/include//nav2_costmap_2d/layer.hpp
[252.123s] -- Installing: /home/agilex/limo_ros2_ws/install/nav2_costmap_2d/include//nav2_costmap_2d/clear_costmap_service.hpp
[252.124s] -- Installing: /home/agilex/limo_ros2_ws/install/nav2_costmap_2d/include//nav2_costmap_2d/costmap_layer.hpp
[252.124s] -- Installing: /home/agilex/limo_ros2_ws/install/nav2_costmap_2d/include//nav2_costmap_2d/layered_costmap.hpp
[252.124s] -- Installing: /home/agilex/limo_ros2_ws/install/nav2_costmap_2d/include//nav2_costmap_2d/footprint_subscriber.hpp
[252.124s] -- Installing: /home/agilex/limo_ros2_ws/install/nav2_costmap_2d/include//nav2_costmap_2d/observation_buffer.hpp
[252.124s] -- Installing: /home/agilex/limo_ros2_ws/install/nav2_costmap_2d/include//nav2_costmap_2d/costmap_2d_ros.hpp
[252.124s] -- Installing: /home/agilex/limo_ros2_ws/install/nav2_costmap_2d/include//nav2_costmap_2d/observation.hpp
[252.125s] -- Installing: /home/agilex/limo_ros2_ws/install/nav2_costmap_2d/include//nav2_costmap_2d/cost_values.hpp
[252.125s] -- Installing: /home/agilex/limo_ros2_ws/install/nav2_costmap_2d/share/nav2_costmap_2d/environment/library_path.sh
[252.125s] -- Installing: /home/agilex/limo_ros2_ws/install/nav2_costmap_2d/share/nav2_costmap_2d/environment/library_path.dsv
[252.125s] -- Up-to-date: /home/agilex/limo_ros2_ws/install/nav2_costmap_2d/share/nav2_costmap_2d/costmap_plugins.xml
[252.126s] -- Installing: /home/agilex/limo_ros2_ws/install/nav2_costmap_2d/share/ament_index/resource_index/package_run_dependencies/nav2_costmap_2d
[252.126s] -- Installing: /home/agilex/limo_ros2_ws/install/nav2_costmap_2d/share/ament_index/resource_index/parent_prefix_path/nav2_costmap_2d
[252.126s] -- Installing: /home/agilex/limo_ros2_ws/install/nav2_costmap_2d/share/nav2_costmap_2d/environment/ament_prefix_path.sh
[252.127s] -- Installing: /home/agilex/limo_ros2_ws/install/nav2_costmap_2d/share/nav2_costmap_2d/environment/ament_prefix_path.dsv
[252.127s] -- Installing: /home/agilex/limo_ros2_ws/install/nav2_costmap_2d/share/nav2_costmap_2d/environment/path.sh
[252.127s] -- Installing: /home/agilex/limo_ros2_ws/install/nav2_costmap_2d/share/nav2_costmap_2d/environment/path.dsv
[252.128s] -- Installing: /home/agilex/limo_ros2_ws/install/nav2_costmap_2d/share/nav2_costmap_2d/local_setup.bash
[252.128s] -- Installing: /home/agilex/limo_ros2_ws/install/nav2_costmap_2d/share/nav2_costmap_2d/local_setup.sh
[252.128s] -- Installing: /home/agilex/limo_ros2_ws/install/nav2_costmap_2d/share/nav2_costmap_2d/local_setup.zsh
[252.128s] -- Installing: /home/agilex/limo_ros2_ws/install/nav2_costmap_2d/share/nav2_costmap_2d/local_setup.dsv
[252.129s] -- Installing: /home/agilex/limo_ros2_ws/install/nav2_costmap_2d/share/nav2_costmap_2d/package.dsv
[252.129s] -- Installing: /home/agilex/limo_ros2_ws/install/nav2_costmap_2d/share/ament_index/resource_index/packages/nav2_costmap_2d
[252.129s] -- Installing: /home/agilex/limo_ros2_ws/install/nav2_costmap_2d/share/ament_index/resource_index/nav2_costmap_2d__pluginlib__plugin/nav2_costmap_2d
[252.130s] -- Installing: /home/agilex/limo_ros2_ws/install/nav2_costmap_2d/share/nav2_costmap_2d/cmake/ament_cmake_export_include_directories-extras.cmake
[252.130s] -- Installing: /home/agilex/limo_ros2_ws/install/nav2_costmap_2d/share/nav2_costmap_2d/cmake/ament_cmake_export_libraries-extras.cmake
[252.130s] -- Installing: /home/agilex/limo_ros2_ws/install/nav2_costmap_2d/share/nav2_costmap_2d/cmake/ament_cmake_export_dependencies-extras.cmake
[252.131s] -- Installing: /home/agilex/limo_ros2_ws/install/nav2_costmap_2d/share/nav2_costmap_2d/cmake/ament_cmake_export_definitions-extras.cmake
[252.131s] -- Installing: /home/agilex/limo_ros2_ws/install/nav2_costmap_2d/share/nav2_costmap_2d/cmake/nav2_costmap_2dConfig.cmake
[252.131s] -- Installing: /home/agilex/limo_ros2_ws/install/nav2_costmap_2d/share/nav2_costmap_2d/cmake/nav2_costmap_2dConfig-version.cmake
[252.132s] -- Installing: /home/agilex/limo_ros2_ws/install/nav2_costmap_2d/share/nav2_costmap_2d/package.xml
[252.139s] Invoked command in '/home/agilex/limo_ros2_ws/build/nav2_costmap_2d' returned '0': CMAKE_PREFIX_PATH=/home/agilex/limo_ros2_ws/install/nav2_map_server:/home/agilex/limo_ros2_ws/install/nav2_lifecycle_manager:/home/agilex/limo_ros2_ws/install/nav2_util:/home/agilex/limo_ros2_ws/install/nav2_voxel_grid:/home/agilex/limo_ros2_ws/install/nav2_msgs:/home/agilex/limo_ros2_ws/install/nav2_common:/home/agilex/limo_ros2_ws/install/ydlidar_sdk:/home/agilex/limo_ros2_ws/install/ydlidar_ros2_driver:/home/agilex/limo_ros2_ws/install/teb_local_planner:/home/agilex/limo_ros2_ws/install/teb_msgs:/home/agilex/limo_ros2_ws/install/nav2_system_tests:/home/agilex/limo_ros2_ws/install/nav2_bringup:/home/agilex/limo_ros2_ws/install/navigation2:/home/agilex/limo_ros2_ws/install/smac_planner:/home/agilex/limo_ros2_ws/install/rf2o_laser_odometry:/home/agilex/limo_ros2_ws/install/nav2_dwb_controller:/home/agilex/limo_ros2_ws/install/nav2_controller:/home/agilex/limo_ros2_ws/install/dwb_plugins:/home/agilex/limo_ros2_ws/install/dwb_critics:/home/agilex/limo_ros2_ws/install/dwb_core:/home/agilex/limo_ros2_ws/install/nav_2d_utils:/home/agilex/limo_ros2_ws/install/dwb_msgs:/home/agilex/limo_ros2_ws/install/nav_2d_msgs:/home/agilex/limo_ros2_ws/install/nav2_waypoint_follower:/home/agilex/limo_ros2_ws/install/nav2_regulated_pure_pursuit_controller:/home/agilex/limo_ros2_ws/install/nav2_recoveries:/home/agilex/limo_ros2_ws/install/nav2_planner:/home/agilex/limo_ros2_ws/install/nav2_navfn_planner:/home/agilex/limo_ros2_ws/install/nav2_core:/home/agilex/limo_ros2_ws/install/costmap_queue:/home/agilex/limo_ros2_ws/install/costmap_converter:/home/agilex/limo_ros2_ws/install/nav2_costmap_2d:/home/agilex/limo_ros2_ws/install/nav2_rviz_plugins:/home/agilex/limo_ros2_ws/install/nav2_bt_navigator:/home/agilex/limo_ros2_ws/install/nav2_behavior_tree:/home/agilex/limo_ros2_ws/install/nav2_amcl:/home/agilex/limo_ros2_ws/install/mypalletizer_interfaces:/home/agilex/limo_ros2_ws/install/mycobot_interfaces:/home/agilex/limo_ros2_ws/install/mecharm_interfaces:/home/agilex/limo_ros2_ws/install/magic_enum:/home/agilex/limo_ros2_ws/install/limo_bringup:/home/agilex/limo_ros2_ws/install/limo_base:/home/agilex/limo_ros2_ws/install/limo_msgs:/home/agilex/limo_ros2_ws/install/limo_description:/home/agilex/limo_ros2_ws/install/libuvc:/home/agilex/limo_ros2_ws/install/glog:/home/agilex/limo_ros2_ws/install/costmap_converter_msgs:/home/agilex/limo_ros2_ws/install/astra_camera:/home/agilex/limo_ros2_ws/install/astra_camera_msgs:/home/agilex/limo_ros2_ws/install/ultraarm:/home/agilex/limo_ros2_ws/install/nav2_gazebo_spawner:/home/agilex/limo_ros2_ws/install/mypalletizer_260_pi:/home/agilex/limo_ros2_ws/install/mypalletizer_260:/home/agilex/limo_ros2_ws/install/mypalletizer_communication:/home/agilex/limo_ros2_ws/install/mycobot_630:/home/agilex/limo_ros2_ws/install/mycobot_600:/home/agilex/limo_ros2_ws/install/mycobot_320pi:/home/agilex/limo_ros2_ws/install/mycobot_320:/home/agilex/limo_ros2_ws/install/mycobot_280pi:/home/agilex/limo_ros2_ws/install/mycobot_280jn:/home/agilex/limo_ros2_ws/install/mycobot_280_x3pi:/home/agilex/limo_ros2_ws/install/mycobot_280:/home/agilex/limo_ros2_ws/install/myarm_300:/home/agilex/limo_ros2_ws/install/mycobot_communication:/home/agilex/limo_ros2_ws/install/mecharm_pi:/home/agilex/limo_ros2_ws/install/mecharm:/home/agilex/limo_ros2_ws/install/mecharm_communication:/home/agilex/limo_ros2_ws/install/mybuddy:/home/agilex/limo_ros2_ws/install/mycobot_description:/opt/ros/foxy LD_LIBRARY_PATH=/home/agilex/limo_ros2_ws/install/nav2_map_server/lib:/home/agilex/limo_ros2_ws/install/nav2_lifecycle_manager/lib:/home/agilex/limo_ros2_ws/install/nav2_util/lib:/home/agilex/limo_ros2_ws/install/nav2_voxel_grid/lib:/home/agilex/limo_ros2_ws/install/nav2_msgs/lib:/home/agilex/limo_ros2_ws/install/teb_local_planner/lib:/home/agilex/limo_ros2_ws/install/teb_msgs/lib:/home/agilex/limo_ros2_ws/install/smac_planner/lib:/home/agilex/limo_ros2_ws/install/nav2_controller/lib:/home/agilex/limo_ros2_ws/install/dwb_plugins/lib:/home/agilex/limo_ros2_ws/install/dwb_critics/lib:/home/agilex/limo_ros2_ws/install/dwb_core/lib:/home/agilex/limo_ros2_ws/install/nav_2d_utils/lib:/home/agilex/limo_ros2_ws/install/dwb_msgs/lib:/home/agilex/limo_ros2_ws/install/nav_2d_msgs/lib:/home/agilex/limo_ros2_ws/install/nav2_waypoint_follower/lib:/home/agilex/limo_ros2_ws/install/nav2_regulated_pure_pursuit_controller/lib:/home/agilex/limo_ros2_ws/install/nav2_recoveries/lib:/home/agilex/limo_ros2_ws/install/nav2_planner/lib:/home/agilex/limo_ros2_ws/install/nav2_navfn_planner/lib:/home/agilex/limo_ros2_ws/install/costmap_queue/lib:/home/agilex/limo_ros2_ws/install/costmap_converter/lib:/home/agilex/limo_ros2_ws/install/nav2_costmap_2d/lib:/home/agilex/limo_ros2_ws/install/nav2_rviz_plugins/lib:/home/agilex/limo_ros2_ws/install/nav2_bt_navigator/lib:/home/agilex/limo_ros2_ws/install/nav2_behavior_tree/lib:/home/agilex/limo_ros2_ws/install/nav2_amcl/lib:/home/agilex/limo_ros2_ws/install/mypalletizer_interfaces/lib:/home/agilex/limo_ros2_ws/install/mycobot_interfaces/lib:/home/agilex/limo_ros2_ws/install/mecharm_interfaces/lib:/home/agilex/limo_ros2_ws/install/limo_msgs/lib:/home/agilex/limo_ros2_ws/install/libuvc/lib:/home/agilex/limo_ros2_ws/install/glog/lib:/home/agilex/limo_ros2_ws/install/costmap_converter_msgs/lib:/home/agilex/limo_ros2_ws/install/astra_camera/lib:/home/agilex/limo_ros2_ws/install/astra_camera_msgs/lib:/usr/lib/aarch64-linux-gnu/gazebo-11/plugins:/opt/ros/foxy/opt/yaml_cpp_vendor/lib:/opt/ros/foxy/opt/rviz_ogre_vendor/lib:/opt/ros/foxy/lib/aarch64-linux-gnu:/opt/ros/foxy/lib PYTHONPATH=/home/agilex/limo_ros2_ws/install/nav2_msgs/lib/python3.8/site-packages:/home/agilex/limo_ros2_ws/install/nav2_common/lib/python3.8/site-packages:/home/agilex/limo_ros2_ws/install/ultraarm/lib/python3.8/site-packages:/home/agilex/limo_ros2_ws/install/teb_msgs/lib/python3.8/site-packages:/home/agilex/limo_ros2_ws/install/dwb_msgs/lib/python3.8/site-packages:/home/agilex/limo_ros2_ws/install/nav_2d_msgs/lib/python3.8/site-packages:/home/agilex/limo_ros2_ws/install/nav2_gazebo_spawner/lib/python3.8/site-packages:/home/agilex/limo_ros2_ws/install/mypalletizer_260_pi/lib/python3.8/site-packages:/home/agilex/limo_ros2_ws/install/mypalletizer_260/lib/python3.8/site-packages:/home/agilex/limo_ros2_ws/install/mypalletizer_communication/lib/python3.8/site-packages:/home/agilex/limo_ros2_ws/install/mypalletizer_interfaces/lib/python3.8/site-packages:/home/agilex/limo_ros2_ws/install/mycobot_630/lib/python3.8/site-packages:/home/agilex/limo_ros2_ws/install/mycobot_600/lib/python3.8/site-packages:/home/agilex/limo_ros2_ws/install/mycobot_320pi/lib/python3.8/site-packages:/home/agilex/limo_ros2_ws/install/mycobot_320/lib/python3.8/site-packages:/home/agilex/limo_ros2_ws/install/mycobot_280pi/lib/python3.8/site-packages:/home/agilex/limo_ros2_ws/install/mycobot_280jn/lib/python3.8/site-packages:/home/agilex/limo_ros2_ws/install/mycobot_280_x3pi/lib/python3.8/site-packages:/home/agilex/limo_ros2_ws/install/mycobot_280/lib/python3.8/site-packages:/home/agilex/limo_ros2_ws/install/myarm_300/lib/python3.8/site-packages:/home/agilex/limo_ros2_ws/install/mycobot_communication/lib/python3.8/site-packages:/home/agilex/limo_ros2_ws/install/mecharm_pi/lib/python3.8/site-packages:/home/agilex/limo_ros2_ws/install/mecharm/lib/python3.8/site-packages:/home/agilex/limo_ros2_ws/install/mecharm_communication/lib/python3.8/site-packages:/home/agilex/limo_ros2_ws/install/mycobot_interfaces/lib/python3.8/site-packages:/home/agilex/limo_ros2_ws/install/mybuddy/lib/python3.8/site-packages:/home/agilex/limo_ros2_ws/install/mycobot_description/lib/python3.8/site-packages:/home/agilex/limo_ros2_ws/install/mecharm_interfaces/lib/python3.8/site-packages:/home/agilex/limo_ros2_ws/install/limo_msgs/lib/python3.8/site-packages:/home/agilex/limo_ros2_ws/install/costmap_converter_msgs/lib/python3.8/site-packages:/home/agilex/limo_ros2_ws/install/astra_camera_msgs/lib/python3.8/site-packages:/opt/ros/foxy/lib/python3.8/site-packages /usr/bin/cmake --install /home/agilex/limo_ros2_ws/build/nav2_costmap_2d
