[0.081s] Invoking command in '/home/agilex/limo_ros2_ws/build/orbbec_camera_msgs': /usr/bin/cmake /home/agilex/limo_ros2_ws/src/OrbbecSDK_ROS2/orbbec_camera_msgs -DCMAKE_INSTALL_PREFIX=/home/agilex/limo_ros2_ws/install/orbbec_camera_msgs
[0.244s] -- The C compiler identification is GNU 9.4.0
[0.427s] -- The CXX compiler identification is GNU 9.4.0
[0.434s] -- Check for working C compiler: /usr/bin/cc
[0.613s] -- Check for working C compiler: /usr/bin/cc -- works
[0.615s] -- Detecting C compiler ABI info
[0.860s] -- Detecting C compiler ABI info - done
[0.873s] -- Detecting C compile features
[0.876s] -- Detecting C compile features - done
[0.881s] -- Check for working CXX compiler: /usr/bin/c++
[1.163s] -- Check for working CXX compiler: /usr/bin/c++ -- works
[1.164s] -- Detecting CXX compiler ABI info
[1.352s] -- Detecting CXX compiler ABI info - done
[1.364s] -- Detecting CXX compile features
[1.369s] -- Detecting CXX compile features - done
[1.391s] CMake Error at CMakeLists.txt:9 (find_package):
[1.393s]   By not providing "Findament_cmake.cmake" in CMAKE_MODULE_PATH this project
[1.395s]   has asked CMake to find a package configuration file provided by
[1.395s]   "ament_cmake", but CMake did not find one.
[1.395s] 
[1.396s]   Could not find a package configuration file provided by "ament_cmake" with
[1.397s]   any of the following names:
[1.397s] 
[1.397s]     ament_cmakeConfig.cmake
[1.397s]     ament_cmake-config.cmake
[1.397s] 
[1.397s]   Add the installation prefix of "ament_cmake" to CMAKE_PREFIX_PATH or set
[1.397s]   "ament_cmake_DIR" to a directory containing one of the above files.  If
[1.398s]   "ament_cmake" provides a separate development package or SDK, be sure it
[1.398s]   has been installed.
[1.398s] 
[1.398s] 
[1.399s] -- Configuring incomplete, errors occurred!
[1.399s] See also "/home/agilex/limo_ros2_ws/build/orbbec_camera_msgs/CMakeFiles/CMakeOutput.log".
[1.460s] Invoked command in '/home/agilex/limo_ros2_ws/build/orbbec_camera_msgs' returned '1': /usr/bin/cmake /home/agilex/limo_ros2_ws/src/OrbbecSDK_ROS2/orbbec_camera_msgs -DCMAKE_INSTALL_PREFIX=/home/agilex/limo_ros2_ws/install/orbbec_camera_msgs
