[0.069s] Invoking command in '/home/agilex/limo_ros2_ws/build/orbbec_description': CMAKE_PREFIX_PATH=${CMAKE_PREFIX_PATH}:/home/agilex/limo_ros2_ws/install/nav2_gazebo_spawner:/opt/ros/foxy /usr/bin/cmake /home/agilex/limo_ros2_ws/src/OrbbecSDK_ROS2/orbbec_description -DCMAKE_INSTALL_PREFIX=/home/agilex/limo_ros2_ws/install/orbbec_description
[0.224s] -- The C compiler identification is GNU 9.4.0
[0.383s] -- The CXX compiler identification is GNU 9.4.0
[0.406s] -- Check for working C compiler: /usr/bin/cc
[0.656s] -- Check for working C compiler: /usr/bin/cc -- works
[0.657s] -- Detecting C compiler ABI info
[0.878s] -- Detecting C compiler ABI info - done
[0.933s] -- Detecting C compile features
[0.933s] -- Detecting C compile features - done
[0.933s] -- Check for working CXX compiler: /usr/bin/c++
[1.172s] -- Check for working CXX compiler: /usr/bin/c++ -- works
[1.172s] -- Detecting CXX compiler ABI info
[1.384s] -- Detecting CXX compiler ABI info - done
[1.409s] -- Detecting CXX compile features
[1.410s] -- Detecting CXX compile features - done
[1.439s] -- Found ament_cmake: 0.9.12 (/opt/ros/foxy/share/ament_cmake/cmake)
[1.529s] -- Found PythonInterp: /usr/bin/python3 (found suitable version "3.8.10", minimum required is "3") 
[1.529s] -- Using PYTHON_EXECUTABLE: /usr/bin/python3
[2.317s] -- Configuring done
[2.322s] -- Generating done
[2.326s] -- Build files have been written to: /home/agilex/limo_ros2_ws/build/orbbec_description
[2.360s] Invoked command in '/home/agilex/limo_ros2_ws/build/orbbec_description' returned '0': CMAKE_PREFIX_PATH=${CMAKE_PREFIX_PATH}:/home/agilex/limo_ros2_ws/install/nav2_gazebo_spawner:/opt/ros/foxy /usr/bin/cmake /home/agilex/limo_ros2_ws/src/OrbbecSDK_ROS2/orbbec_description -DCMAKE_INSTALL_PREFIX=/home/agilex/limo_ros2_ws/install/orbbec_description
[2.362s] Invoking command in '/home/agilex/limo_ros2_ws/build/orbbec_description': CMAKE_PREFIX_PATH=${CMAKE_PREFIX_PATH}:/home/agilex/limo_ros2_ws/install/nav2_gazebo_spawner:/opt/ros/foxy /usr/bin/cmake --build /home/agilex/limo_ros2_ws/build/orbbec_description -- -j6 -l6
[2.554s] Invoked command in '/home/agilex/limo_ros2_ws/build/orbbec_description' returned '0': CMAKE_PREFIX_PATH=${CMAKE_PREFIX_PATH}:/home/agilex/limo_ros2_ws/install/nav2_gazebo_spawner:/opt/ros/foxy /usr/bin/cmake --build /home/agilex/limo_ros2_ws/build/orbbec_description -- -j6 -l6
[2.699s] Invoking command in '/home/agilex/limo_ros2_ws/build/orbbec_description': CMAKE_PREFIX_PATH=${CMAKE_PREFIX_PATH}:/home/agilex/limo_ros2_ws/install/nav2_gazebo_spawner:/opt/ros/foxy /usr/bin/cmake --install /home/agilex/limo_ros2_ws/build/orbbec_description
[2.740s] -- Install configuration: ""
[2.741s] -- Installing: /home/agilex/limo_ros2_ws/install/orbbec_description/share/orbbec_description/launch
[2.741s] -- Installing: /home/agilex/limo_ros2_ws/install/orbbec_description/share/orbbec_description/launch/launch_utils.py
[2.742s] -- Installing: /home/agilex/limo_ros2_ws/install/orbbec_description/share/orbbec_description/launch/view_model.launch.py
[2.742s] -- Installing: /home/agilex/limo_ros2_ws/install/orbbec_description/share/orbbec_description/meshes
[2.742s] -- Installing: /home/agilex/limo_ros2_ws/install/orbbec_description/share/orbbec_description/meshes/femto_bolt
[2.742s] -- Installing: /home/agilex/limo_ros2_ws/install/orbbec_description/share/orbbec_description/meshes/femto_bolt/femto_bolt.stl
[2.743s] -- Installing: /home/agilex/limo_ros2_ws/install/orbbec_description/share/orbbec_description/meshes/AstraPlus.stl
[2.799s] -- Installing: /home/agilex/limo_ros2_ws/install/orbbec_description/share/orbbec_description/meshes/gemini335_336
[2.799s] -- Installing: /home/agilex/limo_ros2_ws/install/orbbec_description/share/orbbec_description/meshes/gemini335_336/camera_bottom_screw_frame.STL
[2.801s] -- Installing: /home/agilex/limo_ros2_ws/install/orbbec_description/share/orbbec_description/meshes/gemini335_336/camera_infra_1_frame.STL
[2.802s] -- Installing: /home/agilex/limo_ros2_ws/install/orbbec_description/share/orbbec_description/meshes/gemini335_336/camera_depth_frame.STL
[2.802s] -- Installing: /home/agilex/limo_ros2_ws/install/orbbec_description/share/orbbec_description/meshes/gemini335_336/camera_infra2_frame.STL
[2.804s] -- Installing: /home/agilex/limo_ros2_ws/install/orbbec_description/share/orbbec_description/meshes/gemini335_336/camera_color_optical_frame.STL
[2.804s] -- Installing: /home/agilex/limo_ros2_ws/install/orbbec_description/share/orbbec_description/meshes/gemini335_336/camera_link.STL
[2.809s] -- Installing: /home/agilex/limo_ros2_ws/install/orbbec_description/share/orbbec_description/meshes/gemini335_336/camera_infra2_optical_frame.STL
[2.810s] -- Installing: /home/agilex/limo_ros2_ws/install/orbbec_description/share/orbbec_description/meshes/gemini335_336/camera_infra_1_optical_frame.STL
[2.810s] -- Installing: /home/agilex/limo_ros2_ws/install/orbbec_description/share/orbbec_description/meshes/gemini335_336/camera_depth_optical_frame.STL
[2.812s] -- Installing: /home/agilex/limo_ros2_ws/install/orbbec_description/share/orbbec_description/meshes/gemini335_336/camera_color_frame.STL
[2.813s] -- Installing: /home/agilex/limo_ros2_ws/install/orbbec_description/share/orbbec_description/urdf
[2.814s] -- Installing: /home/agilex/limo_ros2_ws/install/orbbec_description/share/orbbec_description/urdf/test_gemini_336.urdf.xarco
[2.816s] -- Installing: /home/agilex/limo_ros2_ws/install/orbbec_description/share/orbbec_description/urdf/_gemini_335_336.urdf.xacro
[2.816s] -- Installing: /home/agilex/limo_ros2_ws/install/orbbec_description/share/orbbec_description/urdf/femto_bolt.urdf.xacro
[2.817s] -- Installing: /home/agilex/limo_ros2_ws/install/orbbec_description/share/orbbec_description/urdf/test_gemini_335.urdf.xarco
[2.817s] -- Installing: /home/agilex/limo_ros2_ws/install/orbbec_description/share/orbbec_description/rviz
[2.817s] -- Installing: /home/agilex/limo_ros2_ws/install/orbbec_description/share/orbbec_description/rviz/urdf.rviz
[2.819s] -- Installing: /home/agilex/limo_ros2_ws/install/orbbec_description/share/ament_index/resource_index/package_run_dependencies/orbbec_description
[2.819s] -- Installing: /home/agilex/limo_ros2_ws/install/orbbec_description/share/ament_index/resource_index/parent_prefix_path/orbbec_description
[2.824s] -- Installing: /home/agilex/limo_ros2_ws/install/orbbec_description/share/orbbec_description/environment/ament_prefix_path.sh
[2.827s] -- Installing: /home/agilex/limo_ros2_ws/install/orbbec_description/share/orbbec_description/environment/ament_prefix_path.dsv
[2.827s] -- Installing: /home/agilex/limo_ros2_ws/install/orbbec_description/share/orbbec_description/environment/path.sh
[2.827s] -- Installing: /home/agilex/limo_ros2_ws/install/orbbec_description/share/orbbec_description/environment/path.dsv
[2.827s] -- Installing: /home/agilex/limo_ros2_ws/install/orbbec_description/share/orbbec_description/local_setup.bash
[2.827s] -- Installing: /home/agilex/limo_ros2_ws/install/orbbec_description/share/orbbec_description/local_setup.sh
[2.828s] -- Installing: /home/agilex/limo_ros2_ws/install/orbbec_description/share/orbbec_description/local_setup.zsh
[2.828s] -- Installing: /home/agilex/limo_ros2_ws/install/orbbec_description/share/orbbec_description/local_setup.dsv
[2.828s] -- Installing: /home/agilex/limo_ros2_ws/install/orbbec_description/share/orbbec_description/package.dsv
[2.828s] -- Installing: /home/agilex/limo_ros2_ws/install/orbbec_description/share/ament_index/resource_index/packages/orbbec_description
[2.828s] -- Installing: /home/agilex/limo_ros2_ws/install/orbbec_description/share/orbbec_description/cmake/orbbec_descriptionConfig.cmake
[2.828s] -- Installing: /home/agilex/limo_ros2_ws/install/orbbec_description/share/orbbec_description/cmake/orbbec_descriptionConfig-version.cmake
[2.836s] -- Installing: /home/agilex/limo_ros2_ws/install/orbbec_description/share/orbbec_description/package.xml
[2.983s] Invoked command in '/home/agilex/limo_ros2_ws/build/orbbec_description' returned '0': CMAKE_PREFIX_PATH=${CMAKE_PREFIX_PATH}:/home/agilex/limo_ros2_ws/install/nav2_gazebo_spawner:/opt/ros/foxy /usr/bin/cmake --install /home/agilex/limo_ros2_ws/build/orbbec_description
