[0.122s] Invoking command in '/home/agilex/limo_ros2_ws/src/build/tracetools_image_pipeline': CMAKE_PREFIX_PATH=${CMAKE_PREFIX_PATH}:/home/agilex/limo_ros2_ws/install/nav2_gazebo_spawner:/opt/ros/foxy /usr/bin/cmake /home/agilex/limo_ros2_ws/src/image_pipeline/tracetools_image_pipeline -DCMAKE_INSTALL_PREFIX=/home/agilex/limo_ros2_ws/src/install/tracetools_image_pipeline
[0.290s] -- The C compiler identification is GNU 9.4.0
[0.464s] -- The CXX compiler identification is GNU 9.4.0
[0.480s] -- Check for working C compiler: /usr/bin/cc
[0.712s] -- Check for working C compiler: /usr/bin/cc -- works
[0.712s] -- Detecting C compiler ABI info
[0.941s] -- Detecting C compiler ABI info - done
[0.950s] -- Detecting C compile features
[0.951s] -- Detecting C compile features - done
[0.959s] -- Check for working CXX compiler: /usr/bin/c++
[1.180s] -- Check for working CXX compiler: /usr/bin/c++ -- works
[1.181s] -- Detecting CXX compiler ABI info
[1.397s] -- Detecting CXX compiler ABI info - done
[1.419s] -- Detecting CXX compile features
[1.421s] -- Detecting CXX compile features - done
[1.434s] -- Found ament_cmake_ros: 0.9.2 (/opt/ros/foxy/share/ament_cmake_ros/cmake)
[1.560s] -- Found PythonInterp: /usr/bin/python3 (found suitable version "3.8.10", minimum required is "3") 
[1.560s] -- Using PYTHON_EXECUTABLE: /usr/bin/python3
[2.163s] -- Found PkgConfig: /usr/bin/pkg-config (found version "0.29.1") 
[2.165s] -- Checking for module 'lttng-ust'
[2.177s] --   No package 'lttng-ust' found
[2.198s] -- Found ament_lint_auto: 0.9.8 (/opt/ros/foxy/share/ament_lint_auto/cmake)
[2.437s] -- Added test 'copyright' to check source files copyright and LICENSE
[2.441s] -- Added test 'cppcheck' to perform static code analysis on C / C++ code
[2.442s] -- Configured cppcheck include dirs: 
[2.442s] -- Configured cppcheck exclude dirs and/or files: 
[2.446s] -- Added test 'cpplint' to check C / C++ code against the Google style
[2.446s] -- Configured cpplint exclude dirs and/or files: 
[2.450s] -- Added test 'lint_cmake' to check CMake code style
[2.453s] -- Added test 'uncrustify' to check C / C++ code style
[2.453s] -- Configured uncrustify additional arguments: 
[2.455s] -- Added test 'xmllint' to check XML markup files
[2.465s] -- Configuring done
[2.477s] -- Generating done
[2.479s] -- Build files have been written to: /home/agilex/limo_ros2_ws/src/build/tracetools_image_pipeline
[2.497s] Invoked command in '/home/agilex/limo_ros2_ws/src/build/tracetools_image_pipeline' returned '0': CMAKE_PREFIX_PATH=${CMAKE_PREFIX_PATH}:/home/agilex/limo_ros2_ws/install/nav2_gazebo_spawner:/opt/ros/foxy /usr/bin/cmake /home/agilex/limo_ros2_ws/src/image_pipeline/tracetools_image_pipeline -DCMAKE_INSTALL_PREFIX=/home/agilex/limo_ros2_ws/src/install/tracetools_image_pipeline
[2.499s] Invoking command in '/home/agilex/limo_ros2_ws/src/build/tracetools_image_pipeline': CMAKE_PREFIX_PATH=${CMAKE_PREFIX_PATH}:/home/agilex/limo_ros2_ws/install/nav2_gazebo_spawner:/opt/ros/foxy /usr/bin/cmake --build /home/agilex/limo_ros2_ws/src/build/tracetools_image_pipeline -- -j6 -l6
[2.636s] [35m[1mScanning dependencies of target tracetools_image_pipeline[0m
[2.695s] [ 20%] [32mBuilding C object CMakeFiles/tracetools_image_pipeline.dir/src/tracetools.c.o[0m
[2.702s] [ 40%] [32mBuilding CXX object CMakeFiles/tracetools_image_pipeline.dir/src/utils.cpp.o[0m
[3.259s] [ 60%] [32m[1mLinking CXX shared library libtracetools_image_pipeline.so[0m
[3.373s] [ 60%] Built target tracetools_image_pipeline
[3.408s] [35m[1mScanning dependencies of target status[0m
[3.446s] [ 80%] [32mBuilding C object CMakeFiles/status.dir/src/status.c.o[0m
[3.564s] [100%] [32m[1mLinking C executable status[0m
[3.729s] [100%] Built target status
[3.809s] Invoked command in '/home/agilex/limo_ros2_ws/src/build/tracetools_image_pipeline' returned '0': CMAKE_PREFIX_PATH=${CMAKE_PREFIX_PATH}:/home/agilex/limo_ros2_ws/install/nav2_gazebo_spawner:/opt/ros/foxy /usr/bin/cmake --build /home/agilex/limo_ros2_ws/src/build/tracetools_image_pipeline -- -j6 -l6
[4.026s] Invoking command in '/home/agilex/limo_ros2_ws/src/build/tracetools_image_pipeline': CMAKE_PREFIX_PATH=${CMAKE_PREFIX_PATH}:/home/agilex/limo_ros2_ws/install/nav2_gazebo_spawner:/opt/ros/foxy /usr/bin/cmake --install /home/agilex/limo_ros2_ws/src/build/tracetools_image_pipeline
[4.068s] -- Install configuration: ""
[4.069s] -- Installing: /home/agilex/limo_ros2_ws/src/install/tracetools_image_pipeline/share/tracetools_image_pipeline/environment/library_path.sh
[4.069s] -- Installing: /home/agilex/limo_ros2_ws/src/install/tracetools_image_pipeline/share/tracetools_image_pipeline/environment/library_path.dsv
[4.069s] -- Installing: /home/agilex/limo_ros2_ws/src/install/tracetools_image_pipeline/lib/tracetools_image_pipeline/status
[4.069s] -- Set runtime path of "/home/agilex/limo_ros2_ws/src/install/tracetools_image_pipeline/lib/tracetools_image_pipeline/status" to ""
[4.069s] -- Installing: /home/agilex/limo_ros2_ws/src/install/tracetools_image_pipeline/include
[4.069s] -- Installing: /home/agilex/limo_ros2_ws/src/install/tracetools_image_pipeline/include/tracetools_image_pipeline
[4.070s] -- Installing: /home/agilex/limo_ros2_ws/src/install/tracetools_image_pipeline/include/tracetools_image_pipeline/utils.hpp
[4.070s] -- Installing: /home/agilex/limo_ros2_ws/src/install/tracetools_image_pipeline/include/tracetools_image_pipeline/visibility_control.hpp
[4.070s] -- Installing: /home/agilex/limo_ros2_ws/src/install/tracetools_image_pipeline/include/tracetools_image_pipeline/tracetools.h
[4.070s] -- Installing: /home/agilex/limo_ros2_ws/src/install/tracetools_image_pipeline/include/tracetools_image_pipeline/config.h
[4.070s] -- Installing: /home/agilex/limo_ros2_ws/src/install/tracetools_image_pipeline/lib/libtracetools_image_pipeline.so
[4.070s] -- Installing: /home/agilex/limo_ros2_ws/src/install/tracetools_image_pipeline/share/ament_index/resource_index/package_run_dependencies/tracetools_image_pipeline
[4.081s] -- Installing: /home/agilex/limo_ros2_ws/src/install/tracetools_image_pipeline/share/ament_index/resource_index/parent_prefix_path/tracetools_image_pipeline
[4.081s] -- Installing: /home/agilex/limo_ros2_ws/src/install/tracetools_image_pipeline/share/tracetools_image_pipeline/environment/ament_prefix_path.sh
[4.082s] -- Installing: /home/agilex/limo_ros2_ws/src/install/tracetools_image_pipeline/share/tracetools_image_pipeline/environment/ament_prefix_path.dsv
[4.082s] -- Installing: /home/agilex/limo_ros2_ws/src/install/tracetools_image_pipeline/share/tracetools_image_pipeline/environment/path.sh
[4.082s] -- Installing: /home/agilex/limo_ros2_ws/src/install/tracetools_image_pipeline/share/tracetools_image_pipeline/environment/path.dsv
[4.082s] -- Installing: /home/agilex/limo_ros2_ws/src/install/tracetools_image_pipeline/share/tracetools_image_pipeline/local_setup.bash
[4.082s] -- Installing: /home/agilex/limo_ros2_ws/src/install/tracetools_image_pipeline/share/tracetools_image_pipeline/local_setup.sh
[4.082s] -- Installing: /home/agilex/limo_ros2_ws/src/install/tracetools_image_pipeline/share/tracetools_image_pipeline/local_setup.zsh
[4.082s] -- Installing: /home/agilex/limo_ros2_ws/src/install/tracetools_image_pipeline/share/tracetools_image_pipeline/local_setup.dsv
[4.083s] -- Installing: /home/agilex/limo_ros2_ws/src/install/tracetools_image_pipeline/share/tracetools_image_pipeline/package.dsv
[4.083s] -- Installing: /home/agilex/limo_ros2_ws/src/install/tracetools_image_pipeline/share/ament_index/resource_index/packages/tracetools_image_pipeline
[4.083s] -- Installing: /home/agilex/limo_ros2_ws/src/install/tracetools_image_pipeline/share/tracetools_image_pipeline/cmake/tracetools_image_pipeline_exportExport.cmake
[4.083s] -- Installing: /home/agilex/limo_ros2_ws/src/install/tracetools_image_pipeline/share/tracetools_image_pipeline/cmake/tracetools_image_pipeline_exportExport-noconfig.cmake
[4.083s] -- Installing: /home/agilex/limo_ros2_ws/src/install/tracetools_image_pipeline/share/tracetools_image_pipeline/cmake/ament_cmake_export_targets-extras.cmake
[4.083s] -- Installing: /home/agilex/limo_ros2_ws/src/install/tracetools_image_pipeline/share/tracetools_image_pipeline/cmake/ament_cmake_export_include_directories-extras.cmake
[4.083s] -- Installing: /home/agilex/limo_ros2_ws/src/install/tracetools_image_pipeline/share/tracetools_image_pipeline/cmake/ament_cmake_export_libraries-extras.cmake
[4.084s] -- Installing: /home/agilex/limo_ros2_ws/src/install/tracetools_image_pipeline/share/tracetools_image_pipeline/cmake/tracetools_image_pipelineConfig.cmake
[4.084s] -- Installing: /home/agilex/limo_ros2_ws/src/install/tracetools_image_pipeline/share/tracetools_image_pipeline/cmake/tracetools_image_pipelineConfig-version.cmake
[4.084s] -- Installing: /home/agilex/limo_ros2_ws/src/install/tracetools_image_pipeline/share/tracetools_image_pipeline/package.xml
[4.090s] Invoked command in '/home/agilex/limo_ros2_ws/src/build/tracetools_image_pipeline' returned '0': CMAKE_PREFIX_PATH=${CMAKE_PREFIX_PATH}:/home/agilex/limo_ros2_ws/install/nav2_gazebo_spawner:/opt/ros/foxy /usr/bin/cmake --install /home/agilex/limo_ros2_ws/src/build/tracetools_image_pipeline
