[0.058s] Invoking command in '/home/agilex/limo_ros2_ws/build/limo_visions': CMAKE_PREFIX_PATH=${CMAKE_PREFIX_PATH}:/home/agilex/limo_ros2_ws/install/nav2_gazebo_spawner:/opt/ros/foxy /usr/bin/cmake --build /home/agilex/limo_ros2_ws/build/limo_visions -- -j6 -l6
[0.308s] [ 66%] Built target traffic_light
[0.313s] [ 66%] Built target detect_line
[0.336s] [100%] Built target object_detect
[1.075s] Invoked command in '/home/agilex/limo_ros2_ws/build/limo_visions' returned '0': CMAKE_PREFIX_PATH=${CMAKE_PREFIX_PATH}:/home/agilex/limo_ros2_ws/install/nav2_gazebo_spawner:/opt/ros/foxy /usr/bin/cmake --build /home/agilex/limo_ros2_ws/build/limo_visions -- -j6 -l6
[1.226s] Invoking command in '/home/agilex/limo_ros2_ws/build/limo_visions': CMAKE_PREFIX_PATH=${CMAKE_PREFIX_PATH}:/home/agilex/limo_ros2_ws/install/nav2_gazebo_spawner:/opt/ros/foxy /usr/bin/cmake --install /home/agilex/limo_ros2_ws/build/limo_visions
[1.268s] -- Install configuration: ""
[1.269s] -- Up-to-date: /home/agilex/limo_ros2_ws/install/limo_visions/lib/limo_visions/object_detect
[1.271s] -- Up-to-date: /home/agilex/limo_ros2_ws/install/limo_visions/lib/limo_visions/detect_line
[1.271s] -- Up-to-date: /home/agilex/limo_ros2_ws/install/limo_visions/lib/limo_visions/traffic_light
[1.272s] -- Up-to-date: /home/agilex/limo_ros2_ws/install/limo_visions/share/ament_index/resource_index/package_run_dependencies/limo_visions
[1.272s] -- Up-to-date: /home/agilex/limo_ros2_ws/install/limo_visions/share/ament_index/resource_index/parent_prefix_path/limo_visions
[1.273s] -- Up-to-date: /home/agilex/limo_ros2_ws/install/limo_visions/share/limo_visions/environment/ament_prefix_path.sh
[1.273s] -- Up-to-date: /home/agilex/limo_ros2_ws/install/limo_visions/share/limo_visions/environment/ament_prefix_path.dsv
[1.273s] -- Up-to-date: /home/agilex/limo_ros2_ws/install/limo_visions/share/limo_visions/environment/path.sh
[1.273s] -- Up-to-date: /home/agilex/limo_ros2_ws/install/limo_visions/share/limo_visions/environment/path.dsv
[1.273s] -- Up-to-date: /home/agilex/limo_ros2_ws/install/limo_visions/share/limo_visions/local_setup.bash
[1.274s] -- Up-to-date: /home/agilex/limo_ros2_ws/install/limo_visions/share/limo_visions/local_setup.sh
[1.274s] -- Up-to-date: /home/agilex/limo_ros2_ws/install/limo_visions/share/limo_visions/local_setup.zsh
[1.274s] -- Up-to-date: /home/agilex/limo_ros2_ws/install/limo_visions/share/limo_visions/local_setup.dsv
[1.274s] -- Installing: /home/agilex/limo_ros2_ws/install/limo_visions/share/limo_visions/package.dsv
[1.275s] -- Up-to-date: /home/agilex/limo_ros2_ws/install/limo_visions/share/ament_index/resource_index/packages/limo_visions
[1.275s] -- Up-to-date: /home/agilex/limo_ros2_ws/install/limo_visions/share/limo_visions/cmake/ament_cmake_export_include_directories-extras.cmake
[1.275s] -- Up-to-date: /home/agilex/limo_ros2_ws/install/limo_visions/share/limo_visions/cmake/ament_cmake_export_dependencies-extras.cmake
[1.276s] -- Up-to-date: /home/agilex/limo_ros2_ws/install/limo_visions/share/limo_visions/cmake/limo_visionsConfig.cmake
[1.276s] -- Up-to-date: /home/agilex/limo_ros2_ws/install/limo_visions/share/limo_visions/cmake/limo_visionsConfig-version.cmake
[1.276s] -- Up-to-date: /home/agilex/limo_ros2_ws/install/limo_visions/share/limo_visions/package.xml
[1.284s] Invoked command in '/home/agilex/limo_ros2_ws/build/limo_visions' returned '0': CMAKE_PREFIX_PATH=${CMAKE_PREFIX_PATH}:/home/agilex/limo_ros2_ws/install/nav2_gazebo_spawner:/opt/ros/foxy /usr/bin/cmake --install /home/agilex/limo_ros2_ws/build/limo_visions
