[0.074s] Invoking command in '/home/agilex/limo_ros2_ws/build/nav2_common': /usr/bin/cmake --build /home/agilex/limo_ros2_ws/build/nav2_common -- -j6 -l6
[0.206s] Invoked command in '/home/agilex/limo_ros2_ws/build/nav2_common' returned '0': /usr/bin/cmake --build /home/agilex/limo_ros2_ws/build/nav2_common -- -j6 -l6
[0.442s] Invoking command in '/home/agilex/limo_ros2_ws/build/nav2_common': /usr/bin/cmake --install /home/agilex/limo_ros2_ws/build/nav2_common
[0.482s] -- Install configuration: ""
[0.482s] -- Up-to-date: /home/agilex/limo_ros2_ws/install/nav2_common/share/nav2_common/environment/pythonpath.sh
[0.483s] -- Up-to-date: /home/agilex/limo_ros2_ws/install/nav2_common/share/nav2_common/environment/pythonpath.dsv
[0.483s] -- Up-to-date: /home/agilex/limo_ros2_ws/install/nav2_common/lib/python3.8/site-packages/nav2_common
[0.483s] -- Up-to-date: /home/agilex/limo_ros2_ws/install/nav2_common/lib/python3.8/site-packages/nav2_common/__init__.py
[0.483s] -- Up-to-date: /home/agilex/limo_ros2_ws/install/nav2_common/lib/python3.8/site-packages/nav2_common/launch
[0.483s] -- Up-to-date: /home/agilex/limo_ros2_ws/install/nav2_common/lib/python3.8/site-packages/nav2_common/launch/replace_string.py
[0.484s] -- Up-to-date: /home/agilex/limo_ros2_ws/install/nav2_common/lib/python3.8/site-packages/nav2_common/launch/__init__.py
[0.484s] -- Up-to-date: /home/agilex/limo_ros2_ws/install/nav2_common/lib/python3.8/site-packages/nav2_common/launch/rewritten_yaml.py
[0.484s] -- Up-to-date: /home/agilex/limo_ros2_ws/install/nav2_common/lib/python3.8/site-packages/nav2_common/launch/has_node_params.py
[0.562s] Listing '/home/agilex/limo_ros2_ws/install/nav2_common/lib/python3.8/site-packages/nav2_common'...
[0.563s] Listing '/home/agilex/limo_ros2_ws/install/nav2_common/lib/python3.8/site-packages/nav2_common/launch'...
[0.573s] -- Up-to-date: /home/agilex/limo_ros2_ws/install/nav2_common/share/ament_index/resource_index/package_run_dependencies/nav2_common
[0.574s] -- Up-to-date: /home/agilex/limo_ros2_ws/install/nav2_common/share/ament_index/resource_index/parent_prefix_path/nav2_common
[0.574s] -- Up-to-date: /home/agilex/limo_ros2_ws/install/nav2_common/share/nav2_common/environment/ament_prefix_path.sh
[0.574s] -- Up-to-date: /home/agilex/limo_ros2_ws/install/nav2_common/share/nav2_common/environment/ament_prefix_path.dsv
[0.574s] -- Up-to-date: /home/agilex/limo_ros2_ws/install/nav2_common/share/nav2_common/environment/path.sh
[0.574s] -- Up-to-date: /home/agilex/limo_ros2_ws/install/nav2_common/share/nav2_common/environment/path.dsv
[0.575s] -- Up-to-date: /home/agilex/limo_ros2_ws/install/nav2_common/share/nav2_common/local_setup.bash
[0.575s] -- Up-to-date: /home/agilex/limo_ros2_ws/install/nav2_common/share/nav2_common/local_setup.sh
[0.575s] -- Up-to-date: /home/agilex/limo_ros2_ws/install/nav2_common/share/nav2_common/local_setup.zsh
[0.575s] -- Up-to-date: /home/agilex/limo_ros2_ws/install/nav2_common/share/nav2_common/local_setup.dsv
[0.575s] -- Installing: /home/agilex/limo_ros2_ws/install/nav2_common/share/nav2_common/package.dsv
[0.575s] -- Up-to-date: /home/agilex/limo_ros2_ws/install/nav2_common/share/ament_index/resource_index/packages/nav2_common
[0.576s] -- Up-to-date: /home/agilex/limo_ros2_ws/install/nav2_common/share/nav2_common/cmake/nav2_common-extras.cmake
[0.576s] -- Up-to-date: /home/agilex/limo_ros2_ws/install/nav2_common/share/nav2_common/cmake/nav2_commonConfig.cmake
[0.576s] -- Up-to-date: /home/agilex/limo_ros2_ws/install/nav2_common/share/nav2_common/cmake/nav2_commonConfig-version.cmake
[0.576s] -- Up-to-date: /home/agilex/limo_ros2_ws/install/nav2_common/share/nav2_common/package.xml
[0.576s] -- Up-to-date: /home/agilex/limo_ros2_ws/install/nav2_common/share/nav2_common/cmake
[0.576s] -- Up-to-date: /home/agilex/limo_ros2_ws/install/nav2_common/share/nav2_common/cmake/nav2_package.cmake
[0.582s] Invoked command in '/home/agilex/limo_ros2_ws/build/nav2_common' returned '0': /usr/bin/cmake --install /home/agilex/limo_ros2_ws/build/nav2_common
