[0.117s] Invoking command in '/home/agilex/limo_ros2_ws/build/limo_msgs': CMAKE_PREFIX_PATH=${CMAKE_PREFIX_PATH}:/home/agilex/limo_ros2_ws/install/nav2_gazebo_spawner:/home/agilex/limo_ros2_ws/install/camera_calibration:/opt/ros/foxy /usr/bin/cmake --build /home/agilex/limo_ros2_ws/build/limo_msgs -- -j6 -l6
[0.332s] [  3%] Built target limo_msgs__cpp
[0.375s] [ 12%] Built target limo_msgs__rosidl_generator_c
[0.556s] [ 22%] Built target limo_msgs__rosidl_typesupport_introspection_cpp
[0.589s] [ 32%] Built target limo_msgs__rosidl_typesupport_cpp
[0.591s] [ 41%] Built target limo_msgs__rosidl_typesupport_fastrtps_cpp
[0.623s] [ 51%] Built target limo_msgs__rosidl_typesupport_introspection_c
[0.636s] [ 61%] Built target limo_msgs__rosidl_typesupport_c
[0.813s] [ 70%] Built target limo_msgs__rosidl_typesupport_fastrtps_c
[0.879s] [ 70%] Built target limo_msgs
[0.948s] [ 74%] Built target limo_msgs__py
[1.033s] [ 80%] Built target limo_msgs__python
[1.138s] [ 87%] Built target limo_msgs__rosidl_typesupport_introspection_c__pyext
[1.143s] [ 93%] Built target limo_msgs__rosidl_typesupport_c__pyext
[1.159s] [100%] Built target limo_msgs__rosidl_typesupport_fastrtps_c__pyext
[1.339s] Invoked command in '/home/agilex/limo_ros2_ws/build/limo_msgs' returned '0': CMAKE_PREFIX_PATH=${CMAKE_PREFIX_PATH}:/home/agilex/limo_ros2_ws/install/nav2_gazebo_spawner:/home/agilex/limo_ros2_ws/install/camera_calibration:/opt/ros/foxy /usr/bin/cmake --build /home/agilex/limo_ros2_ws/build/limo_msgs -- -j6 -l6
[1.636s] Invoking command in '/home/agilex/limo_ros2_ws/build/limo_msgs': CMAKE_PREFIX_PATH=${CMAKE_PREFIX_PATH}:/home/agilex/limo_ros2_ws/install/nav2_gazebo_spawner:/home/agilex/limo_ros2_ws/install/camera_calibration:/opt/ros/foxy /usr/bin/cmake --install /home/agilex/limo_ros2_ws/build/limo_msgs
[1.678s] -- Install configuration: "Release"
[1.678s] -- Up-to-date: /home/agilex/limo_ros2_ws/install/limo_msgs/share/ament_index/resource_index/rosidl_interfaces/limo_msgs
[1.679s] -- Up-to-date: /home/agilex/limo_ros2_ws/install/limo_msgs/include/limo_msgs
[1.679s] -- Up-to-date: /home/agilex/limo_ros2_ws/install/limo_msgs/include/limo_msgs/msg
[1.679s] -- Up-to-date: /home/agilex/limo_ros2_ws/install/limo_msgs/include/limo_msgs/msg/rosidl_generator_c__visibility_control.h
[1.681s] -- Up-to-date: /home/agilex/limo_ros2_ws/install/limo_msgs/include/limo_msgs/msg/limo_status.h
[1.681s] -- Up-to-date: /home/agilex/limo_ros2_ws/install/limo_msgs/include/limo_msgs/msg/detail
[1.681s] -- Up-to-date: /home/agilex/limo_ros2_ws/install/limo_msgs/include/limo_msgs/msg/detail/limo_status__functions.h
[1.681s] -- Up-to-date: /home/agilex/limo_ros2_ws/install/limo_msgs/include/limo_msgs/msg/detail/limo_status__type_support.h
[1.681s] -- Up-to-date: /home/agilex/limo_ros2_ws/install/limo_msgs/include/limo_msgs/msg/detail/limo_status__functions.c
[1.681s] -- Up-to-date: /home/agilex/limo_ros2_ws/install/limo_msgs/include/limo_msgs/msg/detail/limo_status__struct.h
[1.682s] -- Up-to-date: /home/agilex/limo_ros2_ws/install/limo_msgs/share/limo_msgs/environment/library_path.sh
[1.682s] -- Up-to-date: /home/agilex/limo_ros2_ws/install/limo_msgs/share/limo_msgs/environment/library_path.dsv
[1.682s] -- Up-to-date: /home/agilex/limo_ros2_ws/install/limo_msgs/lib/liblimo_msgs__rosidl_generator_c.so
[1.683s] -- Up-to-date: /home/agilex/limo_ros2_ws/install/limo_msgs/include/limo_msgs
[1.683s] -- Up-to-date: /home/agilex/limo_ros2_ws/install/limo_msgs/include/limo_msgs/msg
[1.683s] -- Up-to-date: /home/agilex/limo_ros2_ws/install/limo_msgs/include/limo_msgs/msg/rosidl_typesupport_fastrtps_c__visibility_control.h
[1.683s] -- Up-to-date: /home/agilex/limo_ros2_ws/install/limo_msgs/include/limo_msgs/msg/detail
[1.683s] -- Up-to-date: /home/agilex/limo_ros2_ws/install/limo_msgs/include/limo_msgs/msg/detail/limo_status__rosidl_typesupport_fastrtps_c.h
[1.686s] -- Up-to-date: /home/agilex/limo_ros2_ws/install/limo_msgs/lib/liblimo_msgs__rosidl_typesupport_fastrtps_c.so
[1.687s] -- Up-to-date: /home/agilex/limo_ros2_ws/install/limo_msgs/include/limo_msgs
[1.687s] -- Up-to-date: /home/agilex/limo_ros2_ws/install/limo_msgs/include/limo_msgs/msg
[1.688s] -- Up-to-date: /home/agilex/limo_ros2_ws/install/limo_msgs/include/limo_msgs/msg/rosidl_typesupport_fastrtps_cpp__visibility_control.h
[1.688s] -- Up-to-date: /home/agilex/limo_ros2_ws/install/limo_msgs/include/limo_msgs/msg/detail
[1.688s] -- Up-to-date: /home/agilex/limo_ros2_ws/install/limo_msgs/include/limo_msgs/msg/detail/limo_status__rosidl_typesupport_fastrtps_cpp.hpp
[1.688s] -- Up-to-date: /home/agilex/limo_ros2_ws/install/limo_msgs/include/limo_msgs/msg/detail/dds_fastrtps
[1.688s] -- Up-to-date: /home/agilex/limo_ros2_ws/install/limo_msgs/lib/liblimo_msgs__rosidl_typesupport_fastrtps_cpp.so
[1.690s] -- Up-to-date: /home/agilex/limo_ros2_ws/install/limo_msgs/include/limo_msgs
[1.690s] -- Up-to-date: /home/agilex/limo_ros2_ws/install/limo_msgs/include/limo_msgs/msg
[1.691s] -- Up-to-date: /home/agilex/limo_ros2_ws/install/limo_msgs/include/limo_msgs/msg/rosidl_typesupport_introspection_c__visibility_control.h
[1.691s] -- Up-to-date: /home/agilex/limo_ros2_ws/install/limo_msgs/include/limo_msgs/msg/detail
[1.693s] -- Up-to-date: /home/agilex/limo_ros2_ws/install/limo_msgs/include/limo_msgs/msg/detail/limo_status__type_support.c
[1.693s] -- Up-to-date: /home/agilex/limo_ros2_ws/install/limo_msgs/include/limo_msgs/msg/detail/limo_status__rosidl_typesupport_introspection_c.h
[1.694s] -- Up-to-date: /home/agilex/limo_ros2_ws/install/limo_msgs/lib/liblimo_msgs__rosidl_typesupport_introspection_c.so
[1.695s] -- Up-to-date: /home/agilex/limo_ros2_ws/install/limo_msgs/lib/liblimo_msgs__rosidl_typesupport_c.so
[1.696s] -- Up-to-date: /home/agilex/limo_ros2_ws/install/limo_msgs/include/limo_msgs
[1.697s] -- Up-to-date: /home/agilex/limo_ros2_ws/install/limo_msgs/include/limo_msgs/msg
[1.697s] -- Up-to-date: /home/agilex/limo_ros2_ws/install/limo_msgs/include/limo_msgs/msg/rosidl_generator_cpp__visibility_control.hpp
[1.698s] -- Up-to-date: /home/agilex/limo_ros2_ws/install/limo_msgs/include/limo_msgs/msg/limo_status.hpp
[1.698s] -- Up-to-date: /home/agilex/limo_ros2_ws/install/limo_msgs/include/limo_msgs/msg/detail
[1.699s] -- Up-to-date: /home/agilex/limo_ros2_ws/install/limo_msgs/include/limo_msgs/msg/detail/limo_status__struct.hpp
[1.699s] -- Up-to-date: /home/agilex/limo_ros2_ws/install/limo_msgs/include/limo_msgs/msg/detail/limo_status__type_support.hpp
[1.700s] -- Up-to-date: /home/agilex/limo_ros2_ws/install/limo_msgs/include/limo_msgs/msg/detail/limo_status__builder.hpp
[1.700s] -- Up-to-date: /home/agilex/limo_ros2_ws/install/limo_msgs/include/limo_msgs/msg/detail/limo_status__traits.hpp
[1.708s] -- Up-to-date: /home/agilex/limo_ros2_ws/install/limo_msgs/include/limo_msgs
[1.709s] -- Up-to-date: /home/agilex/limo_ros2_ws/install/limo_msgs/include/limo_msgs/msg
[1.710s] -- Up-to-date: /home/agilex/limo_ros2_ws/install/limo_msgs/include/limo_msgs/msg/detail
[1.710s] -- Up-to-date: /home/agilex/limo_ros2_ws/install/limo_msgs/include/limo_msgs/msg/detail/limo_status__rosidl_typesupport_introspection_cpp.hpp
[1.710s] -- Up-to-date: /home/agilex/limo_ros2_ws/install/limo_msgs/include/limo_msgs/msg/detail/limo_status__type_support.cpp
[1.712s] -- Up-to-date: /home/agilex/limo_ros2_ws/install/limo_msgs/lib/liblimo_msgs__rosidl_typesupport_introspection_cpp.so
[1.712s] -- Up-to-date: /home/agilex/limo_ros2_ws/install/limo_msgs/lib/liblimo_msgs__rosidl_typesupport_cpp.so
[1.712s] -- Up-to-date: /home/agilex/limo_ros2_ws/install/limo_msgs/share/limo_msgs/environment/pythonpath.sh
[1.712s] -- Up-to-date: /home/agilex/limo_ros2_ws/install/limo_msgs/share/limo_msgs/environment/pythonpath.dsv
[1.712s] -- Up-to-date: /home/agilex/limo_ros2_ws/install/limo_msgs/lib/python3.8/site-packages/limo_msgs/__init__.py
[1.816s] -- Up-to-date: /home/agilex/limo_ros2_ws/install/limo_msgs/lib/python3.8/site-packages/limo_msgs/msg
[1.816s] -- Up-to-date: /home/agilex/limo_ros2_ws/install/limo_msgs/lib/python3.8/site-packages/limo_msgs/msg/__init__.py
[1.817s] -- Up-to-date: /home/agilex/limo_ros2_ws/install/limo_msgs/lib/python3.8/site-packages/limo_msgs/msg/_limo_status_s.c
[1.817s] -- Up-to-date: /home/agilex/limo_ros2_ws/install/limo_msgs/lib/python3.8/site-packages/limo_msgs/msg/_limo_status.py
[1.818s] -- Up-to-date: /home/agilex/limo_ros2_ws/install/limo_msgs/lib/python3.8/site-packages/limo_msgs/limo_msgs_s__rosidl_typesupport_fastrtps_c.cpython-38-aarch64-linux-gnu.so
[1.819s] -- Up-to-date: /home/agilex/limo_ros2_ws/install/limo_msgs/lib/python3.8/site-packages/limo_msgs/limo_msgs_s__rosidl_typesupport_introspection_c.cpython-38-aarch64-linux-gnu.so
[1.823s] -- Up-to-date: /home/agilex/limo_ros2_ws/install/limo_msgs/lib/python3.8/site-packages/limo_msgs/limo_msgs_s__rosidl_typesupport_c.cpython-38-aarch64-linux-gnu.so
[1.825s] -- Up-to-date: /home/agilex/limo_ros2_ws/install/limo_msgs/lib/liblimo_msgs__python.so
[1.825s] -- Up-to-date: /home/agilex/limo_ros2_ws/install/limo_msgs/share/limo_msgs/msg/LimoStatus.idl
[1.825s] -- Up-to-date: /home/agilex/limo_ros2_ws/install/limo_msgs/share/limo_msgs/msg/LimoStatus.msg
[1.826s] -- Up-to-date: /home/agilex/limo_ros2_ws/install/limo_msgs/share/ament_index/resource_index/package_run_dependencies/limo_msgs
[1.826s] -- Up-to-date: /home/agilex/limo_ros2_ws/install/limo_msgs/share/ament_index/resource_index/parent_prefix_path/limo_msgs
[1.827s] -- Up-to-date: /home/agilex/limo_ros2_ws/install/limo_msgs/share/limo_msgs/environment/ament_prefix_path.sh
[1.827s] -- Up-to-date: /home/agilex/limo_ros2_ws/install/limo_msgs/share/limo_msgs/environment/ament_prefix_path.dsv
[1.828s] -- Up-to-date: /home/agilex/limo_ros2_ws/install/limo_msgs/share/limo_msgs/environment/path.sh
[1.828s] -- Up-to-date: /home/agilex/limo_ros2_ws/install/limo_msgs/share/limo_msgs/environment/path.dsv
[1.829s] -- Up-to-date: /home/agilex/limo_ros2_ws/install/limo_msgs/share/limo_msgs/local_setup.bash
[1.830s] -- Up-to-date: /home/agilex/limo_ros2_ws/install/limo_msgs/share/limo_msgs/local_setup.sh
[1.831s] -- Up-to-date: /home/agilex/limo_ros2_ws/install/limo_msgs/share/limo_msgs/local_setup.zsh
[1.831s] -- Up-to-date: /home/agilex/limo_ros2_ws/install/limo_msgs/share/limo_msgs/local_setup.dsv
[1.832s] -- Installing: /home/agilex/limo_ros2_ws/install/limo_msgs/share/limo_msgs/package.dsv
[1.837s] -- Up-to-date: /home/agilex/limo_ros2_ws/install/limo_msgs/share/ament_index/resource_index/packages/limo_msgs
[1.840s] -- Up-to-date: /home/agilex/limo_ros2_ws/install/limo_msgs/share/limo_msgs/cmake/limo_msgs__rosidl_generator_cExport.cmake
[1.840s] -- Up-to-date: /home/agilex/limo_ros2_ws/install/limo_msgs/share/limo_msgs/cmake/limo_msgs__rosidl_generator_cExport-release.cmake
[1.841s] -- Up-to-date: /home/agilex/limo_ros2_ws/install/limo_msgs/share/limo_msgs/cmake/limo_msgs__rosidl_typesupport_introspection_cExport.cmake
[1.841s] -- Up-to-date: /home/agilex/limo_ros2_ws/install/limo_msgs/share/limo_msgs/cmake/limo_msgs__rosidl_typesupport_introspection_cExport-release.cmake
[1.842s] -- Up-to-date: /home/agilex/limo_ros2_ws/install/limo_msgs/share/limo_msgs/cmake/limo_msgs__rosidl_typesupport_cExport.cmake
[1.842s] -- Up-to-date: /home/agilex/limo_ros2_ws/install/limo_msgs/share/limo_msgs/cmake/limo_msgs__rosidl_typesupport_cExport-release.cmake
[1.843s] -- Up-to-date: /home/agilex/limo_ros2_ws/install/limo_msgs/share/limo_msgs/cmake/limo_msgs__rosidl_generator_cppExport.cmake
[1.844s] -- Up-to-date: /home/agilex/limo_ros2_ws/install/limo_msgs/share/limo_msgs/cmake/limo_msgs__rosidl_typesupport_introspection_cppExport.cmake
[1.845s] -- Up-to-date: /home/agilex/limo_ros2_ws/install/limo_msgs/share/limo_msgs/cmake/limo_msgs__rosidl_typesupport_introspection_cppExport-release.cmake
[1.846s] -- Up-to-date: /home/agilex/limo_ros2_ws/install/limo_msgs/share/limo_msgs/cmake/limo_msgs__rosidl_typesupport_cppExport.cmake
[1.847s] -- Up-to-date: /home/agilex/limo_ros2_ws/install/limo_msgs/share/limo_msgs/cmake/limo_msgs__rosidl_typesupport_cppExport-release.cmake
[1.847s] -- Up-to-date: /home/agilex/limo_ros2_ws/install/limo_msgs/share/limo_msgs/cmake/rosidl_cmake-extras.cmake
[1.848s] -- Up-to-date: /home/agilex/limo_ros2_ws/install/limo_msgs/share/limo_msgs/cmake/ament_cmake_export_dependencies-extras.cmake
[1.849s] -- Up-to-date: /home/agilex/limo_ros2_ws/install/limo_msgs/share/limo_msgs/cmake/ament_cmake_export_libraries-extras.cmake
[1.850s] -- Up-to-date: /home/agilex/limo_ros2_ws/install/limo_msgs/share/limo_msgs/cmake/ament_cmake_export_targets-extras.cmake
[1.850s] -- Up-to-date: /home/agilex/limo_ros2_ws/install/limo_msgs/share/limo_msgs/cmake/ament_cmake_export_include_directories-extras.cmake
[1.851s] -- Up-to-date: /home/agilex/limo_ros2_ws/install/limo_msgs/share/limo_msgs/cmake/rosidl_cmake_export_typesupport_libraries-extras.cmake
[1.851s] -- Up-to-date: /home/agilex/limo_ros2_ws/install/limo_msgs/share/limo_msgs/cmake/rosidl_cmake_export_typesupport_targets-extras.cmake
[1.851s] -- Up-to-date: /home/agilex/limo_ros2_ws/install/limo_msgs/share/limo_msgs/cmake/limo_msgsConfig.cmake
[1.852s] -- Up-to-date: /home/agilex/limo_ros2_ws/install/limo_msgs/share/limo_msgs/cmake/limo_msgsConfig-version.cmake
[1.853s] -- Up-to-date: /home/agilex/limo_ros2_ws/install/limo_msgs/share/limo_msgs/package.xml
[1.864s] Invoked command in '/home/agilex/limo_ros2_ws/build/limo_msgs' returned '0': CMAKE_PREFIX_PATH=${CMAKE_PREFIX_PATH}:/home/agilex/limo_ros2_ws/install/nav2_gazebo_spawner:/home/agilex/limo_ros2_ws/install/camera_calibration:/opt/ros/foxy /usr/bin/cmake --install /home/agilex/limo_ros2_ws/build/limo_msgs
