[0.144s] Invoking command in '/home/agilex/limo_ros2_ws/src/build/nav2_common': CMAKE_PREFIX_PATH=${CMAKE_PREFIX_PATH}:/home/agilex/limo_ros2_ws/install/nav2_gazebo_spawner:/opt/ros/foxy /usr/bin/cmake --build /home/agilex/limo_ros2_ws/src/build/nav2_common -- -j6 -l6
[0.303s] Invoked command in '/home/agilex/limo_ros2_ws/src/build/nav2_common' returned '0': CMAKE_PREFIX_PATH=${CMAKE_PREFIX_PATH}:/home/agilex/limo_ros2_ws/install/nav2_gazebo_spawner:/opt/ros/foxy /usr/bin/cmake --build /home/agilex/limo_ros2_ws/src/build/nav2_common -- -j6 -l6
[0.690s] Invoking command in '/home/agilex/limo_ros2_ws/src/build/nav2_common': CMAKE_PREFIX_PATH=${CMAKE_PREFIX_PATH}:/home/agilex/limo_ros2_ws/install/nav2_gazebo_spawner:/opt/ros/foxy /usr/bin/cmake --install /home/agilex/limo_ros2_ws/src/build/nav2_common
[1.508s] -- Install configuration: "Release"
[1.508s] -- Up-to-date: /home/agilex/limo_ros2_ws/src/install/nav2_common/share/nav2_common/environment/pythonpath.sh
[1.508s] -- Up-to-date: /home/agilex/limo_ros2_ws/src/install/nav2_common/share/nav2_common/environment/pythonpath.dsv
[1.508s] -- Up-to-date: /home/agilex/limo_ros2_ws/src/install/nav2_common/lib/python3.8/site-packages/nav2_common
[1.509s] -- Up-to-date: /home/agilex/limo_ros2_ws/src/install/nav2_common/lib/python3.8/site-packages/nav2_common/__init__.py
[1.509s] -- Up-to-date: /home/agilex/limo_ros2_ws/src/install/nav2_common/lib/python3.8/site-packages/nav2_common/launch
[1.509s] -- Up-to-date: /home/agilex/limo_ros2_ws/src/install/nav2_common/lib/python3.8/site-packages/nav2_common/launch/replace_string.py
[1.509s] -- Up-to-date: /home/agilex/limo_ros2_ws/src/install/nav2_common/lib/python3.8/site-packages/nav2_common/launch/__init__.py
[1.509s] -- Up-to-date: /home/agilex/limo_ros2_ws/src/install/nav2_common/lib/python3.8/site-packages/nav2_common/launch/rewritten_yaml.py
[1.509s] -- Up-to-date: /home/agilex/limo_ros2_ws/src/install/nav2_common/lib/python3.8/site-packages/nav2_common/launch/has_node_params.py
[1.509s] Listing '/home/agilex/limo_ros2_ws/src/install/nav2_common/lib/python3.8/site-packages/nav2_common'...
[1.509s] Listing '/home/agilex/limo_ros2_ws/src/install/nav2_common/lib/python3.8/site-packages/nav2_common/launch'...
[1.510s] -- Up-to-date: /home/agilex/limo_ros2_ws/src/install/nav2_common/share/ament_index/resource_index/package_run_dependencies/nav2_common
[1.510s] -- Up-to-date: /home/agilex/limo_ros2_ws/src/install/nav2_common/share/ament_index/resource_index/parent_prefix_path/nav2_common
[1.510s] -- Up-to-date: /home/agilex/limo_ros2_ws/src/install/nav2_common/share/nav2_common/environment/ament_prefix_path.sh
[1.510s] -- Up-to-date: /home/agilex/limo_ros2_ws/src/install/nav2_common/share/nav2_common/environment/ament_prefix_path.dsv
[1.510s] -- Up-to-date: /home/agilex/limo_ros2_ws/src/install/nav2_common/share/nav2_common/environment/path.sh
[1.510s] -- Up-to-date: /home/agilex/limo_ros2_ws/src/install/nav2_common/share/nav2_common/environment/path.dsv
[1.510s] -- Up-to-date: /home/agilex/limo_ros2_ws/src/install/nav2_common/share/nav2_common/local_setup.bash
[1.510s] -- Up-to-date: /home/agilex/limo_ros2_ws/src/install/nav2_common/share/nav2_common/local_setup.sh
[1.511s] -- Up-to-date: /home/agilex/limo_ros2_ws/src/install/nav2_common/share/nav2_common/local_setup.zsh
[1.511s] -- Up-to-date: /home/agilex/limo_ros2_ws/src/install/nav2_common/share/nav2_common/local_setup.dsv
[1.520s] -- Installing: /home/agilex/limo_ros2_ws/src/install/nav2_common/share/nav2_common/package.dsv
[1.520s] -- Up-to-date: /home/agilex/limo_ros2_ws/src/install/nav2_common/share/ament_index/resource_index/packages/nav2_common
[1.520s] -- Up-to-date: /home/agilex/limo_ros2_ws/src/install/nav2_common/share/nav2_common/cmake/nav2_common-extras.cmake
[1.520s] -- Up-to-date: /home/agilex/limo_ros2_ws/src/install/nav2_common/share/nav2_common/cmake/nav2_commonConfig.cmake
[1.521s] -- Up-to-date: /home/agilex/limo_ros2_ws/src/install/nav2_common/share/nav2_common/cmake/nav2_commonConfig-version.cmake
[1.521s] -- Up-to-date: /home/agilex/limo_ros2_ws/src/install/nav2_common/share/nav2_common/package.xml
[1.521s] -- Up-to-date: /home/agilex/limo_ros2_ws/src/install/nav2_common/share/nav2_common/cmake
[1.521s] -- Up-to-date: /home/agilex/limo_ros2_ws/src/install/nav2_common/share/nav2_common/cmake/nav2_package.cmake
[1.522s] Invoked command in '/home/agilex/limo_ros2_ws/src/build/nav2_common' returned '0': CMAKE_PREFIX_PATH=${CMAKE_PREFIX_PATH}:/home/agilex/limo_ros2_ws/install/nav2_gazebo_spawner:/opt/ros/foxy /usr/bin/cmake --install /home/agilex/limo_ros2_ws/src/build/nav2_common
