[0.101s] Invoking command in '/home/agilex/limo_ros2_ws/build/costmap_converter_msgs': CMAKE_PREFIX_PATH=${CMAKE_PREFIX_PATH}:/home/agilex/limo_ros2_ws/install/ultraarm:/home/agilex/limo_ros2_ws/install/nav2_gazebo_spawner:/home/agilex/limo_ros2_ws/install/mypalletizer_260_pi:/home/agilex/limo_ros2_ws/install/mypalletizer_260:/home/agilex/limo_ros2_ws/install/mypalletizer_communication:/home/agilex/limo_ros2_ws/install/mycobot_630:/home/agilex/limo_ros2_ws/install/mycobot_600:/home/agilex/limo_ros2_ws/install/mycobot_320pi:/home/agilex/limo_ros2_ws/install/mycobot_320:/home/agilex/limo_ros2_ws/install/mycobot_280pi:/home/agilex/limo_ros2_ws/install/mycobot_280jn:/home/agilex/limo_ros2_ws/install/mycobot_280_x3pi:/home/agilex/limo_ros2_ws/install/mycobot_280:/home/agilex/limo_ros2_ws/install/myarm_300:/home/agilex/limo_ros2_ws/install/mycobot_communication:/home/agilex/limo_ros2_ws/install/mecharm_pi:/home/agilex/limo_ros2_ws/install/mecharm:/home/agilex/limo_ros2_ws/install/mecharm_communication:/home/agilex/limo_ros2_ws/install/mybuddy:/home/agilex/limo_ros2_ws/install/mycobot_description:/opt/ros/foxy /usr/bin/cmake /home/agilex/limo_ros2_ws/src/costmap_converter/costmap_converter_msgs -DCMAKE_INSTALL_PREFIX=/home/agilex/limo_ros2_ws/install/costmap_converter_msgs
[0.339s] -- The C compiler identification is GNU 9.4.0
[0.506s] -- The CXX compiler identification is GNU 9.4.0
[0.531s] -- Check for working C compiler: /usr/bin/cc
[0.710s] -- Check for working C compiler: /usr/bin/cc -- works
[0.711s] -- Detecting C compiler ABI info
[0.906s] -- Detecting C compiler ABI info - done
[0.935s] -- Detecting C compile features
[0.935s] -- Detecting C compile features - done
[0.940s] -- Check for working CXX compiler: /usr/bin/c++
[1.154s] -- Check for working CXX compiler: /usr/bin/c++ -- works
[1.156s] -- Detecting CXX compiler ABI info
[1.347s] -- Detecting CXX compiler ABI info - done
[1.372s] -- Detecting CXX compile features
[1.372s] -- Detecting CXX compile features - done
[1.379s] -- Found ament_cmake: 0.9.12 (/opt/ros/foxy/share/ament_cmake/cmake)
[1.454s] -- Found PythonInterp: /usr/bin/python3 (found suitable version "3.8.10", minimum required is "3") 
[1.454s] -- Using PYTHON_EXECUTABLE: /usr/bin/python3
[2.003s] -- Found builtin_interfaces: 1.0.0 (/opt/ros/foxy/share/builtin_interfaces/cmake)
[2.081s] -- Using all available rosidl_typesupport_c: rosidl_typesupport_fastrtps_c;rosidl_typesupport_introspection_c
[2.099s] -- Found rosidl_adapter: 1.3.1 (/opt/ros/foxy/share/rosidl_adapter/cmake)
[2.381s] -- Found OpenSSL: /usr/lib/aarch64-linux-gnu/libcrypto.so (found version "1.1.1f")  
[2.466s] -- Found FastRTPS: /opt/ros/foxy/include  
[2.688s] -- Using all available rosidl_typesupport_cpp: rosidl_typesupport_fastrtps_cpp;rosidl_typesupport_introspection_cpp
[2.754s] -- Found geometry_msgs: 2.0.5 (/opt/ros/foxy/share/geometry_msgs/cmake)
[2.879s] -- Found rosidl_default_generators: 1.0.1 (/opt/ros/foxy/share/rosidl_default_generators/cmake)
[2.991s] -- Found PythonInterp: /usr/bin/python3 (found version "3.8.10") 
[3.471s] -- Found ament_cmake_ros: 0.9.2 (/opt/ros/foxy/share/ament_cmake_ros/cmake)
[4.088s] -- Using all available rosidl_typesupport_c: rosidl_typesupport_fastrtps_c;rosidl_typesupport_introspection_c
[4.339s] -- Using all available rosidl_typesupport_cpp: rosidl_typesupport_fastrtps_cpp;rosidl_typesupport_introspection_cpp
[4.423s] -- Found PythonInterp: /usr/bin/python3 (found suitable version "3.8.10", minimum required is "3.5") 
[4.428s] -- Found python_cmake_module: 0.8.1 (/opt/ros/foxy/share/python_cmake_module/cmake)
[4.513s] -- Found PythonLibs: /usr/lib/aarch64-linux-gnu/libpython3.8.so (found suitable version "3.8.10", minimum required is "3.5") 
[4.513s] -- Using PYTHON_EXECUTABLE: /usr/bin/python3
[4.513s] -- Using PYTHON_INCLUDE_DIRS: /usr/include/python3.8
[4.513s] -- Using PYTHON_LIBRARIES: /usr/lib/aarch64-linux-gnu/libpython3.8.so
[4.586s] -- Found PythonExtra: .so  
[4.903s] -- Configuring done
[5.048s] -- Generating done
[5.054s] -- Build files have been written to: /home/agilex/limo_ros2_ws/build/costmap_converter_msgs
[5.079s] Invoked command in '/home/agilex/limo_ros2_ws/build/costmap_converter_msgs' returned '0': CMAKE_PREFIX_PATH=${CMAKE_PREFIX_PATH}:/home/agilex/limo_ros2_ws/install/ultraarm:/home/agilex/limo_ros2_ws/install/nav2_gazebo_spawner:/home/agilex/limo_ros2_ws/install/mypalletizer_260_pi:/home/agilex/limo_ros2_ws/install/mypalletizer_260:/home/agilex/limo_ros2_ws/install/mypalletizer_communication:/home/agilex/limo_ros2_ws/install/mycobot_630:/home/agilex/limo_ros2_ws/install/mycobot_600:/home/agilex/limo_ros2_ws/install/mycobot_320pi:/home/agilex/limo_ros2_ws/install/mycobot_320:/home/agilex/limo_ros2_ws/install/mycobot_280pi:/home/agilex/limo_ros2_ws/install/mycobot_280jn:/home/agilex/limo_ros2_ws/install/mycobot_280_x3pi:/home/agilex/limo_ros2_ws/install/mycobot_280:/home/agilex/limo_ros2_ws/install/myarm_300:/home/agilex/limo_ros2_ws/install/mycobot_communication:/home/agilex/limo_ros2_ws/install/mecharm_pi:/home/agilex/limo_ros2_ws/install/mecharm:/home/agilex/limo_ros2_ws/install/mecharm_communication:/home/agilex/limo_ros2_ws/install/mybuddy:/home/agilex/limo_ros2_ws/install/mycobot_description:/opt/ros/foxy /usr/bin/cmake /home/agilex/limo_ros2_ws/src/costmap_converter/costmap_converter_msgs -DCMAKE_INSTALL_PREFIX=/home/agilex/limo_ros2_ws/install/costmap_converter_msgs
[5.081s] Invoking command in '/home/agilex/limo_ros2_ws/build/costmap_converter_msgs': CMAKE_PREFIX_PATH=${CMAKE_PREFIX_PATH}:/home/agilex/limo_ros2_ws/install/ultraarm:/home/agilex/limo_ros2_ws/install/nav2_gazebo_spawner:/home/agilex/limo_ros2_ws/install/mypalletizer_260_pi:/home/agilex/limo_ros2_ws/install/mypalletizer_260:/home/agilex/limo_ros2_ws/install/mypalletizer_communication:/home/agilex/limo_ros2_ws/install/mycobot_630:/home/agilex/limo_ros2_ws/install/mycobot_600:/home/agilex/limo_ros2_ws/install/mycobot_320pi:/home/agilex/limo_ros2_ws/install/mycobot_320:/home/agilex/limo_ros2_ws/install/mycobot_280pi:/home/agilex/limo_ros2_ws/install/mycobot_280jn:/home/agilex/limo_ros2_ws/install/mycobot_280_x3pi:/home/agilex/limo_ros2_ws/install/mycobot_280:/home/agilex/limo_ros2_ws/install/myarm_300:/home/agilex/limo_ros2_ws/install/mycobot_communication:/home/agilex/limo_ros2_ws/install/mecharm_pi:/home/agilex/limo_ros2_ws/install/mecharm:/home/agilex/limo_ros2_ws/install/mecharm_communication:/home/agilex/limo_ros2_ws/install/mybuddy:/home/agilex/limo_ros2_ws/install/mycobot_description:/opt/ros/foxy /usr/bin/cmake --build /home/agilex/limo_ros2_ws/build/costmap_converter_msgs -- -j6 -l6
[5.255s] [  2%] [34m[1mGenerating C code for ROS interfaces[0m
[5.273s] [35m[1mScanning dependencies of target costmap_converter_msgs__cpp[0m
[5.341s] [  5%] [34m[1mGenerating C++ code for ROS interfaces[0m
[7.122s] [35m[1mScanning dependencies of target costmap_converter_msgs__rosidl_generator_c[0m
[7.256s] [  7%] [32mBuilding C object CMakeFiles/costmap_converter_msgs__rosidl_generator_c.dir/rosidl_generator_c/costmap_converter_msgs/msg/detail/obstacle_array_msg__functions.c.o[0m
[7.299s] [ 10%] [32mBuilding C object CMakeFiles/costmap_converter_msgs__rosidl_generator_c.dir/rosidl_generator_c/costmap_converter_msgs/msg/detail/obstacle_msg__functions.c.o[0m
[7.521s] [ 10%] Built target costmap_converter_msgs__cpp
[7.595s] [ 12%] [34m[1mGenerating C++ introspection for ROS interfaces[0m
[7.621s] [ 15%] [34m[1mGenerating C++ type support dispatch for ROS interfaces[0m
[7.703s] [ 17%] [34m[1mGenerating C++ type support for eProsima Fast-RTPS[0m
[7.824s] [ 20%] [32m[1mLinking C shared library libcostmap_converter_msgs__rosidl_generator_c.so[0m
[8.043s] [ 20%] Built target costmap_converter_msgs__rosidl_generator_c
[8.133s] [ 23%] [34m[1mGenerating C introspection for ROS interfaces[0m
[8.155s] [ 25%] [34m[1mGenerating C type support dispatch for ROS interfaces[0m
[9.017s] [35m[1mScanning dependencies of target costmap_converter_msgs__rosidl_typesupport_fastrtps_cpp[0m
[9.092s] [ 28%] [32mBuilding CXX object CMakeFiles/costmap_converter_msgs__rosidl_typesupport_fastrtps_cpp.dir/rosidl_typesupport_fastrtps_cpp/costmap_converter_msgs/msg/detail/dds_fastrtps/obstacle_array_msg__type_support.cpp.o[0m
[9.103s] [ 30%] [32mBuilding CXX object CMakeFiles/costmap_converter_msgs__rosidl_typesupport_fastrtps_cpp.dir/rosidl_typesupport_fastrtps_cpp/costmap_converter_msgs/msg/detail/dds_fastrtps/obstacle_msg__type_support.cpp.o[0m
[9.193s] [35m[1mScanning dependencies of target costmap_converter_msgs__rosidl_typesupport_cpp[0m
[9.287s] [ 33%] [32mBuilding CXX object CMakeFiles/costmap_converter_msgs__rosidl_typesupport_cpp.dir/rosidl_typesupport_cpp/costmap_converter_msgs/msg/obstacle_msg__type_support.cpp.o[0m
[9.671s] [35m[1mScanning dependencies of target costmap_converter_msgs__rosidl_typesupport_introspection_c[0m
[9.783s] [ 35%] [32mBuilding C object CMakeFiles/costmap_converter_msgs__rosidl_typesupport_introspection_c.dir/rosidl_typesupport_introspection_c/costmap_converter_msgs/msg/detail/obstacle_msg__type_support.c.o[0m
[9.994s] [ 38%] [32mBuilding C object CMakeFiles/costmap_converter_msgs__rosidl_typesupport_introspection_c.dir/rosidl_typesupport_introspection_c/costmap_converter_msgs/msg/detail/obstacle_array_msg__type_support.c.o[0m
[10.241s] [ 41%] [32m[1mLinking C shared library libcostmap_converter_msgs__rosidl_typesupport_introspection_c.so[0m
[10.590s] [35m[1mScanning dependencies of target costmap_converter_msgs__rosidl_typesupport_c[0m
[10.617s] [ 41%] Built target costmap_converter_msgs__rosidl_typesupport_introspection_c
[10.661s] [ 43%] [32mBuilding CXX object CMakeFiles/costmap_converter_msgs__rosidl_typesupport_c.dir/rosidl_typesupport_c/costmap_converter_msgs/msg/obstacle_msg__type_support.cpp.o[0m
[10.669s] [ 46%] [32mBuilding CXX object CMakeFiles/costmap_converter_msgs__rosidl_typesupport_cpp.dir/rosidl_typesupport_cpp/costmap_converter_msgs/msg/obstacle_array_msg__type_support.cpp.o[0m
[10.886s] [ 48%] [32mBuilding CXX object CMakeFiles/costmap_converter_msgs__rosidl_typesupport_c.dir/rosidl_typesupport_c/costmap_converter_msgs/msg/obstacle_array_msg__type_support.cpp.o[0m
[11.015s] [ 51%] [32m[1mLinking CXX shared library libcostmap_converter_msgs__rosidl_typesupport_c.so[0m
[11.294s] [ 51%] Built target costmap_converter_msgs__rosidl_typesupport_c
[11.617s] [35m[1mScanning dependencies of target costmap_converter_msgs__rosidl_typesupport_introspection_cpp[0m
[11.745s] [ 53%] [32mBuilding CXX object CMakeFiles/costmap_converter_msgs__rosidl_typesupport_introspection_cpp.dir/rosidl_typesupport_introspection_cpp/costmap_converter_msgs/msg/detail/obstacle_msg__type_support.cpp.o[0m
[11.784s] [ 56%] [32mBuilding CXX object CMakeFiles/costmap_converter_msgs__rosidl_typesupport_introspection_cpp.dir/rosidl_typesupport_introspection_cpp/costmap_converter_msgs/msg/detail/obstacle_array_msg__type_support.cpp.o[0m
[12.315s] [ 58%] [32m[1mLinking CXX shared library libcostmap_converter_msgs__rosidl_typesupport_fastrtps_cpp.so[0m
[12.965s] [ 58%] Built target costmap_converter_msgs__rosidl_typesupport_fastrtps_cpp
[13.103s] [ 61%] [34m[1mGenerating C type support for eProsima Fast-RTPS[0m
[14.491s] [ 64%] [32m[1mLinking CXX shared library libcostmap_converter_msgs__rosidl_typesupport_cpp.so[0m
[14.805s] [35m[1mScanning dependencies of target costmap_converter_msgs__rosidl_typesupport_fastrtps_c[0m
[14.874s] [ 66%] [32m[1mLinking CXX shared library libcostmap_converter_msgs__rosidl_typesupport_introspection_cpp.so[0m
[14.937s] [ 69%] [32mBuilding CXX object CMakeFiles/costmap_converter_msgs__rosidl_typesupport_fastrtps_c.dir/rosidl_typesupport_fastrtps_c/costmap_converter_msgs/msg/detail/obstacle_array_msg__type_support_c.cpp.o[0m
[14.943s] [ 71%] [32mBuilding CXX object CMakeFiles/costmap_converter_msgs__rosidl_typesupport_fastrtps_c.dir/rosidl_typesupport_fastrtps_c/costmap_converter_msgs/msg/detail/obstacle_msg__type_support_c.cpp.o[0m
[14.973s] [ 71%] Built target costmap_converter_msgs__rosidl_typesupport_cpp
[15.226s] [ 71%] Built target costmap_converter_msgs__rosidl_typesupport_introspection_cpp
[19.077s] [ 74%] [32m[1mLinking CXX shared library libcostmap_converter_msgs__rosidl_typesupport_fastrtps_c.so[0m
[19.808s] [ 74%] Built target costmap_converter_msgs__rosidl_typesupport_fastrtps_c
[19.839s] [35m[1mScanning dependencies of target costmap_converter_msgs[0m
[19.903s] [ 74%] Built target costmap_converter_msgs
[19.973s] [35m[1mScanning dependencies of target costmap_converter_msgs__py[0m
[20.034s] [ 76%] [34m[1mGenerating Python code for ROS interfaces[0m
[25.167s] [ 76%] Built target costmap_converter_msgs__py
[25.283s] [35m[1mScanning dependencies of target costmap_converter_msgs__python[0m
[25.399s] [ 79%] [32mBuilding C object CMakeFiles/costmap_converter_msgs__python.dir/rosidl_generator_py/costmap_converter_msgs/msg/_obstacle_msg_s.c.o[0m
[25.414s] [ 82%] [32mBuilding C object CMakeFiles/costmap_converter_msgs__python.dir/rosidl_generator_py/costmap_converter_msgs/msg/_obstacle_array_msg_s.c.o[0m
[26.066s] [ 84%] [32m[1mLinking C shared library rosidl_generator_py/costmap_converter_msgs/libcostmap_converter_msgs__python.so[0m
[26.260s] [ 84%] Built target costmap_converter_msgs__python
[26.327s] [35m[1mScanning dependencies of target costmap_converter_msgs__rosidl_typesupport_introspection_c__pyext[0m
[26.334s] [35m[1mScanning dependencies of target costmap_converter_msgs__rosidl_typesupport_c__pyext[0m
[26.360s] [35m[1mScanning dependencies of target costmap_converter_msgs__rosidl_typesupport_fastrtps_c__pyext[0m
[26.442s] [ 87%] [32mBuilding C object CMakeFiles/costmap_converter_msgs__rosidl_typesupport_introspection_c__pyext.dir/rosidl_generator_py/costmap_converter_msgs/_costmap_converter_msgs_s.ep.rosidl_typesupport_introspection_c.c.o[0m
[26.472s] [ 89%] [32mBuilding C object CMakeFiles/costmap_converter_msgs__rosidl_typesupport_fastrtps_c__pyext.dir/rosidl_generator_py/costmap_converter_msgs/_costmap_converter_msgs_s.ep.rosidl_typesupport_fastrtps_c.c.o[0m
[26.480s] [ 92%] [32mBuilding C object CMakeFiles/costmap_converter_msgs__rosidl_typesupport_c__pyext.dir/rosidl_generator_py/costmap_converter_msgs/_costmap_converter_msgs_s.ep.rosidl_typesupport_c.c.o[0m
[26.859s] [ 94%] [32m[1mLinking C shared library rosidl_generator_py/costmap_converter_msgs/costmap_converter_msgs_s__rosidl_typesupport_introspection_c.cpython-38-aarch64-linux-gnu.so[0m
[26.895s] [ 97%] [32m[1mLinking CXX shared library rosidl_generator_py/costmap_converter_msgs/costmap_converter_msgs_s__rosidl_typesupport_fastrtps_c.cpython-38-aarch64-linux-gnu.so[0m
[26.917s] [100%] [32m[1mLinking C shared library rosidl_generator_py/costmap_converter_msgs/costmap_converter_msgs_s__rosidl_typesupport_c.cpython-38-aarch64-linux-gnu.so[0m
[27.035s] [100%] Built target costmap_converter_msgs__rosidl_typesupport_introspection_c__pyext
[27.066s] [100%] Built target costmap_converter_msgs__rosidl_typesupport_c__pyext
[27.146s] [100%] Built target costmap_converter_msgs__rosidl_typesupport_fastrtps_c__pyext
[27.197s] Invoked command in '/home/agilex/limo_ros2_ws/build/costmap_converter_msgs' returned '0': CMAKE_PREFIX_PATH=${CMAKE_PREFIX_PATH}:/home/agilex/limo_ros2_ws/install/ultraarm:/home/agilex/limo_ros2_ws/install/nav2_gazebo_spawner:/home/agilex/limo_ros2_ws/install/mypalletizer_260_pi:/home/agilex/limo_ros2_ws/install/mypalletizer_260:/home/agilex/limo_ros2_ws/install/mypalletizer_communication:/home/agilex/limo_ros2_ws/install/mycobot_630:/home/agilex/limo_ros2_ws/install/mycobot_600:/home/agilex/limo_ros2_ws/install/mycobot_320pi:/home/agilex/limo_ros2_ws/install/mycobot_320:/home/agilex/limo_ros2_ws/install/mycobot_280pi:/home/agilex/limo_ros2_ws/install/mycobot_280jn:/home/agilex/limo_ros2_ws/install/mycobot_280_x3pi:/home/agilex/limo_ros2_ws/install/mycobot_280:/home/agilex/limo_ros2_ws/install/myarm_300:/home/agilex/limo_ros2_ws/install/mycobot_communication:/home/agilex/limo_ros2_ws/install/mecharm_pi:/home/agilex/limo_ros2_ws/install/mecharm:/home/agilex/limo_ros2_ws/install/mecharm_communication:/home/agilex/limo_ros2_ws/install/mybuddy:/home/agilex/limo_ros2_ws/install/mycobot_description:/opt/ros/foxy /usr/bin/cmake --build /home/agilex/limo_ros2_ws/build/costmap_converter_msgs -- -j6 -l6
[27.914s] Invoking command in '/home/agilex/limo_ros2_ws/build/costmap_converter_msgs': CMAKE_PREFIX_PATH=${CMAKE_PREFIX_PATH}:/home/agilex/limo_ros2_ws/install/ultraarm:/home/agilex/limo_ros2_ws/install/nav2_gazebo_spawner:/home/agilex/limo_ros2_ws/install/mypalletizer_260_pi:/home/agilex/limo_ros2_ws/install/mypalletizer_260:/home/agilex/limo_ros2_ws/install/mypalletizer_communication:/home/agilex/limo_ros2_ws/install/mycobot_630:/home/agilex/limo_ros2_ws/install/mycobot_600:/home/agilex/limo_ros2_ws/install/mycobot_320pi:/home/agilex/limo_ros2_ws/install/mycobot_320:/home/agilex/limo_ros2_ws/install/mycobot_280pi:/home/agilex/limo_ros2_ws/install/mycobot_280jn:/home/agilex/limo_ros2_ws/install/mycobot_280_x3pi:/home/agilex/limo_ros2_ws/install/mycobot_280:/home/agilex/limo_ros2_ws/install/myarm_300:/home/agilex/limo_ros2_ws/install/mycobot_communication:/home/agilex/limo_ros2_ws/install/mecharm_pi:/home/agilex/limo_ros2_ws/install/mecharm:/home/agilex/limo_ros2_ws/install/mecharm_communication:/home/agilex/limo_ros2_ws/install/mybuddy:/home/agilex/limo_ros2_ws/install/mycobot_description:/opt/ros/foxy /usr/bin/cmake --install /home/agilex/limo_ros2_ws/build/costmap_converter_msgs
[31.618s] -- Install configuration: ""
[31.618s] -- Installing: /home/agilex/limo_ros2_ws/install/costmap_converter_msgs/share/ament_index/resource_index/rosidl_interfaces/costmap_converter_msgs
[31.618s] -- Installing: /home/agilex/limo_ros2_ws/install/costmap_converter_msgs/include/costmap_converter_msgs
[31.618s] -- Installing: /home/agilex/limo_ros2_ws/install/costmap_converter_msgs/include/costmap_converter_msgs/msg
[31.618s] -- Installing: /home/agilex/limo_ros2_ws/install/costmap_converter_msgs/include/costmap_converter_msgs/msg/rosidl_generator_c__visibility_control.h
[31.618s] -- Installing: /home/agilex/limo_ros2_ws/install/costmap_converter_msgs/include/costmap_converter_msgs/msg/obstacle_array_msg.h
[31.618s] -- Installing: /home/agilex/limo_ros2_ws/install/costmap_converter_msgs/include/costmap_converter_msgs/msg/obstacle_msg.h
[31.619s] -- Installing: /home/agilex/limo_ros2_ws/install/costmap_converter_msgs/include/costmap_converter_msgs/msg/detail
[31.619s] -- Installing: /home/agilex/limo_ros2_ws/install/costmap_converter_msgs/include/costmap_converter_msgs/msg/detail/obstacle_array_msg__functions.c
[31.619s] -- Installing: /home/agilex/limo_ros2_ws/install/costmap_converter_msgs/include/costmap_converter_msgs/msg/detail/obstacle_msg__type_support.h
[31.619s] -- Installing: /home/agilex/limo_ros2_ws/install/costmap_converter_msgs/include/costmap_converter_msgs/msg/detail/obstacle_msg__functions.c
[31.619s] -- Installing: /home/agilex/limo_ros2_ws/install/costmap_converter_msgs/include/costmap_converter_msgs/msg/detail/obstacle_array_msg__struct.h
[31.619s] -- Installing: /home/agilex/limo_ros2_ws/install/costmap_converter_msgs/include/costmap_converter_msgs/msg/detail/obstacle_msg__functions.h
[31.619s] -- Installing: /home/agilex/limo_ros2_ws/install/costmap_converter_msgs/include/costmap_converter_msgs/msg/detail/obstacle_msg__struct.h
[31.620s] -- Installing: /home/agilex/limo_ros2_ws/install/costmap_converter_msgs/include/costmap_converter_msgs/msg/detail/obstacle_array_msg__type_support.h
[31.620s] -- Installing: /home/agilex/limo_ros2_ws/install/costmap_converter_msgs/include/costmap_converter_msgs/msg/detail/obstacle_array_msg__functions.h
[31.620s] -- Installing: /home/agilex/limo_ros2_ws/install/costmap_converter_msgs/share/costmap_converter_msgs/environment/library_path.sh
[31.620s] -- Installing: /home/agilex/limo_ros2_ws/install/costmap_converter_msgs/share/costmap_converter_msgs/environment/library_path.dsv
[31.620s] -- Installing: /home/agilex/limo_ros2_ws/install/costmap_converter_msgs/lib/libcostmap_converter_msgs__rosidl_generator_c.so
[31.620s] -- Set runtime path of "/home/agilex/limo_ros2_ws/install/costmap_converter_msgs/lib/libcostmap_converter_msgs__rosidl_generator_c.so" to ""
[31.620s] -- Up-to-date: /home/agilex/limo_ros2_ws/install/costmap_converter_msgs/include/costmap_converter_msgs
[31.620s] -- Up-to-date: /home/agilex/limo_ros2_ws/install/costmap_converter_msgs/include/costmap_converter_msgs/msg
[31.621s] -- Installing: /home/agilex/limo_ros2_ws/install/costmap_converter_msgs/include/costmap_converter_msgs/msg/rosidl_typesupport_fastrtps_c__visibility_control.h
[31.621s] -- Up-to-date: /home/agilex/limo_ros2_ws/install/costmap_converter_msgs/include/costmap_converter_msgs/msg/detail
[31.621s] -- Installing: /home/agilex/limo_ros2_ws/install/costmap_converter_msgs/include/costmap_converter_msgs/msg/detail/obstacle_array_msg__rosidl_typesupport_fastrtps_c.h
[31.621s] -- Installing: /home/agilex/limo_ros2_ws/install/costmap_converter_msgs/include/costmap_converter_msgs/msg/detail/obstacle_msg__rosidl_typesupport_fastrtps_c.h
[31.621s] -- Installing: /home/agilex/limo_ros2_ws/install/costmap_converter_msgs/lib/libcostmap_converter_msgs__rosidl_typesupport_fastrtps_c.so
[31.621s] -- Set runtime path of "/home/agilex/limo_ros2_ws/install/costmap_converter_msgs/lib/libcostmap_converter_msgs__rosidl_typesupport_fastrtps_c.so" to ""
[31.621s] -- Up-to-date: /home/agilex/limo_ros2_ws/install/costmap_converter_msgs/include/costmap_converter_msgs
[31.621s] -- Up-to-date: /home/agilex/limo_ros2_ws/install/costmap_converter_msgs/include/costmap_converter_msgs/msg
[31.622s] -- Installing: /home/agilex/limo_ros2_ws/install/costmap_converter_msgs/include/costmap_converter_msgs/msg/rosidl_typesupport_fastrtps_cpp__visibility_control.h
[31.630s] -- Up-to-date: /home/agilex/limo_ros2_ws/install/costmap_converter_msgs/include/costmap_converter_msgs/msg/detail
[31.630s] -- Installing: /home/agilex/limo_ros2_ws/install/costmap_converter_msgs/include/costmap_converter_msgs/msg/detail/obstacle_array_msg__rosidl_typesupport_fastrtps_cpp.hpp
[31.630s] -- Installing: /home/agilex/limo_ros2_ws/install/costmap_converter_msgs/include/costmap_converter_msgs/msg/detail/dds_fastrtps
[31.631s] -- Installing: /home/agilex/limo_ros2_ws/install/costmap_converter_msgs/include/costmap_converter_msgs/msg/detail/obstacle_msg__rosidl_typesupport_fastrtps_cpp.hpp
[31.631s] -- Installing: /home/agilex/limo_ros2_ws/install/costmap_converter_msgs/lib/libcostmap_converter_msgs__rosidl_typesupport_fastrtps_cpp.so
[31.631s] -- Set runtime path of "/home/agilex/limo_ros2_ws/install/costmap_converter_msgs/lib/libcostmap_converter_msgs__rosidl_typesupport_fastrtps_cpp.so" to ""
[31.631s] -- Up-to-date: /home/agilex/limo_ros2_ws/install/costmap_converter_msgs/include/costmap_converter_msgs
[31.631s] -- Up-to-date: /home/agilex/limo_ros2_ws/install/costmap_converter_msgs/include/costmap_converter_msgs/msg
[31.631s] -- Installing: /home/agilex/limo_ros2_ws/install/costmap_converter_msgs/include/costmap_converter_msgs/msg/rosidl_typesupport_introspection_c__visibility_control.h
[31.635s] -- Up-to-date: /home/agilex/limo_ros2_ws/install/costmap_converter_msgs/include/costmap_converter_msgs/msg/detail
[31.635s] -- Installing: /home/agilex/limo_ros2_ws/install/costmap_converter_msgs/include/costmap_converter_msgs/msg/detail/obstacle_msg__type_support.c
[31.636s] -- Installing: /home/agilex/limo_ros2_ws/install/costmap_converter_msgs/include/costmap_converter_msgs/msg/detail/obstacle_msg__rosidl_typesupport_introspection_c.h
[31.636s] -- Installing: /home/agilex/limo_ros2_ws/install/costmap_converter_msgs/include/costmap_converter_msgs/msg/detail/obstacle_array_msg__type_support.c
[31.636s] -- Installing: /home/agilex/limo_ros2_ws/install/costmap_converter_msgs/include/costmap_converter_msgs/msg/detail/obstacle_array_msg__rosidl_typesupport_introspection_c.h
[31.636s] -- Installing: /home/agilex/limo_ros2_ws/install/costmap_converter_msgs/lib/libcostmap_converter_msgs__rosidl_typesupport_introspection_c.so
[31.636s] -- Set runtime path of "/home/agilex/limo_ros2_ws/install/costmap_converter_msgs/lib/libcostmap_converter_msgs__rosidl_typesupport_introspection_c.so" to ""
[31.636s] -- Installing: /home/agilex/limo_ros2_ws/install/costmap_converter_msgs/lib/libcostmap_converter_msgs__rosidl_typesupport_c.so
[31.637s] -- Set runtime path of "/home/agilex/limo_ros2_ws/install/costmap_converter_msgs/lib/libcostmap_converter_msgs__rosidl_typesupport_c.so" to ""
[31.637s] -- Up-to-date: /home/agilex/limo_ros2_ws/install/costmap_converter_msgs/include/costmap_converter_msgs
[31.637s] -- Up-to-date: /home/agilex/limo_ros2_ws/install/costmap_converter_msgs/include/costmap_converter_msgs/msg
[31.637s] -- Installing: /home/agilex/limo_ros2_ws/install/costmap_converter_msgs/include/costmap_converter_msgs/msg/obstacle_array_msg.hpp
[31.637s] -- Installing: /home/agilex/limo_ros2_ws/install/costmap_converter_msgs/include/costmap_converter_msgs/msg/rosidl_generator_cpp__visibility_control.hpp
[31.637s] -- Installing: /home/agilex/limo_ros2_ws/install/costmap_converter_msgs/include/costmap_converter_msgs/msg/obstacle_msg.hpp
[31.637s] -- Up-to-date: /home/agilex/limo_ros2_ws/install/costmap_converter_msgs/include/costmap_converter_msgs/msg/detail
[31.637s] -- Installing: /home/agilex/limo_ros2_ws/install/costmap_converter_msgs/include/costmap_converter_msgs/msg/detail/obstacle_array_msg__struct.hpp
[31.638s] -- Installing: /home/agilex/limo_ros2_ws/install/costmap_converter_msgs/include/costmap_converter_msgs/msg/detail/obstacle_array_msg__traits.hpp
[31.638s] -- Installing: /home/agilex/limo_ros2_ws/install/costmap_converter_msgs/include/costmap_converter_msgs/msg/detail/obstacle_msg__builder.hpp
[31.638s] -- Installing: /home/agilex/limo_ros2_ws/install/costmap_converter_msgs/include/costmap_converter_msgs/msg/detail/obstacle_array_msg__type_support.hpp
[31.638s] -- Installing: /home/agilex/limo_ros2_ws/install/costmap_converter_msgs/include/costmap_converter_msgs/msg/detail/obstacle_msg__type_support.hpp
[31.638s] -- Installing: /home/agilex/limo_ros2_ws/install/costmap_converter_msgs/include/costmap_converter_msgs/msg/detail/obstacle_msg__traits.hpp
[31.638s] -- Installing: /home/agilex/limo_ros2_ws/install/costmap_converter_msgs/include/costmap_converter_msgs/msg/detail/obstacle_array_msg__builder.hpp
[31.638s] -- Installing: /home/agilex/limo_ros2_ws/install/costmap_converter_msgs/include/costmap_converter_msgs/msg/detail/obstacle_msg__struct.hpp
[31.638s] -- Up-to-date: /home/agilex/limo_ros2_ws/install/costmap_converter_msgs/include/costmap_converter_msgs
[31.639s] -- Up-to-date: /home/agilex/limo_ros2_ws/install/costmap_converter_msgs/include/costmap_converter_msgs/msg
[31.639s] -- Up-to-date: /home/agilex/limo_ros2_ws/install/costmap_converter_msgs/include/costmap_converter_msgs/msg/detail
[31.639s] -- Installing: /home/agilex/limo_ros2_ws/install/costmap_converter_msgs/include/costmap_converter_msgs/msg/detail/obstacle_msg__rosidl_typesupport_introspection_cpp.hpp
[31.639s] -- Installing: /home/agilex/limo_ros2_ws/install/costmap_converter_msgs/include/costmap_converter_msgs/msg/detail/obstacle_array_msg__type_support.cpp
[31.639s] -- Installing: /home/agilex/limo_ros2_ws/install/costmap_converter_msgs/include/costmap_converter_msgs/msg/detail/obstacle_array_msg__rosidl_typesupport_introspection_cpp.hpp
[31.639s] -- Installing: /home/agilex/limo_ros2_ws/install/costmap_converter_msgs/include/costmap_converter_msgs/msg/detail/obstacle_msg__type_support.cpp
[31.639s] -- Installing: /home/agilex/limo_ros2_ws/install/costmap_converter_msgs/lib/libcostmap_converter_msgs__rosidl_typesupport_introspection_cpp.so
[31.639s] -- Set runtime path of "/home/agilex/limo_ros2_ws/install/costmap_converter_msgs/lib/libcostmap_converter_msgs__rosidl_typesupport_introspection_cpp.so" to ""
[31.639s] -- Installing: /home/agilex/limo_ros2_ws/install/costmap_converter_msgs/lib/libcostmap_converter_msgs__rosidl_typesupport_cpp.so
[31.640s] -- Set runtime path of "/home/agilex/limo_ros2_ws/install/costmap_converter_msgs/lib/libcostmap_converter_msgs__rosidl_typesupport_cpp.so" to ""
[31.640s] -- Installing: /home/agilex/limo_ros2_ws/install/costmap_converter_msgs/share/costmap_converter_msgs/environment/pythonpath.sh
[31.640s] -- Installing: /home/agilex/limo_ros2_ws/install/costmap_converter_msgs/share/costmap_converter_msgs/environment/pythonpath.dsv
[31.640s] -- Installing: /home/agilex/limo_ros2_ws/install/costmap_converter_msgs/lib/python3.8/site-packages/costmap_converter_msgs/__init__.py
[31.640s] Compiling '/home/agilex/limo_ros2_ws/install/costmap_converter_msgs/lib/python3.8/site-packages/costmap_converter_msgs/__init__.py'...
[31.640s] -- Installing: /home/agilex/limo_ros2_ws/install/costmap_converter_msgs/lib/python3.8/site-packages/costmap_converter_msgs/msg
[31.640s] -- Installing: /home/agilex/limo_ros2_ws/install/costmap_converter_msgs/lib/python3.8/site-packages/costmap_converter_msgs/msg/__init__.py
[31.641s] -- Installing: /home/agilex/limo_ros2_ws/install/costmap_converter_msgs/lib/python3.8/site-packages/costmap_converter_msgs/msg/_obstacle_array_msg.py
[31.641s] -- Installing: /home/agilex/limo_ros2_ws/install/costmap_converter_msgs/lib/python3.8/site-packages/costmap_converter_msgs/msg/_obstacle_msg.py
[31.641s] -- Installing: /home/agilex/limo_ros2_ws/install/costmap_converter_msgs/lib/python3.8/site-packages/costmap_converter_msgs/msg/_obstacle_array_msg_s.c
[31.641s] -- Installing: /home/agilex/limo_ros2_ws/install/costmap_converter_msgs/lib/python3.8/site-packages/costmap_converter_msgs/msg/_obstacle_msg_s.c
[31.641s] -- Installing: /home/agilex/limo_ros2_ws/install/costmap_converter_msgs/lib/python3.8/site-packages/costmap_converter_msgs/costmap_converter_msgs_s__rosidl_typesupport_fastrtps_c.cpython-38-aarch64-linux-gnu.so
[31.641s] -- Set runtime path of "/home/agilex/limo_ros2_ws/install/costmap_converter_msgs/lib/python3.8/site-packages/costmap_converter_msgs/costmap_converter_msgs_s__rosidl_typesupport_fastrtps_c.cpython-38-aarch64-linux-gnu.so" to ""
[31.641s] -- Installing: /home/agilex/limo_ros2_ws/install/costmap_converter_msgs/lib/python3.8/site-packages/costmap_converter_msgs/costmap_converter_msgs_s__rosidl_typesupport_introspection_c.cpython-38-aarch64-linux-gnu.so
[31.641s] -- Set runtime path of "/home/agilex/limo_ros2_ws/install/costmap_converter_msgs/lib/python3.8/site-packages/costmap_converter_msgs/costmap_converter_msgs_s__rosidl_typesupport_introspection_c.cpython-38-aarch64-linux-gnu.so" to ""
[31.642s] -- Installing: /home/agilex/limo_ros2_ws/install/costmap_converter_msgs/lib/python3.8/site-packages/costmap_converter_msgs/costmap_converter_msgs_s__rosidl_typesupport_c.cpython-38-aarch64-linux-gnu.so
[31.642s] -- Set runtime path of "/home/agilex/limo_ros2_ws/install/costmap_converter_msgs/lib/python3.8/site-packages/costmap_converter_msgs/costmap_converter_msgs_s__rosidl_typesupport_c.cpython-38-aarch64-linux-gnu.so" to ""
[31.642s] -- Installing: /home/agilex/limo_ros2_ws/install/costmap_converter_msgs/lib/libcostmap_converter_msgs__python.so
[31.642s] -- Set runtime path of "/home/agilex/limo_ros2_ws/install/costmap_converter_msgs/lib/libcostmap_converter_msgs__python.so" to ""
[31.642s] -- Installing: /home/agilex/limo_ros2_ws/install/costmap_converter_msgs/share/costmap_converter_msgs/msg/ObstacleMsg.idl
[31.642s] -- Installing: /home/agilex/limo_ros2_ws/install/costmap_converter_msgs/share/costmap_converter_msgs/msg/ObstacleArrayMsg.idl
[31.642s] -- Installing: /home/agilex/limo_ros2_ws/install/costmap_converter_msgs/share/costmap_converter_msgs/msg/ObstacleMsg.msg
[31.643s] -- Installing: /home/agilex/limo_ros2_ws/install/costmap_converter_msgs/share/costmap_converter_msgs/msg/ObstacleArrayMsg.msg
[31.643s] -- Installing: /home/agilex/limo_ros2_ws/install/costmap_converter_msgs/share/ament_index/resource_index/package_run_dependencies/costmap_converter_msgs
[31.643s] -- Installing: /home/agilex/limo_ros2_ws/install/costmap_converter_msgs/share/ament_index/resource_index/parent_prefix_path/costmap_converter_msgs
[31.643s] -- Installing: /home/agilex/limo_ros2_ws/install/costmap_converter_msgs/share/costmap_converter_msgs/environment/ament_prefix_path.sh
[31.643s] -- Installing: /home/agilex/limo_ros2_ws/install/costmap_converter_msgs/share/costmap_converter_msgs/environment/ament_prefix_path.dsv
[31.643s] -- Installing: /home/agilex/limo_ros2_ws/install/costmap_converter_msgs/share/costmap_converter_msgs/environment/path.sh
[31.644s] -- Installing: /home/agilex/limo_ros2_ws/install/costmap_converter_msgs/share/costmap_converter_msgs/environment/path.dsv
[31.644s] -- Installing: /home/agilex/limo_ros2_ws/install/costmap_converter_msgs/share/costmap_converter_msgs/local_setup.bash
[31.644s] -- Installing: /home/agilex/limo_ros2_ws/install/costmap_converter_msgs/share/costmap_converter_msgs/local_setup.sh
[31.644s] -- Installing: /home/agilex/limo_ros2_ws/install/costmap_converter_msgs/share/costmap_converter_msgs/local_setup.zsh
[31.645s] -- Installing: /home/agilex/limo_ros2_ws/install/costmap_converter_msgs/share/costmap_converter_msgs/local_setup.dsv
[31.645s] -- Installing: /home/agilex/limo_ros2_ws/install/costmap_converter_msgs/share/costmap_converter_msgs/package.dsv
[31.645s] -- Installing: /home/agilex/limo_ros2_ws/install/costmap_converter_msgs/share/ament_index/resource_index/packages/costmap_converter_msgs
[31.645s] -- Installing: /home/agilex/limo_ros2_ws/install/costmap_converter_msgs/share/costmap_converter_msgs/cmake/costmap_converter_msgs__rosidl_generator_cExport.cmake
[31.645s] -- Installing: /home/agilex/limo_ros2_ws/install/costmap_converter_msgs/share/costmap_converter_msgs/cmake/costmap_converter_msgs__rosidl_generator_cExport-noconfig.cmake
[31.645s] -- Installing: /home/agilex/limo_ros2_ws/install/costmap_converter_msgs/share/costmap_converter_msgs/cmake/costmap_converter_msgs__rosidl_typesupport_introspection_cExport.cmake
[31.645s] -- Installing: /home/agilex/limo_ros2_ws/install/costmap_converter_msgs/share/costmap_converter_msgs/cmake/costmap_converter_msgs__rosidl_typesupport_introspection_cExport-noconfig.cmake
[31.645s] -- Installing: /home/agilex/limo_ros2_ws/install/costmap_converter_msgs/share/costmap_converter_msgs/cmake/costmap_converter_msgs__rosidl_typesupport_cExport.cmake
[31.645s] -- Installing: /home/agilex/limo_ros2_ws/install/costmap_converter_msgs/share/costmap_converter_msgs/cmake/costmap_converter_msgs__rosidl_typesupport_cExport-noconfig.cmake
[31.646s] -- Installing: /home/agilex/limo_ros2_ws/install/costmap_converter_msgs/share/costmap_converter_msgs/cmake/costmap_converter_msgs__rosidl_generator_cppExport.cmake
[31.646s] -- Installing: /home/agilex/limo_ros2_ws/install/costmap_converter_msgs/share/costmap_converter_msgs/cmake/costmap_converter_msgs__rosidl_typesupport_introspection_cppExport.cmake
[31.646s] -- Installing: /home/agilex/limo_ros2_ws/install/costmap_converter_msgs/share/costmap_converter_msgs/cmake/costmap_converter_msgs__rosidl_typesupport_introspection_cppExport-noconfig.cmake
[31.646s] -- Installing: /home/agilex/limo_ros2_ws/install/costmap_converter_msgs/share/costmap_converter_msgs/cmake/costmap_converter_msgs__rosidl_typesupport_cppExport.cmake
[31.646s] -- Installing: /home/agilex/limo_ros2_ws/install/costmap_converter_msgs/share/costmap_converter_msgs/cmake/costmap_converter_msgs__rosidl_typesupport_cppExport-noconfig.cmake
[31.646s] -- Installing: /home/agilex/limo_ros2_ws/install/costmap_converter_msgs/share/costmap_converter_msgs/cmake/rosidl_cmake-extras.cmake
[31.646s] -- Installing: /home/agilex/limo_ros2_ws/install/costmap_converter_msgs/share/costmap_converter_msgs/cmake/ament_cmake_export_dependencies-extras.cmake
[31.646s] -- Installing: /home/agilex/limo_ros2_ws/install/costmap_converter_msgs/share/costmap_converter_msgs/cmake/ament_cmake_export_libraries-extras.cmake
[31.647s] -- Installing: /home/agilex/limo_ros2_ws/install/costmap_converter_msgs/share/costmap_converter_msgs/cmake/ament_cmake_export_targets-extras.cmake
[31.647s] -- Installing: /home/agilex/limo_ros2_ws/install/costmap_converter_msgs/share/costmap_converter_msgs/cmake/ament_cmake_export_include_directories-extras.cmake
[31.647s] -- Installing: /home/agilex/limo_ros2_ws/install/costmap_converter_msgs/share/costmap_converter_msgs/cmake/rosidl_cmake_export_typesupport_libraries-extras.cmake
[31.647s] -- Installing: /home/agilex/limo_ros2_ws/install/costmap_converter_msgs/share/costmap_converter_msgs/cmake/rosidl_cmake_export_typesupport_targets-extras.cmake
[31.647s] -- Installing: /home/agilex/limo_ros2_ws/install/costmap_converter_msgs/share/costmap_converter_msgs/cmake/costmap_converter_msgsConfig.cmake
[31.647s] -- Installing: /home/agilex/limo_ros2_ws/install/costmap_converter_msgs/share/costmap_converter_msgs/cmake/costmap_converter_msgsConfig-version.cmake
[31.647s] -- Installing: /home/agilex/limo_ros2_ws/install/costmap_converter_msgs/share/costmap_converter_msgs/package.xml
[31.684s] Invoked command in '/home/agilex/limo_ros2_ws/build/costmap_converter_msgs' returned '0': CMAKE_PREFIX_PATH=${CMAKE_PREFIX_PATH}:/home/agilex/limo_ros2_ws/install/ultraarm:/home/agilex/limo_ros2_ws/install/nav2_gazebo_spawner:/home/agilex/limo_ros2_ws/install/mypalletizer_260_pi:/home/agilex/limo_ros2_ws/install/mypalletizer_260:/home/agilex/limo_ros2_ws/install/mypalletizer_communication:/home/agilex/limo_ros2_ws/install/mycobot_630:/home/agilex/limo_ros2_ws/install/mycobot_600:/home/agilex/limo_ros2_ws/install/mycobot_320pi:/home/agilex/limo_ros2_ws/install/mycobot_320:/home/agilex/limo_ros2_ws/install/mycobot_280pi:/home/agilex/limo_ros2_ws/install/mycobot_280jn:/home/agilex/limo_ros2_ws/install/mycobot_280_x3pi:/home/agilex/limo_ros2_ws/install/mycobot_280:/home/agilex/limo_ros2_ws/install/myarm_300:/home/agilex/limo_ros2_ws/install/mycobot_communication:/home/agilex/limo_ros2_ws/install/mecharm_pi:/home/agilex/limo_ros2_ws/install/mecharm:/home/agilex/limo_ros2_ws/install/mecharm_communication:/home/agilex/limo_ros2_ws/install/mybuddy:/home/agilex/limo_ros2_ws/install/mycobot_description:/opt/ros/foxy /usr/bin/cmake --install /home/agilex/limo_ros2_ws/build/costmap_converter_msgs
