CMake Deprecation Warning at CMakeLists.txt:50 (cmake_policy):
  The OLD behavior for policy CMP0053 will be removed from a future version
  of CMake.

  The cmake-policies(7) manual explains that the OLD behaviors of all
  policies are deprecated and that a policy should be set to OLD only under
  specific short-term circumstances.  Projects should be ported to the NEW
  behavior and not rely on setting a policy to OLD.


CMake Deprecation Warning at CMakeLists.txt:53 (cmake_policy):
  The OLD behavior for policy CMP0037 will be removed from a future version
  of CMake.

  The cmake-policies(7) manual explains that the OLD behaviors of all
  policies are deprecated and that a policy should be set to OLD only under
  specific short-term circumstances.  Projects should be ported to the NEW
  behavior and not rely on setting a policy to OLD.


CMake Deprecation Warning at CMakeLists.txt:56 (cmake_policy):
  The OLD behavior for policy CMP0043 will be removed from a future version
  of CMake.

  The cmake-policies(7) manual explains that the OLD behaviors of all
  policies are deprecated and that a policy should be set to OLD only under
  specific short-term circumstances.  Projects should be ported to the NEW
  behavior and not rely on setting a policy to OLD.


CMake Warning (dev) at /usr/share/cmake-3.16/Modules/UseSWIG.cmake:607 (message):
  Policy CMP0078 is not set: UseSWIG generates standard target names.  Run
  "cmake --help-policy CMP0078" for policy details.  Use the cmake_policy
  command to set the policy and suppress this warning.

Call Stack (most recent call first):
  python/CMakeLists.txt:35 (swig_add_library)
This warning is for project developers.  Use -Wno-dev to suppress it.

CMake Warning (dev) at /usr/share/cmake-3.16/Modules/UseSWIG.cmake:460 (message):
  Policy CMP0086 is not set: UseSWIG honors SWIG_MODULE_NAME via -module
  flag.  Run "cmake --help-policy CMP0086" for policy details.  Use the
  cmake_policy command to set the policy and suppress this warning.

Call Stack (most recent call first):
  /usr/share/cmake-3.16/Modules/UseSWIG.cmake:702 (SWIG_ADD_SOURCE_TO_MODULE)
  python/CMakeLists.txt:35 (swig_add_library)
This warning is for project developers.  Use -Wno-dev to suppress it.

CMake Deprecation Warning at cmake/install_package.cmake:101 (cmake_policy):
  The OLD behavior for policy CMP0026 will be removed from a future version
  of CMake.

  The cmake-policies(7) manual explains that the OLD behaviors of all
  policies are deprecated and that a policy should be set to OLD only under
  specific short-term circumstances.  Projects should be ported to the NEW
  behavior and not rely on setting a policy to OLD.
Call Stack (most recent call first):
  CMakeLists.txt:168 (install_package)


CMake Warning (dev) at cmake/install_package.cmake:191 (install):
  Policy CMP0062 is not set: Disallow install() of export() result.  Run
  "cmake --help-policy CMP0062" for policy details.  Use the cmake_policy
  command to set the policy and suppress this warning.

  The file

    /home/agilex/limo_ros2_ws/src/build/ydlidar_sdk/ydlidar_sdkTargets.cmake

  was generated by the export() command.  It should not be installed with the
  install() command.  Use the install(EXPORT) mechanism instead.  See the
  cmake-packages(7) manual for more.

Call Stack (most recent call first):
  CMakeLists.txt:168 (install_package)
This warning is for project developers.  Use -Wno-dev to suppress it.

In file included from [01m[K/home/agilex/limo_ros2_ws/src/YDLidar-SDK/core/serial/common.h:45[m[K,
                 from [01m[K/home/agilex/limo_ros2_ws/src/YDLidar-SDK/core/serial/serial.cpp:12[m[K:
[01m[K/home/agilex/limo_ros2_ws/src/YDLidar-SDK/./core/base/thread.h:[m[K In member function ‘[01m[Kint ydlidar::core::base::Thread::join(long unsigned int)[m[K’:
[01m[K/home/agilex/limo_ros2_ws/src/YDLidar-SDK/./core/base/thread.h:118:18:[m[K [01;35m[Kwarning: [m[Kformat ‘[01m[K%X[m[K’ expects argument of type ‘[01m[Kunsigned int[m[K’, but argument 2 has type ‘[01m[K_size_t[m[K’ {aka ‘[01m[Klong unsigned int[m[K’} [[01;35m[K-Wformat=[m[K]
  118 |       printf("0x[01;35m[K%X[m[K thread has been canceled\n", [32m[Kthis->_handle[m[K);
      |                 [01;35m[K~^[m[K                              [32m[K~~~~~~~~~~~~~[m[K
      |                  [01;35m[K|[m[K                                    [32m[K|[m[K
      |                  [01;35m[Kunsigned int[m[K                         [32m[K_size_t {aka long unsigned int}[m[K
      |                 [32m[K%lX[m[K
In file included from [01m[K/home/agilex/limo_ros2_ws/src/YDLidar-SDK/./core/common/DriverInterface.h:3[m[K,
                 from [01m[K/home/agilex/limo_ros2_ws/src/YDLidar-SDK/src/CYdLidar.h:48[m[K,
                 from [01m[K/home/agilex/limo_ros2_ws/src/YDLidar-SDK/src/CYdLidar.cpp:29[m[K:
[01m[K/home/agilex/limo_ros2_ws/src/YDLidar-SDK/./core/base/thread.h:[m[K In member function ‘[01m[Kint ydlidar::core::base::Thread::join(long unsigned int)[m[K’:
[01m[K/home/agilex/limo_ros2_ws/src/YDLidar-SDK/./core/base/thread.h:118:18:[m[K [01;35m[Kwarning: [m[Kformat ‘[01m[K%X[m[K’ expects argument of type ‘[01m[Kunsigned int[m[K’, but argument 2 has type ‘[01m[K_size_t[m[K’ {aka ‘[01m[Klong unsigned int[m[K’} [[01;35m[K-Wformat=[m[K]
  118 |       printf("0x[01;35m[K%X[m[K thread has been canceled\n", [32m[Kthis->_handle[m[K);
      |                 [01;35m[K~^[m[K                              [32m[K~~~~~~~~~~~~~[m[K
      |                  [01;35m[K|[m[K                                    [32m[K|[m[K
      |                  [01;35m[Kunsigned int[m[K                         [32m[K_size_t {aka long unsigned int}[m[K
      |                 [32m[K%lX[m[K
In file included from [01m[K/home/agilex/limo_ros2_ws/src/YDLidar-SDK/src/ETLidarDriver.h:46[m[K,
                 from [01m[K/home/agilex/limo_ros2_ws/src/YDLidar-SDK/src/ETLidarDriver.cpp:32[m[K:
[01m[K/home/agilex/limo_ros2_ws/src/YDLidar-SDK/./core/base/thread.h:[m[K In member function ‘[01m[Kint ydlidar::core::base::Thread::join(long unsigned int)[m[K’:
[01m[K/home/agilex/limo_ros2_ws/src/YDLidar-SDK/./core/base/thread.h:118:18:[m[K [01;35m[Kwarning: [m[Kformat ‘[01m[K%X[m[K’ expects argument of type ‘[01m[Kunsigned int[m[K’, but argument 2 has type ‘[01m[K_size_t[m[K’ {aka ‘[01m[Klong unsigned int[m[K’} [[01;35m[K-Wformat=[m[K]
  118 |       printf("0x[01;35m[K%X[m[K thread has been canceled\n", [32m[Kthis->_handle[m[K);
      |                 [01;35m[K~^[m[K                              [32m[K~~~~~~~~~~~~~[m[K
      |                  [01;35m[K|[m[K                                    [32m[K|[m[K
      |                  [01;35m[Kunsigned int[m[K                         [32m[K_size_t {aka long unsigned int}[m[K
      |                 [32m[K%lX[m[K
In file included from [01m[K/home/agilex/limo_ros2_ws/src/YDLidar-SDK/src/GS1LidarDriver.h:57[m[K,
                 from [01m[K/home/agilex/limo_ros2_ws/src/YDLidar-SDK/src/GS1LidarDriver.cpp:35[m[K:
[01m[K/home/agilex/limo_ros2_ws/src/YDLidar-SDK/./core/base/thread.h:[m[K In member function ‘[01m[Kint ydlidar::core::base::Thread::join(long unsigned int)[m[K’:
[01m[K/home/agilex/limo_ros2_ws/src/YDLidar-SDK/./core/base/thread.h:118:18:[m[K [01;35m[Kwarning: [m[Kformat ‘[01m[K%X[m[K’ expects argument of type ‘[01m[Kunsigned int[m[K’, but argument 2 has type ‘[01m[K_size_t[m[K’ {aka ‘[01m[Klong unsigned int[m[K’} [[01;35m[K-Wformat=[m[K]
  118 |       printf("0x[01;35m[K%X[m[K thread has been canceled\n", [32m[Kthis->_handle[m[K);
      |                 [01;35m[K~^[m[K                              [32m[K~~~~~~~~~~~~~[m[K
      |                  [01;35m[K|[m[K                                    [32m[K|[m[K
      |                  [01;35m[Kunsigned int[m[K                         [32m[K_size_t {aka long unsigned int}[m[K
      |                 [32m[K%lX[m[K
[01m[K/home/agilex/limo_ros2_ws/src/YDLidar-SDK/src/GS1LidarDriver.cpp:[m[K In member function ‘[01m[Kresult_t ydlidar::GS1LidarDriver::waitPackage(node_info*, uint32_t)[m[K’:
[01m[K/home/agilex/limo_ros2_ws/src/YDLidar-SDK/src/GS1LidarDriver.cpp:981:87:[m[K [01;35m[Kwarning: [m[Ktaking address of packed member of ‘[01m[Knode_info[m[K’ may result in an unaligned pointer value [[01;35m[K-Waddress-of-packed-member[m[K]
  981 | 2, package_Sample_Index, &sampleAngle, [01;35m[K&(*node).distance_q2[m[K);
      |                                        [01;35m[K^~~~~~~~~~~~~~~~~~~~[m[K

In file included from [01m[K/home/agilex/limo_ros2_ws/src/YDLidar-SDK/src/GS2LidarDriver.h:57[m[K,
                 from [01m[K/home/agilex/limo_ros2_ws/src/YDLidar-SDK/src/GS2LidarDriver.cpp:35[m[K:
[01m[K/home/agilex/limo_ros2_ws/src/YDLidar-SDK/./core/base/thread.h:[m[K In member function ‘[01m[Kint ydlidar::core::base::Thread::join(long unsigned int)[m[K’:
[01m[K/home/agilex/limo_ros2_ws/src/YDLidar-SDK/./core/base/thread.h:118:18:[m[K [01;35m[Kwarning: [m[Kformat ‘[01m[K%X[m[K’ expects argument of type ‘[01m[Kunsigned int[m[K’, but argument 2 has type ‘[01m[K_size_t[m[K’ {aka ‘[01m[Klong unsigned int[m[K’} [[01;35m[K-Wformat=[m[K]
  118 |       printf("0x[01;35m[K%X[m[K thread has been canceled\n", [32m[Kthis->_handle[m[K);
      |                 [01;35m[K~^[m[K                              [32m[K~~~~~~~~~~~~~[m[K
      |                  [01;35m[K|[m[K                                    [32m[K|[m[K
      |                  [01;35m[Kunsigned int[m[K                         [32m[K_size_t {aka long unsigned int}[m[K
      |                 [32m[K%lX[m[K
[01m[K/home/agilex/limo_ros2_ws/src/YDLidar-SDK/src/GS2LidarDriver.cpp:[m[K In member function ‘[01m[Kresult_t ydlidar::GS2LidarDriver::waitPackage(node_info*, uint32_t)[m[K’:
[01m[K/home/agilex/limo_ros2_ws/src/YDLidar-SDK/src/GS2LidarDriver.cpp:885:83:[m[K [01;35m[Kwarning: [m[Ktaking address of packed member of ‘[01m[Knode_info[m[K’ may result in an unaligned pointer value [[01;35m[K-Waddress-of-packed-member[m[K]
  885 | 2, package_Sample_Index, &sampleAngle, [01;35m[K&(*node).distance_q2[m[K);
      |                                        [01;35m[K^~~~~~~~~~~~~~~~~~~~[m[K

[01m[K/home/agilex/limo_ros2_ws/src/YDLidar-SDK/src/GS2LidarDriver.cpp:[m[K In member function ‘[01m[Kresult_t ydlidar::GS2LidarDriver::createThread()[m[K’:
[01m[K/home/agilex/limo_ros2_ws/src/YDLidar-SDK/src/GS2LidarDriver.cpp:1480:45:[m[K [01;35m[Kwarning: [m[Kformat ‘[01m[K%X[m[K’ expects argument of type ‘[01m[Kunsigned int[m[K’, but argument 2 has type ‘[01m[K_size_t[m[K’ {aka ‘[01m[Klong unsigned int[m[K’} [[01;35m[K-Wformat=[m[K]
 1480 | rintf("[GS2Lidar] Create GS2 thread 0x[01;35m[K%X[m[K\n", [32m[K_thread.getHandle()[m[K);
      |                                       [01;35m[K~^[m[K     [32m[K~~~~~~~~~~~~~~~~~~~[m[K
      |                                        [01;35m[K|[m[K                      [32m[K|[m[K
      |                                        [01;35m[Kunsigned int[m[K           [32m[K_size_t {aka long unsigned int}[m[K
      |                                       [32m[K%lX[m[K
In file included from [01m[K/home/agilex/limo_ros2_ws/src/YDLidar-SDK/src/YDlidarDriver.h:46[m[K,
                 from [01m[K/home/agilex/limo_ros2_ws/src/YDLidar-SDK/src/YDlidarDriver.cpp:26[m[K:
[01m[K/home/agilex/limo_ros2_ws/src/YDLidar-SDK/./core/base/thread.h:[m[K In member function ‘[01m[Kint ydlidar::core::base::Thread::join(long unsigned int)[m[K’:
[01m[K/home/agilex/limo_ros2_ws/src/YDLidar-SDK/./core/base/thread.h:118:18:[m[K [01;35m[Kwarning: [m[Kformat ‘[01m[K%X[m[K’ expects argument of type ‘[01m[Kunsigned int[m[K’, but argument 2 has type ‘[01m[K_size_t[m[K’ {aka ‘[01m[Klong unsigned int[m[K’} [[01;35m[K-Wformat=[m[K]
  118 |       printf("0x[01;35m[K%X[m[K thread has been canceled\n", [32m[Kthis->_handle[m[K);
      |                 [01;35m[K~^[m[K                              [32m[K~~~~~~~~~~~~~[m[K
      |                  [01;35m[K|[m[K                                    [32m[K|[m[K
      |                  [01;35m[Kunsigned int[m[K                         [32m[K_size_t {aka long unsigned int}[m[K
      |                 [32m[K%lX[m[K
[01m[K/home/agilex/limo_ros2_ws/src/YDLidar-SDK/src/YDlidarDriver.cpp:[m[K In member function ‘[01m[Kresult_t ydlidar::YDlidarDriver::createThread()[m[K’:
[01m[K/home/agilex/limo_ros2_ws/src/YDLidar-SDK/src/YDlidarDriver.cpp:1956:38:[m[K [01;35m[Kwarning: [m[Kformat ‘[01m[K%X[m[K’ expects argument of type ‘[01m[Kunsigned int[m[K’, but argument 2 has type ‘[01m[K_size_t[m[K’ {aka ‘[01m[Klong unsigned int[m[K’} [[01;35m[K-Wformat=[m[K]
 1956 |   printf("[YDlidar] Create thread 0x[01;35m[K%X[m[K\n", [32m[K_thread.getHandle()[m[K);
      |                                     [01;35m[K~^[m[K     [32m[K~~~~~~~~~~~~~~~~~~~[m[K
      |                                      [01;35m[K|[m[K                      [32m[K|[m[K
      |                                      [01;35m[Kunsigned int[m[K           [32m[K_size_t {aka long unsigned int}[m[K
      |                                     [32m[K%lX[m[K
In file included from [01m[K/home/agilex/limo_ros2_ws/src/YDLidar-SDK/./core/common/DriverInterface.h:3[m[K,
                 from [01m[K/home/agilex/limo_ros2_ws/src/YDLidar-SDK/src/CYdLidar.h:48[m[K,
                 from [01m[K/home/agilex/limo_ros2_ws/src/YDLidar-SDK/src/ydlidar_sdk.cpp:27[m[K:
[01m[K/home/agilex/limo_ros2_ws/src/YDLidar-SDK/./core/base/thread.h:[m[K In member function ‘[01m[Kint ydlidar::core::base::Thread::join(long unsigned int)[m[K’:
[01m[K/home/agilex/limo_ros2_ws/src/YDLidar-SDK/./core/base/thread.h:118:18:[m[K [01;35m[Kwarning: [m[Kformat ‘[01m[K%X[m[K’ expects argument of type ‘[01m[Kunsigned int[m[K’, but argument 2 has type ‘[01m[K_size_t[m[K’ {aka ‘[01m[Klong unsigned int[m[K’} [[01;35m[K-Wformat=[m[K]
  118 |       printf("0x[01;35m[K%X[m[K thread has been canceled\n", [32m[Kthis->_handle[m[K);
      |                 [01;35m[K~^[m[K                              [32m[K~~~~~~~~~~~~~[m[K
      |                  [01;35m[K|[m[K                                    [32m[K|[m[K
      |                  [01;35m[Kunsigned int[m[K                         [32m[K_size_t {aka long unsigned int}[m[K
      |                 [32m[K%lX[m[K
In file included from [01m[K/home/agilex/limo_ros2_ws/src/YDLidar-SDK/./core/common/DriverInterface.h:3[m[K,
                 from [01m[K/home/agilex/limo_ros2_ws/src/YDLidar-SDK/src/CYdLidar.h:48[m[K,
                 from [01m[K/home/agilex/limo_ros2_ws/src/YDLidar-SDK/samples/tri_and_gs_test.cpp:1[m[K:
[01m[K/home/agilex/limo_ros2_ws/src/YDLidar-SDK/./core/base/thread.h:[m[K In member function ‘[01m[Kint ydlidar::core::base::Thread::join(long unsigned int)[m[K’:
[01m[K/home/agilex/limo_ros2_ws/src/YDLidar-SDK/./core/base/thread.h:118:18:[m[K [01;35m[Kwarning: [m[Kformat ‘[01m[K%X[m[K’ expects argument of type ‘[01m[Kunsigned int[m[K’, but argument 2 has type ‘[01m[K_size_t[m[K’ {aka ‘[01m[Klong unsigned int[m[K’} [[01;35m[K-Wformat=[m[K]
  118 |       printf("0x[01;35m[K%X[m[K thread has been canceled\n", [32m[Kthis->_handle[m[K);
      |                 [01;35m[K~^[m[K                              [32m[K~~~~~~~~~~~~~[m[K
      |                  [01;35m[K|[m[K                                    [32m[K|[m[K
      |                  [01;35m[Kunsigned int[m[K                         [32m[K_size_t {aka long unsigned int}[m[K
      |                 [32m[K%lX[m[K
In file included from [01m[K/home/agilex/limo_ros2_ws/src/YDLidar-SDK/./core/common/DriverInterface.h:3[m[K,
                 from [01m[K/home/agilex/limo_ros2_ws/src/YDLidar-SDK/src/CYdLidar.h:48[m[K,
                 from [01m[K/home/agilex/limo_ros2_ws/src/YDLidar-SDK/samples/tmini_test.cpp:34[m[K:
[01m[K/home/agilex/limo_ros2_ws/src/YDLidar-SDK/./core/base/thread.h:[m[K In member function ‘[01m[Kint ydlidar::core::base::Thread::join(long unsigned int)[m[K’:
[01m[K/home/agilex/limo_ros2_ws/src/YDLidar-SDK/./core/base/thread.h:118:18:[m[K [01;35m[Kwarning: [m[Kformat ‘[01m[K%X[m[K’ expects argument of type ‘[01m[Kunsigned int[m[K’, but argument 2 has type ‘[01m[K_size_t[m[K’ {aka ‘[01m[Klong unsigned int[m[K’} [[01;35m[K-Wformat=[m[K]
  118 |       printf("0x[01;35m[K%X[m[K thread has been canceled\n", [32m[Kthis->_handle[m[K);
      |                 [01;35m[K~^[m[K                              [32m[K~~~~~~~~~~~~~[m[K
      |                  [01;35m[K|[m[K                                    [32m[K|[m[K
      |                  [01;35m[Kunsigned int[m[K                         [32m[K_size_t {aka long unsigned int}[m[K
      |                 [32m[K%lX[m[K
[01m[Kcc1:[m[K [01;35m[Kwarning: [m[Kcommand line option ‘[01m[K-std=c++11[m[K’ is valid for C++/ObjC++ but not for C
In file included from [01m[K/home/agilex/limo_ros2_ws/src/YDLidar-SDK/./core/common/DriverInterface.h:3[m[K,
                 from [01m[K/home/agilex/limo_ros2_ws/src/YDLidar-SDK/core/../src/CYdLidar.h:48[m[K,
                 from [01m[K/home/agilex/limo_ros2_ws/src/build/ydlidar_sdk/python/CMakeFiles/_ydlidar.dir/ydlidar_sdkPYTHON_wrap.cxx:3331[m[K:
[01m[K/home/agilex/limo_ros2_ws/src/YDLidar-SDK/./core/base/thread.h:[m[K In member function ‘[01m[Kint ydlidar::core::base::Thread::join(long unsigned int)[m[K’:
[01m[K/home/agilex/limo_ros2_ws/src/YDLidar-SDK/./core/base/thread.h:118:18:[m[K [01;35m[Kwarning: [m[Kformat ‘[01m[K%X[m[K’ expects argument of type ‘[01m[Kunsigned int[m[K’, but argument 2 has type ‘[01m[K_size_t[m[K’ {aka ‘[01m[Klong unsigned int[m[K’} [[01;35m[K-Wformat=[m[K]
  118 |       printf("0x[01;35m[K%X[m[K thread has been canceled\n", [32m[Kthis->_handle[m[K);
      |                 [01;35m[K~^[m[K                              [32m[K~~~~~~~~~~~~~[m[K
      |                  [01;35m[K|[m[K                                    [32m[K|[m[K
      |                  [01;35m[Kunsigned int[m[K                         [32m[K_size_t {aka long unsigned int}[m[K
      |                 [32m[K%lX[m[K
In file included from [01m[K/home/agilex/limo_ros2_ws/src/YDLidar-SDK/./core/common/DriverInterface.h:3[m[K,
                 from [01m[K/home/agilex/limo_ros2_ws/src/YDLidar-SDK/src/CYdLidar.h:48[m[K,
                 from [01m[K/home/agilex/limo_ros2_ws/src/YDLidar-SDK/test/lidar_test.h:5[m[K,
                 from [01m[K/home/agilex/limo_ros2_ws/src/YDLidar-SDK/test/lidar_test.cpp:1[m[K:
[01m[K/home/agilex/limo_ros2_ws/src/YDLidar-SDK/./core/base/thread.h:[m[K In member function ‘[01m[Kint ydlidar::core::base::Thread::join(long unsigned int)[m[K’:
[01m[K/home/agilex/limo_ros2_ws/src/YDLidar-SDK/./core/base/thread.h:118:18:[m[K [01;35m[Kwarning: [m[Kformat ‘[01m[K%X[m[K’ expects argument of type ‘[01m[Kunsigned int[m[K’, but argument 2 has type ‘[01m[K_size_t[m[K’ {aka ‘[01m[Klong unsigned int[m[K’} [[01;35m[K-Wformat=[m[K]
  118 |       printf("0x[01;35m[K%X[m[K thread has been canceled\n", [32m[Kthis->_handle[m[K);
      |                 [01;35m[K~^[m[K                              [32m[K~~~~~~~~~~~~~[m[K
      |                  [01;35m[K|[m[K                                    [32m[K|[m[K
      |                  [01;35m[Kunsigned int[m[K                         [32m[K_size_t {aka long unsigned int}[m[K
      |                 [32m[K%lX[m[K
In file included from [01m[K/home/agilex/limo_ros2_ws/src/YDLidar-SDK/./core/common/DriverInterface.h:3[m[K,
                 from [01m[K/home/agilex/limo_ros2_ws/src/YDLidar-SDK/src/CYdLidar.h:48[m[K,
                 from [01m[K/home/agilex/limo_ros2_ws/src/YDLidar-SDK/samples/tof_test.cpp:38[m[K:
[01m[K/home/agilex/limo_ros2_ws/src/YDLidar-SDK/./core/base/thread.h:[m[K In member function ‘[01m[Kint ydlidar::core::base::Thread::join(long unsigned int)[m[K’:
[01m[K/home/agilex/limo_ros2_ws/src/YDLidar-SDK/./core/base/thread.h:118:18:[m[K [01;35m[Kwarning: [m[Kformat ‘[01m[K%X[m[K’ expects argument of type ‘[01m[Kunsigned int[m[K’, but argument 2 has type ‘[01m[K_size_t[m[K’ {aka ‘[01m[Klong unsigned int[m[K’} [[01;35m[K-Wformat=[m[K]
  118 |       printf("0x[01;35m[K%X[m[K thread has been canceled\n", [32m[Kthis->_handle[m[K);
      |                 [01;35m[K~^[m[K                              [32m[K~~~~~~~~~~~~~[m[K
      |                  [01;35m[K|[m[K                                    [32m[K|[m[K
      |                  [01;35m[Kunsigned int[m[K                         [32m[K_size_t {aka long unsigned int}[m[K
      |                 [32m[K%lX[m[K
In file included from [01m[K/home/agilex/limo_ros2_ws/src/YDLidar-SDK/./core/common/DriverInterface.h:3[m[K,
                 from [01m[K/home/agilex/limo_ros2_ws/src/YDLidar-SDK/src/CYdLidar.h:48[m[K,
                 from [01m[K/home/agilex/limo_ros2_ws/src/YDLidar-SDK/samples/gs_test.cpp:34[m[K:
[01m[K/home/agilex/limo_ros2_ws/src/YDLidar-SDK/./core/base/thread.h:[m[K In member function ‘[01m[Kint ydlidar::core::base::Thread::join(long unsigned int)[m[K’:
[01m[K/home/agilex/limo_ros2_ws/src/YDLidar-SDK/./core/base/thread.h:118:18:[m[K [01;35m[Kwarning: [m[Kformat ‘[01m[K%X[m[K’ expects argument of type ‘[01m[Kunsigned int[m[K’, but argument 2 has type ‘[01m[K_size_t[m[K’ {aka ‘[01m[Klong unsigned int[m[K’} [[01;35m[K-Wformat=[m[K]
  118 |       printf("0x[01;35m[K%X[m[K thread has been canceled\n", [32m[Kthis->_handle[m[K);
      |                 [01;35m[K~^[m[K                              [32m[K~~~~~~~~~~~~~[m[K
      |                  [01;35m[K|[m[K                                    [32m[K|[m[K
      |                  [01;35m[Kunsigned int[m[K                         [32m[K_size_t {aka long unsigned int}[m[K
      |                 [32m[K%lX[m[K
In file included from [01m[K/home/agilex/limo_ros2_ws/src/YDLidar-SDK/./core/common/DriverInterface.h:3[m[K,
                 from [01m[K/home/agilex/limo_ros2_ws/src/YDLidar-SDK/src/CYdLidar.h:48[m[K,
                 from [01m[K/home/agilex/limo_ros2_ws/src/YDLidar-SDK/samples/tri_test.cpp:34[m[K:
[01m[K/home/agilex/limo_ros2_ws/src/YDLidar-SDK/./core/base/thread.h:[m[K In member function ‘[01m[Kint ydlidar::core::base::Thread::join(long unsigned int)[m[K’:
[01m[K/home/agilex/limo_ros2_ws/src/YDLidar-SDK/./core/base/thread.h:118:18:[m[K [01;35m[Kwarning: [m[Kformat ‘[01m[K%X[m[K’ expects argument of type ‘[01m[Kunsigned int[m[K’, but argument 2 has type ‘[01m[K_size_t[m[K’ {aka ‘[01m[Klong unsigned int[m[K’} [[01;35m[K-Wformat=[m[K]
  118 |       printf("0x[01;35m[K%X[m[K thread has been canceled\n", [32m[Kthis->_handle[m[K);
      |                 [01;35m[K~^[m[K                              [32m[K~~~~~~~~~~~~~[m[K
      |                  [01;35m[K|[m[K                                    [32m[K|[m[K
      |                  [01;35m[Kunsigned int[m[K                         [32m[K_size_t {aka long unsigned int}[m[K
      |                 [32m[K%lX[m[K
In file included from [01m[K/home/agilex/limo_ros2_ws/src/YDLidar-SDK/./core/common/DriverInterface.h:3[m[K,
                 from [01m[K/home/agilex/limo_ros2_ws/src/YDLidar-SDK/src/CYdLidar.h:48[m[K,
                 from [01m[K/home/agilex/limo_ros2_ws/src/YDLidar-SDK/samples/et_test.cpp:34[m[K:
[01m[K/home/agilex/limo_ros2_ws/src/YDLidar-SDK/./core/base/thread.h:[m[K In member function ‘[01m[Kint ydlidar::core::base::Thread::join(long unsigned int)[m[K’:
[01m[K/home/agilex/limo_ros2_ws/src/YDLidar-SDK/./core/base/thread.h:118:18:[m[K [01;35m[Kwarning: [m[Kformat ‘[01m[K%X[m[K’ expects argument of type ‘[01m[Kunsigned int[m[K’, but argument 2 has type ‘[01m[K_size_t[m[K’ {aka ‘[01m[Klong unsigned int[m[K’} [[01;35m[K-Wformat=[m[K]
  118 |       printf("0x[01;35m[K%X[m[K thread has been canceled\n", [32m[Kthis->_handle[m[K);
      |                 [01;35m[K~^[m[K                              [32m[K~~~~~~~~~~~~~[m[K
      |                  [01;35m[K|[m[K                                    [32m[K|[m[K
      |                  [01;35m[Kunsigned int[m[K                         [32m[K_size_t {aka long unsigned int}[m[K
      |                 [32m[K%lX[m[K
