[0.064s] Invoking command in '/home/agilex/limo_ros2_ws/src/build/ydlidar_sdk': /usr/bin/cmake /home/agilex/limo_ros2_ws/src/YDLidar-SDK -DCMAKE_INSTALL_PREFIX=/home/agilex/limo_ros2_ws/src/install/ydlidar_sdk
[20.176s] CMake Deprecation Warning at CMakeLists.txt:50 (cmake_policy):
[20.177s]   The OLD behavior for policy CMP0053 will be removed from a future version
[20.177s]   of CMake.
[20.177s] 
[20.177s]   The cmake-policies(7) manual explains that the OLD behaviors of all
[20.177s]   policies are deprecated and that a policy should be set to OLD only under
[20.177s]   specific short-term circumstances.  Projects should be ported to the NEW
[20.178s]   behavior and not rely on setting a policy to OLD.
[20.178s] 
[20.178s] 
[20.178s] CMake Deprecation Warning at CMakeLists.txt:53 (cmake_policy):
[20.178s]   The OLD behavior for policy CMP0037 will be removed from a future version
[20.178s]   of CMake.
[20.178s] 
[20.179s]   The cmake-policies(7) manual explains that the OLD behaviors of all
[20.179s]   policies are deprecated and that a policy should be set to OLD only under
[20.185s]   specific short-term circumstances.  Projects should be ported to the NEW
[20.186s]   behavior and not rely on setting a policy to OLD.
[20.186s] 
[20.186s] 
[20.186s] CMake Deprecation Warning at CMakeLists.txt:56 (cmake_policy):
[20.187s]   The OLD behavior for policy CMP0043 will be removed from a future version
[20.187s]   of CMake.
[20.187s] 
[20.187s]   The cmake-policies(7) manual explains that the OLD behaviors of all
[20.187s]   policies are deprecated and that a policy should be set to OLD only under
[20.187s]   specific short-term circumstances.  Projects should be ported to the NEW
[20.187s]   behavior and not rely on setting a policy to OLD.
[20.187s] 
[20.188s] 
[20.188s] CMake Warning (dev) at /usr/share/cmake-3.16/Modules/UseSWIG.cmake:607 (message):
[20.188s]   Policy CMP0078 is not set: UseSWIG generates standard target names.  Run
[20.188s]   "cmake --help-policy CMP0078" for policy details.  Use the cmake_policy
[20.188s]   command to set the policy and suppress this warning.
[20.189s] 
[20.189s] Call Stack (most recent call first):
[20.189s]   python/CMakeLists.txt:35 (swig_add_library)
[20.189s] This warning is for project developers.  Use -Wno-dev to suppress it.
[20.189s] 
[20.189s] CMake Warning (dev) at /usr/share/cmake-3.16/Modules/UseSWIG.cmake:460 (message):
[20.189s]   Policy CMP0086 is not set: UseSWIG honors SWIG_MODULE_NAME via -module
[20.189s]   flag.  Run "cmake --help-policy CMP0086" for policy details.  Use the
[20.190s]   cmake_policy command to set the policy and suppress this warning.
[20.190s] 
[20.190s] Call Stack (most recent call first):
[20.190s]   /usr/share/cmake-3.16/Modules/UseSWIG.cmake:702 (SWIG_ADD_SOURCE_TO_MODULE)
[20.194s]   python/CMakeLists.txt:35 (swig_add_library)
[20.194s] This warning is for project developers.  Use -Wno-dev to suppress it.
[20.194s] 
[20.194s] CMake Deprecation Warning at cmake/install_package.cmake:101 (cmake_policy):
[20.194s]   The OLD behavior for policy CMP0026 will be removed from a future version
[20.194s]   of CMake.
[20.195s] 
[20.195s]   The cmake-policies(7) manual explains that the OLD behaviors of all
[20.195s]   policies are deprecated and that a policy should be set to OLD only under
[20.195s]   specific short-term circumstances.  Projects should be ported to the NEW
[20.195s]   behavior and not rely on setting a policy to OLD.
[20.195s] Call Stack (most recent call first):
[20.195s]   CMakeLists.txt:168 (install_package)
[20.195s] 
[20.195s] 
[20.196s] CMake Warning (dev) at cmake/install_package.cmake:191 (install):
[20.196s]   Policy CMP0062 is not set: Disallow install() of export() result.  Run
[20.196s]   "cmake --help-policy CMP0062" for policy details.  Use the cmake_policy
[20.196s]   command to set the policy and suppress this warning.
[20.196s] 
[20.196s]   The file
[20.196s] 
[20.196s]     /home/agilex/limo_ros2_ws/src/build/ydlidar_sdk/ydlidar_sdkTargets.cmake
[20.197s] 
[20.197s]   was generated by the export() command.  It should not be installed with the
[20.197s]   install() command.  Use the install(EXPORT) mechanism instead.  See the
[20.209s]   cmake-packages(7) manual for more.
[20.209s] 
[20.209s] Call Stack (most recent call first):
[20.209s]   CMakeLists.txt:168 (install_package)
[20.209s] This warning is for project developers.  Use -Wno-dev to suppress it.
[20.210s] 
[20.210s] -- The C compiler identification is GNU 9.4.0
[20.210s] -- The CXX compiler identification is GNU 9.4.0
[20.210s] -- Check for working C compiler: /usr/bin/cc
[20.210s] -- Check for working C compiler: /usr/bin/cc -- works
[20.210s] -- Detecting C compiler ABI info
[20.210s] -- Detecting C compiler ABI info - done
[20.211s] -- Detecting C compile features
[20.211s] -- Detecting C compile features - done
[20.211s] -- Check for working CXX compiler: /usr/bin/c++
[20.211s] -- Check for working CXX compiler: /usr/bin/c++ -- works
[20.211s] -- Detecting CXX compiler ABI info
[20.211s] -- Detecting CXX compiler ABI info - done
[20.211s] -- Detecting CXX compile features
[20.211s] -- Detecting CXX compile features - done
[20.211s] -- Current platform: Linux
[20.212s] -- Found SWIG: /usr/bin/swig4.0 (found version "4.0.1") 
[20.212s] -- Found PythonInterp: /usr/bin/python (found version "3.8.10") 
[20.212s] -- Found PythonLibs: /usr/lib/aarch64-linux-gnu/libpython3.8.so (found version "3.8.10") 
[20.212s] -- Found GTest: /usr/lib/aarch64-linux-gnu/libgtest.a  
[20.212s] -- build python API....
[20.212s] -- build test is ON.....
[20.212s] -- 
[20.212s] -- +===========================================================================+
[20.213s] -- |         Resulting configuration for                             |
[20.213s] -- +===========================================================================+
[20.213s] --  _________________________ PLATFORM _____________________________
[20.213s] --  Host                        : Linux5.10.120-tegraaarch64
[20.213s] --  Is the system big endian?   :  No 
[20.213s] --  Word size (32/64 bit)       : 64
[20.213s] --  CMake version               : 3.16.3
[20.213s] --  CMake generator             : Unix Makefiles
[20.213s] --  CMake build tool            : /usr/bin/make
[20.214s] --  Compiler                    : GNU
[20.214s] --  Configuration               : 
[20.214s] -- 
[20.214s] --  __________________________ OPTIONS _____________________________
[20.214s] --  Build YDLidar-SDK as a shared library?　　 :  No 
[20.214s] --  Build Examples?　　　　　　　　　　　　　　 : Yes 
[20.214s] --  Build C Sharp API?　　　　　　　　　　　　 :  No 
[20.214s] --  Build TEST?  			　　　 : Yes 
[20.215s] -- 
[20.215s] --  _________________________ INSTALL _____________________
[20.215s] --  Install prefix                    : /home/agilex/limo_ros2_ws/src/install/ydlidar_sdk
[20.215s] -- 
[20.215s] --  _______________________ WRAPPERS/BINDINGS ______________________
[20.215s] --  Python bindings (pyydlidar)   : Yes 
[20.215s] --   - dep: Swig found?       : Yes [Version: 4.0.1]
[20.215s] --   - dep: PythonLibs found?  : Yes [Version: 3.8.10]
[20.215s] -- 
[20.216s] -- Configuring done
[20.216s] -- Generating done
[20.216s] -- Build files have been written to: /home/agilex/limo_ros2_ws/src/build/ydlidar_sdk
[20.225s] Invoked command in '/home/agilex/limo_ros2_ws/src/build/ydlidar_sdk' returned '0': /usr/bin/cmake /home/agilex/limo_ros2_ws/src/YDLidar-SDK -DCMAKE_INSTALL_PREFIX=/home/agilex/limo_ros2_ws/src/install/ydlidar_sdk
[20.227s] Invoking command in '/home/agilex/limo_ros2_ws/src/build/ydlidar_sdk': /usr/bin/cmake --build /home/agilex/limo_ros2_ws/src/build/ydlidar_sdk -- -j6 -l6
[20.411s] [35m[1mScanning dependencies of target ydlidar_sdk[0m
[20.500s] [  2%] [32mBuilding CXX object CMakeFiles/ydlidar_sdk.dir/core/base/timer.cpp.o[0m
[20.931s] [  5%] [32mBuilding CXX object CMakeFiles/ydlidar_sdk.dir/core/network/SimpleSocket.cpp.o[0m
[21.771s] [  8%] [32mBuilding CXX object CMakeFiles/ydlidar_sdk.dir/core/serial/serial.cpp.o[0m
[22.484s] In file included from [01m[K/home/agilex/limo_ros2_ws/src/YDLidar-SDK/core/serial/common.h:45[m[K,
[22.485s]                  from [01m[K/home/agilex/limo_ros2_ws/src/YDLidar-SDK/core/serial/serial.cpp:12[m[K:
[22.485s] [01m[K/home/agilex/limo_ros2_ws/src/YDLidar-SDK/./core/base/thread.h:[m[K In member function ‘[01m[Kint ydlidar::core::base::Thread::join(long unsigned int)[m[K’:
[22.485s] [01m[K/home/agilex/limo_ros2_ws/src/YDLidar-SDK/./core/base/thread.h:118:18:[m[K [01;35m[Kwarning: [m[Kformat ‘[01m[K%X[m[K’ expects argument of type ‘[01m[Kunsigned int[m[K’, but argument 2 has type ‘[01m[K_size_t[m[K’ {aka ‘[01m[Klong unsigned int[m[K’} [[01;35m[K-Wformat=[m[K]
[22.485s]   118 |       printf("0x[01;35m[K%X[m[K thread has been canceled\n", [32m[Kthis->_handle[m[K);
[22.485s]       |                 [01;35m[K~^[m[K                              [32m[K~~~~~~~~~~~~~[m[K
[22.485s]       |                  [01;35m[K|[m[K                                    [32m[K|[m[K
[22.486s]       |                  [01;35m[Kunsigned int[m[K                         [32m[K_size_t {aka long unsigned int}[m[K
[22.486s]       |                 [32m[K%lX[m[K
[22.950s] [ 11%] [32mBuilding C object CMakeFiles/ydlidar_sdk.dir/core/serial/impl/unix/lock.c.o[0m
[23.130s] [ 13%] [32mBuilding CXX object CMakeFiles/ydlidar_sdk.dir/core/serial/impl/unix/list_ports_linux.cpp.o[0m
[24.196s] [ 16%] [32mBuilding CXX object CMakeFiles/ydlidar_sdk.dir/core/serial/impl/unix/unix_serial.cpp.o[0m
[25.125s] [ 19%] [32mBuilding CXX object CMakeFiles/ydlidar_sdk.dir/src/CYdLidar.cpp.o[0m
[25.682s] In file included from [01m[K/home/agilex/limo_ros2_ws/src/YDLidar-SDK/./core/common/DriverInterface.h:3[m[K,
[25.682s]                  from [01m[K/home/agilex/limo_ros2_ws/src/YDLidar-SDK/src/CYdLidar.h:48[m[K,
[25.683s]                  from [01m[K/home/agilex/limo_ros2_ws/src/YDLidar-SDK/src/CYdLidar.cpp:29[m[K:
[25.683s] [01m[K/home/agilex/limo_ros2_ws/src/YDLidar-SDK/./core/base/thread.h:[m[K In member function ‘[01m[Kint ydlidar::core::base::Thread::join(long unsigned int)[m[K’:
[25.683s] [01m[K/home/agilex/limo_ros2_ws/src/YDLidar-SDK/./core/base/thread.h:118:18:[m[K [01;35m[Kwarning: [m[Kformat ‘[01m[K%X[m[K’ expects argument of type ‘[01m[Kunsigned int[m[K’, but argument 2 has type ‘[01m[K_size_t[m[K’ {aka ‘[01m[Klong unsigned int[m[K’} [[01;35m[K-Wformat=[m[K]
[25.683s]   118 |       printf("0x[01;35m[K%X[m[K thread has been canceled\n", [32m[Kthis->_handle[m[K);
[25.683s]       |                 [01;35m[K~^[m[K                              [32m[K~~~~~~~~~~~~~[m[K
[25.683s]       |                  [01;35m[K|[m[K                                    [32m[K|[m[K
[25.683s]       |                  [01;35m[Kunsigned int[m[K                         [32m[K_size_t {aka long unsigned int}[m[K
[25.683s]       |                 [32m[K%lX[m[K
[27.170s] [ 22%] [32mBuilding CXX object CMakeFiles/ydlidar_sdk.dir/src/ETLidarDriver.cpp.o[0m
[27.763s] In file included from [01m[K/home/agilex/limo_ros2_ws/src/YDLidar-SDK/src/ETLidarDriver.h:46[m[K,
[27.763s]                  from [01m[K/home/agilex/limo_ros2_ws/src/YDLidar-SDK/src/ETLidarDriver.cpp:32[m[K:
[27.764s] [01m[K/home/agilex/limo_ros2_ws/src/YDLidar-SDK/./core/base/thread.h:[m[K In member function ‘[01m[Kint ydlidar::core::base::Thread::join(long unsigned int)[m[K’:
[27.764s] [01m[K/home/agilex/limo_ros2_ws/src/YDLidar-SDK/./core/base/thread.h:118:18:[m[K [01;35m[Kwarning: [m[Kformat ‘[01m[K%X[m[K’ expects argument of type ‘[01m[Kunsigned int[m[K’, but argument 2 has type ‘[01m[K_size_t[m[K’ {aka ‘[01m[Klong unsigned int[m[K’} [[01;35m[K-Wformat=[m[K]
[27.764s]   118 |       printf("0x[01;35m[K%X[m[K thread has been canceled\n", [32m[Kthis->_handle[m[K);
[27.764s]       |                 [01;35m[K~^[m[K                              [32m[K~~~~~~~~~~~~~[m[K
[27.764s]       |                  [01;35m[K|[m[K                                    [32m[K|[m[K
[27.764s]       |                  [01;35m[Kunsigned int[m[K                         [32m[K_size_t {aka long unsigned int}[m[K
[27.764s]       |                 [32m[K%lX[m[K
[28.743s] [ 25%] [32mBuilding CXX object CMakeFiles/ydlidar_sdk.dir/src/GS1LidarDriver.cpp.o[0m
[29.517s] In file included from [01m[K/home/agilex/limo_ros2_ws/src/YDLidar-SDK/src/GS1LidarDriver.h:57[m[K,
[29.517s]                  from [01m[K/home/agilex/limo_ros2_ws/src/YDLidar-SDK/src/GS1LidarDriver.cpp:35[m[K:
[29.518s] [01m[K/home/agilex/limo_ros2_ws/src/YDLidar-SDK/./core/base/thread.h:[m[K In member function ‘[01m[Kint ydlidar::core::base::Thread::join(long unsigned int)[m[K’:
[29.518s] [01m[K/home/agilex/limo_ros2_ws/src/YDLidar-SDK/./core/base/thread.h:118:18:[m[K [01;35m[Kwarning: [m[Kformat ‘[01m[K%X[m[K’ expects argument of type ‘[01m[Kunsigned int[m[K’, but argument 2 has type ‘[01m[K_size_t[m[K’ {aka ‘[01m[Klong unsigned int[m[K’} [[01;35m[K-Wformat=[m[K]
[29.518s]   118 |       printf("0x[01;35m[K%X[m[K thread has been canceled\n", [32m[Kthis->_handle[m[K);
[29.519s]       |                 [01;35m[K~^[m[K                              [32m[K~~~~~~~~~~~~~[m[K
[29.519s]       |                  [01;35m[K|[m[K                                    [32m[K|[m[K
[29.519s]       |                  [01;35m[Kunsigned int[m[K                         [32m[K_size_t {aka long unsigned int}[m[K
[29.519s]       |                 [32m[K%lX[m[K
[29.641s] [01m[K/home/agilex/limo_ros2_ws/src/YDLidar-SDK/src/GS1LidarDriver.cpp:[m[K In member function ‘[01m[Kresult_t ydlidar::GS1LidarDriver::waitPackage(node_info*, uint32_t)[m[K’:
[29.642s] [01m[K/home/agilex/limo_ros2_ws/src/YDLidar-SDK/src/GS1LidarDriver.cpp:981:87:[m[K [01;35m[Kwarning: [m[Ktaking address of packed member of ‘[01m[Knode_info[m[K’ may result in an unaligned pointer value [[01;35m[K-Waddress-of-packed-member[m[K]
[29.642s]   981 | 2, package_Sample_Index, &sampleAngle, [01;35m[K&(*node).distance_q2[m[K);
[29.642s]       |                                        [01;35m[K^~~~~~~~~~~~~~~~~~~~[m[K
[29.643s] 
[30.430s] [ 27%] [32mBuilding CXX object CMakeFiles/ydlidar_sdk.dir/src/GS2LidarDriver.cpp.o[0m
[31.205s] In file included from [01m[K/home/agilex/limo_ros2_ws/src/YDLidar-SDK/src/GS2LidarDriver.h:57[m[K,
[31.205s]                  from [01m[K/home/agilex/limo_ros2_ws/src/YDLidar-SDK/src/GS2LidarDriver.cpp:35[m[K:
[31.206s] [01m[K/home/agilex/limo_ros2_ws/src/YDLidar-SDK/./core/base/thread.h:[m[K In member function ‘[01m[Kint ydlidar::core::base::Thread::join(long unsigned int)[m[K’:
[31.206s] [01m[K/home/agilex/limo_ros2_ws/src/YDLidar-SDK/./core/base/thread.h:118:18:[m[K [01;35m[Kwarning: [m[Kformat ‘[01m[K%X[m[K’ expects argument of type ‘[01m[Kunsigned int[m[K’, but argument 2 has type ‘[01m[K_size_t[m[K’ {aka ‘[01m[Klong unsigned int[m[K’} [[01;35m[K-Wformat=[m[K]
[31.206s]   118 |       printf("0x[01;35m[K%X[m[K thread has been canceled\n", [32m[Kthis->_handle[m[K);
[31.206s]       |                 [01;35m[K~^[m[K                              [32m[K~~~~~~~~~~~~~[m[K
[31.206s]       |                  [01;35m[K|[m[K                                    [32m[K|[m[K
[31.206s]       |                  [01;35m[Kunsigned int[m[K                         [32m[K_size_t {aka long unsigned int}[m[K
[31.206s]       |                 [32m[K%lX[m[K
[31.319s] [01m[K/home/agilex/limo_ros2_ws/src/YDLidar-SDK/src/GS2LidarDriver.cpp:[m[K In member function ‘[01m[Kresult_t ydlidar::GS2LidarDriver::waitPackage(node_info*, uint32_t)[m[K’:
[31.319s] [01m[K/home/agilex/limo_ros2_ws/src/YDLidar-SDK/src/GS2LidarDriver.cpp:885:83:[m[K [01;35m[Kwarning: [m[Ktaking address of packed member of ‘[01m[Knode_info[m[K’ may result in an unaligned pointer value [[01;35m[K-Waddress-of-packed-member[m[K]
[31.320s]   885 | 2, package_Sample_Index, &sampleAngle, [01;35m[K&(*node).distance_q2[m[K);
[31.320s]       |                                        [01;35m[K^~~~~~~~~~~~~~~~~~~~[m[K
[31.320s] 
[31.334s] [01m[K/home/agilex/limo_ros2_ws/src/YDLidar-SDK/src/GS2LidarDriver.cpp:[m[K In member function ‘[01m[Kresult_t ydlidar::GS2LidarDriver::createThread()[m[K’:
[31.334s] [01m[K/home/agilex/limo_ros2_ws/src/YDLidar-SDK/src/GS2LidarDriver.cpp:1480:45:[m[K [01;35m[Kwarning: [m[Kformat ‘[01m[K%X[m[K’ expects argument of type ‘[01m[Kunsigned int[m[K’, but argument 2 has type ‘[01m[K_size_t[m[K’ {aka ‘[01m[Klong unsigned int[m[K’} [[01;35m[K-Wformat=[m[K]
[31.334s]  1480 | rintf("[GS2Lidar] Create GS2 thread 0x[01;35m[K%X[m[K\n", [32m[K_thread.getHandle()[m[K);
[31.334s]       |                                       [01;35m[K~^[m[K     [32m[K~~~~~~~~~~~~~~~~~~~[m[K
[31.334s]       |                                        [01;35m[K|[m[K                      [32m[K|[m[K
[31.335s]       |                                        [01;35m[Kunsigned int[m[K           [32m[K_size_t {aka long unsigned int}[m[K
[31.335s]       |                                       [32m[K%lX[m[K
[32.114s] [ 30%] [32mBuilding CXX object CMakeFiles/ydlidar_sdk.dir/src/YDlidarDriver.cpp.o[0m
[33.004s] In file included from [01m[K/home/agilex/limo_ros2_ws/src/YDLidar-SDK/src/YDlidarDriver.h:46[m[K,
[33.004s]                  from [01m[K/home/agilex/limo_ros2_ws/src/YDLidar-SDK/src/YDlidarDriver.cpp:26[m[K:
[33.004s] [01m[K/home/agilex/limo_ros2_ws/src/YDLidar-SDK/./core/base/thread.h:[m[K In member function ‘[01m[Kint ydlidar::core::base::Thread::join(long unsigned int)[m[K’:
[33.004s] [01m[K/home/agilex/limo_ros2_ws/src/YDLidar-SDK/./core/base/thread.h:118:18:[m[K [01;35m[Kwarning: [m[Kformat ‘[01m[K%X[m[K’ expects argument of type ‘[01m[Kunsigned int[m[K’, but argument 2 has type ‘[01m[K_size_t[m[K’ {aka ‘[01m[Klong unsigned int[m[K’} [[01;35m[K-Wformat=[m[K]
[33.004s]   118 |       printf("0x[01;35m[K%X[m[K thread has been canceled\n", [32m[Kthis->_handle[m[K);
[33.005s]       |                 [01;35m[K~^[m[K                              [32m[K~~~~~~~~~~~~~[m[K
[33.005s]       |                  [01;35m[K|[m[K                                    [32m[K|[m[K
[33.005s]       |                  [01;35m[Kunsigned int[m[K                         [32m[K_size_t {aka long unsigned int}[m[K
[33.005s]       |                 [32m[K%lX[m[K
[33.178s] [01m[K/home/agilex/limo_ros2_ws/src/YDLidar-SDK/src/YDlidarDriver.cpp:[m[K In member function ‘[01m[Kresult_t ydlidar::YDlidarDriver::createThread()[m[K’:
[33.178s] [01m[K/home/agilex/limo_ros2_ws/src/YDLidar-SDK/src/YDlidarDriver.cpp:1956:38:[m[K [01;35m[Kwarning: [m[Kformat ‘[01m[K%X[m[K’ expects argument of type ‘[01m[Kunsigned int[m[K’, but argument 2 has type ‘[01m[K_size_t[m[K’ {aka ‘[01m[Klong unsigned int[m[K’} [[01;35m[K-Wformat=[m[K]
[33.178s]  1956 |   printf("[YDlidar] Create thread 0x[01;35m[K%X[m[K\n", [32m[K_thread.getHandle()[m[K);
[33.178s]       |                                     [01;35m[K~^[m[K     [32m[K~~~~~~~~~~~~~~~~~~~[m[K
[33.178s]       |                                      [01;35m[K|[m[K                      [32m[K|[m[K
[33.178s]       |                                      [01;35m[Kunsigned int[m[K           [32m[K_size_t {aka long unsigned int}[m[K
[33.179s]       |                                     [32m[K%lX[m[K
[34.034s] [ 33%] [32mBuilding CXX object CMakeFiles/ydlidar_sdk.dir/src/ydlidar_sdk.cpp.o[0m
[34.530s] In file included from [01m[K/home/agilex/limo_ros2_ws/src/YDLidar-SDK/./core/common/DriverInterface.h:3[m[K,
[34.530s]                  from [01m[K/home/agilex/limo_ros2_ws/src/YDLidar-SDK/src/CYdLidar.h:48[m[K,
[34.530s]                  from [01m[K/home/agilex/limo_ros2_ws/src/YDLidar-SDK/src/ydlidar_sdk.cpp:27[m[K:
[34.531s] [01m[K/home/agilex/limo_ros2_ws/src/YDLidar-SDK/./core/base/thread.h:[m[K In member function ‘[01m[Kint ydlidar::core::base::Thread::join(long unsigned int)[m[K’:
[34.531s] [01m[K/home/agilex/limo_ros2_ws/src/YDLidar-SDK/./core/base/thread.h:118:18:[m[K [01;35m[Kwarning: [m[Kformat ‘[01m[K%X[m[K’ expects argument of type ‘[01m[Kunsigned int[m[K’, but argument 2 has type ‘[01m[K_size_t[m[K’ {aka ‘[01m[Klong unsigned int[m[K’} [[01;35m[K-Wformat=[m[K]
[34.531s]   118 |       printf("0x[01;35m[K%X[m[K thread has been canceled\n", [32m[Kthis->_handle[m[K);
[34.531s]       |                 [01;35m[K~^[m[K                              [32m[K~~~~~~~~~~~~~[m[K
[34.531s]       |                  [01;35m[K|[m[K                                    [32m[K|[m[K
[34.531s]       |                  [01;35m[Kunsigned int[m[K                         [32m[K_size_t {aka long unsigned int}[m[K
[34.531s]       |                 [32m[K%lX[m[K
[34.954s] [ 36%] [32mBuilding CXX object CMakeFiles/ydlidar_sdk.dir/src/filters/NoiseFilter.cpp.o[0m
[36.026s] [ 38%] [32mBuilding CXX object CMakeFiles/ydlidar_sdk.dir/core/network/PassiveSocket.cpp.o[0m
[36.730s] [ 41%] [32mBuilding CXX object CMakeFiles/ydlidar_sdk.dir/core/network/ActiveSocket.cpp.o[0m
[37.432s] [ 44%] [32mBuilding CXX object CMakeFiles/ydlidar_sdk.dir/core/common/ydlidar_def.cpp.o[0m
[37.543s] [ 47%] [32m[1mLinking CXX static library libydlidar_sdk.a[0m
[37.700s] [ 47%] Built target ydlidar_sdk
[37.737s] [35m[1mScanning dependencies of target ydlidar_swig_compilation[0m
[37.776s] [ 50%] [34m[1mSwig compile ydlidar_sdk.i for python[0m
[38.862s] [ 50%] Built target ydlidar_swig_compilation
[38.899s] [35m[1mScanning dependencies of target tri_and_gs_test[0m
[38.943s] [ 52%] [32mBuilding CXX object samples/CMakeFiles/tri_and_gs_test.dir/tri_and_gs_test.cpp.o[0m
[39.265s] In file included from [01m[K/home/agilex/limo_ros2_ws/src/YDLidar-SDK/./core/common/DriverInterface.h:3[m[K,
[39.266s]                  from [01m[K/home/agilex/limo_ros2_ws/src/YDLidar-SDK/src/CYdLidar.h:48[m[K,
[39.266s]                  from [01m[K/home/agilex/limo_ros2_ws/src/YDLidar-SDK/samples/tri_and_gs_test.cpp:1[m[K:
[39.266s] [01m[K/home/agilex/limo_ros2_ws/src/YDLidar-SDK/./core/base/thread.h:[m[K In member function ‘[01m[Kint ydlidar::core::base::Thread::join(long unsigned int)[m[K’:
[39.266s] [01m[K/home/agilex/limo_ros2_ws/src/YDLidar-SDK/./core/base/thread.h:118:18:[m[K [01;35m[Kwarning: [m[Kformat ‘[01m[K%X[m[K’ expects argument of type ‘[01m[Kunsigned int[m[K’, but argument 2 has type ‘[01m[K_size_t[m[K’ {aka ‘[01m[Klong unsigned int[m[K’} [[01;35m[K-Wformat=[m[K]
[39.266s]   118 |       printf("0x[01;35m[K%X[m[K thread has been canceled\n", [32m[Kthis->_handle[m[K);
[39.266s]       |                 [01;35m[K~^[m[K                              [32m[K~~~~~~~~~~~~~[m[K
[39.266s]       |                  [01;35m[K|[m[K                                    [32m[K|[m[K
[39.267s]       |                  [01;35m[Kunsigned int[m[K                         [32m[K_size_t {aka long unsigned int}[m[K
[39.267s]       |                 [32m[K%lX[m[K
[39.782s] [ 55%] [32m[1mLinking CXX executable ../tri_and_gs_test[0m
[40.063s] [ 55%] Built target tri_and_gs_test
[40.103s] [35m[1mScanning dependencies of target tmini_test[0m
[40.146s] [ 58%] [32mBuilding CXX object samples/CMakeFiles/tmini_test.dir/tmini_test.cpp.o[0m
[40.470s] In file included from [01m[K/home/agilex/limo_ros2_ws/src/YDLidar-SDK/./core/common/DriverInterface.h:3[m[K,
[40.470s]                  from [01m[K/home/agilex/limo_ros2_ws/src/YDLidar-SDK/src/CYdLidar.h:48[m[K,
[40.470s]                  from [01m[K/home/agilex/limo_ros2_ws/src/YDLidar-SDK/samples/tmini_test.cpp:34[m[K:
[40.470s] [01m[K/home/agilex/limo_ros2_ws/src/YDLidar-SDK/./core/base/thread.h:[m[K In member function ‘[01m[Kint ydlidar::core::base::Thread::join(long unsigned int)[m[K’:
[40.471s] [01m[K/home/agilex/limo_ros2_ws/src/YDLidar-SDK/./core/base/thread.h:118:18:[m[K [01;35m[Kwarning: [m[Kformat ‘[01m[K%X[m[K’ expects argument of type ‘[01m[Kunsigned int[m[K’, but argument 2 has type ‘[01m[K_size_t[m[K’ {aka ‘[01m[Klong unsigned int[m[K’} [[01;35m[K-Wformat=[m[K]
[40.471s]   118 |       printf("0x[01;35m[K%X[m[K thread has been canceled\n", [32m[Kthis->_handle[m[K);
[40.471s]       |                 [01;35m[K~^[m[K                              [32m[K~~~~~~~~~~~~~[m[K
[40.471s]       |                  [01;35m[K|[m[K                                    [32m[K|[m[K
[40.471s]       |                  [01;35m[Kunsigned int[m[K                         [32m[K_size_t {aka long unsigned int}[m[K
[40.471s]       |                 [32m[K%lX[m[K
[41.218s] [ 61%] [32m[1mLinking CXX executable ../tmini_test[0m
[41.482s] [ 61%] Built target tmini_test
[41.517s] [35m[1mScanning dependencies of target lidar_c_api_test[0m
[41.556s] [ 63%] [32mBuilding C object samples/CMakeFiles/lidar_c_api_test.dir/lidar_c_api_test.c.o[0m
[41.573s] [01m[Kcc1:[m[K [01;35m[Kwarning: [m[Kcommand line option ‘[01m[K-std=c++11[m[K’ is valid for C++/ObjC++ but not for C
[41.670s] [ 66%] [32m[1mLinking CXX executable ../lidar_c_api_test[0m
[41.948s] [ 66%] Built target lidar_c_api_test
[41.987s] [35m[1mScanning dependencies of target _ydlidar[0m
[42.048s] [ 69%] [32mBuilding CXX object python/CMakeFiles/_ydlidar.dir/CMakeFiles/_ydlidar.dir/ydlidar_sdkPYTHON_wrap.cxx.o[0m
[42.874s] In file included from [01m[K/home/agilex/limo_ros2_ws/src/YDLidar-SDK/./core/common/DriverInterface.h:3[m[K,
[42.874s]                  from [01m[K/home/agilex/limo_ros2_ws/src/YDLidar-SDK/core/../src/CYdLidar.h:48[m[K,
[42.874s]                  from [01m[K/home/agilex/limo_ros2_ws/src/build/ydlidar_sdk/python/CMakeFiles/_ydlidar.dir/ydlidar_sdkPYTHON_wrap.cxx:3331[m[K:
[42.874s] [01m[K/home/agilex/limo_ros2_ws/src/YDLidar-SDK/./core/base/thread.h:[m[K In member function ‘[01m[Kint ydlidar::core::base::Thread::join(long unsigned int)[m[K’:
[42.874s] [01m[K/home/agilex/limo_ros2_ws/src/YDLidar-SDK/./core/base/thread.h:118:18:[m[K [01;35m[Kwarning: [m[Kformat ‘[01m[K%X[m[K’ expects argument of type ‘[01m[Kunsigned int[m[K’, but argument 2 has type ‘[01m[K_size_t[m[K’ {aka ‘[01m[Klong unsigned int[m[K’} [[01;35m[K-Wformat=[m[K]
[42.875s]   118 |       printf("0x[01;35m[K%X[m[K thread has been canceled\n", [32m[Kthis->_handle[m[K);
[42.875s]       |                 [01;35m[K~^[m[K                              [32m[K~~~~~~~~~~~~~[m[K
[42.875s]       |                  [01;35m[K|[m[K                                    [32m[K|[m[K
[42.875s]       |                  [01;35m[Kunsigned int[m[K                         [32m[K_size_t {aka long unsigned int}[m[K
[42.875s]       |                 [32m[K%lX[m[K
[46.047s] [ 72%] [32m[1mLinking CXX shared module _ydlidar.so[0m
[46.375s] [ 72%] Built target _ydlidar
[46.413s] [35m[1mScanning dependencies of target lidar_test[0m
[46.461s] [ 75%] [32mBuilding CXX object test/CMakeFiles/lidar_test.dir/lidar_test.cpp.o[0m
[47.710s] In file included from [01m[K/home/agilex/limo_ros2_ws/src/YDLidar-SDK/./core/common/DriverInterface.h:3[m[K,
[47.711s]                  from [01m[K/home/agilex/limo_ros2_ws/src/YDLidar-SDK/src/CYdLidar.h:48[m[K,
[47.711s]                  from [01m[K/home/agilex/limo_ros2_ws/src/YDLidar-SDK/test/lidar_test.h:5[m[K,
[47.711s]                  from [01m[K/home/agilex/limo_ros2_ws/src/YDLidar-SDK/test/lidar_test.cpp:1[m[K:
[47.711s] [01m[K/home/agilex/limo_ros2_ws/src/YDLidar-SDK/./core/base/thread.h:[m[K In member function ‘[01m[Kint ydlidar::core::base::Thread::join(long unsigned int)[m[K’:
[47.711s] [01m[K/home/agilex/limo_ros2_ws/src/YDLidar-SDK/./core/base/thread.h:118:18:[m[K [01;35m[Kwarning: [m[Kformat ‘[01m[K%X[m[K’ expects argument of type ‘[01m[Kunsigned int[m[K’, but argument 2 has type ‘[01m[K_size_t[m[K’ {aka ‘[01m[Klong unsigned int[m[K’} [[01;35m[K-Wformat=[m[K]
[47.711s]   118 |       printf("0x[01;35m[K%X[m[K thread has been canceled\n", [32m[Kthis->_handle[m[K);
[47.711s]       |                 [01;35m[K~^[m[K                              [32m[K~~~~~~~~~~~~~[m[K
[47.711s]       |                  [01;35m[K|[m[K                                    [32m[K|[m[K
[47.712s]       |                  [01;35m[Kunsigned int[m[K                         [32m[K_size_t {aka long unsigned int}[m[K
[47.712s]       |                 [32m[K%lX[m[K
[48.354s] [ 77%] [32m[1mLinking CXX executable lidar_test[0m
[48.673s] [ 77%] Built target lidar_test
[48.708s] [35m[1mScanning dependencies of target tof_test[0m
[48.749s] [ 80%] [32mBuilding CXX object samples/CMakeFiles/tof_test.dir/tof_test.cpp.o[0m
[49.276s] In file included from [01m[K/home/agilex/limo_ros2_ws/src/YDLidar-SDK/./core/common/DriverInterface.h:3[m[K,
[49.276s]                  from [01m[K/home/agilex/limo_ros2_ws/src/YDLidar-SDK/src/CYdLidar.h:48[m[K,
[49.276s]                  from [01m[K/home/agilex/limo_ros2_ws/src/YDLidar-SDK/samples/tof_test.cpp:38[m[K:
[49.277s] [01m[K/home/agilex/limo_ros2_ws/src/YDLidar-SDK/./core/base/thread.h:[m[K In member function ‘[01m[Kint ydlidar::core::base::Thread::join(long unsigned int)[m[K’:
[49.277s] [01m[K/home/agilex/limo_ros2_ws/src/YDLidar-SDK/./core/base/thread.h:118:18:[m[K [01;35m[Kwarning: [m[Kformat ‘[01m[K%X[m[K’ expects argument of type ‘[01m[Kunsigned int[m[K’, but argument 2 has type ‘[01m[K_size_t[m[K’ {aka ‘[01m[Klong unsigned int[m[K’} [[01;35m[K-Wformat=[m[K]
[49.277s]   118 |       printf("0x[01;35m[K%X[m[K thread has been canceled\n", [32m[Kthis->_handle[m[K);
[49.277s]       |                 [01;35m[K~^[m[K                              [32m[K~~~~~~~~~~~~~[m[K
[49.277s]       |                  [01;35m[K|[m[K                                    [32m[K|[m[K
[49.277s]       |                  [01;35m[Kunsigned int[m[K                         [32m[K_size_t {aka long unsigned int}[m[K
[49.278s]       |                 [32m[K%lX[m[K
[49.893s] [ 83%] [32m[1mLinking CXX executable ../tof_test[0m
[50.237s] [ 83%] Built target tof_test
[50.275s] [35m[1mScanning dependencies of target gs_test[0m
[50.315s] [ 86%] [32mBuilding CXX object samples/CMakeFiles/gs_test.dir/gs_test.cpp.o[0m
[50.634s] In file included from [01m[K/home/agilex/limo_ros2_ws/src/YDLidar-SDK/./core/common/DriverInterface.h:3[m[K,
[50.635s]                  from [01m[K/home/agilex/limo_ros2_ws/src/YDLidar-SDK/src/CYdLidar.h:48[m[K,
[50.635s]                  from [01m[K/home/agilex/limo_ros2_ws/src/YDLidar-SDK/samples/gs_test.cpp:34[m[K:
[50.635s] [01m[K/home/agilex/limo_ros2_ws/src/YDLidar-SDK/./core/base/thread.h:[m[K In member function ‘[01m[Kint ydlidar::core::base::Thread::join(long unsigned int)[m[K’:
[50.635s] [01m[K/home/agilex/limo_ros2_ws/src/YDLidar-SDK/./core/base/thread.h:118:18:[m[K [01;35m[Kwarning: [m[Kformat ‘[01m[K%X[m[K’ expects argument of type ‘[01m[Kunsigned int[m[K’, but argument 2 has type ‘[01m[K_size_t[m[K’ {aka ‘[01m[Klong unsigned int[m[K’} [[01;35m[K-Wformat=[m[K]
[50.635s]   118 |       printf("0x[01;35m[K%X[m[K thread has been canceled\n", [32m[Kthis->_handle[m[K);
[50.635s]       |                 [01;35m[K~^[m[K                              [32m[K~~~~~~~~~~~~~[m[K
[50.636s]       |                  [01;35m[K|[m[K                                    [32m[K|[m[K
[50.636s]       |                  [01;35m[Kunsigned int[m[K                         [32m[K_size_t {aka long unsigned int}[m[K
[50.636s]       |                 [32m[K%lX[m[K
[51.367s] [ 88%] [32m[1mLinking CXX executable ../gs_test[0m
[51.643s] [ 88%] Built target gs_test
[51.681s] [35m[1mScanning dependencies of target tri_test[0m
[51.730s] [ 91%] [32mBuilding CXX object samples/CMakeFiles/tri_test.dir/tri_test.cpp.o[0m
[52.079s] In file included from [01m[K/home/agilex/limo_ros2_ws/src/YDLidar-SDK/./core/common/DriverInterface.h:3[m[K,
[52.079s]                  from [01m[K/home/agilex/limo_ros2_ws/src/YDLidar-SDK/src/CYdLidar.h:48[m[K,
[52.079s]                  from [01m[K/home/agilex/limo_ros2_ws/src/YDLidar-SDK/samples/tri_test.cpp:34[m[K:
[52.080s] [01m[K/home/agilex/limo_ros2_ws/src/YDLidar-SDK/./core/base/thread.h:[m[K In member function ‘[01m[Kint ydlidar::core::base::Thread::join(long unsigned int)[m[K’:
[52.080s] [01m[K/home/agilex/limo_ros2_ws/src/YDLidar-SDK/./core/base/thread.h:118:18:[m[K [01;35m[Kwarning: [m[Kformat ‘[01m[K%X[m[K’ expects argument of type ‘[01m[Kunsigned int[m[K’, but argument 2 has type ‘[01m[K_size_t[m[K’ {aka ‘[01m[Klong unsigned int[m[K’} [[01;35m[K-Wformat=[m[K]
[52.080s]   118 |       printf("0x[01;35m[K%X[m[K thread has been canceled\n", [32m[Kthis->_handle[m[K);
[52.080s]       |                 [01;35m[K~^[m[K                              [32m[K~~~~~~~~~~~~~[m[K
[52.080s]       |                  [01;35m[K|[m[K                                    [32m[K|[m[K
[52.080s]       |                  [01;35m[Kunsigned int[m[K                         [32m[K_size_t {aka long unsigned int}[m[K
[52.080s]       |                 [32m[K%lX[m[K
[52.905s] [ 94%] [32m[1mLinking CXX executable ../tri_test[0m
[53.171s] [ 94%] Built target tri_test
[53.210s] [35m[1mScanning dependencies of target et_test[0m
[53.250s] [ 97%] [32mBuilding CXX object samples/CMakeFiles/et_test.dir/et_test.cpp.o[0m
[53.586s] In file included from [01m[K/home/agilex/limo_ros2_ws/src/YDLidar-SDK/./core/common/DriverInterface.h:3[m[K,
[53.587s]                  from [01m[K/home/agilex/limo_ros2_ws/src/YDLidar-SDK/src/CYdLidar.h:48[m[K,
[53.587s]                  from [01m[K/home/agilex/limo_ros2_ws/src/YDLidar-SDK/samples/et_test.cpp:34[m[K:
[53.587s] [01m[K/home/agilex/limo_ros2_ws/src/YDLidar-SDK/./core/base/thread.h:[m[K In member function ‘[01m[Kint ydlidar::core::base::Thread::join(long unsigned int)[m[K’:
[53.587s] [01m[K/home/agilex/limo_ros2_ws/src/YDLidar-SDK/./core/base/thread.h:118:18:[m[K [01;35m[Kwarning: [m[Kformat ‘[01m[K%X[m[K’ expects argument of type ‘[01m[Kunsigned int[m[K’, but argument 2 has type ‘[01m[K_size_t[m[K’ {aka ‘[01m[Klong unsigned int[m[K’} [[01;35m[K-Wformat=[m[K]
[53.587s]   118 |       printf("0x[01;35m[K%X[m[K thread has been canceled\n", [32m[Kthis->_handle[m[K);
[53.587s]       |                 [01;35m[K~^[m[K                              [32m[K~~~~~~~~~~~~~[m[K
[53.588s]       |                  [01;35m[K|[m[K                                    [32m[K|[m[K
[53.588s]       |                  [01;35m[Kunsigned int[m[K                         [32m[K_size_t {aka long unsigned int}[m[K
[53.588s]       |                 [32m[K%lX[m[K
[54.134s] [100%] [32m[1mLinking CXX executable ../et_test[0m
[54.415s] [100%] Built target et_test
[54.511s] Invoked command in '/home/agilex/limo_ros2_ws/src/build/ydlidar_sdk' returned '0': /usr/bin/cmake --build /home/agilex/limo_ros2_ws/src/build/ydlidar_sdk -- -j6 -l6
[54.846s] Invoking command in '/home/agilex/limo_ros2_ws/src/build/ydlidar_sdk': /usr/bin/cmake --install /home/agilex/limo_ros2_ws/src/build/ydlidar_sdk
[54.886s] -- Install configuration: ""
[54.887s] -- Installing: /home/agilex/limo_ros2_ws/src/install/ydlidar_sdk/include/core/base/datatype.h
[54.888s] -- Installing: /home/agilex/limo_ros2_ws/src/install/ydlidar_sdk/include/core/base/locker.h
[54.889s] -- Installing: /home/agilex/limo_ros2_ws/src/install/ydlidar_sdk/include/core/base/thread.h
[54.890s] -- Installing: /home/agilex/limo_ros2_ws/src/install/ydlidar_sdk/include/core/base/timer.h
[54.890s] -- Installing: /home/agilex/limo_ros2_ws/src/install/ydlidar_sdk/include/core/base/typedef.h
[54.891s] -- Installing: /home/agilex/limo_ros2_ws/src/install/ydlidar_sdk/include/core/base/utils.h
[54.892s] -- Installing: /home/agilex/limo_ros2_ws/src/install/ydlidar_sdk/include/core/base/v8stdint.h
[54.892s] -- Installing: /home/agilex/limo_ros2_ws/src/install/ydlidar_sdk/include/core/base/ydlidar.h
[54.893s] -- Installing: /home/agilex/limo_ros2_ws/src/install/ydlidar_sdk/include/core/common/ChannelDevice.h
[54.894s] -- Installing: /home/agilex/limo_ros2_ws/src/install/ydlidar_sdk/include/core/common/DriverInterface.h
[54.898s] -- Installing: /home/agilex/limo_ros2_ws/src/install/ydlidar_sdk/include/core/common/ydlidar_datatype.h
[54.898s] -- Installing: /home/agilex/limo_ros2_ws/src/install/ydlidar_sdk/include/core/common/ydlidar_def.h
[54.898s] -- Installing: /home/agilex/limo_ros2_ws/src/install/ydlidar_sdk/include/core/common/ydlidar_help.h
[54.898s] -- Installing: /home/agilex/limo_ros2_ws/src/install/ydlidar_sdk/include/core/common/ydlidar_protocol.h
[54.899s] -- Installing: /home/agilex/limo_ros2_ws/src/install/ydlidar_sdk/include/core/math/angles.h
[54.900s] -- Installing: /home/agilex/limo_ros2_ws/src/install/ydlidar_sdk/include/core/network/ActiveSocket.h
[54.901s] -- Installing: /home/agilex/limo_ros2_ws/src/install/ydlidar_sdk/include/core/network/PassiveSocket.h
[54.901s] -- Installing: /home/agilex/limo_ros2_ws/src/install/ydlidar_sdk/include/core/network/SimpleSocket.h
[54.902s] -- Installing: /home/agilex/limo_ros2_ws/src/install/ydlidar_sdk/include/core/network/StatTimer.h
[54.903s] -- Installing: /home/agilex/limo_ros2_ws/src/install/ydlidar_sdk/include/core/serial/common.h
[54.904s] -- Installing: /home/agilex/limo_ros2_ws/src/install/ydlidar_sdk/include/core/serial/serial.h
[54.905s] -- Installing: /home/agilex/limo_ros2_ws/src/install/ydlidar_sdk/include/core/serial/impl/unix/lock.h
[54.905s] -- Installing: /home/agilex/limo_ros2_ws/src/install/ydlidar_sdk/include/core/serial/impl/unix/unix.h
[54.906s] -- Installing: /home/agilex/limo_ros2_ws/src/install/ydlidar_sdk/include/core/serial/impl/unix/unix_serial.h
[54.907s] -- Installing: /home/agilex/limo_ros2_ws/src/install/ydlidar_sdk/include/src/CYdLidar.h
[54.907s] -- Installing: /home/agilex/limo_ros2_ws/src/install/ydlidar_sdk/include/src/ETLidarDriver.h
[54.908s] -- Installing: /home/agilex/limo_ros2_ws/src/install/ydlidar_sdk/include/src/GS1LidarDriver.h
[54.909s] -- Installing: /home/agilex/limo_ros2_ws/src/install/ydlidar_sdk/include/src/GS2LidarDriver.h
[54.910s] -- Installing: /home/agilex/limo_ros2_ws/src/install/ydlidar_sdk/include/src/YDlidarDriver.h
[54.911s] -- Installing: /home/agilex/limo_ros2_ws/src/install/ydlidar_sdk/include/src/ydlidar_sdk.h
[54.911s] -- Installing: /home/agilex/limo_ros2_ws/src/install/ydlidar_sdk/include/src/filters/FilterInterface.h
[54.912s] -- Installing: /home/agilex/limo_ros2_ws/src/install/ydlidar_sdk/include/src/filters/NoiseFilter.h
[54.913s] -- Installing: /home/agilex/limo_ros2_ws/src/install/ydlidar_sdk/include/ydlidar_config.h
[54.914s] -- Installing: /home/agilex/limo_ros2_ws/src/install/ydlidar_sdk/lib/libydlidar_sdk.a
[54.918s] -- Installing: /home/agilex/limo_ros2_ws/src/install/ydlidar_sdk/lib/pkgconfig/YDLIDAR_SDK.pc
[54.919s] -- Installing: /home/agilex/limo_ros2_ws/src/install/ydlidar_sdk/lib/cmake/ydlidar_sdk/ydlidar_sdkConfig.cmake
[54.920s] -- Installing: /home/agilex/limo_ros2_ws/src/install/ydlidar_sdk/lib/cmake/ydlidar_sdk/ydlidar_sdkTargets.cmake
[54.921s] -- Installing: /home/agilex/limo_ros2_ws/src/install/ydlidar_sdk/lib/cmake/ydlidar_sdk/ydlidar_sdkConfigVersion.cmake
[54.922s] -- Installing: /home/agilex/limo_ros2_ws/src/install/ydlidar_sdk/share/YDLIDAR_SDK/FindYDLIDAR_SDK.cmake
[54.922s] -- Up-to-date: /home/agilex/limo_ros2_ws/src/install/ydlidar_sdk/share/YDLIDAR_SDK
[54.923s] -- Installing: /home/agilex/limo_ros2_ws/src/install/ydlidar_sdk/share/YDLIDAR_SDK/cmake_uninstall.cmake.in
[54.924s] -- Installing: /home/agilex/limo_ros2_ws/src/install/ydlidar_sdk/share/YDLIDAR_SDK/PackageConfigVersion.cmake.in
[54.924s] -- Installing: /home/agilex/limo_ros2_ws/src/install/ydlidar_sdk/share/YDLIDAR_SDK/PkgConfig.pc.in
[54.925s] -- Installing: /home/agilex/limo_ros2_ws/src/install/ydlidar_sdk/share/YDLIDAR_SDK/install_package.cmake
[54.925s] -- Installing: /home/agilex/limo_ros2_ws/src/install/ydlidar_sdk/share/YDLIDAR_SDK/common
[54.926s] -- Installing: /home/agilex/limo_ros2_ws/src/install/ydlidar_sdk/share/YDLIDAR_SDK/common/ydlidar_base.cmake
[54.926s] -- Installing: /home/agilex/limo_ros2_ws/src/install/ydlidar_sdk/share/YDLIDAR_SDK/common/ydlidar_parse.cmake
[54.927s] -- Installing: /home/agilex/limo_ros2_ws/src/install/ydlidar_sdk/share/YDLIDAR_SDK/script_show_final_summary.cmake
[54.928s] -- Installing: /home/agilex/limo_ros2_ws/src/install/ydlidar_sdk/share/YDLIDAR_SDK/FindPackage.cmake.in
[54.928s] -- Installing: /home/agilex/limo_ros2_ws/src/install/ydlidar_sdk/share/YDLIDAR_SDK/PackageConfig.cmake.in
[54.929s] -- Installing: /home/agilex/limo_ros2_ws/src/install/ydlidar_sdk/share/YDLIDAR_SDK/LICENSE.txt
[54.930s] -- Installing: /home/agilex/limo_ros2_ws/src/install/ydlidar_sdk/share/YDLIDAR_SDK/README.md
[54.931s] -- Installing: /home/agilex/limo_ros2_ws/src/install/ydlidar_sdk/share/YDLIDAR_SDK/doc
[54.932s] -- Installing: /home/agilex/limo_ros2_ws/src/install/ydlidar_sdk/share/YDLIDAR_SDK/doc/images
[54.933s] -- Installing: /home/agilex/limo_ros2_ws/src/install/ydlidar_sdk/share/YDLIDAR_SDK/doc/images/system_workflow.png
[54.934s] -- Installing: /home/agilex/limo_ros2_ws/src/install/ydlidar_sdk/share/YDLIDAR_SDK/doc/images/sdk_scanning.png
[54.936s] -- Installing: /home/agilex/limo_ros2_ws/src/install/ydlidar_sdk/share/YDLIDAR_SDK/doc/images/YDLidar.png
[54.936s] -- Installing: /home/agilex/limo_ros2_ws/src/install/ydlidar_sdk/share/YDLIDAR_SDK/doc/images/FlowChart.png
[54.937s] -- Installing: /home/agilex/limo_ros2_ws/src/install/ydlidar_sdk/share/YDLIDAR_SDK/doc/images/frame.png
[54.938s] -- Installing: /home/agilex/limo_ros2_ws/src/install/ydlidar_sdk/share/YDLIDAR_SDK/doc/images/angle_q2.png
[54.939s] -- Installing: /home/agilex/limo_ros2_ws/src/install/ydlidar_sdk/share/YDLIDAR_SDK/doc/images/communication_mechanism.png
[54.940s] -- Installing: /home/agilex/limo_ros2_ws/src/install/ydlidar_sdk/share/YDLIDAR_SDK/doc/images/sequence.png
[54.940s] -- Installing: /home/agilex/limo_ros2_ws/src/install/ydlidar_sdk/share/YDLIDAR_SDK/doc/images/EAI.png
[54.943s] -- Installing: /home/agilex/limo_ros2_ws/src/install/ydlidar_sdk/share/YDLIDAR_SDK/doc/images/sdk_architecture.png
[54.944s] -- Installing: /home/agilex/limo_ros2_ws/src/install/ydlidar_sdk/share/YDLIDAR_SDK/doc/images/frame_intensity.png
[54.945s] -- Installing: /home/agilex/limo_ros2_ws/src/install/ydlidar_sdk/share/YDLIDAR_SDK/doc/images/YDLidar.jpg
[54.946s] -- Installing: /home/agilex/limo_ros2_ws/src/install/ydlidar_sdk/share/YDLIDAR_SDK/doc/images/sdk_init.png
[54.947s] -- Installing: /home/agilex/limo_ros2_ws/src/install/ydlidar_sdk/share/YDLIDAR_SDK/doc/YDLidar_SDK_Communication_Protocol.pdf
[54.950s] -- Installing: /home/agilex/limo_ros2_ws/src/install/ydlidar_sdk/share/YDLIDAR_SDK/doc/Dataset.md
[54.951s] -- Installing: /home/agilex/limo_ros2_ws/src/install/ydlidar_sdk/share/YDLIDAR_SDK/doc/Tutorials.md
[54.952s] -- Installing: /home/agilex/limo_ros2_ws/src/install/ydlidar_sdk/share/YDLIDAR_SDK/doc/howto
[54.953s] -- Installing: /home/agilex/limo_ros2_ws/src/install/ydlidar_sdk/share/YDLIDAR_SDK/doc/howto/how_to_gerenrate_vs_project_by_cmake.md
[54.953s] -- Installing: /home/agilex/limo_ros2_ws/src/install/ydlidar_sdk/share/YDLIDAR_SDK/doc/howto/how_to_create_a_udev_rules.md
[54.954s] -- Installing: /home/agilex/limo_ros2_ws/src/install/ydlidar_sdk/share/YDLIDAR_SDK/doc/howto/images
[54.954s] -- Installing: /home/agilex/limo_ros2_ws/src/install/ydlidar_sdk/share/YDLIDAR_SDK/doc/howto/images/csharp_running.png
[54.955s] -- Installing: /home/agilex/limo_ros2_ws/src/install/ydlidar_sdk/share/YDLIDAR_SDK/doc/howto/images/sdk_scanning.png
[54.956s] -- Installing: /home/agilex/limo_ros2_ws/src/install/ydlidar_sdk/share/YDLIDAR_SDK/doc/howto/images/vscode
[54.956s] -- Installing: /home/agilex/limo_ros2_ws/src/install/ydlidar_sdk/share/YDLIDAR_SDK/doc/howto/images/vscode/run_tasks.jpg
[54.959s] -- Installing: /home/agilex/limo_ros2_ws/src/install/ydlidar_sdk/share/YDLIDAR_SDK/doc/howto/images/vscode/tasks.png
[54.963s] -- Installing: /home/agilex/limo_ros2_ws/src/install/ydlidar_sdk/share/YDLIDAR_SDK/doc/howto/images/csharp_project.png
[54.965s] -- Installing: /home/agilex/limo_ros2_ws/src/install/ydlidar_sdk/share/YDLIDAR_SDK/doc/howto/images/sequence.png
[54.967s] -- Installing: /home/agilex/limo_ros2_ws/src/install/ydlidar_sdk/share/YDLIDAR_SDK/doc/howto/images/cpack.png
[54.968s] -- Installing: /home/agilex/limo_ros2_ws/src/install/ydlidar_sdk/share/YDLIDAR_SDK/doc/howto/images/csharp_library.png
[54.970s] -- Installing: /home/agilex/limo_ros2_ws/src/install/ydlidar_sdk/share/YDLIDAR_SDK/doc/howto/images/csharp_exception.png
[54.971s] -- Installing: /home/agilex/limo_ros2_ws/src/install/ydlidar_sdk/share/YDLIDAR_SDK/doc/howto/images/ttyUSB1.png
[54.972s] -- Installing: /home/agilex/limo_ros2_ws/src/install/ydlidar_sdk/share/YDLIDAR_SDK/doc/howto/images/sdk_init.png
[54.974s] -- Installing: /home/agilex/limo_ros2_ws/src/install/ydlidar_sdk/share/YDLIDAR_SDK/doc/howto/images/ttyUSB0.png
[54.975s] -- Installing: /home/agilex/limo_ros2_ws/src/install/ydlidar_sdk/share/YDLIDAR_SDK/doc/howto/images/csharp_build.png
[54.976s] -- Installing: /home/agilex/limo_ros2_ws/src/install/ydlidar_sdk/share/YDLIDAR_SDK/doc/howto/images/ydlidar_lidar_monitor.png
[54.978s] -- Installing: /home/agilex/limo_ros2_ws/src/install/ydlidar_sdk/share/YDLIDAR_SDK/doc/howto/how_to_solve_slow_pull_from_cn.md
[54.979s] -- Installing: /home/agilex/limo_ros2_ws/src/install/ydlidar_sdk/share/YDLIDAR_SDK/doc/howto/how_to_build_and_debug_using_vscode.md
[54.980s] -- Installing: /home/agilex/limo_ros2_ws/src/install/ydlidar_sdk/share/YDLIDAR_SDK/doc/howto/how_to_create_a_pull.md
[54.981s] -- Installing: /home/agilex/limo_ros2_ws/src/install/ydlidar_sdk/share/YDLIDAR_SDK/doc/howto/README.md
[54.982s] -- Installing: /home/agilex/limo_ros2_ws/src/install/ydlidar_sdk/share/YDLIDAR_SDK/doc/howto/how_to_create_a_csharp_project.md
[54.982s] -- Installing: /home/agilex/limo_ros2_ws/src/install/ydlidar_sdk/share/YDLIDAR_SDK/doc/howto/how_to_build_and_install.md
[54.983s] -- Installing: /home/agilex/limo_ros2_ws/src/install/ydlidar_sdk/share/YDLIDAR_SDK/doc/YDLidar-SDK-Communication-Protocol.md
[54.984s] -- Installing: /home/agilex/limo_ros2_ws/src/install/ydlidar_sdk/share/YDLIDAR_SDK/doc/quickstart
[54.984s] -- Installing: /home/agilex/limo_ros2_ws/src/install/ydlidar_sdk/share/YDLIDAR_SDK/doc/quickstart/ydlidar_sdk_software_installation_guide.md
[54.985s] -- Installing: /home/agilex/limo_ros2_ws/src/install/ydlidar_sdk/share/YDLIDAR_SDK/doc/quickstart/README.md
[54.986s] -- Installing: /home/agilex/limo_ros2_ws/src/install/ydlidar_sdk/share/YDLIDAR_SDK/doc/YDLidar-SDK-Communication-Protocol.html
[54.987s] -- Installing: /home/agilex/limo_ros2_ws/src/install/ydlidar_sdk/share/YDLIDAR_SDK/doc/YDLIDAR_SDK_API_for_Developers.md
[54.988s] -- Installing: /home/agilex/limo_ros2_ws/src/install/ydlidar_sdk/share/YDLIDAR_SDK/doc/FAQs
[54.989s] -- Installing: /home/agilex/limo_ros2_ws/src/install/ydlidar_sdk/share/YDLIDAR_SDK/doc/FAQs/General_FAQs.md
[54.990s] -- Installing: /home/agilex/limo_ros2_ws/src/install/ydlidar_sdk/share/YDLIDAR_SDK/doc/FAQs/Hardware_FAQs_cn.md
[54.990s] -- Installing: /home/agilex/limo_ros2_ws/src/install/ydlidar_sdk/share/YDLIDAR_SDK/doc/FAQs/Hardware_FAQs.md
[54.991s] -- Installing: /home/agilex/limo_ros2_ws/src/install/ydlidar_sdk/share/YDLIDAR_SDK/doc/FAQs/Software_FAQs_cn.md
[54.992s] -- Installing: /home/agilex/limo_ros2_ws/src/install/ydlidar_sdk/share/YDLIDAR_SDK/doc/FAQs/Software_FAQs.md
[54.993s] -- Installing: /home/agilex/limo_ros2_ws/src/install/ydlidar_sdk/share/YDLIDAR_SDK/doc/FAQs/General_FAQs_cn.md
[54.994s] -- Installing: /home/agilex/limo_ros2_ws/src/install/ydlidar_sdk/share/YDLIDAR_SDK/doc/FAQs/README.md
[54.995s] -- Installing: /home/agilex/limo_ros2_ws/src/install/ydlidar_sdk/share/YDLIDAR_SDK/doc/tutorials
[54.997s] -- Installing: /home/agilex/limo_ros2_ws/src/install/ydlidar_sdk/share/YDLIDAR_SDK/doc/tutorials/writing_lidar_network_adapter_tutorial_c++.md
[54.998s] -- Installing: /home/agilex/limo_ros2_ws/src/install/ydlidar_sdk/share/YDLIDAR_SDK/doc/tutorials/writing_lidar_tutorial_python.md
[54.999s] -- Installing: /home/agilex/limo_ros2_ws/src/install/ydlidar_sdk/share/YDLIDAR_SDK/doc/tutorials/writing_lidar_tutorial_c.md
[55.000s] -- Installing: /home/agilex/limo_ros2_ws/src/install/ydlidar_sdk/share/YDLIDAR_SDK/doc/tutorials/writing_lidar_tutorial_c++.md
[55.000s] -- Installing: /home/agilex/limo_ros2_ws/src/install/ydlidar_sdk/share/YDLIDAR_SDK/doc/tutorials/examine_the_simple_lidar_tutorial.md
[55.001s] -- Installing: /home/agilex/limo_ros2_ws/src/install/ydlidar_sdk/share/YDLIDAR_SDK/doc/SDK.pdf
[55.008s] -- Installing: /home/agilex/limo_ros2_ws/src/install/ydlidar_sdk/share/YDLIDAR_SDK/doc/YDLidar-SDK-Communication-Protocol.pdf
[55.011s] -- Installing: /home/agilex/limo_ros2_ws/src/install/ydlidar_sdk/share/YDLIDAR_SDK/doc/Diagram.md
[55.012s] -- Installing: /home/agilex/limo_ros2_ws/src/install/ydlidar_sdk/share/YDLIDAR_SDK/doc/README.md
[55.013s] -- Installing: /home/agilex/limo_ros2_ws/src/install/ydlidar_sdk/startup/initenv.sh
[55.018s] -- Installing: /home/agilex/limo_ros2_ws/src/install/ydlidar_sdk/bin/et_test
[55.020s] -- Installing: /home/agilex/limo_ros2_ws/src/install/ydlidar_sdk/bin/gs_test
[55.023s] -- Installing: /home/agilex/limo_ros2_ws/src/install/ydlidar_sdk/bin/tmini_test
[55.026s] -- Installing: /home/agilex/limo_ros2_ws/src/install/ydlidar_sdk/bin/tof_test
[55.029s] -- Installing: /home/agilex/limo_ros2_ws/src/install/ydlidar_sdk/bin/tri_and_gs_test
[55.032s] -- Installing: /home/agilex/limo_ros2_ws/src/install/ydlidar_sdk/bin/tri_test
[55.035s] -- Installing: /home/agilex/limo_ros2_ws/src/install/ydlidar_sdk/bin/lidar_c_api_test
[55.040s] -- Installing: /home/agilex/limo_ros2_ws/src/install/ydlidar_sdk/lib/python3/dist-packages/_ydlidar.so
[55.055s] -- Installing: /home/agilex/limo_ros2_ws/src/install/ydlidar_sdk/lib/python3/dist-packages/ydlidar.py
[55.056s] -- Installing: /home/agilex/limo_ros2_ws/src/install/ydlidar_sdk/bin/etlidar_test.py
[55.057s] -- Installing: /home/agilex/limo_ros2_ws/src/install/ydlidar_sdk/bin/plot_tof_test.py
[55.057s] -- Installing: /home/agilex/limo_ros2_ws/src/install/ydlidar_sdk/bin/plot_ydlidar_test.py
[55.058s] -- Installing: /home/agilex/limo_ros2_ws/src/install/ydlidar_sdk/bin/test.py
[55.058s] -- Installing: /home/agilex/limo_ros2_ws/src/install/ydlidar_sdk/bin/tof_test.py
[55.059s] -- Installing: /home/agilex/limo_ros2_ws/src/install/ydlidar_sdk/bin/ydlidar_test.py
[55.069s] Invoked command in '/home/agilex/limo_ros2_ws/src/build/ydlidar_sdk' returned '0': /usr/bin/cmake --install /home/agilex/limo_ros2_ws/src/build/ydlidar_sdk
