[0.143s] Invoking command in '/home/agilex/limo_ros2_ws/src/build/nav2_controller': AMENT_PREFIX_PATH=/home/agilex/limo_ros2_ws/src/install/nav2_core:/home/agilex/limo_ros2_ws/src/install/nav2_costmap_2d:/home/agilex/limo_ros2_ws/src/install/nav_2d_utils:/home/agilex/limo_ros2_ws/src/install/nav2_util:/home/agilex/limo_ros2_ws/src/install/nav2_voxel_grid:/home/agilex/limo_ros2_ws/src/install/nav2_msgs:/home/agilex/limo_ros2_ws/src/install/nav_2d_msgs:/home/agilex/limo_ros2_ws/src/install/nav2_common:${AMENT_PREFIX_PATH} CMAKE_PREFIX_PATH=/home/agilex/limo_ros2_ws/src/install/nav2_core:/home/agilex/limo_ros2_ws/src/install/nav2_costmap_2d:/home/agilex/limo_ros2_ws/src/install/nav_2d_utils:/home/agilex/limo_ros2_ws/src/install/nav2_util:/home/agilex/limo_ros2_ws/src/install/nav2_voxel_grid:/home/agilex/limo_ros2_ws/src/install/nav2_msgs:/home/agilex/limo_ros2_ws/src/install/nav_2d_msgs:/home/agilex/limo_ros2_ws/src/install/nav2_common:/home/agilex/limo_ros2_ws/install/ydlidar_sdk:/home/agilex/limo_ros2_ws/install/ydlidar_ros2_driver:/home/agilex/limo_ros2_ws/install/teb_local_planner:/home/agilex/limo_ros2_ws/install/teb_msgs:/home/agilex/limo_ros2_ws/install/nav2_system_tests:/home/agilex/limo_ros2_ws/install/nav2_bringup:/home/agilex/limo_ros2_ws/install/navigation2:/home/agilex/limo_ros2_ws/install/smac_planner:/home/agilex/limo_ros2_ws/install/rf2o_laser_odometry:/home/agilex/limo_ros2_ws/install/orbbec_description:/home/agilex/limo_ros2_ws/install/orbbec_camera:/home/agilex/limo_ros2_ws/install/orbbec_camera_msgs:/home/agilex/limo_ros2_ws/install/nav2_dwb_controller:/home/agilex/limo_ros2_ws/install/nav2_controller:/home/agilex/limo_ros2_ws/install/dwb_plugins:/home/agilex/limo_ros2_ws/install/dwb_critics:/home/agilex/limo_ros2_ws/install/dwb_core:/home/agilex/limo_ros2_ws/install/nav_2d_utils:/home/agilex/limo_ros2_ws/install/dwb_msgs:/home/agilex/limo_ros2_ws/install/nav_2d_msgs:/home/agilex/limo_ros2_ws/install/nav2_waypoint_follower:/home/agilex/limo_ros2_ws/install/nav2_regulated_pure_pursuit_controller:/home/agilex/limo_ros2_ws/install/nav2_recoveries:/home/agilex/limo_ros2_ws/install/nav2_planner:/home/agilex/limo_ros2_ws/install/nav2_navfn_planner:/home/agilex/limo_ros2_ws/install/nav2_core:/home/agilex/limo_ros2_ws/install/costmap_queue:/home/agilex/limo_ros2_ws/install/costmap_converter:/home/agilex/limo_ros2_ws/install/nav2_costmap_2d:/home/agilex/limo_ros2_ws/install/nav2_voxel_grid:/home/agilex/limo_ros2_ws/install/nav2_rviz_plugins:/home/agilex/limo_ros2_ws/install/nav2_map_server:/home/agilex/limo_ros2_ws/install/nav2_lifecycle_manager:/home/agilex/limo_ros2_ws/install/nav2_bt_navigator:/home/agilex/limo_ros2_ws/install/nav2_behavior_tree:/home/agilex/limo_ros2_ws/install/nav2_amcl:/home/agilex/limo_ros2_ws/install/nav2_util:/home/agilex/limo_ros2_ws/install/nav2_msgs:/home/agilex/limo_ros2_ws/install/nav2_common:/home/agilex/limo_ros2_ws/install/magic_enum:/home/agilex/limo_ros2_ws/install/limo_visions:/home/agilex/limo_ros2_ws/install/limo_bringup:/home/agilex/limo_ros2_ws/install/limo_base:/home/agilex/limo_ros2_ws/install/limo_msgs:/home/agilex/limo_ros2_ws/install/limo_description:/home/agilex/limo_ros2_ws/install/libuvc:/home/agilex/limo_ros2_ws/install/glog:/home/agilex/limo_ros2_ws/install/costmap_converter_msgs:/home/agilex/limo_ros2_ws/install/astra_camera:/home/agilex/limo_ros2_ws/install/astra_camera_msgs:/home/agilex/limo_ros2_ws/install/nav2_gazebo_spawner:/opt/ros/foxy LD_LIBRARY_PATH=/home/agilex/limo_ros2_ws/src/install/nav2_costmap_2d/lib:/home/agilex/limo_ros2_ws/src/install/nav_2d_utils/lib:/home/agilex/limo_ros2_ws/src/install/nav2_util/lib:/home/agilex/limo_ros2_ws/src/install/nav2_voxel_grid/lib:/home/agilex/limo_ros2_ws/src/install/nav2_msgs/lib:/home/agilex/limo_ros2_ws/src/install/nav_2d_msgs/lib:${LD_LIBRARY_PATH} PYTHONPATH=/home/agilex/limo_ros2_ws/src/install/nav2_msgs/lib/python3.8/site-packages:/home/agilex/limo_ros2_ws/src/install/nav_2d_msgs/lib/python3.8/site-packages:/home/agilex/limo_ros2_ws/src/install/nav2_common/lib/python3.8/site-packages:${PYTHONPATH} /usr/bin/cmake /home/agilex/limo_ros2_ws/src/navigation2/nav2_controller -DCMAKE_INSTALL_PREFIX=/home/agilex/limo_ros2_ws/src/install/nav2_controller
[0.327s] -- The C compiler identification is GNU 9.4.0
[0.494s] -- The CXX compiler identification is GNU 9.4.0
[0.509s] -- Check for working C compiler: /usr/bin/cc
[0.735s] -- Check for working C compiler: /usr/bin/cc -- works
[0.735s] -- Detecting C compiler ABI info
[0.990s] -- Detecting C compiler ABI info - done
[1.009s] -- Detecting C compile features
[1.010s] -- Detecting C compile features - done
[1.015s] -- Check for working CXX compiler: /usr/bin/c++
[1.242s] -- Check for working CXX compiler: /usr/bin/c++ -- works
[1.243s] -- Detecting CXX compiler ABI info
[1.490s] -- Detecting CXX compiler ABI info - done
[1.510s] -- Detecting CXX compile features
[1.511s] -- Detecting CXX compile features - done
[1.527s] -- Found ament_cmake: 0.9.12 (/opt/ros/foxy/share/ament_cmake/cmake)
[1.649s] -- Found PythonInterp: /usr/bin/python3 (found suitable version "3.8.10", minimum required is "3") 
[1.649s] -- Using PYTHON_EXECUTABLE: /usr/bin/python3
[2.737s] -- Found nav2_core: 0.4.7 (/home/agilex/limo_ros2_ws/src/install/nav2_core/share/nav2_core/cmake)
[3.148s] -- Using all available rosidl_typesupport_c: rosidl_typesupport_fastrtps_c;rosidl_typesupport_introspection_c
[3.199s] -- Found rosidl_adapter: 1.3.1 (/opt/ros/foxy/share/rosidl_adapter/cmake)
[3.814s] -- Found OpenSSL: /usr/lib/aarch64-linux-gnu/libcrypto.so (found version "1.1.1f")  
[4.035s] -- Found FastRTPS: /opt/ros/foxy/include  
[4.633s] -- Using all available rosidl_typesupport_cpp: rosidl_typesupport_fastrtps_cpp;rosidl_typesupport_introspection_cpp
[5.172s] -- Found rmw_implementation_cmake: 1.0.4 (/opt/ros/foxy/share/rmw_implementation_cmake/cmake)
[5.197s] -- Using RMW implementation 'rmw_fastrtps_cpp' as default
[5.204s] -- Looking for pthread.h
[5.784s] -- Looking for pthread.h - found
[5.784s] -- Performing Test CMAKE_HAVE_LIBC_PTHREAD
[6.412s] -- Performing Test CMAKE_HAVE_LIBC_PTHREAD - Failed
[6.412s] -- Looking for pthread_create in pthreads
[6.942s] -- Looking for pthread_create in pthreads - not found
[6.943s] -- Looking for pthread_create in pthread
[7.550s] -- Looking for pthread_create in pthread - found
[7.552s] -- Found Threads: TRUE  
[13.034s] -- Found Eigen3: TRUE (found version "3.3.7") 
[16.709s] -- Found nav2_common: 0.4.7 (/home/agilex/limo_ros2_ws/src/install/nav2_common/share/nav2_common/cmake)
[16.732s] -- Found nav_2d_utils: 0.4.7 (/home/agilex/limo_ros2_ws/src/install/nav_2d_utils/share/nav_2d_utils/cmake)
[17.896s] -- Setting build type to Release as none was specified.
[36.336s] -- Found ament_lint_auto: 0.9.8 (/opt/ros/foxy/share/ament_lint_auto/cmake)
[36.658s] -- Found ament_cmake_gtest: 0.9.12 (/opt/ros/foxy/share/ament_cmake_gtest/cmake)
[36.690s] -- Found gtest sources under '/opt/ros/foxy/src/gtest_vendor': C++ tests using 'Google Test' will be built
[36.699s] -- Check if compiler accepts -pthread
[37.090s] -- Check if compiler accepts -pthread - yes
[40.604s] -- Added test 'cppcheck' to perform static code analysis on C / C++ code
[40.607s] -- Configured cppcheck include dirs: /home/agilex/limo_ros2_ws/src/navigation2/nav2_controller/include
[40.607s] -- Configured cppcheck exclude dirs and/or files: 
[40.614s] -- Added test 'cpplint' to check C / C++ code against the Google style
[40.614s] -- Configured cpplint exclude dirs and/or files: 
[40.618s] -- Added test 'lint_cmake' to check CMake code style
[40.626s] -- Added test 'uncrustify' to check C / C++ code style
[40.627s] -- Configured uncrustify additional arguments: 
[40.630s] -- Added test 'xmllint' to check XML markup files
[40.655s] -- Configuring done
[41.329s] -- Generating done
[41.339s] -- Build files have been written to: /home/agilex/limo_ros2_ws/src/build/nav2_controller
[41.403s] Invoked command in '/home/agilex/limo_ros2_ws/src/build/nav2_controller' returned '0': AMENT_PREFIX_PATH=/home/agilex/limo_ros2_ws/src/install/nav2_core:/home/agilex/limo_ros2_ws/src/install/nav2_costmap_2d:/home/agilex/limo_ros2_ws/src/install/nav_2d_utils:/home/agilex/limo_ros2_ws/src/install/nav2_util:/home/agilex/limo_ros2_ws/src/install/nav2_voxel_grid:/home/agilex/limo_ros2_ws/src/install/nav2_msgs:/home/agilex/limo_ros2_ws/src/install/nav_2d_msgs:/home/agilex/limo_ros2_ws/src/install/nav2_common:${AMENT_PREFIX_PATH} CMAKE_PREFIX_PATH=/home/agilex/limo_ros2_ws/src/install/nav2_core:/home/agilex/limo_ros2_ws/src/install/nav2_costmap_2d:/home/agilex/limo_ros2_ws/src/install/nav_2d_utils:/home/agilex/limo_ros2_ws/src/install/nav2_util:/home/agilex/limo_ros2_ws/src/install/nav2_voxel_grid:/home/agilex/limo_ros2_ws/src/install/nav2_msgs:/home/agilex/limo_ros2_ws/src/install/nav_2d_msgs:/home/agilex/limo_ros2_ws/src/install/nav2_common:/home/agilex/limo_ros2_ws/install/ydlidar_sdk:/home/agilex/limo_ros2_ws/install/ydlidar_ros2_driver:/home/agilex/limo_ros2_ws/install/teb_local_planner:/home/agilex/limo_ros2_ws/install/teb_msgs:/home/agilex/limo_ros2_ws/install/nav2_system_tests:/home/agilex/limo_ros2_ws/install/nav2_bringup:/home/agilex/limo_ros2_ws/install/navigation2:/home/agilex/limo_ros2_ws/install/smac_planner:/home/agilex/limo_ros2_ws/install/rf2o_laser_odometry:/home/agilex/limo_ros2_ws/install/orbbec_description:/home/agilex/limo_ros2_ws/install/orbbec_camera:/home/agilex/limo_ros2_ws/install/orbbec_camera_msgs:/home/agilex/limo_ros2_ws/install/nav2_dwb_controller:/home/agilex/limo_ros2_ws/install/nav2_controller:/home/agilex/limo_ros2_ws/install/dwb_plugins:/home/agilex/limo_ros2_ws/install/dwb_critics:/home/agilex/limo_ros2_ws/install/dwb_core:/home/agilex/limo_ros2_ws/install/nav_2d_utils:/home/agilex/limo_ros2_ws/install/dwb_msgs:/home/agilex/limo_ros2_ws/install/nav_2d_msgs:/home/agilex/limo_ros2_ws/install/nav2_waypoint_follower:/home/agilex/limo_ros2_ws/install/nav2_regulated_pure_pursuit_controller:/home/agilex/limo_ros2_ws/install/nav2_recoveries:/home/agilex/limo_ros2_ws/install/nav2_planner:/home/agilex/limo_ros2_ws/install/nav2_navfn_planner:/home/agilex/limo_ros2_ws/install/nav2_core:/home/agilex/limo_ros2_ws/install/costmap_queue:/home/agilex/limo_ros2_ws/install/costmap_converter:/home/agilex/limo_ros2_ws/install/nav2_costmap_2d:/home/agilex/limo_ros2_ws/install/nav2_voxel_grid:/home/agilex/limo_ros2_ws/install/nav2_rviz_plugins:/home/agilex/limo_ros2_ws/install/nav2_map_server:/home/agilex/limo_ros2_ws/install/nav2_lifecycle_manager:/home/agilex/limo_ros2_ws/install/nav2_bt_navigator:/home/agilex/limo_ros2_ws/install/nav2_behavior_tree:/home/agilex/limo_ros2_ws/install/nav2_amcl:/home/agilex/limo_ros2_ws/install/nav2_util:/home/agilex/limo_ros2_ws/install/nav2_msgs:/home/agilex/limo_ros2_ws/install/nav2_common:/home/agilex/limo_ros2_ws/install/magic_enum:/home/agilex/limo_ros2_ws/install/limo_visions:/home/agilex/limo_ros2_ws/install/limo_bringup:/home/agilex/limo_ros2_ws/install/limo_base:/home/agilex/limo_ros2_ws/install/limo_msgs:/home/agilex/limo_ros2_ws/install/limo_description:/home/agilex/limo_ros2_ws/install/libuvc:/home/agilex/limo_ros2_ws/install/glog:/home/agilex/limo_ros2_ws/install/costmap_converter_msgs:/home/agilex/limo_ros2_ws/install/astra_camera:/home/agilex/limo_ros2_ws/install/astra_camera_msgs:/home/agilex/limo_ros2_ws/install/nav2_gazebo_spawner:/opt/ros/foxy LD_LIBRARY_PATH=/home/agilex/limo_ros2_ws/src/install/nav2_costmap_2d/lib:/home/agilex/limo_ros2_ws/src/install/nav_2d_utils/lib:/home/agilex/limo_ros2_ws/src/install/nav2_util/lib:/home/agilex/limo_ros2_ws/src/install/nav2_voxel_grid/lib:/home/agilex/limo_ros2_ws/src/install/nav2_msgs/lib:/home/agilex/limo_ros2_ws/src/install/nav_2d_msgs/lib:${LD_LIBRARY_PATH} PYTHONPATH=/home/agilex/limo_ros2_ws/src/install/nav2_msgs/lib/python3.8/site-packages:/home/agilex/limo_ros2_ws/src/install/nav_2d_msgs/lib/python3.8/site-packages:/home/agilex/limo_ros2_ws/src/install/nav2_common/lib/python3.8/site-packages:${PYTHONPATH} /usr/bin/cmake /home/agilex/limo_ros2_ws/src/navigation2/nav2_controller -DCMAKE_INSTALL_PREFIX=/home/agilex/limo_ros2_ws/src/install/nav2_controller
[41.405s] Invoking command in '/home/agilex/limo_ros2_ws/src/build/nav2_controller': AMENT_PREFIX_PATH=/home/agilex/limo_ros2_ws/src/install/nav2_core:/home/agilex/limo_ros2_ws/src/install/nav2_costmap_2d:/home/agilex/limo_ros2_ws/src/install/nav_2d_utils:/home/agilex/limo_ros2_ws/src/install/nav2_util:/home/agilex/limo_ros2_ws/src/install/nav2_voxel_grid:/home/agilex/limo_ros2_ws/src/install/nav2_msgs:/home/agilex/limo_ros2_ws/src/install/nav_2d_msgs:/home/agilex/limo_ros2_ws/src/install/nav2_common:${AMENT_PREFIX_PATH} CMAKE_PREFIX_PATH=/home/agilex/limo_ros2_ws/src/install/nav2_core:/home/agilex/limo_ros2_ws/src/install/nav2_costmap_2d:/home/agilex/limo_ros2_ws/src/install/nav_2d_utils:/home/agilex/limo_ros2_ws/src/install/nav2_util:/home/agilex/limo_ros2_ws/src/install/nav2_voxel_grid:/home/agilex/limo_ros2_ws/src/install/nav2_msgs:/home/agilex/limo_ros2_ws/src/install/nav_2d_msgs:/home/agilex/limo_ros2_ws/src/install/nav2_common:/home/agilex/limo_ros2_ws/install/ydlidar_sdk:/home/agilex/limo_ros2_ws/install/ydlidar_ros2_driver:/home/agilex/limo_ros2_ws/install/teb_local_planner:/home/agilex/limo_ros2_ws/install/teb_msgs:/home/agilex/limo_ros2_ws/install/nav2_system_tests:/home/agilex/limo_ros2_ws/install/nav2_bringup:/home/agilex/limo_ros2_ws/install/navigation2:/home/agilex/limo_ros2_ws/install/smac_planner:/home/agilex/limo_ros2_ws/install/rf2o_laser_odometry:/home/agilex/limo_ros2_ws/install/orbbec_description:/home/agilex/limo_ros2_ws/install/orbbec_camera:/home/agilex/limo_ros2_ws/install/orbbec_camera_msgs:/home/agilex/limo_ros2_ws/install/nav2_dwb_controller:/home/agilex/limo_ros2_ws/install/nav2_controller:/home/agilex/limo_ros2_ws/install/dwb_plugins:/home/agilex/limo_ros2_ws/install/dwb_critics:/home/agilex/limo_ros2_ws/install/dwb_core:/home/agilex/limo_ros2_ws/install/nav_2d_utils:/home/agilex/limo_ros2_ws/install/dwb_msgs:/home/agilex/limo_ros2_ws/install/nav_2d_msgs:/home/agilex/limo_ros2_ws/install/nav2_waypoint_follower:/home/agilex/limo_ros2_ws/install/nav2_regulated_pure_pursuit_controller:/home/agilex/limo_ros2_ws/install/nav2_recoveries:/home/agilex/limo_ros2_ws/install/nav2_planner:/home/agilex/limo_ros2_ws/install/nav2_navfn_planner:/home/agilex/limo_ros2_ws/install/nav2_core:/home/agilex/limo_ros2_ws/install/costmap_queue:/home/agilex/limo_ros2_ws/install/costmap_converter:/home/agilex/limo_ros2_ws/install/nav2_costmap_2d:/home/agilex/limo_ros2_ws/install/nav2_voxel_grid:/home/agilex/limo_ros2_ws/install/nav2_rviz_plugins:/home/agilex/limo_ros2_ws/install/nav2_map_server:/home/agilex/limo_ros2_ws/install/nav2_lifecycle_manager:/home/agilex/limo_ros2_ws/install/nav2_bt_navigator:/home/agilex/limo_ros2_ws/install/nav2_behavior_tree:/home/agilex/limo_ros2_ws/install/nav2_amcl:/home/agilex/limo_ros2_ws/install/nav2_util:/home/agilex/limo_ros2_ws/install/nav2_msgs:/home/agilex/limo_ros2_ws/install/nav2_common:/home/agilex/limo_ros2_ws/install/magic_enum:/home/agilex/limo_ros2_ws/install/limo_visions:/home/agilex/limo_ros2_ws/install/limo_bringup:/home/agilex/limo_ros2_ws/install/limo_base:/home/agilex/limo_ros2_ws/install/limo_msgs:/home/agilex/limo_ros2_ws/install/limo_description:/home/agilex/limo_ros2_ws/install/libuvc:/home/agilex/limo_ros2_ws/install/glog:/home/agilex/limo_ros2_ws/install/costmap_converter_msgs:/home/agilex/limo_ros2_ws/install/astra_camera:/home/agilex/limo_ros2_ws/install/astra_camera_msgs:/home/agilex/limo_ros2_ws/install/nav2_gazebo_spawner:/opt/ros/foxy LD_LIBRARY_PATH=/home/agilex/limo_ros2_ws/src/install/nav2_costmap_2d/lib:/home/agilex/limo_ros2_ws/src/install/nav_2d_utils/lib:/home/agilex/limo_ros2_ws/src/install/nav2_util/lib:/home/agilex/limo_ros2_ws/src/install/nav2_voxel_grid/lib:/home/agilex/limo_ros2_ws/src/install/nav2_msgs/lib:/home/agilex/limo_ros2_ws/src/install/nav_2d_msgs/lib:${LD_LIBRARY_PATH} PYTHONPATH=/home/agilex/limo_ros2_ws/src/install/nav2_msgs/lib/python3.8/site-packages:/home/agilex/limo_ros2_ws/src/install/nav_2d_msgs/lib/python3.8/site-packages:/home/agilex/limo_ros2_ws/src/install/nav2_common/lib/python3.8/site-packages:${PYTHONPATH} /usr/bin/cmake --build /home/agilex/limo_ros2_ws/src/build/nav2_controller -- -j6 -l6
[46.831s] [35m[1mScanning dependencies of target simple_goal_checker[0m
[46.832s] [  5%] [32mBuilding CXX object CMakeFiles/simple_goal_checker.dir/plugins/simple_goal_checker.cpp.o[0m
[49.799s] [ 11%] [32m[1mLinking CXX shared library libsimple_goal_checker.so[0m
[50.231s] [ 11%] Built target simple_goal_checker
[50.274s] [35m[1mScanning dependencies of target gtest[0m
[50.328s] [ 16%] [32mBuilding CXX object gtest/CMakeFiles/gtest.dir/src/gtest-all.cc.o[0m
[69.714s] [ 22%] [32m[1mLinking CXX static library libgtest.a[0m
[69.859s] [ 22%] Built target gtest
[69.903s] [35m[1mScanning dependencies of target stopped_goal_checker[0m
[70.040s] [ 27%] [32mBuilding CXX object CMakeFiles/stopped_goal_checker.dir/plugins/stopped_goal_checker.cpp.o[0m
[76.271s] [ 33%] [32m[1mLinking CXX shared library libstopped_goal_checker.so[0m
[76.841s] [ 33%] Built target stopped_goal_checker
[76.892s] [35m[1mScanning dependencies of target gtest_main[0m
[76.943s] [ 38%] [32mBuilding CXX object gtest/CMakeFiles/gtest_main.dir/src/gtest_main.cc.o[0m
[79.018s] [ 44%] [32m[1mLinking CXX static library libgtest_main.a[0m
[79.147s] [ 44%] Built target gtest_main
[79.190s] [35m[1mScanning dependencies of target controller_server_core[0m
[79.356s] [ 50%] [32mBuilding CXX object CMakeFiles/controller_server_core.dir/src/nav2_controller.cpp.o[0m
[135.894s] [ 55%] [32m[1mLinking CXX static library libcontroller_server_core.a[0m
[136.192s] [ 55%] Built target controller_server_core
[136.242s] [35m[1mScanning dependencies of target gctest[0m
[136.370s] [ 61%] [32mBuilding CXX object plugins/test/CMakeFiles/gctest.dir/goal_checker.cpp.o[0m
[144.652s] [ 66%] [32m[1mLinking CXX executable gctest[0m
[145.298s] [ 66%] Built target gctest
[145.341s] [35m[1mScanning dependencies of target controller_server[0m
[145.554s] [ 72%] [32mBuilding CXX object CMakeFiles/controller_server.dir/src/main.cpp.o[0m
[160.144s] [ 77%] [32m[1mLinking CXX executable controller_server[0m
[161.104s] [ 77%] Built target controller_server
[161.145s] [35m[1mScanning dependencies of target simple_progress_checker[0m
[161.293s] [ 83%] [32mBuilding CXX object CMakeFiles/simple_progress_checker.dir/plugins/simple_progress_checker.cpp.o[0m
[167.656s] [ 88%] [32m[1mLinking CXX shared library libsimple_progress_checker.so[0m
[168.074s] [ 88%] Built target simple_progress_checker
[168.115s] [35m[1mScanning dependencies of target pctest[0m
[168.294s] [ 94%] [32mBuilding CXX object plugins/test/CMakeFiles/pctest.dir/progress_checker.cpp.o[0m
[174.720s] [100%] [32m[1mLinking CXX executable pctest[0m
[175.246s] [100%] Built target pctest
[175.291s] Invoked command in '/home/agilex/limo_ros2_ws/src/build/nav2_controller' returned '0': AMENT_PREFIX_PATH=/home/agilex/limo_ros2_ws/src/install/nav2_core:/home/agilex/limo_ros2_ws/src/install/nav2_costmap_2d:/home/agilex/limo_ros2_ws/src/install/nav_2d_utils:/home/agilex/limo_ros2_ws/src/install/nav2_util:/home/agilex/limo_ros2_ws/src/install/nav2_voxel_grid:/home/agilex/limo_ros2_ws/src/install/nav2_msgs:/home/agilex/limo_ros2_ws/src/install/nav_2d_msgs:/home/agilex/limo_ros2_ws/src/install/nav2_common:${AMENT_PREFIX_PATH} CMAKE_PREFIX_PATH=/home/agilex/limo_ros2_ws/src/install/nav2_core:/home/agilex/limo_ros2_ws/src/install/nav2_costmap_2d:/home/agilex/limo_ros2_ws/src/install/nav_2d_utils:/home/agilex/limo_ros2_ws/src/install/nav2_util:/home/agilex/limo_ros2_ws/src/install/nav2_voxel_grid:/home/agilex/limo_ros2_ws/src/install/nav2_msgs:/home/agilex/limo_ros2_ws/src/install/nav_2d_msgs:/home/agilex/limo_ros2_ws/src/install/nav2_common:/home/agilex/limo_ros2_ws/install/ydlidar_sdk:/home/agilex/limo_ros2_ws/install/ydlidar_ros2_driver:/home/agilex/limo_ros2_ws/install/teb_local_planner:/home/agilex/limo_ros2_ws/install/teb_msgs:/home/agilex/limo_ros2_ws/install/nav2_system_tests:/home/agilex/limo_ros2_ws/install/nav2_bringup:/home/agilex/limo_ros2_ws/install/navigation2:/home/agilex/limo_ros2_ws/install/smac_planner:/home/agilex/limo_ros2_ws/install/rf2o_laser_odometry:/home/agilex/limo_ros2_ws/install/orbbec_description:/home/agilex/limo_ros2_ws/install/orbbec_camera:/home/agilex/limo_ros2_ws/install/orbbec_camera_msgs:/home/agilex/limo_ros2_ws/install/nav2_dwb_controller:/home/agilex/limo_ros2_ws/install/nav2_controller:/home/agilex/limo_ros2_ws/install/dwb_plugins:/home/agilex/limo_ros2_ws/install/dwb_critics:/home/agilex/limo_ros2_ws/install/dwb_core:/home/agilex/limo_ros2_ws/install/nav_2d_utils:/home/agilex/limo_ros2_ws/install/dwb_msgs:/home/agilex/limo_ros2_ws/install/nav_2d_msgs:/home/agilex/limo_ros2_ws/install/nav2_waypoint_follower:/home/agilex/limo_ros2_ws/install/nav2_regulated_pure_pursuit_controller:/home/agilex/limo_ros2_ws/install/nav2_recoveries:/home/agilex/limo_ros2_ws/install/nav2_planner:/home/agilex/limo_ros2_ws/install/nav2_navfn_planner:/home/agilex/limo_ros2_ws/install/nav2_core:/home/agilex/limo_ros2_ws/install/costmap_queue:/home/agilex/limo_ros2_ws/install/costmap_converter:/home/agilex/limo_ros2_ws/install/nav2_costmap_2d:/home/agilex/limo_ros2_ws/install/nav2_voxel_grid:/home/agilex/limo_ros2_ws/install/nav2_rviz_plugins:/home/agilex/limo_ros2_ws/install/nav2_map_server:/home/agilex/limo_ros2_ws/install/nav2_lifecycle_manager:/home/agilex/limo_ros2_ws/install/nav2_bt_navigator:/home/agilex/limo_ros2_ws/install/nav2_behavior_tree:/home/agilex/limo_ros2_ws/install/nav2_amcl:/home/agilex/limo_ros2_ws/install/nav2_util:/home/agilex/limo_ros2_ws/install/nav2_msgs:/home/agilex/limo_ros2_ws/install/nav2_common:/home/agilex/limo_ros2_ws/install/magic_enum:/home/agilex/limo_ros2_ws/install/limo_visions:/home/agilex/limo_ros2_ws/install/limo_bringup:/home/agilex/limo_ros2_ws/install/limo_base:/home/agilex/limo_ros2_ws/install/limo_msgs:/home/agilex/limo_ros2_ws/install/limo_description:/home/agilex/limo_ros2_ws/install/libuvc:/home/agilex/limo_ros2_ws/install/glog:/home/agilex/limo_ros2_ws/install/costmap_converter_msgs:/home/agilex/limo_ros2_ws/install/astra_camera:/home/agilex/limo_ros2_ws/install/astra_camera_msgs:/home/agilex/limo_ros2_ws/install/nav2_gazebo_spawner:/opt/ros/foxy LD_LIBRARY_PATH=/home/agilex/limo_ros2_ws/src/install/nav2_costmap_2d/lib:/home/agilex/limo_ros2_ws/src/install/nav_2d_utils/lib:/home/agilex/limo_ros2_ws/src/install/nav2_util/lib:/home/agilex/limo_ros2_ws/src/install/nav2_voxel_grid/lib:/home/agilex/limo_ros2_ws/src/install/nav2_msgs/lib:/home/agilex/limo_ros2_ws/src/install/nav_2d_msgs/lib:${LD_LIBRARY_PATH} PYTHONPATH=/home/agilex/limo_ros2_ws/src/install/nav2_msgs/lib/python3.8/site-packages:/home/agilex/limo_ros2_ws/src/install/nav_2d_msgs/lib/python3.8/site-packages:/home/agilex/limo_ros2_ws/src/install/nav2_common/lib/python3.8/site-packages:${PYTHONPATH} /usr/bin/cmake --build /home/agilex/limo_ros2_ws/src/build/nav2_controller -- -j6 -l6
[175.517s] Invoking command in '/home/agilex/limo_ros2_ws/src/build/nav2_controller': AMENT_PREFIX_PATH=/home/agilex/limo_ros2_ws/src/install/nav2_core:/home/agilex/limo_ros2_ws/src/install/nav2_costmap_2d:/home/agilex/limo_ros2_ws/src/install/nav_2d_utils:/home/agilex/limo_ros2_ws/src/install/nav2_util:/home/agilex/limo_ros2_ws/src/install/nav2_voxel_grid:/home/agilex/limo_ros2_ws/src/install/nav2_msgs:/home/agilex/limo_ros2_ws/src/install/nav_2d_msgs:/home/agilex/limo_ros2_ws/src/install/nav2_common:${AMENT_PREFIX_PATH} CMAKE_PREFIX_PATH=/home/agilex/limo_ros2_ws/src/install/nav2_core:/home/agilex/limo_ros2_ws/src/install/nav2_costmap_2d:/home/agilex/limo_ros2_ws/src/install/nav_2d_utils:/home/agilex/limo_ros2_ws/src/install/nav2_util:/home/agilex/limo_ros2_ws/src/install/nav2_voxel_grid:/home/agilex/limo_ros2_ws/src/install/nav2_msgs:/home/agilex/limo_ros2_ws/src/install/nav_2d_msgs:/home/agilex/limo_ros2_ws/src/install/nav2_common:/home/agilex/limo_ros2_ws/install/ydlidar_sdk:/home/agilex/limo_ros2_ws/install/ydlidar_ros2_driver:/home/agilex/limo_ros2_ws/install/teb_local_planner:/home/agilex/limo_ros2_ws/install/teb_msgs:/home/agilex/limo_ros2_ws/install/nav2_system_tests:/home/agilex/limo_ros2_ws/install/nav2_bringup:/home/agilex/limo_ros2_ws/install/navigation2:/home/agilex/limo_ros2_ws/install/smac_planner:/home/agilex/limo_ros2_ws/install/rf2o_laser_odometry:/home/agilex/limo_ros2_ws/install/orbbec_description:/home/agilex/limo_ros2_ws/install/orbbec_camera:/home/agilex/limo_ros2_ws/install/orbbec_camera_msgs:/home/agilex/limo_ros2_ws/install/nav2_dwb_controller:/home/agilex/limo_ros2_ws/install/nav2_controller:/home/agilex/limo_ros2_ws/install/dwb_plugins:/home/agilex/limo_ros2_ws/install/dwb_critics:/home/agilex/limo_ros2_ws/install/dwb_core:/home/agilex/limo_ros2_ws/install/nav_2d_utils:/home/agilex/limo_ros2_ws/install/dwb_msgs:/home/agilex/limo_ros2_ws/install/nav_2d_msgs:/home/agilex/limo_ros2_ws/install/nav2_waypoint_follower:/home/agilex/limo_ros2_ws/install/nav2_regulated_pure_pursuit_controller:/home/agilex/limo_ros2_ws/install/nav2_recoveries:/home/agilex/limo_ros2_ws/install/nav2_planner:/home/agilex/limo_ros2_ws/install/nav2_navfn_planner:/home/agilex/limo_ros2_ws/install/nav2_core:/home/agilex/limo_ros2_ws/install/costmap_queue:/home/agilex/limo_ros2_ws/install/costmap_converter:/home/agilex/limo_ros2_ws/install/nav2_costmap_2d:/home/agilex/limo_ros2_ws/install/nav2_voxel_grid:/home/agilex/limo_ros2_ws/install/nav2_rviz_plugins:/home/agilex/limo_ros2_ws/install/nav2_map_server:/home/agilex/limo_ros2_ws/install/nav2_lifecycle_manager:/home/agilex/limo_ros2_ws/install/nav2_bt_navigator:/home/agilex/limo_ros2_ws/install/nav2_behavior_tree:/home/agilex/limo_ros2_ws/install/nav2_amcl:/home/agilex/limo_ros2_ws/install/nav2_util:/home/agilex/limo_ros2_ws/install/nav2_msgs:/home/agilex/limo_ros2_ws/install/nav2_common:/home/agilex/limo_ros2_ws/install/magic_enum:/home/agilex/limo_ros2_ws/install/limo_visions:/home/agilex/limo_ros2_ws/install/limo_bringup:/home/agilex/limo_ros2_ws/install/limo_base:/home/agilex/limo_ros2_ws/install/limo_msgs:/home/agilex/limo_ros2_ws/install/limo_description:/home/agilex/limo_ros2_ws/install/libuvc:/home/agilex/limo_ros2_ws/install/glog:/home/agilex/limo_ros2_ws/install/costmap_converter_msgs:/home/agilex/limo_ros2_ws/install/astra_camera:/home/agilex/limo_ros2_ws/install/astra_camera_msgs:/home/agilex/limo_ros2_ws/install/nav2_gazebo_spawner:/opt/ros/foxy LD_LIBRARY_PATH=/home/agilex/limo_ros2_ws/src/install/nav2_costmap_2d/lib:/home/agilex/limo_ros2_ws/src/install/nav_2d_utils/lib:/home/agilex/limo_ros2_ws/src/install/nav2_util/lib:/home/agilex/limo_ros2_ws/src/install/nav2_voxel_grid/lib:/home/agilex/limo_ros2_ws/src/install/nav2_msgs/lib:/home/agilex/limo_ros2_ws/src/install/nav_2d_msgs/lib:${LD_LIBRARY_PATH} PYTHONPATH=/home/agilex/limo_ros2_ws/src/install/nav2_msgs/lib/python3.8/site-packages:/home/agilex/limo_ros2_ws/src/install/nav_2d_msgs/lib/python3.8/site-packages:/home/agilex/limo_ros2_ws/src/install/nav2_common/lib/python3.8/site-packages:${PYTHONPATH} /usr/bin/cmake --install /home/agilex/limo_ros2_ws/src/build/nav2_controller
[175.560s] -- Install configuration: "Release"
[175.561s] -- Installing: /home/agilex/limo_ros2_ws/src/install/nav2_controller/lib/libsimple_progress_checker.so
[175.561s] -- Set runtime path of "/home/agilex/limo_ros2_ws/src/install/nav2_controller/lib/libsimple_progress_checker.so" to ""
[175.562s] -- Installing: /home/agilex/limo_ros2_ws/src/install/nav2_controller/lib/libsimple_goal_checker.so
[175.562s] -- Set runtime path of "/home/agilex/limo_ros2_ws/src/install/nav2_controller/lib/libsimple_goal_checker.so" to ""
[175.563s] -- Installing: /home/agilex/limo_ros2_ws/src/install/nav2_controller/lib/libstopped_goal_checker.so
[175.567s] -- Set runtime path of "/home/agilex/limo_ros2_ws/src/install/nav2_controller/lib/libstopped_goal_checker.so" to ""
[175.567s] -- Installing: /home/agilex/limo_ros2_ws/src/install/nav2_controller/lib/libcontroller_server_core.a
[175.572s] -- Installing: /home/agilex/limo_ros2_ws/src/install/nav2_controller/lib/nav2_controller/controller_server
[175.577s] -- Set runtime path of "/home/agilex/limo_ros2_ws/src/install/nav2_controller/lib/nav2_controller/controller_server" to ""
[175.577s] -- Installing: /home/agilex/limo_ros2_ws/src/install/nav2_controller/include/
[175.577s] -- Installing: /home/agilex/limo_ros2_ws/src/install/nav2_controller/include//nav2_controller
[175.577s] -- Installing: /home/agilex/limo_ros2_ws/src/install/nav2_controller/include//nav2_controller/plugins
[175.577s] -- Installing: /home/agilex/limo_ros2_ws/src/install/nav2_controller/include//nav2_controller/plugins/simple_progress_checker.hpp
[175.578s] -- Installing: /home/agilex/limo_ros2_ws/src/install/nav2_controller/include//nav2_controller/plugins/stopped_goal_checker.hpp
[175.578s] -- Installing: /home/agilex/limo_ros2_ws/src/install/nav2_controller/include//nav2_controller/plugins/simple_goal_checker.hpp
[175.578s] -- Installing: /home/agilex/limo_ros2_ws/src/install/nav2_controller/include//nav2_controller/nav2_controller.hpp
[175.579s] -- Installing: /home/agilex/limo_ros2_ws/src/install/nav2_controller/share/nav2_controller/environment/library_path.sh
[175.579s] -- Installing: /home/agilex/limo_ros2_ws/src/install/nav2_controller/share/nav2_controller/environment/library_path.dsv
[175.580s] -- Installing: /home/agilex/limo_ros2_ws/src/install/nav2_controller/share/nav2_controller/plugins.xml
[175.581s] -- Installing: /home/agilex/limo_ros2_ws/src/install/nav2_controller/share/ament_index/resource_index/package_run_dependencies/nav2_controller
[175.581s] -- Installing: /home/agilex/limo_ros2_ws/src/install/nav2_controller/share/ament_index/resource_index/parent_prefix_path/nav2_controller
[175.581s] -- Installing: /home/agilex/limo_ros2_ws/src/install/nav2_controller/share/nav2_controller/environment/ament_prefix_path.sh
[175.582s] -- Installing: /home/agilex/limo_ros2_ws/src/install/nav2_controller/share/nav2_controller/environment/ament_prefix_path.dsv
[175.582s] -- Installing: /home/agilex/limo_ros2_ws/src/install/nav2_controller/share/nav2_controller/environment/path.sh
[175.583s] -- Installing: /home/agilex/limo_ros2_ws/src/install/nav2_controller/share/nav2_controller/environment/path.dsv
[175.583s] -- Installing: /home/agilex/limo_ros2_ws/src/install/nav2_controller/share/nav2_controller/local_setup.bash
[175.583s] -- Installing: /home/agilex/limo_ros2_ws/src/install/nav2_controller/share/nav2_controller/local_setup.sh
[175.584s] -- Installing: /home/agilex/limo_ros2_ws/src/install/nav2_controller/share/nav2_controller/local_setup.zsh
[175.584s] -- Installing: /home/agilex/limo_ros2_ws/src/install/nav2_controller/share/nav2_controller/local_setup.dsv
[175.584s] -- Installing: /home/agilex/limo_ros2_ws/src/install/nav2_controller/share/nav2_controller/package.dsv
[175.585s] -- Installing: /home/agilex/limo_ros2_ws/src/install/nav2_controller/share/ament_index/resource_index/packages/nav2_controller
[175.585s] -- Installing: /home/agilex/limo_ros2_ws/src/install/nav2_controller/share/ament_index/resource_index/nav2_core__pluginlib__plugin/nav2_controller
[175.585s] -- Installing: /home/agilex/limo_ros2_ws/src/install/nav2_controller/share/nav2_controller/cmake/ament_cmake_export_include_directories-extras.cmake
[175.586s] -- Installing: /home/agilex/limo_ros2_ws/src/install/nav2_controller/share/nav2_controller/cmake/ament_cmake_export_libraries-extras.cmake
[175.586s] -- Installing: /home/agilex/limo_ros2_ws/src/install/nav2_controller/share/nav2_controller/cmake/ament_cmake_export_definitions-extras.cmake
[175.587s] -- Installing: /home/agilex/limo_ros2_ws/src/install/nav2_controller/share/nav2_controller/cmake/nav2_controllerConfig.cmake
[175.587s] -- Installing: /home/agilex/limo_ros2_ws/src/install/nav2_controller/share/nav2_controller/cmake/nav2_controllerConfig-version.cmake
[175.587s] -- Installing: /home/agilex/limo_ros2_ws/src/install/nav2_controller/share/nav2_controller/package.xml
[175.602s] Invoked command in '/home/agilex/limo_ros2_ws/src/build/nav2_controller' returned '0': AMENT_PREFIX_PATH=/home/agilex/limo_ros2_ws/src/install/nav2_core:/home/agilex/limo_ros2_ws/src/install/nav2_costmap_2d:/home/agilex/limo_ros2_ws/src/install/nav_2d_utils:/home/agilex/limo_ros2_ws/src/install/nav2_util:/home/agilex/limo_ros2_ws/src/install/nav2_voxel_grid:/home/agilex/limo_ros2_ws/src/install/nav2_msgs:/home/agilex/limo_ros2_ws/src/install/nav_2d_msgs:/home/agilex/limo_ros2_ws/src/install/nav2_common:${AMENT_PREFIX_PATH} CMAKE_PREFIX_PATH=/home/agilex/limo_ros2_ws/src/install/nav2_core:/home/agilex/limo_ros2_ws/src/install/nav2_costmap_2d:/home/agilex/limo_ros2_ws/src/install/nav_2d_utils:/home/agilex/limo_ros2_ws/src/install/nav2_util:/home/agilex/limo_ros2_ws/src/install/nav2_voxel_grid:/home/agilex/limo_ros2_ws/src/install/nav2_msgs:/home/agilex/limo_ros2_ws/src/install/nav_2d_msgs:/home/agilex/limo_ros2_ws/src/install/nav2_common:/home/agilex/limo_ros2_ws/install/ydlidar_sdk:/home/agilex/limo_ros2_ws/install/ydlidar_ros2_driver:/home/agilex/limo_ros2_ws/install/teb_local_planner:/home/agilex/limo_ros2_ws/install/teb_msgs:/home/agilex/limo_ros2_ws/install/nav2_system_tests:/home/agilex/limo_ros2_ws/install/nav2_bringup:/home/agilex/limo_ros2_ws/install/navigation2:/home/agilex/limo_ros2_ws/install/smac_planner:/home/agilex/limo_ros2_ws/install/rf2o_laser_odometry:/home/agilex/limo_ros2_ws/install/orbbec_description:/home/agilex/limo_ros2_ws/install/orbbec_camera:/home/agilex/limo_ros2_ws/install/orbbec_camera_msgs:/home/agilex/limo_ros2_ws/install/nav2_dwb_controller:/home/agilex/limo_ros2_ws/install/nav2_controller:/home/agilex/limo_ros2_ws/install/dwb_plugins:/home/agilex/limo_ros2_ws/install/dwb_critics:/home/agilex/limo_ros2_ws/install/dwb_core:/home/agilex/limo_ros2_ws/install/nav_2d_utils:/home/agilex/limo_ros2_ws/install/dwb_msgs:/home/agilex/limo_ros2_ws/install/nav_2d_msgs:/home/agilex/limo_ros2_ws/install/nav2_waypoint_follower:/home/agilex/limo_ros2_ws/install/nav2_regulated_pure_pursuit_controller:/home/agilex/limo_ros2_ws/install/nav2_recoveries:/home/agilex/limo_ros2_ws/install/nav2_planner:/home/agilex/limo_ros2_ws/install/nav2_navfn_planner:/home/agilex/limo_ros2_ws/install/nav2_core:/home/agilex/limo_ros2_ws/install/costmap_queue:/home/agilex/limo_ros2_ws/install/costmap_converter:/home/agilex/limo_ros2_ws/install/nav2_costmap_2d:/home/agilex/limo_ros2_ws/install/nav2_voxel_grid:/home/agilex/limo_ros2_ws/install/nav2_rviz_plugins:/home/agilex/limo_ros2_ws/install/nav2_map_server:/home/agilex/limo_ros2_ws/install/nav2_lifecycle_manager:/home/agilex/limo_ros2_ws/install/nav2_bt_navigator:/home/agilex/limo_ros2_ws/install/nav2_behavior_tree:/home/agilex/limo_ros2_ws/install/nav2_amcl:/home/agilex/limo_ros2_ws/install/nav2_util:/home/agilex/limo_ros2_ws/install/nav2_msgs:/home/agilex/limo_ros2_ws/install/nav2_common:/home/agilex/limo_ros2_ws/install/magic_enum:/home/agilex/limo_ros2_ws/install/limo_visions:/home/agilex/limo_ros2_ws/install/limo_bringup:/home/agilex/limo_ros2_ws/install/limo_base:/home/agilex/limo_ros2_ws/install/limo_msgs:/home/agilex/limo_ros2_ws/install/limo_description:/home/agilex/limo_ros2_ws/install/libuvc:/home/agilex/limo_ros2_ws/install/glog:/home/agilex/limo_ros2_ws/install/costmap_converter_msgs:/home/agilex/limo_ros2_ws/install/astra_camera:/home/agilex/limo_ros2_ws/install/astra_camera_msgs:/home/agilex/limo_ros2_ws/install/nav2_gazebo_spawner:/opt/ros/foxy LD_LIBRARY_PATH=/home/agilex/limo_ros2_ws/src/install/nav2_costmap_2d/lib:/home/agilex/limo_ros2_ws/src/install/nav_2d_utils/lib:/home/agilex/limo_ros2_ws/src/install/nav2_util/lib:/home/agilex/limo_ros2_ws/src/install/nav2_voxel_grid/lib:/home/agilex/limo_ros2_ws/src/install/nav2_msgs/lib:/home/agilex/limo_ros2_ws/src/install/nav_2d_msgs/lib:${LD_LIBRARY_PATH} PYTHONPATH=/home/agilex/limo_ros2_ws/src/install/nav2_msgs/lib/python3.8/site-packages:/home/agilex/limo_ros2_ws/src/install/nav_2d_msgs/lib/python3.8/site-packages:/home/agilex/limo_ros2_ws/src/install/nav2_common/lib/python3.8/site-packages:${PYTHONPATH} /usr/bin/cmake --install /home/agilex/limo_ros2_ws/src/build/nav2_controller
