[0.119s] Invoking command in '/home/agilex/limo_ros2_ws/src/build/orbbec_camera_msgs': CMAKE_PREFIX_PATH=${CMAKE_PREFIX_PATH}:/home/agilex/limo_ros2_ws/install/nav2_gazebo_spawner:/opt/ros/foxy /usr/bin/cmake /home/agilex/limo_ros2_ws/src/OrbbecSDK_ROS2/orbbec_camera_msgs -DCMAKE_BUILD_TYPE=Release -DCMAKE_INSTALL_PREFIX=/home/agilex/limo_ros2_ws/src/install/orbbec_camera_msgs
[0.898s] -- The C compiler identification is GNU 9.4.0
[0.899s] -- The CXX compiler identification is GNU 9.4.0
[0.899s] -- Check for working C compiler: /usr/bin/cc
[0.899s] -- Check for working C compiler: /usr/bin/cc -- works
[0.899s] -- Detecting C compiler ABI info
[1.007s] -- Detecting C compiler ABI info - done
[1.030s] -- Detecting C compile features
[1.030s] -- Detecting C compile features - done
[1.035s] -- Check for working CXX compiler: /usr/bin/c++
[1.249s] -- Check for working CXX compiler: /usr/bin/c++ -- works
[1.251s] -- Detecting CXX compiler ABI info
[1.470s] -- Detecting CXX compiler ABI info - done
[1.491s] -- Detecting CXX compile features
[1.492s] -- Detecting CXX compile features - done
[1.505s] -- Found ament_cmake: 0.9.12 (/opt/ros/foxy/share/ament_cmake/cmake)
[1.595s] -- Found PythonInterp: /usr/bin/python3 (found suitable version "3.8.10", minimum required is "3") 
[1.596s] -- Using PYTHON_EXECUTABLE: /usr/bin/python3
[2.221s] -- Found rosidl_default_generators: 1.0.1 (/opt/ros/foxy/share/rosidl_default_generators/cmake)
[2.255s] -- Using all available rosidl_typesupport_c: rosidl_typesupport_fastrtps_c;rosidl_typesupport_introspection_c
[2.295s] -- Found rosidl_adapter: 1.3.1 (/opt/ros/foxy/share/rosidl_adapter/cmake)
[2.690s] -- Found OpenSSL: /usr/lib/aarch64-linux-gnu/libcrypto.so (found version "1.1.1f")  
[2.780s] -- Found FastRTPS: /opt/ros/foxy/include  
[3.035s] -- Using all available rosidl_typesupport_cpp: rosidl_typesupport_fastrtps_cpp;rosidl_typesupport_introspection_cpp
[3.121s] -- Found sensor_msgs: 2.0.5 (/opt/ros/foxy/share/sensor_msgs/cmake)
[3.522s] -- Found PythonInterp: /usr/bin/python3 (found version "3.8.10") 
[4.154s] -- Found ament_cmake_ros: 0.9.2 (/opt/ros/foxy/share/ament_cmake_ros/cmake)
[4.898s] -- Using all available rosidl_typesupport_c: rosidl_typesupport_fastrtps_c;rosidl_typesupport_introspection_c
[5.248s] -- Using all available rosidl_typesupport_cpp: rosidl_typesupport_fastrtps_cpp;rosidl_typesupport_introspection_cpp
[5.370s] -- Found PythonInterp: /usr/bin/python3 (found suitable version "3.8.10", minimum required is "3.5") 
[5.389s] -- Found python_cmake_module: 0.8.1 (/opt/ros/foxy/share/python_cmake_module/cmake)
[5.479s] -- Found PythonLibs: /usr/lib/aarch64-linux-gnu/libpython3.8.so (found suitable version "3.8.10", minimum required is "3.5") 
[5.480s] -- Using PYTHON_EXECUTABLE: /usr/bin/python3
[5.480s] -- Using PYTHON_INCLUDE_DIRS: /usr/include/python3.8
[5.480s] -- Using PYTHON_LIBRARIES: /usr/lib/aarch64-linux-gnu/libpython3.8.so
[5.552s] -- Found PythonExtra: .so  
[6.102s] -- Found ament_lint_auto: 0.9.8 (/opt/ros/foxy/share/ament_lint_auto/cmake)
[6.397s] -- Added test 'copyright' to check source files copyright and LICENSE
[6.405s] -- Added test 'lint_cmake' to check CMake code style
[6.409s] -- Added test 'xmllint' to check XML markup files
[6.428s] -- Configuring done
[6.773s] -- Generating done
[6.782s] -- Build files have been written to: /home/agilex/limo_ros2_ws/src/build/orbbec_camera_msgs
[6.876s] Invoked command in '/home/agilex/limo_ros2_ws/src/build/orbbec_camera_msgs' returned '0': CMAKE_PREFIX_PATH=${CMAKE_PREFIX_PATH}:/home/agilex/limo_ros2_ws/install/nav2_gazebo_spawner:/opt/ros/foxy /usr/bin/cmake /home/agilex/limo_ros2_ws/src/OrbbecSDK_ROS2/orbbec_camera_msgs -DCMAKE_BUILD_TYPE=Release -DCMAKE_INSTALL_PREFIX=/home/agilex/limo_ros2_ws/src/install/orbbec_camera_msgs
[6.878s] Invoking command in '/home/agilex/limo_ros2_ws/src/build/orbbec_camera_msgs': CMAKE_PREFIX_PATH=${CMAKE_PREFIX_PATH}:/home/agilex/limo_ros2_ws/install/nav2_gazebo_spawner:/opt/ros/foxy /usr/bin/cmake --build /home/agilex/limo_ros2_ws/src/build/orbbec_camera_msgs -- -j6 -l6
[25.052s] [  1%] [34m[1mGenerating C code for ROS interfaces[0m
[25.052s] [35m[1mScanning dependencies of target orbbec_camera_msgs__cpp[0m
[25.052s] [  1%] [34m[1mGenerating C++ code for ROS interfaces[0m
[25.052s] [35m[1mScanning dependencies of target orbbec_camera_msgs__rosidl_generator_c[0m
[25.052s] [  2%] [32mBuilding C object CMakeFiles/orbbec_camera_msgs__rosidl_generator_c.dir/rosidl_generator_c/orbbec_camera_msgs/msg/detail/device_info__functions.c.o[0m
[25.053s] [  3%] [32mBuilding C object CMakeFiles/orbbec_camera_msgs__rosidl_generator_c.dir/rosidl_generator_c/orbbec_camera_msgs/msg/detail/extrinsics__functions.c.o[0m
[25.053s] [  3%] [32mBuilding C object CMakeFiles/orbbec_camera_msgs__rosidl_generator_c.dir/rosidl_generator_c/orbbec_camera_msgs/msg/detail/metadata__functions.c.o[0m
[25.053s] [  4%] [32mBuilding C object CMakeFiles/orbbec_camera_msgs__rosidl_generator_c.dir/rosidl_generator_c/orbbec_camera_msgs/msg/detail/imu_info__functions.c.o[0m
[25.054s] [  5%] [32mBuilding C object CMakeFiles/orbbec_camera_msgs__rosidl_generator_c.dir/rosidl_generator_c/orbbec_camera_msgs/msg/detail/rgbd__functions.c.o[0m
[25.054s] [  6%] [32mBuilding C object CMakeFiles/orbbec_camera_msgs__rosidl_generator_c.dir/rosidl_generator_c/orbbec_camera_msgs/srv/detail/get_bool__functions.c.o[0m
[25.054s] [  7%] [32mBuilding C object CMakeFiles/orbbec_camera_msgs__rosidl_generator_c.dir/rosidl_generator_c/orbbec_camera_msgs/srv/detail/get_device_info__functions.c.o[0m
[25.054s] [  8%] [32mBuilding C object CMakeFiles/orbbec_camera_msgs__rosidl_generator_c.dir/rosidl_generator_c/orbbec_camera_msgs/srv/detail/get_camera_info__functions.c.o[0m
[25.054s] [  9%] [32mBuilding C object CMakeFiles/orbbec_camera_msgs__rosidl_generator_c.dir/rosidl_generator_c/orbbec_camera_msgs/srv/detail/get_int32__functions.c.o[0m
[25.054s] [  9%] Built target orbbec_camera_msgs__cpp
[25.055s] [ 10%] [34m[1mGenerating C++ introspection for ROS interfaces[0m
[25.055s] [ 10%] [32mBuilding C object CMakeFiles/orbbec_camera_msgs__rosidl_generator_c.dir/rosidl_generator_c/orbbec_camera_msgs/srv/detail/get_string__functions.c.o[0m
[25.055s] [ 10%] [34m[1mGenerating C++ type support for eProsima Fast-RTPS[0m
[25.055s] [ 11%] [32mBuilding C object CMakeFiles/orbbec_camera_msgs__rosidl_generator_c.dir/rosidl_generator_c/orbbec_camera_msgs/srv/detail/set_int32__functions.c.o[0m
[25.055s] [ 12%] [32mBuilding C object CMakeFiles/orbbec_camera_msgs__rosidl_generator_c.dir/rosidl_generator_c/orbbec_camera_msgs/srv/detail/set_string__functions.c.o[0m
[25.055s] [ 13%] [32m[1mLinking C shared library liborbbec_camera_msgs__rosidl_generator_c.so[0m
[25.055s] [ 13%] Built target orbbec_camera_msgs__rosidl_generator_c
[25.056s] [35m[1mScanning dependencies of target orbbec_camera_msgs__rosidl_typesupport_introspection_cpp[0m
[25.056s] [ 13%] [32mBuilding CXX object CMakeFiles/orbbec_camera_msgs__rosidl_typesupport_introspection_cpp.dir/rosidl_typesupport_introspection_cpp/orbbec_camera_msgs/msg/detail/device_info__type_support.cpp.o[0m
[25.551s] [35m[1mScanning dependencies of target orbbec_camera_msgs__rosidl_typesupport_fastrtps_cpp[0m
[25.707s] [ 14%] [32mBuilding CXX object CMakeFiles/orbbec_camera_msgs__rosidl_typesupport_fastrtps_cpp.dir/rosidl_typesupport_fastrtps_cpp/orbbec_camera_msgs/msg/detail/dds_fastrtps/device_info__type_support.cpp.o[0m
[26.371s] [ 15%] [32mBuilding CXX object CMakeFiles/orbbec_camera_msgs__rosidl_typesupport_introspection_cpp.dir/rosidl_typesupport_introspection_cpp/orbbec_camera_msgs/msg/detail/extrinsics__type_support.cpp.o[0m
[27.417s] [ 16%] [32mBuilding CXX object CMakeFiles/orbbec_camera_msgs__rosidl_typesupport_introspection_cpp.dir/rosidl_typesupport_introspection_cpp/orbbec_camera_msgs/msg/detail/metadata__type_support.cpp.o[0m
[27.893s] [ 17%] [32mBuilding CXX object CMakeFiles/orbbec_camera_msgs__rosidl_typesupport_fastrtps_cpp.dir/rosidl_typesupport_fastrtps_cpp/orbbec_camera_msgs/msg/detail/dds_fastrtps/extrinsics__type_support.cpp.o[0m
[28.735s] [ 18%] [32mBuilding CXX object CMakeFiles/orbbec_camera_msgs__rosidl_typesupport_introspection_cpp.dir/rosidl_typesupport_introspection_cpp/orbbec_camera_msgs/msg/detail/imu_info__type_support.cpp.o[0m
[29.231s] [ 19%] [32mBuilding CXX object CMakeFiles/orbbec_camera_msgs__rosidl_typesupport_fastrtps_cpp.dir/rosidl_typesupport_fastrtps_cpp/orbbec_camera_msgs/msg/detail/dds_fastrtps/metadata__type_support.cpp.o[0m
[29.857s] [ 20%] [32mBuilding CXX object CMakeFiles/orbbec_camera_msgs__rosidl_typesupport_introspection_cpp.dir/rosidl_typesupport_introspection_cpp/orbbec_camera_msgs/msg/detail/rgbd__type_support.cpp.o[0m
[30.898s] [ 21%] [32mBuilding CXX object CMakeFiles/orbbec_camera_msgs__rosidl_typesupport_fastrtps_cpp.dir/rosidl_typesupport_fastrtps_cpp/orbbec_camera_msgs/msg/detail/dds_fastrtps/imu_info__type_support.cpp.o[0m
[30.970s] [ 22%] [32mBuilding CXX object CMakeFiles/orbbec_camera_msgs__rosidl_typesupport_introspection_cpp.dir/rosidl_typesupport_introspection_cpp/orbbec_camera_msgs/srv/detail/get_bool__type_support.cpp.o[0m
[32.070s] [ 22%] [32mBuilding CXX object CMakeFiles/orbbec_camera_msgs__rosidl_typesupport_introspection_cpp.dir/rosidl_typesupport_introspection_cpp/orbbec_camera_msgs/srv/detail/get_device_info__type_support.cpp.o[0m
[32.123s] [ 23%] [32mBuilding CXX object CMakeFiles/orbbec_camera_msgs__rosidl_typesupport_fastrtps_cpp.dir/rosidl_typesupport_fastrtps_cpp/orbbec_camera_msgs/msg/detail/dds_fastrtps/rgbd__type_support.cpp.o[0m
[32.969s] [ 24%] [32mBuilding CXX object CMakeFiles/orbbec_camera_msgs__rosidl_typesupport_introspection_cpp.dir/rosidl_typesupport_introspection_cpp/orbbec_camera_msgs/srv/detail/get_camera_info__type_support.cpp.o[0m
[33.357s] [ 24%] [32mBuilding CXX object CMakeFiles/orbbec_camera_msgs__rosidl_typesupport_fastrtps_cpp.dir/rosidl_typesupport_fastrtps_cpp/orbbec_camera_msgs/srv/detail/dds_fastrtps/get_bool__type_support.cpp.o[0m
[33.832s] [ 25%] [32mBuilding CXX object CMakeFiles/orbbec_camera_msgs__rosidl_typesupport_introspection_cpp.dir/rosidl_typesupport_introspection_cpp/orbbec_camera_msgs/srv/detail/get_int32__type_support.cpp.o[0m
[34.536s] make[2]: *** [CMakeFiles/orbbec_camera_msgs__rosidl_typesupport_fastrtps_cpp.dir/build.make:309: CMakeFiles/orbbec_camera_msgs__rosidl_typesupport_fastrtps_cpp.dir/rosidl_typesupport_fastrtps_cpp/orbbec_camera_msgs/srv/detail/dds_fastrtps/get_bool__type_support.cpp.o] Interrupt
[34.536s] make[2]: *** [CMakeFiles/orbbec_camera_msgs__rosidl_typesupport_introspection_cpp.dir/build.make:348: CMakeFiles/orbbec_camera_msgs__rosidl_typesupport_introspection_cpp.dir/rosidl_typesupport_introspection_cpp/orbbec_camera_msgs/srv/detail/get_int32__type_support.cpp.o] Interrupt
[34.536s] make[1]: *** [CMakeFiles/Makefile2:499: CMakeFiles/orbbec_camera_msgs__rosidl_typesupport_fastrtps_cpp.dir/all] Interrupt
[34.536s] make[1]: *** wait: No child processes.  Stop.
[34.536s] make[1]: *** Waiting for unfinished jobs....
[34.537s] make[1]: *** wait: No child processes.  Stop.
[34.537s] make: *** [Makefile:141: all] Error 2
[34.624s] Invoked command in '/home/agilex/limo_ros2_ws/src/build/orbbec_camera_msgs' returned '-2': CMAKE_PREFIX_PATH=${CMAKE_PREFIX_PATH}:/home/agilex/limo_ros2_ws/install/nav2_gazebo_spawner:/opt/ros/foxy /usr/bin/cmake --build /home/agilex/limo_ros2_ws/src/build/orbbec_camera_msgs -- -j6 -l6
