[0.087s] Invoking command in '/home/agilex/limo_ros2_ws/build/nav2_msgs': CMAKE_PREFIX_PATH=/home/agilex/limo_ros2_ws/install/nav2_common:/home/agilex/limo_ros2_ws/install/ydlidar_sdk:/home/agilex/limo_ros2_ws/install/ydlidar_ros2_driver:/home/agilex/limo_ros2_ws/install/teb_local_planner:/home/agilex/limo_ros2_ws/install/teb_msgs:/home/agilex/limo_ros2_ws/install/nav2_system_tests:/home/agilex/limo_ros2_ws/install/nav2_bringup:/home/agilex/limo_ros2_ws/install/navigation2:/home/agilex/limo_ros2_ws/install/smac_planner:/home/agilex/limo_ros2_ws/install/rf2o_laser_odometry:/home/agilex/limo_ros2_ws/install/nav2_dwb_controller:/home/agilex/limo_ros2_ws/install/nav2_controller:/home/agilex/limo_ros2_ws/install/dwb_plugins:/home/agilex/limo_ros2_ws/install/dwb_critics:/home/agilex/limo_ros2_ws/install/dwb_core:/home/agilex/limo_ros2_ws/install/nav_2d_utils:/home/agilex/limo_ros2_ws/install/dwb_msgs:/home/agilex/limo_ros2_ws/install/nav_2d_msgs:/home/agilex/limo_ros2_ws/install/nav2_waypoint_follower:/home/agilex/limo_ros2_ws/install/nav2_regulated_pure_pursuit_controller:/home/agilex/limo_ros2_ws/install/nav2_recoveries:/home/agilex/limo_ros2_ws/install/nav2_planner:/home/agilex/limo_ros2_ws/install/nav2_navfn_planner:/home/agilex/limo_ros2_ws/install/nav2_core:/home/agilex/limo_ros2_ws/install/costmap_queue:/home/agilex/limo_ros2_ws/install/costmap_converter:/home/agilex/limo_ros2_ws/install/nav2_costmap_2d:/home/agilex/limo_ros2_ws/install/nav2_voxel_grid:/home/agilex/limo_ros2_ws/install/nav2_rviz_plugins:/home/agilex/limo_ros2_ws/install/nav2_map_server:/home/agilex/limo_ros2_ws/install/nav2_lifecycle_manager:/home/agilex/limo_ros2_ws/install/nav2_bt_navigator:/home/agilex/limo_ros2_ws/install/nav2_behavior_tree:/home/agilex/limo_ros2_ws/install/nav2_amcl:/home/agilex/limo_ros2_ws/install/nav2_util:/home/agilex/limo_ros2_ws/install/nav2_msgs:/home/agilex/limo_ros2_ws/install/mypalletizer_interfaces:/home/agilex/limo_ros2_ws/install/mycobot_interfaces:/home/agilex/limo_ros2_ws/install/mecharm_interfaces:/home/agilex/limo_ros2_ws/install/magic_enum:/home/agilex/limo_ros2_ws/install/limo_bringup:/home/agilex/limo_ros2_ws/install/limo_base:/home/agilex/limo_ros2_ws/install/limo_msgs:/home/agilex/limo_ros2_ws/install/limo_description:/home/agilex/limo_ros2_ws/install/libuvc:/home/agilex/limo_ros2_ws/install/glog:/home/agilex/limo_ros2_ws/install/costmap_converter_msgs:/home/agilex/limo_ros2_ws/install/astra_camera:/home/agilex/limo_ros2_ws/install/astra_camera_msgs:/home/agilex/limo_ros2_ws/install/ultraarm:/home/agilex/limo_ros2_ws/install/nav2_gazebo_spawner:/home/agilex/limo_ros2_ws/install/mypalletizer_260_pi:/home/agilex/limo_ros2_ws/install/mypalletizer_260:/home/agilex/limo_ros2_ws/install/mypalletizer_communication:/home/agilex/limo_ros2_ws/install/mycobot_630:/home/agilex/limo_ros2_ws/install/mycobot_600:/home/agilex/limo_ros2_ws/install/mycobot_320pi:/home/agilex/limo_ros2_ws/install/mycobot_320:/home/agilex/limo_ros2_ws/install/mycobot_280pi:/home/agilex/limo_ros2_ws/install/mycobot_280jn:/home/agilex/limo_ros2_ws/install/mycobot_280_x3pi:/home/agilex/limo_ros2_ws/install/mycobot_280:/home/agilex/limo_ros2_ws/install/myarm_300:/home/agilex/limo_ros2_ws/install/mycobot_communication:/home/agilex/limo_ros2_ws/install/mecharm_pi:/home/agilex/limo_ros2_ws/install/mecharm:/home/agilex/limo_ros2_ws/install/mecharm_communication:/home/agilex/limo_ros2_ws/install/mybuddy:/home/agilex/limo_ros2_ws/install/mycobot_description:/opt/ros/foxy PYTHONPATH=/home/agilex/limo_ros2_ws/install/nav2_common/lib/python3.8/site-packages:/home/agilex/limo_ros2_ws/install/ultraarm/lib/python3.8/site-packages:/home/agilex/limo_ros2_ws/install/teb_msgs/lib/python3.8/site-packages:/home/agilex/limo_ros2_ws/install/dwb_msgs/lib/python3.8/site-packages:/home/agilex/limo_ros2_ws/install/nav_2d_msgs/lib/python3.8/site-packages:/home/agilex/limo_ros2_ws/install/nav2_msgs/lib/python3.8/site-packages:/home/agilex/limo_ros2_ws/install/nav2_gazebo_spawner/lib/python3.8/site-packages:/home/agilex/limo_ros2_ws/install/mypalletizer_260_pi/lib/python3.8/site-packages:/home/agilex/limo_ros2_ws/install/mypalletizer_260/lib/python3.8/site-packages:/home/agilex/limo_ros2_ws/install/mypalletizer_communication/lib/python3.8/site-packages:/home/agilex/limo_ros2_ws/install/mypalletizer_interfaces/lib/python3.8/site-packages:/home/agilex/limo_ros2_ws/install/mycobot_630/lib/python3.8/site-packages:/home/agilex/limo_ros2_ws/install/mycobot_600/lib/python3.8/site-packages:/home/agilex/limo_ros2_ws/install/mycobot_320pi/lib/python3.8/site-packages:/home/agilex/limo_ros2_ws/install/mycobot_320/lib/python3.8/site-packages:/home/agilex/limo_ros2_ws/install/mycobot_280pi/lib/python3.8/site-packages:/home/agilex/limo_ros2_ws/install/mycobot_280jn/lib/python3.8/site-packages:/home/agilex/limo_ros2_ws/install/mycobot_280_x3pi/lib/python3.8/site-packages:/home/agilex/limo_ros2_ws/install/mycobot_280/lib/python3.8/site-packages:/home/agilex/limo_ros2_ws/install/myarm_300/lib/python3.8/site-packages:/home/agilex/limo_ros2_ws/install/mycobot_communication/lib/python3.8/site-packages:/home/agilex/limo_ros2_ws/install/mecharm_pi/lib/python3.8/site-packages:/home/agilex/limo_ros2_ws/install/mecharm/lib/python3.8/site-packages:/home/agilex/limo_ros2_ws/install/mecharm_communication/lib/python3.8/site-packages:/home/agilex/limo_ros2_ws/install/mycobot_interfaces/lib/python3.8/site-packages:/home/agilex/limo_ros2_ws/install/mybuddy/lib/python3.8/site-packages:/home/agilex/limo_ros2_ws/install/mycobot_description/lib/python3.8/site-packages:/home/agilex/limo_ros2_ws/install/mecharm_interfaces/lib/python3.8/site-packages:/home/agilex/limo_ros2_ws/install/limo_msgs/lib/python3.8/site-packages:/home/agilex/limo_ros2_ws/install/costmap_converter_msgs/lib/python3.8/site-packages:/home/agilex/limo_ros2_ws/install/astra_camera_msgs/lib/python3.8/site-packages:/opt/ros/foxy/lib/python3.8/site-packages /usr/bin/cmake --build /home/agilex/limo_ros2_ws/build/nav2_msgs -- -j6 -l6
[0.308s] [  0%] Built target nav2_msgs__cpp
[0.320s] [ 12%] Built target nav2_msgs__rosidl_generator_c
[0.441s] [ 24%] Built target nav2_msgs__rosidl_typesupport_cpp
[0.462s] [ 36%] Built target nav2_msgs__rosidl_typesupport_introspection_c
[0.463s] [ 48%] Built target nav2_msgs__rosidl_typesupport_fastrtps_cpp
[0.464s] [ 61%] Built target nav2_msgs__rosidl_typesupport_introspection_cpp
[0.472s] [ 73%] Built target nav2_msgs__rosidl_typesupport_c
[0.594s] [ 85%] Built target nav2_msgs__rosidl_typesupport_fastrtps_c
[0.651s] [ 85%] Built target nav2_msgs
[0.717s] [ 86%] Built target nav2_msgs__py
[0.852s] [ 97%] Built target nav2_msgs__python
[0.920s] [ 98%] Built target nav2_msgs__rosidl_typesupport_c__pyext
[0.945s] [ 99%] Built target nav2_msgs__rosidl_typesupport_introspection_c__pyext
[0.957s] [100%] Built target nav2_msgs__rosidl_typesupport_fastrtps_c__pyext
[1.021s] Invoked command in '/home/agilex/limo_ros2_ws/build/nav2_msgs' returned '0': CMAKE_PREFIX_PATH=/home/agilex/limo_ros2_ws/install/nav2_common:/home/agilex/limo_ros2_ws/install/ydlidar_sdk:/home/agilex/limo_ros2_ws/install/ydlidar_ros2_driver:/home/agilex/limo_ros2_ws/install/teb_local_planner:/home/agilex/limo_ros2_ws/install/teb_msgs:/home/agilex/limo_ros2_ws/install/nav2_system_tests:/home/agilex/limo_ros2_ws/install/nav2_bringup:/home/agilex/limo_ros2_ws/install/navigation2:/home/agilex/limo_ros2_ws/install/smac_planner:/home/agilex/limo_ros2_ws/install/rf2o_laser_odometry:/home/agilex/limo_ros2_ws/install/nav2_dwb_controller:/home/agilex/limo_ros2_ws/install/nav2_controller:/home/agilex/limo_ros2_ws/install/dwb_plugins:/home/agilex/limo_ros2_ws/install/dwb_critics:/home/agilex/limo_ros2_ws/install/dwb_core:/home/agilex/limo_ros2_ws/install/nav_2d_utils:/home/agilex/limo_ros2_ws/install/dwb_msgs:/home/agilex/limo_ros2_ws/install/nav_2d_msgs:/home/agilex/limo_ros2_ws/install/nav2_waypoint_follower:/home/agilex/limo_ros2_ws/install/nav2_regulated_pure_pursuit_controller:/home/agilex/limo_ros2_ws/install/nav2_recoveries:/home/agilex/limo_ros2_ws/install/nav2_planner:/home/agilex/limo_ros2_ws/install/nav2_navfn_planner:/home/agilex/limo_ros2_ws/install/nav2_core:/home/agilex/limo_ros2_ws/install/costmap_queue:/home/agilex/limo_ros2_ws/install/costmap_converter:/home/agilex/limo_ros2_ws/install/nav2_costmap_2d:/home/agilex/limo_ros2_ws/install/nav2_voxel_grid:/home/agilex/limo_ros2_ws/install/nav2_rviz_plugins:/home/agilex/limo_ros2_ws/install/nav2_map_server:/home/agilex/limo_ros2_ws/install/nav2_lifecycle_manager:/home/agilex/limo_ros2_ws/install/nav2_bt_navigator:/home/agilex/limo_ros2_ws/install/nav2_behavior_tree:/home/agilex/limo_ros2_ws/install/nav2_amcl:/home/agilex/limo_ros2_ws/install/nav2_util:/home/agilex/limo_ros2_ws/install/nav2_msgs:/home/agilex/limo_ros2_ws/install/mypalletizer_interfaces:/home/agilex/limo_ros2_ws/install/mycobot_interfaces:/home/agilex/limo_ros2_ws/install/mecharm_interfaces:/home/agilex/limo_ros2_ws/install/magic_enum:/home/agilex/limo_ros2_ws/install/limo_bringup:/home/agilex/limo_ros2_ws/install/limo_base:/home/agilex/limo_ros2_ws/install/limo_msgs:/home/agilex/limo_ros2_ws/install/limo_description:/home/agilex/limo_ros2_ws/install/libuvc:/home/agilex/limo_ros2_ws/install/glog:/home/agilex/limo_ros2_ws/install/costmap_converter_msgs:/home/agilex/limo_ros2_ws/install/astra_camera:/home/agilex/limo_ros2_ws/install/astra_camera_msgs:/home/agilex/limo_ros2_ws/install/ultraarm:/home/agilex/limo_ros2_ws/install/nav2_gazebo_spawner:/home/agilex/limo_ros2_ws/install/mypalletizer_260_pi:/home/agilex/limo_ros2_ws/install/mypalletizer_260:/home/agilex/limo_ros2_ws/install/mypalletizer_communication:/home/agilex/limo_ros2_ws/install/mycobot_630:/home/agilex/limo_ros2_ws/install/mycobot_600:/home/agilex/limo_ros2_ws/install/mycobot_320pi:/home/agilex/limo_ros2_ws/install/mycobot_320:/home/agilex/limo_ros2_ws/install/mycobot_280pi:/home/agilex/limo_ros2_ws/install/mycobot_280jn:/home/agilex/limo_ros2_ws/install/mycobot_280_x3pi:/home/agilex/limo_ros2_ws/install/mycobot_280:/home/agilex/limo_ros2_ws/install/myarm_300:/home/agilex/limo_ros2_ws/install/mycobot_communication:/home/agilex/limo_ros2_ws/install/mecharm_pi:/home/agilex/limo_ros2_ws/install/mecharm:/home/agilex/limo_ros2_ws/install/mecharm_communication:/home/agilex/limo_ros2_ws/install/mybuddy:/home/agilex/limo_ros2_ws/install/mycobot_description:/opt/ros/foxy PYTHONPATH=/home/agilex/limo_ros2_ws/install/nav2_common/lib/python3.8/site-packages:/home/agilex/limo_ros2_ws/install/ultraarm/lib/python3.8/site-packages:/home/agilex/limo_ros2_ws/install/teb_msgs/lib/python3.8/site-packages:/home/agilex/limo_ros2_ws/install/dwb_msgs/lib/python3.8/site-packages:/home/agilex/limo_ros2_ws/install/nav_2d_msgs/lib/python3.8/site-packages:/home/agilex/limo_ros2_ws/install/nav2_msgs/lib/python3.8/site-packages:/home/agilex/limo_ros2_ws/install/nav2_gazebo_spawner/lib/python3.8/site-packages:/home/agilex/limo_ros2_ws/install/mypalletizer_260_pi/lib/python3.8/site-packages:/home/agilex/limo_ros2_ws/install/mypalletizer_260/lib/python3.8/site-packages:/home/agilex/limo_ros2_ws/install/mypalletizer_communication/lib/python3.8/site-packages:/home/agilex/limo_ros2_ws/install/mypalletizer_interfaces/lib/python3.8/site-packages:/home/agilex/limo_ros2_ws/install/mycobot_630/lib/python3.8/site-packages:/home/agilex/limo_ros2_ws/install/mycobot_600/lib/python3.8/site-packages:/home/agilex/limo_ros2_ws/install/mycobot_320pi/lib/python3.8/site-packages:/home/agilex/limo_ros2_ws/install/mycobot_320/lib/python3.8/site-packages:/home/agilex/limo_ros2_ws/install/mycobot_280pi/lib/python3.8/site-packages:/home/agilex/limo_ros2_ws/install/mycobot_280jn/lib/python3.8/site-packages:/home/agilex/limo_ros2_ws/install/mycobot_280_x3pi/lib/python3.8/site-packages:/home/agilex/limo_ros2_ws/install/mycobot_280/lib/python3.8/site-packages:/home/agilex/limo_ros2_ws/install/myarm_300/lib/python3.8/site-packages:/home/agilex/limo_ros2_ws/install/mycobot_communication/lib/python3.8/site-packages:/home/agilex/limo_ros2_ws/install/mecharm_pi/lib/python3.8/site-packages:/home/agilex/limo_ros2_ws/install/mecharm/lib/python3.8/site-packages:/home/agilex/limo_ros2_ws/install/mecharm_communication/lib/python3.8/site-packages:/home/agilex/limo_ros2_ws/install/mycobot_interfaces/lib/python3.8/site-packages:/home/agilex/limo_ros2_ws/install/mybuddy/lib/python3.8/site-packages:/home/agilex/limo_ros2_ws/install/mycobot_description/lib/python3.8/site-packages:/home/agilex/limo_ros2_ws/install/mecharm_interfaces/lib/python3.8/site-packages:/home/agilex/limo_ros2_ws/install/limo_msgs/lib/python3.8/site-packages:/home/agilex/limo_ros2_ws/install/costmap_converter_msgs/lib/python3.8/site-packages:/home/agilex/limo_ros2_ws/install/astra_camera_msgs/lib/python3.8/site-packages:/opt/ros/foxy/lib/python3.8/site-packages /usr/bin/cmake --build /home/agilex/limo_ros2_ws/build/nav2_msgs -- -j6 -l6
[3.253s] Invoking command in '/home/agilex/limo_ros2_ws/build/nav2_msgs': CMAKE_PREFIX_PATH=/home/agilex/limo_ros2_ws/install/nav2_common:/home/agilex/limo_ros2_ws/install/ydlidar_sdk:/home/agilex/limo_ros2_ws/install/ydlidar_ros2_driver:/home/agilex/limo_ros2_ws/install/teb_local_planner:/home/agilex/limo_ros2_ws/install/teb_msgs:/home/agilex/limo_ros2_ws/install/nav2_system_tests:/home/agilex/limo_ros2_ws/install/nav2_bringup:/home/agilex/limo_ros2_ws/install/navigation2:/home/agilex/limo_ros2_ws/install/smac_planner:/home/agilex/limo_ros2_ws/install/rf2o_laser_odometry:/home/agilex/limo_ros2_ws/install/nav2_dwb_controller:/home/agilex/limo_ros2_ws/install/nav2_controller:/home/agilex/limo_ros2_ws/install/dwb_plugins:/home/agilex/limo_ros2_ws/install/dwb_critics:/home/agilex/limo_ros2_ws/install/dwb_core:/home/agilex/limo_ros2_ws/install/nav_2d_utils:/home/agilex/limo_ros2_ws/install/dwb_msgs:/home/agilex/limo_ros2_ws/install/nav_2d_msgs:/home/agilex/limo_ros2_ws/install/nav2_waypoint_follower:/home/agilex/limo_ros2_ws/install/nav2_regulated_pure_pursuit_controller:/home/agilex/limo_ros2_ws/install/nav2_recoveries:/home/agilex/limo_ros2_ws/install/nav2_planner:/home/agilex/limo_ros2_ws/install/nav2_navfn_planner:/home/agilex/limo_ros2_ws/install/nav2_core:/home/agilex/limo_ros2_ws/install/costmap_queue:/home/agilex/limo_ros2_ws/install/costmap_converter:/home/agilex/limo_ros2_ws/install/nav2_costmap_2d:/home/agilex/limo_ros2_ws/install/nav2_voxel_grid:/home/agilex/limo_ros2_ws/install/nav2_rviz_plugins:/home/agilex/limo_ros2_ws/install/nav2_map_server:/home/agilex/limo_ros2_ws/install/nav2_lifecycle_manager:/home/agilex/limo_ros2_ws/install/nav2_bt_navigator:/home/agilex/limo_ros2_ws/install/nav2_behavior_tree:/home/agilex/limo_ros2_ws/install/nav2_amcl:/home/agilex/limo_ros2_ws/install/nav2_util:/home/agilex/limo_ros2_ws/install/nav2_msgs:/home/agilex/limo_ros2_ws/install/mypalletizer_interfaces:/home/agilex/limo_ros2_ws/install/mycobot_interfaces:/home/agilex/limo_ros2_ws/install/mecharm_interfaces:/home/agilex/limo_ros2_ws/install/magic_enum:/home/agilex/limo_ros2_ws/install/limo_bringup:/home/agilex/limo_ros2_ws/install/limo_base:/home/agilex/limo_ros2_ws/install/limo_msgs:/home/agilex/limo_ros2_ws/install/limo_description:/home/agilex/limo_ros2_ws/install/libuvc:/home/agilex/limo_ros2_ws/install/glog:/home/agilex/limo_ros2_ws/install/costmap_converter_msgs:/home/agilex/limo_ros2_ws/install/astra_camera:/home/agilex/limo_ros2_ws/install/astra_camera_msgs:/home/agilex/limo_ros2_ws/install/ultraarm:/home/agilex/limo_ros2_ws/install/nav2_gazebo_spawner:/home/agilex/limo_ros2_ws/install/mypalletizer_260_pi:/home/agilex/limo_ros2_ws/install/mypalletizer_260:/home/agilex/limo_ros2_ws/install/mypalletizer_communication:/home/agilex/limo_ros2_ws/install/mycobot_630:/home/agilex/limo_ros2_ws/install/mycobot_600:/home/agilex/limo_ros2_ws/install/mycobot_320pi:/home/agilex/limo_ros2_ws/install/mycobot_320:/home/agilex/limo_ros2_ws/install/mycobot_280pi:/home/agilex/limo_ros2_ws/install/mycobot_280jn:/home/agilex/limo_ros2_ws/install/mycobot_280_x3pi:/home/agilex/limo_ros2_ws/install/mycobot_280:/home/agilex/limo_ros2_ws/install/myarm_300:/home/agilex/limo_ros2_ws/install/mycobot_communication:/home/agilex/limo_ros2_ws/install/mecharm_pi:/home/agilex/limo_ros2_ws/install/mecharm:/home/agilex/limo_ros2_ws/install/mecharm_communication:/home/agilex/limo_ros2_ws/install/mybuddy:/home/agilex/limo_ros2_ws/install/mycobot_description:/opt/ros/foxy PYTHONPATH=/home/agilex/limo_ros2_ws/install/nav2_common/lib/python3.8/site-packages:/home/agilex/limo_ros2_ws/install/ultraarm/lib/python3.8/site-packages:/home/agilex/limo_ros2_ws/install/teb_msgs/lib/python3.8/site-packages:/home/agilex/limo_ros2_ws/install/dwb_msgs/lib/python3.8/site-packages:/home/agilex/limo_ros2_ws/install/nav_2d_msgs/lib/python3.8/site-packages:/home/agilex/limo_ros2_ws/install/nav2_msgs/lib/python3.8/site-packages:/home/agilex/limo_ros2_ws/install/nav2_gazebo_spawner/lib/python3.8/site-packages:/home/agilex/limo_ros2_ws/install/mypalletizer_260_pi/lib/python3.8/site-packages:/home/agilex/limo_ros2_ws/install/mypalletizer_260/lib/python3.8/site-packages:/home/agilex/limo_ros2_ws/install/mypalletizer_communication/lib/python3.8/site-packages:/home/agilex/limo_ros2_ws/install/mypalletizer_interfaces/lib/python3.8/site-packages:/home/agilex/limo_ros2_ws/install/mycobot_630/lib/python3.8/site-packages:/home/agilex/limo_ros2_ws/install/mycobot_600/lib/python3.8/site-packages:/home/agilex/limo_ros2_ws/install/mycobot_320pi/lib/python3.8/site-packages:/home/agilex/limo_ros2_ws/install/mycobot_320/lib/python3.8/site-packages:/home/agilex/limo_ros2_ws/install/mycobot_280pi/lib/python3.8/site-packages:/home/agilex/limo_ros2_ws/install/mycobot_280jn/lib/python3.8/site-packages:/home/agilex/limo_ros2_ws/install/mycobot_280_x3pi/lib/python3.8/site-packages:/home/agilex/limo_ros2_ws/install/mycobot_280/lib/python3.8/site-packages:/home/agilex/limo_ros2_ws/install/myarm_300/lib/python3.8/site-packages:/home/agilex/limo_ros2_ws/install/mycobot_communication/lib/python3.8/site-packages:/home/agilex/limo_ros2_ws/install/mecharm_pi/lib/python3.8/site-packages:/home/agilex/limo_ros2_ws/install/mecharm/lib/python3.8/site-packages:/home/agilex/limo_ros2_ws/install/mecharm_communication/lib/python3.8/site-packages:/home/agilex/limo_ros2_ws/install/mycobot_interfaces/lib/python3.8/site-packages:/home/agilex/limo_ros2_ws/install/mybuddy/lib/python3.8/site-packages:/home/agilex/limo_ros2_ws/install/mycobot_description/lib/python3.8/site-packages:/home/agilex/limo_ros2_ws/install/mecharm_interfaces/lib/python3.8/site-packages:/home/agilex/limo_ros2_ws/install/limo_msgs/lib/python3.8/site-packages:/home/agilex/limo_ros2_ws/install/costmap_converter_msgs/lib/python3.8/site-packages:/home/agilex/limo_ros2_ws/install/astra_camera_msgs/lib/python3.8/site-packages:/opt/ros/foxy/lib/python3.8/site-packages /usr/bin/cmake --install /home/agilex/limo_ros2_ws/build/nav2_msgs
[3.334s] -- Install configuration: "Release"
[3.334s] -- Installing: /home/agilex/limo_ros2_ws/install/nav2_msgs/share/ament_index/resource_index/rosidl_interfaces/nav2_msgs
[3.335s] -- Installing: /home/agilex/limo_ros2_ws/install/nav2_msgs/include/nav2_msgs
[3.335s] -- Installing: /home/agilex/limo_ros2_ws/install/nav2_msgs/include/nav2_msgs/msg
[3.335s] -- Installing: /home/agilex/limo_ros2_ws/install/nav2_msgs/include/nav2_msgs/msg/voxel_grid.h
[3.335s] -- Installing: /home/agilex/limo_ros2_ws/install/nav2_msgs/include/nav2_msgs/msg/particle_cloud.h
[3.335s] -- Installing: /home/agilex/limo_ros2_ws/install/nav2_msgs/include/nav2_msgs/msg/costmap_meta_data.h
[3.336s] -- Installing: /home/agilex/limo_ros2_ws/install/nav2_msgs/include/nav2_msgs/msg/costmap.h
[3.336s] -- Installing: /home/agilex/limo_ros2_ws/install/nav2_msgs/include/nav2_msgs/msg/rosidl_generator_c__visibility_control.h
[3.336s] -- Installing: /home/agilex/limo_ros2_ws/install/nav2_msgs/include/nav2_msgs/msg/behavior_tree_status_change.h
[3.336s] -- Installing: /home/agilex/limo_ros2_ws/install/nav2_msgs/include/nav2_msgs/msg/detail
[3.336s] -- Installing: /home/agilex/limo_ros2_ws/install/nav2_msgs/include/nav2_msgs/msg/detail/voxel_grid__functions.h
[3.336s] -- Installing: /home/agilex/limo_ros2_ws/install/nav2_msgs/include/nav2_msgs/msg/detail/costmap_meta_data__type_support.h
[3.336s] -- Installing: /home/agilex/limo_ros2_ws/install/nav2_msgs/include/nav2_msgs/msg/detail/voxel_grid__functions.c
[3.336s] -- Installing: /home/agilex/limo_ros2_ws/install/nav2_msgs/include/nav2_msgs/msg/detail/costmap_meta_data__functions.h
[3.337s] -- Installing: /home/agilex/limo_ros2_ws/install/nav2_msgs/include/nav2_msgs/msg/detail/behavior_tree_status_change__functions.c
[3.337s] -- Installing: /home/agilex/limo_ros2_ws/install/nav2_msgs/include/nav2_msgs/msg/detail/voxel_grid__type_support.h
[3.337s] -- Installing: /home/agilex/limo_ros2_ws/install/nav2_msgs/include/nav2_msgs/msg/detail/behavior_tree_status_change__struct.h
[3.337s] -- Installing: /home/agilex/limo_ros2_ws/install/nav2_msgs/include/nav2_msgs/msg/detail/particle__functions.c
[3.337s] -- Installing: /home/agilex/limo_ros2_ws/install/nav2_msgs/include/nav2_msgs/msg/detail/behavior_tree_log__struct.h
[3.337s] -- Installing: /home/agilex/limo_ros2_ws/install/nav2_msgs/include/nav2_msgs/msg/detail/costmap__type_support.h
[3.337s] -- Installing: /home/agilex/limo_ros2_ws/install/nav2_msgs/include/nav2_msgs/msg/detail/behavior_tree_log__type_support.h
[3.337s] -- Installing: /home/agilex/limo_ros2_ws/install/nav2_msgs/include/nav2_msgs/msg/detail/costmap_meta_data__struct.h
[3.338s] -- Installing: /home/agilex/limo_ros2_ws/install/nav2_msgs/include/nav2_msgs/msg/detail/particle_cloud__functions.h
[3.338s] -- Installing: /home/agilex/limo_ros2_ws/install/nav2_msgs/include/nav2_msgs/msg/detail/costmap__functions.c
[3.338s] -- Installing: /home/agilex/limo_ros2_ws/install/nav2_msgs/include/nav2_msgs/msg/detail/particle_cloud__functions.c
[3.338s] -- Installing: /home/agilex/limo_ros2_ws/install/nav2_msgs/include/nav2_msgs/msg/detail/behavior_tree_log__functions.h
[3.338s] -- Installing: /home/agilex/limo_ros2_ws/install/nav2_msgs/include/nav2_msgs/msg/detail/behavior_tree_status_change__functions.h
[3.338s] -- Installing: /home/agilex/limo_ros2_ws/install/nav2_msgs/include/nav2_msgs/msg/detail/costmap__struct.h
[3.338s] -- Installing: /home/agilex/limo_ros2_ws/install/nav2_msgs/include/nav2_msgs/msg/detail/behavior_tree_status_change__type_support.h
[3.338s] -- Installing: /home/agilex/limo_ros2_ws/install/nav2_msgs/include/nav2_msgs/msg/detail/voxel_grid__struct.h
[3.339s] -- Installing: /home/agilex/limo_ros2_ws/install/nav2_msgs/include/nav2_msgs/msg/detail/particle__struct.h
[3.339s] -- Installing: /home/agilex/limo_ros2_ws/install/nav2_msgs/include/nav2_msgs/msg/detail/costmap__functions.h
[3.339s] -- Installing: /home/agilex/limo_ros2_ws/install/nav2_msgs/include/nav2_msgs/msg/detail/particle_cloud__type_support.h
[3.340s] -- Installing: /home/agilex/limo_ros2_ws/install/nav2_msgs/include/nav2_msgs/msg/detail/particle_cloud__struct.h
[3.344s] -- Installing: /home/agilex/limo_ros2_ws/install/nav2_msgs/include/nav2_msgs/msg/detail/particle__type_support.h
[3.346s] -- Installing: /home/agilex/limo_ros2_ws/install/nav2_msgs/include/nav2_msgs/msg/detail/particle__functions.h
[3.346s] -- Installing: /home/agilex/limo_ros2_ws/install/nav2_msgs/include/nav2_msgs/msg/detail/costmap_meta_data__functions.c
[3.351s] -- Installing: /home/agilex/limo_ros2_ws/install/nav2_msgs/include/nav2_msgs/msg/detail/behavior_tree_log__functions.c
[3.351s] -- Installing: /home/agilex/limo_ros2_ws/install/nav2_msgs/include/nav2_msgs/msg/particle.h
[3.351s] -- Installing: /home/agilex/limo_ros2_ws/install/nav2_msgs/include/nav2_msgs/msg/behavior_tree_log.h
[3.351s] -- Installing: /home/agilex/limo_ros2_ws/install/nav2_msgs/include/nav2_msgs/srv
[3.352s] -- Installing: /home/agilex/limo_ros2_ws/install/nav2_msgs/include/nav2_msgs/srv/clear_costmap_except_region.h
[3.352s] -- Installing: /home/agilex/limo_ros2_ws/install/nav2_msgs/include/nav2_msgs/srv/get_costmap.h
[3.352s] -- Installing: /home/agilex/limo_ros2_ws/install/nav2_msgs/include/nav2_msgs/srv/clear_entire_costmap.h
[3.352s] -- Installing: /home/agilex/limo_ros2_ws/install/nav2_msgs/include/nav2_msgs/srv/manage_lifecycle_nodes.h
[3.352s] -- Installing: /home/agilex/limo_ros2_ws/install/nav2_msgs/include/nav2_msgs/srv/clear_costmap_around_robot.h
[3.352s] -- Installing: /home/agilex/limo_ros2_ws/install/nav2_msgs/include/nav2_msgs/srv/detail
[3.352s] -- Installing: /home/agilex/limo_ros2_ws/install/nav2_msgs/include/nav2_msgs/srv/detail/save_map__functions.h
[3.353s] -- Installing: /home/agilex/limo_ros2_ws/install/nav2_msgs/include/nav2_msgs/srv/detail/manage_lifecycle_nodes__struct.h
[3.353s] -- Installing: /home/agilex/limo_ros2_ws/install/nav2_msgs/include/nav2_msgs/srv/detail/clear_costmap_around_robot__functions.h
[3.353s] -- Installing: /home/agilex/limo_ros2_ws/install/nav2_msgs/include/nav2_msgs/srv/detail/load_map__functions.c
[3.353s] -- Installing: /home/agilex/limo_ros2_ws/install/nav2_msgs/include/nav2_msgs/srv/detail/clear_entire_costmap__functions.c
[3.353s] -- Installing: /home/agilex/limo_ros2_ws/install/nav2_msgs/include/nav2_msgs/srv/detail/save_map__functions.c
[3.353s] -- Installing: /home/agilex/limo_ros2_ws/install/nav2_msgs/include/nav2_msgs/srv/detail/clear_costmap_around_robot__type_support.h
[3.353s] -- Installing: /home/agilex/limo_ros2_ws/install/nav2_msgs/include/nav2_msgs/srv/detail/get_costmap__struct.h
[3.353s] -- Installing: /home/agilex/limo_ros2_ws/install/nav2_msgs/include/nav2_msgs/srv/detail/save_map__struct.h
[3.353s] -- Installing: /home/agilex/limo_ros2_ws/install/nav2_msgs/include/nav2_msgs/srv/detail/get_costmap__functions.c
[3.354s] -- Installing: /home/agilex/limo_ros2_ws/install/nav2_msgs/include/nav2_msgs/srv/detail/clear_costmap_except_region__functions.h
[3.354s] -- Installing: /home/agilex/limo_ros2_ws/install/nav2_msgs/include/nav2_msgs/srv/detail/save_map__type_support.h
[3.354s] -- Installing: /home/agilex/limo_ros2_ws/install/nav2_msgs/include/nav2_msgs/srv/detail/clear_costmap_around_robot__struct.h
[3.354s] -- Installing: /home/agilex/limo_ros2_ws/install/nav2_msgs/include/nav2_msgs/srv/detail/load_map__type_support.h
[3.354s] -- Installing: /home/agilex/limo_ros2_ws/install/nav2_msgs/include/nav2_msgs/srv/detail/manage_lifecycle_nodes__functions.c
[3.354s] -- Installing: /home/agilex/limo_ros2_ws/install/nav2_msgs/include/nav2_msgs/srv/detail/manage_lifecycle_nodes__functions.h
[3.354s] -- Installing: /home/agilex/limo_ros2_ws/install/nav2_msgs/include/nav2_msgs/srv/detail/get_costmap__type_support.h
[3.355s] -- Installing: /home/agilex/limo_ros2_ws/install/nav2_msgs/include/nav2_msgs/srv/detail/load_map__struct.h
[3.355s] -- Installing: /home/agilex/limo_ros2_ws/install/nav2_msgs/include/nav2_msgs/srv/detail/clear_entire_costmap__functions.h
[3.355s] -- Installing: /home/agilex/limo_ros2_ws/install/nav2_msgs/include/nav2_msgs/srv/detail/load_map__functions.h
[3.355s] -- Installing: /home/agilex/limo_ros2_ws/install/nav2_msgs/include/nav2_msgs/srv/detail/clear_costmap_around_robot__functions.c
[3.355s] -- Installing: /home/agilex/limo_ros2_ws/install/nav2_msgs/include/nav2_msgs/srv/detail/clear_entire_costmap__struct.h
[3.355s] -- Installing: /home/agilex/limo_ros2_ws/install/nav2_msgs/include/nav2_msgs/srv/detail/manage_lifecycle_nodes__type_support.h
[3.355s] -- Installing: /home/agilex/limo_ros2_ws/install/nav2_msgs/include/nav2_msgs/srv/detail/get_costmap__functions.h
[3.356s] -- Installing: /home/agilex/limo_ros2_ws/install/nav2_msgs/include/nav2_msgs/srv/detail/clear_entire_costmap__type_support.h
[3.356s] -- Installing: /home/agilex/limo_ros2_ws/install/nav2_msgs/include/nav2_msgs/srv/detail/clear_costmap_except_region__type_support.h
[3.356s] -- Installing: /home/agilex/limo_ros2_ws/install/nav2_msgs/include/nav2_msgs/srv/detail/clear_costmap_except_region__functions.c
[3.356s] -- Installing: /home/agilex/limo_ros2_ws/install/nav2_msgs/include/nav2_msgs/srv/detail/clear_costmap_except_region__struct.h
[3.356s] -- Installing: /home/agilex/limo_ros2_ws/install/nav2_msgs/include/nav2_msgs/srv/load_map.h
[3.356s] -- Installing: /home/agilex/limo_ros2_ws/install/nav2_msgs/include/nav2_msgs/srv/save_map.h
[3.356s] -- Installing: /home/agilex/limo_ros2_ws/install/nav2_msgs/include/nav2_msgs/action
[3.356s] -- Installing: /home/agilex/limo_ros2_ws/install/nav2_msgs/include/nav2_msgs/action/compute_path_to_pose.h
[3.356s] -- Installing: /home/agilex/limo_ros2_ws/install/nav2_msgs/include/nav2_msgs/action/back_up.h
[3.357s] -- Installing: /home/agilex/limo_ros2_ws/install/nav2_msgs/include/nav2_msgs/action/follow_path.h
[3.357s] -- Installing: /home/agilex/limo_ros2_ws/install/nav2_msgs/include/nav2_msgs/action/navigate_to_pose.h
[3.357s] -- Installing: /home/agilex/limo_ros2_ws/install/nav2_msgs/include/nav2_msgs/action/wait.h
[3.357s] -- Installing: /home/agilex/limo_ros2_ws/install/nav2_msgs/include/nav2_msgs/action/follow_waypoints.h
[3.357s] -- Installing: /home/agilex/limo_ros2_ws/install/nav2_msgs/include/nav2_msgs/action/detail
[3.357s] -- Installing: /home/agilex/limo_ros2_ws/install/nav2_msgs/include/nav2_msgs/action/detail/spin__struct.h
[3.357s] -- Installing: /home/agilex/limo_ros2_ws/install/nav2_msgs/include/nav2_msgs/action/detail/back_up__functions.h
[3.357s] -- Installing: /home/agilex/limo_ros2_ws/install/nav2_msgs/include/nav2_msgs/action/detail/wait__functions.c
[3.358s] -- Installing: /home/agilex/limo_ros2_ws/install/nav2_msgs/include/nav2_msgs/action/detail/compute_path_to_pose__functions.c
[3.360s] -- Installing: /home/agilex/limo_ros2_ws/install/nav2_msgs/include/nav2_msgs/action/detail/follow_waypoints__type_support.h
[3.361s] -- Installing: /home/agilex/limo_ros2_ws/install/nav2_msgs/include/nav2_msgs/action/detail/wait__struct.h
[3.361s] -- Installing: /home/agilex/limo_ros2_ws/install/nav2_msgs/include/nav2_msgs/action/detail/follow_path__functions.h
[3.362s] -- Installing: /home/agilex/limo_ros2_ws/install/nav2_msgs/include/nav2_msgs/action/detail/spin__functions.h
[3.362s] -- Installing: /home/agilex/limo_ros2_ws/install/nav2_msgs/include/nav2_msgs/action/detail/navigate_to_pose__type_support.h
[3.363s] -- Installing: /home/agilex/limo_ros2_ws/install/nav2_msgs/include/nav2_msgs/action/detail/wait__functions.h
[3.364s] -- Installing: /home/agilex/limo_ros2_ws/install/nav2_msgs/include/nav2_msgs/action/detail/follow_waypoints__struct.h
[3.364s] -- Installing: /home/agilex/limo_ros2_ws/install/nav2_msgs/include/nav2_msgs/action/detail/back_up__functions.c
[3.365s] -- Installing: /home/agilex/limo_ros2_ws/install/nav2_msgs/include/nav2_msgs/action/detail/dummy_recovery__type_support.h
[3.365s] -- Installing: /home/agilex/limo_ros2_ws/install/nav2_msgs/include/nav2_msgs/action/detail/spin__type_support.h
[3.370s] -- Installing: /home/agilex/limo_ros2_ws/install/nav2_msgs/include/nav2_msgs/action/detail/compute_path_to_pose__struct.h
[3.371s] -- Installing: /home/agilex/limo_ros2_ws/install/nav2_msgs/include/nav2_msgs/action/detail/follow_path__struct.h
[3.371s] -- Installing: /home/agilex/limo_ros2_ws/install/nav2_msgs/include/nav2_msgs/action/detail/navigate_to_pose__functions.c
[3.371s] -- Installing: /home/agilex/limo_ros2_ws/install/nav2_msgs/include/nav2_msgs/action/detail/compute_path_to_pose__functions.h
[3.372s] -- Installing: /home/agilex/limo_ros2_ws/install/nav2_msgs/include/nav2_msgs/action/detail/navigate_to_pose__functions.h
[3.372s] -- Installing: /home/agilex/limo_ros2_ws/install/nav2_msgs/include/nav2_msgs/action/detail/dummy_recovery__functions.h
[3.372s] -- Installing: /home/agilex/limo_ros2_ws/install/nav2_msgs/include/nav2_msgs/action/detail/back_up__type_support.h
[3.372s] -- Installing: /home/agilex/limo_ros2_ws/install/nav2_msgs/include/nav2_msgs/action/detail/dummy_recovery__functions.c
[3.372s] -- Installing: /home/agilex/limo_ros2_ws/install/nav2_msgs/include/nav2_msgs/action/detail/compute_path_to_pose__type_support.h
[3.382s] -- Installing: /home/agilex/limo_ros2_ws/install/nav2_msgs/include/nav2_msgs/action/detail/navigate_to_pose__struct.h
[3.383s] -- Installing: /home/agilex/limo_ros2_ws/install/nav2_msgs/include/nav2_msgs/action/detail/follow_path__type_support.h
[3.383s] -- Installing: /home/agilex/limo_ros2_ws/install/nav2_msgs/include/nav2_msgs/action/detail/spin__functions.c
[3.383s] -- Installing: /home/agilex/limo_ros2_ws/install/nav2_msgs/include/nav2_msgs/action/detail/follow_path__functions.c
[3.384s] -- Installing: /home/agilex/limo_ros2_ws/install/nav2_msgs/include/nav2_msgs/action/detail/dummy_recovery__struct.h
[3.385s] -- Installing: /home/agilex/limo_ros2_ws/install/nav2_msgs/include/nav2_msgs/action/detail/back_up__struct.h
[3.385s] -- Installing: /home/agilex/limo_ros2_ws/install/nav2_msgs/include/nav2_msgs/action/detail/follow_waypoints__functions.h
[3.385s] -- Installing: /home/agilex/limo_ros2_ws/install/nav2_msgs/include/nav2_msgs/action/detail/follow_waypoints__functions.c
[3.386s] -- Installing: /home/agilex/limo_ros2_ws/install/nav2_msgs/include/nav2_msgs/action/detail/wait__type_support.h
[3.386s] -- Installing: /home/agilex/limo_ros2_ws/install/nav2_msgs/include/nav2_msgs/action/spin.h
[3.387s] -- Installing: /home/agilex/limo_ros2_ws/install/nav2_msgs/include/nav2_msgs/action/dummy_recovery.h
[3.387s] -- Installing: /home/agilex/limo_ros2_ws/install/nav2_msgs/share/nav2_msgs/environment/library_path.sh
[3.387s] -- Installing: /home/agilex/limo_ros2_ws/install/nav2_msgs/share/nav2_msgs/environment/library_path.dsv
[3.388s] -- Installing: /home/agilex/limo_ros2_ws/install/nav2_msgs/lib/libnav2_msgs__rosidl_generator_c.so
[3.388s] -- Set runtime path of "/home/agilex/limo_ros2_ws/install/nav2_msgs/lib/libnav2_msgs__rosidl_generator_c.so" to ""
[3.388s] -- Up-to-date: /home/agilex/limo_ros2_ws/install/nav2_msgs/include/nav2_msgs
[3.388s] -- Up-to-date: /home/agilex/limo_ros2_ws/install/nav2_msgs/include/nav2_msgs/msg
[3.389s] -- Installing: /home/agilex/limo_ros2_ws/install/nav2_msgs/include/nav2_msgs/msg/rosidl_typesupport_fastrtps_c__visibility_control.h
[3.389s] -- Up-to-date: /home/agilex/limo_ros2_ws/install/nav2_msgs/include/nav2_msgs/msg/detail
[3.389s] -- Installing: /home/agilex/limo_ros2_ws/install/nav2_msgs/include/nav2_msgs/msg/detail/behavior_tree_log__rosidl_typesupport_fastrtps_c.h
[3.398s] -- Installing: /home/agilex/limo_ros2_ws/install/nav2_msgs/include/nav2_msgs/msg/detail/behavior_tree_status_change__rosidl_typesupport_fastrtps_c.h
[3.399s] -- Installing: /home/agilex/limo_ros2_ws/install/nav2_msgs/include/nav2_msgs/msg/detail/voxel_grid__rosidl_typesupport_fastrtps_c.h
[3.401s] -- Installing: /home/agilex/limo_ros2_ws/install/nav2_msgs/include/nav2_msgs/msg/detail/particle_cloud__rosidl_typesupport_fastrtps_c.h
[3.402s] -- Installing: /home/agilex/limo_ros2_ws/install/nav2_msgs/include/nav2_msgs/msg/detail/costmap_meta_data__rosidl_typesupport_fastrtps_c.h
[3.402s] -- Installing: /home/agilex/limo_ros2_ws/install/nav2_msgs/include/nav2_msgs/msg/detail/costmap__rosidl_typesupport_fastrtps_c.h
[3.403s] -- Installing: /home/agilex/limo_ros2_ws/install/nav2_msgs/include/nav2_msgs/msg/detail/particle__rosidl_typesupport_fastrtps_c.h
[3.404s] -- Up-to-date: /home/agilex/limo_ros2_ws/install/nav2_msgs/include/nav2_msgs/srv
[3.404s] -- Up-to-date: /home/agilex/limo_ros2_ws/install/nav2_msgs/include/nav2_msgs/srv/detail
[3.405s] -- Installing: /home/agilex/limo_ros2_ws/install/nav2_msgs/include/nav2_msgs/srv/detail/load_map__rosidl_typesupport_fastrtps_c.h
[3.406s] -- Installing: /home/agilex/limo_ros2_ws/install/nav2_msgs/include/nav2_msgs/srv/detail/get_costmap__rosidl_typesupport_fastrtps_c.h
[3.407s] -- Installing: /home/agilex/limo_ros2_ws/install/nav2_msgs/include/nav2_msgs/srv/detail/clear_entire_costmap__rosidl_typesupport_fastrtps_c.h
[3.407s] -- Installing: /home/agilex/limo_ros2_ws/install/nav2_msgs/include/nav2_msgs/srv/detail/clear_costmap_except_region__rosidl_typesupport_fastrtps_c.h
[3.408s] -- Installing: /home/agilex/limo_ros2_ws/install/nav2_msgs/include/nav2_msgs/srv/detail/save_map__rosidl_typesupport_fastrtps_c.h
[3.408s] -- Installing: /home/agilex/limo_ros2_ws/install/nav2_msgs/include/nav2_msgs/srv/detail/clear_costmap_around_robot__rosidl_typesupport_fastrtps_c.h
[3.408s] -- Installing: /home/agilex/limo_ros2_ws/install/nav2_msgs/include/nav2_msgs/srv/detail/manage_lifecycle_nodes__rosidl_typesupport_fastrtps_c.h
[3.409s] -- Up-to-date: /home/agilex/limo_ros2_ws/install/nav2_msgs/include/nav2_msgs/action
[3.409s] -- Up-to-date: /home/agilex/limo_ros2_ws/install/nav2_msgs/include/nav2_msgs/action/detail
[3.409s] -- Installing: /home/agilex/limo_ros2_ws/install/nav2_msgs/include/nav2_msgs/action/detail/follow_waypoints__rosidl_typesupport_fastrtps_c.h
[3.410s] -- Installing: /home/agilex/limo_ros2_ws/install/nav2_msgs/include/nav2_msgs/action/detail/spin__rosidl_typesupport_fastrtps_c.h
[3.411s] -- Installing: /home/agilex/limo_ros2_ws/install/nav2_msgs/include/nav2_msgs/action/detail/back_up__rosidl_typesupport_fastrtps_c.h
[3.411s] -- Installing: /home/agilex/limo_ros2_ws/install/nav2_msgs/include/nav2_msgs/action/detail/dummy_recovery__rosidl_typesupport_fastrtps_c.h
[3.411s] -- Installing: /home/agilex/limo_ros2_ws/install/nav2_msgs/include/nav2_msgs/action/detail/navigate_to_pose__rosidl_typesupport_fastrtps_c.h
[3.412s] -- Installing: /home/agilex/limo_ros2_ws/install/nav2_msgs/include/nav2_msgs/action/detail/compute_path_to_pose__rosidl_typesupport_fastrtps_c.h
[3.413s] -- Installing: /home/agilex/limo_ros2_ws/install/nav2_msgs/include/nav2_msgs/action/detail/wait__rosidl_typesupport_fastrtps_c.h
[3.414s] -- Installing: /home/agilex/limo_ros2_ws/install/nav2_msgs/include/nav2_msgs/action/detail/follow_path__rosidl_typesupport_fastrtps_c.h
[3.414s] -- Installing: /home/agilex/limo_ros2_ws/install/nav2_msgs/lib/libnav2_msgs__rosidl_typesupport_fastrtps_c.so
[3.415s] -- Set runtime path of "/home/agilex/limo_ros2_ws/install/nav2_msgs/lib/libnav2_msgs__rosidl_typesupport_fastrtps_c.so" to ""
[3.415s] -- Up-to-date: /home/agilex/limo_ros2_ws/install/nav2_msgs/include/nav2_msgs
[3.416s] -- Up-to-date: /home/agilex/limo_ros2_ws/install/nav2_msgs/include/nav2_msgs/msg
[3.416s] -- Installing: /home/agilex/limo_ros2_ws/install/nav2_msgs/include/nav2_msgs/msg/rosidl_typesupport_fastrtps_cpp__visibility_control.h
[3.416s] -- Up-to-date: /home/agilex/limo_ros2_ws/install/nav2_msgs/include/nav2_msgs/msg/detail
[3.417s] -- Installing: /home/agilex/limo_ros2_ws/install/nav2_msgs/include/nav2_msgs/msg/detail/costmap__rosidl_typesupport_fastrtps_cpp.hpp
[3.417s] -- Installing: /home/agilex/limo_ros2_ws/install/nav2_msgs/include/nav2_msgs/msg/detail/behavior_tree_status_change__rosidl_typesupport_fastrtps_cpp.hpp
[3.417s] -- Installing: /home/agilex/limo_ros2_ws/install/nav2_msgs/include/nav2_msgs/msg/detail/particle_cloud__rosidl_typesupport_fastrtps_cpp.hpp
[3.418s] -- Installing: /home/agilex/limo_ros2_ws/install/nav2_msgs/include/nav2_msgs/msg/detail/costmap_meta_data__rosidl_typesupport_fastrtps_cpp.hpp
[3.420s] -- Installing: /home/agilex/limo_ros2_ws/install/nav2_msgs/include/nav2_msgs/msg/detail/particle__rosidl_typesupport_fastrtps_cpp.hpp
[3.421s] -- Installing: /home/agilex/limo_ros2_ws/install/nav2_msgs/include/nav2_msgs/msg/detail/voxel_grid__rosidl_typesupport_fastrtps_cpp.hpp
[3.421s] -- Installing: /home/agilex/limo_ros2_ws/install/nav2_msgs/include/nav2_msgs/msg/detail/behavior_tree_log__rosidl_typesupport_fastrtps_cpp.hpp
[3.422s] -- Installing: /home/agilex/limo_ros2_ws/install/nav2_msgs/include/nav2_msgs/msg/detail/dds_fastrtps
[3.423s] -- Up-to-date: /home/agilex/limo_ros2_ws/install/nav2_msgs/include/nav2_msgs/srv
[3.423s] -- Up-to-date: /home/agilex/limo_ros2_ws/install/nav2_msgs/include/nav2_msgs/srv/detail
[3.423s] -- Installing: /home/agilex/limo_ros2_ws/install/nav2_msgs/include/nav2_msgs/srv/detail/load_map__rosidl_typesupport_fastrtps_cpp.hpp
[3.424s] -- Installing: /home/agilex/limo_ros2_ws/install/nav2_msgs/include/nav2_msgs/srv/detail/clear_costmap_around_robot__rosidl_typesupport_fastrtps_cpp.hpp
[3.425s] -- Installing: /home/agilex/limo_ros2_ws/install/nav2_msgs/include/nav2_msgs/srv/detail/save_map__rosidl_typesupport_fastrtps_cpp.hpp
[3.425s] -- Installing: /home/agilex/limo_ros2_ws/install/nav2_msgs/include/nav2_msgs/srv/detail/manage_lifecycle_nodes__rosidl_typesupport_fastrtps_cpp.hpp
[3.425s] -- Installing: /home/agilex/limo_ros2_ws/install/nav2_msgs/include/nav2_msgs/srv/detail/get_costmap__rosidl_typesupport_fastrtps_cpp.hpp
[3.425s] -- Installing: /home/agilex/limo_ros2_ws/install/nav2_msgs/include/nav2_msgs/srv/detail/clear_costmap_except_region__rosidl_typesupport_fastrtps_cpp.hpp
[3.426s] -- Installing: /home/agilex/limo_ros2_ws/install/nav2_msgs/include/nav2_msgs/srv/detail/dds_fastrtps
[3.426s] -- Installing: /home/agilex/limo_ros2_ws/install/nav2_msgs/include/nav2_msgs/srv/detail/clear_entire_costmap__rosidl_typesupport_fastrtps_cpp.hpp
[3.426s] -- Up-to-date: /home/agilex/limo_ros2_ws/install/nav2_msgs/include/nav2_msgs/action
[3.426s] -- Up-to-date: /home/agilex/limo_ros2_ws/install/nav2_msgs/include/nav2_msgs/action/detail
[3.426s] -- Installing: /home/agilex/limo_ros2_ws/install/nav2_msgs/include/nav2_msgs/action/detail/wait__rosidl_typesupport_fastrtps_cpp.hpp
[3.426s] -- Installing: /home/agilex/limo_ros2_ws/install/nav2_msgs/include/nav2_msgs/action/detail/spin__rosidl_typesupport_fastrtps_cpp.hpp
[3.427s] -- Installing: /home/agilex/limo_ros2_ws/install/nav2_msgs/include/nav2_msgs/action/detail/compute_path_to_pose__rosidl_typesupport_fastrtps_cpp.hpp
[3.427s] -- Installing: /home/agilex/limo_ros2_ws/install/nav2_msgs/include/nav2_msgs/action/detail/navigate_to_pose__rosidl_typesupport_fastrtps_cpp.hpp
[3.427s] -- Installing: /home/agilex/limo_ros2_ws/install/nav2_msgs/include/nav2_msgs/action/detail/dummy_recovery__rosidl_typesupport_fastrtps_cpp.hpp
[3.427s] -- Installing: /home/agilex/limo_ros2_ws/install/nav2_msgs/include/nav2_msgs/action/detail/dds_fastrtps
[3.427s] -- Installing: /home/agilex/limo_ros2_ws/install/nav2_msgs/include/nav2_msgs/action/detail/follow_path__rosidl_typesupport_fastrtps_cpp.hpp
[3.427s] -- Installing: /home/agilex/limo_ros2_ws/install/nav2_msgs/include/nav2_msgs/action/detail/follow_waypoints__rosidl_typesupport_fastrtps_cpp.hpp
[3.427s] -- Installing: /home/agilex/limo_ros2_ws/install/nav2_msgs/include/nav2_msgs/action/detail/back_up__rosidl_typesupport_fastrtps_cpp.hpp
[3.427s] -- Installing: /home/agilex/limo_ros2_ws/install/nav2_msgs/lib/libnav2_msgs__rosidl_typesupport_fastrtps_cpp.so
[3.428s] -- Set runtime path of "/home/agilex/limo_ros2_ws/install/nav2_msgs/lib/libnav2_msgs__rosidl_typesupport_fastrtps_cpp.so" to ""
[3.428s] -- Up-to-date: /home/agilex/limo_ros2_ws/install/nav2_msgs/include/nav2_msgs
[3.428s] -- Up-to-date: /home/agilex/limo_ros2_ws/install/nav2_msgs/include/nav2_msgs/msg
[3.428s] -- Installing: /home/agilex/limo_ros2_ws/install/nav2_msgs/include/nav2_msgs/msg/rosidl_typesupport_introspection_c__visibility_control.h
[3.428s] -- Up-to-date: /home/agilex/limo_ros2_ws/install/nav2_msgs/include/nav2_msgs/msg/detail
[3.428s] -- Installing: /home/agilex/limo_ros2_ws/install/nav2_msgs/include/nav2_msgs/msg/detail/costmap__rosidl_typesupport_introspection_c.h
[3.428s] -- Installing: /home/agilex/limo_ros2_ws/install/nav2_msgs/include/nav2_msgs/msg/detail/behavior_tree_status_change__type_support.c
[3.429s] -- Installing: /home/agilex/limo_ros2_ws/install/nav2_msgs/include/nav2_msgs/msg/detail/particle_cloud__rosidl_typesupport_introspection_c.h
[3.429s] -- Installing: /home/agilex/limo_ros2_ws/install/nav2_msgs/include/nav2_msgs/msg/detail/behavior_tree_status_change__rosidl_typesupport_introspection_c.h
[3.429s] -- Installing: /home/agilex/limo_ros2_ws/install/nav2_msgs/include/nav2_msgs/msg/detail/behavior_tree_log__type_support.c
[3.429s] -- Installing: /home/agilex/limo_ros2_ws/install/nav2_msgs/include/nav2_msgs/msg/detail/voxel_grid__rosidl_typesupport_introspection_c.h
[3.430s] -- Installing: /home/agilex/limo_ros2_ws/install/nav2_msgs/include/nav2_msgs/msg/detail/particle__rosidl_typesupport_introspection_c.h
[3.430s] -- Installing: /home/agilex/limo_ros2_ws/install/nav2_msgs/include/nav2_msgs/msg/detail/costmap_meta_data__type_support.c
[3.430s] -- Installing: /home/agilex/limo_ros2_ws/install/nav2_msgs/include/nav2_msgs/msg/detail/voxel_grid__type_support.c
[3.431s] -- Installing: /home/agilex/limo_ros2_ws/install/nav2_msgs/include/nav2_msgs/msg/detail/costmap_meta_data__rosidl_typesupport_introspection_c.h
[3.431s] -- Installing: /home/agilex/limo_ros2_ws/install/nav2_msgs/include/nav2_msgs/msg/detail/costmap__type_support.c
[3.431s] -- Installing: /home/agilex/limo_ros2_ws/install/nav2_msgs/include/nav2_msgs/msg/detail/particle__type_support.c
[3.432s] -- Installing: /home/agilex/limo_ros2_ws/install/nav2_msgs/include/nav2_msgs/msg/detail/behavior_tree_log__rosidl_typesupport_introspection_c.h
[3.432s] -- Installing: /home/agilex/limo_ros2_ws/install/nav2_msgs/include/nav2_msgs/msg/detail/particle_cloud__type_support.c
[3.432s] -- Up-to-date: /home/agilex/limo_ros2_ws/install/nav2_msgs/include/nav2_msgs/srv
[3.433s] -- Up-to-date: /home/agilex/limo_ros2_ws/install/nav2_msgs/include/nav2_msgs/srv/detail
[3.433s] -- Installing: /home/agilex/limo_ros2_ws/install/nav2_msgs/include/nav2_msgs/srv/detail/clear_costmap_around_robot__type_support.c
[3.435s] -- Installing: /home/agilex/limo_ros2_ws/install/nav2_msgs/include/nav2_msgs/srv/detail/clear_costmap_except_region__rosidl_typesupport_introspection_c.h
[3.435s] -- Installing: /home/agilex/limo_ros2_ws/install/nav2_msgs/include/nav2_msgs/srv/detail/get_costmap__rosidl_typesupport_introspection_c.h
[3.435s] -- Installing: /home/agilex/limo_ros2_ws/install/nav2_msgs/include/nav2_msgs/srv/detail/get_costmap__type_support.c
[3.436s] -- Installing: /home/agilex/limo_ros2_ws/install/nav2_msgs/include/nav2_msgs/srv/detail/save_map__rosidl_typesupport_introspection_c.h
[3.439s] -- Installing: /home/agilex/limo_ros2_ws/install/nav2_msgs/include/nav2_msgs/srv/detail/manage_lifecycle_nodes__type_support.c
[3.439s] -- Installing: /home/agilex/limo_ros2_ws/install/nav2_msgs/include/nav2_msgs/srv/detail/clear_costmap_around_robot__rosidl_typesupport_introspection_c.h
[3.439s] -- Installing: /home/agilex/limo_ros2_ws/install/nav2_msgs/include/nav2_msgs/srv/detail/load_map__type_support.c
[3.439s] -- Installing: /home/agilex/limo_ros2_ws/install/nav2_msgs/include/nav2_msgs/srv/detail/load_map__rosidl_typesupport_introspection_c.h
[3.439s] -- Installing: /home/agilex/limo_ros2_ws/install/nav2_msgs/include/nav2_msgs/srv/detail/manage_lifecycle_nodes__rosidl_typesupport_introspection_c.h
[3.440s] -- Installing: /home/agilex/limo_ros2_ws/install/nav2_msgs/include/nav2_msgs/srv/detail/clear_entire_costmap__rosidl_typesupport_introspection_c.h
[3.440s] -- Installing: /home/agilex/limo_ros2_ws/install/nav2_msgs/include/nav2_msgs/srv/detail/clear_entire_costmap__type_support.c
[3.440s] -- Installing: /home/agilex/limo_ros2_ws/install/nav2_msgs/include/nav2_msgs/srv/detail/save_map__type_support.c
[3.440s] -- Installing: /home/agilex/limo_ros2_ws/install/nav2_msgs/include/nav2_msgs/srv/detail/clear_costmap_except_region__type_support.c
[3.440s] -- Up-to-date: /home/agilex/limo_ros2_ws/install/nav2_msgs/include/nav2_msgs/action
[3.440s] -- Up-to-date: /home/agilex/limo_ros2_ws/install/nav2_msgs/include/nav2_msgs/action/detail
[3.440s] -- Installing: /home/agilex/limo_ros2_ws/install/nav2_msgs/include/nav2_msgs/action/detail/dummy_recovery__rosidl_typesupport_introspection_c.h
[3.440s] -- Installing: /home/agilex/limo_ros2_ws/install/nav2_msgs/include/nav2_msgs/action/detail/follow_waypoints__rosidl_typesupport_introspection_c.h
[3.441s] -- Installing: /home/agilex/limo_ros2_ws/install/nav2_msgs/include/nav2_msgs/action/detail/back_up__type_support.c
[3.441s] -- Installing: /home/agilex/limo_ros2_ws/install/nav2_msgs/include/nav2_msgs/action/detail/follow_waypoints__type_support.c
[3.441s] -- Installing: /home/agilex/limo_ros2_ws/install/nav2_msgs/include/nav2_msgs/action/detail/dummy_recovery__type_support.c
[3.441s] -- Installing: /home/agilex/limo_ros2_ws/install/nav2_msgs/include/nav2_msgs/action/detail/back_up__rosidl_typesupport_introspection_c.h
[3.441s] -- Installing: /home/agilex/limo_ros2_ws/install/nav2_msgs/include/nav2_msgs/action/detail/wait__rosidl_typesupport_introspection_c.h
[3.441s] -- Installing: /home/agilex/limo_ros2_ws/install/nav2_msgs/include/nav2_msgs/action/detail/follow_path__type_support.c
[3.441s] -- Installing: /home/agilex/limo_ros2_ws/install/nav2_msgs/include/nav2_msgs/action/detail/spin__rosidl_typesupport_introspection_c.h
[3.442s] -- Installing: /home/agilex/limo_ros2_ws/install/nav2_msgs/include/nav2_msgs/action/detail/compute_path_to_pose__type_support.c
[3.443s] -- Installing: /home/agilex/limo_ros2_ws/install/nav2_msgs/include/nav2_msgs/action/detail/follow_path__rosidl_typesupport_introspection_c.h
[3.443s] -- Installing: /home/agilex/limo_ros2_ws/install/nav2_msgs/include/nav2_msgs/action/detail/navigate_to_pose__type_support.c
[3.443s] -- Installing: /home/agilex/limo_ros2_ws/install/nav2_msgs/include/nav2_msgs/action/detail/navigate_to_pose__rosidl_typesupport_introspection_c.h
[3.443s] -- Installing: /home/agilex/limo_ros2_ws/install/nav2_msgs/include/nav2_msgs/action/detail/compute_path_to_pose__rosidl_typesupport_introspection_c.h
[3.443s] -- Installing: /home/agilex/limo_ros2_ws/install/nav2_msgs/include/nav2_msgs/action/detail/spin__type_support.c
[3.443s] -- Installing: /home/agilex/limo_ros2_ws/install/nav2_msgs/include/nav2_msgs/action/detail/wait__type_support.c
[3.443s] -- Installing: /home/agilex/limo_ros2_ws/install/nav2_msgs/lib/libnav2_msgs__rosidl_typesupport_introspection_c.so
[3.444s] -- Set runtime path of "/home/agilex/limo_ros2_ws/install/nav2_msgs/lib/libnav2_msgs__rosidl_typesupport_introspection_c.so" to ""
[3.444s] -- Installing: /home/agilex/limo_ros2_ws/install/nav2_msgs/lib/libnav2_msgs__rosidl_typesupport_c.so
[3.444s] -- Set runtime path of "/home/agilex/limo_ros2_ws/install/nav2_msgs/lib/libnav2_msgs__rosidl_typesupport_c.so" to ""
[3.452s] -- Up-to-date: /home/agilex/limo_ros2_ws/install/nav2_msgs/include/nav2_msgs
[3.453s] -- Up-to-date: /home/agilex/limo_ros2_ws/install/nav2_msgs/include/nav2_msgs/msg
[3.453s] -- Installing: /home/agilex/limo_ros2_ws/install/nav2_msgs/include/nav2_msgs/msg/costmap_meta_data.hpp
[3.453s] -- Installing: /home/agilex/limo_ros2_ws/install/nav2_msgs/include/nav2_msgs/msg/particle.hpp
[3.453s] -- Installing: /home/agilex/limo_ros2_ws/install/nav2_msgs/include/nav2_msgs/msg/costmap.hpp
[3.453s] -- Installing: /home/agilex/limo_ros2_ws/install/nav2_msgs/include/nav2_msgs/msg/rosidl_generator_cpp__visibility_control.hpp
[3.453s] -- Installing: /home/agilex/limo_ros2_ws/install/nav2_msgs/include/nav2_msgs/msg/behavior_tree_log.hpp
[3.454s] -- Installing: /home/agilex/limo_ros2_ws/install/nav2_msgs/include/nav2_msgs/msg/particle_cloud.hpp
[3.454s] -- Up-to-date: /home/agilex/limo_ros2_ws/install/nav2_msgs/include/nav2_msgs/msg/detail
[3.454s] -- Installing: /home/agilex/limo_ros2_ws/install/nav2_msgs/include/nav2_msgs/msg/detail/behavior_tree_log__traits.hpp
[3.455s] -- Installing: /home/agilex/limo_ros2_ws/install/nav2_msgs/include/nav2_msgs/msg/detail/costmap__traits.hpp
[3.455s] -- Installing: /home/agilex/limo_ros2_ws/install/nav2_msgs/include/nav2_msgs/msg/detail/particle__type_support.hpp
[3.455s] -- Installing: /home/agilex/limo_ros2_ws/install/nav2_msgs/include/nav2_msgs/msg/detail/voxel_grid__traits.hpp
[3.455s] -- Installing: /home/agilex/limo_ros2_ws/install/nav2_msgs/include/nav2_msgs/msg/detail/particle_cloud__struct.hpp
[3.455s] -- Installing: /home/agilex/limo_ros2_ws/install/nav2_msgs/include/nav2_msgs/msg/detail/particle_cloud__builder.hpp
[3.455s] -- Installing: /home/agilex/limo_ros2_ws/install/nav2_msgs/include/nav2_msgs/msg/detail/voxel_grid__type_support.hpp
[3.455s] -- Installing: /home/agilex/limo_ros2_ws/install/nav2_msgs/include/nav2_msgs/msg/detail/behavior_tree_log__builder.hpp
[3.456s] -- Installing: /home/agilex/limo_ros2_ws/install/nav2_msgs/include/nav2_msgs/msg/detail/voxel_grid__struct.hpp
[3.456s] -- Installing: /home/agilex/limo_ros2_ws/install/nav2_msgs/include/nav2_msgs/msg/detail/behavior_tree_log__struct.hpp
[3.456s] -- Installing: /home/agilex/limo_ros2_ws/install/nav2_msgs/include/nav2_msgs/msg/detail/costmap_meta_data__builder.hpp
[3.456s] -- Installing: /home/agilex/limo_ros2_ws/install/nav2_msgs/include/nav2_msgs/msg/detail/costmap__builder.hpp
[3.456s] -- Installing: /home/agilex/limo_ros2_ws/install/nav2_msgs/include/nav2_msgs/msg/detail/particle__traits.hpp
[3.456s] -- Installing: /home/agilex/limo_ros2_ws/install/nav2_msgs/include/nav2_msgs/msg/detail/voxel_grid__builder.hpp
[3.456s] -- Installing: /home/agilex/limo_ros2_ws/install/nav2_msgs/include/nav2_msgs/msg/detail/particle_cloud__type_support.hpp
[3.457s] -- Installing: /home/agilex/limo_ros2_ws/install/nav2_msgs/include/nav2_msgs/msg/detail/particle_cloud__traits.hpp
[3.457s] -- Installing: /home/agilex/limo_ros2_ws/install/nav2_msgs/include/nav2_msgs/msg/detail/costmap__struct.hpp
[3.457s] -- Installing: /home/agilex/limo_ros2_ws/install/nav2_msgs/include/nav2_msgs/msg/detail/behavior_tree_status_change__struct.hpp
[3.457s] -- Installing: /home/agilex/limo_ros2_ws/install/nav2_msgs/include/nav2_msgs/msg/detail/behavior_tree_log__type_support.hpp
[3.460s] -- Installing: /home/agilex/limo_ros2_ws/install/nav2_msgs/include/nav2_msgs/msg/detail/particle__builder.hpp
[3.461s] -- Installing: /home/agilex/limo_ros2_ws/install/nav2_msgs/include/nav2_msgs/msg/detail/costmap_meta_data__traits.hpp
[3.461s] -- Installing: /home/agilex/limo_ros2_ws/install/nav2_msgs/include/nav2_msgs/msg/detail/costmap_meta_data__struct.hpp
[3.461s] -- Installing: /home/agilex/limo_ros2_ws/install/nav2_msgs/include/nav2_msgs/msg/detail/behavior_tree_status_change__type_support.hpp
[3.461s] -- Installing: /home/agilex/limo_ros2_ws/install/nav2_msgs/include/nav2_msgs/msg/detail/particle__struct.hpp
[3.461s] -- Installing: /home/agilex/limo_ros2_ws/install/nav2_msgs/include/nav2_msgs/msg/detail/costmap__type_support.hpp
[3.461s] -- Installing: /home/agilex/limo_ros2_ws/install/nav2_msgs/include/nav2_msgs/msg/detail/behavior_tree_status_change__traits.hpp
[3.462s] -- Installing: /home/agilex/limo_ros2_ws/install/nav2_msgs/include/nav2_msgs/msg/detail/behavior_tree_status_change__builder.hpp
[3.462s] -- Installing: /home/agilex/limo_ros2_ws/install/nav2_msgs/include/nav2_msgs/msg/detail/costmap_meta_data__type_support.hpp
[3.462s] -- Installing: /home/agilex/limo_ros2_ws/install/nav2_msgs/include/nav2_msgs/msg/voxel_grid.hpp
[3.462s] -- Installing: /home/agilex/limo_ros2_ws/install/nav2_msgs/include/nav2_msgs/msg/behavior_tree_status_change.hpp
[3.462s] -- Up-to-date: /home/agilex/limo_ros2_ws/install/nav2_msgs/include/nav2_msgs/srv
[3.463s] -- Installing: /home/agilex/limo_ros2_ws/install/nav2_msgs/include/nav2_msgs/srv/clear_entire_costmap.hpp
[3.463s] -- Installing: /home/agilex/limo_ros2_ws/install/nav2_msgs/include/nav2_msgs/srv/save_map.hpp
[3.463s] -- Installing: /home/agilex/limo_ros2_ws/install/nav2_msgs/include/nav2_msgs/srv/clear_costmap_around_robot.hpp
[3.463s] -- Installing: /home/agilex/limo_ros2_ws/install/nav2_msgs/include/nav2_msgs/srv/load_map.hpp
[3.463s] -- Installing: /home/agilex/limo_ros2_ws/install/nav2_msgs/include/nav2_msgs/srv/manage_lifecycle_nodes.hpp
[3.463s] -- Up-to-date: /home/agilex/limo_ros2_ws/install/nav2_msgs/include/nav2_msgs/srv/detail
[3.463s] -- Installing: /home/agilex/limo_ros2_ws/install/nav2_msgs/include/nav2_msgs/srv/detail/get_costmap__type_support.hpp
[3.463s] -- Installing: /home/agilex/limo_ros2_ws/install/nav2_msgs/include/nav2_msgs/srv/detail/save_map__traits.hpp
[3.463s] -- Installing: /home/agilex/limo_ros2_ws/install/nav2_msgs/include/nav2_msgs/srv/detail/load_map__builder.hpp
[3.464s] -- Installing: /home/agilex/limo_ros2_ws/install/nav2_msgs/include/nav2_msgs/srv/detail/save_map__struct.hpp
[3.464s] -- Installing: /home/agilex/limo_ros2_ws/install/nav2_msgs/include/nav2_msgs/srv/detail/manage_lifecycle_nodes__struct.hpp
[3.464s] -- Installing: /home/agilex/limo_ros2_ws/install/nav2_msgs/include/nav2_msgs/srv/detail/clear_entire_costmap__traits.hpp
[3.464s] -- Installing: /home/agilex/limo_ros2_ws/install/nav2_msgs/include/nav2_msgs/srv/detail/load_map__struct.hpp
[3.464s] -- Installing: /home/agilex/limo_ros2_ws/install/nav2_msgs/include/nav2_msgs/srv/detail/clear_entire_costmap__builder.hpp
[3.464s] -- Installing: /home/agilex/limo_ros2_ws/install/nav2_msgs/include/nav2_msgs/srv/detail/get_costmap__traits.hpp
[3.464s] -- Installing: /home/agilex/limo_ros2_ws/install/nav2_msgs/include/nav2_msgs/srv/detail/load_map__type_support.hpp
[3.464s] -- Installing: /home/agilex/limo_ros2_ws/install/nav2_msgs/include/nav2_msgs/srv/detail/manage_lifecycle_nodes__type_support.hpp
[3.465s] -- Installing: /home/agilex/limo_ros2_ws/install/nav2_msgs/include/nav2_msgs/srv/detail/load_map__traits.hpp
[3.465s] -- Installing: /home/agilex/limo_ros2_ws/install/nav2_msgs/include/nav2_msgs/srv/detail/clear_costmap_except_region__struct.hpp
[3.465s] -- Installing: /home/agilex/limo_ros2_ws/install/nav2_msgs/include/nav2_msgs/srv/detail/clear_costmap_around_robot__traits.hpp
[3.465s] -- Installing: /home/agilex/limo_ros2_ws/install/nav2_msgs/include/nav2_msgs/srv/detail/clear_costmap_around_robot__builder.hpp
[3.465s] -- Installing: /home/agilex/limo_ros2_ws/install/nav2_msgs/include/nav2_msgs/srv/detail/get_costmap__struct.hpp
[3.465s] -- Installing: /home/agilex/limo_ros2_ws/install/nav2_msgs/include/nav2_msgs/srv/detail/clear_costmap_except_region__traits.hpp
[3.465s] -- Installing: /home/agilex/limo_ros2_ws/install/nav2_msgs/include/nav2_msgs/srv/detail/get_costmap__builder.hpp
[3.465s] -- Installing: /home/agilex/limo_ros2_ws/install/nav2_msgs/include/nav2_msgs/srv/detail/clear_entire_costmap__struct.hpp
[3.466s] -- Installing: /home/agilex/limo_ros2_ws/install/nav2_msgs/include/nav2_msgs/srv/detail/clear_costmap_around_robot__struct.hpp
[3.466s] -- Installing: /home/agilex/limo_ros2_ws/install/nav2_msgs/include/nav2_msgs/srv/detail/manage_lifecycle_nodes__builder.hpp
[3.466s] -- Installing: /home/agilex/limo_ros2_ws/install/nav2_msgs/include/nav2_msgs/srv/detail/save_map__builder.hpp
[3.466s] -- Installing: /home/agilex/limo_ros2_ws/install/nav2_msgs/include/nav2_msgs/srv/detail/save_map__type_support.hpp
[3.466s] -- Installing: /home/agilex/limo_ros2_ws/install/nav2_msgs/include/nav2_msgs/srv/detail/clear_costmap_except_region__type_support.hpp
[3.466s] -- Installing: /home/agilex/limo_ros2_ws/install/nav2_msgs/include/nav2_msgs/srv/detail/clear_costmap_around_robot__type_support.hpp
[3.466s] -- Installing: /home/agilex/limo_ros2_ws/install/nav2_msgs/include/nav2_msgs/srv/detail/manage_lifecycle_nodes__traits.hpp
[3.466s] -- Installing: /home/agilex/limo_ros2_ws/install/nav2_msgs/include/nav2_msgs/srv/detail/clear_costmap_except_region__builder.hpp
[3.467s] -- Installing: /home/agilex/limo_ros2_ws/install/nav2_msgs/include/nav2_msgs/srv/detail/clear_entire_costmap__type_support.hpp
[3.467s] -- Installing: /home/agilex/limo_ros2_ws/install/nav2_msgs/include/nav2_msgs/srv/clear_costmap_except_region.hpp
[3.467s] -- Installing: /home/agilex/limo_ros2_ws/install/nav2_msgs/include/nav2_msgs/srv/get_costmap.hpp
[3.467s] -- Up-to-date: /home/agilex/limo_ros2_ws/install/nav2_msgs/include/nav2_msgs/action
[3.467s] -- Installing: /home/agilex/limo_ros2_ws/install/nav2_msgs/include/nav2_msgs/action/follow_path.hpp
[3.467s] -- Installing: /home/agilex/limo_ros2_ws/install/nav2_msgs/include/nav2_msgs/action/back_up.hpp
[3.467s] -- Installing: /home/agilex/limo_ros2_ws/install/nav2_msgs/include/nav2_msgs/action/wait.hpp
[3.468s] -- Installing: /home/agilex/limo_ros2_ws/install/nav2_msgs/include/nav2_msgs/action/dummy_recovery.hpp
[3.468s] -- Installing: /home/agilex/limo_ros2_ws/install/nav2_msgs/include/nav2_msgs/action/navigate_to_pose.hpp
[3.468s] -- Installing: /home/agilex/limo_ros2_ws/install/nav2_msgs/include/nav2_msgs/action/spin.hpp
[3.468s] -- Up-to-date: /home/agilex/limo_ros2_ws/install/nav2_msgs/include/nav2_msgs/action/detail
[3.468s] -- Installing: /home/agilex/limo_ros2_ws/install/nav2_msgs/include/nav2_msgs/action/detail/spin__builder.hpp
[3.468s] -- Installing: /home/agilex/limo_ros2_ws/install/nav2_msgs/include/nav2_msgs/action/detail/dummy_recovery__traits.hpp
[3.468s] -- Installing: /home/agilex/limo_ros2_ws/install/nav2_msgs/include/nav2_msgs/action/detail/wait__struct.hpp
[3.468s] -- Installing: /home/agilex/limo_ros2_ws/install/nav2_msgs/include/nav2_msgs/action/detail/back_up__traits.hpp
[3.469s] -- Installing: /home/agilex/limo_ros2_ws/install/nav2_msgs/include/nav2_msgs/action/detail/dummy_recovery__struct.hpp
[3.469s] -- Installing: /home/agilex/limo_ros2_ws/install/nav2_msgs/include/nav2_msgs/action/detail/spin__struct.hpp
[3.469s] -- Installing: /home/agilex/limo_ros2_ws/install/nav2_msgs/include/nav2_msgs/action/detail/spin__type_support.hpp
[3.469s] -- Installing: /home/agilex/limo_ros2_ws/install/nav2_msgs/include/nav2_msgs/action/detail/wait__builder.hpp
[3.469s] -- Installing: /home/agilex/limo_ros2_ws/install/nav2_msgs/include/nav2_msgs/action/detail/follow_path__struct.hpp
[3.469s] -- Installing: /home/agilex/limo_ros2_ws/install/nav2_msgs/include/nav2_msgs/action/detail/follow_path__traits.hpp
[3.469s] -- Installing: /home/agilex/limo_ros2_ws/install/nav2_msgs/include/nav2_msgs/action/detail/back_up__struct.hpp
[3.470s] -- Installing: /home/agilex/limo_ros2_ws/install/nav2_msgs/include/nav2_msgs/action/detail/wait__traits.hpp
[3.470s] -- Installing: /home/agilex/limo_ros2_ws/install/nav2_msgs/include/nav2_msgs/action/detail/dummy_recovery__type_support.hpp
[3.470s] -- Installing: /home/agilex/limo_ros2_ws/install/nav2_msgs/include/nav2_msgs/action/detail/back_up__type_support.hpp
[3.470s] -- Installing: /home/agilex/limo_ros2_ws/install/nav2_msgs/include/nav2_msgs/action/detail/dummy_recovery__builder.hpp
[3.470s] -- Installing: /home/agilex/limo_ros2_ws/install/nav2_msgs/include/nav2_msgs/action/detail/follow_waypoints__type_support.hpp
[3.472s] -- Installing: /home/agilex/limo_ros2_ws/install/nav2_msgs/include/nav2_msgs/action/detail/navigate_to_pose__struct.hpp
[3.472s] -- Installing: /home/agilex/limo_ros2_ws/install/nav2_msgs/include/nav2_msgs/action/detail/compute_path_to_pose__traits.hpp
[3.472s] -- Installing: /home/agilex/limo_ros2_ws/install/nav2_msgs/include/nav2_msgs/action/detail/navigate_to_pose__type_support.hpp
[3.472s] -- Installing: /home/agilex/limo_ros2_ws/install/nav2_msgs/include/nav2_msgs/action/detail/follow_waypoints__traits.hpp
[3.472s] -- Installing: /home/agilex/limo_ros2_ws/install/nav2_msgs/include/nav2_msgs/action/detail/follow_waypoints__builder.hpp
[3.472s] -- Installing: /home/agilex/limo_ros2_ws/install/nav2_msgs/include/nav2_msgs/action/detail/navigate_to_pose__builder.hpp
[3.472s] -- Installing: /home/agilex/limo_ros2_ws/install/nav2_msgs/include/nav2_msgs/action/detail/compute_path_to_pose__struct.hpp
[3.473s] -- Installing: /home/agilex/limo_ros2_ws/install/nav2_msgs/include/nav2_msgs/action/detail/compute_path_to_pose__type_support.hpp
[3.473s] -- Installing: /home/agilex/limo_ros2_ws/install/nav2_msgs/include/nav2_msgs/action/detail/follow_waypoints__struct.hpp
[3.473s] -- Installing: /home/agilex/limo_ros2_ws/install/nav2_msgs/include/nav2_msgs/action/detail/compute_path_to_pose__builder.hpp
[3.473s] -- Installing: /home/agilex/limo_ros2_ws/install/nav2_msgs/include/nav2_msgs/action/detail/spin__traits.hpp
[3.473s] -- Installing: /home/agilex/limo_ros2_ws/install/nav2_msgs/include/nav2_msgs/action/detail/back_up__builder.hpp
[3.473s] -- Installing: /home/agilex/limo_ros2_ws/install/nav2_msgs/include/nav2_msgs/action/detail/follow_path__builder.hpp
[3.473s] -- Installing: /home/agilex/limo_ros2_ws/install/nav2_msgs/include/nav2_msgs/action/detail/navigate_to_pose__traits.hpp
[3.473s] -- Installing: /home/agilex/limo_ros2_ws/install/nav2_msgs/include/nav2_msgs/action/detail/follow_path__type_support.hpp
[3.474s] -- Installing: /home/agilex/limo_ros2_ws/install/nav2_msgs/include/nav2_msgs/action/detail/wait__type_support.hpp
[3.474s] -- Installing: /home/agilex/limo_ros2_ws/install/nav2_msgs/include/nav2_msgs/action/compute_path_to_pose.hpp
[3.474s] -- Installing: /home/agilex/limo_ros2_ws/install/nav2_msgs/include/nav2_msgs/action/follow_waypoints.hpp
[3.474s] -- Up-to-date: /home/agilex/limo_ros2_ws/install/nav2_msgs/include/nav2_msgs
[3.474s] -- Up-to-date: /home/agilex/limo_ros2_ws/install/nav2_msgs/include/nav2_msgs/msg
[3.474s] -- Up-to-date: /home/agilex/limo_ros2_ws/install/nav2_msgs/include/nav2_msgs/msg/detail
[3.474s] -- Installing: /home/agilex/limo_ros2_ws/install/nav2_msgs/include/nav2_msgs/msg/detail/costmap__rosidl_typesupport_introspection_cpp.hpp
[3.474s] -- Installing: /home/agilex/limo_ros2_ws/install/nav2_msgs/include/nav2_msgs/msg/detail/behavior_tree_status_change__rosidl_typesupport_introspection_cpp.hpp
[3.475s] -- Installing: /home/agilex/limo_ros2_ws/install/nav2_msgs/include/nav2_msgs/msg/detail/voxel_grid__rosidl_typesupport_introspection_cpp.hpp
[3.475s] -- Installing: /home/agilex/limo_ros2_ws/install/nav2_msgs/include/nav2_msgs/msg/detail/costmap__type_support.cpp
[3.475s] -- Installing: /home/agilex/limo_ros2_ws/install/nav2_msgs/include/nav2_msgs/msg/detail/particle__rosidl_typesupport_introspection_cpp.hpp
[3.475s] -- Installing: /home/agilex/limo_ros2_ws/install/nav2_msgs/include/nav2_msgs/msg/detail/costmap_meta_data__rosidl_typesupport_introspection_cpp.hpp
[3.475s] -- Installing: /home/agilex/limo_ros2_ws/install/nav2_msgs/include/nav2_msgs/msg/detail/particle_cloud__type_support.cpp
[3.475s] -- Installing: /home/agilex/limo_ros2_ws/install/nav2_msgs/include/nav2_msgs/msg/detail/particle__type_support.cpp
[3.475s] -- Installing: /home/agilex/limo_ros2_ws/install/nav2_msgs/include/nav2_msgs/msg/detail/behavior_tree_log__rosidl_typesupport_introspection_cpp.hpp
[3.475s] -- Installing: /home/agilex/limo_ros2_ws/install/nav2_msgs/include/nav2_msgs/msg/detail/voxel_grid__type_support.cpp
[3.476s] -- Installing: /home/agilex/limo_ros2_ws/install/nav2_msgs/include/nav2_msgs/msg/detail/behavior_tree_status_change__type_support.cpp
[3.476s] -- Installing: /home/agilex/limo_ros2_ws/install/nav2_msgs/include/nav2_msgs/msg/detail/particle_cloud__rosidl_typesupport_introspection_cpp.hpp
[3.476s] -- Installing: /home/agilex/limo_ros2_ws/install/nav2_msgs/include/nav2_msgs/msg/detail/behavior_tree_log__type_support.cpp
[3.476s] -- Installing: /home/agilex/limo_ros2_ws/install/nav2_msgs/include/nav2_msgs/msg/detail/costmap_meta_data__type_support.cpp
[3.476s] -- Up-to-date: /home/agilex/limo_ros2_ws/install/nav2_msgs/include/nav2_msgs/srv
[3.476s] -- Up-to-date: /home/agilex/limo_ros2_ws/install/nav2_msgs/include/nav2_msgs/srv/detail
[3.476s] -- Installing: /home/agilex/limo_ros2_ws/install/nav2_msgs/include/nav2_msgs/srv/detail/save_map__type_support.cpp
[3.476s] -- Installing: /home/agilex/limo_ros2_ws/install/nav2_msgs/include/nav2_msgs/srv/detail/clear_entire_costmap__rosidl_typesupport_introspection_cpp.hpp
[3.477s] -- Installing: /home/agilex/limo_ros2_ws/install/nav2_msgs/include/nav2_msgs/srv/detail/load_map__type_support.cpp
[3.477s] -- Installing: /home/agilex/limo_ros2_ws/install/nav2_msgs/include/nav2_msgs/srv/detail/clear_costmap_around_robot__type_support.cpp
[3.477s] -- Installing: /home/agilex/limo_ros2_ws/install/nav2_msgs/include/nav2_msgs/srv/detail/clear_costmap_except_region__type_support.cpp
[3.477s] -- Installing: /home/agilex/limo_ros2_ws/install/nav2_msgs/include/nav2_msgs/srv/detail/save_map__rosidl_typesupport_introspection_cpp.hpp
[3.477s] -- Installing: /home/agilex/limo_ros2_ws/install/nav2_msgs/include/nav2_msgs/srv/detail/clear_costmap_except_region__rosidl_typesupport_introspection_cpp.hpp
[3.477s] -- Installing: /home/agilex/limo_ros2_ws/install/nav2_msgs/include/nav2_msgs/srv/detail/get_costmap__type_support.cpp
[3.477s] -- Installing: /home/agilex/limo_ros2_ws/install/nav2_msgs/include/nav2_msgs/srv/detail/get_costmap__rosidl_typesupport_introspection_cpp.hpp
[3.477s] -- Installing: /home/agilex/limo_ros2_ws/install/nav2_msgs/include/nav2_msgs/srv/detail/load_map__rosidl_typesupport_introspection_cpp.hpp
[3.477s] -- Installing: /home/agilex/limo_ros2_ws/install/nav2_msgs/include/nav2_msgs/srv/detail/manage_lifecycle_nodes__rosidl_typesupport_introspection_cpp.hpp
[3.478s] -- Installing: /home/agilex/limo_ros2_ws/install/nav2_msgs/include/nav2_msgs/srv/detail/clear_costmap_around_robot__rosidl_typesupport_introspection_cpp.hpp
[3.478s] -- Installing: /home/agilex/limo_ros2_ws/install/nav2_msgs/include/nav2_msgs/srv/detail/manage_lifecycle_nodes__type_support.cpp
[3.479s] -- Installing: /home/agilex/limo_ros2_ws/install/nav2_msgs/include/nav2_msgs/srv/detail/clear_entire_costmap__type_support.cpp
[3.480s] -- Up-to-date: /home/agilex/limo_ros2_ws/install/nav2_msgs/include/nav2_msgs/action
[3.480s] -- Up-to-date: /home/agilex/limo_ros2_ws/install/nav2_msgs/include/nav2_msgs/action/detail
[3.480s] -- Installing: /home/agilex/limo_ros2_ws/install/nav2_msgs/include/nav2_msgs/action/detail/dummy_recovery__rosidl_typesupport_introspection_cpp.hpp
[3.480s] -- Installing: /home/agilex/limo_ros2_ws/install/nav2_msgs/include/nav2_msgs/action/detail/follow_waypoints__rosidl_typesupport_introspection_cpp.hpp
[3.480s] -- Installing: /home/agilex/limo_ros2_ws/install/nav2_msgs/include/nav2_msgs/action/detail/follow_path__type_support.cpp
[3.481s] -- Installing: /home/agilex/limo_ros2_ws/install/nav2_msgs/include/nav2_msgs/action/detail/follow_waypoints__type_support.cpp
[3.481s] -- Installing: /home/agilex/limo_ros2_ws/install/nav2_msgs/include/nav2_msgs/action/detail/wait__rosidl_typesupport_introspection_cpp.hpp
[3.481s] -- Installing: /home/agilex/limo_ros2_ws/install/nav2_msgs/include/nav2_msgs/action/detail/navigate_to_pose__type_support.cpp
[3.481s] -- Installing: /home/agilex/limo_ros2_ws/install/nav2_msgs/include/nav2_msgs/action/detail/spin__type_support.cpp
[3.481s] -- Installing: /home/agilex/limo_ros2_ws/install/nav2_msgs/include/nav2_msgs/action/detail/follow_path__rosidl_typesupport_introspection_cpp.hpp
[3.481s] -- Installing: /home/agilex/limo_ros2_ws/install/nav2_msgs/include/nav2_msgs/action/detail/spin__rosidl_typesupport_introspection_cpp.hpp
[3.481s] -- Installing: /home/agilex/limo_ros2_ws/install/nav2_msgs/include/nav2_msgs/action/detail/compute_path_to_pose__rosidl_typesupport_introspection_cpp.hpp
[3.482s] -- Installing: /home/agilex/limo_ros2_ws/install/nav2_msgs/include/nav2_msgs/action/detail/back_up__rosidl_typesupport_introspection_cpp.hpp
[3.483s] -- Installing: /home/agilex/limo_ros2_ws/install/nav2_msgs/include/nav2_msgs/action/detail/wait__type_support.cpp
[3.483s] -- Installing: /home/agilex/limo_ros2_ws/install/nav2_msgs/include/nav2_msgs/action/detail/compute_path_to_pose__type_support.cpp
[3.483s] -- Installing: /home/agilex/limo_ros2_ws/install/nav2_msgs/include/nav2_msgs/action/detail/back_up__type_support.cpp
[3.483s] -- Installing: /home/agilex/limo_ros2_ws/install/nav2_msgs/include/nav2_msgs/action/detail/navigate_to_pose__rosidl_typesupport_introspection_cpp.hpp
[3.484s] -- Installing: /home/agilex/limo_ros2_ws/install/nav2_msgs/include/nav2_msgs/action/detail/dummy_recovery__type_support.cpp
[3.484s] -- Installing: /home/agilex/limo_ros2_ws/install/nav2_msgs/lib/libnav2_msgs__rosidl_typesupport_introspection_cpp.so
[3.484s] -- Set runtime path of "/home/agilex/limo_ros2_ws/install/nav2_msgs/lib/libnav2_msgs__rosidl_typesupport_introspection_cpp.so" to ""
[3.484s] -- Installing: /home/agilex/limo_ros2_ws/install/nav2_msgs/lib/libnav2_msgs__rosidl_typesupport_cpp.so
[3.484s] -- Set runtime path of "/home/agilex/limo_ros2_ws/install/nav2_msgs/lib/libnav2_msgs__rosidl_typesupport_cpp.so" to ""
[3.484s] -- Installing: /home/agilex/limo_ros2_ws/install/nav2_msgs/share/nav2_msgs/environment/pythonpath.sh
[3.485s] -- Installing: /home/agilex/limo_ros2_ws/install/nav2_msgs/share/nav2_msgs/environment/pythonpath.dsv
[3.485s] -- Installing: /home/agilex/limo_ros2_ws/install/nav2_msgs/lib/python3.8/site-packages/nav2_msgs/__init__.py
[3.515s] Compiling '/home/agilex/limo_ros2_ws/install/nav2_msgs/lib/python3.8/site-packages/nav2_msgs/__init__.py'...
[3.527s] -- Installing: /home/agilex/limo_ros2_ws/install/nav2_msgs/lib/python3.8/site-packages/nav2_msgs/msg
[3.528s] -- Installing: /home/agilex/limo_ros2_ws/install/nav2_msgs/lib/python3.8/site-packages/nav2_msgs/msg/_particle_cloud_s.c
[3.528s] -- Installing: /home/agilex/limo_ros2_ws/install/nav2_msgs/lib/python3.8/site-packages/nav2_msgs/msg/_voxel_grid.py
[3.529s] -- Installing: /home/agilex/limo_ros2_ws/install/nav2_msgs/lib/python3.8/site-packages/nav2_msgs/msg/_behavior_tree_log_s.c
[3.529s] -- Installing: /home/agilex/limo_ros2_ws/install/nav2_msgs/lib/python3.8/site-packages/nav2_msgs/msg/_voxel_grid_s.c
[3.529s] -- Installing: /home/agilex/limo_ros2_ws/install/nav2_msgs/lib/python3.8/site-packages/nav2_msgs/msg/_behavior_tree_status_change_s.c
[3.529s] -- Installing: /home/agilex/limo_ros2_ws/install/nav2_msgs/lib/python3.8/site-packages/nav2_msgs/msg/_particle_s.c
[3.530s] -- Installing: /home/agilex/limo_ros2_ws/install/nav2_msgs/lib/python3.8/site-packages/nav2_msgs/msg/__init__.py
[3.530s] -- Installing: /home/agilex/limo_ros2_ws/install/nav2_msgs/lib/python3.8/site-packages/nav2_msgs/msg/_particle.py
[3.530s] -- Installing: /home/agilex/limo_ros2_ws/install/nav2_msgs/lib/python3.8/site-packages/nav2_msgs/msg/_costmap_meta_data.py
[3.530s] -- Installing: /home/agilex/limo_ros2_ws/install/nav2_msgs/lib/python3.8/site-packages/nav2_msgs/msg/_costmap_s.c
[3.530s] -- Installing: /home/agilex/limo_ros2_ws/install/nav2_msgs/lib/python3.8/site-packages/nav2_msgs/msg/_particle_cloud.py
[3.530s] -- Installing: /home/agilex/limo_ros2_ws/install/nav2_msgs/lib/python3.8/site-packages/nav2_msgs/msg/_costmap.py
[3.531s] -- Installing: /home/agilex/limo_ros2_ws/install/nav2_msgs/lib/python3.8/site-packages/nav2_msgs/msg/_behavior_tree_status_change.py
[3.531s] -- Installing: /home/agilex/limo_ros2_ws/install/nav2_msgs/lib/python3.8/site-packages/nav2_msgs/msg/_behavior_tree_log.py
[3.531s] -- Installing: /home/agilex/limo_ros2_ws/install/nav2_msgs/lib/python3.8/site-packages/nav2_msgs/msg/_costmap_meta_data_s.c
[3.531s] -- Installing: /home/agilex/limo_ros2_ws/install/nav2_msgs/lib/python3.8/site-packages/nav2_msgs/srv
[3.531s] -- Installing: /home/agilex/limo_ros2_ws/install/nav2_msgs/lib/python3.8/site-packages/nav2_msgs/srv/_save_map_s.c
[3.532s] -- Installing: /home/agilex/limo_ros2_ws/install/nav2_msgs/lib/python3.8/site-packages/nav2_msgs/srv/_clear_costmap_except_region_s.c
[3.532s] -- Installing: /home/agilex/limo_ros2_ws/install/nav2_msgs/lib/python3.8/site-packages/nav2_msgs/srv/_clear_entire_costmap_s.c
[3.532s] -- Installing: /home/agilex/limo_ros2_ws/install/nav2_msgs/lib/python3.8/site-packages/nav2_msgs/srv/_get_costmap_s.c
[3.532s] -- Installing: /home/agilex/limo_ros2_ws/install/nav2_msgs/lib/python3.8/site-packages/nav2_msgs/srv/_clear_costmap_around_robot_s.c
[3.533s] -- Installing: /home/agilex/limo_ros2_ws/install/nav2_msgs/lib/python3.8/site-packages/nav2_msgs/srv/__init__.py
[3.533s] -- Installing: /home/agilex/limo_ros2_ws/install/nav2_msgs/lib/python3.8/site-packages/nav2_msgs/srv/_manage_lifecycle_nodes.py
[3.534s] -- Installing: /home/agilex/limo_ros2_ws/install/nav2_msgs/lib/python3.8/site-packages/nav2_msgs/srv/_clear_entire_costmap.py
[3.534s] -- Installing: /home/agilex/limo_ros2_ws/install/nav2_msgs/lib/python3.8/site-packages/nav2_msgs/srv/_clear_costmap_around_robot.py
[3.534s] -- Installing: /home/agilex/limo_ros2_ws/install/nav2_msgs/lib/python3.8/site-packages/nav2_msgs/srv/_load_map.py
[3.534s] -- Installing: /home/agilex/limo_ros2_ws/install/nav2_msgs/lib/python3.8/site-packages/nav2_msgs/srv/_clear_costmap_except_region.py
[3.534s] -- Installing: /home/agilex/limo_ros2_ws/install/nav2_msgs/lib/python3.8/site-packages/nav2_msgs/srv/_get_costmap.py
[3.535s] -- Installing: /home/agilex/limo_ros2_ws/install/nav2_msgs/lib/python3.8/site-packages/nav2_msgs/srv/_manage_lifecycle_nodes_s.c
[3.535s] -- Installing: /home/agilex/limo_ros2_ws/install/nav2_msgs/lib/python3.8/site-packages/nav2_msgs/srv/_save_map.py
[3.535s] -- Installing: /home/agilex/limo_ros2_ws/install/nav2_msgs/lib/python3.8/site-packages/nav2_msgs/srv/_load_map_s.c
[3.535s] -- Installing: /home/agilex/limo_ros2_ws/install/nav2_msgs/lib/python3.8/site-packages/nav2_msgs/action
[3.535s] -- Installing: /home/agilex/limo_ros2_ws/install/nav2_msgs/lib/python3.8/site-packages/nav2_msgs/action/_spin.py
[3.536s] -- Installing: /home/agilex/limo_ros2_ws/install/nav2_msgs/lib/python3.8/site-packages/nav2_msgs/action/_follow_waypoints.py
[3.536s] -- Installing: /home/agilex/limo_ros2_ws/install/nav2_msgs/lib/python3.8/site-packages/nav2_msgs/action/_wait.py
[3.537s] -- Installing: /home/agilex/limo_ros2_ws/install/nav2_msgs/lib/python3.8/site-packages/nav2_msgs/action/_back_up_s.c
[3.537s] -- Installing: /home/agilex/limo_ros2_ws/install/nav2_msgs/lib/python3.8/site-packages/nav2_msgs/action/_spin_s.c
[3.537s] -- Installing: /home/agilex/limo_ros2_ws/install/nav2_msgs/lib/python3.8/site-packages/nav2_msgs/action/_follow_path.py
[3.537s] -- Installing: /home/agilex/limo_ros2_ws/install/nav2_msgs/lib/python3.8/site-packages/nav2_msgs/action/_compute_path_to_pose_s.c
[3.537s] -- Installing: /home/agilex/limo_ros2_ws/install/nav2_msgs/lib/python3.8/site-packages/nav2_msgs/action/_dummy_recovery.py
[3.538s] -- Installing: /home/agilex/limo_ros2_ws/install/nav2_msgs/lib/python3.8/site-packages/nav2_msgs/action/_dummy_recovery_s.c
[3.538s] -- Installing: /home/agilex/limo_ros2_ws/install/nav2_msgs/lib/python3.8/site-packages/nav2_msgs/action/_back_up.py
[3.538s] -- Installing: /home/agilex/limo_ros2_ws/install/nav2_msgs/lib/python3.8/site-packages/nav2_msgs/action/_follow_waypoints_s.c
[3.538s] -- Installing: /home/agilex/limo_ros2_ws/install/nav2_msgs/lib/python3.8/site-packages/nav2_msgs/action/__init__.py
[3.539s] -- Installing: /home/agilex/limo_ros2_ws/install/nav2_msgs/lib/python3.8/site-packages/nav2_msgs/action/_wait_s.c
[3.539s] -- Installing: /home/agilex/limo_ros2_ws/install/nav2_msgs/lib/python3.8/site-packages/nav2_msgs/action/_compute_path_to_pose.py
[3.539s] -- Installing: /home/agilex/limo_ros2_ws/install/nav2_msgs/lib/python3.8/site-packages/nav2_msgs/action/_navigate_to_pose.py
[3.540s] -- Installing: /home/agilex/limo_ros2_ws/install/nav2_msgs/lib/python3.8/site-packages/nav2_msgs/action/_navigate_to_pose_s.c
[3.540s] -- Installing: /home/agilex/limo_ros2_ws/install/nav2_msgs/lib/python3.8/site-packages/nav2_msgs/action/_follow_path_s.c
[3.541s] -- Installing: /home/agilex/limo_ros2_ws/install/nav2_msgs/lib/python3.8/site-packages/nav2_msgs/nav2_msgs_s__rosidl_typesupport_fastrtps_c.cpython-38-aarch64-linux-gnu.so
[3.542s] -- Set runtime path of "/home/agilex/limo_ros2_ws/install/nav2_msgs/lib/python3.8/site-packages/nav2_msgs/nav2_msgs_s__rosidl_typesupport_fastrtps_c.cpython-38-aarch64-linux-gnu.so" to ""
[3.543s] -- Installing: /home/agilex/limo_ros2_ws/install/nav2_msgs/lib/python3.8/site-packages/nav2_msgs/nav2_msgs_s__rosidl_typesupport_introspection_c.cpython-38-aarch64-linux-gnu.so
[3.545s] -- Set runtime path of "/home/agilex/limo_ros2_ws/install/nav2_msgs/lib/python3.8/site-packages/nav2_msgs/nav2_msgs_s__rosidl_typesupport_introspection_c.cpython-38-aarch64-linux-gnu.so" to ""
[3.546s] -- Installing: /home/agilex/limo_ros2_ws/install/nav2_msgs/lib/python3.8/site-packages/nav2_msgs/nav2_msgs_s__rosidl_typesupport_c.cpython-38-aarch64-linux-gnu.so
[3.546s] -- Set runtime path of "/home/agilex/limo_ros2_ws/install/nav2_msgs/lib/python3.8/site-packages/nav2_msgs/nav2_msgs_s__rosidl_typesupport_c.cpython-38-aarch64-linux-gnu.so" to ""
[3.546s] -- Installing: /home/agilex/limo_ros2_ws/install/nav2_msgs/lib/libnav2_msgs__python.so
[3.547s] -- Set runtime path of "/home/agilex/limo_ros2_ws/install/nav2_msgs/lib/libnav2_msgs__python.so" to ""
[3.548s] -- Installing: /home/agilex/limo_ros2_ws/install/nav2_msgs/share/nav2_msgs/msg/Costmap.idl
[3.548s] -- Installing: /home/agilex/limo_ros2_ws/install/nav2_msgs/share/nav2_msgs/msg/CostmapMetaData.idl
[3.548s] -- Installing: /home/agilex/limo_ros2_ws/install/nav2_msgs/share/nav2_msgs/msg/VoxelGrid.idl
[3.549s] -- Installing: /home/agilex/limo_ros2_ws/install/nav2_msgs/share/nav2_msgs/msg/BehaviorTreeStatusChange.idl
[3.549s] -- Installing: /home/agilex/limo_ros2_ws/install/nav2_msgs/share/nav2_msgs/msg/BehaviorTreeLog.idl
[3.549s] -- Installing: /home/agilex/limo_ros2_ws/install/nav2_msgs/share/nav2_msgs/msg/Particle.idl
[3.550s] -- Installing: /home/agilex/limo_ros2_ws/install/nav2_msgs/share/nav2_msgs/msg/ParticleCloud.idl
[3.550s] -- Installing: /home/agilex/limo_ros2_ws/install/nav2_msgs/share/nav2_msgs/srv/GetCostmap.idl
[3.551s] -- Installing: /home/agilex/limo_ros2_ws/install/nav2_msgs/share/nav2_msgs/srv/ClearCostmapExceptRegion.idl
[3.551s] -- Installing: /home/agilex/limo_ros2_ws/install/nav2_msgs/share/nav2_msgs/srv/ClearCostmapAroundRobot.idl
[3.551s] -- Installing: /home/agilex/limo_ros2_ws/install/nav2_msgs/share/nav2_msgs/srv/ClearEntireCostmap.idl
[3.551s] -- Installing: /home/agilex/limo_ros2_ws/install/nav2_msgs/share/nav2_msgs/srv/ManageLifecycleNodes.idl
[3.552s] -- Installing: /home/agilex/limo_ros2_ws/install/nav2_msgs/share/nav2_msgs/srv/LoadMap.idl
[3.552s] -- Installing: /home/agilex/limo_ros2_ws/install/nav2_msgs/share/nav2_msgs/srv/SaveMap.idl
[3.553s] -- Installing: /home/agilex/limo_ros2_ws/install/nav2_msgs/share/nav2_msgs/action/BackUp.idl
[3.553s] -- Installing: /home/agilex/limo_ros2_ws/install/nav2_msgs/share/nav2_msgs/action/ComputePathToPose.idl
[3.553s] -- Installing: /home/agilex/limo_ros2_ws/install/nav2_msgs/share/nav2_msgs/action/FollowPath.idl
[3.554s] -- Installing: /home/agilex/limo_ros2_ws/install/nav2_msgs/share/nav2_msgs/action/NavigateToPose.idl
[3.554s] -- Installing: /home/agilex/limo_ros2_ws/install/nav2_msgs/share/nav2_msgs/action/Wait.idl
[3.555s] -- Installing: /home/agilex/limo_ros2_ws/install/nav2_msgs/share/nav2_msgs/action/Spin.idl
[3.555s] -- Installing: /home/agilex/limo_ros2_ws/install/nav2_msgs/share/nav2_msgs/action/DummyRecovery.idl
[3.555s] -- Installing: /home/agilex/limo_ros2_ws/install/nav2_msgs/share/nav2_msgs/action/FollowWaypoints.idl
[3.555s] -- Installing: /home/agilex/limo_ros2_ws/install/nav2_msgs/share/nav2_msgs/msg/Costmap.msg
[3.557s] -- Installing: /home/agilex/limo_ros2_ws/install/nav2_msgs/share/nav2_msgs/msg/CostmapMetaData.msg
[3.557s] -- Installing: /home/agilex/limo_ros2_ws/install/nav2_msgs/share/nav2_msgs/msg/VoxelGrid.msg
[3.557s] -- Installing: /home/agilex/limo_ros2_ws/install/nav2_msgs/share/nav2_msgs/msg/BehaviorTreeStatusChange.msg
[3.558s] -- Installing: /home/agilex/limo_ros2_ws/install/nav2_msgs/share/nav2_msgs/msg/BehaviorTreeLog.msg
[3.558s] -- Installing: /home/agilex/limo_ros2_ws/install/nav2_msgs/share/nav2_msgs/msg/Particle.msg
[3.558s] -- Installing: /home/agilex/limo_ros2_ws/install/nav2_msgs/share/nav2_msgs/msg/ParticleCloud.msg
[3.558s] -- Installing: /home/agilex/limo_ros2_ws/install/nav2_msgs/share/nav2_msgs/srv/GetCostmap.srv
[3.559s] -- Installing: /home/agilex/limo_ros2_ws/install/nav2_msgs/share/nav2_msgs/srv/GetCostmap_Request.msg
[3.559s] -- Installing: /home/agilex/limo_ros2_ws/install/nav2_msgs/share/nav2_msgs/srv/GetCostmap_Response.msg
[3.559s] -- Installing: /home/agilex/limo_ros2_ws/install/nav2_msgs/share/nav2_msgs/srv/ClearCostmapExceptRegion.srv
[3.560s] -- Installing: /home/agilex/limo_ros2_ws/install/nav2_msgs/share/nav2_msgs/srv/ClearCostmapExceptRegion_Request.msg
[3.560s] -- Installing: /home/agilex/limo_ros2_ws/install/nav2_msgs/share/nav2_msgs/srv/ClearCostmapExceptRegion_Response.msg
[3.560s] -- Installing: /home/agilex/limo_ros2_ws/install/nav2_msgs/share/nav2_msgs/srv/ClearCostmapAroundRobot.srv
[3.560s] -- Installing: /home/agilex/limo_ros2_ws/install/nav2_msgs/share/nav2_msgs/srv/ClearCostmapAroundRobot_Request.msg
[3.560s] -- Installing: /home/agilex/limo_ros2_ws/install/nav2_msgs/share/nav2_msgs/srv/ClearCostmapAroundRobot_Response.msg
[3.561s] -- Installing: /home/agilex/limo_ros2_ws/install/nav2_msgs/share/nav2_msgs/srv/ClearEntireCostmap.srv
[3.561s] -- Installing: /home/agilex/limo_ros2_ws/install/nav2_msgs/share/nav2_msgs/srv/ClearEntireCostmap_Request.msg
[3.561s] -- Installing: /home/agilex/limo_ros2_ws/install/nav2_msgs/share/nav2_msgs/srv/ClearEntireCostmap_Response.msg
[3.562s] -- Installing: /home/agilex/limo_ros2_ws/install/nav2_msgs/share/nav2_msgs/srv/ManageLifecycleNodes.srv
[3.562s] -- Installing: /home/agilex/limo_ros2_ws/install/nav2_msgs/share/nav2_msgs/srv/ManageLifecycleNodes_Request.msg
[3.563s] -- Installing: /home/agilex/limo_ros2_ws/install/nav2_msgs/share/nav2_msgs/srv/ManageLifecycleNodes_Response.msg
[3.563s] -- Installing: /home/agilex/limo_ros2_ws/install/nav2_msgs/share/nav2_msgs/srv/LoadMap.srv
[3.563s] -- Installing: /home/agilex/limo_ros2_ws/install/nav2_msgs/share/nav2_msgs/srv/LoadMap_Request.msg
[3.564s] -- Installing: /home/agilex/limo_ros2_ws/install/nav2_msgs/share/nav2_msgs/srv/LoadMap_Response.msg
[3.564s] -- Installing: /home/agilex/limo_ros2_ws/install/nav2_msgs/share/nav2_msgs/srv/SaveMap.srv
[3.565s] -- Installing: /home/agilex/limo_ros2_ws/install/nav2_msgs/share/nav2_msgs/srv/SaveMap_Request.msg
[3.565s] -- Installing: /home/agilex/limo_ros2_ws/install/nav2_msgs/share/nav2_msgs/srv/SaveMap_Response.msg
[3.565s] -- Installing: /home/agilex/limo_ros2_ws/install/nav2_msgs/share/nav2_msgs/action/BackUp.action
[3.565s] -- Installing: /home/agilex/limo_ros2_ws/install/nav2_msgs/share/nav2_msgs/action/ComputePathToPose.action
[3.566s] -- Installing: /home/agilex/limo_ros2_ws/install/nav2_msgs/share/nav2_msgs/action/FollowPath.action
[3.566s] -- Installing: /home/agilex/limo_ros2_ws/install/nav2_msgs/share/nav2_msgs/action/NavigateToPose.action
[3.566s] -- Installing: /home/agilex/limo_ros2_ws/install/nav2_msgs/share/nav2_msgs/action/Wait.action
[3.567s] -- Installing: /home/agilex/limo_ros2_ws/install/nav2_msgs/share/nav2_msgs/action/Spin.action
[3.567s] -- Installing: /home/agilex/limo_ros2_ws/install/nav2_msgs/share/nav2_msgs/action/DummyRecovery.action
[3.567s] -- Installing: /home/agilex/limo_ros2_ws/install/nav2_msgs/share/nav2_msgs/action/FollowWaypoints.action
[3.568s] -- Installing: /home/agilex/limo_ros2_ws/install/nav2_msgs/share/ament_index/resource_index/package_run_dependencies/nav2_msgs
[3.568s] -- Installing: /home/agilex/limo_ros2_ws/install/nav2_msgs/share/ament_index/resource_index/parent_prefix_path/nav2_msgs
[3.569s] -- Installing: /home/agilex/limo_ros2_ws/install/nav2_msgs/share/nav2_msgs/environment/ament_prefix_path.sh
[3.569s] -- Installing: /home/agilex/limo_ros2_ws/install/nav2_msgs/share/nav2_msgs/environment/ament_prefix_path.dsv
[3.570s] -- Installing: /home/agilex/limo_ros2_ws/install/nav2_msgs/share/nav2_msgs/environment/path.sh
[3.570s] -- Installing: /home/agilex/limo_ros2_ws/install/nav2_msgs/share/nav2_msgs/environment/path.dsv
[3.570s] -- Installing: /home/agilex/limo_ros2_ws/install/nav2_msgs/share/nav2_msgs/local_setup.bash
[3.570s] -- Installing: /home/agilex/limo_ros2_ws/install/nav2_msgs/share/nav2_msgs/local_setup.sh
[3.571s] -- Installing: /home/agilex/limo_ros2_ws/install/nav2_msgs/share/nav2_msgs/local_setup.zsh
[3.571s] -- Installing: /home/agilex/limo_ros2_ws/install/nav2_msgs/share/nav2_msgs/local_setup.dsv
[3.573s] -- Installing: /home/agilex/limo_ros2_ws/install/nav2_msgs/share/nav2_msgs/package.dsv
[3.573s] -- Installing: /home/agilex/limo_ros2_ws/install/nav2_msgs/share/ament_index/resource_index/packages/nav2_msgs
[3.576s] -- Installing: /home/agilex/limo_ros2_ws/install/nav2_msgs/share/nav2_msgs/cmake/nav2_msgs__rosidl_generator_cExport.cmake
[3.576s] -- Installing: /home/agilex/limo_ros2_ws/install/nav2_msgs/share/nav2_msgs/cmake/nav2_msgs__rosidl_generator_cExport-release.cmake
[3.577s] -- Installing: /home/agilex/limo_ros2_ws/install/nav2_msgs/share/nav2_msgs/cmake/nav2_msgs__rosidl_typesupport_introspection_cExport.cmake
[3.577s] -- Installing: /home/agilex/limo_ros2_ws/install/nav2_msgs/share/nav2_msgs/cmake/nav2_msgs__rosidl_typesupport_introspection_cExport-release.cmake
[3.577s] -- Installing: /home/agilex/limo_ros2_ws/install/nav2_msgs/share/nav2_msgs/cmake/nav2_msgs__rosidl_typesupport_cExport.cmake
[3.578s] -- Installing: /home/agilex/limo_ros2_ws/install/nav2_msgs/share/nav2_msgs/cmake/nav2_msgs__rosidl_typesupport_cExport-release.cmake
[3.578s] -- Installing: /home/agilex/limo_ros2_ws/install/nav2_msgs/share/nav2_msgs/cmake/nav2_msgs__rosidl_generator_cppExport.cmake
[3.578s] -- Installing: /home/agilex/limo_ros2_ws/install/nav2_msgs/share/nav2_msgs/cmake/nav2_msgs__rosidl_typesupport_introspection_cppExport.cmake
[3.578s] -- Installing: /home/agilex/limo_ros2_ws/install/nav2_msgs/share/nav2_msgs/cmake/nav2_msgs__rosidl_typesupport_introspection_cppExport-release.cmake
[3.579s] -- Installing: /home/agilex/limo_ros2_ws/install/nav2_msgs/share/nav2_msgs/cmake/nav2_msgs__rosidl_typesupport_cppExport.cmake
[3.580s] -- Installing: /home/agilex/limo_ros2_ws/install/nav2_msgs/share/nav2_msgs/cmake/nav2_msgs__rosidl_typesupport_cppExport-release.cmake
[3.580s] -- Installing: /home/agilex/limo_ros2_ws/install/nav2_msgs/share/nav2_msgs/cmake/rosidl_cmake-extras.cmake
[3.581s] -- Installing: /home/agilex/limo_ros2_ws/install/nav2_msgs/share/nav2_msgs/cmake/ament_cmake_export_dependencies-extras.cmake
[3.587s] -- Installing: /home/agilex/limo_ros2_ws/install/nav2_msgs/share/nav2_msgs/cmake/ament_cmake_export_libraries-extras.cmake
[3.587s] -- Installing: /home/agilex/limo_ros2_ws/install/nav2_msgs/share/nav2_msgs/cmake/ament_cmake_export_targets-extras.cmake
[3.587s] -- Installing: /home/agilex/limo_ros2_ws/install/nav2_msgs/share/nav2_msgs/cmake/ament_cmake_export_include_directories-extras.cmake
[3.588s] -- Installing: /home/agilex/limo_ros2_ws/install/nav2_msgs/share/nav2_msgs/cmake/rosidl_cmake_export_typesupport_libraries-extras.cmake
[3.594s] -- Installing: /home/agilex/limo_ros2_ws/install/nav2_msgs/share/nav2_msgs/cmake/rosidl_cmake_export_typesupport_targets-extras.cmake
[3.599s] -- Installing: /home/agilex/limo_ros2_ws/install/nav2_msgs/share/nav2_msgs/cmake/nav2_msgsConfig.cmake
[3.599s] -- Installing: /home/agilex/limo_ros2_ws/install/nav2_msgs/share/nav2_msgs/cmake/nav2_msgsConfig-version.cmake
[3.599s] -- Installing: /home/agilex/limo_ros2_ws/install/nav2_msgs/share/nav2_msgs/package.xml
[3.608s] Invoked command in '/home/agilex/limo_ros2_ws/build/nav2_msgs' returned '0': CMAKE_PREFIX_PATH=/home/agilex/limo_ros2_ws/install/nav2_common:/home/agilex/limo_ros2_ws/install/ydlidar_sdk:/home/agilex/limo_ros2_ws/install/ydlidar_ros2_driver:/home/agilex/limo_ros2_ws/install/teb_local_planner:/home/agilex/limo_ros2_ws/install/teb_msgs:/home/agilex/limo_ros2_ws/install/nav2_system_tests:/home/agilex/limo_ros2_ws/install/nav2_bringup:/home/agilex/limo_ros2_ws/install/navigation2:/home/agilex/limo_ros2_ws/install/smac_planner:/home/agilex/limo_ros2_ws/install/rf2o_laser_odometry:/home/agilex/limo_ros2_ws/install/nav2_dwb_controller:/home/agilex/limo_ros2_ws/install/nav2_controller:/home/agilex/limo_ros2_ws/install/dwb_plugins:/home/agilex/limo_ros2_ws/install/dwb_critics:/home/agilex/limo_ros2_ws/install/dwb_core:/home/agilex/limo_ros2_ws/install/nav_2d_utils:/home/agilex/limo_ros2_ws/install/dwb_msgs:/home/agilex/limo_ros2_ws/install/nav_2d_msgs:/home/agilex/limo_ros2_ws/install/nav2_waypoint_follower:/home/agilex/limo_ros2_ws/install/nav2_regulated_pure_pursuit_controller:/home/agilex/limo_ros2_ws/install/nav2_recoveries:/home/agilex/limo_ros2_ws/install/nav2_planner:/home/agilex/limo_ros2_ws/install/nav2_navfn_planner:/home/agilex/limo_ros2_ws/install/nav2_core:/home/agilex/limo_ros2_ws/install/costmap_queue:/home/agilex/limo_ros2_ws/install/costmap_converter:/home/agilex/limo_ros2_ws/install/nav2_costmap_2d:/home/agilex/limo_ros2_ws/install/nav2_voxel_grid:/home/agilex/limo_ros2_ws/install/nav2_rviz_plugins:/home/agilex/limo_ros2_ws/install/nav2_map_server:/home/agilex/limo_ros2_ws/install/nav2_lifecycle_manager:/home/agilex/limo_ros2_ws/install/nav2_bt_navigator:/home/agilex/limo_ros2_ws/install/nav2_behavior_tree:/home/agilex/limo_ros2_ws/install/nav2_amcl:/home/agilex/limo_ros2_ws/install/nav2_util:/home/agilex/limo_ros2_ws/install/nav2_msgs:/home/agilex/limo_ros2_ws/install/mypalletizer_interfaces:/home/agilex/limo_ros2_ws/install/mycobot_interfaces:/home/agilex/limo_ros2_ws/install/mecharm_interfaces:/home/agilex/limo_ros2_ws/install/magic_enum:/home/agilex/limo_ros2_ws/install/limo_bringup:/home/agilex/limo_ros2_ws/install/limo_base:/home/agilex/limo_ros2_ws/install/limo_msgs:/home/agilex/limo_ros2_ws/install/limo_description:/home/agilex/limo_ros2_ws/install/libuvc:/home/agilex/limo_ros2_ws/install/glog:/home/agilex/limo_ros2_ws/install/costmap_converter_msgs:/home/agilex/limo_ros2_ws/install/astra_camera:/home/agilex/limo_ros2_ws/install/astra_camera_msgs:/home/agilex/limo_ros2_ws/install/ultraarm:/home/agilex/limo_ros2_ws/install/nav2_gazebo_spawner:/home/agilex/limo_ros2_ws/install/mypalletizer_260_pi:/home/agilex/limo_ros2_ws/install/mypalletizer_260:/home/agilex/limo_ros2_ws/install/mypalletizer_communication:/home/agilex/limo_ros2_ws/install/mycobot_630:/home/agilex/limo_ros2_ws/install/mycobot_600:/home/agilex/limo_ros2_ws/install/mycobot_320pi:/home/agilex/limo_ros2_ws/install/mycobot_320:/home/agilex/limo_ros2_ws/install/mycobot_280pi:/home/agilex/limo_ros2_ws/install/mycobot_280jn:/home/agilex/limo_ros2_ws/install/mycobot_280_x3pi:/home/agilex/limo_ros2_ws/install/mycobot_280:/home/agilex/limo_ros2_ws/install/myarm_300:/home/agilex/limo_ros2_ws/install/mycobot_communication:/home/agilex/limo_ros2_ws/install/mecharm_pi:/home/agilex/limo_ros2_ws/install/mecharm:/home/agilex/limo_ros2_ws/install/mecharm_communication:/home/agilex/limo_ros2_ws/install/mybuddy:/home/agilex/limo_ros2_ws/install/mycobot_description:/opt/ros/foxy PYTHONPATH=/home/agilex/limo_ros2_ws/install/nav2_common/lib/python3.8/site-packages:/home/agilex/limo_ros2_ws/install/ultraarm/lib/python3.8/site-packages:/home/agilex/limo_ros2_ws/install/teb_msgs/lib/python3.8/site-packages:/home/agilex/limo_ros2_ws/install/dwb_msgs/lib/python3.8/site-packages:/home/agilex/limo_ros2_ws/install/nav_2d_msgs/lib/python3.8/site-packages:/home/agilex/limo_ros2_ws/install/nav2_msgs/lib/python3.8/site-packages:/home/agilex/limo_ros2_ws/install/nav2_gazebo_spawner/lib/python3.8/site-packages:/home/agilex/limo_ros2_ws/install/mypalletizer_260_pi/lib/python3.8/site-packages:/home/agilex/limo_ros2_ws/install/mypalletizer_260/lib/python3.8/site-packages:/home/agilex/limo_ros2_ws/install/mypalletizer_communication/lib/python3.8/site-packages:/home/agilex/limo_ros2_ws/install/mypalletizer_interfaces/lib/python3.8/site-packages:/home/agilex/limo_ros2_ws/install/mycobot_630/lib/python3.8/site-packages:/home/agilex/limo_ros2_ws/install/mycobot_600/lib/python3.8/site-packages:/home/agilex/limo_ros2_ws/install/mycobot_320pi/lib/python3.8/site-packages:/home/agilex/limo_ros2_ws/install/mycobot_320/lib/python3.8/site-packages:/home/agilex/limo_ros2_ws/install/mycobot_280pi/lib/python3.8/site-packages:/home/agilex/limo_ros2_ws/install/mycobot_280jn/lib/python3.8/site-packages:/home/agilex/limo_ros2_ws/install/mycobot_280_x3pi/lib/python3.8/site-packages:/home/agilex/limo_ros2_ws/install/mycobot_280/lib/python3.8/site-packages:/home/agilex/limo_ros2_ws/install/myarm_300/lib/python3.8/site-packages:/home/agilex/limo_ros2_ws/install/mycobot_communication/lib/python3.8/site-packages:/home/agilex/limo_ros2_ws/install/mecharm_pi/lib/python3.8/site-packages:/home/agilex/limo_ros2_ws/install/mecharm/lib/python3.8/site-packages:/home/agilex/limo_ros2_ws/install/mecharm_communication/lib/python3.8/site-packages:/home/agilex/limo_ros2_ws/install/mycobot_interfaces/lib/python3.8/site-packages:/home/agilex/limo_ros2_ws/install/mybuddy/lib/python3.8/site-packages:/home/agilex/limo_ros2_ws/install/mycobot_description/lib/python3.8/site-packages:/home/agilex/limo_ros2_ws/install/mecharm_interfaces/lib/python3.8/site-packages:/home/agilex/limo_ros2_ws/install/limo_msgs/lib/python3.8/site-packages:/home/agilex/limo_ros2_ws/install/costmap_converter_msgs/lib/python3.8/site-packages:/home/agilex/limo_ros2_ws/install/astra_camera_msgs/lib/python3.8/site-packages:/opt/ros/foxy/lib/python3.8/site-packages /usr/bin/cmake --install /home/agilex/limo_ros2_ws/build/nav2_msgs
