[0.083s] Invoking command in '/home/agilex/limo_ros2_ws/build/nav2_msgs': CMAKE_PREFIX_PATH=/home/agilex/limo_ros2_ws/install/nav2_common:/home/agilex/limo_ros2_ws/install/ydlidar_sdk:/home/agilex/limo_ros2_ws/install/ydlidar_ros2_driver:/home/agilex/limo_ros2_ws/install/teb_local_planner:/home/agilex/limo_ros2_ws/install/teb_msgs:/home/agilex/limo_ros2_ws/install/nav2_system_tests:/home/agilex/limo_ros2_ws/install/nav2_bringup:/home/agilex/limo_ros2_ws/install/navigation2:/home/agilex/limo_ros2_ws/install/smac_planner:/home/agilex/limo_ros2_ws/install/rf2o_laser_odometry:/home/agilex/limo_ros2_ws/install/orbbec_description:/home/agilex/limo_ros2_ws/install/orbbec_camera:/home/agilex/limo_ros2_ws/install/orbbec_camera_msgs:/home/agilex/limo_ros2_ws/install/nav2_dwb_controller:/home/agilex/limo_ros2_ws/install/nav2_controller:/home/agilex/limo_ros2_ws/install/dwb_plugins:/home/agilex/limo_ros2_ws/install/dwb_critics:/home/agilex/limo_ros2_ws/install/dwb_core:/home/agilex/limo_ros2_ws/install/nav_2d_utils:/home/agilex/limo_ros2_ws/install/dwb_msgs:/home/agilex/limo_ros2_ws/install/nav_2d_msgs:/home/agilex/limo_ros2_ws/install/nav2_waypoint_follower:/home/agilex/limo_ros2_ws/install/nav2_regulated_pure_pursuit_controller:/home/agilex/limo_ros2_ws/install/nav2_recoveries:/home/agilex/limo_ros2_ws/install/nav2_planner:/home/agilex/limo_ros2_ws/install/nav2_navfn_planner:/home/agilex/limo_ros2_ws/install/nav2_core:/home/agilex/limo_ros2_ws/install/costmap_queue:/home/agilex/limo_ros2_ws/install/costmap_converter:/home/agilex/limo_ros2_ws/install/nav2_costmap_2d:/home/agilex/limo_ros2_ws/install/nav2_voxel_grid:/home/agilex/limo_ros2_ws/install/nav2_rviz_plugins:/home/agilex/limo_ros2_ws/install/nav2_map_server:/home/agilex/limo_ros2_ws/install/nav2_lifecycle_manager:/home/agilex/limo_ros2_ws/install/nav2_bt_navigator:/home/agilex/limo_ros2_ws/install/nav2_behavior_tree:/home/agilex/limo_ros2_ws/install/nav2_amcl:/home/agilex/limo_ros2_ws/install/nav2_util:/home/agilex/limo_ros2_ws/install/nav2_msgs:/home/agilex/limo_ros2_ws/install/magic_enum:/home/agilex/limo_ros2_ws/install/limo_visions:/home/agilex/limo_ros2_ws/install/limo_bringup:/home/agilex/limo_ros2_ws/install/limo_base:/home/agilex/limo_ros2_ws/install/limo_msgs:/home/agilex/limo_ros2_ws/install/limo_description:/home/agilex/limo_ros2_ws/install/libuvc:/home/agilex/limo_ros2_ws/install/glog:/home/agilex/limo_ros2_ws/install/costmap_converter_msgs:/home/agilex/limo_ros2_ws/install/astra_camera_msgs:/home/agilex/limo_ros2_ws/install/nav2_gazebo_spawner:/opt/ros/foxy PYTHONPATH=/home/agilex/limo_ros2_ws/install/nav2_common/lib/python3.8/site-packages:/home/agilex/limo_ros2_ws/install/teb_msgs/lib/python3.8/site-packages:/home/agilex/limo_ros2_ws/install/orbbec_camera_msgs/lib/python3.8/site-packages:/home/agilex/limo_ros2_ws/install/dwb_msgs/lib/python3.8/site-packages:/home/agilex/limo_ros2_ws/install/nav_2d_msgs/lib/python3.8/site-packages:/home/agilex/limo_ros2_ws/install/nav2_msgs/lib/python3.8/site-packages:/home/agilex/limo_ros2_ws/install/nav2_gazebo_spawner/lib/python3.8/site-packages:/home/agilex/limo_ros2_ws/install/limo_msgs/lib/python3.8/site-packages:/home/agilex/limo_ros2_ws/install/costmap_converter_msgs/lib/python3.8/site-packages:/home/agilex/limo_ros2_ws/install/astra_camera_msgs/lib/python3.8/site-packages:/opt/ros/foxy/lib/python3.8/site-packages /usr/bin/cmake /home/agilex/limo_ros2_ws/src/navigation2/nav2_msgs -DCMAKE_BUILD_TYPE=Release -DCMAKE_INSTALL_PREFIX=/home/agilex/limo_ros2_ws/install/nav2_msgs
[1.300s] -- Found ament_cmake: 0.9.12 (/opt/ros/foxy/share/ament_cmake/cmake)
[1.300s] -- Found PythonInterp: /usr/bin/python3 (found suitable version "3.8.10", minimum required is "3") 
[1.300s] -- Using PYTHON_EXECUTABLE: /usr/bin/python3
[2.075s] -- Found nav2_common: 0.4.7 (/home/agilex/limo_ros2_ws/install/nav2_common/share/nav2_common/cmake)
[2.076s] -- Found builtin_interfaces: 1.0.0 (/opt/ros/foxy/share/builtin_interfaces/cmake)
[2.320s] -- Using all available rosidl_typesupport_c: rosidl_typesupport_fastrtps_c;rosidl_typesupport_introspection_c
[2.360s] -- Found rosidl_adapter: 1.3.1 (/opt/ros/foxy/share/rosidl_adapter/cmake)
[3.760s] -- Using all available rosidl_typesupport_cpp: rosidl_typesupport_fastrtps_cpp;rosidl_typesupport_introspection_cpp
[4.020s] -- Found nav_msgs: 2.0.5 (/opt/ros/foxy/share/nav_msgs/cmake)
[5.044s] -- Found rosidl_default_generators: 1.0.1 (/opt/ros/foxy/share/rosidl_default_generators/cmake)
[5.151s] -- Found action_msgs: 1.0.0 (/opt/ros/foxy/share/action_msgs/cmake)
[5.675s] -- Found PythonInterp: /usr/bin/python3 (found version "3.8.10") 
[10.318s] -- Found ament_cmake_ros: 0.9.2 (/opt/ros/foxy/share/ament_cmake_ros/cmake)
[13.042s] -- Using all available rosidl_typesupport_c: rosidl_typesupport_fastrtps_c;rosidl_typesupport_introspection_c
[13.992s] -- Using all available rosidl_typesupport_cpp: rosidl_typesupport_fastrtps_cpp;rosidl_typesupport_introspection_cpp
[14.163s] -- Found PythonInterp: /usr/bin/python3 (found suitable version "3.8.10", minimum required is "3.5") 
[14.164s] -- Found python_cmake_module: 0.8.1 (/opt/ros/foxy/share/python_cmake_module/cmake)
[14.283s] -- Using PYTHON_EXECUTABLE: /usr/bin/python3
[14.284s] -- Using PYTHON_INCLUDE_DIRS: /usr/include/python3.8
[14.286s] -- Using PYTHON_LIBRARIES: /usr/lib/aarch64-linux-gnu/libpython3.8.so
[14.718s] -- Configuring done
[15.328s] -- Generating done
[15.337s] -- Build files have been written to: /home/agilex/limo_ros2_ws/build/nav2_msgs
[15.386s] Invoked command in '/home/agilex/limo_ros2_ws/build/nav2_msgs' returned '0': CMAKE_PREFIX_PATH=/home/agilex/limo_ros2_ws/install/nav2_common:/home/agilex/limo_ros2_ws/install/ydlidar_sdk:/home/agilex/limo_ros2_ws/install/ydlidar_ros2_driver:/home/agilex/limo_ros2_ws/install/teb_local_planner:/home/agilex/limo_ros2_ws/install/teb_msgs:/home/agilex/limo_ros2_ws/install/nav2_system_tests:/home/agilex/limo_ros2_ws/install/nav2_bringup:/home/agilex/limo_ros2_ws/install/navigation2:/home/agilex/limo_ros2_ws/install/smac_planner:/home/agilex/limo_ros2_ws/install/rf2o_laser_odometry:/home/agilex/limo_ros2_ws/install/orbbec_description:/home/agilex/limo_ros2_ws/install/orbbec_camera:/home/agilex/limo_ros2_ws/install/orbbec_camera_msgs:/home/agilex/limo_ros2_ws/install/nav2_dwb_controller:/home/agilex/limo_ros2_ws/install/nav2_controller:/home/agilex/limo_ros2_ws/install/dwb_plugins:/home/agilex/limo_ros2_ws/install/dwb_critics:/home/agilex/limo_ros2_ws/install/dwb_core:/home/agilex/limo_ros2_ws/install/nav_2d_utils:/home/agilex/limo_ros2_ws/install/dwb_msgs:/home/agilex/limo_ros2_ws/install/nav_2d_msgs:/home/agilex/limo_ros2_ws/install/nav2_waypoint_follower:/home/agilex/limo_ros2_ws/install/nav2_regulated_pure_pursuit_controller:/home/agilex/limo_ros2_ws/install/nav2_recoveries:/home/agilex/limo_ros2_ws/install/nav2_planner:/home/agilex/limo_ros2_ws/install/nav2_navfn_planner:/home/agilex/limo_ros2_ws/install/nav2_core:/home/agilex/limo_ros2_ws/install/costmap_queue:/home/agilex/limo_ros2_ws/install/costmap_converter:/home/agilex/limo_ros2_ws/install/nav2_costmap_2d:/home/agilex/limo_ros2_ws/install/nav2_voxel_grid:/home/agilex/limo_ros2_ws/install/nav2_rviz_plugins:/home/agilex/limo_ros2_ws/install/nav2_map_server:/home/agilex/limo_ros2_ws/install/nav2_lifecycle_manager:/home/agilex/limo_ros2_ws/install/nav2_bt_navigator:/home/agilex/limo_ros2_ws/install/nav2_behavior_tree:/home/agilex/limo_ros2_ws/install/nav2_amcl:/home/agilex/limo_ros2_ws/install/nav2_util:/home/agilex/limo_ros2_ws/install/nav2_msgs:/home/agilex/limo_ros2_ws/install/magic_enum:/home/agilex/limo_ros2_ws/install/limo_visions:/home/agilex/limo_ros2_ws/install/limo_bringup:/home/agilex/limo_ros2_ws/install/limo_base:/home/agilex/limo_ros2_ws/install/limo_msgs:/home/agilex/limo_ros2_ws/install/limo_description:/home/agilex/limo_ros2_ws/install/libuvc:/home/agilex/limo_ros2_ws/install/glog:/home/agilex/limo_ros2_ws/install/costmap_converter_msgs:/home/agilex/limo_ros2_ws/install/astra_camera_msgs:/home/agilex/limo_ros2_ws/install/nav2_gazebo_spawner:/opt/ros/foxy PYTHONPATH=/home/agilex/limo_ros2_ws/install/nav2_common/lib/python3.8/site-packages:/home/agilex/limo_ros2_ws/install/teb_msgs/lib/python3.8/site-packages:/home/agilex/limo_ros2_ws/install/orbbec_camera_msgs/lib/python3.8/site-packages:/home/agilex/limo_ros2_ws/install/dwb_msgs/lib/python3.8/site-packages:/home/agilex/limo_ros2_ws/install/nav_2d_msgs/lib/python3.8/site-packages:/home/agilex/limo_ros2_ws/install/nav2_msgs/lib/python3.8/site-packages:/home/agilex/limo_ros2_ws/install/nav2_gazebo_spawner/lib/python3.8/site-packages:/home/agilex/limo_ros2_ws/install/limo_msgs/lib/python3.8/site-packages:/home/agilex/limo_ros2_ws/install/costmap_converter_msgs/lib/python3.8/site-packages:/home/agilex/limo_ros2_ws/install/astra_camera_msgs/lib/python3.8/site-packages:/opt/ros/foxy/lib/python3.8/site-packages /usr/bin/cmake /home/agilex/limo_ros2_ws/src/navigation2/nav2_msgs -DCMAKE_BUILD_TYPE=Release -DCMAKE_INSTALL_PREFIX=/home/agilex/limo_ros2_ws/install/nav2_msgs
[15.388s] Invoking command in '/home/agilex/limo_ros2_ws/build/nav2_msgs': CMAKE_PREFIX_PATH=/home/agilex/limo_ros2_ws/install/nav2_common:/home/agilex/limo_ros2_ws/install/ydlidar_sdk:/home/agilex/limo_ros2_ws/install/ydlidar_ros2_driver:/home/agilex/limo_ros2_ws/install/teb_local_planner:/home/agilex/limo_ros2_ws/install/teb_msgs:/home/agilex/limo_ros2_ws/install/nav2_system_tests:/home/agilex/limo_ros2_ws/install/nav2_bringup:/home/agilex/limo_ros2_ws/install/navigation2:/home/agilex/limo_ros2_ws/install/smac_planner:/home/agilex/limo_ros2_ws/install/rf2o_laser_odometry:/home/agilex/limo_ros2_ws/install/orbbec_description:/home/agilex/limo_ros2_ws/install/orbbec_camera:/home/agilex/limo_ros2_ws/install/orbbec_camera_msgs:/home/agilex/limo_ros2_ws/install/nav2_dwb_controller:/home/agilex/limo_ros2_ws/install/nav2_controller:/home/agilex/limo_ros2_ws/install/dwb_plugins:/home/agilex/limo_ros2_ws/install/dwb_critics:/home/agilex/limo_ros2_ws/install/dwb_core:/home/agilex/limo_ros2_ws/install/nav_2d_utils:/home/agilex/limo_ros2_ws/install/dwb_msgs:/home/agilex/limo_ros2_ws/install/nav_2d_msgs:/home/agilex/limo_ros2_ws/install/nav2_waypoint_follower:/home/agilex/limo_ros2_ws/install/nav2_regulated_pure_pursuit_controller:/home/agilex/limo_ros2_ws/install/nav2_recoveries:/home/agilex/limo_ros2_ws/install/nav2_planner:/home/agilex/limo_ros2_ws/install/nav2_navfn_planner:/home/agilex/limo_ros2_ws/install/nav2_core:/home/agilex/limo_ros2_ws/install/costmap_queue:/home/agilex/limo_ros2_ws/install/costmap_converter:/home/agilex/limo_ros2_ws/install/nav2_costmap_2d:/home/agilex/limo_ros2_ws/install/nav2_voxel_grid:/home/agilex/limo_ros2_ws/install/nav2_rviz_plugins:/home/agilex/limo_ros2_ws/install/nav2_map_server:/home/agilex/limo_ros2_ws/install/nav2_lifecycle_manager:/home/agilex/limo_ros2_ws/install/nav2_bt_navigator:/home/agilex/limo_ros2_ws/install/nav2_behavior_tree:/home/agilex/limo_ros2_ws/install/nav2_amcl:/home/agilex/limo_ros2_ws/install/nav2_util:/home/agilex/limo_ros2_ws/install/nav2_msgs:/home/agilex/limo_ros2_ws/install/magic_enum:/home/agilex/limo_ros2_ws/install/limo_visions:/home/agilex/limo_ros2_ws/install/limo_bringup:/home/agilex/limo_ros2_ws/install/limo_base:/home/agilex/limo_ros2_ws/install/limo_msgs:/home/agilex/limo_ros2_ws/install/limo_description:/home/agilex/limo_ros2_ws/install/libuvc:/home/agilex/limo_ros2_ws/install/glog:/home/agilex/limo_ros2_ws/install/costmap_converter_msgs:/home/agilex/limo_ros2_ws/install/astra_camera_msgs:/home/agilex/limo_ros2_ws/install/nav2_gazebo_spawner:/opt/ros/foxy PYTHONPATH=/home/agilex/limo_ros2_ws/install/nav2_common/lib/python3.8/site-packages:/home/agilex/limo_ros2_ws/install/teb_msgs/lib/python3.8/site-packages:/home/agilex/limo_ros2_ws/install/orbbec_camera_msgs/lib/python3.8/site-packages:/home/agilex/limo_ros2_ws/install/dwb_msgs/lib/python3.8/site-packages:/home/agilex/limo_ros2_ws/install/nav_2d_msgs/lib/python3.8/site-packages:/home/agilex/limo_ros2_ws/install/nav2_msgs/lib/python3.8/site-packages:/home/agilex/limo_ros2_ws/install/nav2_gazebo_spawner/lib/python3.8/site-packages:/home/agilex/limo_ros2_ws/install/limo_msgs/lib/python3.8/site-packages:/home/agilex/limo_ros2_ws/install/costmap_converter_msgs/lib/python3.8/site-packages:/home/agilex/limo_ros2_ws/install/astra_camera_msgs/lib/python3.8/site-packages:/opt/ros/foxy/lib/python3.8/site-packages /usr/bin/cmake --build /home/agilex/limo_ros2_ws/build/nav2_msgs -- -j6 -l6
[15.779s] [ 12%] Built target nav2_msgs__rosidl_generator_c
[15.864s] [ 12%] Built target nav2_msgs__cpp
[15.972s] [ 24%] Built target nav2_msgs__rosidl_typesupport_introspection_c
[16.192s] [ 36%] Built target nav2_msgs__rosidl_typesupport_fastrtps_cpp
[16.326s] [ 49%] Built target nav2_msgs__rosidl_typesupport_introspection_cpp
[16.564s] [ 61%] Built target nav2_msgs__rosidl_typesupport_fastrtps_c
[16.771s] [ 73%] Built target nav2_msgs__rosidl_typesupport_cpp
[16.950s] [ 85%] Built target nav2_msgs__rosidl_typesupport_c
[17.073s] [ 85%] Built target nav2_msgs
[17.249s] [ 86%] Built target nav2_msgs__py
[17.413s] [ 97%] Built target nav2_msgs__python
[17.681s] [ 98%] Built target nav2_msgs__rosidl_typesupport_introspection_c__pyext
[17.697s] [ 99%] Built target nav2_msgs__rosidl_typesupport_fastrtps_c__pyext
[17.811s] [100%] Built target nav2_msgs__rosidl_typesupport_c__pyext
[17.861s] Invoked command in '/home/agilex/limo_ros2_ws/build/nav2_msgs' returned '0': CMAKE_PREFIX_PATH=/home/agilex/limo_ros2_ws/install/nav2_common:/home/agilex/limo_ros2_ws/install/ydlidar_sdk:/home/agilex/limo_ros2_ws/install/ydlidar_ros2_driver:/home/agilex/limo_ros2_ws/install/teb_local_planner:/home/agilex/limo_ros2_ws/install/teb_msgs:/home/agilex/limo_ros2_ws/install/nav2_system_tests:/home/agilex/limo_ros2_ws/install/nav2_bringup:/home/agilex/limo_ros2_ws/install/navigation2:/home/agilex/limo_ros2_ws/install/smac_planner:/home/agilex/limo_ros2_ws/install/rf2o_laser_odometry:/home/agilex/limo_ros2_ws/install/orbbec_description:/home/agilex/limo_ros2_ws/install/orbbec_camera:/home/agilex/limo_ros2_ws/install/orbbec_camera_msgs:/home/agilex/limo_ros2_ws/install/nav2_dwb_controller:/home/agilex/limo_ros2_ws/install/nav2_controller:/home/agilex/limo_ros2_ws/install/dwb_plugins:/home/agilex/limo_ros2_ws/install/dwb_critics:/home/agilex/limo_ros2_ws/install/dwb_core:/home/agilex/limo_ros2_ws/install/nav_2d_utils:/home/agilex/limo_ros2_ws/install/dwb_msgs:/home/agilex/limo_ros2_ws/install/nav_2d_msgs:/home/agilex/limo_ros2_ws/install/nav2_waypoint_follower:/home/agilex/limo_ros2_ws/install/nav2_regulated_pure_pursuit_controller:/home/agilex/limo_ros2_ws/install/nav2_recoveries:/home/agilex/limo_ros2_ws/install/nav2_planner:/home/agilex/limo_ros2_ws/install/nav2_navfn_planner:/home/agilex/limo_ros2_ws/install/nav2_core:/home/agilex/limo_ros2_ws/install/costmap_queue:/home/agilex/limo_ros2_ws/install/costmap_converter:/home/agilex/limo_ros2_ws/install/nav2_costmap_2d:/home/agilex/limo_ros2_ws/install/nav2_voxel_grid:/home/agilex/limo_ros2_ws/install/nav2_rviz_plugins:/home/agilex/limo_ros2_ws/install/nav2_map_server:/home/agilex/limo_ros2_ws/install/nav2_lifecycle_manager:/home/agilex/limo_ros2_ws/install/nav2_bt_navigator:/home/agilex/limo_ros2_ws/install/nav2_behavior_tree:/home/agilex/limo_ros2_ws/install/nav2_amcl:/home/agilex/limo_ros2_ws/install/nav2_util:/home/agilex/limo_ros2_ws/install/nav2_msgs:/home/agilex/limo_ros2_ws/install/magic_enum:/home/agilex/limo_ros2_ws/install/limo_visions:/home/agilex/limo_ros2_ws/install/limo_bringup:/home/agilex/limo_ros2_ws/install/limo_base:/home/agilex/limo_ros2_ws/install/limo_msgs:/home/agilex/limo_ros2_ws/install/limo_description:/home/agilex/limo_ros2_ws/install/libuvc:/home/agilex/limo_ros2_ws/install/glog:/home/agilex/limo_ros2_ws/install/costmap_converter_msgs:/home/agilex/limo_ros2_ws/install/astra_camera_msgs:/home/agilex/limo_ros2_ws/install/nav2_gazebo_spawner:/opt/ros/foxy PYTHONPATH=/home/agilex/limo_ros2_ws/install/nav2_common/lib/python3.8/site-packages:/home/agilex/limo_ros2_ws/install/teb_msgs/lib/python3.8/site-packages:/home/agilex/limo_ros2_ws/install/orbbec_camera_msgs/lib/python3.8/site-packages:/home/agilex/limo_ros2_ws/install/dwb_msgs/lib/python3.8/site-packages:/home/agilex/limo_ros2_ws/install/nav_2d_msgs/lib/python3.8/site-packages:/home/agilex/limo_ros2_ws/install/nav2_msgs/lib/python3.8/site-packages:/home/agilex/limo_ros2_ws/install/nav2_gazebo_spawner/lib/python3.8/site-packages:/home/agilex/limo_ros2_ws/install/limo_msgs/lib/python3.8/site-packages:/home/agilex/limo_ros2_ws/install/costmap_converter_msgs/lib/python3.8/site-packages:/home/agilex/limo_ros2_ws/install/astra_camera_msgs/lib/python3.8/site-packages:/opt/ros/foxy/lib/python3.8/site-packages /usr/bin/cmake --build /home/agilex/limo_ros2_ws/build/nav2_msgs -- -j6 -l6
[20.106s] Invoking command in '/home/agilex/limo_ros2_ws/build/nav2_msgs': CMAKE_PREFIX_PATH=/home/agilex/limo_ros2_ws/install/nav2_common:/home/agilex/limo_ros2_ws/install/ydlidar_sdk:/home/agilex/limo_ros2_ws/install/ydlidar_ros2_driver:/home/agilex/limo_ros2_ws/install/teb_local_planner:/home/agilex/limo_ros2_ws/install/teb_msgs:/home/agilex/limo_ros2_ws/install/nav2_system_tests:/home/agilex/limo_ros2_ws/install/nav2_bringup:/home/agilex/limo_ros2_ws/install/navigation2:/home/agilex/limo_ros2_ws/install/smac_planner:/home/agilex/limo_ros2_ws/install/rf2o_laser_odometry:/home/agilex/limo_ros2_ws/install/orbbec_description:/home/agilex/limo_ros2_ws/install/orbbec_camera:/home/agilex/limo_ros2_ws/install/orbbec_camera_msgs:/home/agilex/limo_ros2_ws/install/nav2_dwb_controller:/home/agilex/limo_ros2_ws/install/nav2_controller:/home/agilex/limo_ros2_ws/install/dwb_plugins:/home/agilex/limo_ros2_ws/install/dwb_critics:/home/agilex/limo_ros2_ws/install/dwb_core:/home/agilex/limo_ros2_ws/install/nav_2d_utils:/home/agilex/limo_ros2_ws/install/dwb_msgs:/home/agilex/limo_ros2_ws/install/nav_2d_msgs:/home/agilex/limo_ros2_ws/install/nav2_waypoint_follower:/home/agilex/limo_ros2_ws/install/nav2_regulated_pure_pursuit_controller:/home/agilex/limo_ros2_ws/install/nav2_recoveries:/home/agilex/limo_ros2_ws/install/nav2_planner:/home/agilex/limo_ros2_ws/install/nav2_navfn_planner:/home/agilex/limo_ros2_ws/install/nav2_core:/home/agilex/limo_ros2_ws/install/costmap_queue:/home/agilex/limo_ros2_ws/install/costmap_converter:/home/agilex/limo_ros2_ws/install/nav2_costmap_2d:/home/agilex/limo_ros2_ws/install/nav2_voxel_grid:/home/agilex/limo_ros2_ws/install/nav2_rviz_plugins:/home/agilex/limo_ros2_ws/install/nav2_map_server:/home/agilex/limo_ros2_ws/install/nav2_lifecycle_manager:/home/agilex/limo_ros2_ws/install/nav2_bt_navigator:/home/agilex/limo_ros2_ws/install/nav2_behavior_tree:/home/agilex/limo_ros2_ws/install/nav2_amcl:/home/agilex/limo_ros2_ws/install/nav2_util:/home/agilex/limo_ros2_ws/install/nav2_msgs:/home/agilex/limo_ros2_ws/install/magic_enum:/home/agilex/limo_ros2_ws/install/limo_visions:/home/agilex/limo_ros2_ws/install/limo_bringup:/home/agilex/limo_ros2_ws/install/limo_base:/home/agilex/limo_ros2_ws/install/limo_msgs:/home/agilex/limo_ros2_ws/install/limo_description:/home/agilex/limo_ros2_ws/install/libuvc:/home/agilex/limo_ros2_ws/install/glog:/home/agilex/limo_ros2_ws/install/costmap_converter_msgs:/home/agilex/limo_ros2_ws/install/astra_camera_msgs:/home/agilex/limo_ros2_ws/install/nav2_gazebo_spawner:/opt/ros/foxy PYTHONPATH=/home/agilex/limo_ros2_ws/install/nav2_common/lib/python3.8/site-packages:/home/agilex/limo_ros2_ws/install/teb_msgs/lib/python3.8/site-packages:/home/agilex/limo_ros2_ws/install/orbbec_camera_msgs/lib/python3.8/site-packages:/home/agilex/limo_ros2_ws/install/dwb_msgs/lib/python3.8/site-packages:/home/agilex/limo_ros2_ws/install/nav_2d_msgs/lib/python3.8/site-packages:/home/agilex/limo_ros2_ws/install/nav2_msgs/lib/python3.8/site-packages:/home/agilex/limo_ros2_ws/install/nav2_gazebo_spawner/lib/python3.8/site-packages:/home/agilex/limo_ros2_ws/install/limo_msgs/lib/python3.8/site-packages:/home/agilex/limo_ros2_ws/install/costmap_converter_msgs/lib/python3.8/site-packages:/home/agilex/limo_ros2_ws/install/astra_camera_msgs/lib/python3.8/site-packages:/opt/ros/foxy/lib/python3.8/site-packages /usr/bin/cmake --install /home/agilex/limo_ros2_ws/build/nav2_msgs
[20.219s] -- Install configuration: "Release"
[20.220s] -- Up-to-date: /home/agilex/limo_ros2_ws/install/nav2_msgs/share/ament_index/resource_index/rosidl_interfaces/nav2_msgs
[20.220s] -- Up-to-date: /home/agilex/limo_ros2_ws/install/nav2_msgs/include/nav2_msgs
[20.221s] -- Up-to-date: /home/agilex/limo_ros2_ws/install/nav2_msgs/include/nav2_msgs/msg
[20.221s] -- Up-to-date: /home/agilex/limo_ros2_ws/install/nav2_msgs/include/nav2_msgs/msg/voxel_grid.h
[20.221s] -- Up-to-date: /home/agilex/limo_ros2_ws/install/nav2_msgs/include/nav2_msgs/msg/particle_cloud.h
[20.221s] -- Up-to-date: /home/agilex/limo_ros2_ws/install/nav2_msgs/include/nav2_msgs/msg/costmap_meta_data.h
[20.221s] -- Up-to-date: /home/agilex/limo_ros2_ws/install/nav2_msgs/include/nav2_msgs/msg/costmap.h
[20.221s] -- Up-to-date: /home/agilex/limo_ros2_ws/install/nav2_msgs/include/nav2_msgs/msg/rosidl_generator_c__visibility_control.h
[20.222s] -- Up-to-date: /home/agilex/limo_ros2_ws/install/nav2_msgs/include/nav2_msgs/msg/behavior_tree_status_change.h
[20.222s] -- Up-to-date: /home/agilex/limo_ros2_ws/install/nav2_msgs/include/nav2_msgs/msg/detail
[20.222s] -- Up-to-date: /home/agilex/limo_ros2_ws/install/nav2_msgs/include/nav2_msgs/msg/detail/voxel_grid__functions.h
[20.222s] -- Up-to-date: /home/agilex/limo_ros2_ws/install/nav2_msgs/include/nav2_msgs/msg/detail/costmap_meta_data__type_support.h
[20.222s] -- Up-to-date: /home/agilex/limo_ros2_ws/install/nav2_msgs/include/nav2_msgs/msg/detail/voxel_grid__functions.c
[20.222s] -- Up-to-date: /home/agilex/limo_ros2_ws/install/nav2_msgs/include/nav2_msgs/msg/detail/costmap_meta_data__functions.h
[20.223s] -- Up-to-date: /home/agilex/limo_ros2_ws/install/nav2_msgs/include/nav2_msgs/msg/detail/behavior_tree_status_change__functions.c
[20.223s] -- Up-to-date: /home/agilex/limo_ros2_ws/install/nav2_msgs/include/nav2_msgs/msg/detail/voxel_grid__type_support.h
[20.224s] -- Up-to-date: /home/agilex/limo_ros2_ws/install/nav2_msgs/include/nav2_msgs/msg/detail/behavior_tree_status_change__struct.h
[20.224s] -- Up-to-date: /home/agilex/limo_ros2_ws/install/nav2_msgs/include/nav2_msgs/msg/detail/particle__functions.c
[20.224s] -- Up-to-date: /home/agilex/limo_ros2_ws/install/nav2_msgs/include/nav2_msgs/msg/detail/behavior_tree_log__struct.h
[20.224s] -- Up-to-date: /home/agilex/limo_ros2_ws/install/nav2_msgs/include/nav2_msgs/msg/detail/costmap__type_support.h
[20.224s] -- Up-to-date: /home/agilex/limo_ros2_ws/install/nav2_msgs/include/nav2_msgs/msg/detail/behavior_tree_log__type_support.h
[20.225s] -- Up-to-date: /home/agilex/limo_ros2_ws/install/nav2_msgs/include/nav2_msgs/msg/detail/costmap_meta_data__struct.h
[20.225s] -- Up-to-date: /home/agilex/limo_ros2_ws/install/nav2_msgs/include/nav2_msgs/msg/detail/particle_cloud__functions.h
[20.225s] -- Up-to-date: /home/agilex/limo_ros2_ws/install/nav2_msgs/include/nav2_msgs/msg/detail/costmap__functions.c
[20.225s] -- Up-to-date: /home/agilex/limo_ros2_ws/install/nav2_msgs/include/nav2_msgs/msg/detail/particle_cloud__functions.c
[20.225s] -- Up-to-date: /home/agilex/limo_ros2_ws/install/nav2_msgs/include/nav2_msgs/msg/detail/behavior_tree_log__functions.h
[20.225s] -- Up-to-date: /home/agilex/limo_ros2_ws/install/nav2_msgs/include/nav2_msgs/msg/detail/behavior_tree_status_change__functions.h
[20.225s] -- Up-to-date: /home/agilex/limo_ros2_ws/install/nav2_msgs/include/nav2_msgs/msg/detail/costmap__struct.h
[20.226s] -- Up-to-date: /home/agilex/limo_ros2_ws/install/nav2_msgs/include/nav2_msgs/msg/detail/behavior_tree_status_change__type_support.h
[20.226s] -- Up-to-date: /home/agilex/limo_ros2_ws/install/nav2_msgs/include/nav2_msgs/msg/detail/voxel_grid__struct.h
[20.226s] -- Up-to-date: /home/agilex/limo_ros2_ws/install/nav2_msgs/include/nav2_msgs/msg/detail/particle__struct.h
[20.226s] -- Up-to-date: /home/agilex/limo_ros2_ws/install/nav2_msgs/include/nav2_msgs/msg/detail/costmap__functions.h
[20.226s] -- Up-to-date: /home/agilex/limo_ros2_ws/install/nav2_msgs/include/nav2_msgs/msg/detail/particle_cloud__type_support.h
[20.226s] -- Up-to-date: /home/agilex/limo_ros2_ws/install/nav2_msgs/include/nav2_msgs/msg/detail/particle_cloud__struct.h
[20.226s] -- Up-to-date: /home/agilex/limo_ros2_ws/install/nav2_msgs/include/nav2_msgs/msg/detail/particle__type_support.h
[20.227s] -- Up-to-date: /home/agilex/limo_ros2_ws/install/nav2_msgs/include/nav2_msgs/msg/detail/particle__functions.h
[20.227s] -- Up-to-date: /home/agilex/limo_ros2_ws/install/nav2_msgs/include/nav2_msgs/msg/detail/costmap_meta_data__functions.c
[20.227s] -- Up-to-date: /home/agilex/limo_ros2_ws/install/nav2_msgs/include/nav2_msgs/msg/detail/behavior_tree_log__functions.c
[20.227s] -- Up-to-date: /home/agilex/limo_ros2_ws/install/nav2_msgs/include/nav2_msgs/msg/particle.h
[20.227s] -- Up-to-date: /home/agilex/limo_ros2_ws/install/nav2_msgs/include/nav2_msgs/msg/behavior_tree_log.h
[20.227s] -- Up-to-date: /home/agilex/limo_ros2_ws/install/nav2_msgs/include/nav2_msgs/srv
[20.227s] -- Up-to-date: /home/agilex/limo_ros2_ws/install/nav2_msgs/include/nav2_msgs/srv/clear_costmap_except_region.h
[20.228s] -- Up-to-date: /home/agilex/limo_ros2_ws/install/nav2_msgs/include/nav2_msgs/srv/get_costmap.h
[20.229s] -- Up-to-date: /home/agilex/limo_ros2_ws/install/nav2_msgs/include/nav2_msgs/srv/clear_entire_costmap.h
[20.230s] -- Up-to-date: /home/agilex/limo_ros2_ws/install/nav2_msgs/include/nav2_msgs/srv/manage_lifecycle_nodes.h
[20.230s] -- Up-to-date: /home/agilex/limo_ros2_ws/install/nav2_msgs/include/nav2_msgs/srv/clear_costmap_around_robot.h
[20.243s] -- Up-to-date: /home/agilex/limo_ros2_ws/install/nav2_msgs/include/nav2_msgs/srv/detail
[20.243s] -- Up-to-date: /home/agilex/limo_ros2_ws/install/nav2_msgs/include/nav2_msgs/srv/detail/save_map__functions.h
[20.244s] -- Up-to-date: /home/agilex/limo_ros2_ws/install/nav2_msgs/include/nav2_msgs/srv/detail/manage_lifecycle_nodes__struct.h
[20.244s] -- Up-to-date: /home/agilex/limo_ros2_ws/install/nav2_msgs/include/nav2_msgs/srv/detail/clear_costmap_around_robot__functions.h
[20.244s] -- Up-to-date: /home/agilex/limo_ros2_ws/install/nav2_msgs/include/nav2_msgs/srv/detail/load_map__functions.c
[20.245s] -- Up-to-date: /home/agilex/limo_ros2_ws/install/nav2_msgs/include/nav2_msgs/srv/detail/clear_entire_costmap__functions.c
[20.245s] -- Up-to-date: /home/agilex/limo_ros2_ws/install/nav2_msgs/include/nav2_msgs/srv/detail/save_map__functions.c
[20.245s] -- Up-to-date: /home/agilex/limo_ros2_ws/install/nav2_msgs/include/nav2_msgs/srv/detail/clear_costmap_around_robot__type_support.h
[20.246s] -- Up-to-date: /home/agilex/limo_ros2_ws/install/nav2_msgs/include/nav2_msgs/srv/detail/get_costmap__struct.h
[20.246s] -- Up-to-date: /home/agilex/limo_ros2_ws/install/nav2_msgs/include/nav2_msgs/srv/detail/save_map__struct.h
[20.246s] -- Up-to-date: /home/agilex/limo_ros2_ws/install/nav2_msgs/include/nav2_msgs/srv/detail/get_costmap__functions.c
[20.247s] -- Up-to-date: /home/agilex/limo_ros2_ws/install/nav2_msgs/include/nav2_msgs/srv/detail/clear_costmap_except_region__functions.h
[20.248s] -- Up-to-date: /home/agilex/limo_ros2_ws/install/nav2_msgs/include/nav2_msgs/srv/detail/save_map__type_support.h
[20.248s] -- Up-to-date: /home/agilex/limo_ros2_ws/install/nav2_msgs/include/nav2_msgs/srv/detail/clear_costmap_around_robot__struct.h
[20.248s] -- Up-to-date: /home/agilex/limo_ros2_ws/install/nav2_msgs/include/nav2_msgs/srv/detail/load_map__type_support.h
[20.249s] -- Up-to-date: /home/agilex/limo_ros2_ws/install/nav2_msgs/include/nav2_msgs/srv/detail/manage_lifecycle_nodes__functions.c
[20.249s] -- Up-to-date: /home/agilex/limo_ros2_ws/install/nav2_msgs/include/nav2_msgs/srv/detail/manage_lifecycle_nodes__functions.h
[20.249s] -- Up-to-date: /home/agilex/limo_ros2_ws/install/nav2_msgs/include/nav2_msgs/srv/detail/get_costmap__type_support.h
[20.250s] -- Up-to-date: /home/agilex/limo_ros2_ws/install/nav2_msgs/include/nav2_msgs/srv/detail/load_map__struct.h
[20.250s] -- Up-to-date: /home/agilex/limo_ros2_ws/install/nav2_msgs/include/nav2_msgs/srv/detail/clear_entire_costmap__functions.h
[20.251s] -- Up-to-date: /home/agilex/limo_ros2_ws/install/nav2_msgs/include/nav2_msgs/srv/detail/load_map__functions.h
[20.251s] -- Up-to-date: /home/agilex/limo_ros2_ws/install/nav2_msgs/include/nav2_msgs/srv/detail/clear_costmap_around_robot__functions.c
[20.251s] -- Up-to-date: /home/agilex/limo_ros2_ws/install/nav2_msgs/include/nav2_msgs/srv/detail/clear_entire_costmap__struct.h
[20.252s] -- Up-to-date: /home/agilex/limo_ros2_ws/install/nav2_msgs/include/nav2_msgs/srv/detail/manage_lifecycle_nodes__type_support.h
[20.252s] -- Up-to-date: /home/agilex/limo_ros2_ws/install/nav2_msgs/include/nav2_msgs/srv/detail/get_costmap__functions.h
[20.252s] -- Up-to-date: /home/agilex/limo_ros2_ws/install/nav2_msgs/include/nav2_msgs/srv/detail/clear_entire_costmap__type_support.h
[20.253s] -- Up-to-date: /home/agilex/limo_ros2_ws/install/nav2_msgs/include/nav2_msgs/srv/detail/clear_costmap_except_region__type_support.h
[20.253s] -- Up-to-date: /home/agilex/limo_ros2_ws/install/nav2_msgs/include/nav2_msgs/srv/detail/clear_costmap_except_region__functions.c
[20.255s] -- Up-to-date: /home/agilex/limo_ros2_ws/install/nav2_msgs/include/nav2_msgs/srv/detail/clear_costmap_except_region__struct.h
[20.255s] -- Up-to-date: /home/agilex/limo_ros2_ws/install/nav2_msgs/include/nav2_msgs/srv/load_map.h
[20.255s] -- Up-to-date: /home/agilex/limo_ros2_ws/install/nav2_msgs/include/nav2_msgs/srv/save_map.h
[20.256s] -- Up-to-date: /home/agilex/limo_ros2_ws/install/nav2_msgs/include/nav2_msgs/action
[20.256s] -- Up-to-date: /home/agilex/limo_ros2_ws/install/nav2_msgs/include/nav2_msgs/action/compute_path_to_pose.h
[20.256s] -- Up-to-date: /home/agilex/limo_ros2_ws/install/nav2_msgs/include/nav2_msgs/action/back_up.h
[20.265s] -- Up-to-date: /home/agilex/limo_ros2_ws/install/nav2_msgs/include/nav2_msgs/action/follow_path.h
[20.265s] -- Up-to-date: /home/agilex/limo_ros2_ws/install/nav2_msgs/include/nav2_msgs/action/navigate_to_pose.h
[20.266s] -- Up-to-date: /home/agilex/limo_ros2_ws/install/nav2_msgs/include/nav2_msgs/action/wait.h
[20.266s] -- Up-to-date: /home/agilex/limo_ros2_ws/install/nav2_msgs/include/nav2_msgs/action/follow_waypoints.h
[20.267s] -- Up-to-date: /home/agilex/limo_ros2_ws/install/nav2_msgs/include/nav2_msgs/action/detail
[20.267s] -- Up-to-date: /home/agilex/limo_ros2_ws/install/nav2_msgs/include/nav2_msgs/action/detail/spin__struct.h
[20.267s] -- Up-to-date: /home/agilex/limo_ros2_ws/install/nav2_msgs/include/nav2_msgs/action/detail/back_up__functions.h
[20.268s] -- Up-to-date: /home/agilex/limo_ros2_ws/install/nav2_msgs/include/nav2_msgs/action/detail/wait__functions.c
[20.268s] -- Up-to-date: /home/agilex/limo_ros2_ws/install/nav2_msgs/include/nav2_msgs/action/detail/compute_path_to_pose__functions.c
[20.268s] -- Up-to-date: /home/agilex/limo_ros2_ws/install/nav2_msgs/include/nav2_msgs/action/detail/follow_waypoints__type_support.h
[20.269s] -- Up-to-date: /home/agilex/limo_ros2_ws/install/nav2_msgs/include/nav2_msgs/action/detail/wait__struct.h
[20.269s] -- Up-to-date: /home/agilex/limo_ros2_ws/install/nav2_msgs/include/nav2_msgs/action/detail/follow_path__functions.h
[20.269s] -- Up-to-date: /home/agilex/limo_ros2_ws/install/nav2_msgs/include/nav2_msgs/action/detail/spin__functions.h
[20.270s] -- Up-to-date: /home/agilex/limo_ros2_ws/install/nav2_msgs/include/nav2_msgs/action/detail/navigate_to_pose__type_support.h
[20.270s] -- Up-to-date: /home/agilex/limo_ros2_ws/install/nav2_msgs/include/nav2_msgs/action/detail/wait__functions.h
[20.270s] -- Up-to-date: /home/agilex/limo_ros2_ws/install/nav2_msgs/include/nav2_msgs/action/detail/follow_waypoints__struct.h
[20.271s] -- Up-to-date: /home/agilex/limo_ros2_ws/install/nav2_msgs/include/nav2_msgs/action/detail/back_up__functions.c
[20.274s] -- Up-to-date: /home/agilex/limo_ros2_ws/install/nav2_msgs/include/nav2_msgs/action/detail/dummy_recovery__type_support.h
[20.275s] -- Up-to-date: /home/agilex/limo_ros2_ws/install/nav2_msgs/include/nav2_msgs/action/detail/spin__type_support.h
[20.275s] -- Up-to-date: /home/agilex/limo_ros2_ws/install/nav2_msgs/include/nav2_msgs/action/detail/compute_path_to_pose__struct.h
[20.276s] -- Up-to-date: /home/agilex/limo_ros2_ws/install/nav2_msgs/include/nav2_msgs/action/detail/follow_path__struct.h
[20.276s] -- Up-to-date: /home/agilex/limo_ros2_ws/install/nav2_msgs/include/nav2_msgs/action/detail/navigate_to_pose__functions.c
[20.276s] -- Up-to-date: /home/agilex/limo_ros2_ws/install/nav2_msgs/include/nav2_msgs/action/detail/compute_path_to_pose__functions.h
[20.277s] -- Up-to-date: /home/agilex/limo_ros2_ws/install/nav2_msgs/include/nav2_msgs/action/detail/navigate_to_pose__functions.h
[20.277s] -- Up-to-date: /home/agilex/limo_ros2_ws/install/nav2_msgs/include/nav2_msgs/action/detail/dummy_recovery__functions.h
[20.277s] -- Up-to-date: /home/agilex/limo_ros2_ws/install/nav2_msgs/include/nav2_msgs/action/detail/back_up__type_support.h
[20.278s] -- Up-to-date: /home/agilex/limo_ros2_ws/install/nav2_msgs/include/nav2_msgs/action/detail/dummy_recovery__functions.c
[20.278s] -- Up-to-date: /home/agilex/limo_ros2_ws/install/nav2_msgs/include/nav2_msgs/action/detail/compute_path_to_pose__type_support.h
[20.279s] -- Up-to-date: /home/agilex/limo_ros2_ws/install/nav2_msgs/include/nav2_msgs/action/detail/navigate_to_pose__struct.h
[20.279s] -- Up-to-date: /home/agilex/limo_ros2_ws/install/nav2_msgs/include/nav2_msgs/action/detail/follow_path__type_support.h
[20.279s] -- Up-to-date: /home/agilex/limo_ros2_ws/install/nav2_msgs/include/nav2_msgs/action/detail/spin__functions.c
[20.280s] -- Up-to-date: /home/agilex/limo_ros2_ws/install/nav2_msgs/include/nav2_msgs/action/detail/follow_path__functions.c
[20.280s] -- Up-to-date: /home/agilex/limo_ros2_ws/install/nav2_msgs/include/nav2_msgs/action/detail/dummy_recovery__struct.h
[20.280s] -- Up-to-date: /home/agilex/limo_ros2_ws/install/nav2_msgs/include/nav2_msgs/action/detail/back_up__struct.h
[20.281s] -- Up-to-date: /home/agilex/limo_ros2_ws/install/nav2_msgs/include/nav2_msgs/action/detail/follow_waypoints__functions.h
[20.281s] -- Up-to-date: /home/agilex/limo_ros2_ws/install/nav2_msgs/include/nav2_msgs/action/detail/follow_waypoints__functions.c
[20.281s] -- Up-to-date: /home/agilex/limo_ros2_ws/install/nav2_msgs/include/nav2_msgs/action/detail/wait__type_support.h
[20.282s] -- Up-to-date: /home/agilex/limo_ros2_ws/install/nav2_msgs/include/nav2_msgs/action/spin.h
[20.282s] -- Up-to-date: /home/agilex/limo_ros2_ws/install/nav2_msgs/include/nav2_msgs/action/dummy_recovery.h
[20.283s] -- Up-to-date: /home/agilex/limo_ros2_ws/install/nav2_msgs/share/nav2_msgs/environment/library_path.sh
[20.283s] -- Installing: /home/agilex/limo_ros2_ws/install/nav2_msgs/share/nav2_msgs/environment/library_path.dsv
[20.283s] -- Up-to-date: /home/agilex/limo_ros2_ws/install/nav2_msgs/lib/libnav2_msgs__rosidl_generator_c.so
[20.284s] -- Up-to-date: /home/agilex/limo_ros2_ws/install/nav2_msgs/include/nav2_msgs
[20.284s] -- Up-to-date: /home/agilex/limo_ros2_ws/install/nav2_msgs/include/nav2_msgs/msg
[20.284s] -- Up-to-date: /home/agilex/limo_ros2_ws/install/nav2_msgs/include/nav2_msgs/msg/rosidl_typesupport_fastrtps_c__visibility_control.h
[20.285s] -- Up-to-date: /home/agilex/limo_ros2_ws/install/nav2_msgs/include/nav2_msgs/msg/detail
[20.285s] -- Up-to-date: /home/agilex/limo_ros2_ws/install/nav2_msgs/include/nav2_msgs/msg/detail/behavior_tree_log__rosidl_typesupport_fastrtps_c.h
[20.285s] -- Up-to-date: /home/agilex/limo_ros2_ws/install/nav2_msgs/include/nav2_msgs/msg/detail/behavior_tree_status_change__rosidl_typesupport_fastrtps_c.h
[20.285s] -- Up-to-date: /home/agilex/limo_ros2_ws/install/nav2_msgs/include/nav2_msgs/msg/detail/voxel_grid__rosidl_typesupport_fastrtps_c.h
[20.286s] -- Up-to-date: /home/agilex/limo_ros2_ws/install/nav2_msgs/include/nav2_msgs/msg/detail/particle_cloud__rosidl_typesupport_fastrtps_c.h
[20.286s] -- Up-to-date: /home/agilex/limo_ros2_ws/install/nav2_msgs/include/nav2_msgs/msg/detail/costmap_meta_data__rosidl_typesupport_fastrtps_c.h
[20.286s] -- Up-to-date: /home/agilex/limo_ros2_ws/install/nav2_msgs/include/nav2_msgs/msg/detail/costmap__rosidl_typesupport_fastrtps_c.h
[20.287s] -- Up-to-date: /home/agilex/limo_ros2_ws/install/nav2_msgs/include/nav2_msgs/msg/detail/particle__rosidl_typesupport_fastrtps_c.h
[20.287s] -- Up-to-date: /home/agilex/limo_ros2_ws/install/nav2_msgs/include/nav2_msgs/srv
[20.287s] -- Up-to-date: /home/agilex/limo_ros2_ws/install/nav2_msgs/include/nav2_msgs/srv/detail
[20.288s] -- Up-to-date: /home/agilex/limo_ros2_ws/install/nav2_msgs/include/nav2_msgs/srv/detail/load_map__rosidl_typesupport_fastrtps_c.h
[20.288s] -- Up-to-date: /home/agilex/limo_ros2_ws/install/nav2_msgs/include/nav2_msgs/srv/detail/get_costmap__rosidl_typesupport_fastrtps_c.h
[20.289s] -- Up-to-date: /home/agilex/limo_ros2_ws/install/nav2_msgs/include/nav2_msgs/srv/detail/clear_entire_costmap__rosidl_typesupport_fastrtps_c.h
[20.289s] -- Up-to-date: /home/agilex/limo_ros2_ws/install/nav2_msgs/include/nav2_msgs/srv/detail/clear_costmap_except_region__rosidl_typesupport_fastrtps_c.h
[20.298s] -- Up-to-date: /home/agilex/limo_ros2_ws/install/nav2_msgs/include/nav2_msgs/srv/detail/save_map__rosidl_typesupport_fastrtps_c.h
[20.299s] -- Up-to-date: /home/agilex/limo_ros2_ws/install/nav2_msgs/include/nav2_msgs/srv/detail/clear_costmap_around_robot__rosidl_typesupport_fastrtps_c.h
[20.299s] -- Up-to-date: /home/agilex/limo_ros2_ws/install/nav2_msgs/include/nav2_msgs/srv/detail/manage_lifecycle_nodes__rosidl_typesupport_fastrtps_c.h
[20.299s] -- Up-to-date: /home/agilex/limo_ros2_ws/install/nav2_msgs/include/nav2_msgs/action
[20.300s] -- Up-to-date: /home/agilex/limo_ros2_ws/install/nav2_msgs/include/nav2_msgs/action/detail
[20.300s] -- Up-to-date: /home/agilex/limo_ros2_ws/install/nav2_msgs/include/nav2_msgs/action/detail/follow_waypoints__rosidl_typesupport_fastrtps_c.h
[20.300s] -- Up-to-date: /home/agilex/limo_ros2_ws/install/nav2_msgs/include/nav2_msgs/action/detail/spin__rosidl_typesupport_fastrtps_c.h
[20.301s] -- Up-to-date: /home/agilex/limo_ros2_ws/install/nav2_msgs/include/nav2_msgs/action/detail/back_up__rosidl_typesupport_fastrtps_c.h
[20.301s] -- Up-to-date: /home/agilex/limo_ros2_ws/install/nav2_msgs/include/nav2_msgs/action/detail/dummy_recovery__rosidl_typesupport_fastrtps_c.h
[20.301s] -- Up-to-date: /home/agilex/limo_ros2_ws/install/nav2_msgs/include/nav2_msgs/action/detail/navigate_to_pose__rosidl_typesupport_fastrtps_c.h
[20.302s] -- Up-to-date: /home/agilex/limo_ros2_ws/install/nav2_msgs/include/nav2_msgs/action/detail/compute_path_to_pose__rosidl_typesupport_fastrtps_c.h
[20.302s] -- Up-to-date: /home/agilex/limo_ros2_ws/install/nav2_msgs/include/nav2_msgs/action/detail/wait__rosidl_typesupport_fastrtps_c.h
[20.302s] -- Up-to-date: /home/agilex/limo_ros2_ws/install/nav2_msgs/include/nav2_msgs/action/detail/follow_path__rosidl_typesupport_fastrtps_c.h
[20.303s] -- Up-to-date: /home/agilex/limo_ros2_ws/install/nav2_msgs/lib/libnav2_msgs__rosidl_typesupport_fastrtps_c.so
[20.303s] -- Up-to-date: /home/agilex/limo_ros2_ws/install/nav2_msgs/include/nav2_msgs
[20.303s] -- Up-to-date: /home/agilex/limo_ros2_ws/install/nav2_msgs/include/nav2_msgs/msg
[20.311s] -- Up-to-date: /home/agilex/limo_ros2_ws/install/nav2_msgs/include/nav2_msgs/msg/rosidl_typesupport_fastrtps_cpp__visibility_control.h
[20.312s] -- Up-to-date: /home/agilex/limo_ros2_ws/install/nav2_msgs/include/nav2_msgs/msg/detail
[20.314s] -- Up-to-date: /home/agilex/limo_ros2_ws/install/nav2_msgs/include/nav2_msgs/msg/detail/costmap__rosidl_typesupport_fastrtps_cpp.hpp
[20.314s] -- Up-to-date: /home/agilex/limo_ros2_ws/install/nav2_msgs/include/nav2_msgs/msg/detail/behavior_tree_status_change__rosidl_typesupport_fastrtps_cpp.hpp
[20.317s] -- Up-to-date: /home/agilex/limo_ros2_ws/install/nav2_msgs/include/nav2_msgs/msg/detail/particle_cloud__rosidl_typesupport_fastrtps_cpp.hpp
[20.317s] -- Up-to-date: /home/agilex/limo_ros2_ws/install/nav2_msgs/include/nav2_msgs/msg/detail/costmap_meta_data__rosidl_typesupport_fastrtps_cpp.hpp
[20.317s] -- Up-to-date: /home/agilex/limo_ros2_ws/install/nav2_msgs/include/nav2_msgs/msg/detail/particle__rosidl_typesupport_fastrtps_cpp.hpp
[20.318s] -- Up-to-date: /home/agilex/limo_ros2_ws/install/nav2_msgs/include/nav2_msgs/msg/detail/voxel_grid__rosidl_typesupport_fastrtps_cpp.hpp
[20.318s] -- Up-to-date: /home/agilex/limo_ros2_ws/install/nav2_msgs/include/nav2_msgs/msg/detail/behavior_tree_log__rosidl_typesupport_fastrtps_cpp.hpp
[20.319s] -- Up-to-date: /home/agilex/limo_ros2_ws/install/nav2_msgs/include/nav2_msgs/msg/detail/dds_fastrtps
[20.319s] -- Up-to-date: /home/agilex/limo_ros2_ws/install/nav2_msgs/include/nav2_msgs/srv
[20.319s] -- Up-to-date: /home/agilex/limo_ros2_ws/install/nav2_msgs/include/nav2_msgs/srv/detail
[20.320s] -- Up-to-date: /home/agilex/limo_ros2_ws/install/nav2_msgs/include/nav2_msgs/srv/detail/load_map__rosidl_typesupport_fastrtps_cpp.hpp
[20.320s] -- Up-to-date: /home/agilex/limo_ros2_ws/install/nav2_msgs/include/nav2_msgs/srv/detail/clear_costmap_around_robot__rosidl_typesupport_fastrtps_cpp.hpp
[20.330s] -- Up-to-date: /home/agilex/limo_ros2_ws/install/nav2_msgs/include/nav2_msgs/srv/detail/save_map__rosidl_typesupport_fastrtps_cpp.hpp
[20.330s] -- Up-to-date: /home/agilex/limo_ros2_ws/install/nav2_msgs/include/nav2_msgs/srv/detail/manage_lifecycle_nodes__rosidl_typesupport_fastrtps_cpp.hpp
[20.330s] -- Up-to-date: /home/agilex/limo_ros2_ws/install/nav2_msgs/include/nav2_msgs/srv/detail/get_costmap__rosidl_typesupport_fastrtps_cpp.hpp
[20.331s] -- Up-to-date: /home/agilex/limo_ros2_ws/install/nav2_msgs/include/nav2_msgs/srv/detail/clear_costmap_except_region__rosidl_typesupport_fastrtps_cpp.hpp
[20.331s] -- Up-to-date: /home/agilex/limo_ros2_ws/install/nav2_msgs/include/nav2_msgs/srv/detail/dds_fastrtps
[20.331s] -- Up-to-date: /home/agilex/limo_ros2_ws/install/nav2_msgs/include/nav2_msgs/srv/detail/clear_entire_costmap__rosidl_typesupport_fastrtps_cpp.hpp
[20.331s] -- Up-to-date: /home/agilex/limo_ros2_ws/install/nav2_msgs/include/nav2_msgs/action
[20.331s] -- Up-to-date: /home/agilex/limo_ros2_ws/install/nav2_msgs/include/nav2_msgs/action/detail
[20.331s] -- Up-to-date: /home/agilex/limo_ros2_ws/install/nav2_msgs/include/nav2_msgs/action/detail/wait__rosidl_typesupport_fastrtps_cpp.hpp
[20.332s] -- Up-to-date: /home/agilex/limo_ros2_ws/install/nav2_msgs/include/nav2_msgs/action/detail/spin__rosidl_typesupport_fastrtps_cpp.hpp
[20.332s] -- Up-to-date: /home/agilex/limo_ros2_ws/install/nav2_msgs/include/nav2_msgs/action/detail/compute_path_to_pose__rosidl_typesupport_fastrtps_cpp.hpp
[20.332s] -- Up-to-date: /home/agilex/limo_ros2_ws/install/nav2_msgs/include/nav2_msgs/action/detail/navigate_to_pose__rosidl_typesupport_fastrtps_cpp.hpp
[20.332s] -- Up-to-date: /home/agilex/limo_ros2_ws/install/nav2_msgs/include/nav2_msgs/action/detail/dummy_recovery__rosidl_typesupport_fastrtps_cpp.hpp
[20.332s] -- Up-to-date: /home/agilex/limo_ros2_ws/install/nav2_msgs/include/nav2_msgs/action/detail/dds_fastrtps
[20.332s] -- Up-to-date: /home/agilex/limo_ros2_ws/install/nav2_msgs/include/nav2_msgs/action/detail/follow_path__rosidl_typesupport_fastrtps_cpp.hpp
[20.332s] -- Up-to-date: /home/agilex/limo_ros2_ws/install/nav2_msgs/include/nav2_msgs/action/detail/follow_waypoints__rosidl_typesupport_fastrtps_cpp.hpp
[20.333s] -- Up-to-date: /home/agilex/limo_ros2_ws/install/nav2_msgs/include/nav2_msgs/action/detail/back_up__rosidl_typesupport_fastrtps_cpp.hpp
[20.333s] -- Up-to-date: /home/agilex/limo_ros2_ws/install/nav2_msgs/lib/libnav2_msgs__rosidl_typesupport_fastrtps_cpp.so
[20.333s] -- Up-to-date: /home/agilex/limo_ros2_ws/install/nav2_msgs/include/nav2_msgs
[20.333s] -- Up-to-date: /home/agilex/limo_ros2_ws/install/nav2_msgs/include/nav2_msgs/msg
[20.333s] -- Up-to-date: /home/agilex/limo_ros2_ws/install/nav2_msgs/include/nav2_msgs/msg/rosidl_typesupport_introspection_c__visibility_control.h
[20.333s] -- Up-to-date: /home/agilex/limo_ros2_ws/install/nav2_msgs/include/nav2_msgs/msg/detail
[20.333s] -- Up-to-date: /home/agilex/limo_ros2_ws/install/nav2_msgs/include/nav2_msgs/msg/detail/costmap__rosidl_typesupport_introspection_c.h
[20.334s] -- Up-to-date: /home/agilex/limo_ros2_ws/install/nav2_msgs/include/nav2_msgs/msg/detail/behavior_tree_status_change__type_support.c
[20.334s] -- Up-to-date: /home/agilex/limo_ros2_ws/install/nav2_msgs/include/nav2_msgs/msg/detail/particle_cloud__rosidl_typesupport_introspection_c.h
[20.334s] -- Up-to-date: /home/agilex/limo_ros2_ws/install/nav2_msgs/include/nav2_msgs/msg/detail/behavior_tree_status_change__rosidl_typesupport_introspection_c.h
[20.334s] -- Up-to-date: /home/agilex/limo_ros2_ws/install/nav2_msgs/include/nav2_msgs/msg/detail/behavior_tree_log__type_support.c
[20.334s] -- Up-to-date: /home/agilex/limo_ros2_ws/install/nav2_msgs/include/nav2_msgs/msg/detail/voxel_grid__rosidl_typesupport_introspection_c.h
[20.334s] -- Up-to-date: /home/agilex/limo_ros2_ws/install/nav2_msgs/include/nav2_msgs/msg/detail/particle__rosidl_typesupport_introspection_c.h
[20.335s] -- Up-to-date: /home/agilex/limo_ros2_ws/install/nav2_msgs/include/nav2_msgs/msg/detail/costmap_meta_data__type_support.c
[20.335s] -- Up-to-date: /home/agilex/limo_ros2_ws/install/nav2_msgs/include/nav2_msgs/msg/detail/voxel_grid__type_support.c
[20.335s] -- Up-to-date: /home/agilex/limo_ros2_ws/install/nav2_msgs/include/nav2_msgs/msg/detail/costmap_meta_data__rosidl_typesupport_introspection_c.h
[20.335s] -- Up-to-date: /home/agilex/limo_ros2_ws/install/nav2_msgs/include/nav2_msgs/msg/detail/costmap__type_support.c
[20.335s] -- Up-to-date: /home/agilex/limo_ros2_ws/install/nav2_msgs/include/nav2_msgs/msg/detail/particle__type_support.c
[20.335s] -- Up-to-date: /home/agilex/limo_ros2_ws/install/nav2_msgs/include/nav2_msgs/msg/detail/behavior_tree_log__rosidl_typesupport_introspection_c.h
[20.335s] -- Up-to-date: /home/agilex/limo_ros2_ws/install/nav2_msgs/include/nav2_msgs/msg/detail/particle_cloud__type_support.c
[20.336s] -- Up-to-date: /home/agilex/limo_ros2_ws/install/nav2_msgs/include/nav2_msgs/srv
[20.336s] -- Up-to-date: /home/agilex/limo_ros2_ws/install/nav2_msgs/include/nav2_msgs/srv/detail
[20.336s] -- Up-to-date: /home/agilex/limo_ros2_ws/install/nav2_msgs/include/nav2_msgs/srv/detail/clear_costmap_around_robot__type_support.c
[20.336s] -- Up-to-date: /home/agilex/limo_ros2_ws/install/nav2_msgs/include/nav2_msgs/srv/detail/clear_costmap_except_region__rosidl_typesupport_introspection_c.h
[20.336s] -- Up-to-date: /home/agilex/limo_ros2_ws/install/nav2_msgs/include/nav2_msgs/srv/detail/get_costmap__rosidl_typesupport_introspection_c.h
[20.336s] -- Up-to-date: /home/agilex/limo_ros2_ws/install/nav2_msgs/include/nav2_msgs/srv/detail/get_costmap__type_support.c
[20.336s] -- Up-to-date: /home/agilex/limo_ros2_ws/install/nav2_msgs/include/nav2_msgs/srv/detail/save_map__rosidl_typesupport_introspection_c.h
[20.337s] -- Up-to-date: /home/agilex/limo_ros2_ws/install/nav2_msgs/include/nav2_msgs/srv/detail/manage_lifecycle_nodes__type_support.c
[20.337s] -- Up-to-date: /home/agilex/limo_ros2_ws/install/nav2_msgs/include/nav2_msgs/srv/detail/clear_costmap_around_robot__rosidl_typesupport_introspection_c.h
[20.337s] -- Up-to-date: /home/agilex/limo_ros2_ws/install/nav2_msgs/include/nav2_msgs/srv/detail/load_map__type_support.c
[20.337s] -- Up-to-date: /home/agilex/limo_ros2_ws/install/nav2_msgs/include/nav2_msgs/srv/detail/load_map__rosidl_typesupport_introspection_c.h
[20.337s] -- Up-to-date: /home/agilex/limo_ros2_ws/install/nav2_msgs/include/nav2_msgs/srv/detail/manage_lifecycle_nodes__rosidl_typesupport_introspection_c.h
[20.337s] -- Up-to-date: /home/agilex/limo_ros2_ws/install/nav2_msgs/include/nav2_msgs/srv/detail/clear_entire_costmap__rosidl_typesupport_introspection_c.h
[20.338s] -- Up-to-date: /home/agilex/limo_ros2_ws/install/nav2_msgs/include/nav2_msgs/srv/detail/clear_entire_costmap__type_support.c
[20.338s] -- Up-to-date: /home/agilex/limo_ros2_ws/install/nav2_msgs/include/nav2_msgs/srv/detail/save_map__type_support.c
[20.338s] -- Up-to-date: /home/agilex/limo_ros2_ws/install/nav2_msgs/include/nav2_msgs/srv/detail/clear_costmap_except_region__type_support.c
[20.338s] -- Up-to-date: /home/agilex/limo_ros2_ws/install/nav2_msgs/include/nav2_msgs/action
[20.338s] -- Up-to-date: /home/agilex/limo_ros2_ws/install/nav2_msgs/include/nav2_msgs/action/detail
[20.338s] -- Up-to-date: /home/agilex/limo_ros2_ws/install/nav2_msgs/include/nav2_msgs/action/detail/dummy_recovery__rosidl_typesupport_introspection_c.h
[20.339s] -- Up-to-date: /home/agilex/limo_ros2_ws/install/nav2_msgs/include/nav2_msgs/action/detail/follow_waypoints__rosidl_typesupport_introspection_c.h
[20.339s] -- Up-to-date: /home/agilex/limo_ros2_ws/install/nav2_msgs/include/nav2_msgs/action/detail/back_up__type_support.c
[20.339s] -- Up-to-date: /home/agilex/limo_ros2_ws/install/nav2_msgs/include/nav2_msgs/action/detail/follow_waypoints__type_support.c
[20.339s] -- Up-to-date: /home/agilex/limo_ros2_ws/install/nav2_msgs/include/nav2_msgs/action/detail/dummy_recovery__type_support.c
[20.339s] -- Up-to-date: /home/agilex/limo_ros2_ws/install/nav2_msgs/include/nav2_msgs/action/detail/back_up__rosidl_typesupport_introspection_c.h
[20.339s] -- Up-to-date: /home/agilex/limo_ros2_ws/install/nav2_msgs/include/nav2_msgs/action/detail/wait__rosidl_typesupport_introspection_c.h
[20.339s] -- Up-to-date: /home/agilex/limo_ros2_ws/install/nav2_msgs/include/nav2_msgs/action/detail/follow_path__type_support.c
[20.340s] -- Up-to-date: /home/agilex/limo_ros2_ws/install/nav2_msgs/include/nav2_msgs/action/detail/spin__rosidl_typesupport_introspection_c.h
[20.340s] -- Up-to-date: /home/agilex/limo_ros2_ws/install/nav2_msgs/include/nav2_msgs/action/detail/compute_path_to_pose__type_support.c
[20.340s] -- Up-to-date: /home/agilex/limo_ros2_ws/install/nav2_msgs/include/nav2_msgs/action/detail/follow_path__rosidl_typesupport_introspection_c.h
[20.340s] -- Up-to-date: /home/agilex/limo_ros2_ws/install/nav2_msgs/include/nav2_msgs/action/detail/navigate_to_pose__type_support.c
[20.340s] -- Up-to-date: /home/agilex/limo_ros2_ws/install/nav2_msgs/include/nav2_msgs/action/detail/navigate_to_pose__rosidl_typesupport_introspection_c.h
[20.340s] -- Up-to-date: /home/agilex/limo_ros2_ws/install/nav2_msgs/include/nav2_msgs/action/detail/compute_path_to_pose__rosidl_typesupport_introspection_c.h
[20.340s] -- Up-to-date: /home/agilex/limo_ros2_ws/install/nav2_msgs/include/nav2_msgs/action/detail/spin__type_support.c
[20.341s] -- Up-to-date: /home/agilex/limo_ros2_ws/install/nav2_msgs/include/nav2_msgs/action/detail/wait__type_support.c
[20.341s] -- Up-to-date: /home/agilex/limo_ros2_ws/install/nav2_msgs/lib/libnav2_msgs__rosidl_typesupport_introspection_c.so
[20.341s] -- Up-to-date: /home/agilex/limo_ros2_ws/install/nav2_msgs/lib/libnav2_msgs__rosidl_typesupport_c.so
[20.341s] -- Up-to-date: /home/agilex/limo_ros2_ws/install/nav2_msgs/include/nav2_msgs
[20.341s] -- Up-to-date: /home/agilex/limo_ros2_ws/install/nav2_msgs/include/nav2_msgs/msg
[20.341s] -- Up-to-date: /home/agilex/limo_ros2_ws/install/nav2_msgs/include/nav2_msgs/msg/costmap_meta_data.hpp
[20.341s] -- Up-to-date: /home/agilex/limo_ros2_ws/install/nav2_msgs/include/nav2_msgs/msg/particle.hpp
[20.342s] -- Up-to-date: /home/agilex/limo_ros2_ws/install/nav2_msgs/include/nav2_msgs/msg/costmap.hpp
[20.342s] -- Up-to-date: /home/agilex/limo_ros2_ws/install/nav2_msgs/include/nav2_msgs/msg/rosidl_generator_cpp__visibility_control.hpp
[20.342s] -- Up-to-date: /home/agilex/limo_ros2_ws/install/nav2_msgs/include/nav2_msgs/msg/behavior_tree_log.hpp
[20.342s] -- Up-to-date: /home/agilex/limo_ros2_ws/install/nav2_msgs/include/nav2_msgs/msg/particle_cloud.hpp
[20.342s] -- Up-to-date: /home/agilex/limo_ros2_ws/install/nav2_msgs/include/nav2_msgs/msg/detail
[20.342s] -- Up-to-date: /home/agilex/limo_ros2_ws/install/nav2_msgs/include/nav2_msgs/msg/detail/behavior_tree_log__traits.hpp
[20.342s] -- Up-to-date: /home/agilex/limo_ros2_ws/install/nav2_msgs/include/nav2_msgs/msg/detail/costmap__traits.hpp
[20.343s] -- Up-to-date: /home/agilex/limo_ros2_ws/install/nav2_msgs/include/nav2_msgs/msg/detail/particle__type_support.hpp
[20.343s] -- Up-to-date: /home/agilex/limo_ros2_ws/install/nav2_msgs/include/nav2_msgs/msg/detail/voxel_grid__traits.hpp
[20.343s] -- Up-to-date: /home/agilex/limo_ros2_ws/install/nav2_msgs/include/nav2_msgs/msg/detail/particle_cloud__struct.hpp
[20.343s] -- Up-to-date: /home/agilex/limo_ros2_ws/install/nav2_msgs/include/nav2_msgs/msg/detail/particle_cloud__builder.hpp
[20.343s] -- Up-to-date: /home/agilex/limo_ros2_ws/install/nav2_msgs/include/nav2_msgs/msg/detail/voxel_grid__type_support.hpp
[20.343s] -- Up-to-date: /home/agilex/limo_ros2_ws/install/nav2_msgs/include/nav2_msgs/msg/detail/behavior_tree_log__builder.hpp
[20.343s] -- Up-to-date: /home/agilex/limo_ros2_ws/install/nav2_msgs/include/nav2_msgs/msg/detail/voxel_grid__struct.hpp
[20.344s] -- Up-to-date: /home/agilex/limo_ros2_ws/install/nav2_msgs/include/nav2_msgs/msg/detail/behavior_tree_log__struct.hpp
[20.344s] -- Up-to-date: /home/agilex/limo_ros2_ws/install/nav2_msgs/include/nav2_msgs/msg/detail/costmap_meta_data__builder.hpp
[20.344s] -- Up-to-date: /home/agilex/limo_ros2_ws/install/nav2_msgs/include/nav2_msgs/msg/detail/costmap__builder.hpp
[20.344s] -- Up-to-date: /home/agilex/limo_ros2_ws/install/nav2_msgs/include/nav2_msgs/msg/detail/particle__traits.hpp
[20.344s] -- Up-to-date: /home/agilex/limo_ros2_ws/install/nav2_msgs/include/nav2_msgs/msg/detail/voxel_grid__builder.hpp
[20.344s] -- Up-to-date: /home/agilex/limo_ros2_ws/install/nav2_msgs/include/nav2_msgs/msg/detail/particle_cloud__type_support.hpp
[20.344s] -- Up-to-date: /home/agilex/limo_ros2_ws/install/nav2_msgs/include/nav2_msgs/msg/detail/particle_cloud__traits.hpp
[20.344s] -- Up-to-date: /home/agilex/limo_ros2_ws/install/nav2_msgs/include/nav2_msgs/msg/detail/costmap__struct.hpp
[20.345s] -- Up-to-date: /home/agilex/limo_ros2_ws/install/nav2_msgs/include/nav2_msgs/msg/detail/behavior_tree_status_change__struct.hpp
[20.345s] -- Up-to-date: /home/agilex/limo_ros2_ws/install/nav2_msgs/include/nav2_msgs/msg/detail/behavior_tree_log__type_support.hpp
[20.345s] -- Up-to-date: /home/agilex/limo_ros2_ws/install/nav2_msgs/include/nav2_msgs/msg/detail/particle__builder.hpp
[20.345s] -- Up-to-date: /home/agilex/limo_ros2_ws/install/nav2_msgs/include/nav2_msgs/msg/detail/costmap_meta_data__traits.hpp
[20.345s] -- Up-to-date: /home/agilex/limo_ros2_ws/install/nav2_msgs/include/nav2_msgs/msg/detail/costmap_meta_data__struct.hpp
[20.345s] -- Up-to-date: /home/agilex/limo_ros2_ws/install/nav2_msgs/include/nav2_msgs/msg/detail/behavior_tree_status_change__type_support.hpp
[20.345s] -- Up-to-date: /home/agilex/limo_ros2_ws/install/nav2_msgs/include/nav2_msgs/msg/detail/particle__struct.hpp
[20.346s] -- Up-to-date: /home/agilex/limo_ros2_ws/install/nav2_msgs/include/nav2_msgs/msg/detail/costmap__type_support.hpp
[20.346s] -- Up-to-date: /home/agilex/limo_ros2_ws/install/nav2_msgs/include/nav2_msgs/msg/detail/behavior_tree_status_change__traits.hpp
[20.346s] -- Up-to-date: /home/agilex/limo_ros2_ws/install/nav2_msgs/include/nav2_msgs/msg/detail/behavior_tree_status_change__builder.hpp
[20.346s] -- Up-to-date: /home/agilex/limo_ros2_ws/install/nav2_msgs/include/nav2_msgs/msg/detail/costmap_meta_data__type_support.hpp
[20.346s] -- Up-to-date: /home/agilex/limo_ros2_ws/install/nav2_msgs/include/nav2_msgs/msg/voxel_grid.hpp
[20.346s] -- Up-to-date: /home/agilex/limo_ros2_ws/install/nav2_msgs/include/nav2_msgs/msg/behavior_tree_status_change.hpp
[20.347s] -- Up-to-date: /home/agilex/limo_ros2_ws/install/nav2_msgs/include/nav2_msgs/srv
[20.347s] -- Up-to-date: /home/agilex/limo_ros2_ws/install/nav2_msgs/include/nav2_msgs/srv/clear_entire_costmap.hpp
[20.347s] -- Up-to-date: /home/agilex/limo_ros2_ws/install/nav2_msgs/include/nav2_msgs/srv/save_map.hpp
[20.347s] -- Up-to-date: /home/agilex/limo_ros2_ws/install/nav2_msgs/include/nav2_msgs/srv/clear_costmap_around_robot.hpp
[20.348s] -- Up-to-date: /home/agilex/limo_ros2_ws/install/nav2_msgs/include/nav2_msgs/srv/load_map.hpp
[20.348s] -- Up-to-date: /home/agilex/limo_ros2_ws/install/nav2_msgs/include/nav2_msgs/srv/manage_lifecycle_nodes.hpp
[20.348s] -- Up-to-date: /home/agilex/limo_ros2_ws/install/nav2_msgs/include/nav2_msgs/srv/detail
[20.348s] -- Up-to-date: /home/agilex/limo_ros2_ws/install/nav2_msgs/include/nav2_msgs/srv/detail/get_costmap__type_support.hpp
[20.348s] -- Up-to-date: /home/agilex/limo_ros2_ws/install/nav2_msgs/include/nav2_msgs/srv/detail/save_map__traits.hpp
[20.348s] -- Up-to-date: /home/agilex/limo_ros2_ws/install/nav2_msgs/include/nav2_msgs/srv/detail/load_map__builder.hpp
[20.348s] -- Up-to-date: /home/agilex/limo_ros2_ws/install/nav2_msgs/include/nav2_msgs/srv/detail/save_map__struct.hpp
[20.349s] -- Up-to-date: /home/agilex/limo_ros2_ws/install/nav2_msgs/include/nav2_msgs/srv/detail/manage_lifecycle_nodes__struct.hpp
[20.349s] -- Up-to-date: /home/agilex/limo_ros2_ws/install/nav2_msgs/include/nav2_msgs/srv/detail/clear_entire_costmap__traits.hpp
[20.349s] -- Up-to-date: /home/agilex/limo_ros2_ws/install/nav2_msgs/include/nav2_msgs/srv/detail/load_map__struct.hpp
[20.349s] -- Up-to-date: /home/agilex/limo_ros2_ws/install/nav2_msgs/include/nav2_msgs/srv/detail/clear_entire_costmap__builder.hpp
[20.349s] -- Up-to-date: /home/agilex/limo_ros2_ws/install/nav2_msgs/include/nav2_msgs/srv/detail/get_costmap__traits.hpp
[20.349s] -- Up-to-date: /home/agilex/limo_ros2_ws/install/nav2_msgs/include/nav2_msgs/srv/detail/load_map__type_support.hpp
[20.349s] -- Up-to-date: /home/agilex/limo_ros2_ws/install/nav2_msgs/include/nav2_msgs/srv/detail/manage_lifecycle_nodes__type_support.hpp
[20.350s] -- Up-to-date: /home/agilex/limo_ros2_ws/install/nav2_msgs/include/nav2_msgs/srv/detail/load_map__traits.hpp
[20.350s] -- Up-to-date: /home/agilex/limo_ros2_ws/install/nav2_msgs/include/nav2_msgs/srv/detail/clear_costmap_except_region__struct.hpp
[20.350s] -- Up-to-date: /home/agilex/limo_ros2_ws/install/nav2_msgs/include/nav2_msgs/srv/detail/clear_costmap_around_robot__traits.hpp
[20.350s] -- Up-to-date: /home/agilex/limo_ros2_ws/install/nav2_msgs/include/nav2_msgs/srv/detail/clear_costmap_around_robot__builder.hpp
[20.350s] -- Up-to-date: /home/agilex/limo_ros2_ws/install/nav2_msgs/include/nav2_msgs/srv/detail/get_costmap__struct.hpp
[20.350s] -- Up-to-date: /home/agilex/limo_ros2_ws/install/nav2_msgs/include/nav2_msgs/srv/detail/clear_costmap_except_region__traits.hpp
[20.351s] -- Up-to-date: /home/agilex/limo_ros2_ws/install/nav2_msgs/include/nav2_msgs/srv/detail/get_costmap__builder.hpp
[20.351s] -- Up-to-date: /home/agilex/limo_ros2_ws/install/nav2_msgs/include/nav2_msgs/srv/detail/clear_entire_costmap__struct.hpp
[20.351s] -- Up-to-date: /home/agilex/limo_ros2_ws/install/nav2_msgs/include/nav2_msgs/srv/detail/clear_costmap_around_robot__struct.hpp
[20.351s] -- Up-to-date: /home/agilex/limo_ros2_ws/install/nav2_msgs/include/nav2_msgs/srv/detail/manage_lifecycle_nodes__builder.hpp
[20.351s] -- Up-to-date: /home/agilex/limo_ros2_ws/install/nav2_msgs/include/nav2_msgs/srv/detail/save_map__builder.hpp
[20.351s] -- Up-to-date: /home/agilex/limo_ros2_ws/install/nav2_msgs/include/nav2_msgs/srv/detail/save_map__type_support.hpp
[20.351s] -- Up-to-date: /home/agilex/limo_ros2_ws/install/nav2_msgs/include/nav2_msgs/srv/detail/clear_costmap_except_region__type_support.hpp
[20.351s] -- Up-to-date: /home/agilex/limo_ros2_ws/install/nav2_msgs/include/nav2_msgs/srv/detail/clear_costmap_around_robot__type_support.hpp
[20.352s] -- Up-to-date: /home/agilex/limo_ros2_ws/install/nav2_msgs/include/nav2_msgs/srv/detail/manage_lifecycle_nodes__traits.hpp
[20.352s] -- Up-to-date: /home/agilex/limo_ros2_ws/install/nav2_msgs/include/nav2_msgs/srv/detail/clear_costmap_except_region__builder.hpp
[20.352s] -- Up-to-date: /home/agilex/limo_ros2_ws/install/nav2_msgs/include/nav2_msgs/srv/detail/clear_entire_costmap__type_support.hpp
[20.352s] -- Up-to-date: /home/agilex/limo_ros2_ws/install/nav2_msgs/include/nav2_msgs/srv/clear_costmap_except_region.hpp
[20.352s] -- Up-to-date: /home/agilex/limo_ros2_ws/install/nav2_msgs/include/nav2_msgs/srv/get_costmap.hpp
[20.352s] -- Up-to-date: /home/agilex/limo_ros2_ws/install/nav2_msgs/include/nav2_msgs/action
[20.352s] -- Up-to-date: /home/agilex/limo_ros2_ws/install/nav2_msgs/include/nav2_msgs/action/follow_path.hpp
[20.353s] -- Up-to-date: /home/agilex/limo_ros2_ws/install/nav2_msgs/include/nav2_msgs/action/back_up.hpp
[20.353s] -- Up-to-date: /home/agilex/limo_ros2_ws/install/nav2_msgs/include/nav2_msgs/action/wait.hpp
[20.353s] -- Up-to-date: /home/agilex/limo_ros2_ws/install/nav2_msgs/include/nav2_msgs/action/dummy_recovery.hpp
[20.353s] -- Up-to-date: /home/agilex/limo_ros2_ws/install/nav2_msgs/include/nav2_msgs/action/navigate_to_pose.hpp
[20.359s] -- Up-to-date: /home/agilex/limo_ros2_ws/install/nav2_msgs/include/nav2_msgs/action/spin.hpp
[20.359s] -- Up-to-date: /home/agilex/limo_ros2_ws/install/nav2_msgs/include/nav2_msgs/action/detail
[20.360s] -- Up-to-date: /home/agilex/limo_ros2_ws/install/nav2_msgs/include/nav2_msgs/action/detail/spin__builder.hpp
[20.360s] -- Up-to-date: /home/agilex/limo_ros2_ws/install/nav2_msgs/include/nav2_msgs/action/detail/dummy_recovery__traits.hpp
[20.360s] -- Up-to-date: /home/agilex/limo_ros2_ws/install/nav2_msgs/include/nav2_msgs/action/detail/wait__struct.hpp
[20.360s] -- Up-to-date: /home/agilex/limo_ros2_ws/install/nav2_msgs/include/nav2_msgs/action/detail/back_up__traits.hpp
[20.361s] -- Up-to-date: /home/agilex/limo_ros2_ws/install/nav2_msgs/include/nav2_msgs/action/detail/dummy_recovery__struct.hpp
[20.361s] -- Up-to-date: /home/agilex/limo_ros2_ws/install/nav2_msgs/include/nav2_msgs/action/detail/spin__struct.hpp
[20.361s] -- Up-to-date: /home/agilex/limo_ros2_ws/install/nav2_msgs/include/nav2_msgs/action/detail/spin__type_support.hpp
[20.361s] -- Up-to-date: /home/agilex/limo_ros2_ws/install/nav2_msgs/include/nav2_msgs/action/detail/wait__builder.hpp
[20.361s] -- Up-to-date: /home/agilex/limo_ros2_ws/install/nav2_msgs/include/nav2_msgs/action/detail/follow_path__struct.hpp
[20.361s] -- Up-to-date: /home/agilex/limo_ros2_ws/install/nav2_msgs/include/nav2_msgs/action/detail/follow_path__traits.hpp
[20.362s] -- Up-to-date: /home/agilex/limo_ros2_ws/install/nav2_msgs/include/nav2_msgs/action/detail/back_up__struct.hpp
[20.362s] -- Up-to-date: /home/agilex/limo_ros2_ws/install/nav2_msgs/include/nav2_msgs/action/detail/wait__traits.hpp
[20.362s] -- Up-to-date: /home/agilex/limo_ros2_ws/install/nav2_msgs/include/nav2_msgs/action/detail/dummy_recovery__type_support.hpp
[20.362s] -- Up-to-date: /home/agilex/limo_ros2_ws/install/nav2_msgs/include/nav2_msgs/action/detail/back_up__type_support.hpp
[20.362s] -- Up-to-date: /home/agilex/limo_ros2_ws/install/nav2_msgs/include/nav2_msgs/action/detail/dummy_recovery__builder.hpp
[20.363s] -- Up-to-date: /home/agilex/limo_ros2_ws/install/nav2_msgs/include/nav2_msgs/action/detail/follow_waypoints__type_support.hpp
[20.363s] -- Up-to-date: /home/agilex/limo_ros2_ws/install/nav2_msgs/include/nav2_msgs/action/detail/navigate_to_pose__struct.hpp
[20.363s] -- Up-to-date: /home/agilex/limo_ros2_ws/install/nav2_msgs/include/nav2_msgs/action/detail/compute_path_to_pose__traits.hpp
[20.363s] -- Up-to-date: /home/agilex/limo_ros2_ws/install/nav2_msgs/include/nav2_msgs/action/detail/navigate_to_pose__type_support.hpp
[20.363s] -- Up-to-date: /home/agilex/limo_ros2_ws/install/nav2_msgs/include/nav2_msgs/action/detail/follow_waypoints__traits.hpp
[20.363s] -- Up-to-date: /home/agilex/limo_ros2_ws/install/nav2_msgs/include/nav2_msgs/action/detail/follow_waypoints__builder.hpp
[20.363s] -- Up-to-date: /home/agilex/limo_ros2_ws/install/nav2_msgs/include/nav2_msgs/action/detail/navigate_to_pose__builder.hpp
[20.363s] -- Up-to-date: /home/agilex/limo_ros2_ws/install/nav2_msgs/include/nav2_msgs/action/detail/compute_path_to_pose__struct.hpp
[20.364s] -- Up-to-date: /home/agilex/limo_ros2_ws/install/nav2_msgs/include/nav2_msgs/action/detail/compute_path_to_pose__type_support.hpp
[20.364s] -- Up-to-date: /home/agilex/limo_ros2_ws/install/nav2_msgs/include/nav2_msgs/action/detail/follow_waypoints__struct.hpp
[20.364s] -- Up-to-date: /home/agilex/limo_ros2_ws/install/nav2_msgs/include/nav2_msgs/action/detail/compute_path_to_pose__builder.hpp
[20.364s] -- Up-to-date: /home/agilex/limo_ros2_ws/install/nav2_msgs/include/nav2_msgs/action/detail/spin__traits.hpp
[20.364s] -- Up-to-date: /home/agilex/limo_ros2_ws/install/nav2_msgs/include/nav2_msgs/action/detail/back_up__builder.hpp
[20.364s] -- Up-to-date: /home/agilex/limo_ros2_ws/install/nav2_msgs/include/nav2_msgs/action/detail/follow_path__builder.hpp
[20.364s] -- Up-to-date: /home/agilex/limo_ros2_ws/install/nav2_msgs/include/nav2_msgs/action/detail/navigate_to_pose__traits.hpp
[20.365s] -- Up-to-date: /home/agilex/limo_ros2_ws/install/nav2_msgs/include/nav2_msgs/action/detail/follow_path__type_support.hpp
[20.365s] -- Up-to-date: /home/agilex/limo_ros2_ws/install/nav2_msgs/include/nav2_msgs/action/detail/wait__type_support.hpp
[20.365s] -- Up-to-date: /home/agilex/limo_ros2_ws/install/nav2_msgs/include/nav2_msgs/action/compute_path_to_pose.hpp
[20.365s] -- Up-to-date: /home/agilex/limo_ros2_ws/install/nav2_msgs/include/nav2_msgs/action/follow_waypoints.hpp
[20.365s] -- Up-to-date: /home/agilex/limo_ros2_ws/install/nav2_msgs/include/nav2_msgs
[20.365s] -- Up-to-date: /home/agilex/limo_ros2_ws/install/nav2_msgs/include/nav2_msgs/msg
[20.365s] -- Up-to-date: /home/agilex/limo_ros2_ws/install/nav2_msgs/include/nav2_msgs/msg/detail
[20.366s] -- Up-to-date: /home/agilex/limo_ros2_ws/install/nav2_msgs/include/nav2_msgs/msg/detail/costmap__rosidl_typesupport_introspection_cpp.hpp
[20.366s] -- Up-to-date: /home/agilex/limo_ros2_ws/install/nav2_msgs/include/nav2_msgs/msg/detail/behavior_tree_status_change__rosidl_typesupport_introspection_cpp.hpp
[20.366s] -- Up-to-date: /home/agilex/limo_ros2_ws/install/nav2_msgs/include/nav2_msgs/msg/detail/voxel_grid__rosidl_typesupport_introspection_cpp.hpp
[20.366s] -- Up-to-date: /home/agilex/limo_ros2_ws/install/nav2_msgs/include/nav2_msgs/msg/detail/costmap__type_support.cpp
[20.366s] -- Up-to-date: /home/agilex/limo_ros2_ws/install/nav2_msgs/include/nav2_msgs/msg/detail/particle__rosidl_typesupport_introspection_cpp.hpp
[20.366s] -- Up-to-date: /home/agilex/limo_ros2_ws/install/nav2_msgs/include/nav2_msgs/msg/detail/costmap_meta_data__rosidl_typesupport_introspection_cpp.hpp
[20.367s] -- Up-to-date: /home/agilex/limo_ros2_ws/install/nav2_msgs/include/nav2_msgs/msg/detail/particle_cloud__type_support.cpp
[20.367s] -- Up-to-date: /home/agilex/limo_ros2_ws/install/nav2_msgs/include/nav2_msgs/msg/detail/particle__type_support.cpp
[20.367s] -- Up-to-date: /home/agilex/limo_ros2_ws/install/nav2_msgs/include/nav2_msgs/msg/detail/behavior_tree_log__rosidl_typesupport_introspection_cpp.hpp
[20.367s] -- Up-to-date: /home/agilex/limo_ros2_ws/install/nav2_msgs/include/nav2_msgs/msg/detail/voxel_grid__type_support.cpp
[20.367s] -- Up-to-date: /home/agilex/limo_ros2_ws/install/nav2_msgs/include/nav2_msgs/msg/detail/behavior_tree_status_change__type_support.cpp
[20.367s] -- Up-to-date: /home/agilex/limo_ros2_ws/install/nav2_msgs/include/nav2_msgs/msg/detail/particle_cloud__rosidl_typesupport_introspection_cpp.hpp
[20.367s] -- Up-to-date: /home/agilex/limo_ros2_ws/install/nav2_msgs/include/nav2_msgs/msg/detail/behavior_tree_log__type_support.cpp
[20.367s] -- Up-to-date: /home/agilex/limo_ros2_ws/install/nav2_msgs/include/nav2_msgs/msg/detail/costmap_meta_data__type_support.cpp
[20.368s] -- Up-to-date: /home/agilex/limo_ros2_ws/install/nav2_msgs/include/nav2_msgs/srv
[20.368s] -- Up-to-date: /home/agilex/limo_ros2_ws/install/nav2_msgs/include/nav2_msgs/srv/detail
[20.368s] -- Up-to-date: /home/agilex/limo_ros2_ws/install/nav2_msgs/include/nav2_msgs/srv/detail/save_map__type_support.cpp
[20.368s] -- Up-to-date: /home/agilex/limo_ros2_ws/install/nav2_msgs/include/nav2_msgs/srv/detail/clear_entire_costmap__rosidl_typesupport_introspection_cpp.hpp
[20.368s] -- Up-to-date: /home/agilex/limo_ros2_ws/install/nav2_msgs/include/nav2_msgs/srv/detail/load_map__type_support.cpp
[20.368s] -- Up-to-date: /home/agilex/limo_ros2_ws/install/nav2_msgs/include/nav2_msgs/srv/detail/clear_costmap_around_robot__type_support.cpp
[20.368s] -- Up-to-date: /home/agilex/limo_ros2_ws/install/nav2_msgs/include/nav2_msgs/srv/detail/clear_costmap_except_region__type_support.cpp
[20.369s] -- Up-to-date: /home/agilex/limo_ros2_ws/install/nav2_msgs/include/nav2_msgs/srv/detail/save_map__rosidl_typesupport_introspection_cpp.hpp
[20.369s] -- Up-to-date: /home/agilex/limo_ros2_ws/install/nav2_msgs/include/nav2_msgs/srv/detail/clear_costmap_except_region__rosidl_typesupport_introspection_cpp.hpp
[20.369s] -- Up-to-date: /home/agilex/limo_ros2_ws/install/nav2_msgs/include/nav2_msgs/srv/detail/get_costmap__type_support.cpp
[20.369s] -- Up-to-date: /home/agilex/limo_ros2_ws/install/nav2_msgs/include/nav2_msgs/srv/detail/get_costmap__rosidl_typesupport_introspection_cpp.hpp
[20.369s] -- Up-to-date: /home/agilex/limo_ros2_ws/install/nav2_msgs/include/nav2_msgs/srv/detail/load_map__rosidl_typesupport_introspection_cpp.hpp
[20.369s] -- Up-to-date: /home/agilex/limo_ros2_ws/install/nav2_msgs/include/nav2_msgs/srv/detail/manage_lifecycle_nodes__rosidl_typesupport_introspection_cpp.hpp
[20.369s] -- Up-to-date: /home/agilex/limo_ros2_ws/install/nav2_msgs/include/nav2_msgs/srv/detail/clear_costmap_around_robot__rosidl_typesupport_introspection_cpp.hpp
[20.370s] -- Up-to-date: /home/agilex/limo_ros2_ws/install/nav2_msgs/include/nav2_msgs/srv/detail/manage_lifecycle_nodes__type_support.cpp
[20.370s] -- Up-to-date: /home/agilex/limo_ros2_ws/install/nav2_msgs/include/nav2_msgs/srv/detail/clear_entire_costmap__type_support.cpp
[20.370s] -- Up-to-date: /home/agilex/limo_ros2_ws/install/nav2_msgs/include/nav2_msgs/action
[20.370s] -- Up-to-date: /home/agilex/limo_ros2_ws/install/nav2_msgs/include/nav2_msgs/action/detail
[20.370s] -- Up-to-date: /home/agilex/limo_ros2_ws/install/nav2_msgs/include/nav2_msgs/action/detail/dummy_recovery__rosidl_typesupport_introspection_cpp.hpp
[20.370s] -- Up-to-date: /home/agilex/limo_ros2_ws/install/nav2_msgs/include/nav2_msgs/action/detail/follow_waypoints__rosidl_typesupport_introspection_cpp.hpp
[20.374s] -- Up-to-date: /home/agilex/limo_ros2_ws/install/nav2_msgs/include/nav2_msgs/action/detail/follow_path__type_support.cpp
[20.374s] -- Up-to-date: /home/agilex/limo_ros2_ws/install/nav2_msgs/include/nav2_msgs/action/detail/follow_waypoints__type_support.cpp
[20.374s] -- Up-to-date: /home/agilex/limo_ros2_ws/install/nav2_msgs/include/nav2_msgs/action/detail/wait__rosidl_typesupport_introspection_cpp.hpp
[20.374s] -- Up-to-date: /home/agilex/limo_ros2_ws/install/nav2_msgs/include/nav2_msgs/action/detail/navigate_to_pose__type_support.cpp
[20.375s] -- Up-to-date: /home/agilex/limo_ros2_ws/install/nav2_msgs/include/nav2_msgs/action/detail/spin__type_support.cpp
[20.375s] -- Up-to-date: /home/agilex/limo_ros2_ws/install/nav2_msgs/include/nav2_msgs/action/detail/follow_path__rosidl_typesupport_introspection_cpp.hpp
[20.375s] -- Up-to-date: /home/agilex/limo_ros2_ws/install/nav2_msgs/include/nav2_msgs/action/detail/spin__rosidl_typesupport_introspection_cpp.hpp
[20.375s] -- Up-to-date: /home/agilex/limo_ros2_ws/install/nav2_msgs/include/nav2_msgs/action/detail/compute_path_to_pose__rosidl_typesupport_introspection_cpp.hpp
[20.375s] -- Up-to-date: /home/agilex/limo_ros2_ws/install/nav2_msgs/include/nav2_msgs/action/detail/back_up__rosidl_typesupport_introspection_cpp.hpp
[20.376s] -- Up-to-date: /home/agilex/limo_ros2_ws/install/nav2_msgs/include/nav2_msgs/action/detail/wait__type_support.cpp
[20.376s] -- Up-to-date: /home/agilex/limo_ros2_ws/install/nav2_msgs/include/nav2_msgs/action/detail/compute_path_to_pose__type_support.cpp
[20.376s] -- Up-to-date: /home/agilex/limo_ros2_ws/install/nav2_msgs/include/nav2_msgs/action/detail/back_up__type_support.cpp
[20.376s] -- Up-to-date: /home/agilex/limo_ros2_ws/install/nav2_msgs/include/nav2_msgs/action/detail/navigate_to_pose__rosidl_typesupport_introspection_cpp.hpp
[20.376s] -- Up-to-date: /home/agilex/limo_ros2_ws/install/nav2_msgs/include/nav2_msgs/action/detail/dummy_recovery__type_support.cpp
[20.376s] -- Up-to-date: /home/agilex/limo_ros2_ws/install/nav2_msgs/lib/libnav2_msgs__rosidl_typesupport_introspection_cpp.so
[20.376s] -- Up-to-date: /home/agilex/limo_ros2_ws/install/nav2_msgs/lib/libnav2_msgs__rosidl_typesupport_cpp.so
[20.377s] -- Up-to-date: /home/agilex/limo_ros2_ws/install/nav2_msgs/share/nav2_msgs/environment/pythonpath.sh
[20.377s] -- Installing: /home/agilex/limo_ros2_ws/install/nav2_msgs/share/nav2_msgs/environment/pythonpath.dsv
[20.378s] -- Installing: /home/agilex/limo_ros2_ws/install/nav2_msgs/lib/python3.8/site-packages/nav2_msgs/__init__.py
[20.378s] Compiling '/home/agilex/limo_ros2_ws/install/nav2_msgs/lib/python3.8/site-packages/nav2_msgs/__init__.py'...
[20.378s] -- Up-to-date: /home/agilex/limo_ros2_ws/install/nav2_msgs/lib/python3.8/site-packages/nav2_msgs/msg
[20.379s] -- Up-to-date: /home/agilex/limo_ros2_ws/install/nav2_msgs/lib/python3.8/site-packages/nav2_msgs/msg/_particle_cloud_s.c
[20.379s] -- Up-to-date: /home/agilex/limo_ros2_ws/install/nav2_msgs/lib/python3.8/site-packages/nav2_msgs/msg/_voxel_grid.py
[20.379s] -- Up-to-date: /home/agilex/limo_ros2_ws/install/nav2_msgs/lib/python3.8/site-packages/nav2_msgs/msg/_behavior_tree_log_s.c
[20.379s] -- Up-to-date: /home/agilex/limo_ros2_ws/install/nav2_msgs/lib/python3.8/site-packages/nav2_msgs/msg/_voxel_grid_s.c
[20.379s] -- Up-to-date: /home/agilex/limo_ros2_ws/install/nav2_msgs/lib/python3.8/site-packages/nav2_msgs/msg/_behavior_tree_status_change_s.c
[20.379s] -- Up-to-date: /home/agilex/limo_ros2_ws/install/nav2_msgs/lib/python3.8/site-packages/nav2_msgs/msg/_particle_s.c
[20.380s] -- Up-to-date: /home/agilex/limo_ros2_ws/install/nav2_msgs/lib/python3.8/site-packages/nav2_msgs/msg/__init__.py
[20.380s] -- Up-to-date: /home/agilex/limo_ros2_ws/install/nav2_msgs/lib/python3.8/site-packages/nav2_msgs/msg/_particle.py
[20.380s] -- Up-to-date: /home/agilex/limo_ros2_ws/install/nav2_msgs/lib/python3.8/site-packages/nav2_msgs/msg/_costmap_meta_data.py
[20.380s] -- Up-to-date: /home/agilex/limo_ros2_ws/install/nav2_msgs/lib/python3.8/site-packages/nav2_msgs/msg/_costmap_s.c
[20.380s] -- Up-to-date: /home/agilex/limo_ros2_ws/install/nav2_msgs/lib/python3.8/site-packages/nav2_msgs/msg/_particle_cloud.py
[20.380s] -- Up-to-date: /home/agilex/limo_ros2_ws/install/nav2_msgs/lib/python3.8/site-packages/nav2_msgs/msg/_costmap.py
[20.380s] -- Up-to-date: /home/agilex/limo_ros2_ws/install/nav2_msgs/lib/python3.8/site-packages/nav2_msgs/msg/_behavior_tree_status_change.py
[20.381s] -- Up-to-date: /home/agilex/limo_ros2_ws/install/nav2_msgs/lib/python3.8/site-packages/nav2_msgs/msg/_behavior_tree_log.py
[20.381s] -- Up-to-date: /home/agilex/limo_ros2_ws/install/nav2_msgs/lib/python3.8/site-packages/nav2_msgs/msg/_costmap_meta_data_s.c
[20.381s] -- Up-to-date: /home/agilex/limo_ros2_ws/install/nav2_msgs/lib/python3.8/site-packages/nav2_msgs/srv
[20.381s] -- Up-to-date: /home/agilex/limo_ros2_ws/install/nav2_msgs/lib/python3.8/site-packages/nav2_msgs/srv/_save_map_s.c
[20.381s] -- Up-to-date: /home/agilex/limo_ros2_ws/install/nav2_msgs/lib/python3.8/site-packages/nav2_msgs/srv/_clear_costmap_except_region_s.c
[20.381s] -- Up-to-date: /home/agilex/limo_ros2_ws/install/nav2_msgs/lib/python3.8/site-packages/nav2_msgs/srv/_clear_entire_costmap_s.c
[20.382s] -- Up-to-date: /home/agilex/limo_ros2_ws/install/nav2_msgs/lib/python3.8/site-packages/nav2_msgs/srv/_get_costmap_s.c
[20.382s] -- Up-to-date: /home/agilex/limo_ros2_ws/install/nav2_msgs/lib/python3.8/site-packages/nav2_msgs/srv/_clear_costmap_around_robot_s.c
[20.382s] -- Up-to-date: /home/agilex/limo_ros2_ws/install/nav2_msgs/lib/python3.8/site-packages/nav2_msgs/srv/__init__.py
[20.382s] -- Up-to-date: /home/agilex/limo_ros2_ws/install/nav2_msgs/lib/python3.8/site-packages/nav2_msgs/srv/_manage_lifecycle_nodes.py
[20.383s] -- Up-to-date: /home/agilex/limo_ros2_ws/install/nav2_msgs/lib/python3.8/site-packages/nav2_msgs/srv/_clear_entire_costmap.py
[20.383s] -- Up-to-date: /home/agilex/limo_ros2_ws/install/nav2_msgs/lib/python3.8/site-packages/nav2_msgs/srv/_clear_costmap_around_robot.py
[20.387s] -- Up-to-date: /home/agilex/limo_ros2_ws/install/nav2_msgs/lib/python3.8/site-packages/nav2_msgs/srv/_load_map.py
[20.388s] -- Up-to-date: /home/agilex/limo_ros2_ws/install/nav2_msgs/lib/python3.8/site-packages/nav2_msgs/srv/_clear_costmap_except_region.py
[20.388s] -- Up-to-date: /home/agilex/limo_ros2_ws/install/nav2_msgs/lib/python3.8/site-packages/nav2_msgs/srv/_get_costmap.py
[20.391s] -- Up-to-date: /home/agilex/limo_ros2_ws/install/nav2_msgs/lib/python3.8/site-packages/nav2_msgs/srv/_manage_lifecycle_nodes_s.c
[20.391s] -- Up-to-date: /home/agilex/limo_ros2_ws/install/nav2_msgs/lib/python3.8/site-packages/nav2_msgs/srv/_save_map.py
[20.392s] -- Up-to-date: /home/agilex/limo_ros2_ws/install/nav2_msgs/lib/python3.8/site-packages/nav2_msgs/srv/_load_map_s.c
[20.392s] -- Up-to-date: /home/agilex/limo_ros2_ws/install/nav2_msgs/lib/python3.8/site-packages/nav2_msgs/action
[20.392s] -- Up-to-date: /home/agilex/limo_ros2_ws/install/nav2_msgs/lib/python3.8/site-packages/nav2_msgs/action/_spin.py
[20.393s] -- Up-to-date: /home/agilex/limo_ros2_ws/install/nav2_msgs/lib/python3.8/site-packages/nav2_msgs/action/_follow_waypoints.py
[20.393s] -- Up-to-date: /home/agilex/limo_ros2_ws/install/nav2_msgs/lib/python3.8/site-packages/nav2_msgs/action/_wait.py
[20.394s] -- Up-to-date: /home/agilex/limo_ros2_ws/install/nav2_msgs/lib/python3.8/site-packages/nav2_msgs/action/_back_up_s.c
[20.394s] -- Up-to-date: /home/agilex/limo_ros2_ws/install/nav2_msgs/lib/python3.8/site-packages/nav2_msgs/action/_spin_s.c
[20.394s] -- Up-to-date: /home/agilex/limo_ros2_ws/install/nav2_msgs/lib/python3.8/site-packages/nav2_msgs/action/_follow_path.py
[20.395s] -- Up-to-date: /home/agilex/limo_ros2_ws/install/nav2_msgs/lib/python3.8/site-packages/nav2_msgs/action/_compute_path_to_pose_s.c
[20.395s] -- Up-to-date: /home/agilex/limo_ros2_ws/install/nav2_msgs/lib/python3.8/site-packages/nav2_msgs/action/_dummy_recovery.py
[20.396s] -- Up-to-date: /home/agilex/limo_ros2_ws/install/nav2_msgs/lib/python3.8/site-packages/nav2_msgs/action/_dummy_recovery_s.c
[20.396s] -- Up-to-date: /home/agilex/limo_ros2_ws/install/nav2_msgs/lib/python3.8/site-packages/nav2_msgs/action/_back_up.py
[20.397s] -- Up-to-date: /home/agilex/limo_ros2_ws/install/nav2_msgs/lib/python3.8/site-packages/nav2_msgs/action/_follow_waypoints_s.c
[20.397s] -- Up-to-date: /home/agilex/limo_ros2_ws/install/nav2_msgs/lib/python3.8/site-packages/nav2_msgs/action/__init__.py
[20.397s] -- Up-to-date: /home/agilex/limo_ros2_ws/install/nav2_msgs/lib/python3.8/site-packages/nav2_msgs/action/_wait_s.c
[20.398s] -- Up-to-date: /home/agilex/limo_ros2_ws/install/nav2_msgs/lib/python3.8/site-packages/nav2_msgs/action/_compute_path_to_pose.py
[20.398s] -- Up-to-date: /home/agilex/limo_ros2_ws/install/nav2_msgs/lib/python3.8/site-packages/nav2_msgs/action/_navigate_to_pose.py
[20.399s] -- Up-to-date: /home/agilex/limo_ros2_ws/install/nav2_msgs/lib/python3.8/site-packages/nav2_msgs/action/_navigate_to_pose_s.c
[20.399s] -- Up-to-date: /home/agilex/limo_ros2_ws/install/nav2_msgs/lib/python3.8/site-packages/nav2_msgs/action/_follow_path_s.c
[20.400s] -- Up-to-date: /home/agilex/limo_ros2_ws/install/nav2_msgs/lib/python3.8/site-packages/nav2_msgs/nav2_msgs_s__rosidl_typesupport_fastrtps_c.cpython-38-aarch64-linux-gnu.so
[20.400s] -- Up-to-date: /home/agilex/limo_ros2_ws/install/nav2_msgs/lib/python3.8/site-packages/nav2_msgs/nav2_msgs_s__rosidl_typesupport_introspection_c.cpython-38-aarch64-linux-gnu.so
[20.401s] -- Up-to-date: /home/agilex/limo_ros2_ws/install/nav2_msgs/lib/python3.8/site-packages/nav2_msgs/nav2_msgs_s__rosidl_typesupport_c.cpython-38-aarch64-linux-gnu.so
[20.401s] -- Up-to-date: /home/agilex/limo_ros2_ws/install/nav2_msgs/lib/libnav2_msgs__python.so
[20.402s] -- Up-to-date: /home/agilex/limo_ros2_ws/install/nav2_msgs/share/nav2_msgs/msg/Costmap.idl
[20.402s] -- Up-to-date: /home/agilex/limo_ros2_ws/install/nav2_msgs/share/nav2_msgs/msg/CostmapMetaData.idl
[20.403s] -- Up-to-date: /home/agilex/limo_ros2_ws/install/nav2_msgs/share/nav2_msgs/msg/VoxelGrid.idl
[20.403s] -- Up-to-date: /home/agilex/limo_ros2_ws/install/nav2_msgs/share/nav2_msgs/msg/BehaviorTreeStatusChange.idl
[20.404s] -- Up-to-date: /home/agilex/limo_ros2_ws/install/nav2_msgs/share/nav2_msgs/msg/BehaviorTreeLog.idl
[20.404s] -- Up-to-date: /home/agilex/limo_ros2_ws/install/nav2_msgs/share/nav2_msgs/msg/Particle.idl
[20.405s] -- Up-to-date: /home/agilex/limo_ros2_ws/install/nav2_msgs/share/nav2_msgs/msg/ParticleCloud.idl
[20.405s] -- Up-to-date: /home/agilex/limo_ros2_ws/install/nav2_msgs/share/nav2_msgs/srv/GetCostmap.idl
[20.405s] -- Up-to-date: /home/agilex/limo_ros2_ws/install/nav2_msgs/share/nav2_msgs/srv/ClearCostmapExceptRegion.idl
[20.406s] -- Up-to-date: /home/agilex/limo_ros2_ws/install/nav2_msgs/share/nav2_msgs/srv/ClearCostmapAroundRobot.idl
[20.406s] -- Up-to-date: /home/agilex/limo_ros2_ws/install/nav2_msgs/share/nav2_msgs/srv/ClearEntireCostmap.idl
[20.407s] -- Up-to-date: /home/agilex/limo_ros2_ws/install/nav2_msgs/share/nav2_msgs/srv/ManageLifecycleNodes.idl
[20.407s] -- Up-to-date: /home/agilex/limo_ros2_ws/install/nav2_msgs/share/nav2_msgs/srv/LoadMap.idl
[20.408s] -- Up-to-date: /home/agilex/limo_ros2_ws/install/nav2_msgs/share/nav2_msgs/srv/SaveMap.idl
[20.408s] -- Up-to-date: /home/agilex/limo_ros2_ws/install/nav2_msgs/share/nav2_msgs/action/BackUp.idl
[20.409s] -- Up-to-date: /home/agilex/limo_ros2_ws/install/nav2_msgs/share/nav2_msgs/action/ComputePathToPose.idl
[20.409s] -- Up-to-date: /home/agilex/limo_ros2_ws/install/nav2_msgs/share/nav2_msgs/action/FollowPath.idl
[20.409s] -- Up-to-date: /home/agilex/limo_ros2_ws/install/nav2_msgs/share/nav2_msgs/action/NavigateToPose.idl
[20.410s] -- Up-to-date: /home/agilex/limo_ros2_ws/install/nav2_msgs/share/nav2_msgs/action/Wait.idl
[20.410s] -- Up-to-date: /home/agilex/limo_ros2_ws/install/nav2_msgs/share/nav2_msgs/action/Spin.idl
[20.410s] -- Up-to-date: /home/agilex/limo_ros2_ws/install/nav2_msgs/share/nav2_msgs/action/DummyRecovery.idl
[20.411s] -- Up-to-date: /home/agilex/limo_ros2_ws/install/nav2_msgs/share/nav2_msgs/action/FollowWaypoints.idl
[20.411s] -- Up-to-date: /home/agilex/limo_ros2_ws/install/nav2_msgs/share/nav2_msgs/msg/Costmap.msg
[20.411s] -- Up-to-date: /home/agilex/limo_ros2_ws/install/nav2_msgs/share/nav2_msgs/msg/CostmapMetaData.msg
[20.412s] -- Up-to-date: /home/agilex/limo_ros2_ws/install/nav2_msgs/share/nav2_msgs/msg/VoxelGrid.msg
[20.412s] -- Up-to-date: /home/agilex/limo_ros2_ws/install/nav2_msgs/share/nav2_msgs/msg/BehaviorTreeStatusChange.msg
[20.412s] -- Up-to-date: /home/agilex/limo_ros2_ws/install/nav2_msgs/share/nav2_msgs/msg/BehaviorTreeLog.msg
[20.413s] -- Up-to-date: /home/agilex/limo_ros2_ws/install/nav2_msgs/share/nav2_msgs/msg/Particle.msg
[20.413s] -- Up-to-date: /home/agilex/limo_ros2_ws/install/nav2_msgs/share/nav2_msgs/msg/ParticleCloud.msg
[20.413s] -- Up-to-date: /home/agilex/limo_ros2_ws/install/nav2_msgs/share/nav2_msgs/srv/GetCostmap.srv
[20.414s] -- Up-to-date: /home/agilex/limo_ros2_ws/install/nav2_msgs/share/nav2_msgs/srv/GetCostmap_Request.msg
[20.414s] -- Up-to-date: /home/agilex/limo_ros2_ws/install/nav2_msgs/share/nav2_msgs/srv/GetCostmap_Response.msg
[20.414s] -- Up-to-date: /home/agilex/limo_ros2_ws/install/nav2_msgs/share/nav2_msgs/srv/ClearCostmapExceptRegion.srv
[20.415s] -- Up-to-date: /home/agilex/limo_ros2_ws/install/nav2_msgs/share/nav2_msgs/srv/ClearCostmapExceptRegion_Request.msg
[20.415s] -- Up-to-date: /home/agilex/limo_ros2_ws/install/nav2_msgs/share/nav2_msgs/srv/ClearCostmapExceptRegion_Response.msg
[20.426s] -- Up-to-date: /home/agilex/limo_ros2_ws/install/nav2_msgs/share/nav2_msgs/srv/ClearCostmapAroundRobot.srv
[20.426s] -- Up-to-date: /home/agilex/limo_ros2_ws/install/nav2_msgs/share/nav2_msgs/srv/ClearCostmapAroundRobot_Request.msg
[20.426s] -- Up-to-date: /home/agilex/limo_ros2_ws/install/nav2_msgs/share/nav2_msgs/srv/ClearCostmapAroundRobot_Response.msg
[20.427s] -- Up-to-date: /home/agilex/limo_ros2_ws/install/nav2_msgs/share/nav2_msgs/srv/ClearEntireCostmap.srv
[20.428s] -- Up-to-date: /home/agilex/limo_ros2_ws/install/nav2_msgs/share/nav2_msgs/srv/ClearEntireCostmap_Request.msg
[20.429s] -- Up-to-date: /home/agilex/limo_ros2_ws/install/nav2_msgs/share/nav2_msgs/srv/ClearEntireCostmap_Response.msg
[20.429s] -- Up-to-date: /home/agilex/limo_ros2_ws/install/nav2_msgs/share/nav2_msgs/srv/ManageLifecycleNodes.srv
[20.430s] -- Up-to-date: /home/agilex/limo_ros2_ws/install/nav2_msgs/share/nav2_msgs/srv/ManageLifecycleNodes_Request.msg
[20.430s] -- Up-to-date: /home/agilex/limo_ros2_ws/install/nav2_msgs/share/nav2_msgs/srv/ManageLifecycleNodes_Response.msg
[20.430s] -- Up-to-date: /home/agilex/limo_ros2_ws/install/nav2_msgs/share/nav2_msgs/srv/LoadMap.srv
[20.431s] -- Up-to-date: /home/agilex/limo_ros2_ws/install/nav2_msgs/share/nav2_msgs/srv/LoadMap_Request.msg
[20.431s] -- Up-to-date: /home/agilex/limo_ros2_ws/install/nav2_msgs/share/nav2_msgs/srv/LoadMap_Response.msg
[20.431s] -- Up-to-date: /home/agilex/limo_ros2_ws/install/nav2_msgs/share/nav2_msgs/srv/SaveMap.srv
[20.432s] -- Up-to-date: /home/agilex/limo_ros2_ws/install/nav2_msgs/share/nav2_msgs/srv/SaveMap_Request.msg
[20.432s] -- Up-to-date: /home/agilex/limo_ros2_ws/install/nav2_msgs/share/nav2_msgs/srv/SaveMap_Response.msg
[20.432s] -- Up-to-date: /home/agilex/limo_ros2_ws/install/nav2_msgs/share/nav2_msgs/action/BackUp.action
[20.453s] -- Up-to-date: /home/agilex/limo_ros2_ws/install/nav2_msgs/share/nav2_msgs/action/ComputePathToPose.action
[20.454s] -- Up-to-date: /home/agilex/limo_ros2_ws/install/nav2_msgs/share/nav2_msgs/action/FollowPath.action
[20.454s] -- Up-to-date: /home/agilex/limo_ros2_ws/install/nav2_msgs/share/nav2_msgs/action/NavigateToPose.action
[20.455s] -- Up-to-date: /home/agilex/limo_ros2_ws/install/nav2_msgs/share/nav2_msgs/action/Wait.action
[20.455s] -- Up-to-date: /home/agilex/limo_ros2_ws/install/nav2_msgs/share/nav2_msgs/action/Spin.action
[20.456s] -- Up-to-date: /home/agilex/limo_ros2_ws/install/nav2_msgs/share/nav2_msgs/action/DummyRecovery.action
[20.456s] -- Up-to-date: /home/agilex/limo_ros2_ws/install/nav2_msgs/share/nav2_msgs/action/FollowWaypoints.action
[20.456s] -- Up-to-date: /home/agilex/limo_ros2_ws/install/nav2_msgs/share/ament_index/resource_index/package_run_dependencies/nav2_msgs
[20.457s] -- Installing: /home/agilex/limo_ros2_ws/install/nav2_msgs/share/ament_index/resource_index/parent_prefix_path/nav2_msgs
[20.457s] -- Up-to-date: /home/agilex/limo_ros2_ws/install/nav2_msgs/share/nav2_msgs/environment/ament_prefix_path.sh
[20.457s] -- Installing: /home/agilex/limo_ros2_ws/install/nav2_msgs/share/nav2_msgs/environment/ament_prefix_path.dsv
[20.458s] -- Up-to-date: /home/agilex/limo_ros2_ws/install/nav2_msgs/share/nav2_msgs/environment/path.sh
[20.458s] -- Installing: /home/agilex/limo_ros2_ws/install/nav2_msgs/share/nav2_msgs/environment/path.dsv
[20.458s] -- Up-to-date: /home/agilex/limo_ros2_ws/install/nav2_msgs/share/nav2_msgs/local_setup.bash
[20.459s] -- Up-to-date: /home/agilex/limo_ros2_ws/install/nav2_msgs/share/nav2_msgs/local_setup.sh
[20.459s] -- Up-to-date: /home/agilex/limo_ros2_ws/install/nav2_msgs/share/nav2_msgs/local_setup.zsh
[20.459s] -- Installing: /home/agilex/limo_ros2_ws/install/nav2_msgs/share/nav2_msgs/local_setup.dsv
[20.460s] -- Installing: /home/agilex/limo_ros2_ws/install/nav2_msgs/share/nav2_msgs/package.dsv
[20.461s] -- Up-to-date: /home/agilex/limo_ros2_ws/install/nav2_msgs/share/ament_index/resource_index/packages/nav2_msgs
[20.461s] -- Up-to-date: /home/agilex/limo_ros2_ws/install/nav2_msgs/share/nav2_msgs/cmake/nav2_msgs__rosidl_generator_cExport.cmake
[20.462s] -- Installing: /home/agilex/limo_ros2_ws/install/nav2_msgs/share/nav2_msgs/cmake/nav2_msgs__rosidl_generator_cExport-release.cmake
[20.464s] -- Up-to-date: /home/agilex/limo_ros2_ws/install/nav2_msgs/share/nav2_msgs/cmake/nav2_msgs__rosidl_typesupport_introspection_cExport.cmake
[20.464s] -- Installing: /home/agilex/limo_ros2_ws/install/nav2_msgs/share/nav2_msgs/cmake/nav2_msgs__rosidl_typesupport_introspection_cExport-release.cmake
[20.464s] -- Up-to-date: /home/agilex/limo_ros2_ws/install/nav2_msgs/share/nav2_msgs/cmake/nav2_msgs__rosidl_typesupport_cExport.cmake
[20.465s] -- Installing: /home/agilex/limo_ros2_ws/install/nav2_msgs/share/nav2_msgs/cmake/nav2_msgs__rosidl_typesupport_cExport-release.cmake
[20.465s] -- Up-to-date: /home/agilex/limo_ros2_ws/install/nav2_msgs/share/nav2_msgs/cmake/nav2_msgs__rosidl_generator_cppExport.cmake
[20.465s] -- Up-to-date: /home/agilex/limo_ros2_ws/install/nav2_msgs/share/nav2_msgs/cmake/nav2_msgs__rosidl_typesupport_introspection_cppExport.cmake
[20.465s] -- Installing: /home/agilex/limo_ros2_ws/install/nav2_msgs/share/nav2_msgs/cmake/nav2_msgs__rosidl_typesupport_introspection_cppExport-release.cmake
[20.472s] -- Up-to-date: /home/agilex/limo_ros2_ws/install/nav2_msgs/share/nav2_msgs/cmake/nav2_msgs__rosidl_typesupport_cppExport.cmake
[20.472s] -- Installing: /home/agilex/limo_ros2_ws/install/nav2_msgs/share/nav2_msgs/cmake/nav2_msgs__rosidl_typesupport_cppExport-release.cmake
[20.473s] -- Up-to-date: /home/agilex/limo_ros2_ws/install/nav2_msgs/share/nav2_msgs/cmake/rosidl_cmake-extras.cmake
[20.473s] -- Up-to-date: /home/agilex/limo_ros2_ws/install/nav2_msgs/share/nav2_msgs/cmake/ament_cmake_export_dependencies-extras.cmake
[20.473s] -- Up-to-date: /home/agilex/limo_ros2_ws/install/nav2_msgs/share/nav2_msgs/cmake/ament_cmake_export_libraries-extras.cmake
[20.474s] -- Up-to-date: /home/agilex/limo_ros2_ws/install/nav2_msgs/share/nav2_msgs/cmake/ament_cmake_export_targets-extras.cmake
[20.474s] -- Up-to-date: /home/agilex/limo_ros2_ws/install/nav2_msgs/share/nav2_msgs/cmake/ament_cmake_export_include_directories-extras.cmake
[20.474s] -- Up-to-date: /home/agilex/limo_ros2_ws/install/nav2_msgs/share/nav2_msgs/cmake/rosidl_cmake_export_typesupport_libraries-extras.cmake
[20.475s] -- Up-to-date: /home/agilex/limo_ros2_ws/install/nav2_msgs/share/nav2_msgs/cmake/rosidl_cmake_export_typesupport_targets-extras.cmake
[20.475s] -- Up-to-date: /home/agilex/limo_ros2_ws/install/nav2_msgs/share/nav2_msgs/cmake/nav2_msgsConfig.cmake
[20.475s] -- Up-to-date: /home/agilex/limo_ros2_ws/install/nav2_msgs/share/nav2_msgs/cmake/nav2_msgsConfig-version.cmake
[20.476s] -- Up-to-date: /home/agilex/limo_ros2_ws/install/nav2_msgs/share/nav2_msgs/package.xml
[20.477s] Invoked command in '/home/agilex/limo_ros2_ws/build/nav2_msgs' returned '0': CMAKE_PREFIX_PATH=/home/agilex/limo_ros2_ws/install/nav2_common:/home/agilex/limo_ros2_ws/install/ydlidar_sdk:/home/agilex/limo_ros2_ws/install/ydlidar_ros2_driver:/home/agilex/limo_ros2_ws/install/teb_local_planner:/home/agilex/limo_ros2_ws/install/teb_msgs:/home/agilex/limo_ros2_ws/install/nav2_system_tests:/home/agilex/limo_ros2_ws/install/nav2_bringup:/home/agilex/limo_ros2_ws/install/navigation2:/home/agilex/limo_ros2_ws/install/smac_planner:/home/agilex/limo_ros2_ws/install/rf2o_laser_odometry:/home/agilex/limo_ros2_ws/install/orbbec_description:/home/agilex/limo_ros2_ws/install/orbbec_camera:/home/agilex/limo_ros2_ws/install/orbbec_camera_msgs:/home/agilex/limo_ros2_ws/install/nav2_dwb_controller:/home/agilex/limo_ros2_ws/install/nav2_controller:/home/agilex/limo_ros2_ws/install/dwb_plugins:/home/agilex/limo_ros2_ws/install/dwb_critics:/home/agilex/limo_ros2_ws/install/dwb_core:/home/agilex/limo_ros2_ws/install/nav_2d_utils:/home/agilex/limo_ros2_ws/install/dwb_msgs:/home/agilex/limo_ros2_ws/install/nav_2d_msgs:/home/agilex/limo_ros2_ws/install/nav2_waypoint_follower:/home/agilex/limo_ros2_ws/install/nav2_regulated_pure_pursuit_controller:/home/agilex/limo_ros2_ws/install/nav2_recoveries:/home/agilex/limo_ros2_ws/install/nav2_planner:/home/agilex/limo_ros2_ws/install/nav2_navfn_planner:/home/agilex/limo_ros2_ws/install/nav2_core:/home/agilex/limo_ros2_ws/install/costmap_queue:/home/agilex/limo_ros2_ws/install/costmap_converter:/home/agilex/limo_ros2_ws/install/nav2_costmap_2d:/home/agilex/limo_ros2_ws/install/nav2_voxel_grid:/home/agilex/limo_ros2_ws/install/nav2_rviz_plugins:/home/agilex/limo_ros2_ws/install/nav2_map_server:/home/agilex/limo_ros2_ws/install/nav2_lifecycle_manager:/home/agilex/limo_ros2_ws/install/nav2_bt_navigator:/home/agilex/limo_ros2_ws/install/nav2_behavior_tree:/home/agilex/limo_ros2_ws/install/nav2_amcl:/home/agilex/limo_ros2_ws/install/nav2_util:/home/agilex/limo_ros2_ws/install/nav2_msgs:/home/agilex/limo_ros2_ws/install/magic_enum:/home/agilex/limo_ros2_ws/install/limo_visions:/home/agilex/limo_ros2_ws/install/limo_bringup:/home/agilex/limo_ros2_ws/install/limo_base:/home/agilex/limo_ros2_ws/install/limo_msgs:/home/agilex/limo_ros2_ws/install/limo_description:/home/agilex/limo_ros2_ws/install/libuvc:/home/agilex/limo_ros2_ws/install/glog:/home/agilex/limo_ros2_ws/install/costmap_converter_msgs:/home/agilex/limo_ros2_ws/install/astra_camera_msgs:/home/agilex/limo_ros2_ws/install/nav2_gazebo_spawner:/opt/ros/foxy PYTHONPATH=/home/agilex/limo_ros2_ws/install/nav2_common/lib/python3.8/site-packages:/home/agilex/limo_ros2_ws/install/teb_msgs/lib/python3.8/site-packages:/home/agilex/limo_ros2_ws/install/orbbec_camera_msgs/lib/python3.8/site-packages:/home/agilex/limo_ros2_ws/install/dwb_msgs/lib/python3.8/site-packages:/home/agilex/limo_ros2_ws/install/nav_2d_msgs/lib/python3.8/site-packages:/home/agilex/limo_ros2_ws/install/nav2_msgs/lib/python3.8/site-packages:/home/agilex/limo_ros2_ws/install/nav2_gazebo_spawner/lib/python3.8/site-packages:/home/agilex/limo_ros2_ws/install/limo_msgs/lib/python3.8/site-packages:/home/agilex/limo_ros2_ws/install/costmap_converter_msgs/lib/python3.8/site-packages:/home/agilex/limo_ros2_ws/install/astra_camera_msgs/lib/python3.8/site-packages:/opt/ros/foxy/lib/python3.8/site-packages /usr/bin/cmake --install /home/agilex/limo_ros2_ws/build/nav2_msgs
