[0.162s] Invoking command in '/home/agilex/limo_ros2_ws/build/limo_description': CMAKE_PREFIX_PATH=${CMAKE_PREFIX_PATH}:/home/agilex/limo_ros2_ws/install/nav2_gazebo_spawner:/opt/ros/foxy /usr/bin/cmake --build /home/agilex/limo_ros2_ws/build/limo_description -- -j6 -l6
[0.569s] Invoked command in '/home/agilex/limo_ros2_ws/build/limo_description' returned '0': CMAKE_PREFIX_PATH=${CMAKE_PREFIX_PATH}:/home/agilex/limo_ros2_ws/install/nav2_gazebo_spawner:/opt/ros/foxy /usr/bin/cmake --build /home/agilex/limo_ros2_ws/build/limo_description -- -j6 -l6
[0.804s] Invoking command in '/home/agilex/limo_ros2_ws/build/limo_description': CMAKE_PREFIX_PATH=${CMAKE_PREFIX_PATH}:/home/agilex/limo_ros2_ws/install/nav2_gazebo_spawner:/opt/ros/foxy /usr/bin/cmake --install /home/agilex/limo_ros2_ws/build/limo_description
[0.833s] -- Install configuration: ""
[0.834s] -- Up-to-date: /home/agilex/limo_ros2_ws/install/limo_description/share/limo_description/launch
[0.835s] -- Up-to-date: /home/agilex/limo_ros2_ws/install/limo_description/share/limo_description/launch/gazebo_models_diff.launch.py
[0.835s] -- Up-to-date: /home/agilex/limo_ros2_ws/install/limo_description/share/limo_description/launch/display_models_diff.launch.py
[0.835s] -- Up-to-date: /home/agilex/limo_ros2_ws/install/limo_description/share/limo_description/meshes
[0.835s] -- Up-to-date: /home/agilex/limo_ros2_ws/install/limo_description/share/limo_description/meshes/limo_wheel.stl
[0.835s] -- Up-to-date: /home/agilex/limo_ros2_ws/install/limo_description/share/limo_description/meshes/limo_base.dae
[0.835s] -- Up-to-date: /home/agilex/limo_ros2_ws/install/limo_description/share/limo_description/meshes/limo_wheel.dae
[0.835s] -- Up-to-date: /home/agilex/limo_ros2_ws/install/limo_description/share/limo_description/meshes/limo_base.stl
[0.836s] -- Up-to-date: /home/agilex/limo_ros2_ws/install/limo_description/share/limo_description/rviz
[0.836s] -- Up-to-date: /home/agilex/limo_ros2_ws/install/limo_description/share/limo_description/rviz/model_display.rviz
[0.836s] -- Up-to-date: /home/agilex/limo_ros2_ws/install/limo_description/share/limo_description/rviz/urdf.rviz
[0.836s] -- Up-to-date: /home/agilex/limo_ros2_ws/install/limo_description/share/limo_description/urdf
[0.836s] -- Up-to-date: /home/agilex/limo_ros2_ws/install/limo_description/share/limo_description/urdf/limo_gazebo.gazebo
[0.836s] -- Up-to-date: /home/agilex/limo_ros2_ws/install/limo_description/share/limo_description/urdf/limo_ackerman.xacro
[0.836s] -- Up-to-date: /home/agilex/limo_ros2_ws/install/limo_description/share/limo_description/urdf/limo_ackerman.gazebo
[0.837s] -- Up-to-date: /home/agilex/limo_ros2_ws/install/limo_description/share/limo_description/urdf/limo_xacro.xacro
[0.838s] -- Up-to-date: /home/agilex/limo_ros2_ws/install/limo_description/share/limo_description/urdf/limo_steering_hinge.xacro
[0.838s] -- Up-to-date: /home/agilex/limo_ros2_ws/install/limo_description/share/limo_description/urdf/limo_four_diff.xacro
[0.838s] -- Up-to-date: /home/agilex/limo_ros2_ws/install/limo_description/share/limo_description/urdf/limo_four_diff.gazebo
[0.839s] -- Up-to-date: /home/agilex/limo_ros2_ws/install/limo_description/share/limo_description/urdf/limo_four_diff_2.gazebo
[0.844s] -- Up-to-date: /home/agilex/limo_ros2_ws/install/limo_description/share/ament_index/resource_index/package_run_dependencies/limo_description
[0.845s] -- Up-to-date: /home/agilex/limo_ros2_ws/install/limo_description/share/ament_index/resource_index/parent_prefix_path/limo_description
[0.845s] -- Up-to-date: /home/agilex/limo_ros2_ws/install/limo_description/share/limo_description/environment/ament_prefix_path.sh
[0.845s] -- Up-to-date: /home/agilex/limo_ros2_ws/install/limo_description/share/limo_description/environment/ament_prefix_path.dsv
[0.845s] -- Up-to-date: /home/agilex/limo_ros2_ws/install/limo_description/share/limo_description/environment/path.sh
[0.846s] -- Up-to-date: /home/agilex/limo_ros2_ws/install/limo_description/share/limo_description/environment/path.dsv
[0.846s] -- Up-to-date: /home/agilex/limo_ros2_ws/install/limo_description/share/limo_description/local_setup.bash
[0.846s] -- Up-to-date: /home/agilex/limo_ros2_ws/install/limo_description/share/limo_description/local_setup.sh
[0.846s] -- Up-to-date: /home/agilex/limo_ros2_ws/install/limo_description/share/limo_description/local_setup.zsh
[0.846s] -- Up-to-date: /home/agilex/limo_ros2_ws/install/limo_description/share/limo_description/local_setup.dsv
[0.846s] -- Installing: /home/agilex/limo_ros2_ws/install/limo_description/share/limo_description/package.dsv
[0.846s] -- Up-to-date: /home/agilex/limo_ros2_ws/install/limo_description/share/ament_index/resource_index/packages/limo_description
[0.847s] -- Up-to-date: /home/agilex/limo_ros2_ws/install/limo_description/share/limo_description/cmake/limo_descriptionConfig.cmake
[0.847s] -- Up-to-date: /home/agilex/limo_ros2_ws/install/limo_description/share/limo_description/cmake/limo_descriptionConfig-version.cmake
[0.847s] -- Up-to-date: /home/agilex/limo_ros2_ws/install/limo_description/share/limo_description/package.xml
[0.847s] Invoked command in '/home/agilex/limo_ros2_ws/build/limo_description' returned '0': CMAKE_PREFIX_PATH=${CMAKE_PREFIX_PATH}:/home/agilex/limo_ros2_ws/install/nav2_gazebo_spawner:/opt/ros/foxy /usr/bin/cmake --install /home/agilex/limo_ros2_ws/build/limo_description
