[0.043s] Invoking command in '/home/agilex/limo_ros2_ws/build/rf2o_laser_odometry': CMAKE_PREFIX_PATH=${CMAKE_PREFIX_PATH}:/home/agilex/limo_ros2_ws/install/nav2_gazebo_spawner:/opt/ros/foxy /usr/bin/cmake /home/agilex/limo_ros2_ws/src/rf2o_laser_odometry -DCMAKE_INSTALL_PREFIX=/home/agilex/limo_ros2_ws/install/rf2o_laser_odometry
[0.107s] -- Found ament_cmake: 0.9.12 (/opt/ros/foxy/share/ament_cmake/cmake)
[0.173s] -- Using PYTHON_EXECUTABLE: /usr/bin/python3
[0.622s] -- Found rclcpp: 2.4.3 (/opt/ros/foxy/share/rclcpp/cmake)
[0.717s] -- Using all available rosidl_typesupport_c: rosidl_typesupport_fastrtps_c;rosidl_typesupport_introspection_c
[0.725s] -- Found rosidl_adapter: 1.3.1 (/opt/ros/foxy/share/rosidl_adapter/cmake)
[1.058s] -- Using all available rosidl_typesupport_cpp: rosidl_typesupport_fastrtps_cpp;rosidl_typesupport_introspection_cpp
[1.169s] -- Found rmw_implementation_cmake: 1.0.4 (/opt/ros/foxy/share/rmw_implementation_cmake/cmake)
[1.177s] -- Using RMW implementation 'rmw_fastrtps_cpp' as default
[1.492s] -- Found geometry_msgs: 2.0.5 (/opt/ros/foxy/share/geometry_msgs/cmake)
[1.559s] -- Found tf2_geometry_msgs: 0.13.14 (/opt/ros/foxy/share/tf2_geometry_msgs/cmake)
[1.571s] -- Found eigen3_cmake_module: 0.1.1 (/opt/ros/foxy/share/eigen3_cmake_module/cmake)
[2.317s] -- Found sensor_msgs: 2.0.5 (/opt/ros/foxy/share/sensor_msgs/cmake)
[2.455s] -- Found nav_msgs: 2.0.5 (/opt/ros/foxy/share/nav_msgs/cmake)
[2.778s] -- Configuring done
[2.829s] -- Generating done
[2.834s] -- Build files have been written to: /home/agilex/limo_ros2_ws/build/rf2o_laser_odometry
[2.864s] Invoked command in '/home/agilex/limo_ros2_ws/build/rf2o_laser_odometry' returned '0': CMAKE_PREFIX_PATH=${CMAKE_PREFIX_PATH}:/home/agilex/limo_ros2_ws/install/nav2_gazebo_spawner:/opt/ros/foxy /usr/bin/cmake /home/agilex/limo_ros2_ws/src/rf2o_laser_odometry -DCMAKE_INSTALL_PREFIX=/home/agilex/limo_ros2_ws/install/rf2o_laser_odometry
[2.872s] Invoking command in '/home/agilex/limo_ros2_ws/build/rf2o_laser_odometry': CMAKE_PREFIX_PATH=${CMAKE_PREFIX_PATH}:/home/agilex/limo_ros2_ws/install/nav2_gazebo_spawner:/opt/ros/foxy /usr/bin/cmake --build /home/agilex/limo_ros2_ws/build/rf2o_laser_odometry -- -j6 -l6
[3.072s] [ 40%] Built target rf2o_laser_odometry
[3.098s] [100%] Built target rf2o_laser_odometry_node
[3.151s] Invoked command in '/home/agilex/limo_ros2_ws/build/rf2o_laser_odometry' returned '0': CMAKE_PREFIX_PATH=${CMAKE_PREFIX_PATH}:/home/agilex/limo_ros2_ws/install/nav2_gazebo_spawner:/opt/ros/foxy /usr/bin/cmake --build /home/agilex/limo_ros2_ws/build/rf2o_laser_odometry -- -j6 -l6
[3.258s] Invoking command in '/home/agilex/limo_ros2_ws/build/rf2o_laser_odometry': CMAKE_PREFIX_PATH=${CMAKE_PREFIX_PATH}:/home/agilex/limo_ros2_ws/install/nav2_gazebo_spawner:/opt/ros/foxy /usr/bin/cmake --install /home/agilex/limo_ros2_ws/build/rf2o_laser_odometry
[3.300s] -- Install configuration: "Release"
[3.303s] -- Up-to-date: /home/agilex/limo_ros2_ws/install/rf2o_laser_odometry/lib/rf2o_laser_odometry/rf2o_laser_odometry_node
[3.303s] -- Up-to-date: /home/agilex/limo_ros2_ws/install/rf2o_laser_odometry/share/rf2o_laser_odometry/launch
[3.304s] -- Up-to-date: /home/agilex/limo_ros2_ws/install/rf2o_laser_odometry/share/rf2o_laser_odometry/launch/rf2o_laser_odometry.launch.py
[3.304s] -- Up-to-date: /home/agilex/limo_ros2_ws/install/rf2o_laser_odometry/share/ament_index/resource_index/package_run_dependencies/rf2o_laser_odometry
[3.304s] -- Up-to-date: /home/agilex/limo_ros2_ws/install/rf2o_laser_odometry/share/ament_index/resource_index/parent_prefix_path/rf2o_laser_odometry
[3.304s] -- Up-to-date: /home/agilex/limo_ros2_ws/install/rf2o_laser_odometry/share/rf2o_laser_odometry/environment/ament_prefix_path.sh
[3.304s] -- Installing: /home/agilex/limo_ros2_ws/install/rf2o_laser_odometry/share/rf2o_laser_odometry/environment/ament_prefix_path.dsv
[3.304s] -- Up-to-date: /home/agilex/limo_ros2_ws/install/rf2o_laser_odometry/share/rf2o_laser_odometry/environment/path.sh
[3.304s] -- Installing: /home/agilex/limo_ros2_ws/install/rf2o_laser_odometry/share/rf2o_laser_odometry/environment/path.dsv
[3.304s] -- Up-to-date: /home/agilex/limo_ros2_ws/install/rf2o_laser_odometry/share/rf2o_laser_odometry/local_setup.bash
[3.305s] -- Up-to-date: /home/agilex/limo_ros2_ws/install/rf2o_laser_odometry/share/rf2o_laser_odometry/local_setup.sh
[3.305s] -- Up-to-date: /home/agilex/limo_ros2_ws/install/rf2o_laser_odometry/share/rf2o_laser_odometry/local_setup.zsh
[3.305s] -- Installing: /home/agilex/limo_ros2_ws/install/rf2o_laser_odometry/share/rf2o_laser_odometry/local_setup.dsv
[3.305s] -- Installing: /home/agilex/limo_ros2_ws/install/rf2o_laser_odometry/share/rf2o_laser_odometry/package.dsv
[3.305s] -- Up-to-date: /home/agilex/limo_ros2_ws/install/rf2o_laser_odometry/share/ament_index/resource_index/packages/rf2o_laser_odometry
[3.306s] -- Up-to-date: /home/agilex/limo_ros2_ws/install/rf2o_laser_odometry/share/rf2o_laser_odometry/cmake/rf2o_laser_odometryConfig.cmake
[3.306s] -- Up-to-date: /home/agilex/limo_ros2_ws/install/rf2o_laser_odometry/share/rf2o_laser_odometry/cmake/rf2o_laser_odometryConfig-version.cmake
[3.306s] -- Up-to-date: /home/agilex/limo_ros2_ws/install/rf2o_laser_odometry/share/rf2o_laser_odometry/package.xml
[3.309s] Invoked command in '/home/agilex/limo_ros2_ws/build/rf2o_laser_odometry' returned '0': CMAKE_PREFIX_PATH=${CMAKE_PREFIX_PATH}:/home/agilex/limo_ros2_ws/install/nav2_gazebo_spawner:/opt/ros/foxy /usr/bin/cmake --install /home/agilex/limo_ros2_ws/build/rf2o_laser_odometry
