[0.118s] Invoking command in '/home/agilex/limo_ros2_ws/build/nav2_msgs': CMAKE_PREFIX_PATH=/home/agilex/limo_ros2_ws/install/nav2_common:/home/agilex/limo_ros2_ws/install/ydlidar_sdk:/home/agilex/limo_ros2_ws/install/ydlidar_ros2_driver:/home/agilex/limo_ros2_ws/install/teb_local_planner:/home/agilex/limo_ros2_ws/install/teb_msgs:/home/agilex/limo_ros2_ws/install/nav2_system_tests:/home/agilex/limo_ros2_ws/install/nav2_bringup:/home/agilex/limo_ros2_ws/install/navigation2:/home/agilex/limo_ros2_ws/install/smac_planner:/home/agilex/limo_ros2_ws/install/rf2o_laser_odometry:/home/agilex/limo_ros2_ws/install/nav2_dwb_controller:/home/agilex/limo_ros2_ws/install/nav2_controller:/home/agilex/limo_ros2_ws/install/dwb_plugins:/home/agilex/limo_ros2_ws/install/dwb_critics:/home/agilex/limo_ros2_ws/install/dwb_core:/home/agilex/limo_ros2_ws/install/nav_2d_utils:/home/agilex/limo_ros2_ws/install/dwb_msgs:/home/agilex/limo_ros2_ws/install/nav_2d_msgs:/home/agilex/limo_ros2_ws/install/nav2_waypoint_follower:/home/agilex/limo_ros2_ws/install/nav2_regulated_pure_pursuit_controller:/home/agilex/limo_ros2_ws/install/nav2_recoveries:/home/agilex/limo_ros2_ws/install/nav2_planner:/home/agilex/limo_ros2_ws/install/nav2_navfn_planner:/home/agilex/limo_ros2_ws/install/nav2_core:/home/agilex/limo_ros2_ws/install/costmap_queue:/home/agilex/limo_ros2_ws/install/costmap_converter:/home/agilex/limo_ros2_ws/install/nav2_costmap_2d:/home/agilex/limo_ros2_ws/install/nav2_voxel_grid:/home/agilex/limo_ros2_ws/install/nav2_rviz_plugins:/home/agilex/limo_ros2_ws/install/nav2_map_server:/home/agilex/limo_ros2_ws/install/nav2_lifecycle_manager:/home/agilex/limo_ros2_ws/install/nav2_bt_navigator:/home/agilex/limo_ros2_ws/install/nav2_behavior_tree:/home/agilex/limo_ros2_ws/install/nav2_amcl:/home/agilex/limo_ros2_ws/install/nav2_util:/home/agilex/limo_ros2_ws/install/nav2_msgs:/home/agilex/limo_ros2_ws/install/mypalletizer_interfaces:/home/agilex/limo_ros2_ws/install/mycobot_interfaces:/home/agilex/limo_ros2_ws/install/mecharm_interfaces:/home/agilex/limo_ros2_ws/install/magic_enum:/home/agilex/limo_ros2_ws/install/limo_bringup:/home/agilex/limo_ros2_ws/install/limo_base:/home/agilex/limo_ros2_ws/install/limo_msgs:/home/agilex/limo_ros2_ws/install/limo_description:/home/agilex/limo_ros2_ws/install/libuvc:/home/agilex/limo_ros2_ws/install/glog:/home/agilex/limo_ros2_ws/install/costmap_converter_msgs:/home/agilex/limo_ros2_ws/install/astra_camera:/home/agilex/limo_ros2_ws/install/astra_camera_msgs:/home/agilex/limo_ros2_ws/install/ultraarm:/home/agilex/limo_ros2_ws/install/nav2_gazebo_spawner:/home/agilex/limo_ros2_ws/install/mypalletizer_260_pi:/home/agilex/limo_ros2_ws/install/mypalletizer_260:/home/agilex/limo_ros2_ws/install/mypalletizer_communication:/home/agilex/limo_ros2_ws/install/mycobot_630:/home/agilex/limo_ros2_ws/install/mycobot_600:/home/agilex/limo_ros2_ws/install/mycobot_320pi:/home/agilex/limo_ros2_ws/install/mycobot_320:/home/agilex/limo_ros2_ws/install/mycobot_280pi:/home/agilex/limo_ros2_ws/install/mycobot_280jn:/home/agilex/limo_ros2_ws/install/mycobot_280_x3pi:/home/agilex/limo_ros2_ws/install/mycobot_280:/home/agilex/limo_ros2_ws/install/myarm_300:/home/agilex/limo_ros2_ws/install/mycobot_communication:/home/agilex/limo_ros2_ws/install/mecharm_pi:/home/agilex/limo_ros2_ws/install/mecharm:/home/agilex/limo_ros2_ws/install/mecharm_communication:/home/agilex/limo_ros2_ws/install/mybuddy:/home/agilex/limo_ros2_ws/install/mycobot_description:/opt/ros/foxy PYTHONPATH=/home/agilex/limo_ros2_ws/install/nav2_common/lib/python3.8/site-packages:/home/agilex/limo_ros2_ws/install/ultraarm/lib/python3.8/site-packages:/home/agilex/limo_ros2_ws/install/teb_msgs/lib/python3.8/site-packages:/home/agilex/limo_ros2_ws/install/dwb_msgs/lib/python3.8/site-packages:/home/agilex/limo_ros2_ws/install/nav_2d_msgs/lib/python3.8/site-packages:/home/agilex/limo_ros2_ws/install/nav2_msgs/lib/python3.8/site-packages:/home/agilex/limo_ros2_ws/install/nav2_gazebo_spawner/lib/python3.8/site-packages:/home/agilex/limo_ros2_ws/install/mypalletizer_260_pi/lib/python3.8/site-packages:/home/agilex/limo_ros2_ws/install/mypalletizer_260/lib/python3.8/site-packages:/home/agilex/limo_ros2_ws/install/mypalletizer_communication/lib/python3.8/site-packages:/home/agilex/limo_ros2_ws/install/mypalletizer_interfaces/lib/python3.8/site-packages:/home/agilex/limo_ros2_ws/install/mycobot_630/lib/python3.8/site-packages:/home/agilex/limo_ros2_ws/install/mycobot_600/lib/python3.8/site-packages:/home/agilex/limo_ros2_ws/install/mycobot_320pi/lib/python3.8/site-packages:/home/agilex/limo_ros2_ws/install/mycobot_320/lib/python3.8/site-packages:/home/agilex/limo_ros2_ws/install/mycobot_280pi/lib/python3.8/site-packages:/home/agilex/limo_ros2_ws/install/mycobot_280jn/lib/python3.8/site-packages:/home/agilex/limo_ros2_ws/install/mycobot_280_x3pi/lib/python3.8/site-packages:/home/agilex/limo_ros2_ws/install/mycobot_280/lib/python3.8/site-packages:/home/agilex/limo_ros2_ws/install/myarm_300/lib/python3.8/site-packages:/home/agilex/limo_ros2_ws/install/mycobot_communication/lib/python3.8/site-packages:/home/agilex/limo_ros2_ws/install/mecharm_pi/lib/python3.8/site-packages:/home/agilex/limo_ros2_ws/install/mecharm/lib/python3.8/site-packages:/home/agilex/limo_ros2_ws/install/mecharm_communication/lib/python3.8/site-packages:/home/agilex/limo_ros2_ws/install/mycobot_interfaces/lib/python3.8/site-packages:/home/agilex/limo_ros2_ws/install/mybuddy/lib/python3.8/site-packages:/home/agilex/limo_ros2_ws/install/mycobot_description/lib/python3.8/site-packages:/home/agilex/limo_ros2_ws/install/mecharm_interfaces/lib/python3.8/site-packages:/home/agilex/limo_ros2_ws/install/limo_msgs/lib/python3.8/site-packages:/home/agilex/limo_ros2_ws/install/costmap_converter_msgs/lib/python3.8/site-packages:/home/agilex/limo_ros2_ws/install/astra_camera_msgs/lib/python3.8/site-packages:/opt/ros/foxy/lib/python3.8/site-packages /usr/bin/cmake --build /home/agilex/limo_ros2_ws/build/nav2_msgs -- -j6 -l6
[0.378s] [  0%] Built target nav2_msgs__cpp
[0.389s] [ 12%] Built target nav2_msgs__rosidl_generator_c
[0.552s] [ 24%] Built target nav2_msgs__rosidl_typesupport_cpp
[0.570s] [ 37%] Built target nav2_msgs__rosidl_typesupport_introspection_cpp
[0.577s] [ 49%] Built target nav2_msgs__rosidl_typesupport_c
[0.591s] [ 61%] Built target nav2_msgs__rosidl_typesupport_fastrtps_cpp
[0.635s] [ 73%] Built target nav2_msgs__rosidl_typesupport_introspection_c
[0.768s] [ 85%] Built target nav2_msgs__rosidl_typesupport_fastrtps_c
[0.901s] [ 85%] Built target nav2_msgs
[1.021s] [ 86%] Built target nav2_msgs__py
[1.188s] [ 97%] Built target nav2_msgs__python
[1.328s] [ 98%] Built target nav2_msgs__rosidl_typesupport_c__pyext
[1.333s] [ 99%] Built target nav2_msgs__rosidl_typesupport_introspection_c__pyext
[1.349s] [100%] Built target nav2_msgs__rosidl_typesupport_fastrtps_c__pyext
[1.439s] Invoked command in '/home/agilex/limo_ros2_ws/build/nav2_msgs' returned '0': CMAKE_PREFIX_PATH=/home/agilex/limo_ros2_ws/install/nav2_common:/home/agilex/limo_ros2_ws/install/ydlidar_sdk:/home/agilex/limo_ros2_ws/install/ydlidar_ros2_driver:/home/agilex/limo_ros2_ws/install/teb_local_planner:/home/agilex/limo_ros2_ws/install/teb_msgs:/home/agilex/limo_ros2_ws/install/nav2_system_tests:/home/agilex/limo_ros2_ws/install/nav2_bringup:/home/agilex/limo_ros2_ws/install/navigation2:/home/agilex/limo_ros2_ws/install/smac_planner:/home/agilex/limo_ros2_ws/install/rf2o_laser_odometry:/home/agilex/limo_ros2_ws/install/nav2_dwb_controller:/home/agilex/limo_ros2_ws/install/nav2_controller:/home/agilex/limo_ros2_ws/install/dwb_plugins:/home/agilex/limo_ros2_ws/install/dwb_critics:/home/agilex/limo_ros2_ws/install/dwb_core:/home/agilex/limo_ros2_ws/install/nav_2d_utils:/home/agilex/limo_ros2_ws/install/dwb_msgs:/home/agilex/limo_ros2_ws/install/nav_2d_msgs:/home/agilex/limo_ros2_ws/install/nav2_waypoint_follower:/home/agilex/limo_ros2_ws/install/nav2_regulated_pure_pursuit_controller:/home/agilex/limo_ros2_ws/install/nav2_recoveries:/home/agilex/limo_ros2_ws/install/nav2_planner:/home/agilex/limo_ros2_ws/install/nav2_navfn_planner:/home/agilex/limo_ros2_ws/install/nav2_core:/home/agilex/limo_ros2_ws/install/costmap_queue:/home/agilex/limo_ros2_ws/install/costmap_converter:/home/agilex/limo_ros2_ws/install/nav2_costmap_2d:/home/agilex/limo_ros2_ws/install/nav2_voxel_grid:/home/agilex/limo_ros2_ws/install/nav2_rviz_plugins:/home/agilex/limo_ros2_ws/install/nav2_map_server:/home/agilex/limo_ros2_ws/install/nav2_lifecycle_manager:/home/agilex/limo_ros2_ws/install/nav2_bt_navigator:/home/agilex/limo_ros2_ws/install/nav2_behavior_tree:/home/agilex/limo_ros2_ws/install/nav2_amcl:/home/agilex/limo_ros2_ws/install/nav2_util:/home/agilex/limo_ros2_ws/install/nav2_msgs:/home/agilex/limo_ros2_ws/install/mypalletizer_interfaces:/home/agilex/limo_ros2_ws/install/mycobot_interfaces:/home/agilex/limo_ros2_ws/install/mecharm_interfaces:/home/agilex/limo_ros2_ws/install/magic_enum:/home/agilex/limo_ros2_ws/install/limo_bringup:/home/agilex/limo_ros2_ws/install/limo_base:/home/agilex/limo_ros2_ws/install/limo_msgs:/home/agilex/limo_ros2_ws/install/limo_description:/home/agilex/limo_ros2_ws/install/libuvc:/home/agilex/limo_ros2_ws/install/glog:/home/agilex/limo_ros2_ws/install/costmap_converter_msgs:/home/agilex/limo_ros2_ws/install/astra_camera:/home/agilex/limo_ros2_ws/install/astra_camera_msgs:/home/agilex/limo_ros2_ws/install/ultraarm:/home/agilex/limo_ros2_ws/install/nav2_gazebo_spawner:/home/agilex/limo_ros2_ws/install/mypalletizer_260_pi:/home/agilex/limo_ros2_ws/install/mypalletizer_260:/home/agilex/limo_ros2_ws/install/mypalletizer_communication:/home/agilex/limo_ros2_ws/install/mycobot_630:/home/agilex/limo_ros2_ws/install/mycobot_600:/home/agilex/limo_ros2_ws/install/mycobot_320pi:/home/agilex/limo_ros2_ws/install/mycobot_320:/home/agilex/limo_ros2_ws/install/mycobot_280pi:/home/agilex/limo_ros2_ws/install/mycobot_280jn:/home/agilex/limo_ros2_ws/install/mycobot_280_x3pi:/home/agilex/limo_ros2_ws/install/mycobot_280:/home/agilex/limo_ros2_ws/install/myarm_300:/home/agilex/limo_ros2_ws/install/mycobot_communication:/home/agilex/limo_ros2_ws/install/mecharm_pi:/home/agilex/limo_ros2_ws/install/mecharm:/home/agilex/limo_ros2_ws/install/mecharm_communication:/home/agilex/limo_ros2_ws/install/mybuddy:/home/agilex/limo_ros2_ws/install/mycobot_description:/opt/ros/foxy PYTHONPATH=/home/agilex/limo_ros2_ws/install/nav2_common/lib/python3.8/site-packages:/home/agilex/limo_ros2_ws/install/ultraarm/lib/python3.8/site-packages:/home/agilex/limo_ros2_ws/install/teb_msgs/lib/python3.8/site-packages:/home/agilex/limo_ros2_ws/install/dwb_msgs/lib/python3.8/site-packages:/home/agilex/limo_ros2_ws/install/nav_2d_msgs/lib/python3.8/site-packages:/home/agilex/limo_ros2_ws/install/nav2_msgs/lib/python3.8/site-packages:/home/agilex/limo_ros2_ws/install/nav2_gazebo_spawner/lib/python3.8/site-packages:/home/agilex/limo_ros2_ws/install/mypalletizer_260_pi/lib/python3.8/site-packages:/home/agilex/limo_ros2_ws/install/mypalletizer_260/lib/python3.8/site-packages:/home/agilex/limo_ros2_ws/install/mypalletizer_communication/lib/python3.8/site-packages:/home/agilex/limo_ros2_ws/install/mypalletizer_interfaces/lib/python3.8/site-packages:/home/agilex/limo_ros2_ws/install/mycobot_630/lib/python3.8/site-packages:/home/agilex/limo_ros2_ws/install/mycobot_600/lib/python3.8/site-packages:/home/agilex/limo_ros2_ws/install/mycobot_320pi/lib/python3.8/site-packages:/home/agilex/limo_ros2_ws/install/mycobot_320/lib/python3.8/site-packages:/home/agilex/limo_ros2_ws/install/mycobot_280pi/lib/python3.8/site-packages:/home/agilex/limo_ros2_ws/install/mycobot_280jn/lib/python3.8/site-packages:/home/agilex/limo_ros2_ws/install/mycobot_280_x3pi/lib/python3.8/site-packages:/home/agilex/limo_ros2_ws/install/mycobot_280/lib/python3.8/site-packages:/home/agilex/limo_ros2_ws/install/myarm_300/lib/python3.8/site-packages:/home/agilex/limo_ros2_ws/install/mycobot_communication/lib/python3.8/site-packages:/home/agilex/limo_ros2_ws/install/mecharm_pi/lib/python3.8/site-packages:/home/agilex/limo_ros2_ws/install/mecharm/lib/python3.8/site-packages:/home/agilex/limo_ros2_ws/install/mecharm_communication/lib/python3.8/site-packages:/home/agilex/limo_ros2_ws/install/mycobot_interfaces/lib/python3.8/site-packages:/home/agilex/limo_ros2_ws/install/mybuddy/lib/python3.8/site-packages:/home/agilex/limo_ros2_ws/install/mycobot_description/lib/python3.8/site-packages:/home/agilex/limo_ros2_ws/install/mecharm_interfaces/lib/python3.8/site-packages:/home/agilex/limo_ros2_ws/install/limo_msgs/lib/python3.8/site-packages:/home/agilex/limo_ros2_ws/install/costmap_converter_msgs/lib/python3.8/site-packages:/home/agilex/limo_ros2_ws/install/astra_camera_msgs/lib/python3.8/site-packages:/opt/ros/foxy/lib/python3.8/site-packages /usr/bin/cmake --build /home/agilex/limo_ros2_ws/build/nav2_msgs -- -j6 -l6
[4.239s] Invoking command in '/home/agilex/limo_ros2_ws/build/nav2_msgs': CMAKE_PREFIX_PATH=/home/agilex/limo_ros2_ws/install/nav2_common:/home/agilex/limo_ros2_ws/install/ydlidar_sdk:/home/agilex/limo_ros2_ws/install/ydlidar_ros2_driver:/home/agilex/limo_ros2_ws/install/teb_local_planner:/home/agilex/limo_ros2_ws/install/teb_msgs:/home/agilex/limo_ros2_ws/install/nav2_system_tests:/home/agilex/limo_ros2_ws/install/nav2_bringup:/home/agilex/limo_ros2_ws/install/navigation2:/home/agilex/limo_ros2_ws/install/smac_planner:/home/agilex/limo_ros2_ws/install/rf2o_laser_odometry:/home/agilex/limo_ros2_ws/install/nav2_dwb_controller:/home/agilex/limo_ros2_ws/install/nav2_controller:/home/agilex/limo_ros2_ws/install/dwb_plugins:/home/agilex/limo_ros2_ws/install/dwb_critics:/home/agilex/limo_ros2_ws/install/dwb_core:/home/agilex/limo_ros2_ws/install/nav_2d_utils:/home/agilex/limo_ros2_ws/install/dwb_msgs:/home/agilex/limo_ros2_ws/install/nav_2d_msgs:/home/agilex/limo_ros2_ws/install/nav2_waypoint_follower:/home/agilex/limo_ros2_ws/install/nav2_regulated_pure_pursuit_controller:/home/agilex/limo_ros2_ws/install/nav2_recoveries:/home/agilex/limo_ros2_ws/install/nav2_planner:/home/agilex/limo_ros2_ws/install/nav2_navfn_planner:/home/agilex/limo_ros2_ws/install/nav2_core:/home/agilex/limo_ros2_ws/install/costmap_queue:/home/agilex/limo_ros2_ws/install/costmap_converter:/home/agilex/limo_ros2_ws/install/nav2_costmap_2d:/home/agilex/limo_ros2_ws/install/nav2_voxel_grid:/home/agilex/limo_ros2_ws/install/nav2_rviz_plugins:/home/agilex/limo_ros2_ws/install/nav2_map_server:/home/agilex/limo_ros2_ws/install/nav2_lifecycle_manager:/home/agilex/limo_ros2_ws/install/nav2_bt_navigator:/home/agilex/limo_ros2_ws/install/nav2_behavior_tree:/home/agilex/limo_ros2_ws/install/nav2_amcl:/home/agilex/limo_ros2_ws/install/nav2_util:/home/agilex/limo_ros2_ws/install/nav2_msgs:/home/agilex/limo_ros2_ws/install/mypalletizer_interfaces:/home/agilex/limo_ros2_ws/install/mycobot_interfaces:/home/agilex/limo_ros2_ws/install/mecharm_interfaces:/home/agilex/limo_ros2_ws/install/magic_enum:/home/agilex/limo_ros2_ws/install/limo_bringup:/home/agilex/limo_ros2_ws/install/limo_base:/home/agilex/limo_ros2_ws/install/limo_msgs:/home/agilex/limo_ros2_ws/install/limo_description:/home/agilex/limo_ros2_ws/install/libuvc:/home/agilex/limo_ros2_ws/install/glog:/home/agilex/limo_ros2_ws/install/costmap_converter_msgs:/home/agilex/limo_ros2_ws/install/astra_camera:/home/agilex/limo_ros2_ws/install/astra_camera_msgs:/home/agilex/limo_ros2_ws/install/ultraarm:/home/agilex/limo_ros2_ws/install/nav2_gazebo_spawner:/home/agilex/limo_ros2_ws/install/mypalletizer_260_pi:/home/agilex/limo_ros2_ws/install/mypalletizer_260:/home/agilex/limo_ros2_ws/install/mypalletizer_communication:/home/agilex/limo_ros2_ws/install/mycobot_630:/home/agilex/limo_ros2_ws/install/mycobot_600:/home/agilex/limo_ros2_ws/install/mycobot_320pi:/home/agilex/limo_ros2_ws/install/mycobot_320:/home/agilex/limo_ros2_ws/install/mycobot_280pi:/home/agilex/limo_ros2_ws/install/mycobot_280jn:/home/agilex/limo_ros2_ws/install/mycobot_280_x3pi:/home/agilex/limo_ros2_ws/install/mycobot_280:/home/agilex/limo_ros2_ws/install/myarm_300:/home/agilex/limo_ros2_ws/install/mycobot_communication:/home/agilex/limo_ros2_ws/install/mecharm_pi:/home/agilex/limo_ros2_ws/install/mecharm:/home/agilex/limo_ros2_ws/install/mecharm_communication:/home/agilex/limo_ros2_ws/install/mybuddy:/home/agilex/limo_ros2_ws/install/mycobot_description:/opt/ros/foxy PYTHONPATH=/home/agilex/limo_ros2_ws/install/nav2_common/lib/python3.8/site-packages:/home/agilex/limo_ros2_ws/install/ultraarm/lib/python3.8/site-packages:/home/agilex/limo_ros2_ws/install/teb_msgs/lib/python3.8/site-packages:/home/agilex/limo_ros2_ws/install/dwb_msgs/lib/python3.8/site-packages:/home/agilex/limo_ros2_ws/install/nav_2d_msgs/lib/python3.8/site-packages:/home/agilex/limo_ros2_ws/install/nav2_msgs/lib/python3.8/site-packages:/home/agilex/limo_ros2_ws/install/nav2_gazebo_spawner/lib/python3.8/site-packages:/home/agilex/limo_ros2_ws/install/mypalletizer_260_pi/lib/python3.8/site-packages:/home/agilex/limo_ros2_ws/install/mypalletizer_260/lib/python3.8/site-packages:/home/agilex/limo_ros2_ws/install/mypalletizer_communication/lib/python3.8/site-packages:/home/agilex/limo_ros2_ws/install/mypalletizer_interfaces/lib/python3.8/site-packages:/home/agilex/limo_ros2_ws/install/mycobot_630/lib/python3.8/site-packages:/home/agilex/limo_ros2_ws/install/mycobot_600/lib/python3.8/site-packages:/home/agilex/limo_ros2_ws/install/mycobot_320pi/lib/python3.8/site-packages:/home/agilex/limo_ros2_ws/install/mycobot_320/lib/python3.8/site-packages:/home/agilex/limo_ros2_ws/install/mycobot_280pi/lib/python3.8/site-packages:/home/agilex/limo_ros2_ws/install/mycobot_280jn/lib/python3.8/site-packages:/home/agilex/limo_ros2_ws/install/mycobot_280_x3pi/lib/python3.8/site-packages:/home/agilex/limo_ros2_ws/install/mycobot_280/lib/python3.8/site-packages:/home/agilex/limo_ros2_ws/install/myarm_300/lib/python3.8/site-packages:/home/agilex/limo_ros2_ws/install/mycobot_communication/lib/python3.8/site-packages:/home/agilex/limo_ros2_ws/install/mecharm_pi/lib/python3.8/site-packages:/home/agilex/limo_ros2_ws/install/mecharm/lib/python3.8/site-packages:/home/agilex/limo_ros2_ws/install/mecharm_communication/lib/python3.8/site-packages:/home/agilex/limo_ros2_ws/install/mycobot_interfaces/lib/python3.8/site-packages:/home/agilex/limo_ros2_ws/install/mybuddy/lib/python3.8/site-packages:/home/agilex/limo_ros2_ws/install/mycobot_description/lib/python3.8/site-packages:/home/agilex/limo_ros2_ws/install/mecharm_interfaces/lib/python3.8/site-packages:/home/agilex/limo_ros2_ws/install/limo_msgs/lib/python3.8/site-packages:/home/agilex/limo_ros2_ws/install/costmap_converter_msgs/lib/python3.8/site-packages:/home/agilex/limo_ros2_ws/install/astra_camera_msgs/lib/python3.8/site-packages:/opt/ros/foxy/lib/python3.8/site-packages /usr/bin/cmake --install /home/agilex/limo_ros2_ws/build/nav2_msgs
[4.273s] -- Install configuration: "Release"
[4.273s] -- Up-to-date: /home/agilex/limo_ros2_ws/install/nav2_msgs/share/ament_index/resource_index/rosidl_interfaces/nav2_msgs
[4.273s] -- Up-to-date: /home/agilex/limo_ros2_ws/install/nav2_msgs/include/nav2_msgs
[4.273s] -- Up-to-date: /home/agilex/limo_ros2_ws/install/nav2_msgs/include/nav2_msgs/msg
[4.274s] -- Up-to-date: /home/agilex/limo_ros2_ws/install/nav2_msgs/include/nav2_msgs/msg/voxel_grid.h
[4.274s] -- Up-to-date: /home/agilex/limo_ros2_ws/install/nav2_msgs/include/nav2_msgs/msg/particle_cloud.h
[4.274s] -- Up-to-date: /home/agilex/limo_ros2_ws/install/nav2_msgs/include/nav2_msgs/msg/costmap_meta_data.h
[4.274s] -- Up-to-date: /home/agilex/limo_ros2_ws/install/nav2_msgs/include/nav2_msgs/msg/costmap.h
[4.274s] -- Up-to-date: /home/agilex/limo_ros2_ws/install/nav2_msgs/include/nav2_msgs/msg/rosidl_generator_c__visibility_control.h
[4.274s] -- Up-to-date: /home/agilex/limo_ros2_ws/install/nav2_msgs/include/nav2_msgs/msg/behavior_tree_status_change.h
[4.274s] -- Up-to-date: /home/agilex/limo_ros2_ws/install/nav2_msgs/include/nav2_msgs/msg/detail
[4.275s] -- Up-to-date: /home/agilex/limo_ros2_ws/install/nav2_msgs/include/nav2_msgs/msg/detail/voxel_grid__functions.h
[4.275s] -- Up-to-date: /home/agilex/limo_ros2_ws/install/nav2_msgs/include/nav2_msgs/msg/detail/costmap_meta_data__type_support.h
[4.275s] -- Up-to-date: /home/agilex/limo_ros2_ws/install/nav2_msgs/include/nav2_msgs/msg/detail/voxel_grid__functions.c
[4.275s] -- Up-to-date: /home/agilex/limo_ros2_ws/install/nav2_msgs/include/nav2_msgs/msg/detail/costmap_meta_data__functions.h
[4.275s] -- Up-to-date: /home/agilex/limo_ros2_ws/install/nav2_msgs/include/nav2_msgs/msg/detail/behavior_tree_status_change__functions.c
[4.275s] -- Up-to-date: /home/agilex/limo_ros2_ws/install/nav2_msgs/include/nav2_msgs/msg/detail/voxel_grid__type_support.h
[4.275s] -- Up-to-date: /home/agilex/limo_ros2_ws/install/nav2_msgs/include/nav2_msgs/msg/detail/behavior_tree_status_change__struct.h
[4.276s] -- Up-to-date: /home/agilex/limo_ros2_ws/install/nav2_msgs/include/nav2_msgs/msg/detail/particle__functions.c
[4.276s] -- Up-to-date: /home/agilex/limo_ros2_ws/install/nav2_msgs/include/nav2_msgs/msg/detail/behavior_tree_log__struct.h
[4.276s] -- Up-to-date: /home/agilex/limo_ros2_ws/install/nav2_msgs/include/nav2_msgs/msg/detail/costmap__type_support.h
[4.276s] -- Up-to-date: /home/agilex/limo_ros2_ws/install/nav2_msgs/include/nav2_msgs/msg/detail/behavior_tree_log__type_support.h
[4.276s] -- Up-to-date: /home/agilex/limo_ros2_ws/install/nav2_msgs/include/nav2_msgs/msg/detail/costmap_meta_data__struct.h
[4.276s] -- Up-to-date: /home/agilex/limo_ros2_ws/install/nav2_msgs/include/nav2_msgs/msg/detail/particle_cloud__functions.h
[4.276s] -- Up-to-date: /home/agilex/limo_ros2_ws/install/nav2_msgs/include/nav2_msgs/msg/detail/costmap__functions.c
[4.277s] -- Up-to-date: /home/agilex/limo_ros2_ws/install/nav2_msgs/include/nav2_msgs/msg/detail/particle_cloud__functions.c
[4.277s] -- Up-to-date: /home/agilex/limo_ros2_ws/install/nav2_msgs/include/nav2_msgs/msg/detail/behavior_tree_log__functions.h
[4.277s] -- Up-to-date: /home/agilex/limo_ros2_ws/install/nav2_msgs/include/nav2_msgs/msg/detail/behavior_tree_status_change__functions.h
[4.277s] -- Up-to-date: /home/agilex/limo_ros2_ws/install/nav2_msgs/include/nav2_msgs/msg/detail/costmap__struct.h
[4.277s] -- Up-to-date: /home/agilex/limo_ros2_ws/install/nav2_msgs/include/nav2_msgs/msg/detail/behavior_tree_status_change__type_support.h
[4.277s] -- Up-to-date: /home/agilex/limo_ros2_ws/install/nav2_msgs/include/nav2_msgs/msg/detail/voxel_grid__struct.h
[4.277s] -- Up-to-date: /home/agilex/limo_ros2_ws/install/nav2_msgs/include/nav2_msgs/msg/detail/particle__struct.h
[4.277s] -- Up-to-date: /home/agilex/limo_ros2_ws/install/nav2_msgs/include/nav2_msgs/msg/detail/costmap__functions.h
[4.278s] -- Up-to-date: /home/agilex/limo_ros2_ws/install/nav2_msgs/include/nav2_msgs/msg/detail/particle_cloud__type_support.h
[4.278s] -- Up-to-date: /home/agilex/limo_ros2_ws/install/nav2_msgs/include/nav2_msgs/msg/detail/particle_cloud__struct.h
[4.278s] -- Up-to-date: /home/agilex/limo_ros2_ws/install/nav2_msgs/include/nav2_msgs/msg/detail/particle__type_support.h
[4.278s] -- Up-to-date: /home/agilex/limo_ros2_ws/install/nav2_msgs/include/nav2_msgs/msg/detail/particle__functions.h
[4.279s] -- Up-to-date: /home/agilex/limo_ros2_ws/install/nav2_msgs/include/nav2_msgs/msg/detail/costmap_meta_data__functions.c
[4.279s] -- Up-to-date: /home/agilex/limo_ros2_ws/install/nav2_msgs/include/nav2_msgs/msg/detail/behavior_tree_log__functions.c
[4.279s] -- Up-to-date: /home/agilex/limo_ros2_ws/install/nav2_msgs/include/nav2_msgs/msg/particle.h
[4.279s] -- Up-to-date: /home/agilex/limo_ros2_ws/install/nav2_msgs/include/nav2_msgs/msg/behavior_tree_log.h
[4.280s] -- Up-to-date: /home/agilex/limo_ros2_ws/install/nav2_msgs/include/nav2_msgs/srv
[4.280s] -- Up-to-date: /home/agilex/limo_ros2_ws/install/nav2_msgs/include/nav2_msgs/srv/clear_costmap_except_region.h
[4.280s] -- Up-to-date: /home/agilex/limo_ros2_ws/install/nav2_msgs/include/nav2_msgs/srv/get_costmap.h
[4.280s] -- Up-to-date: /home/agilex/limo_ros2_ws/install/nav2_msgs/include/nav2_msgs/srv/clear_entire_costmap.h
[4.280s] -- Up-to-date: /home/agilex/limo_ros2_ws/install/nav2_msgs/include/nav2_msgs/srv/manage_lifecycle_nodes.h
[4.280s] -- Up-to-date: /home/agilex/limo_ros2_ws/install/nav2_msgs/include/nav2_msgs/srv/clear_costmap_around_robot.h
[4.281s] -- Up-to-date: /home/agilex/limo_ros2_ws/install/nav2_msgs/include/nav2_msgs/srv/detail
[4.281s] -- Up-to-date: /home/agilex/limo_ros2_ws/install/nav2_msgs/include/nav2_msgs/srv/detail/save_map__functions.h
[4.281s] -- Up-to-date: /home/agilex/limo_ros2_ws/install/nav2_msgs/include/nav2_msgs/srv/detail/manage_lifecycle_nodes__struct.h
[4.281s] -- Up-to-date: /home/agilex/limo_ros2_ws/install/nav2_msgs/include/nav2_msgs/srv/detail/clear_costmap_around_robot__functions.h
[4.282s] -- Up-to-date: /home/agilex/limo_ros2_ws/install/nav2_msgs/include/nav2_msgs/srv/detail/load_map__functions.c
[4.282s] -- Up-to-date: /home/agilex/limo_ros2_ws/install/nav2_msgs/include/nav2_msgs/srv/detail/clear_entire_costmap__functions.c
[4.282s] -- Up-to-date: /home/agilex/limo_ros2_ws/install/nav2_msgs/include/nav2_msgs/srv/detail/save_map__functions.c
[4.283s] -- Up-to-date: /home/agilex/limo_ros2_ws/install/nav2_msgs/include/nav2_msgs/srv/detail/clear_costmap_around_robot__type_support.h
[4.283s] -- Up-to-date: /home/agilex/limo_ros2_ws/install/nav2_msgs/include/nav2_msgs/srv/detail/get_costmap__struct.h
[4.283s] -- Up-to-date: /home/agilex/limo_ros2_ws/install/nav2_msgs/include/nav2_msgs/srv/detail/save_map__struct.h
[4.283s] -- Up-to-date: /home/agilex/limo_ros2_ws/install/nav2_msgs/include/nav2_msgs/srv/detail/get_costmap__functions.c
[4.283s] -- Up-to-date: /home/agilex/limo_ros2_ws/install/nav2_msgs/include/nav2_msgs/srv/detail/clear_costmap_except_region__functions.h
[4.283s] -- Up-to-date: /home/agilex/limo_ros2_ws/install/nav2_msgs/include/nav2_msgs/srv/detail/save_map__type_support.h
[4.283s] -- Up-to-date: /home/agilex/limo_ros2_ws/install/nav2_msgs/include/nav2_msgs/srv/detail/clear_costmap_around_robot__struct.h
[4.283s] -- Up-to-date: /home/agilex/limo_ros2_ws/install/nav2_msgs/include/nav2_msgs/srv/detail/load_map__type_support.h
[4.283s] -- Up-to-date: /home/agilex/limo_ros2_ws/install/nav2_msgs/include/nav2_msgs/srv/detail/manage_lifecycle_nodes__functions.c
[4.284s] -- Up-to-date: /home/agilex/limo_ros2_ws/install/nav2_msgs/include/nav2_msgs/srv/detail/manage_lifecycle_nodes__functions.h
[4.284s] -- Up-to-date: /home/agilex/limo_ros2_ws/install/nav2_msgs/include/nav2_msgs/srv/detail/get_costmap__type_support.h
[4.292s] -- Up-to-date: /home/agilex/limo_ros2_ws/install/nav2_msgs/include/nav2_msgs/srv/detail/load_map__struct.h
[4.293s] -- Up-to-date: /home/agilex/limo_ros2_ws/install/nav2_msgs/include/nav2_msgs/srv/detail/clear_entire_costmap__functions.h
[4.293s] -- Up-to-date: /home/agilex/limo_ros2_ws/install/nav2_msgs/include/nav2_msgs/srv/detail/load_map__functions.h
[4.294s] -- Up-to-date: /home/agilex/limo_ros2_ws/install/nav2_msgs/include/nav2_msgs/srv/detail/clear_costmap_around_robot__functions.c
[4.294s] -- Up-to-date: /home/agilex/limo_ros2_ws/install/nav2_msgs/include/nav2_msgs/srv/detail/clear_entire_costmap__struct.h
[4.294s] -- Up-to-date: /home/agilex/limo_ros2_ws/install/nav2_msgs/include/nav2_msgs/srv/detail/manage_lifecycle_nodes__type_support.h
[4.294s] -- Up-to-date: /home/agilex/limo_ros2_ws/install/nav2_msgs/include/nav2_msgs/srv/detail/get_costmap__functions.h
[4.294s] -- Up-to-date: /home/agilex/limo_ros2_ws/install/nav2_msgs/include/nav2_msgs/srv/detail/clear_entire_costmap__type_support.h
[4.294s] -- Up-to-date: /home/agilex/limo_ros2_ws/install/nav2_msgs/include/nav2_msgs/srv/detail/clear_costmap_except_region__type_support.h
[4.295s] -- Up-to-date: /home/agilex/limo_ros2_ws/install/nav2_msgs/include/nav2_msgs/srv/detail/clear_costmap_except_region__functions.c
[4.295s] -- Up-to-date: /home/agilex/limo_ros2_ws/install/nav2_msgs/include/nav2_msgs/srv/detail/clear_costmap_except_region__struct.h
[4.295s] -- Up-to-date: /home/agilex/limo_ros2_ws/install/nav2_msgs/include/nav2_msgs/srv/load_map.h
[4.295s] -- Up-to-date: /home/agilex/limo_ros2_ws/install/nav2_msgs/include/nav2_msgs/srv/save_map.h
[4.296s] -- Up-to-date: /home/agilex/limo_ros2_ws/install/nav2_msgs/include/nav2_msgs/action
[4.296s] -- Up-to-date: /home/agilex/limo_ros2_ws/install/nav2_msgs/include/nav2_msgs/action/compute_path_to_pose.h
[4.296s] -- Up-to-date: /home/agilex/limo_ros2_ws/install/nav2_msgs/include/nav2_msgs/action/back_up.h
[4.296s] -- Up-to-date: /home/agilex/limo_ros2_ws/install/nav2_msgs/include/nav2_msgs/action/follow_path.h
[4.296s] -- Up-to-date: /home/agilex/limo_ros2_ws/install/nav2_msgs/include/nav2_msgs/action/navigate_to_pose.h
[4.296s] -- Up-to-date: /home/agilex/limo_ros2_ws/install/nav2_msgs/include/nav2_msgs/action/wait.h
[4.297s] -- Up-to-date: /home/agilex/limo_ros2_ws/install/nav2_msgs/include/nav2_msgs/action/follow_waypoints.h
[4.297s] -- Up-to-date: /home/agilex/limo_ros2_ws/install/nav2_msgs/include/nav2_msgs/action/detail
[4.297s] -- Up-to-date: /home/agilex/limo_ros2_ws/install/nav2_msgs/include/nav2_msgs/action/detail/spin__struct.h
[4.297s] -- Up-to-date: /home/agilex/limo_ros2_ws/install/nav2_msgs/include/nav2_msgs/action/detail/back_up__functions.h
[4.297s] -- Up-to-date: /home/agilex/limo_ros2_ws/install/nav2_msgs/include/nav2_msgs/action/detail/wait__functions.c
[4.297s] -- Up-to-date: /home/agilex/limo_ros2_ws/install/nav2_msgs/include/nav2_msgs/action/detail/compute_path_to_pose__functions.c
[4.297s] -- Up-to-date: /home/agilex/limo_ros2_ws/install/nav2_msgs/include/nav2_msgs/action/detail/follow_waypoints__type_support.h
[4.297s] -- Up-to-date: /home/agilex/limo_ros2_ws/install/nav2_msgs/include/nav2_msgs/action/detail/wait__struct.h
[4.298s] -- Up-to-date: /home/agilex/limo_ros2_ws/install/nav2_msgs/include/nav2_msgs/action/detail/follow_path__functions.h
[4.298s] -- Up-to-date: /home/agilex/limo_ros2_ws/install/nav2_msgs/include/nav2_msgs/action/detail/spin__functions.h
[4.298s] -- Up-to-date: /home/agilex/limo_ros2_ws/install/nav2_msgs/include/nav2_msgs/action/detail/navigate_to_pose__type_support.h
[4.298s] -- Up-to-date: /home/agilex/limo_ros2_ws/install/nav2_msgs/include/nav2_msgs/action/detail/wait__functions.h
[4.298s] -- Up-to-date: /home/agilex/limo_ros2_ws/install/nav2_msgs/include/nav2_msgs/action/detail/follow_waypoints__struct.h
[4.298s] -- Up-to-date: /home/agilex/limo_ros2_ws/install/nav2_msgs/include/nav2_msgs/action/detail/back_up__functions.c
[4.298s] -- Up-to-date: /home/agilex/limo_ros2_ws/install/nav2_msgs/include/nav2_msgs/action/detail/dummy_recovery__type_support.h
[4.299s] -- Up-to-date: /home/agilex/limo_ros2_ws/install/nav2_msgs/include/nav2_msgs/action/detail/spin__type_support.h
[4.299s] -- Up-to-date: /home/agilex/limo_ros2_ws/install/nav2_msgs/include/nav2_msgs/action/detail/compute_path_to_pose__struct.h
[4.300s] -- Up-to-date: /home/agilex/limo_ros2_ws/install/nav2_msgs/include/nav2_msgs/action/detail/follow_path__struct.h
[4.301s] -- Up-to-date: /home/agilex/limo_ros2_ws/install/nav2_msgs/include/nav2_msgs/action/detail/navigate_to_pose__functions.c
[4.302s] -- Up-to-date: /home/agilex/limo_ros2_ws/install/nav2_msgs/include/nav2_msgs/action/detail/compute_path_to_pose__functions.h
[4.303s] -- Up-to-date: /home/agilex/limo_ros2_ws/install/nav2_msgs/include/nav2_msgs/action/detail/navigate_to_pose__functions.h
[4.314s] -- Up-to-date: /home/agilex/limo_ros2_ws/install/nav2_msgs/include/nav2_msgs/action/detail/dummy_recovery__functions.h
[4.315s] -- Up-to-date: /home/agilex/limo_ros2_ws/install/nav2_msgs/include/nav2_msgs/action/detail/back_up__type_support.h
[4.315s] -- Up-to-date: /home/agilex/limo_ros2_ws/install/nav2_msgs/include/nav2_msgs/action/detail/dummy_recovery__functions.c
[4.315s] -- Up-to-date: /home/agilex/limo_ros2_ws/install/nav2_msgs/include/nav2_msgs/action/detail/compute_path_to_pose__type_support.h
[4.315s] -- Up-to-date: /home/agilex/limo_ros2_ws/install/nav2_msgs/include/nav2_msgs/action/detail/navigate_to_pose__struct.h
[4.316s] -- Up-to-date: /home/agilex/limo_ros2_ws/install/nav2_msgs/include/nav2_msgs/action/detail/follow_path__type_support.h
[4.316s] -- Up-to-date: /home/agilex/limo_ros2_ws/install/nav2_msgs/include/nav2_msgs/action/detail/spin__functions.c
[4.316s] -- Up-to-date: /home/agilex/limo_ros2_ws/install/nav2_msgs/include/nav2_msgs/action/detail/follow_path__functions.c
[4.316s] -- Up-to-date: /home/agilex/limo_ros2_ws/install/nav2_msgs/include/nav2_msgs/action/detail/dummy_recovery__struct.h
[4.316s] -- Up-to-date: /home/agilex/limo_ros2_ws/install/nav2_msgs/include/nav2_msgs/action/detail/back_up__struct.h
[4.316s] -- Up-to-date: /home/agilex/limo_ros2_ws/install/nav2_msgs/include/nav2_msgs/action/detail/follow_waypoints__functions.h
[4.316s] -- Up-to-date: /home/agilex/limo_ros2_ws/install/nav2_msgs/include/nav2_msgs/action/detail/follow_waypoints__functions.c
[4.317s] -- Up-to-date: /home/agilex/limo_ros2_ws/install/nav2_msgs/include/nav2_msgs/action/detail/wait__type_support.h
[4.317s] -- Up-to-date: /home/agilex/limo_ros2_ws/install/nav2_msgs/include/nav2_msgs/action/spin.h
[4.317s] -- Up-to-date: /home/agilex/limo_ros2_ws/install/nav2_msgs/include/nav2_msgs/action/dummy_recovery.h
[4.317s] -- Up-to-date: /home/agilex/limo_ros2_ws/install/nav2_msgs/share/nav2_msgs/environment/library_path.sh
[4.317s] -- Up-to-date: /home/agilex/limo_ros2_ws/install/nav2_msgs/share/nav2_msgs/environment/library_path.dsv
[4.317s] -- Up-to-date: /home/agilex/limo_ros2_ws/install/nav2_msgs/lib/libnav2_msgs__rosidl_generator_c.so
[4.317s] -- Up-to-date: /home/agilex/limo_ros2_ws/install/nav2_msgs/include/nav2_msgs
[4.317s] -- Up-to-date: /home/agilex/limo_ros2_ws/install/nav2_msgs/include/nav2_msgs/msg
[4.318s] -- Up-to-date: /home/agilex/limo_ros2_ws/install/nav2_msgs/include/nav2_msgs/msg/rosidl_typesupport_fastrtps_c__visibility_control.h
[4.318s] -- Up-to-date: /home/agilex/limo_ros2_ws/install/nav2_msgs/include/nav2_msgs/msg/detail
[4.318s] -- Up-to-date: /home/agilex/limo_ros2_ws/install/nav2_msgs/include/nav2_msgs/msg/detail/behavior_tree_log__rosidl_typesupport_fastrtps_c.h
[4.318s] -- Up-to-date: /home/agilex/limo_ros2_ws/install/nav2_msgs/include/nav2_msgs/msg/detail/behavior_tree_status_change__rosidl_typesupport_fastrtps_c.h
[4.318s] -- Up-to-date: /home/agilex/limo_ros2_ws/install/nav2_msgs/include/nav2_msgs/msg/detail/voxel_grid__rosidl_typesupport_fastrtps_c.h
[4.318s] -- Up-to-date: /home/agilex/limo_ros2_ws/install/nav2_msgs/include/nav2_msgs/msg/detail/particle_cloud__rosidl_typesupport_fastrtps_c.h
[4.318s] -- Up-to-date: /home/agilex/limo_ros2_ws/install/nav2_msgs/include/nav2_msgs/msg/detail/costmap_meta_data__rosidl_typesupport_fastrtps_c.h
[4.318s] -- Up-to-date: /home/agilex/limo_ros2_ws/install/nav2_msgs/include/nav2_msgs/msg/detail/costmap__rosidl_typesupport_fastrtps_c.h
[4.318s] -- Up-to-date: /home/agilex/limo_ros2_ws/install/nav2_msgs/include/nav2_msgs/msg/detail/particle__rosidl_typesupport_fastrtps_c.h
[4.319s] -- Up-to-date: /home/agilex/limo_ros2_ws/install/nav2_msgs/include/nav2_msgs/srv
[4.319s] -- Up-to-date: /home/agilex/limo_ros2_ws/install/nav2_msgs/include/nav2_msgs/srv/detail
[4.319s] -- Up-to-date: /home/agilex/limo_ros2_ws/install/nav2_msgs/include/nav2_msgs/srv/detail/load_map__rosidl_typesupport_fastrtps_c.h
[4.319s] -- Up-to-date: /home/agilex/limo_ros2_ws/install/nav2_msgs/include/nav2_msgs/srv/detail/get_costmap__rosidl_typesupport_fastrtps_c.h
[4.319s] -- Up-to-date: /home/agilex/limo_ros2_ws/install/nav2_msgs/include/nav2_msgs/srv/detail/clear_entire_costmap__rosidl_typesupport_fastrtps_c.h
[4.319s] -- Up-to-date: /home/agilex/limo_ros2_ws/install/nav2_msgs/include/nav2_msgs/srv/detail/clear_costmap_except_region__rosidl_typesupport_fastrtps_c.h
[4.319s] -- Up-to-date: /home/agilex/limo_ros2_ws/install/nav2_msgs/include/nav2_msgs/srv/detail/save_map__rosidl_typesupport_fastrtps_c.h
[4.319s] -- Up-to-date: /home/agilex/limo_ros2_ws/install/nav2_msgs/include/nav2_msgs/srv/detail/clear_costmap_around_robot__rosidl_typesupport_fastrtps_c.h
[4.320s] -- Up-to-date: /home/agilex/limo_ros2_ws/install/nav2_msgs/include/nav2_msgs/srv/detail/manage_lifecycle_nodes__rosidl_typesupport_fastrtps_c.h
[4.320s] -- Up-to-date: /home/agilex/limo_ros2_ws/install/nav2_msgs/include/nav2_msgs/action
[4.320s] -- Up-to-date: /home/agilex/limo_ros2_ws/install/nav2_msgs/include/nav2_msgs/action/detail
[4.320s] -- Up-to-date: /home/agilex/limo_ros2_ws/install/nav2_msgs/include/nav2_msgs/action/detail/follow_waypoints__rosidl_typesupport_fastrtps_c.h
[4.320s] -- Up-to-date: /home/agilex/limo_ros2_ws/install/nav2_msgs/include/nav2_msgs/action/detail/spin__rosidl_typesupport_fastrtps_c.h
[4.320s] -- Up-to-date: /home/agilex/limo_ros2_ws/install/nav2_msgs/include/nav2_msgs/action/detail/back_up__rosidl_typesupport_fastrtps_c.h
[4.320s] -- Up-to-date: /home/agilex/limo_ros2_ws/install/nav2_msgs/include/nav2_msgs/action/detail/dummy_recovery__rosidl_typesupport_fastrtps_c.h
[4.321s] -- Up-to-date: /home/agilex/limo_ros2_ws/install/nav2_msgs/include/nav2_msgs/action/detail/navigate_to_pose__rosidl_typesupport_fastrtps_c.h
[4.321s] -- Up-to-date: /home/agilex/limo_ros2_ws/install/nav2_msgs/include/nav2_msgs/action/detail/compute_path_to_pose__rosidl_typesupport_fastrtps_c.h
[4.321s] -- Up-to-date: /home/agilex/limo_ros2_ws/install/nav2_msgs/include/nav2_msgs/action/detail/wait__rosidl_typesupport_fastrtps_c.h
[4.321s] -- Up-to-date: /home/agilex/limo_ros2_ws/install/nav2_msgs/include/nav2_msgs/action/detail/follow_path__rosidl_typesupport_fastrtps_c.h
[4.321s] -- Up-to-date: /home/agilex/limo_ros2_ws/install/nav2_msgs/lib/libnav2_msgs__rosidl_typesupport_fastrtps_c.so
[4.321s] -- Up-to-date: /home/agilex/limo_ros2_ws/install/nav2_msgs/include/nav2_msgs
[4.321s] -- Up-to-date: /home/agilex/limo_ros2_ws/install/nav2_msgs/include/nav2_msgs/msg
[4.321s] -- Up-to-date: /home/agilex/limo_ros2_ws/install/nav2_msgs/include/nav2_msgs/msg/rosidl_typesupport_fastrtps_cpp__visibility_control.h
[4.322s] -- Up-to-date: /home/agilex/limo_ros2_ws/install/nav2_msgs/include/nav2_msgs/msg/detail
[4.322s] -- Up-to-date: /home/agilex/limo_ros2_ws/install/nav2_msgs/include/nav2_msgs/msg/detail/costmap__rosidl_typesupport_fastrtps_cpp.hpp
[4.322s] -- Up-to-date: /home/agilex/limo_ros2_ws/install/nav2_msgs/include/nav2_msgs/msg/detail/behavior_tree_status_change__rosidl_typesupport_fastrtps_cpp.hpp
[4.322s] -- Up-to-date: /home/agilex/limo_ros2_ws/install/nav2_msgs/include/nav2_msgs/msg/detail/particle_cloud__rosidl_typesupport_fastrtps_cpp.hpp
[4.322s] -- Up-to-date: /home/agilex/limo_ros2_ws/install/nav2_msgs/include/nav2_msgs/msg/detail/costmap_meta_data__rosidl_typesupport_fastrtps_cpp.hpp
[4.322s] -- Up-to-date: /home/agilex/limo_ros2_ws/install/nav2_msgs/include/nav2_msgs/msg/detail/particle__rosidl_typesupport_fastrtps_cpp.hpp
[4.322s] -- Up-to-date: /home/agilex/limo_ros2_ws/install/nav2_msgs/include/nav2_msgs/msg/detail/voxel_grid__rosidl_typesupport_fastrtps_cpp.hpp
[4.325s] -- Up-to-date: /home/agilex/limo_ros2_ws/install/nav2_msgs/include/nav2_msgs/msg/detail/behavior_tree_log__rosidl_typesupport_fastrtps_cpp.hpp
[4.325s] -- Up-to-date: /home/agilex/limo_ros2_ws/install/nav2_msgs/include/nav2_msgs/msg/detail/dds_fastrtps
[4.326s] -- Up-to-date: /home/agilex/limo_ros2_ws/install/nav2_msgs/include/nav2_msgs/srv
[4.326s] -- Up-to-date: /home/agilex/limo_ros2_ws/install/nav2_msgs/include/nav2_msgs/srv/detail
[4.326s] -- Up-to-date: /home/agilex/limo_ros2_ws/install/nav2_msgs/include/nav2_msgs/srv/detail/load_map__rosidl_typesupport_fastrtps_cpp.hpp
[4.326s] -- Up-to-date: /home/agilex/limo_ros2_ws/install/nav2_msgs/include/nav2_msgs/srv/detail/clear_costmap_around_robot__rosidl_typesupport_fastrtps_cpp.hpp
[4.326s] -- Up-to-date: /home/agilex/limo_ros2_ws/install/nav2_msgs/include/nav2_msgs/srv/detail/save_map__rosidl_typesupport_fastrtps_cpp.hpp
[4.326s] -- Up-to-date: /home/agilex/limo_ros2_ws/install/nav2_msgs/include/nav2_msgs/srv/detail/manage_lifecycle_nodes__rosidl_typesupport_fastrtps_cpp.hpp
[4.326s] -- Up-to-date: /home/agilex/limo_ros2_ws/install/nav2_msgs/include/nav2_msgs/srv/detail/get_costmap__rosidl_typesupport_fastrtps_cpp.hpp
[4.327s] -- Up-to-date: /home/agilex/limo_ros2_ws/install/nav2_msgs/include/nav2_msgs/srv/detail/clear_costmap_except_region__rosidl_typesupport_fastrtps_cpp.hpp
[4.327s] -- Up-to-date: /home/agilex/limo_ros2_ws/install/nav2_msgs/include/nav2_msgs/srv/detail/dds_fastrtps
[4.327s] -- Up-to-date: /home/agilex/limo_ros2_ws/install/nav2_msgs/include/nav2_msgs/srv/detail/clear_entire_costmap__rosidl_typesupport_fastrtps_cpp.hpp
[4.327s] -- Up-to-date: /home/agilex/limo_ros2_ws/install/nav2_msgs/include/nav2_msgs/action
[4.327s] -- Up-to-date: /home/agilex/limo_ros2_ws/install/nav2_msgs/include/nav2_msgs/action/detail
[4.327s] -- Up-to-date: /home/agilex/limo_ros2_ws/install/nav2_msgs/include/nav2_msgs/action/detail/wait__rosidl_typesupport_fastrtps_cpp.hpp
[4.327s] -- Up-to-date: /home/agilex/limo_ros2_ws/install/nav2_msgs/include/nav2_msgs/action/detail/spin__rosidl_typesupport_fastrtps_cpp.hpp
[4.327s] -- Up-to-date: /home/agilex/limo_ros2_ws/install/nav2_msgs/include/nav2_msgs/action/detail/compute_path_to_pose__rosidl_typesupport_fastrtps_cpp.hpp
[4.327s] -- Up-to-date: /home/agilex/limo_ros2_ws/install/nav2_msgs/include/nav2_msgs/action/detail/navigate_to_pose__rosidl_typesupport_fastrtps_cpp.hpp
[4.328s] -- Up-to-date: /home/agilex/limo_ros2_ws/install/nav2_msgs/include/nav2_msgs/action/detail/dummy_recovery__rosidl_typesupport_fastrtps_cpp.hpp
[4.328s] -- Up-to-date: /home/agilex/limo_ros2_ws/install/nav2_msgs/include/nav2_msgs/action/detail/dds_fastrtps
[4.330s] -- Up-to-date: /home/agilex/limo_ros2_ws/install/nav2_msgs/include/nav2_msgs/action/detail/follow_path__rosidl_typesupport_fastrtps_cpp.hpp
[4.330s] -- Up-to-date: /home/agilex/limo_ros2_ws/install/nav2_msgs/include/nav2_msgs/action/detail/follow_waypoints__rosidl_typesupport_fastrtps_cpp.hpp
[4.331s] -- Up-to-date: /home/agilex/limo_ros2_ws/install/nav2_msgs/include/nav2_msgs/action/detail/back_up__rosidl_typesupport_fastrtps_cpp.hpp
[4.331s] -- Up-to-date: /home/agilex/limo_ros2_ws/install/nav2_msgs/lib/libnav2_msgs__rosidl_typesupport_fastrtps_cpp.so
[4.331s] -- Up-to-date: /home/agilex/limo_ros2_ws/install/nav2_msgs/include/nav2_msgs
[4.331s] -- Up-to-date: /home/agilex/limo_ros2_ws/install/nav2_msgs/include/nav2_msgs/msg
[4.331s] -- Up-to-date: /home/agilex/limo_ros2_ws/install/nav2_msgs/include/nav2_msgs/msg/rosidl_typesupport_introspection_c__visibility_control.h
[4.331s] -- Up-to-date: /home/agilex/limo_ros2_ws/install/nav2_msgs/include/nav2_msgs/msg/detail
[4.331s] -- Up-to-date: /home/agilex/limo_ros2_ws/install/nav2_msgs/include/nav2_msgs/msg/detail/costmap__rosidl_typesupport_introspection_c.h
[4.332s] -- Up-to-date: /home/agilex/limo_ros2_ws/install/nav2_msgs/include/nav2_msgs/msg/detail/behavior_tree_status_change__type_support.c
[4.332s] -- Up-to-date: /home/agilex/limo_ros2_ws/install/nav2_msgs/include/nav2_msgs/msg/detail/particle_cloud__rosidl_typesupport_introspection_c.h
[4.334s] -- Up-to-date: /home/agilex/limo_ros2_ws/install/nav2_msgs/include/nav2_msgs/msg/detail/behavior_tree_status_change__rosidl_typesupport_introspection_c.h
[4.334s] -- Up-to-date: /home/agilex/limo_ros2_ws/install/nav2_msgs/include/nav2_msgs/msg/detail/behavior_tree_log__type_support.c
[4.335s] -- Up-to-date: /home/agilex/limo_ros2_ws/install/nav2_msgs/include/nav2_msgs/msg/detail/voxel_grid__rosidl_typesupport_introspection_c.h
[4.335s] -- Up-to-date: /home/agilex/limo_ros2_ws/install/nav2_msgs/include/nav2_msgs/msg/detail/particle__rosidl_typesupport_introspection_c.h
[4.335s] -- Up-to-date: /home/agilex/limo_ros2_ws/install/nav2_msgs/include/nav2_msgs/msg/detail/costmap_meta_data__type_support.c
[4.335s] -- Up-to-date: /home/agilex/limo_ros2_ws/install/nav2_msgs/include/nav2_msgs/msg/detail/voxel_grid__type_support.c
[4.335s] -- Up-to-date: /home/agilex/limo_ros2_ws/install/nav2_msgs/include/nav2_msgs/msg/detail/costmap_meta_data__rosidl_typesupport_introspection_c.h
[4.335s] -- Up-to-date: /home/agilex/limo_ros2_ws/install/nav2_msgs/include/nav2_msgs/msg/detail/costmap__type_support.c
[4.335s] -- Up-to-date: /home/agilex/limo_ros2_ws/install/nav2_msgs/include/nav2_msgs/msg/detail/particle__type_support.c
[4.335s] -- Up-to-date: /home/agilex/limo_ros2_ws/install/nav2_msgs/include/nav2_msgs/msg/detail/behavior_tree_log__rosidl_typesupport_introspection_c.h
[4.336s] -- Up-to-date: /home/agilex/limo_ros2_ws/install/nav2_msgs/include/nav2_msgs/msg/detail/particle_cloud__type_support.c
[4.336s] -- Up-to-date: /home/agilex/limo_ros2_ws/install/nav2_msgs/include/nav2_msgs/srv
[4.336s] -- Up-to-date: /home/agilex/limo_ros2_ws/install/nav2_msgs/include/nav2_msgs/srv/detail
[4.336s] -- Up-to-date: /home/agilex/limo_ros2_ws/install/nav2_msgs/include/nav2_msgs/srv/detail/clear_costmap_around_robot__type_support.c
[4.336s] -- Up-to-date: /home/agilex/limo_ros2_ws/install/nav2_msgs/include/nav2_msgs/srv/detail/clear_costmap_except_region__rosidl_typesupport_introspection_c.h
[4.336s] -- Up-to-date: /home/agilex/limo_ros2_ws/install/nav2_msgs/include/nav2_msgs/srv/detail/get_costmap__rosidl_typesupport_introspection_c.h
[4.336s] -- Up-to-date: /home/agilex/limo_ros2_ws/install/nav2_msgs/include/nav2_msgs/srv/detail/get_costmap__type_support.c
[4.337s] -- Up-to-date: /home/agilex/limo_ros2_ws/install/nav2_msgs/include/nav2_msgs/srv/detail/save_map__rosidl_typesupport_introspection_c.h
[4.337s] -- Up-to-date: /home/agilex/limo_ros2_ws/install/nav2_msgs/include/nav2_msgs/srv/detail/manage_lifecycle_nodes__type_support.c
[4.337s] -- Up-to-date: /home/agilex/limo_ros2_ws/install/nav2_msgs/include/nav2_msgs/srv/detail/clear_costmap_around_robot__rosidl_typesupport_introspection_c.h
[4.337s] -- Up-to-date: /home/agilex/limo_ros2_ws/install/nav2_msgs/include/nav2_msgs/srv/detail/load_map__type_support.c
[4.337s] -- Up-to-date: /home/agilex/limo_ros2_ws/install/nav2_msgs/include/nav2_msgs/srv/detail/load_map__rosidl_typesupport_introspection_c.h
[4.337s] -- Up-to-date: /home/agilex/limo_ros2_ws/install/nav2_msgs/include/nav2_msgs/srv/detail/manage_lifecycle_nodes__rosidl_typesupport_introspection_c.h
[4.337s] -- Up-to-date: /home/agilex/limo_ros2_ws/install/nav2_msgs/include/nav2_msgs/srv/detail/clear_entire_costmap__rosidl_typesupport_introspection_c.h
[4.337s] -- Up-to-date: /home/agilex/limo_ros2_ws/install/nav2_msgs/include/nav2_msgs/srv/detail/clear_entire_costmap__type_support.c
[4.337s] -- Up-to-date: /home/agilex/limo_ros2_ws/install/nav2_msgs/include/nav2_msgs/srv/detail/save_map__type_support.c
[4.338s] -- Up-to-date: /home/agilex/limo_ros2_ws/install/nav2_msgs/include/nav2_msgs/srv/detail/clear_costmap_except_region__type_support.c
[4.338s] -- Up-to-date: /home/agilex/limo_ros2_ws/install/nav2_msgs/include/nav2_msgs/action
[4.338s] -- Up-to-date: /home/agilex/limo_ros2_ws/install/nav2_msgs/include/nav2_msgs/action/detail
[4.338s] -- Up-to-date: /home/agilex/limo_ros2_ws/install/nav2_msgs/include/nav2_msgs/action/detail/dummy_recovery__rosidl_typesupport_introspection_c.h
[4.338s] -- Up-to-date: /home/agilex/limo_ros2_ws/install/nav2_msgs/include/nav2_msgs/action/detail/follow_waypoints__rosidl_typesupport_introspection_c.h
[4.338s] -- Up-to-date: /home/agilex/limo_ros2_ws/install/nav2_msgs/include/nav2_msgs/action/detail/back_up__type_support.c
[4.338s] -- Up-to-date: /home/agilex/limo_ros2_ws/install/nav2_msgs/include/nav2_msgs/action/detail/follow_waypoints__type_support.c
[4.338s] -- Up-to-date: /home/agilex/limo_ros2_ws/install/nav2_msgs/include/nav2_msgs/action/detail/dummy_recovery__type_support.c
[4.339s] -- Up-to-date: /home/agilex/limo_ros2_ws/install/nav2_msgs/include/nav2_msgs/action/detail/back_up__rosidl_typesupport_introspection_c.h
[4.339s] -- Up-to-date: /home/agilex/limo_ros2_ws/install/nav2_msgs/include/nav2_msgs/action/detail/wait__rosidl_typesupport_introspection_c.h
[4.339s] -- Up-to-date: /home/agilex/limo_ros2_ws/install/nav2_msgs/include/nav2_msgs/action/detail/follow_path__type_support.c
[4.339s] -- Up-to-date: /home/agilex/limo_ros2_ws/install/nav2_msgs/include/nav2_msgs/action/detail/spin__rosidl_typesupport_introspection_c.h
[4.339s] -- Up-to-date: /home/agilex/limo_ros2_ws/install/nav2_msgs/include/nav2_msgs/action/detail/compute_path_to_pose__type_support.c
[4.339s] -- Up-to-date: /home/agilex/limo_ros2_ws/install/nav2_msgs/include/nav2_msgs/action/detail/follow_path__rosidl_typesupport_introspection_c.h
[4.339s] -- Up-to-date: /home/agilex/limo_ros2_ws/install/nav2_msgs/include/nav2_msgs/action/detail/navigate_to_pose__type_support.c
[4.339s] -- Up-to-date: /home/agilex/limo_ros2_ws/install/nav2_msgs/include/nav2_msgs/action/detail/navigate_to_pose__rosidl_typesupport_introspection_c.h
[4.339s] -- Up-to-date: /home/agilex/limo_ros2_ws/install/nav2_msgs/include/nav2_msgs/action/detail/compute_path_to_pose__rosidl_typesupport_introspection_c.h
[4.340s] -- Up-to-date: /home/agilex/limo_ros2_ws/install/nav2_msgs/include/nav2_msgs/action/detail/spin__type_support.c
[4.340s] -- Up-to-date: /home/agilex/limo_ros2_ws/install/nav2_msgs/include/nav2_msgs/action/detail/wait__type_support.c
[4.340s] -- Up-to-date: /home/agilex/limo_ros2_ws/install/nav2_msgs/lib/libnav2_msgs__rosidl_typesupport_introspection_c.so
[4.340s] -- Up-to-date: /home/agilex/limo_ros2_ws/install/nav2_msgs/lib/libnav2_msgs__rosidl_typesupport_c.so
[4.340s] -- Up-to-date: /home/agilex/limo_ros2_ws/install/nav2_msgs/include/nav2_msgs
[4.340s] -- Up-to-date: /home/agilex/limo_ros2_ws/install/nav2_msgs/include/nav2_msgs/msg
[4.340s] -- Up-to-date: /home/agilex/limo_ros2_ws/install/nav2_msgs/include/nav2_msgs/msg/costmap_meta_data.hpp
[4.340s] -- Up-to-date: /home/agilex/limo_ros2_ws/install/nav2_msgs/include/nav2_msgs/msg/particle.hpp
[4.341s] -- Up-to-date: /home/agilex/limo_ros2_ws/install/nav2_msgs/include/nav2_msgs/msg/costmap.hpp
[4.341s] -- Up-to-date: /home/agilex/limo_ros2_ws/install/nav2_msgs/include/nav2_msgs/msg/rosidl_generator_cpp__visibility_control.hpp
[4.341s] -- Up-to-date: /home/agilex/limo_ros2_ws/install/nav2_msgs/include/nav2_msgs/msg/behavior_tree_log.hpp
[4.341s] -- Up-to-date: /home/agilex/limo_ros2_ws/install/nav2_msgs/include/nav2_msgs/msg/particle_cloud.hpp
[4.341s] -- Up-to-date: /home/agilex/limo_ros2_ws/install/nav2_msgs/include/nav2_msgs/msg/detail
[4.341s] -- Up-to-date: /home/agilex/limo_ros2_ws/install/nav2_msgs/include/nav2_msgs/msg/detail/behavior_tree_log__traits.hpp
[4.341s] -- Up-to-date: /home/agilex/limo_ros2_ws/install/nav2_msgs/include/nav2_msgs/msg/detail/costmap__traits.hpp
[4.341s] -- Up-to-date: /home/agilex/limo_ros2_ws/install/nav2_msgs/include/nav2_msgs/msg/detail/particle__type_support.hpp
[4.342s] -- Up-to-date: /home/agilex/limo_ros2_ws/install/nav2_msgs/include/nav2_msgs/msg/detail/voxel_grid__traits.hpp
[4.342s] -- Up-to-date: /home/agilex/limo_ros2_ws/install/nav2_msgs/include/nav2_msgs/msg/detail/particle_cloud__struct.hpp
[4.342s] -- Up-to-date: /home/agilex/limo_ros2_ws/install/nav2_msgs/include/nav2_msgs/msg/detail/particle_cloud__builder.hpp
[4.342s] -- Up-to-date: /home/agilex/limo_ros2_ws/install/nav2_msgs/include/nav2_msgs/msg/detail/voxel_grid__type_support.hpp
[4.342s] -- Up-to-date: /home/agilex/limo_ros2_ws/install/nav2_msgs/include/nav2_msgs/msg/detail/behavior_tree_log__builder.hpp
[4.342s] -- Up-to-date: /home/agilex/limo_ros2_ws/install/nav2_msgs/include/nav2_msgs/msg/detail/voxel_grid__struct.hpp
[4.342s] -- Up-to-date: /home/agilex/limo_ros2_ws/install/nav2_msgs/include/nav2_msgs/msg/detail/behavior_tree_log__struct.hpp
[4.345s] -- Up-to-date: /home/agilex/limo_ros2_ws/install/nav2_msgs/include/nav2_msgs/msg/detail/costmap_meta_data__builder.hpp
[4.346s] -- Up-to-date: /home/agilex/limo_ros2_ws/install/nav2_msgs/include/nav2_msgs/msg/detail/costmap__builder.hpp
[4.349s] -- Up-to-date: /home/agilex/limo_ros2_ws/install/nav2_msgs/include/nav2_msgs/msg/detail/particle__traits.hpp
[4.349s] -- Up-to-date: /home/agilex/limo_ros2_ws/install/nav2_msgs/include/nav2_msgs/msg/detail/voxel_grid__builder.hpp
[4.349s] -- Up-to-date: /home/agilex/limo_ros2_ws/install/nav2_msgs/include/nav2_msgs/msg/detail/particle_cloud__type_support.hpp
[4.349s] -- Up-to-date: /home/agilex/limo_ros2_ws/install/nav2_msgs/include/nav2_msgs/msg/detail/particle_cloud__traits.hpp
[4.350s] -- Up-to-date: /home/agilex/limo_ros2_ws/install/nav2_msgs/include/nav2_msgs/msg/detail/costmap__struct.hpp
[4.350s] -- Up-to-date: /home/agilex/limo_ros2_ws/install/nav2_msgs/include/nav2_msgs/msg/detail/behavior_tree_status_change__struct.hpp
[4.350s] -- Up-to-date: /home/agilex/limo_ros2_ws/install/nav2_msgs/include/nav2_msgs/msg/detail/behavior_tree_log__type_support.hpp
[4.350s] -- Up-to-date: /home/agilex/limo_ros2_ws/install/nav2_msgs/include/nav2_msgs/msg/detail/particle__builder.hpp
[4.351s] -- Up-to-date: /home/agilex/limo_ros2_ws/install/nav2_msgs/include/nav2_msgs/msg/detail/costmap_meta_data__traits.hpp
[4.352s] -- Up-to-date: /home/agilex/limo_ros2_ws/install/nav2_msgs/include/nav2_msgs/msg/detail/costmap_meta_data__struct.hpp
[4.352s] -- Up-to-date: /home/agilex/limo_ros2_ws/install/nav2_msgs/include/nav2_msgs/msg/detail/behavior_tree_status_change__type_support.hpp
[4.352s] -- Up-to-date: /home/agilex/limo_ros2_ws/install/nav2_msgs/include/nav2_msgs/msg/detail/particle__struct.hpp
[4.352s] -- Up-to-date: /home/agilex/limo_ros2_ws/install/nav2_msgs/include/nav2_msgs/msg/detail/costmap__type_support.hpp
[4.352s] -- Up-to-date: /home/agilex/limo_ros2_ws/install/nav2_msgs/include/nav2_msgs/msg/detail/behavior_tree_status_change__traits.hpp
[4.352s] -- Up-to-date: /home/agilex/limo_ros2_ws/install/nav2_msgs/include/nav2_msgs/msg/detail/behavior_tree_status_change__builder.hpp
[4.352s] -- Up-to-date: /home/agilex/limo_ros2_ws/install/nav2_msgs/include/nav2_msgs/msg/detail/costmap_meta_data__type_support.hpp
[4.352s] -- Up-to-date: /home/agilex/limo_ros2_ws/install/nav2_msgs/include/nav2_msgs/msg/voxel_grid.hpp
[4.353s] -- Up-to-date: /home/agilex/limo_ros2_ws/install/nav2_msgs/include/nav2_msgs/msg/behavior_tree_status_change.hpp
[4.353s] -- Up-to-date: /home/agilex/limo_ros2_ws/install/nav2_msgs/include/nav2_msgs/srv
[4.353s] -- Up-to-date: /home/agilex/limo_ros2_ws/install/nav2_msgs/include/nav2_msgs/srv/clear_entire_costmap.hpp
[4.353s] -- Up-to-date: /home/agilex/limo_ros2_ws/install/nav2_msgs/include/nav2_msgs/srv/save_map.hpp
[4.353s] -- Up-to-date: /home/agilex/limo_ros2_ws/install/nav2_msgs/include/nav2_msgs/srv/clear_costmap_around_robot.hpp
[4.353s] -- Up-to-date: /home/agilex/limo_ros2_ws/install/nav2_msgs/include/nav2_msgs/srv/load_map.hpp
[4.353s] -- Up-to-date: /home/agilex/limo_ros2_ws/install/nav2_msgs/include/nav2_msgs/srv/manage_lifecycle_nodes.hpp
[4.353s] -- Up-to-date: /home/agilex/limo_ros2_ws/install/nav2_msgs/include/nav2_msgs/srv/detail
[4.354s] -- Up-to-date: /home/agilex/limo_ros2_ws/install/nav2_msgs/include/nav2_msgs/srv/detail/get_costmap__type_support.hpp
[4.354s] -- Up-to-date: /home/agilex/limo_ros2_ws/install/nav2_msgs/include/nav2_msgs/srv/detail/save_map__traits.hpp
[4.358s] -- Up-to-date: /home/agilex/limo_ros2_ws/install/nav2_msgs/include/nav2_msgs/srv/detail/load_map__builder.hpp
[4.361s] -- Up-to-date: /home/agilex/limo_ros2_ws/install/nav2_msgs/include/nav2_msgs/srv/detail/save_map__struct.hpp
[4.362s] -- Up-to-date: /home/agilex/limo_ros2_ws/install/nav2_msgs/include/nav2_msgs/srv/detail/manage_lifecycle_nodes__struct.hpp
[4.362s] -- Up-to-date: /home/agilex/limo_ros2_ws/install/nav2_msgs/include/nav2_msgs/srv/detail/clear_entire_costmap__traits.hpp
[4.362s] -- Up-to-date: /home/agilex/limo_ros2_ws/install/nav2_msgs/include/nav2_msgs/srv/detail/load_map__struct.hpp
[4.362s] -- Up-to-date: /home/agilex/limo_ros2_ws/install/nav2_msgs/include/nav2_msgs/srv/detail/clear_entire_costmap__builder.hpp
[4.362s] -- Up-to-date: /home/agilex/limo_ros2_ws/install/nav2_msgs/include/nav2_msgs/srv/detail/get_costmap__traits.hpp
[4.363s] -- Up-to-date: /home/agilex/limo_ros2_ws/install/nav2_msgs/include/nav2_msgs/srv/detail/load_map__type_support.hpp
[4.363s] -- Up-to-date: /home/agilex/limo_ros2_ws/install/nav2_msgs/include/nav2_msgs/srv/detail/manage_lifecycle_nodes__type_support.hpp
[4.363s] -- Up-to-date: /home/agilex/limo_ros2_ws/install/nav2_msgs/include/nav2_msgs/srv/detail/load_map__traits.hpp
[4.363s] -- Up-to-date: /home/agilex/limo_ros2_ws/install/nav2_msgs/include/nav2_msgs/srv/detail/clear_costmap_except_region__struct.hpp
[4.363s] -- Up-to-date: /home/agilex/limo_ros2_ws/install/nav2_msgs/include/nav2_msgs/srv/detail/clear_costmap_around_robot__traits.hpp
[4.363s] -- Up-to-date: /home/agilex/limo_ros2_ws/install/nav2_msgs/include/nav2_msgs/srv/detail/clear_costmap_around_robot__builder.hpp
[4.364s] -- Up-to-date: /home/agilex/limo_ros2_ws/install/nav2_msgs/include/nav2_msgs/srv/detail/get_costmap__struct.hpp
[4.365s] -- Up-to-date: /home/agilex/limo_ros2_ws/install/nav2_msgs/include/nav2_msgs/srv/detail/clear_costmap_except_region__traits.hpp
[4.369s] -- Up-to-date: /home/agilex/limo_ros2_ws/install/nav2_msgs/include/nav2_msgs/srv/detail/get_costmap__builder.hpp
[4.370s] -- Up-to-date: /home/agilex/limo_ros2_ws/install/nav2_msgs/include/nav2_msgs/srv/detail/clear_entire_costmap__struct.hpp
[4.370s] -- Up-to-date: /home/agilex/limo_ros2_ws/install/nav2_msgs/include/nav2_msgs/srv/detail/clear_costmap_around_robot__struct.hpp
[4.370s] -- Up-to-date: /home/agilex/limo_ros2_ws/install/nav2_msgs/include/nav2_msgs/srv/detail/manage_lifecycle_nodes__builder.hpp
[4.370s] -- Up-to-date: /home/agilex/limo_ros2_ws/install/nav2_msgs/include/nav2_msgs/srv/detail/save_map__builder.hpp
[4.370s] -- Up-to-date: /home/agilex/limo_ros2_ws/install/nav2_msgs/include/nav2_msgs/srv/detail/save_map__type_support.hpp
[4.371s] -- Up-to-date: /home/agilex/limo_ros2_ws/install/nav2_msgs/include/nav2_msgs/srv/detail/clear_costmap_except_region__type_support.hpp
[4.371s] -- Up-to-date: /home/agilex/limo_ros2_ws/install/nav2_msgs/include/nav2_msgs/srv/detail/clear_costmap_around_robot__type_support.hpp
[4.371s] -- Up-to-date: /home/agilex/limo_ros2_ws/install/nav2_msgs/include/nav2_msgs/srv/detail/manage_lifecycle_nodes__traits.hpp
[4.371s] -- Up-to-date: /home/agilex/limo_ros2_ws/install/nav2_msgs/include/nav2_msgs/srv/detail/clear_costmap_except_region__builder.hpp
[4.371s] -- Up-to-date: /home/agilex/limo_ros2_ws/install/nav2_msgs/include/nav2_msgs/srv/detail/clear_entire_costmap__type_support.hpp
[4.371s] -- Up-to-date: /home/agilex/limo_ros2_ws/install/nav2_msgs/include/nav2_msgs/srv/clear_costmap_except_region.hpp
[4.371s] -- Up-to-date: /home/agilex/limo_ros2_ws/install/nav2_msgs/include/nav2_msgs/srv/get_costmap.hpp
[4.371s] -- Up-to-date: /home/agilex/limo_ros2_ws/install/nav2_msgs/include/nav2_msgs/action
[4.372s] -- Up-to-date: /home/agilex/limo_ros2_ws/install/nav2_msgs/include/nav2_msgs/action/follow_path.hpp
[4.372s] -- Up-to-date: /home/agilex/limo_ros2_ws/install/nav2_msgs/include/nav2_msgs/action/back_up.hpp
[4.372s] -- Up-to-date: /home/agilex/limo_ros2_ws/install/nav2_msgs/include/nav2_msgs/action/wait.hpp
[4.372s] -- Up-to-date: /home/agilex/limo_ros2_ws/install/nav2_msgs/include/nav2_msgs/action/dummy_recovery.hpp
[4.372s] -- Up-to-date: /home/agilex/limo_ros2_ws/install/nav2_msgs/include/nav2_msgs/action/navigate_to_pose.hpp
[4.372s] -- Up-to-date: /home/agilex/limo_ros2_ws/install/nav2_msgs/include/nav2_msgs/action/spin.hpp
[4.373s] -- Up-to-date: /home/agilex/limo_ros2_ws/install/nav2_msgs/include/nav2_msgs/action/detail
[4.373s] -- Up-to-date: /home/agilex/limo_ros2_ws/install/nav2_msgs/include/nav2_msgs/action/detail/spin__builder.hpp
[4.373s] -- Up-to-date: /home/agilex/limo_ros2_ws/install/nav2_msgs/include/nav2_msgs/action/detail/dummy_recovery__traits.hpp
[4.373s] -- Up-to-date: /home/agilex/limo_ros2_ws/install/nav2_msgs/include/nav2_msgs/action/detail/wait__struct.hpp
[4.373s] -- Up-to-date: /home/agilex/limo_ros2_ws/install/nav2_msgs/include/nav2_msgs/action/detail/back_up__traits.hpp
[4.373s] -- Up-to-date: /home/agilex/limo_ros2_ws/install/nav2_msgs/include/nav2_msgs/action/detail/dummy_recovery__struct.hpp
[4.373s] -- Up-to-date: /home/agilex/limo_ros2_ws/install/nav2_msgs/include/nav2_msgs/action/detail/spin__struct.hpp
[4.373s] -- Up-to-date: /home/agilex/limo_ros2_ws/install/nav2_msgs/include/nav2_msgs/action/detail/spin__type_support.hpp
[4.374s] -- Up-to-date: /home/agilex/limo_ros2_ws/install/nav2_msgs/include/nav2_msgs/action/detail/wait__builder.hpp
[4.374s] -- Up-to-date: /home/agilex/limo_ros2_ws/install/nav2_msgs/include/nav2_msgs/action/detail/follow_path__struct.hpp
[4.374s] -- Up-to-date: /home/agilex/limo_ros2_ws/install/nav2_msgs/include/nav2_msgs/action/detail/follow_path__traits.hpp
[4.374s] -- Up-to-date: /home/agilex/limo_ros2_ws/install/nav2_msgs/include/nav2_msgs/action/detail/back_up__struct.hpp
[4.374s] -- Up-to-date: /home/agilex/limo_ros2_ws/install/nav2_msgs/include/nav2_msgs/action/detail/wait__traits.hpp
[4.374s] -- Up-to-date: /home/agilex/limo_ros2_ws/install/nav2_msgs/include/nav2_msgs/action/detail/dummy_recovery__type_support.hpp
[4.374s] -- Up-to-date: /home/agilex/limo_ros2_ws/install/nav2_msgs/include/nav2_msgs/action/detail/back_up__type_support.hpp
[4.374s] -- Up-to-date: /home/agilex/limo_ros2_ws/install/nav2_msgs/include/nav2_msgs/action/detail/dummy_recovery__builder.hpp
[4.375s] -- Up-to-date: /home/agilex/limo_ros2_ws/install/nav2_msgs/include/nav2_msgs/action/detail/follow_waypoints__type_support.hpp
[4.375s] -- Up-to-date: /home/agilex/limo_ros2_ws/install/nav2_msgs/include/nav2_msgs/action/detail/navigate_to_pose__struct.hpp
[4.375s] -- Up-to-date: /home/agilex/limo_ros2_ws/install/nav2_msgs/include/nav2_msgs/action/detail/compute_path_to_pose__traits.hpp
[4.375s] -- Up-to-date: /home/agilex/limo_ros2_ws/install/nav2_msgs/include/nav2_msgs/action/detail/navigate_to_pose__type_support.hpp
[4.375s] -- Up-to-date: /home/agilex/limo_ros2_ws/install/nav2_msgs/include/nav2_msgs/action/detail/follow_waypoints__traits.hpp
[4.375s] -- Up-to-date: /home/agilex/limo_ros2_ws/install/nav2_msgs/include/nav2_msgs/action/detail/follow_waypoints__builder.hpp
[4.375s] -- Up-to-date: /home/agilex/limo_ros2_ws/install/nav2_msgs/include/nav2_msgs/action/detail/navigate_to_pose__builder.hpp
[4.375s] -- Up-to-date: /home/agilex/limo_ros2_ws/install/nav2_msgs/include/nav2_msgs/action/detail/compute_path_to_pose__struct.hpp
[4.375s] -- Up-to-date: /home/agilex/limo_ros2_ws/install/nav2_msgs/include/nav2_msgs/action/detail/compute_path_to_pose__type_support.hpp
[4.376s] -- Up-to-date: /home/agilex/limo_ros2_ws/install/nav2_msgs/include/nav2_msgs/action/detail/follow_waypoints__struct.hpp
[4.376s] -- Up-to-date: /home/agilex/limo_ros2_ws/install/nav2_msgs/include/nav2_msgs/action/detail/compute_path_to_pose__builder.hpp
[4.376s] -- Up-to-date: /home/agilex/limo_ros2_ws/install/nav2_msgs/include/nav2_msgs/action/detail/spin__traits.hpp
[4.376s] -- Up-to-date: /home/agilex/limo_ros2_ws/install/nav2_msgs/include/nav2_msgs/action/detail/back_up__builder.hpp
[4.376s] -- Up-to-date: /home/agilex/limo_ros2_ws/install/nav2_msgs/include/nav2_msgs/action/detail/follow_path__builder.hpp
[4.376s] -- Up-to-date: /home/agilex/limo_ros2_ws/install/nav2_msgs/include/nav2_msgs/action/detail/navigate_to_pose__traits.hpp
[4.376s] -- Up-to-date: /home/agilex/limo_ros2_ws/install/nav2_msgs/include/nav2_msgs/action/detail/follow_path__type_support.hpp
[4.376s] -- Up-to-date: /home/agilex/limo_ros2_ws/install/nav2_msgs/include/nav2_msgs/action/detail/wait__type_support.hpp
[4.377s] -- Up-to-date: /home/agilex/limo_ros2_ws/install/nav2_msgs/include/nav2_msgs/action/compute_path_to_pose.hpp
[4.384s] -- Up-to-date: /home/agilex/limo_ros2_ws/install/nav2_msgs/include/nav2_msgs/action/follow_waypoints.hpp
[4.385s] -- Up-to-date: /home/agilex/limo_ros2_ws/install/nav2_msgs/include/nav2_msgs
[4.385s] -- Up-to-date: /home/agilex/limo_ros2_ws/install/nav2_msgs/include/nav2_msgs/msg
[4.385s] -- Up-to-date: /home/agilex/limo_ros2_ws/install/nav2_msgs/include/nav2_msgs/msg/detail
[4.385s] -- Up-to-date: /home/agilex/limo_ros2_ws/install/nav2_msgs/include/nav2_msgs/msg/detail/costmap__rosidl_typesupport_introspection_cpp.hpp
[4.386s] -- Up-to-date: /home/agilex/limo_ros2_ws/install/nav2_msgs/include/nav2_msgs/msg/detail/behavior_tree_status_change__rosidl_typesupport_introspection_cpp.hpp
[4.386s] -- Up-to-date: /home/agilex/limo_ros2_ws/install/nav2_msgs/include/nav2_msgs/msg/detail/voxel_grid__rosidl_typesupport_introspection_cpp.hpp
[4.386s] -- Up-to-date: /home/agilex/limo_ros2_ws/install/nav2_msgs/include/nav2_msgs/msg/detail/costmap__type_support.cpp
[4.386s] -- Up-to-date: /home/agilex/limo_ros2_ws/install/nav2_msgs/include/nav2_msgs/msg/detail/particle__rosidl_typesupport_introspection_cpp.hpp
[4.386s] -- Up-to-date: /home/agilex/limo_ros2_ws/install/nav2_msgs/include/nav2_msgs/msg/detail/costmap_meta_data__rosidl_typesupport_introspection_cpp.hpp
[4.387s] -- Up-to-date: /home/agilex/limo_ros2_ws/install/nav2_msgs/include/nav2_msgs/msg/detail/particle_cloud__type_support.cpp
[4.388s] -- Up-to-date: /home/agilex/limo_ros2_ws/install/nav2_msgs/include/nav2_msgs/msg/detail/particle__type_support.cpp
[4.388s] -- Up-to-date: /home/agilex/limo_ros2_ws/install/nav2_msgs/include/nav2_msgs/msg/detail/behavior_tree_log__rosidl_typesupport_introspection_cpp.hpp
[4.389s] -- Up-to-date: /home/agilex/limo_ros2_ws/install/nav2_msgs/include/nav2_msgs/msg/detail/voxel_grid__type_support.cpp
[4.389s] -- Up-to-date: /home/agilex/limo_ros2_ws/install/nav2_msgs/include/nav2_msgs/msg/detail/behavior_tree_status_change__type_support.cpp
[4.389s] -- Up-to-date: /home/agilex/limo_ros2_ws/install/nav2_msgs/include/nav2_msgs/msg/detail/particle_cloud__rosidl_typesupport_introspection_cpp.hpp
[4.389s] -- Up-to-date: /home/agilex/limo_ros2_ws/install/nav2_msgs/include/nav2_msgs/msg/detail/behavior_tree_log__type_support.cpp
[4.389s] -- Up-to-date: /home/agilex/limo_ros2_ws/install/nav2_msgs/include/nav2_msgs/msg/detail/costmap_meta_data__type_support.cpp
[4.389s] -- Up-to-date: /home/agilex/limo_ros2_ws/install/nav2_msgs/include/nav2_msgs/srv
[4.389s] -- Up-to-date: /home/agilex/limo_ros2_ws/install/nav2_msgs/include/nav2_msgs/srv/detail
[4.390s] -- Up-to-date: /home/agilex/limo_ros2_ws/install/nav2_msgs/include/nav2_msgs/srv/detail/save_map__type_support.cpp
[4.390s] -- Up-to-date: /home/agilex/limo_ros2_ws/install/nav2_msgs/include/nav2_msgs/srv/detail/clear_entire_costmap__rosidl_typesupport_introspection_cpp.hpp
[4.390s] -- Up-to-date: /home/agilex/limo_ros2_ws/install/nav2_msgs/include/nav2_msgs/srv/detail/load_map__type_support.cpp
[4.390s] -- Up-to-date: /home/agilex/limo_ros2_ws/install/nav2_msgs/include/nav2_msgs/srv/detail/clear_costmap_around_robot__type_support.cpp
[4.390s] -- Up-to-date: /home/agilex/limo_ros2_ws/install/nav2_msgs/include/nav2_msgs/srv/detail/clear_costmap_except_region__type_support.cpp
[4.390s] -- Up-to-date: /home/agilex/limo_ros2_ws/install/nav2_msgs/include/nav2_msgs/srv/detail/save_map__rosidl_typesupport_introspection_cpp.hpp
[4.390s] -- Up-to-date: /home/agilex/limo_ros2_ws/install/nav2_msgs/include/nav2_msgs/srv/detail/clear_costmap_except_region__rosidl_typesupport_introspection_cpp.hpp
[4.391s] -- Up-to-date: /home/agilex/limo_ros2_ws/install/nav2_msgs/include/nav2_msgs/srv/detail/get_costmap__type_support.cpp
[4.391s] -- Up-to-date: /home/agilex/limo_ros2_ws/install/nav2_msgs/include/nav2_msgs/srv/detail/get_costmap__rosidl_typesupport_introspection_cpp.hpp
[4.391s] -- Up-to-date: /home/agilex/limo_ros2_ws/install/nav2_msgs/include/nav2_msgs/srv/detail/load_map__rosidl_typesupport_introspection_cpp.hpp
[4.391s] -- Up-to-date: /home/agilex/limo_ros2_ws/install/nav2_msgs/include/nav2_msgs/srv/detail/manage_lifecycle_nodes__rosidl_typesupport_introspection_cpp.hpp
[4.391s] -- Up-to-date: /home/agilex/limo_ros2_ws/install/nav2_msgs/include/nav2_msgs/srv/detail/clear_costmap_around_robot__rosidl_typesupport_introspection_cpp.hpp
[4.391s] -- Up-to-date: /home/agilex/limo_ros2_ws/install/nav2_msgs/include/nav2_msgs/srv/detail/manage_lifecycle_nodes__type_support.cpp
[4.391s] -- Up-to-date: /home/agilex/limo_ros2_ws/install/nav2_msgs/include/nav2_msgs/srv/detail/clear_entire_costmap__type_support.cpp
[4.391s] -- Up-to-date: /home/agilex/limo_ros2_ws/install/nav2_msgs/include/nav2_msgs/action
[4.392s] -- Up-to-date: /home/agilex/limo_ros2_ws/install/nav2_msgs/include/nav2_msgs/action/detail
[4.392s] -- Up-to-date: /home/agilex/limo_ros2_ws/install/nav2_msgs/include/nav2_msgs/action/detail/dummy_recovery__rosidl_typesupport_introspection_cpp.hpp
[4.392s] -- Up-to-date: /home/agilex/limo_ros2_ws/install/nav2_msgs/include/nav2_msgs/action/detail/follow_waypoints__rosidl_typesupport_introspection_cpp.hpp
[4.398s] -- Up-to-date: /home/agilex/limo_ros2_ws/install/nav2_msgs/include/nav2_msgs/action/detail/follow_path__type_support.cpp
[4.398s] -- Up-to-date: /home/agilex/limo_ros2_ws/install/nav2_msgs/include/nav2_msgs/action/detail/follow_waypoints__type_support.cpp
[4.399s] -- Up-to-date: /home/agilex/limo_ros2_ws/install/nav2_msgs/include/nav2_msgs/action/detail/wait__rosidl_typesupport_introspection_cpp.hpp
[4.399s] -- Up-to-date: /home/agilex/limo_ros2_ws/install/nav2_msgs/include/nav2_msgs/action/detail/navigate_to_pose__type_support.cpp
[4.399s] -- Up-to-date: /home/agilex/limo_ros2_ws/install/nav2_msgs/include/nav2_msgs/action/detail/spin__type_support.cpp
[4.399s] -- Up-to-date: /home/agilex/limo_ros2_ws/install/nav2_msgs/include/nav2_msgs/action/detail/follow_path__rosidl_typesupport_introspection_cpp.hpp
[4.399s] -- Up-to-date: /home/agilex/limo_ros2_ws/install/nav2_msgs/include/nav2_msgs/action/detail/spin__rosidl_typesupport_introspection_cpp.hpp
[4.399s] -- Up-to-date: /home/agilex/limo_ros2_ws/install/nav2_msgs/include/nav2_msgs/action/detail/compute_path_to_pose__rosidl_typesupport_introspection_cpp.hpp
[4.399s] -- Up-to-date: /home/agilex/limo_ros2_ws/install/nav2_msgs/include/nav2_msgs/action/detail/back_up__rosidl_typesupport_introspection_cpp.hpp
[4.400s] -- Up-to-date: /home/agilex/limo_ros2_ws/install/nav2_msgs/include/nav2_msgs/action/detail/wait__type_support.cpp
[4.400s] -- Up-to-date: /home/agilex/limo_ros2_ws/install/nav2_msgs/include/nav2_msgs/action/detail/compute_path_to_pose__type_support.cpp
[4.400s] -- Up-to-date: /home/agilex/limo_ros2_ws/install/nav2_msgs/include/nav2_msgs/action/detail/back_up__type_support.cpp
[4.400s] -- Up-to-date: /home/agilex/limo_ros2_ws/install/nav2_msgs/include/nav2_msgs/action/detail/navigate_to_pose__rosidl_typesupport_introspection_cpp.hpp
[4.400s] -- Up-to-date: /home/agilex/limo_ros2_ws/install/nav2_msgs/include/nav2_msgs/action/detail/dummy_recovery__type_support.cpp
[4.405s] -- Up-to-date: /home/agilex/limo_ros2_ws/install/nav2_msgs/lib/libnav2_msgs__rosidl_typesupport_introspection_cpp.so
[4.406s] -- Up-to-date: /home/agilex/limo_ros2_ws/install/nav2_msgs/lib/libnav2_msgs__rosidl_typesupport_cpp.so
[4.406s] -- Up-to-date: /home/agilex/limo_ros2_ws/install/nav2_msgs/share/nav2_msgs/environment/pythonpath.sh
[4.406s] -- Up-to-date: /home/agilex/limo_ros2_ws/install/nav2_msgs/share/nav2_msgs/environment/pythonpath.dsv
[4.406s] -- Up-to-date: /home/agilex/limo_ros2_ws/install/nav2_msgs/lib/python3.8/site-packages/nav2_msgs/__init__.py
[4.488s] -- Up-to-date: /home/agilex/limo_ros2_ws/install/nav2_msgs/lib/python3.8/site-packages/nav2_msgs/msg
[4.491s] -- Up-to-date: /home/agilex/limo_ros2_ws/install/nav2_msgs/lib/python3.8/site-packages/nav2_msgs/msg/_particle_cloud_s.c
[4.491s] -- Up-to-date: /home/agilex/limo_ros2_ws/install/nav2_msgs/lib/python3.8/site-packages/nav2_msgs/msg/_voxel_grid.py
[4.491s] -- Up-to-date: /home/agilex/limo_ros2_ws/install/nav2_msgs/lib/python3.8/site-packages/nav2_msgs/msg/_behavior_tree_log_s.c
[4.491s] -- Up-to-date: /home/agilex/limo_ros2_ws/install/nav2_msgs/lib/python3.8/site-packages/nav2_msgs/msg/_voxel_grid_s.c
[4.491s] -- Up-to-date: /home/agilex/limo_ros2_ws/install/nav2_msgs/lib/python3.8/site-packages/nav2_msgs/msg/_behavior_tree_status_change_s.c
[4.492s] -- Up-to-date: /home/agilex/limo_ros2_ws/install/nav2_msgs/lib/python3.8/site-packages/nav2_msgs/msg/_particle_s.c
[4.492s] -- Up-to-date: /home/agilex/limo_ros2_ws/install/nav2_msgs/lib/python3.8/site-packages/nav2_msgs/msg/__init__.py
[4.492s] -- Up-to-date: /home/agilex/limo_ros2_ws/install/nav2_msgs/lib/python3.8/site-packages/nav2_msgs/msg/_particle.py
[4.492s] -- Up-to-date: /home/agilex/limo_ros2_ws/install/nav2_msgs/lib/python3.8/site-packages/nav2_msgs/msg/_costmap_meta_data.py
[4.492s] -- Up-to-date: /home/agilex/limo_ros2_ws/install/nav2_msgs/lib/python3.8/site-packages/nav2_msgs/msg/_costmap_s.c
[4.492s] -- Up-to-date: /home/agilex/limo_ros2_ws/install/nav2_msgs/lib/python3.8/site-packages/nav2_msgs/msg/_particle_cloud.py
[4.492s] -- Up-to-date: /home/agilex/limo_ros2_ws/install/nav2_msgs/lib/python3.8/site-packages/nav2_msgs/msg/_costmap.py
[4.493s] -- Up-to-date: /home/agilex/limo_ros2_ws/install/nav2_msgs/lib/python3.8/site-packages/nav2_msgs/msg/_behavior_tree_status_change.py
[4.493s] -- Up-to-date: /home/agilex/limo_ros2_ws/install/nav2_msgs/lib/python3.8/site-packages/nav2_msgs/msg/_behavior_tree_log.py
[4.493s] -- Up-to-date: /home/agilex/limo_ros2_ws/install/nav2_msgs/lib/python3.8/site-packages/nav2_msgs/msg/_costmap_meta_data_s.c
[4.493s] -- Up-to-date: /home/agilex/limo_ros2_ws/install/nav2_msgs/lib/python3.8/site-packages/nav2_msgs/srv
[4.495s] -- Up-to-date: /home/agilex/limo_ros2_ws/install/nav2_msgs/lib/python3.8/site-packages/nav2_msgs/srv/_save_map_s.c
[4.496s] -- Up-to-date: /home/agilex/limo_ros2_ws/install/nav2_msgs/lib/python3.8/site-packages/nav2_msgs/srv/_clear_costmap_except_region_s.c
[4.496s] -- Up-to-date: /home/agilex/limo_ros2_ws/install/nav2_msgs/lib/python3.8/site-packages/nav2_msgs/srv/_clear_entire_costmap_s.c
[4.496s] -- Up-to-date: /home/agilex/limo_ros2_ws/install/nav2_msgs/lib/python3.8/site-packages/nav2_msgs/srv/_get_costmap_s.c
[4.497s] -- Up-to-date: /home/agilex/limo_ros2_ws/install/nav2_msgs/lib/python3.8/site-packages/nav2_msgs/srv/_clear_costmap_around_robot_s.c
[4.497s] -- Up-to-date: /home/agilex/limo_ros2_ws/install/nav2_msgs/lib/python3.8/site-packages/nav2_msgs/srv/__init__.py
[4.497s] -- Up-to-date: /home/agilex/limo_ros2_ws/install/nav2_msgs/lib/python3.8/site-packages/nav2_msgs/srv/_manage_lifecycle_nodes.py
[4.498s] -- Up-to-date: /home/agilex/limo_ros2_ws/install/nav2_msgs/lib/python3.8/site-packages/nav2_msgs/srv/_clear_entire_costmap.py
[4.498s] -- Up-to-date: /home/agilex/limo_ros2_ws/install/nav2_msgs/lib/python3.8/site-packages/nav2_msgs/srv/_clear_costmap_around_robot.py
[4.498s] -- Up-to-date: /home/agilex/limo_ros2_ws/install/nav2_msgs/lib/python3.8/site-packages/nav2_msgs/srv/_load_map.py
[4.498s] -- Up-to-date: /home/agilex/limo_ros2_ws/install/nav2_msgs/lib/python3.8/site-packages/nav2_msgs/srv/_clear_costmap_except_region.py
[4.498s] -- Up-to-date: /home/agilex/limo_ros2_ws/install/nav2_msgs/lib/python3.8/site-packages/nav2_msgs/srv/_get_costmap.py
[4.498s] -- Up-to-date: /home/agilex/limo_ros2_ws/install/nav2_msgs/lib/python3.8/site-packages/nav2_msgs/srv/_manage_lifecycle_nodes_s.c
[4.498s] -- Up-to-date: /home/agilex/limo_ros2_ws/install/nav2_msgs/lib/python3.8/site-packages/nav2_msgs/srv/_save_map.py
[4.499s] -- Up-to-date: /home/agilex/limo_ros2_ws/install/nav2_msgs/lib/python3.8/site-packages/nav2_msgs/srv/_load_map_s.c
[4.499s] -- Up-to-date: /home/agilex/limo_ros2_ws/install/nav2_msgs/lib/python3.8/site-packages/nav2_msgs/action
[4.500s] -- Up-to-date: /home/agilex/limo_ros2_ws/install/nav2_msgs/lib/python3.8/site-packages/nav2_msgs/action/_spin.py
[4.500s] -- Up-to-date: /home/agilex/limo_ros2_ws/install/nav2_msgs/lib/python3.8/site-packages/nav2_msgs/action/_follow_waypoints.py
[4.500s] -- Up-to-date: /home/agilex/limo_ros2_ws/install/nav2_msgs/lib/python3.8/site-packages/nav2_msgs/action/_wait.py
[4.500s] -- Up-to-date: /home/agilex/limo_ros2_ws/install/nav2_msgs/lib/python3.8/site-packages/nav2_msgs/action/_back_up_s.c
[4.500s] -- Up-to-date: /home/agilex/limo_ros2_ws/install/nav2_msgs/lib/python3.8/site-packages/nav2_msgs/action/_spin_s.c
[4.501s] -- Up-to-date: /home/agilex/limo_ros2_ws/install/nav2_msgs/lib/python3.8/site-packages/nav2_msgs/action/_follow_path.py
[4.501s] -- Up-to-date: /home/agilex/limo_ros2_ws/install/nav2_msgs/lib/python3.8/site-packages/nav2_msgs/action/_compute_path_to_pose_s.c
[4.501s] -- Up-to-date: /home/agilex/limo_ros2_ws/install/nav2_msgs/lib/python3.8/site-packages/nav2_msgs/action/_dummy_recovery.py
[4.501s] -- Up-to-date: /home/agilex/limo_ros2_ws/install/nav2_msgs/lib/python3.8/site-packages/nav2_msgs/action/_dummy_recovery_s.c
[4.501s] -- Up-to-date: /home/agilex/limo_ros2_ws/install/nav2_msgs/lib/python3.8/site-packages/nav2_msgs/action/_back_up.py
[4.501s] -- Up-to-date: /home/agilex/limo_ros2_ws/install/nav2_msgs/lib/python3.8/site-packages/nav2_msgs/action/_follow_waypoints_s.c
[4.501s] -- Up-to-date: /home/agilex/limo_ros2_ws/install/nav2_msgs/lib/python3.8/site-packages/nav2_msgs/action/__init__.py
[4.501s] -- Up-to-date: /home/agilex/limo_ros2_ws/install/nav2_msgs/lib/python3.8/site-packages/nav2_msgs/action/_wait_s.c
[4.502s] -- Up-to-date: /home/agilex/limo_ros2_ws/install/nav2_msgs/lib/python3.8/site-packages/nav2_msgs/action/_compute_path_to_pose.py
[4.502s] -- Up-to-date: /home/agilex/limo_ros2_ws/install/nav2_msgs/lib/python3.8/site-packages/nav2_msgs/action/_navigate_to_pose.py
[4.502s] -- Up-to-date: /home/agilex/limo_ros2_ws/install/nav2_msgs/lib/python3.8/site-packages/nav2_msgs/action/_navigate_to_pose_s.c
[4.502s] -- Up-to-date: /home/agilex/limo_ros2_ws/install/nav2_msgs/lib/python3.8/site-packages/nav2_msgs/action/_follow_path_s.c
[4.502s] -- Up-to-date: /home/agilex/limo_ros2_ws/install/nav2_msgs/lib/python3.8/site-packages/nav2_msgs/nav2_msgs_s__rosidl_typesupport_fastrtps_c.cpython-38-aarch64-linux-gnu.so
[4.502s] -- Up-to-date: /home/agilex/limo_ros2_ws/install/nav2_msgs/lib/python3.8/site-packages/nav2_msgs/nav2_msgs_s__rosidl_typesupport_introspection_c.cpython-38-aarch64-linux-gnu.so
[4.503s] -- Up-to-date: /home/agilex/limo_ros2_ws/install/nav2_msgs/lib/python3.8/site-packages/nav2_msgs/nav2_msgs_s__rosidl_typesupport_c.cpython-38-aarch64-linux-gnu.so
[4.504s] -- Up-to-date: /home/agilex/limo_ros2_ws/install/nav2_msgs/lib/libnav2_msgs__python.so
[4.505s] -- Up-to-date: /home/agilex/limo_ros2_ws/install/nav2_msgs/share/nav2_msgs/msg/Costmap.idl
[4.505s] -- Up-to-date: /home/agilex/limo_ros2_ws/install/nav2_msgs/share/nav2_msgs/msg/CostmapMetaData.idl
[4.506s] -- Up-to-date: /home/agilex/limo_ros2_ws/install/nav2_msgs/share/nav2_msgs/msg/VoxelGrid.idl
[4.506s] -- Up-to-date: /home/agilex/limo_ros2_ws/install/nav2_msgs/share/nav2_msgs/msg/BehaviorTreeStatusChange.idl
[4.506s] -- Up-to-date: /home/agilex/limo_ros2_ws/install/nav2_msgs/share/nav2_msgs/msg/BehaviorTreeLog.idl
[4.506s] -- Up-to-date: /home/agilex/limo_ros2_ws/install/nav2_msgs/share/nav2_msgs/msg/Particle.idl
[4.506s] -- Up-to-date: /home/agilex/limo_ros2_ws/install/nav2_msgs/share/nav2_msgs/msg/ParticleCloud.idl
[4.507s] -- Up-to-date: /home/agilex/limo_ros2_ws/install/nav2_msgs/share/nav2_msgs/srv/GetCostmap.idl
[4.507s] -- Up-to-date: /home/agilex/limo_ros2_ws/install/nav2_msgs/share/nav2_msgs/srv/ClearCostmapExceptRegion.idl
[4.507s] -- Up-to-date: /home/agilex/limo_ros2_ws/install/nav2_msgs/share/nav2_msgs/srv/ClearCostmapAroundRobot.idl
[4.507s] -- Up-to-date: /home/agilex/limo_ros2_ws/install/nav2_msgs/share/nav2_msgs/srv/ClearEntireCostmap.idl
[4.508s] -- Up-to-date: /home/agilex/limo_ros2_ws/install/nav2_msgs/share/nav2_msgs/srv/ManageLifecycleNodes.idl
[4.508s] -- Up-to-date: /home/agilex/limo_ros2_ws/install/nav2_msgs/share/nav2_msgs/srv/LoadMap.idl
[4.508s] -- Up-to-date: /home/agilex/limo_ros2_ws/install/nav2_msgs/share/nav2_msgs/srv/SaveMap.idl
[4.508s] -- Up-to-date: /home/agilex/limo_ros2_ws/install/nav2_msgs/share/nav2_msgs/action/BackUp.idl
[4.508s] -- Up-to-date: /home/agilex/limo_ros2_ws/install/nav2_msgs/share/nav2_msgs/action/ComputePathToPose.idl
[4.509s] -- Up-to-date: /home/agilex/limo_ros2_ws/install/nav2_msgs/share/nav2_msgs/action/FollowPath.idl
[4.509s] -- Up-to-date: /home/agilex/limo_ros2_ws/install/nav2_msgs/share/nav2_msgs/action/NavigateToPose.idl
[4.509s] -- Up-to-date: /home/agilex/limo_ros2_ws/install/nav2_msgs/share/nav2_msgs/action/Wait.idl
[4.509s] -- Up-to-date: /home/agilex/limo_ros2_ws/install/nav2_msgs/share/nav2_msgs/action/Spin.idl
[4.510s] -- Up-to-date: /home/agilex/limo_ros2_ws/install/nav2_msgs/share/nav2_msgs/action/DummyRecovery.idl
[4.510s] -- Up-to-date: /home/agilex/limo_ros2_ws/install/nav2_msgs/share/nav2_msgs/action/FollowWaypoints.idl
[4.510s] -- Up-to-date: /home/agilex/limo_ros2_ws/install/nav2_msgs/share/nav2_msgs/msg/Costmap.msg
[4.510s] -- Up-to-date: /home/agilex/limo_ros2_ws/install/nav2_msgs/share/nav2_msgs/msg/CostmapMetaData.msg
[4.511s] -- Up-to-date: /home/agilex/limo_ros2_ws/install/nav2_msgs/share/nav2_msgs/msg/VoxelGrid.msg
[4.511s] -- Up-to-date: /home/agilex/limo_ros2_ws/install/nav2_msgs/share/nav2_msgs/msg/BehaviorTreeStatusChange.msg
[4.511s] -- Up-to-date: /home/agilex/limo_ros2_ws/install/nav2_msgs/share/nav2_msgs/msg/BehaviorTreeLog.msg
[4.512s] -- Up-to-date: /home/agilex/limo_ros2_ws/install/nav2_msgs/share/nav2_msgs/msg/Particle.msg
[4.512s] -- Up-to-date: /home/agilex/limo_ros2_ws/install/nav2_msgs/share/nav2_msgs/msg/ParticleCloud.msg
[4.514s] -- Up-to-date: /home/agilex/limo_ros2_ws/install/nav2_msgs/share/nav2_msgs/srv/GetCostmap.srv
[4.514s] -- Up-to-date: /home/agilex/limo_ros2_ws/install/nav2_msgs/share/nav2_msgs/srv/GetCostmap_Request.msg
[4.514s] -- Up-to-date: /home/agilex/limo_ros2_ws/install/nav2_msgs/share/nav2_msgs/srv/GetCostmap_Response.msg
[4.514s] -- Up-to-date: /home/agilex/limo_ros2_ws/install/nav2_msgs/share/nav2_msgs/srv/ClearCostmapExceptRegion.srv
[4.515s] -- Up-to-date: /home/agilex/limo_ros2_ws/install/nav2_msgs/share/nav2_msgs/srv/ClearCostmapExceptRegion_Request.msg
[4.515s] -- Up-to-date: /home/agilex/limo_ros2_ws/install/nav2_msgs/share/nav2_msgs/srv/ClearCostmapExceptRegion_Response.msg
[4.515s] -- Up-to-date: /home/agilex/limo_ros2_ws/install/nav2_msgs/share/nav2_msgs/srv/ClearCostmapAroundRobot.srv
[4.515s] -- Up-to-date: /home/agilex/limo_ros2_ws/install/nav2_msgs/share/nav2_msgs/srv/ClearCostmapAroundRobot_Request.msg
[4.515s] -- Up-to-date: /home/agilex/limo_ros2_ws/install/nav2_msgs/share/nav2_msgs/srv/ClearCostmapAroundRobot_Response.msg
[4.516s] -- Up-to-date: /home/agilex/limo_ros2_ws/install/nav2_msgs/share/nav2_msgs/srv/ClearEntireCostmap.srv
[4.516s] -- Up-to-date: /home/agilex/limo_ros2_ws/install/nav2_msgs/share/nav2_msgs/srv/ClearEntireCostmap_Request.msg
[4.516s] -- Up-to-date: /home/agilex/limo_ros2_ws/install/nav2_msgs/share/nav2_msgs/srv/ClearEntireCostmap_Response.msg
[4.516s] -- Up-to-date: /home/agilex/limo_ros2_ws/install/nav2_msgs/share/nav2_msgs/srv/ManageLifecycleNodes.srv
[4.517s] -- Up-to-date: /home/agilex/limo_ros2_ws/install/nav2_msgs/share/nav2_msgs/srv/ManageLifecycleNodes_Request.msg
[4.517s] -- Up-to-date: /home/agilex/limo_ros2_ws/install/nav2_msgs/share/nav2_msgs/srv/ManageLifecycleNodes_Response.msg
[4.517s] -- Up-to-date: /home/agilex/limo_ros2_ws/install/nav2_msgs/share/nav2_msgs/srv/LoadMap.srv
[4.517s] -- Up-to-date: /home/agilex/limo_ros2_ws/install/nav2_msgs/share/nav2_msgs/srv/LoadMap_Request.msg
[4.520s] -- Up-to-date: /home/agilex/limo_ros2_ws/install/nav2_msgs/share/nav2_msgs/srv/LoadMap_Response.msg
[4.530s] -- Up-to-date: /home/agilex/limo_ros2_ws/install/nav2_msgs/share/nav2_msgs/srv/SaveMap.srv
[4.531s] -- Up-to-date: /home/agilex/limo_ros2_ws/install/nav2_msgs/share/nav2_msgs/srv/SaveMap_Request.msg
[4.531s] -- Up-to-date: /home/agilex/limo_ros2_ws/install/nav2_msgs/share/nav2_msgs/srv/SaveMap_Response.msg
[4.532s] -- Up-to-date: /home/agilex/limo_ros2_ws/install/nav2_msgs/share/nav2_msgs/action/BackUp.action
[4.532s] -- Up-to-date: /home/agilex/limo_ros2_ws/install/nav2_msgs/share/nav2_msgs/action/ComputePathToPose.action
[4.533s] -- Up-to-date: /home/agilex/limo_ros2_ws/install/nav2_msgs/share/nav2_msgs/action/FollowPath.action
[4.533s] -- Up-to-date: /home/agilex/limo_ros2_ws/install/nav2_msgs/share/nav2_msgs/action/NavigateToPose.action
[4.533s] -- Up-to-date: /home/agilex/limo_ros2_ws/install/nav2_msgs/share/nav2_msgs/action/Wait.action
[4.533s] -- Up-to-date: /home/agilex/limo_ros2_ws/install/nav2_msgs/share/nav2_msgs/action/Spin.action
[4.533s] -- Up-to-date: /home/agilex/limo_ros2_ws/install/nav2_msgs/share/nav2_msgs/action/DummyRecovery.action
[4.533s] -- Up-to-date: /home/agilex/limo_ros2_ws/install/nav2_msgs/share/nav2_msgs/action/FollowWaypoints.action
[4.533s] -- Up-to-date: /home/agilex/limo_ros2_ws/install/nav2_msgs/share/ament_index/resource_index/package_run_dependencies/nav2_msgs
[4.534s] -- Up-to-date: /home/agilex/limo_ros2_ws/install/nav2_msgs/share/ament_index/resource_index/parent_prefix_path/nav2_msgs
[4.534s] -- Up-to-date: /home/agilex/limo_ros2_ws/install/nav2_msgs/share/nav2_msgs/environment/ament_prefix_path.sh
[4.534s] -- Up-to-date: /home/agilex/limo_ros2_ws/install/nav2_msgs/share/nav2_msgs/environment/ament_prefix_path.dsv
[4.534s] -- Up-to-date: /home/agilex/limo_ros2_ws/install/nav2_msgs/share/nav2_msgs/environment/path.sh
[4.534s] -- Up-to-date: /home/agilex/limo_ros2_ws/install/nav2_msgs/share/nav2_msgs/environment/path.dsv
[4.534s] -- Up-to-date: /home/agilex/limo_ros2_ws/install/nav2_msgs/share/nav2_msgs/local_setup.bash
[4.534s] -- Up-to-date: /home/agilex/limo_ros2_ws/install/nav2_msgs/share/nav2_msgs/local_setup.sh
[4.534s] -- Up-to-date: /home/agilex/limo_ros2_ws/install/nav2_msgs/share/nav2_msgs/local_setup.zsh
[4.535s] -- Up-to-date: /home/agilex/limo_ros2_ws/install/nav2_msgs/share/nav2_msgs/local_setup.dsv
[4.535s] -- Installing: /home/agilex/limo_ros2_ws/install/nav2_msgs/share/nav2_msgs/package.dsv
[4.535s] -- Up-to-date: /home/agilex/limo_ros2_ws/install/nav2_msgs/share/ament_index/resource_index/packages/nav2_msgs
[4.537s] -- Up-to-date: /home/agilex/limo_ros2_ws/install/nav2_msgs/share/nav2_msgs/cmake/nav2_msgs__rosidl_generator_cExport.cmake
[4.537s] -- Up-to-date: /home/agilex/limo_ros2_ws/install/nav2_msgs/share/nav2_msgs/cmake/nav2_msgs__rosidl_generator_cExport-release.cmake
[4.537s] -- Up-to-date: /home/agilex/limo_ros2_ws/install/nav2_msgs/share/nav2_msgs/cmake/nav2_msgs__rosidl_typesupport_introspection_cExport.cmake
[4.538s] -- Up-to-date: /home/agilex/limo_ros2_ws/install/nav2_msgs/share/nav2_msgs/cmake/nav2_msgs__rosidl_typesupport_introspection_cExport-release.cmake
[4.538s] -- Up-to-date: /home/agilex/limo_ros2_ws/install/nav2_msgs/share/nav2_msgs/cmake/nav2_msgs__rosidl_typesupport_cExport.cmake
[4.538s] -- Up-to-date: /home/agilex/limo_ros2_ws/install/nav2_msgs/share/nav2_msgs/cmake/nav2_msgs__rosidl_typesupport_cExport-release.cmake
[4.538s] -- Up-to-date: /home/agilex/limo_ros2_ws/install/nav2_msgs/share/nav2_msgs/cmake/nav2_msgs__rosidl_generator_cppExport.cmake
[4.538s] -- Up-to-date: /home/agilex/limo_ros2_ws/install/nav2_msgs/share/nav2_msgs/cmake/nav2_msgs__rosidl_typesupport_introspection_cppExport.cmake
[4.538s] -- Up-to-date: /home/agilex/limo_ros2_ws/install/nav2_msgs/share/nav2_msgs/cmake/nav2_msgs__rosidl_typesupport_introspection_cppExport-release.cmake
[4.538s] -- Up-to-date: /home/agilex/limo_ros2_ws/install/nav2_msgs/share/nav2_msgs/cmake/nav2_msgs__rosidl_typesupport_cppExport.cmake
[4.538s] -- Up-to-date: /home/agilex/limo_ros2_ws/install/nav2_msgs/share/nav2_msgs/cmake/nav2_msgs__rosidl_typesupport_cppExport-release.cmake
[4.539s] -- Up-to-date: /home/agilex/limo_ros2_ws/install/nav2_msgs/share/nav2_msgs/cmake/rosidl_cmake-extras.cmake
[4.539s] -- Up-to-date: /home/agilex/limo_ros2_ws/install/nav2_msgs/share/nav2_msgs/cmake/ament_cmake_export_dependencies-extras.cmake
[4.539s] -- Up-to-date: /home/agilex/limo_ros2_ws/install/nav2_msgs/share/nav2_msgs/cmake/ament_cmake_export_libraries-extras.cmake
[4.539s] -- Up-to-date: /home/agilex/limo_ros2_ws/install/nav2_msgs/share/nav2_msgs/cmake/ament_cmake_export_targets-extras.cmake
[4.539s] -- Up-to-date: /home/agilex/limo_ros2_ws/install/nav2_msgs/share/nav2_msgs/cmake/ament_cmake_export_include_directories-extras.cmake
[4.539s] -- Up-to-date: /home/agilex/limo_ros2_ws/install/nav2_msgs/share/nav2_msgs/cmake/rosidl_cmake_export_typesupport_libraries-extras.cmake
[4.539s] -- Up-to-date: /home/agilex/limo_ros2_ws/install/nav2_msgs/share/nav2_msgs/cmake/rosidl_cmake_export_typesupport_targets-extras.cmake
[4.539s] -- Up-to-date: /home/agilex/limo_ros2_ws/install/nav2_msgs/share/nav2_msgs/cmake/nav2_msgsConfig.cmake
[4.540s] -- Up-to-date: /home/agilex/limo_ros2_ws/install/nav2_msgs/share/nav2_msgs/cmake/nav2_msgsConfig-version.cmake
[4.540s] -- Up-to-date: /home/agilex/limo_ros2_ws/install/nav2_msgs/share/nav2_msgs/package.xml
[4.548s] Invoked command in '/home/agilex/limo_ros2_ws/build/nav2_msgs' returned '0': CMAKE_PREFIX_PATH=/home/agilex/limo_ros2_ws/install/nav2_common:/home/agilex/limo_ros2_ws/install/ydlidar_sdk:/home/agilex/limo_ros2_ws/install/ydlidar_ros2_driver:/home/agilex/limo_ros2_ws/install/teb_local_planner:/home/agilex/limo_ros2_ws/install/teb_msgs:/home/agilex/limo_ros2_ws/install/nav2_system_tests:/home/agilex/limo_ros2_ws/install/nav2_bringup:/home/agilex/limo_ros2_ws/install/navigation2:/home/agilex/limo_ros2_ws/install/smac_planner:/home/agilex/limo_ros2_ws/install/rf2o_laser_odometry:/home/agilex/limo_ros2_ws/install/nav2_dwb_controller:/home/agilex/limo_ros2_ws/install/nav2_controller:/home/agilex/limo_ros2_ws/install/dwb_plugins:/home/agilex/limo_ros2_ws/install/dwb_critics:/home/agilex/limo_ros2_ws/install/dwb_core:/home/agilex/limo_ros2_ws/install/nav_2d_utils:/home/agilex/limo_ros2_ws/install/dwb_msgs:/home/agilex/limo_ros2_ws/install/nav_2d_msgs:/home/agilex/limo_ros2_ws/install/nav2_waypoint_follower:/home/agilex/limo_ros2_ws/install/nav2_regulated_pure_pursuit_controller:/home/agilex/limo_ros2_ws/install/nav2_recoveries:/home/agilex/limo_ros2_ws/install/nav2_planner:/home/agilex/limo_ros2_ws/install/nav2_navfn_planner:/home/agilex/limo_ros2_ws/install/nav2_core:/home/agilex/limo_ros2_ws/install/costmap_queue:/home/agilex/limo_ros2_ws/install/costmap_converter:/home/agilex/limo_ros2_ws/install/nav2_costmap_2d:/home/agilex/limo_ros2_ws/install/nav2_voxel_grid:/home/agilex/limo_ros2_ws/install/nav2_rviz_plugins:/home/agilex/limo_ros2_ws/install/nav2_map_server:/home/agilex/limo_ros2_ws/install/nav2_lifecycle_manager:/home/agilex/limo_ros2_ws/install/nav2_bt_navigator:/home/agilex/limo_ros2_ws/install/nav2_behavior_tree:/home/agilex/limo_ros2_ws/install/nav2_amcl:/home/agilex/limo_ros2_ws/install/nav2_util:/home/agilex/limo_ros2_ws/install/nav2_msgs:/home/agilex/limo_ros2_ws/install/mypalletizer_interfaces:/home/agilex/limo_ros2_ws/install/mycobot_interfaces:/home/agilex/limo_ros2_ws/install/mecharm_interfaces:/home/agilex/limo_ros2_ws/install/magic_enum:/home/agilex/limo_ros2_ws/install/limo_bringup:/home/agilex/limo_ros2_ws/install/limo_base:/home/agilex/limo_ros2_ws/install/limo_msgs:/home/agilex/limo_ros2_ws/install/limo_description:/home/agilex/limo_ros2_ws/install/libuvc:/home/agilex/limo_ros2_ws/install/glog:/home/agilex/limo_ros2_ws/install/costmap_converter_msgs:/home/agilex/limo_ros2_ws/install/astra_camera:/home/agilex/limo_ros2_ws/install/astra_camera_msgs:/home/agilex/limo_ros2_ws/install/ultraarm:/home/agilex/limo_ros2_ws/install/nav2_gazebo_spawner:/home/agilex/limo_ros2_ws/install/mypalletizer_260_pi:/home/agilex/limo_ros2_ws/install/mypalletizer_260:/home/agilex/limo_ros2_ws/install/mypalletizer_communication:/home/agilex/limo_ros2_ws/install/mycobot_630:/home/agilex/limo_ros2_ws/install/mycobot_600:/home/agilex/limo_ros2_ws/install/mycobot_320pi:/home/agilex/limo_ros2_ws/install/mycobot_320:/home/agilex/limo_ros2_ws/install/mycobot_280pi:/home/agilex/limo_ros2_ws/install/mycobot_280jn:/home/agilex/limo_ros2_ws/install/mycobot_280_x3pi:/home/agilex/limo_ros2_ws/install/mycobot_280:/home/agilex/limo_ros2_ws/install/myarm_300:/home/agilex/limo_ros2_ws/install/mycobot_communication:/home/agilex/limo_ros2_ws/install/mecharm_pi:/home/agilex/limo_ros2_ws/install/mecharm:/home/agilex/limo_ros2_ws/install/mecharm_communication:/home/agilex/limo_ros2_ws/install/mybuddy:/home/agilex/limo_ros2_ws/install/mycobot_description:/opt/ros/foxy PYTHONPATH=/home/agilex/limo_ros2_ws/install/nav2_common/lib/python3.8/site-packages:/home/agilex/limo_ros2_ws/install/ultraarm/lib/python3.8/site-packages:/home/agilex/limo_ros2_ws/install/teb_msgs/lib/python3.8/site-packages:/home/agilex/limo_ros2_ws/install/dwb_msgs/lib/python3.8/site-packages:/home/agilex/limo_ros2_ws/install/nav_2d_msgs/lib/python3.8/site-packages:/home/agilex/limo_ros2_ws/install/nav2_msgs/lib/python3.8/site-packages:/home/agilex/limo_ros2_ws/install/nav2_gazebo_spawner/lib/python3.8/site-packages:/home/agilex/limo_ros2_ws/install/mypalletizer_260_pi/lib/python3.8/site-packages:/home/agilex/limo_ros2_ws/install/mypalletizer_260/lib/python3.8/site-packages:/home/agilex/limo_ros2_ws/install/mypalletizer_communication/lib/python3.8/site-packages:/home/agilex/limo_ros2_ws/install/mypalletizer_interfaces/lib/python3.8/site-packages:/home/agilex/limo_ros2_ws/install/mycobot_630/lib/python3.8/site-packages:/home/agilex/limo_ros2_ws/install/mycobot_600/lib/python3.8/site-packages:/home/agilex/limo_ros2_ws/install/mycobot_320pi/lib/python3.8/site-packages:/home/agilex/limo_ros2_ws/install/mycobot_320/lib/python3.8/site-packages:/home/agilex/limo_ros2_ws/install/mycobot_280pi/lib/python3.8/site-packages:/home/agilex/limo_ros2_ws/install/mycobot_280jn/lib/python3.8/site-packages:/home/agilex/limo_ros2_ws/install/mycobot_280_x3pi/lib/python3.8/site-packages:/home/agilex/limo_ros2_ws/install/mycobot_280/lib/python3.8/site-packages:/home/agilex/limo_ros2_ws/install/myarm_300/lib/python3.8/site-packages:/home/agilex/limo_ros2_ws/install/mycobot_communication/lib/python3.8/site-packages:/home/agilex/limo_ros2_ws/install/mecharm_pi/lib/python3.8/site-packages:/home/agilex/limo_ros2_ws/install/mecharm/lib/python3.8/site-packages:/home/agilex/limo_ros2_ws/install/mecharm_communication/lib/python3.8/site-packages:/home/agilex/limo_ros2_ws/install/mycobot_interfaces/lib/python3.8/site-packages:/home/agilex/limo_ros2_ws/install/mybuddy/lib/python3.8/site-packages:/home/agilex/limo_ros2_ws/install/mycobot_description/lib/python3.8/site-packages:/home/agilex/limo_ros2_ws/install/mecharm_interfaces/lib/python3.8/site-packages:/home/agilex/limo_ros2_ws/install/limo_msgs/lib/python3.8/site-packages:/home/agilex/limo_ros2_ws/install/costmap_converter_msgs/lib/python3.8/site-packages:/home/agilex/limo_ros2_ws/install/astra_camera_msgs/lib/python3.8/site-packages:/opt/ros/foxy/lib/python3.8/site-packages /usr/bin/cmake --install /home/agilex/limo_ros2_ws/build/nav2_msgs
