[0.088s] Invoking command in '/home/agilex/limo_ros2_ws/build/teb_msgs': CMAKE_PREFIX_PATH=/home/agilex/limo_ros2_ws/install/costmap_converter_msgs:/home/agilex/limo_ros2_ws/install/ydlidar_sdk:/home/agilex/limo_ros2_ws/install/ydlidar_ros2_driver:/home/agilex/limo_ros2_ws/install/teb_local_planner:/home/agilex/limo_ros2_ws/install/teb_msgs:/home/agilex/limo_ros2_ws/install/nav2_system_tests:/home/agilex/limo_ros2_ws/install/nav2_bringup:/home/agilex/limo_ros2_ws/install/navigation2:/home/agilex/limo_ros2_ws/install/smac_planner:/home/agilex/limo_ros2_ws/install/rf2o_laser_odometry:/home/agilex/limo_ros2_ws/install/nav2_dwb_controller:/home/agilex/limo_ros2_ws/install/nav2_controller:/home/agilex/limo_ros2_ws/install/dwb_plugins:/home/agilex/limo_ros2_ws/install/dwb_critics:/home/agilex/limo_ros2_ws/install/dwb_core:/home/agilex/limo_ros2_ws/install/nav_2d_utils:/home/agilex/limo_ros2_ws/install/dwb_msgs:/home/agilex/limo_ros2_ws/install/nav_2d_msgs:/home/agilex/limo_ros2_ws/install/nav2_waypoint_follower:/home/agilex/limo_ros2_ws/install/nav2_regulated_pure_pursuit_controller:/home/agilex/limo_ros2_ws/install/nav2_recoveries:/home/agilex/limo_ros2_ws/install/nav2_planner:/home/agilex/limo_ros2_ws/install/nav2_navfn_planner:/home/agilex/limo_ros2_ws/install/nav2_core:/home/agilex/limo_ros2_ws/install/costmap_queue:/home/agilex/limo_ros2_ws/install/costmap_converter:/home/agilex/limo_ros2_ws/install/nav2_costmap_2d:/home/agilex/limo_ros2_ws/install/nav2_voxel_grid:/home/agilex/limo_ros2_ws/install/nav2_rviz_plugins:/home/agilex/limo_ros2_ws/install/nav2_map_server:/home/agilex/limo_ros2_ws/install/nav2_lifecycle_manager:/home/agilex/limo_ros2_ws/install/nav2_bt_navigator:/home/agilex/limo_ros2_ws/install/nav2_behavior_tree:/home/agilex/limo_ros2_ws/install/nav2_amcl:/home/agilex/limo_ros2_ws/install/nav2_util:/home/agilex/limo_ros2_ws/install/nav2_msgs:/home/agilex/limo_ros2_ws/install/nav2_common:/home/agilex/limo_ros2_ws/install/magic_enum:/home/agilex/limo_ros2_ws/install/limo_visions:/home/agilex/limo_ros2_ws/install/limo_bringup:/home/agilex/limo_ros2_ws/install/limo_base:/home/agilex/limo_ros2_ws/install/limo_msgs:/home/agilex/limo_ros2_ws/install/limo_description:/home/agilex/limo_ros2_ws/install/libuvc:/home/agilex/limo_ros2_ws/install/glog:/home/agilex/limo_ros2_ws/install/astra_camera_msgs:/home/agilex/limo_ros2_ws/install/nav2_gazebo_spawner:/opt/ros/foxy LD_LIBRARY_PATH=/home/agilex/limo_ros2_ws/install/costmap_converter_msgs/lib:/home/agilex/limo_ros2_ws/install/teb_local_planner/lib:/home/agilex/limo_ros2_ws/install/teb_msgs/lib:/home/agilex/limo_ros2_ws/install/smac_planner/lib:/home/agilex/limo_ros2_ws/install/nav2_controller/lib:/home/agilex/limo_ros2_ws/install/dwb_plugins/lib:/home/agilex/limo_ros2_ws/install/dwb_critics/lib:/home/agilex/limo_ros2_ws/install/dwb_core/lib:/home/agilex/limo_ros2_ws/install/nav_2d_utils/lib:/home/agilex/limo_ros2_ws/install/dwb_msgs/lib:/home/agilex/limo_ros2_ws/install/nav_2d_msgs/lib:/home/agilex/limo_ros2_ws/install/nav2_waypoint_follower/lib:/home/agilex/limo_ros2_ws/install/nav2_regulated_pure_pursuit_controller/lib:/home/agilex/limo_ros2_ws/install/nav2_recoveries/lib:/home/agilex/limo_ros2_ws/install/nav2_planner/lib:/home/agilex/limo_ros2_ws/install/nav2_navfn_planner/lib:/home/agilex/limo_ros2_ws/install/costmap_queue/lib:/home/agilex/limo_ros2_ws/install/costmap_converter/lib:/home/agilex/limo_ros2_ws/install/nav2_costmap_2d/lib:/home/agilex/limo_ros2_ws/install/nav2_voxel_grid/lib:/home/agilex/limo_ros2_ws/install/nav2_rviz_plugins/lib:/home/agilex/limo_ros2_ws/install/nav2_map_server/lib:/home/agilex/limo_ros2_ws/install/nav2_lifecycle_manager/lib:/home/agilex/limo_ros2_ws/install/nav2_bt_navigator/lib:/home/agilex/limo_ros2_ws/install/nav2_behavior_tree/lib:/home/agilex/limo_ros2_ws/install/nav2_amcl/lib:/home/agilex/limo_ros2_ws/install/nav2_util/lib:/home/agilex/limo_ros2_ws/install/nav2_msgs/lib:/home/agilex/limo_ros2_ws/install/limo_msgs/lib:/home/agilex/limo_ros2_ws/install/libuvc/lib:/home/agilex/limo_ros2_ws/install/glog/lib:/home/agilex/limo_ros2_ws/install/astra_camera_msgs/lib:/usr/lib/aarch64-linux-gnu/gazebo-11/plugins:/opt/ros/foxy/opt/yaml_cpp_vendor/lib:/opt/ros/foxy/opt/rviz_ogre_vendor/lib:/opt/ros/foxy/lib/aarch64-linux-gnu:/opt/ros/foxy/lib PYTHONPATH=/home/agilex/limo_ros2_ws/install/costmap_converter_msgs/lib/python3.8/site-packages:/home/agilex/limo_ros2_ws/install/teb_msgs/lib/python3.8/site-packages:/home/agilex/limo_ros2_ws/install/dwb_msgs/lib/python3.8/site-packages:/home/agilex/limo_ros2_ws/install/nav_2d_msgs/lib/python3.8/site-packages:/home/agilex/limo_ros2_ws/install/nav2_msgs/lib/python3.8/site-packages:/home/agilex/limo_ros2_ws/install/nav2_gazebo_spawner/lib/python3.8/site-packages:/home/agilex/limo_ros2_ws/install/nav2_common/lib/python3.8/site-packages:/home/agilex/limo_ros2_ws/install/limo_msgs/lib/python3.8/site-packages:/home/agilex/limo_ros2_ws/install/astra_camera_msgs/lib/python3.8/site-packages:/opt/ros/foxy/lib/python3.8/site-packages /usr/bin/cmake --build /home/agilex/limo_ros2_ws/build/teb_msgs -- -j6 -l6
[0.306s] [  2%] Built target teb_msgs__cpp
[0.336s] [ 12%] Built target teb_msgs__rosidl_generator_c
[0.472s] [ 23%] Built target teb_msgs__rosidl_typesupport_introspection_cpp
[0.536s] [ 34%] Built target teb_msgs__rosidl_typesupport_cpp
[0.548s] [ 55%] Built target teb_msgs__rosidl_typesupport_fastrtps_cpp
[0.549s] [ 55%] Built target teb_msgs__rosidl_typesupport_c
[0.553s] [ 65%] Built target teb_msgs__rosidl_typesupport_introspection_c
[0.639s] [ 76%] Built target teb_msgs__rosidl_typesupport_fastrtps_c
[0.727s] [ 76%] Built target teb_msgs
[0.812s] [ 78%] Built target teb_msgs__py
[0.900s] [ 87%] Built target teb_msgs__python
[1.056s] [ 91%] Built target teb_msgs__rosidl_typesupport_c__pyext
[1.064s] [ 95%] Built target teb_msgs__rosidl_typesupport_introspection_c__pyext
[1.070s] [100%] Built target teb_msgs__rosidl_typesupport_fastrtps_c__pyext
[1.133s] Invoked command in '/home/agilex/limo_ros2_ws/build/teb_msgs' returned '0': CMAKE_PREFIX_PATH=/home/agilex/limo_ros2_ws/install/costmap_converter_msgs:/home/agilex/limo_ros2_ws/install/ydlidar_sdk:/home/agilex/limo_ros2_ws/install/ydlidar_ros2_driver:/home/agilex/limo_ros2_ws/install/teb_local_planner:/home/agilex/limo_ros2_ws/install/teb_msgs:/home/agilex/limo_ros2_ws/install/nav2_system_tests:/home/agilex/limo_ros2_ws/install/nav2_bringup:/home/agilex/limo_ros2_ws/install/navigation2:/home/agilex/limo_ros2_ws/install/smac_planner:/home/agilex/limo_ros2_ws/install/rf2o_laser_odometry:/home/agilex/limo_ros2_ws/install/nav2_dwb_controller:/home/agilex/limo_ros2_ws/install/nav2_controller:/home/agilex/limo_ros2_ws/install/dwb_plugins:/home/agilex/limo_ros2_ws/install/dwb_critics:/home/agilex/limo_ros2_ws/install/dwb_core:/home/agilex/limo_ros2_ws/install/nav_2d_utils:/home/agilex/limo_ros2_ws/install/dwb_msgs:/home/agilex/limo_ros2_ws/install/nav_2d_msgs:/home/agilex/limo_ros2_ws/install/nav2_waypoint_follower:/home/agilex/limo_ros2_ws/install/nav2_regulated_pure_pursuit_controller:/home/agilex/limo_ros2_ws/install/nav2_recoveries:/home/agilex/limo_ros2_ws/install/nav2_planner:/home/agilex/limo_ros2_ws/install/nav2_navfn_planner:/home/agilex/limo_ros2_ws/install/nav2_core:/home/agilex/limo_ros2_ws/install/costmap_queue:/home/agilex/limo_ros2_ws/install/costmap_converter:/home/agilex/limo_ros2_ws/install/nav2_costmap_2d:/home/agilex/limo_ros2_ws/install/nav2_voxel_grid:/home/agilex/limo_ros2_ws/install/nav2_rviz_plugins:/home/agilex/limo_ros2_ws/install/nav2_map_server:/home/agilex/limo_ros2_ws/install/nav2_lifecycle_manager:/home/agilex/limo_ros2_ws/install/nav2_bt_navigator:/home/agilex/limo_ros2_ws/install/nav2_behavior_tree:/home/agilex/limo_ros2_ws/install/nav2_amcl:/home/agilex/limo_ros2_ws/install/nav2_util:/home/agilex/limo_ros2_ws/install/nav2_msgs:/home/agilex/limo_ros2_ws/install/nav2_common:/home/agilex/limo_ros2_ws/install/magic_enum:/home/agilex/limo_ros2_ws/install/limo_visions:/home/agilex/limo_ros2_ws/install/limo_bringup:/home/agilex/limo_ros2_ws/install/limo_base:/home/agilex/limo_ros2_ws/install/limo_msgs:/home/agilex/limo_ros2_ws/install/limo_description:/home/agilex/limo_ros2_ws/install/libuvc:/home/agilex/limo_ros2_ws/install/glog:/home/agilex/limo_ros2_ws/install/astra_camera_msgs:/home/agilex/limo_ros2_ws/install/nav2_gazebo_spawner:/opt/ros/foxy LD_LIBRARY_PATH=/home/agilex/limo_ros2_ws/install/costmap_converter_msgs/lib:/home/agilex/limo_ros2_ws/install/teb_local_planner/lib:/home/agilex/limo_ros2_ws/install/teb_msgs/lib:/home/agilex/limo_ros2_ws/install/smac_planner/lib:/home/agilex/limo_ros2_ws/install/nav2_controller/lib:/home/agilex/limo_ros2_ws/install/dwb_plugins/lib:/home/agilex/limo_ros2_ws/install/dwb_critics/lib:/home/agilex/limo_ros2_ws/install/dwb_core/lib:/home/agilex/limo_ros2_ws/install/nav_2d_utils/lib:/home/agilex/limo_ros2_ws/install/dwb_msgs/lib:/home/agilex/limo_ros2_ws/install/nav_2d_msgs/lib:/home/agilex/limo_ros2_ws/install/nav2_waypoint_follower/lib:/home/agilex/limo_ros2_ws/install/nav2_regulated_pure_pursuit_controller/lib:/home/agilex/limo_ros2_ws/install/nav2_recoveries/lib:/home/agilex/limo_ros2_ws/install/nav2_planner/lib:/home/agilex/limo_ros2_ws/install/nav2_navfn_planner/lib:/home/agilex/limo_ros2_ws/install/costmap_queue/lib:/home/agilex/limo_ros2_ws/install/costmap_converter/lib:/home/agilex/limo_ros2_ws/install/nav2_costmap_2d/lib:/home/agilex/limo_ros2_ws/install/nav2_voxel_grid/lib:/home/agilex/limo_ros2_ws/install/nav2_rviz_plugins/lib:/home/agilex/limo_ros2_ws/install/nav2_map_server/lib:/home/agilex/limo_ros2_ws/install/nav2_lifecycle_manager/lib:/home/agilex/limo_ros2_ws/install/nav2_bt_navigator/lib:/home/agilex/limo_ros2_ws/install/nav2_behavior_tree/lib:/home/agilex/limo_ros2_ws/install/nav2_amcl/lib:/home/agilex/limo_ros2_ws/install/nav2_util/lib:/home/agilex/limo_ros2_ws/install/nav2_msgs/lib:/home/agilex/limo_ros2_ws/install/limo_msgs/lib:/home/agilex/limo_ros2_ws/install/libuvc/lib:/home/agilex/limo_ros2_ws/install/glog/lib:/home/agilex/limo_ros2_ws/install/astra_camera_msgs/lib:/usr/lib/aarch64-linux-gnu/gazebo-11/plugins:/opt/ros/foxy/opt/yaml_cpp_vendor/lib:/opt/ros/foxy/opt/rviz_ogre_vendor/lib:/opt/ros/foxy/lib/aarch64-linux-gnu:/opt/ros/foxy/lib PYTHONPATH=/home/agilex/limo_ros2_ws/install/costmap_converter_msgs/lib/python3.8/site-packages:/home/agilex/limo_ros2_ws/install/teb_msgs/lib/python3.8/site-packages:/home/agilex/limo_ros2_ws/install/dwb_msgs/lib/python3.8/site-packages:/home/agilex/limo_ros2_ws/install/nav_2d_msgs/lib/python3.8/site-packages:/home/agilex/limo_ros2_ws/install/nav2_msgs/lib/python3.8/site-packages:/home/agilex/limo_ros2_ws/install/nav2_gazebo_spawner/lib/python3.8/site-packages:/home/agilex/limo_ros2_ws/install/nav2_common/lib/python3.8/site-packages:/home/agilex/limo_ros2_ws/install/limo_msgs/lib/python3.8/site-packages:/home/agilex/limo_ros2_ws/install/astra_camera_msgs/lib/python3.8/site-packages:/opt/ros/foxy/lib/python3.8/site-packages /usr/bin/cmake --build /home/agilex/limo_ros2_ws/build/teb_msgs -- -j6 -l6
[1.521s] Invoking command in '/home/agilex/limo_ros2_ws/build/teb_msgs': CMAKE_PREFIX_PATH=/home/agilex/limo_ros2_ws/install/costmap_converter_msgs:/home/agilex/limo_ros2_ws/install/ydlidar_sdk:/home/agilex/limo_ros2_ws/install/ydlidar_ros2_driver:/home/agilex/limo_ros2_ws/install/teb_local_planner:/home/agilex/limo_ros2_ws/install/teb_msgs:/home/agilex/limo_ros2_ws/install/nav2_system_tests:/home/agilex/limo_ros2_ws/install/nav2_bringup:/home/agilex/limo_ros2_ws/install/navigation2:/home/agilex/limo_ros2_ws/install/smac_planner:/home/agilex/limo_ros2_ws/install/rf2o_laser_odometry:/home/agilex/limo_ros2_ws/install/nav2_dwb_controller:/home/agilex/limo_ros2_ws/install/nav2_controller:/home/agilex/limo_ros2_ws/install/dwb_plugins:/home/agilex/limo_ros2_ws/install/dwb_critics:/home/agilex/limo_ros2_ws/install/dwb_core:/home/agilex/limo_ros2_ws/install/nav_2d_utils:/home/agilex/limo_ros2_ws/install/dwb_msgs:/home/agilex/limo_ros2_ws/install/nav_2d_msgs:/home/agilex/limo_ros2_ws/install/nav2_waypoint_follower:/home/agilex/limo_ros2_ws/install/nav2_regulated_pure_pursuit_controller:/home/agilex/limo_ros2_ws/install/nav2_recoveries:/home/agilex/limo_ros2_ws/install/nav2_planner:/home/agilex/limo_ros2_ws/install/nav2_navfn_planner:/home/agilex/limo_ros2_ws/install/nav2_core:/home/agilex/limo_ros2_ws/install/costmap_queue:/home/agilex/limo_ros2_ws/install/costmap_converter:/home/agilex/limo_ros2_ws/install/nav2_costmap_2d:/home/agilex/limo_ros2_ws/install/nav2_voxel_grid:/home/agilex/limo_ros2_ws/install/nav2_rviz_plugins:/home/agilex/limo_ros2_ws/install/nav2_map_server:/home/agilex/limo_ros2_ws/install/nav2_lifecycle_manager:/home/agilex/limo_ros2_ws/install/nav2_bt_navigator:/home/agilex/limo_ros2_ws/install/nav2_behavior_tree:/home/agilex/limo_ros2_ws/install/nav2_amcl:/home/agilex/limo_ros2_ws/install/nav2_util:/home/agilex/limo_ros2_ws/install/nav2_msgs:/home/agilex/limo_ros2_ws/install/nav2_common:/home/agilex/limo_ros2_ws/install/magic_enum:/home/agilex/limo_ros2_ws/install/limo_visions:/home/agilex/limo_ros2_ws/install/limo_bringup:/home/agilex/limo_ros2_ws/install/limo_base:/home/agilex/limo_ros2_ws/install/limo_msgs:/home/agilex/limo_ros2_ws/install/limo_description:/home/agilex/limo_ros2_ws/install/libuvc:/home/agilex/limo_ros2_ws/install/glog:/home/agilex/limo_ros2_ws/install/astra_camera_msgs:/home/agilex/limo_ros2_ws/install/nav2_gazebo_spawner:/opt/ros/foxy LD_LIBRARY_PATH=/home/agilex/limo_ros2_ws/install/costmap_converter_msgs/lib:/home/agilex/limo_ros2_ws/install/teb_local_planner/lib:/home/agilex/limo_ros2_ws/install/teb_msgs/lib:/home/agilex/limo_ros2_ws/install/smac_planner/lib:/home/agilex/limo_ros2_ws/install/nav2_controller/lib:/home/agilex/limo_ros2_ws/install/dwb_plugins/lib:/home/agilex/limo_ros2_ws/install/dwb_critics/lib:/home/agilex/limo_ros2_ws/install/dwb_core/lib:/home/agilex/limo_ros2_ws/install/nav_2d_utils/lib:/home/agilex/limo_ros2_ws/install/dwb_msgs/lib:/home/agilex/limo_ros2_ws/install/nav_2d_msgs/lib:/home/agilex/limo_ros2_ws/install/nav2_waypoint_follower/lib:/home/agilex/limo_ros2_ws/install/nav2_regulated_pure_pursuit_controller/lib:/home/agilex/limo_ros2_ws/install/nav2_recoveries/lib:/home/agilex/limo_ros2_ws/install/nav2_planner/lib:/home/agilex/limo_ros2_ws/install/nav2_navfn_planner/lib:/home/agilex/limo_ros2_ws/install/costmap_queue/lib:/home/agilex/limo_ros2_ws/install/costmap_converter/lib:/home/agilex/limo_ros2_ws/install/nav2_costmap_2d/lib:/home/agilex/limo_ros2_ws/install/nav2_voxel_grid/lib:/home/agilex/limo_ros2_ws/install/nav2_rviz_plugins/lib:/home/agilex/limo_ros2_ws/install/nav2_map_server/lib:/home/agilex/limo_ros2_ws/install/nav2_lifecycle_manager/lib:/home/agilex/limo_ros2_ws/install/nav2_bt_navigator/lib:/home/agilex/limo_ros2_ws/install/nav2_behavior_tree/lib:/home/agilex/limo_ros2_ws/install/nav2_amcl/lib:/home/agilex/limo_ros2_ws/install/nav2_util/lib:/home/agilex/limo_ros2_ws/install/nav2_msgs/lib:/home/agilex/limo_ros2_ws/install/limo_msgs/lib:/home/agilex/limo_ros2_ws/install/libuvc/lib:/home/agilex/limo_ros2_ws/install/glog/lib:/home/agilex/limo_ros2_ws/install/astra_camera_msgs/lib:/usr/lib/aarch64-linux-gnu/gazebo-11/plugins:/opt/ros/foxy/opt/yaml_cpp_vendor/lib:/opt/ros/foxy/opt/rviz_ogre_vendor/lib:/opt/ros/foxy/lib/aarch64-linux-gnu:/opt/ros/foxy/lib PYTHONPATH=/home/agilex/limo_ros2_ws/install/costmap_converter_msgs/lib/python3.8/site-packages:/home/agilex/limo_ros2_ws/install/teb_msgs/lib/python3.8/site-packages:/home/agilex/limo_ros2_ws/install/dwb_msgs/lib/python3.8/site-packages:/home/agilex/limo_ros2_ws/install/nav_2d_msgs/lib/python3.8/site-packages:/home/agilex/limo_ros2_ws/install/nav2_msgs/lib/python3.8/site-packages:/home/agilex/limo_ros2_ws/install/nav2_gazebo_spawner/lib/python3.8/site-packages:/home/agilex/limo_ros2_ws/install/nav2_common/lib/python3.8/site-packages:/home/agilex/limo_ros2_ws/install/limo_msgs/lib/python3.8/site-packages:/home/agilex/limo_ros2_ws/install/astra_camera_msgs/lib/python3.8/site-packages:/opt/ros/foxy/lib/python3.8/site-packages /usr/bin/cmake --install /home/agilex/limo_ros2_ws/build/teb_msgs
[1.553s] -- Install configuration: ""
[1.553s] -- Up-to-date: /home/agilex/limo_ros2_ws/install/teb_msgs/share/ament_index/resource_index/rosidl_interfaces/teb_msgs
[1.554s] -- Up-to-date: /home/agilex/limo_ros2_ws/install/teb_msgs/include/teb_msgs
[1.554s] -- Up-to-date: /home/agilex/limo_ros2_ws/install/teb_msgs/include/teb_msgs/msg
[1.554s] -- Up-to-date: /home/agilex/limo_ros2_ws/install/teb_msgs/include/teb_msgs/msg/trajectory_msg.h
[1.554s] -- Up-to-date: /home/agilex/limo_ros2_ws/install/teb_msgs/include/teb_msgs/msg/trajectory_point_msg.h
[1.554s] -- Up-to-date: /home/agilex/limo_ros2_ws/install/teb_msgs/include/teb_msgs/msg/rosidl_generator_c__visibility_control.h
[1.554s] -- Up-to-date: /home/agilex/limo_ros2_ws/install/teb_msgs/include/teb_msgs/msg/detail
[1.555s] -- Up-to-date: /home/agilex/limo_ros2_ws/install/teb_msgs/include/teb_msgs/msg/detail/feedback_msg__functions.c
[1.555s] -- Up-to-date: /home/agilex/limo_ros2_ws/install/teb_msgs/include/teb_msgs/msg/detail/trajectory_point_msg__functions.c
[1.555s] -- Up-to-date: /home/agilex/limo_ros2_ws/install/teb_msgs/include/teb_msgs/msg/detail/feedback_msg__functions.h
[1.555s] -- Up-to-date: /home/agilex/limo_ros2_ws/install/teb_msgs/include/teb_msgs/msg/detail/trajectory_point_msg__struct.h
[1.555s] -- Up-to-date: /home/agilex/limo_ros2_ws/install/teb_msgs/include/teb_msgs/msg/detail/trajectory_point_msg__functions.h
[1.556s] -- Up-to-date: /home/agilex/limo_ros2_ws/install/teb_msgs/include/teb_msgs/msg/detail/trajectory_msg__type_support.h
[1.556s] -- Up-to-date: /home/agilex/limo_ros2_ws/install/teb_msgs/include/teb_msgs/msg/detail/feedback_msg__type_support.h
[1.556s] -- Up-to-date: /home/agilex/limo_ros2_ws/install/teb_msgs/include/teb_msgs/msg/detail/trajectory_msg__struct.h
[1.556s] -- Up-to-date: /home/agilex/limo_ros2_ws/install/teb_msgs/include/teb_msgs/msg/detail/trajectory_msg__functions.h
[1.556s] -- Up-to-date: /home/agilex/limo_ros2_ws/install/teb_msgs/include/teb_msgs/msg/detail/trajectory_point_msg__type_support.h
[1.556s] -- Up-to-date: /home/agilex/limo_ros2_ws/install/teb_msgs/include/teb_msgs/msg/detail/feedback_msg__struct.h
[1.556s] -- Up-to-date: /home/agilex/limo_ros2_ws/install/teb_msgs/include/teb_msgs/msg/detail/trajectory_msg__functions.c
[1.556s] -- Up-to-date: /home/agilex/limo_ros2_ws/install/teb_msgs/include/teb_msgs/msg/feedback_msg.h
[1.557s] -- Up-to-date: /home/agilex/limo_ros2_ws/install/teb_msgs/share/teb_msgs/environment/library_path.sh
[1.557s] -- Up-to-date: /home/agilex/limo_ros2_ws/install/teb_msgs/share/teb_msgs/environment/library_path.dsv
[1.557s] -- Up-to-date: /home/agilex/limo_ros2_ws/install/teb_msgs/lib/libteb_msgs__rosidl_generator_c.so
[1.557s] -- Up-to-date: /home/agilex/limo_ros2_ws/install/teb_msgs/include/teb_msgs
[1.557s] -- Up-to-date: /home/agilex/limo_ros2_ws/install/teb_msgs/include/teb_msgs/msg
[1.558s] -- Up-to-date: /home/agilex/limo_ros2_ws/install/teb_msgs/include/teb_msgs/msg/rosidl_typesupport_fastrtps_c__visibility_control.h
[1.558s] -- Up-to-date: /home/agilex/limo_ros2_ws/install/teb_msgs/include/teb_msgs/msg/detail
[1.558s] -- Up-to-date: /home/agilex/limo_ros2_ws/install/teb_msgs/include/teb_msgs/msg/detail/trajectory_point_msg__rosidl_typesupport_fastrtps_c.h
[1.558s] -- Up-to-date: /home/agilex/limo_ros2_ws/install/teb_msgs/include/teb_msgs/msg/detail/trajectory_msg__rosidl_typesupport_fastrtps_c.h
[1.558s] -- Up-to-date: /home/agilex/limo_ros2_ws/install/teb_msgs/include/teb_msgs/msg/detail/feedback_msg__rosidl_typesupport_fastrtps_c.h
[1.559s] -- Up-to-date: /home/agilex/limo_ros2_ws/install/teb_msgs/lib/libteb_msgs__rosidl_typesupport_fastrtps_c.so
[1.559s] -- Up-to-date: /home/agilex/limo_ros2_ws/install/teb_msgs/include/teb_msgs
[1.559s] -- Up-to-date: /home/agilex/limo_ros2_ws/install/teb_msgs/include/teb_msgs/msg
[1.559s] -- Up-to-date: /home/agilex/limo_ros2_ws/install/teb_msgs/include/teb_msgs/msg/rosidl_typesupport_fastrtps_cpp__visibility_control.h
[1.559s] -- Up-to-date: /home/agilex/limo_ros2_ws/install/teb_msgs/include/teb_msgs/msg/detail
[1.560s] -- Up-to-date: /home/agilex/limo_ros2_ws/install/teb_msgs/include/teb_msgs/msg/detail/feedback_msg__rosidl_typesupport_fastrtps_cpp.hpp
[1.560s] -- Up-to-date: /home/agilex/limo_ros2_ws/install/teb_msgs/include/teb_msgs/msg/detail/dds_fastrtps
[1.560s] -- Up-to-date: /home/agilex/limo_ros2_ws/install/teb_msgs/include/teb_msgs/msg/detail/trajectory_point_msg__rosidl_typesupport_fastrtps_cpp.hpp
[1.560s] -- Up-to-date: /home/agilex/limo_ros2_ws/install/teb_msgs/include/teb_msgs/msg/detail/trajectory_msg__rosidl_typesupport_fastrtps_cpp.hpp
[1.560s] -- Up-to-date: /home/agilex/limo_ros2_ws/install/teb_msgs/lib/libteb_msgs__rosidl_typesupport_fastrtps_cpp.so
[1.560s] -- Up-to-date: /home/agilex/limo_ros2_ws/install/teb_msgs/include/teb_msgs
[1.561s] -- Up-to-date: /home/agilex/limo_ros2_ws/install/teb_msgs/include/teb_msgs/msg
[1.561s] -- Up-to-date: /home/agilex/limo_ros2_ws/install/teb_msgs/include/teb_msgs/msg/rosidl_typesupport_introspection_c__visibility_control.h
[1.561s] -- Up-to-date: /home/agilex/limo_ros2_ws/install/teb_msgs/include/teb_msgs/msg/detail
[1.561s] -- Up-to-date: /home/agilex/limo_ros2_ws/install/teb_msgs/include/teb_msgs/msg/detail/trajectory_msg__rosidl_typesupport_introspection_c.h
[1.562s] -- Up-to-date: /home/agilex/limo_ros2_ws/install/teb_msgs/include/teb_msgs/msg/detail/trajectory_point_msg__rosidl_typesupport_introspection_c.h
[1.562s] -- Up-to-date: /home/agilex/limo_ros2_ws/install/teb_msgs/include/teb_msgs/msg/detail/trajectory_msg__type_support.c
[1.563s] -- Up-to-date: /home/agilex/limo_ros2_ws/install/teb_msgs/include/teb_msgs/msg/detail/trajectory_point_msg__type_support.c
[1.563s] -- Up-to-date: /home/agilex/limo_ros2_ws/install/teb_msgs/include/teb_msgs/msg/detail/feedback_msg__type_support.c
[1.563s] -- Up-to-date: /home/agilex/limo_ros2_ws/install/teb_msgs/include/teb_msgs/msg/detail/feedback_msg__rosidl_typesupport_introspection_c.h
[1.563s] -- Up-to-date: /home/agilex/limo_ros2_ws/install/teb_msgs/lib/libteb_msgs__rosidl_typesupport_introspection_c.so
[1.563s] -- Up-to-date: /home/agilex/limo_ros2_ws/install/teb_msgs/lib/libteb_msgs__rosidl_typesupport_c.so
[1.564s] -- Up-to-date: /home/agilex/limo_ros2_ws/install/teb_msgs/include/teb_msgs
[1.564s] -- Up-to-date: /home/agilex/limo_ros2_ws/install/teb_msgs/include/teb_msgs/msg
[1.564s] -- Up-to-date: /home/agilex/limo_ros2_ws/install/teb_msgs/include/teb_msgs/msg/feedback_msg.hpp
[1.565s] -- Up-to-date: /home/agilex/limo_ros2_ws/install/teb_msgs/include/teb_msgs/msg/trajectory_msg.hpp
[1.565s] -- Up-to-date: /home/agilex/limo_ros2_ws/install/teb_msgs/include/teb_msgs/msg/trajectory_point_msg.hpp
[1.565s] -- Up-to-date: /home/agilex/limo_ros2_ws/install/teb_msgs/include/teb_msgs/msg/rosidl_generator_cpp__visibility_control.hpp
[1.565s] -- Up-to-date: /home/agilex/limo_ros2_ws/install/teb_msgs/include/teb_msgs/msg/detail
[1.566s] -- Up-to-date: /home/agilex/limo_ros2_ws/install/teb_msgs/include/teb_msgs/msg/detail/feedback_msg__type_support.hpp
[1.566s] -- Up-to-date: /home/agilex/limo_ros2_ws/install/teb_msgs/include/teb_msgs/msg/detail/trajectory_point_msg__builder.hpp
[1.566s] -- Up-to-date: /home/agilex/limo_ros2_ws/install/teb_msgs/include/teb_msgs/msg/detail/trajectory_point_msg__traits.hpp
[1.566s] -- Up-to-date: /home/agilex/limo_ros2_ws/install/teb_msgs/include/teb_msgs/msg/detail/feedback_msg__traits.hpp
[1.566s] -- Up-to-date: /home/agilex/limo_ros2_ws/install/teb_msgs/include/teb_msgs/msg/detail/trajectory_msg__struct.hpp
[1.566s] -- Up-to-date: /home/agilex/limo_ros2_ws/install/teb_msgs/include/teb_msgs/msg/detail/feedback_msg__builder.hpp
[1.566s] -- Up-to-date: /home/agilex/limo_ros2_ws/install/teb_msgs/include/teb_msgs/msg/detail/trajectory_point_msg__type_support.hpp
[1.566s] -- Up-to-date: /home/agilex/limo_ros2_ws/install/teb_msgs/include/teb_msgs/msg/detail/trajectory_point_msg__struct.hpp
[1.567s] -- Up-to-date: /home/agilex/limo_ros2_ws/install/teb_msgs/include/teb_msgs/msg/detail/trajectory_msg__type_support.hpp
[1.567s] -- Up-to-date: /home/agilex/limo_ros2_ws/install/teb_msgs/include/teb_msgs/msg/detail/trajectory_msg__traits.hpp
[1.567s] -- Up-to-date: /home/agilex/limo_ros2_ws/install/teb_msgs/include/teb_msgs/msg/detail/trajectory_msg__builder.hpp
[1.567s] -- Up-to-date: /home/agilex/limo_ros2_ws/install/teb_msgs/include/teb_msgs/msg/detail/feedback_msg__struct.hpp
[1.567s] -- Up-to-date: /home/agilex/limo_ros2_ws/install/teb_msgs/include/teb_msgs
[1.567s] -- Up-to-date: /home/agilex/limo_ros2_ws/install/teb_msgs/include/teb_msgs/msg
[1.568s] -- Up-to-date: /home/agilex/limo_ros2_ws/install/teb_msgs/include/teb_msgs/msg/detail
[1.568s] -- Up-to-date: /home/agilex/limo_ros2_ws/install/teb_msgs/include/teb_msgs/msg/detail/trajectory_msg__type_support.cpp
[1.569s] -- Up-to-date: /home/agilex/limo_ros2_ws/install/teb_msgs/include/teb_msgs/msg/detail/feedback_msg__rosidl_typesupport_introspection_cpp.hpp
[1.569s] -- Up-to-date: /home/agilex/limo_ros2_ws/install/teb_msgs/include/teb_msgs/msg/detail/trajectory_point_msg__rosidl_typesupport_introspection_cpp.hpp
[1.569s] -- Up-to-date: /home/agilex/limo_ros2_ws/install/teb_msgs/include/teb_msgs/msg/detail/trajectory_msg__rosidl_typesupport_introspection_cpp.hpp
[1.570s] -- Up-to-date: /home/agilex/limo_ros2_ws/install/teb_msgs/include/teb_msgs/msg/detail/trajectory_point_msg__type_support.cpp
[1.570s] -- Up-to-date: /home/agilex/limo_ros2_ws/install/teb_msgs/include/teb_msgs/msg/detail/feedback_msg__type_support.cpp
[1.571s] -- Up-to-date: /home/agilex/limo_ros2_ws/install/teb_msgs/lib/libteb_msgs__rosidl_typesupport_introspection_cpp.so
[1.571s] -- Up-to-date: /home/agilex/limo_ros2_ws/install/teb_msgs/lib/libteb_msgs__rosidl_typesupport_cpp.so
[1.571s] -- Up-to-date: /home/agilex/limo_ros2_ws/install/teb_msgs/share/teb_msgs/environment/pythonpath.sh
[1.571s] -- Up-to-date: /home/agilex/limo_ros2_ws/install/teb_msgs/share/teb_msgs/environment/pythonpath.dsv
[1.571s] -- Up-to-date: /home/agilex/limo_ros2_ws/install/teb_msgs/lib/python3.8/site-packages/teb_msgs/__init__.py
[1.663s] -- Up-to-date: /home/agilex/limo_ros2_ws/install/teb_msgs/lib/python3.8/site-packages/teb_msgs/msg
[1.664s] -- Up-to-date: /home/agilex/limo_ros2_ws/install/teb_msgs/lib/python3.8/site-packages/teb_msgs/msg/_trajectory_msg.py
[1.664s] -- Up-to-date: /home/agilex/limo_ros2_ws/install/teb_msgs/lib/python3.8/site-packages/teb_msgs/msg/_trajectory_point_msg.py
[1.664s] -- Up-to-date: /home/agilex/limo_ros2_ws/install/teb_msgs/lib/python3.8/site-packages/teb_msgs/msg/_feedback_msg_s.c
[1.665s] -- Up-to-date: /home/agilex/limo_ros2_ws/install/teb_msgs/lib/python3.8/site-packages/teb_msgs/msg/__init__.py
[1.665s] -- Up-to-date: /home/agilex/limo_ros2_ws/install/teb_msgs/lib/python3.8/site-packages/teb_msgs/msg/_trajectory_point_msg_s.c
[1.665s] -- Up-to-date: /home/agilex/limo_ros2_ws/install/teb_msgs/lib/python3.8/site-packages/teb_msgs/msg/_feedback_msg.py
[1.665s] -- Up-to-date: /home/agilex/limo_ros2_ws/install/teb_msgs/lib/python3.8/site-packages/teb_msgs/msg/_trajectory_msg_s.c
[1.667s] -- Up-to-date: /home/agilex/limo_ros2_ws/install/teb_msgs/lib/python3.8/site-packages/teb_msgs/teb_msgs_s__rosidl_typesupport_fastrtps_c.cpython-38-aarch64-linux-gnu.so
[1.669s] -- Up-to-date: /home/agilex/limo_ros2_ws/install/teb_msgs/lib/python3.8/site-packages/teb_msgs/teb_msgs_s__rosidl_typesupport_introspection_c.cpython-38-aarch64-linux-gnu.so
[1.670s] -- Up-to-date: /home/agilex/limo_ros2_ws/install/teb_msgs/lib/python3.8/site-packages/teb_msgs/teb_msgs_s__rosidl_typesupport_c.cpython-38-aarch64-linux-gnu.so
[1.672s] -- Up-to-date: /home/agilex/limo_ros2_ws/install/teb_msgs/lib/libteb_msgs__python.so
[1.673s] -- Up-to-date: /home/agilex/limo_ros2_ws/install/teb_msgs/share/teb_msgs/msg/FeedbackMsg.idl
[1.673s] -- Up-to-date: /home/agilex/limo_ros2_ws/install/teb_msgs/share/teb_msgs/msg/TrajectoryMsg.idl
[1.674s] -- Up-to-date: /home/agilex/limo_ros2_ws/install/teb_msgs/share/teb_msgs/msg/TrajectoryPointMsg.idl
[1.674s] -- Up-to-date: /home/agilex/limo_ros2_ws/install/teb_msgs/share/teb_msgs/msg/FeedbackMsg.msg
[1.675s] -- Up-to-date: /home/agilex/limo_ros2_ws/install/teb_msgs/share/teb_msgs/msg/TrajectoryMsg.msg
[1.675s] -- Up-to-date: /home/agilex/limo_ros2_ws/install/teb_msgs/share/teb_msgs/msg/TrajectoryPointMsg.msg
[1.676s] -- Up-to-date: /home/agilex/limo_ros2_ws/install/teb_msgs/share/ament_index/resource_index/package_run_dependencies/teb_msgs
[1.677s] -- Up-to-date: /home/agilex/limo_ros2_ws/install/teb_msgs/share/ament_index/resource_index/parent_prefix_path/teb_msgs
[1.677s] -- Up-to-date: /home/agilex/limo_ros2_ws/install/teb_msgs/share/teb_msgs/environment/ament_prefix_path.sh
[1.678s] -- Up-to-date: /home/agilex/limo_ros2_ws/install/teb_msgs/share/teb_msgs/environment/ament_prefix_path.dsv
[1.678s] -- Up-to-date: /home/agilex/limo_ros2_ws/install/teb_msgs/share/teb_msgs/environment/path.sh
[1.679s] -- Up-to-date: /home/agilex/limo_ros2_ws/install/teb_msgs/share/teb_msgs/environment/path.dsv
[1.680s] -- Up-to-date: /home/agilex/limo_ros2_ws/install/teb_msgs/share/teb_msgs/local_setup.bash
[1.680s] -- Up-to-date: /home/agilex/limo_ros2_ws/install/teb_msgs/share/teb_msgs/local_setup.sh
[1.681s] -- Up-to-date: /home/agilex/limo_ros2_ws/install/teb_msgs/share/teb_msgs/local_setup.zsh
[1.681s] -- Up-to-date: /home/agilex/limo_ros2_ws/install/teb_msgs/share/teb_msgs/local_setup.dsv
[1.682s] -- Installing: /home/agilex/limo_ros2_ws/install/teb_msgs/share/teb_msgs/package.dsv
[1.683s] -- Up-to-date: /home/agilex/limo_ros2_ws/install/teb_msgs/share/ament_index/resource_index/packages/teb_msgs
[1.684s] -- Up-to-date: /home/agilex/limo_ros2_ws/install/teb_msgs/share/teb_msgs/cmake/teb_msgs__rosidl_generator_cExport.cmake
[1.685s] -- Up-to-date: /home/agilex/limo_ros2_ws/install/teb_msgs/share/teb_msgs/cmake/teb_msgs__rosidl_generator_cExport-noconfig.cmake
[1.686s] -- Up-to-date: /home/agilex/limo_ros2_ws/install/teb_msgs/share/teb_msgs/cmake/teb_msgs__rosidl_typesupport_introspection_cExport.cmake
[1.687s] -- Up-to-date: /home/agilex/limo_ros2_ws/install/teb_msgs/share/teb_msgs/cmake/teb_msgs__rosidl_typesupport_introspection_cExport-noconfig.cmake
[1.688s] -- Up-to-date: /home/agilex/limo_ros2_ws/install/teb_msgs/share/teb_msgs/cmake/teb_msgs__rosidl_typesupport_cExport.cmake
[1.688s] -- Up-to-date: /home/agilex/limo_ros2_ws/install/teb_msgs/share/teb_msgs/cmake/teb_msgs__rosidl_typesupport_cExport-noconfig.cmake
[1.690s] -- Up-to-date: /home/agilex/limo_ros2_ws/install/teb_msgs/share/teb_msgs/cmake/teb_msgs__rosidl_generator_cppExport.cmake
[1.691s] -- Up-to-date: /home/agilex/limo_ros2_ws/install/teb_msgs/share/teb_msgs/cmake/teb_msgs__rosidl_typesupport_introspection_cppExport.cmake
[1.692s] -- Up-to-date: /home/agilex/limo_ros2_ws/install/teb_msgs/share/teb_msgs/cmake/teb_msgs__rosidl_typesupport_introspection_cppExport-noconfig.cmake
[1.693s] -- Up-to-date: /home/agilex/limo_ros2_ws/install/teb_msgs/share/teb_msgs/cmake/teb_msgs__rosidl_typesupport_cppExport.cmake
[1.699s] -- Up-to-date: /home/agilex/limo_ros2_ws/install/teb_msgs/share/teb_msgs/cmake/teb_msgs__rosidl_typesupport_cppExport-noconfig.cmake
[1.700s] -- Up-to-date: /home/agilex/limo_ros2_ws/install/teb_msgs/share/teb_msgs/cmake/rosidl_cmake-extras.cmake
[1.701s] -- Up-to-date: /home/agilex/limo_ros2_ws/install/teb_msgs/share/teb_msgs/cmake/ament_cmake_export_dependencies-extras.cmake
[1.702s] -- Up-to-date: /home/agilex/limo_ros2_ws/install/teb_msgs/share/teb_msgs/cmake/ament_cmake_export_libraries-extras.cmake
[1.703s] -- Up-to-date: /home/agilex/limo_ros2_ws/install/teb_msgs/share/teb_msgs/cmake/ament_cmake_export_targets-extras.cmake
[1.703s] -- Up-to-date: /home/agilex/limo_ros2_ws/install/teb_msgs/share/teb_msgs/cmake/ament_cmake_export_include_directories-extras.cmake
[1.704s] -- Up-to-date: /home/agilex/limo_ros2_ws/install/teb_msgs/share/teb_msgs/cmake/rosidl_cmake_export_typesupport_libraries-extras.cmake
[1.704s] -- Up-to-date: /home/agilex/limo_ros2_ws/install/teb_msgs/share/teb_msgs/cmake/rosidl_cmake_export_typesupport_targets-extras.cmake
[1.705s] -- Up-to-date: /home/agilex/limo_ros2_ws/install/teb_msgs/share/teb_msgs/cmake/teb_msgsConfig.cmake
[1.705s] -- Up-to-date: /home/agilex/limo_ros2_ws/install/teb_msgs/share/teb_msgs/cmake/teb_msgsConfig-version.cmake
[1.706s] -- Up-to-date: /home/agilex/limo_ros2_ws/install/teb_msgs/share/teb_msgs/package.xml
[1.715s] Invoked command in '/home/agilex/limo_ros2_ws/build/teb_msgs' returned '0': CMAKE_PREFIX_PATH=/home/agilex/limo_ros2_ws/install/costmap_converter_msgs:/home/agilex/limo_ros2_ws/install/ydlidar_sdk:/home/agilex/limo_ros2_ws/install/ydlidar_ros2_driver:/home/agilex/limo_ros2_ws/install/teb_local_planner:/home/agilex/limo_ros2_ws/install/teb_msgs:/home/agilex/limo_ros2_ws/install/nav2_system_tests:/home/agilex/limo_ros2_ws/install/nav2_bringup:/home/agilex/limo_ros2_ws/install/navigation2:/home/agilex/limo_ros2_ws/install/smac_planner:/home/agilex/limo_ros2_ws/install/rf2o_laser_odometry:/home/agilex/limo_ros2_ws/install/nav2_dwb_controller:/home/agilex/limo_ros2_ws/install/nav2_controller:/home/agilex/limo_ros2_ws/install/dwb_plugins:/home/agilex/limo_ros2_ws/install/dwb_critics:/home/agilex/limo_ros2_ws/install/dwb_core:/home/agilex/limo_ros2_ws/install/nav_2d_utils:/home/agilex/limo_ros2_ws/install/dwb_msgs:/home/agilex/limo_ros2_ws/install/nav_2d_msgs:/home/agilex/limo_ros2_ws/install/nav2_waypoint_follower:/home/agilex/limo_ros2_ws/install/nav2_regulated_pure_pursuit_controller:/home/agilex/limo_ros2_ws/install/nav2_recoveries:/home/agilex/limo_ros2_ws/install/nav2_planner:/home/agilex/limo_ros2_ws/install/nav2_navfn_planner:/home/agilex/limo_ros2_ws/install/nav2_core:/home/agilex/limo_ros2_ws/install/costmap_queue:/home/agilex/limo_ros2_ws/install/costmap_converter:/home/agilex/limo_ros2_ws/install/nav2_costmap_2d:/home/agilex/limo_ros2_ws/install/nav2_voxel_grid:/home/agilex/limo_ros2_ws/install/nav2_rviz_plugins:/home/agilex/limo_ros2_ws/install/nav2_map_server:/home/agilex/limo_ros2_ws/install/nav2_lifecycle_manager:/home/agilex/limo_ros2_ws/install/nav2_bt_navigator:/home/agilex/limo_ros2_ws/install/nav2_behavior_tree:/home/agilex/limo_ros2_ws/install/nav2_amcl:/home/agilex/limo_ros2_ws/install/nav2_util:/home/agilex/limo_ros2_ws/install/nav2_msgs:/home/agilex/limo_ros2_ws/install/nav2_common:/home/agilex/limo_ros2_ws/install/magic_enum:/home/agilex/limo_ros2_ws/install/limo_visions:/home/agilex/limo_ros2_ws/install/limo_bringup:/home/agilex/limo_ros2_ws/install/limo_base:/home/agilex/limo_ros2_ws/install/limo_msgs:/home/agilex/limo_ros2_ws/install/limo_description:/home/agilex/limo_ros2_ws/install/libuvc:/home/agilex/limo_ros2_ws/install/glog:/home/agilex/limo_ros2_ws/install/astra_camera_msgs:/home/agilex/limo_ros2_ws/install/nav2_gazebo_spawner:/opt/ros/foxy LD_LIBRARY_PATH=/home/agilex/limo_ros2_ws/install/costmap_converter_msgs/lib:/home/agilex/limo_ros2_ws/install/teb_local_planner/lib:/home/agilex/limo_ros2_ws/install/teb_msgs/lib:/home/agilex/limo_ros2_ws/install/smac_planner/lib:/home/agilex/limo_ros2_ws/install/nav2_controller/lib:/home/agilex/limo_ros2_ws/install/dwb_plugins/lib:/home/agilex/limo_ros2_ws/install/dwb_critics/lib:/home/agilex/limo_ros2_ws/install/dwb_core/lib:/home/agilex/limo_ros2_ws/install/nav_2d_utils/lib:/home/agilex/limo_ros2_ws/install/dwb_msgs/lib:/home/agilex/limo_ros2_ws/install/nav_2d_msgs/lib:/home/agilex/limo_ros2_ws/install/nav2_waypoint_follower/lib:/home/agilex/limo_ros2_ws/install/nav2_regulated_pure_pursuit_controller/lib:/home/agilex/limo_ros2_ws/install/nav2_recoveries/lib:/home/agilex/limo_ros2_ws/install/nav2_planner/lib:/home/agilex/limo_ros2_ws/install/nav2_navfn_planner/lib:/home/agilex/limo_ros2_ws/install/costmap_queue/lib:/home/agilex/limo_ros2_ws/install/costmap_converter/lib:/home/agilex/limo_ros2_ws/install/nav2_costmap_2d/lib:/home/agilex/limo_ros2_ws/install/nav2_voxel_grid/lib:/home/agilex/limo_ros2_ws/install/nav2_rviz_plugins/lib:/home/agilex/limo_ros2_ws/install/nav2_map_server/lib:/home/agilex/limo_ros2_ws/install/nav2_lifecycle_manager/lib:/home/agilex/limo_ros2_ws/install/nav2_bt_navigator/lib:/home/agilex/limo_ros2_ws/install/nav2_behavior_tree/lib:/home/agilex/limo_ros2_ws/install/nav2_amcl/lib:/home/agilex/limo_ros2_ws/install/nav2_util/lib:/home/agilex/limo_ros2_ws/install/nav2_msgs/lib:/home/agilex/limo_ros2_ws/install/limo_msgs/lib:/home/agilex/limo_ros2_ws/install/libuvc/lib:/home/agilex/limo_ros2_ws/install/glog/lib:/home/agilex/limo_ros2_ws/install/astra_camera_msgs/lib:/usr/lib/aarch64-linux-gnu/gazebo-11/plugins:/opt/ros/foxy/opt/yaml_cpp_vendor/lib:/opt/ros/foxy/opt/rviz_ogre_vendor/lib:/opt/ros/foxy/lib/aarch64-linux-gnu:/opt/ros/foxy/lib PYTHONPATH=/home/agilex/limo_ros2_ws/install/costmap_converter_msgs/lib/python3.8/site-packages:/home/agilex/limo_ros2_ws/install/teb_msgs/lib/python3.8/site-packages:/home/agilex/limo_ros2_ws/install/dwb_msgs/lib/python3.8/site-packages:/home/agilex/limo_ros2_ws/install/nav_2d_msgs/lib/python3.8/site-packages:/home/agilex/limo_ros2_ws/install/nav2_msgs/lib/python3.8/site-packages:/home/agilex/limo_ros2_ws/install/nav2_gazebo_spawner/lib/python3.8/site-packages:/home/agilex/limo_ros2_ws/install/nav2_common/lib/python3.8/site-packages:/home/agilex/limo_ros2_ws/install/limo_msgs/lib/python3.8/site-packages:/home/agilex/limo_ros2_ws/install/astra_camera_msgs/lib/python3.8/site-packages:/opt/ros/foxy/lib/python3.8/site-packages /usr/bin/cmake --install /home/agilex/limo_ros2_ws/build/teb_msgs
