[0.147s] Invoking command in '/home/agilex/limo_ros2_ws/build/nav_2d_msgs': CMAKE_PREFIX_PATH=${CMAKE_PREFIX_PATH}:/home/agilex/limo_ros2_ws/install/nav2_gazebo_spawner:/opt/ros/foxy /usr/bin/cmake --build /home/agilex/limo_ros2_ws/build/nav_2d_msgs -- -j6 -l6
[0.393s] [  1%] Built target nav_2d_msgs__cpp
[0.394s] [ 12%] Built target nav_2d_msgs__rosidl_generator_c
[0.516s] [ 23%] Built target nav_2d_msgs__rosidl_typesupport_introspection_cpp
[0.591s] [ 35%] Built target nav_2d_msgs__rosidl_typesupport_cpp
[0.618s] [ 46%] Built target nav_2d_msgs__rosidl_typesupport_fastrtps_cpp
[0.727s] [ 69%] Built target nav_2d_msgs__rosidl_typesupport_c
[0.730s] [ 69%] Built target nav_2d_msgs__rosidl_typesupport_introspection_c
[0.771s] [ 80%] Built target nav_2d_msgs__rosidl_typesupport_fastrtps_c
[0.850s] [ 80%] Built target nav_2d_msgs
[0.926s] [ 81%] Built target nav_2d_msgs__py
[1.018s] [ 91%] Built target nav_2d_msgs__python
[1.133s] [ 94%] Built target nav_2d_msgs__rosidl_typesupport_fastrtps_c__pyext
[1.149s] [ 97%] Built target nav_2d_msgs__rosidl_typesupport_introspection_c__pyext
[1.158s] [100%] Built target nav_2d_msgs__rosidl_typesupport_c__pyext
[1.214s] Invoked command in '/home/agilex/limo_ros2_ws/build/nav_2d_msgs' returned '0': CMAKE_PREFIX_PATH=${CMAKE_PREFIX_PATH}:/home/agilex/limo_ros2_ws/install/nav2_gazebo_spawner:/opt/ros/foxy /usr/bin/cmake --build /home/agilex/limo_ros2_ws/build/nav_2d_msgs -- -j6 -l6
[2.088s] Invoking command in '/home/agilex/limo_ros2_ws/build/nav_2d_msgs': CMAKE_PREFIX_PATH=${CMAKE_PREFIX_PATH}:/home/agilex/limo_ros2_ws/install/nav2_gazebo_spawner:/opt/ros/foxy /usr/bin/cmake --install /home/agilex/limo_ros2_ws/build/nav_2d_msgs
[2.138s] -- Install configuration: "Release"
[2.138s] -- Up-to-date: /home/agilex/limo_ros2_ws/install/nav_2d_msgs/share/ament_index/resource_index/rosidl_interfaces/nav_2d_msgs
[2.139s] -- Up-to-date: /home/agilex/limo_ros2_ws/install/nav_2d_msgs/include/nav_2d_msgs
[2.139s] -- Up-to-date: /home/agilex/limo_ros2_ws/install/nav_2d_msgs/include/nav_2d_msgs/msg
[2.139s] -- Up-to-date: /home/agilex/limo_ros2_ws/install/nav_2d_msgs/include/nav_2d_msgs/msg/twist2_d.h
[2.139s] -- Up-to-date: /home/agilex/limo_ros2_ws/install/nav_2d_msgs/include/nav_2d_msgs/msg/pose2_d32.h
[2.140s] -- Up-to-date: /home/agilex/limo_ros2_ws/install/nav_2d_msgs/include/nav_2d_msgs/msg/rosidl_generator_c__visibility_control.h
[2.140s] -- Up-to-date: /home/agilex/limo_ros2_ws/install/nav_2d_msgs/include/nav_2d_msgs/msg/twist2_d_stamped.h
[2.140s] -- Up-to-date: /home/agilex/limo_ros2_ws/install/nav_2d_msgs/include/nav_2d_msgs/msg/path2_d.h
[2.140s] -- Up-to-date: /home/agilex/limo_ros2_ws/install/nav_2d_msgs/include/nav_2d_msgs/msg/detail
[2.140s] -- Up-to-date: /home/agilex/limo_ros2_ws/install/nav_2d_msgs/include/nav_2d_msgs/msg/detail/twist2_d__type_support.h
[2.140s] -- Up-to-date: /home/agilex/limo_ros2_ws/install/nav_2d_msgs/include/nav_2d_msgs/msg/detail/pose2_d32__functions.c
[2.140s] -- Up-to-date: /home/agilex/limo_ros2_ws/install/nav_2d_msgs/include/nav_2d_msgs/msg/detail/pose2_d_stamped__struct.h
[2.140s] -- Up-to-date: /home/agilex/limo_ros2_ws/install/nav_2d_msgs/include/nav_2d_msgs/msg/detail/twist2_d_stamped__functions.h
[2.141s] -- Up-to-date: /home/agilex/limo_ros2_ws/install/nav_2d_msgs/include/nav_2d_msgs/msg/detail/twist2_d32__functions.c
[2.141s] -- Up-to-date: /home/agilex/limo_ros2_ws/install/nav_2d_msgs/include/nav_2d_msgs/msg/detail/twist2_d__struct.h
[2.141s] -- Up-to-date: /home/agilex/limo_ros2_ws/install/nav_2d_msgs/include/nav_2d_msgs/msg/detail/pose2_d_stamped__type_support.h
[2.141s] -- Up-to-date: /home/agilex/limo_ros2_ws/install/nav_2d_msgs/include/nav_2d_msgs/msg/detail/pose2_d_stamped__functions.c
[2.141s] -- Up-to-date: /home/agilex/limo_ros2_ws/install/nav_2d_msgs/include/nav_2d_msgs/msg/detail/twist2_d__functions.c
[2.141s] -- Up-to-date: /home/agilex/limo_ros2_ws/install/nav_2d_msgs/include/nav_2d_msgs/msg/detail/path2_d__type_support.h
[2.141s] -- Up-to-date: /home/agilex/limo_ros2_ws/install/nav_2d_msgs/include/nav_2d_msgs/msg/detail/twist2_d32__functions.h
[2.141s] -- Up-to-date: /home/agilex/limo_ros2_ws/install/nav_2d_msgs/include/nav_2d_msgs/msg/detail/twist2_d32__struct.h
[2.142s] -- Up-to-date: /home/agilex/limo_ros2_ws/install/nav_2d_msgs/include/nav_2d_msgs/msg/detail/pose2_d32__struct.h
[2.142s] -- Up-to-date: /home/agilex/limo_ros2_ws/install/nav_2d_msgs/include/nav_2d_msgs/msg/detail/twist2_d__functions.h
[2.142s] -- Up-to-date: /home/agilex/limo_ros2_ws/install/nav_2d_msgs/include/nav_2d_msgs/msg/detail/path2_d__functions.c
[2.142s] -- Up-to-date: /home/agilex/limo_ros2_ws/install/nav_2d_msgs/include/nav_2d_msgs/msg/detail/twist2_d_stamped__type_support.h
[2.142s] -- Up-to-date: /home/agilex/limo_ros2_ws/install/nav_2d_msgs/include/nav_2d_msgs/msg/detail/pose2_d32__functions.h
[2.142s] -- Up-to-date: /home/agilex/limo_ros2_ws/install/nav_2d_msgs/include/nav_2d_msgs/msg/detail/path2_d__struct.h
[2.142s] -- Up-to-date: /home/agilex/limo_ros2_ws/install/nav_2d_msgs/include/nav_2d_msgs/msg/detail/twist2_d32__type_support.h
[2.143s] -- Up-to-date: /home/agilex/limo_ros2_ws/install/nav_2d_msgs/include/nav_2d_msgs/msg/detail/pose2_d_stamped__functions.h
[2.144s] -- Up-to-date: /home/agilex/limo_ros2_ws/install/nav_2d_msgs/include/nav_2d_msgs/msg/detail/pose2_d32__type_support.h
[2.145s] -- Up-to-date: /home/agilex/limo_ros2_ws/install/nav_2d_msgs/include/nav_2d_msgs/msg/detail/twist2_d_stamped__struct.h
[2.145s] -- Up-to-date: /home/agilex/limo_ros2_ws/install/nav_2d_msgs/include/nav_2d_msgs/msg/detail/twist2_d_stamped__functions.c
[2.146s] -- Up-to-date: /home/agilex/limo_ros2_ws/install/nav_2d_msgs/include/nav_2d_msgs/msg/detail/path2_d__functions.h
[2.146s] -- Up-to-date: /home/agilex/limo_ros2_ws/install/nav_2d_msgs/include/nav_2d_msgs/msg/twist2_d32.h
[2.147s] -- Up-to-date: /home/agilex/limo_ros2_ws/install/nav_2d_msgs/include/nav_2d_msgs/msg/pose2_d_stamped.h
[2.147s] -- Up-to-date: /home/agilex/limo_ros2_ws/install/nav_2d_msgs/share/nav_2d_msgs/environment/library_path.sh
[2.148s] -- Up-to-date: /home/agilex/limo_ros2_ws/install/nav_2d_msgs/share/nav_2d_msgs/environment/library_path.dsv
[2.148s] -- Up-to-date: /home/agilex/limo_ros2_ws/install/nav_2d_msgs/lib/libnav_2d_msgs__rosidl_generator_c.so
[2.148s] -- Up-to-date: /home/agilex/limo_ros2_ws/install/nav_2d_msgs/include/nav_2d_msgs
[2.149s] -- Up-to-date: /home/agilex/limo_ros2_ws/install/nav_2d_msgs/include/nav_2d_msgs/msg
[2.149s] -- Up-to-date: /home/agilex/limo_ros2_ws/install/nav_2d_msgs/include/nav_2d_msgs/msg/rosidl_typesupport_fastrtps_c__visibility_control.h
[2.149s] -- Up-to-date: /home/agilex/limo_ros2_ws/install/nav_2d_msgs/include/nav_2d_msgs/msg/detail
[2.149s] -- Up-to-date: /home/agilex/limo_ros2_ws/install/nav_2d_msgs/include/nav_2d_msgs/msg/detail/twist2_d__rosidl_typesupport_fastrtps_c.h
[2.149s] -- Up-to-date: /home/agilex/limo_ros2_ws/install/nav_2d_msgs/include/nav_2d_msgs/msg/detail/path2_d__rosidl_typesupport_fastrtps_c.h
[2.149s] -- Up-to-date: /home/agilex/limo_ros2_ws/install/nav_2d_msgs/include/nav_2d_msgs/msg/detail/pose2_d_stamped__rosidl_typesupport_fastrtps_c.h
[2.149s] -- Up-to-date: /home/agilex/limo_ros2_ws/install/nav_2d_msgs/include/nav_2d_msgs/msg/detail/twist2_d32__rosidl_typesupport_fastrtps_c.h
[2.150s] -- Up-to-date: /home/agilex/limo_ros2_ws/install/nav_2d_msgs/include/nav_2d_msgs/msg/detail/pose2_d32__rosidl_typesupport_fastrtps_c.h
[2.150s] -- Up-to-date: /home/agilex/limo_ros2_ws/install/nav_2d_msgs/include/nav_2d_msgs/msg/detail/twist2_d_stamped__rosidl_typesupport_fastrtps_c.h
[2.160s] -- Up-to-date: /home/agilex/limo_ros2_ws/install/nav_2d_msgs/lib/libnav_2d_msgs__rosidl_typesupport_fastrtps_c.so
[2.161s] -- Up-to-date: /home/agilex/limo_ros2_ws/install/nav_2d_msgs/include/nav_2d_msgs
[2.161s] -- Up-to-date: /home/agilex/limo_ros2_ws/install/nav_2d_msgs/include/nav_2d_msgs/msg
[2.162s] -- Up-to-date: /home/agilex/limo_ros2_ws/install/nav_2d_msgs/include/nav_2d_msgs/msg/rosidl_typesupport_fastrtps_cpp__visibility_control.h
[2.162s] -- Up-to-date: /home/agilex/limo_ros2_ws/install/nav_2d_msgs/include/nav_2d_msgs/msg/detail
[2.162s] -- Up-to-date: /home/agilex/limo_ros2_ws/install/nav_2d_msgs/include/nav_2d_msgs/msg/detail/twist2_d32__rosidl_typesupport_fastrtps_cpp.hpp
[2.162s] -- Up-to-date: /home/agilex/limo_ros2_ws/install/nav_2d_msgs/include/nav_2d_msgs/msg/detail/dds_fastrtps
[2.162s] -- Up-to-date: /home/agilex/limo_ros2_ws/install/nav_2d_msgs/include/nav_2d_msgs/msg/detail/pose2_d32__rosidl_typesupport_fastrtps_cpp.hpp
[2.162s] -- Up-to-date: /home/agilex/limo_ros2_ws/install/nav_2d_msgs/include/nav_2d_msgs/msg/detail/twist2_d__rosidl_typesupport_fastrtps_cpp.hpp
[2.162s] -- Up-to-date: /home/agilex/limo_ros2_ws/install/nav_2d_msgs/include/nav_2d_msgs/msg/detail/twist2_d_stamped__rosidl_typesupport_fastrtps_cpp.hpp
[2.163s] -- Up-to-date: /home/agilex/limo_ros2_ws/install/nav_2d_msgs/include/nav_2d_msgs/msg/detail/pose2_d_stamped__rosidl_typesupport_fastrtps_cpp.hpp
[2.163s] -- Up-to-date: /home/agilex/limo_ros2_ws/install/nav_2d_msgs/include/nav_2d_msgs/msg/detail/path2_d__rosidl_typesupport_fastrtps_cpp.hpp
[2.163s] -- Up-to-date: /home/agilex/limo_ros2_ws/install/nav_2d_msgs/lib/libnav_2d_msgs__rosidl_typesupport_fastrtps_cpp.so
[2.164s] -- Up-to-date: /home/agilex/limo_ros2_ws/install/nav_2d_msgs/include/nav_2d_msgs
[2.164s] -- Up-to-date: /home/agilex/limo_ros2_ws/install/nav_2d_msgs/include/nav_2d_msgs/msg
[2.164s] -- Up-to-date: /home/agilex/limo_ros2_ws/install/nav_2d_msgs/include/nav_2d_msgs/msg/rosidl_typesupport_introspection_c__visibility_control.h
[2.164s] -- Up-to-date: /home/agilex/limo_ros2_ws/install/nav_2d_msgs/include/nav_2d_msgs/msg/detail
[2.164s] -- Up-to-date: /home/agilex/limo_ros2_ws/install/nav_2d_msgs/include/nav_2d_msgs/msg/detail/twist2_d_stamped__type_support.c
[2.164s] -- Up-to-date: /home/agilex/limo_ros2_ws/install/nav_2d_msgs/include/nav_2d_msgs/msg/detail/path2_d__rosidl_typesupport_introspection_c.h
[2.165s] -- Up-to-date: /home/agilex/limo_ros2_ws/install/nav_2d_msgs/include/nav_2d_msgs/msg/detail/twist2_d__type_support.c
[2.165s] -- Up-to-date: /home/agilex/limo_ros2_ws/install/nav_2d_msgs/include/nav_2d_msgs/msg/detail/twist2_d32__rosidl_typesupport_introspection_c.h
[2.165s] -- Up-to-date: /home/agilex/limo_ros2_ws/install/nav_2d_msgs/include/nav_2d_msgs/msg/detail/pose2_d_stamped__rosidl_typesupport_introspection_c.h
[2.165s] -- Up-to-date: /home/agilex/limo_ros2_ws/install/nav_2d_msgs/include/nav_2d_msgs/msg/detail/twist2_d__rosidl_typesupport_introspection_c.h
[2.165s] -- Up-to-date: /home/agilex/limo_ros2_ws/install/nav_2d_msgs/include/nav_2d_msgs/msg/detail/pose2_d32__rosidl_typesupport_introspection_c.h
[2.166s] -- Up-to-date: /home/agilex/limo_ros2_ws/install/nav_2d_msgs/include/nav_2d_msgs/msg/detail/path2_d__type_support.c
[2.166s] -- Up-to-date: /home/agilex/limo_ros2_ws/install/nav_2d_msgs/include/nav_2d_msgs/msg/detail/pose2_d_stamped__type_support.c
[2.166s] -- Up-to-date: /home/agilex/limo_ros2_ws/install/nav_2d_msgs/include/nav_2d_msgs/msg/detail/twist2_d_stamped__rosidl_typesupport_introspection_c.h
[2.166s] -- Up-to-date: /home/agilex/limo_ros2_ws/install/nav_2d_msgs/include/nav_2d_msgs/msg/detail/twist2_d32__type_support.c
[2.166s] -- Up-to-date: /home/agilex/limo_ros2_ws/install/nav_2d_msgs/include/nav_2d_msgs/msg/detail/pose2_d32__type_support.c
[2.167s] -- Up-to-date: /home/agilex/limo_ros2_ws/install/nav_2d_msgs/lib/libnav_2d_msgs__rosidl_typesupport_introspection_c.so
[2.167s] -- Up-to-date: /home/agilex/limo_ros2_ws/install/nav_2d_msgs/lib/libnav_2d_msgs__rosidl_typesupport_c.so
[2.167s] -- Up-to-date: /home/agilex/limo_ros2_ws/install/nav_2d_msgs/include/nav_2d_msgs
[2.169s] -- Up-to-date: /home/agilex/limo_ros2_ws/install/nav_2d_msgs/include/nav_2d_msgs/msg
[2.169s] -- Up-to-date: /home/agilex/limo_ros2_ws/install/nav_2d_msgs/include/nav_2d_msgs/msg/pose2_d_stamped.hpp
[2.169s] -- Up-to-date: /home/agilex/limo_ros2_ws/install/nav_2d_msgs/include/nav_2d_msgs/msg/twist2_d_stamped.hpp
[2.169s] -- Up-to-date: /home/agilex/limo_ros2_ws/install/nav_2d_msgs/include/nav_2d_msgs/msg/twist2_d.hpp
[2.170s] -- Up-to-date: /home/agilex/limo_ros2_ws/install/nav_2d_msgs/include/nav_2d_msgs/msg/path2_d.hpp
[2.170s] -- Up-to-date: /home/agilex/limo_ros2_ws/install/nav_2d_msgs/include/nav_2d_msgs/msg/rosidl_generator_cpp__visibility_control.hpp
[2.170s] -- Up-to-date: /home/agilex/limo_ros2_ws/install/nav_2d_msgs/include/nav_2d_msgs/msg/twist2_d32.hpp
[2.170s] -- Up-to-date: /home/agilex/limo_ros2_ws/install/nav_2d_msgs/include/nav_2d_msgs/msg/detail
[2.171s] -- Up-to-date: /home/agilex/limo_ros2_ws/install/nav_2d_msgs/include/nav_2d_msgs/msg/detail/twist2_d__struct.hpp
[2.171s] -- Up-to-date: /home/agilex/limo_ros2_ws/install/nav_2d_msgs/include/nav_2d_msgs/msg/detail/twist2_d32__traits.hpp
[2.171s] -- Up-to-date: /home/agilex/limo_ros2_ws/install/nav_2d_msgs/include/nav_2d_msgs/msg/detail/twist2_d_stamped__type_support.hpp
[2.172s] -- Up-to-date: /home/agilex/limo_ros2_ws/install/nav_2d_msgs/include/nav_2d_msgs/msg/detail/path2_d__type_support.hpp
[2.172s] -- Up-to-date: /home/agilex/limo_ros2_ws/install/nav_2d_msgs/include/nav_2d_msgs/msg/detail/pose2_d32__struct.hpp
[2.172s] -- Up-to-date: /home/agilex/limo_ros2_ws/install/nav_2d_msgs/include/nav_2d_msgs/msg/detail/twist2_d32__type_support.hpp
[2.173s] -- Up-to-date: /home/agilex/limo_ros2_ws/install/nav_2d_msgs/include/nav_2d_msgs/msg/detail/twist2_d_stamped__builder.hpp
[2.176s] -- Up-to-date: /home/agilex/limo_ros2_ws/install/nav_2d_msgs/include/nav_2d_msgs/msg/detail/twist2_d32__struct.hpp
[2.176s] -- Up-to-date: /home/agilex/limo_ros2_ws/install/nav_2d_msgs/include/nav_2d_msgs/msg/detail/twist2_d__traits.hpp
[2.178s] -- Up-to-date: /home/agilex/limo_ros2_ws/install/nav_2d_msgs/include/nav_2d_msgs/msg/detail/twist2_d__type_support.hpp
[2.178s] -- Up-to-date: /home/agilex/limo_ros2_ws/install/nav_2d_msgs/include/nav_2d_msgs/msg/detail/pose2_d32__type_support.hpp
[2.178s] -- Up-to-date: /home/agilex/limo_ros2_ws/install/nav_2d_msgs/include/nav_2d_msgs/msg/detail/path2_d__traits.hpp
[2.178s] -- Up-to-date: /home/agilex/limo_ros2_ws/install/nav_2d_msgs/include/nav_2d_msgs/msg/detail/pose2_d32__builder.hpp
[2.179s] -- Up-to-date: /home/agilex/limo_ros2_ws/install/nav_2d_msgs/include/nav_2d_msgs/msg/detail/path2_d__builder.hpp
[2.179s] -- Up-to-date: /home/agilex/limo_ros2_ws/install/nav_2d_msgs/include/nav_2d_msgs/msg/detail/pose2_d_stamped__struct.hpp
[2.179s] -- Up-to-date: /home/agilex/limo_ros2_ws/install/nav_2d_msgs/include/nav_2d_msgs/msg/detail/twist2_d__builder.hpp
[2.180s] -- Up-to-date: /home/agilex/limo_ros2_ws/install/nav_2d_msgs/include/nav_2d_msgs/msg/detail/twist2_d_stamped__traits.hpp
[2.180s] -- Up-to-date: /home/agilex/limo_ros2_ws/install/nav_2d_msgs/include/nav_2d_msgs/msg/detail/pose2_d_stamped__type_support.hpp
[2.180s] -- Up-to-date: /home/agilex/limo_ros2_ws/install/nav_2d_msgs/include/nav_2d_msgs/msg/detail/pose2_d32__traits.hpp
[2.180s] -- Up-to-date: /home/agilex/limo_ros2_ws/install/nav_2d_msgs/include/nav_2d_msgs/msg/detail/twist2_d_stamped__struct.hpp
[2.180s] -- Up-to-date: /home/agilex/limo_ros2_ws/install/nav_2d_msgs/include/nav_2d_msgs/msg/detail/pose2_d_stamped__traits.hpp
[2.181s] -- Up-to-date: /home/agilex/limo_ros2_ws/install/nav_2d_msgs/include/nav_2d_msgs/msg/detail/twist2_d32__builder.hpp
[2.181s] -- Up-to-date: /home/agilex/limo_ros2_ws/install/nav_2d_msgs/include/nav_2d_msgs/msg/detail/path2_d__struct.hpp
[2.181s] -- Up-to-date: /home/agilex/limo_ros2_ws/install/nav_2d_msgs/include/nav_2d_msgs/msg/detail/pose2_d_stamped__builder.hpp
[2.181s] -- Up-to-date: /home/agilex/limo_ros2_ws/install/nav_2d_msgs/include/nav_2d_msgs/msg/pose2_d32.hpp
[2.181s] -- Up-to-date: /home/agilex/limo_ros2_ws/install/nav_2d_msgs/include/nav_2d_msgs
[2.181s] -- Up-to-date: /home/agilex/limo_ros2_ws/install/nav_2d_msgs/include/nav_2d_msgs/msg
[2.181s] -- Up-to-date: /home/agilex/limo_ros2_ws/install/nav_2d_msgs/include/nav_2d_msgs/msg/detail
[2.182s] -- Up-to-date: /home/agilex/limo_ros2_ws/install/nav_2d_msgs/include/nav_2d_msgs/msg/detail/path2_d__type_support.cpp
[2.182s] -- Up-to-date: /home/agilex/limo_ros2_ws/install/nav_2d_msgs/include/nav_2d_msgs/msg/detail/twist2_d__type_support.cpp
[2.182s] -- Up-to-date: /home/agilex/limo_ros2_ws/install/nav_2d_msgs/include/nav_2d_msgs/msg/detail/pose2_d_stamped__rosidl_typesupport_introspection_cpp.hpp
[2.182s] -- Up-to-date: /home/agilex/limo_ros2_ws/install/nav_2d_msgs/include/nav_2d_msgs/msg/detail/path2_d__rosidl_typesupport_introspection_cpp.hpp
[2.182s] -- Up-to-date: /home/agilex/limo_ros2_ws/install/nav_2d_msgs/include/nav_2d_msgs/msg/detail/pose2_d_stamped__type_support.cpp
[2.182s] -- Up-to-date: /home/agilex/limo_ros2_ws/install/nav_2d_msgs/include/nav_2d_msgs/msg/detail/pose2_d32__rosidl_typesupport_introspection_cpp.hpp
[2.182s] -- Up-to-date: /home/agilex/limo_ros2_ws/install/nav_2d_msgs/include/nav_2d_msgs/msg/detail/twist2_d_stamped__rosidl_typesupport_introspection_cpp.hpp
[2.182s] -- Up-to-date: /home/agilex/limo_ros2_ws/install/nav_2d_msgs/include/nav_2d_msgs/msg/detail/pose2_d32__type_support.cpp
[2.183s] -- Up-to-date: /home/agilex/limo_ros2_ws/install/nav_2d_msgs/include/nav_2d_msgs/msg/detail/twist2_d__rosidl_typesupport_introspection_cpp.hpp
[2.183s] -- Up-to-date: /home/agilex/limo_ros2_ws/install/nav_2d_msgs/include/nav_2d_msgs/msg/detail/twist2_d32__rosidl_typesupport_introspection_cpp.hpp
[2.183s] -- Up-to-date: /home/agilex/limo_ros2_ws/install/nav_2d_msgs/include/nav_2d_msgs/msg/detail/twist2_d_stamped__type_support.cpp
[2.183s] -- Up-to-date: /home/agilex/limo_ros2_ws/install/nav_2d_msgs/include/nav_2d_msgs/msg/detail/twist2_d32__type_support.cpp
[2.183s] -- Up-to-date: /home/agilex/limo_ros2_ws/install/nav_2d_msgs/lib/libnav_2d_msgs__rosidl_typesupport_introspection_cpp.so
[2.183s] -- Up-to-date: /home/agilex/limo_ros2_ws/install/nav_2d_msgs/lib/libnav_2d_msgs__rosidl_typesupport_cpp.so
[2.183s] -- Up-to-date: /home/agilex/limo_ros2_ws/install/nav_2d_msgs/share/nav_2d_msgs/environment/pythonpath.sh
[2.184s] -- Up-to-date: /home/agilex/limo_ros2_ws/install/nav_2d_msgs/share/nav_2d_msgs/environment/pythonpath.dsv
[2.184s] -- Up-to-date: /home/agilex/limo_ros2_ws/install/nav_2d_msgs/lib/python3.8/site-packages/nav_2d_msgs/__init__.py
[2.279s] -- Up-to-date: /home/agilex/limo_ros2_ws/install/nav_2d_msgs/lib/python3.8/site-packages/nav_2d_msgs/msg
[2.280s] -- Up-to-date: /home/agilex/limo_ros2_ws/install/nav_2d_msgs/lib/python3.8/site-packages/nav_2d_msgs/msg/_path2_d_s.c
[2.280s] -- Up-to-date: /home/agilex/limo_ros2_ws/install/nav_2d_msgs/lib/python3.8/site-packages/nav_2d_msgs/msg/_pose2_d32.py
[2.280s] -- Up-to-date: /home/agilex/limo_ros2_ws/install/nav_2d_msgs/lib/python3.8/site-packages/nav_2d_msgs/msg/_twist2_d32_s.c
[2.280s] -- Up-to-date: /home/agilex/limo_ros2_ws/install/nav_2d_msgs/lib/python3.8/site-packages/nav_2d_msgs/msg/_twist2_d_s.c
[2.280s] -- Up-to-date: /home/agilex/limo_ros2_ws/install/nav_2d_msgs/lib/python3.8/site-packages/nav_2d_msgs/msg/_twist2_d_stamped_s.c
[2.280s] -- Up-to-date: /home/agilex/limo_ros2_ws/install/nav_2d_msgs/lib/python3.8/site-packages/nav_2d_msgs/msg/_pose2_d32_s.c
[2.281s] -- Up-to-date: /home/agilex/limo_ros2_ws/install/nav_2d_msgs/lib/python3.8/site-packages/nav_2d_msgs/msg/_pose2_d_stamped.py
[2.281s] -- Up-to-date: /home/agilex/limo_ros2_ws/install/nav_2d_msgs/lib/python3.8/site-packages/nav_2d_msgs/msg/__init__.py
[2.281s] -- Up-to-date: /home/agilex/limo_ros2_ws/install/nav_2d_msgs/lib/python3.8/site-packages/nav_2d_msgs/msg/_twist2_d_stamped.py
[2.281s] -- Up-to-date: /home/agilex/limo_ros2_ws/install/nav_2d_msgs/lib/python3.8/site-packages/nav_2d_msgs/msg/_twist2_d.py
[2.282s] -- Up-to-date: /home/agilex/limo_ros2_ws/install/nav_2d_msgs/lib/python3.8/site-packages/nav_2d_msgs/msg/_pose2_d_stamped_s.c
[2.282s] -- Up-to-date: /home/agilex/limo_ros2_ws/install/nav_2d_msgs/lib/python3.8/site-packages/nav_2d_msgs/msg/_path2_d.py
[2.282s] -- Up-to-date: /home/agilex/limo_ros2_ws/install/nav_2d_msgs/lib/python3.8/site-packages/nav_2d_msgs/msg/_twist2_d32.py
[2.282s] -- Up-to-date: /home/agilex/limo_ros2_ws/install/nav_2d_msgs/lib/python3.8/site-packages/nav_2d_msgs/nav_2d_msgs_s__rosidl_typesupport_fastrtps_c.cpython-38-aarch64-linux-gnu.so
[2.282s] -- Up-to-date: /home/agilex/limo_ros2_ws/install/nav_2d_msgs/lib/python3.8/site-packages/nav_2d_msgs/nav_2d_msgs_s__rosidl_typesupport_introspection_c.cpython-38-aarch64-linux-gnu.so
[2.284s] -- Up-to-date: /home/agilex/limo_ros2_ws/install/nav_2d_msgs/lib/python3.8/site-packages/nav_2d_msgs/nav_2d_msgs_s__rosidl_typesupport_c.cpython-38-aarch64-linux-gnu.so
[2.286s] -- Up-to-date: /home/agilex/limo_ros2_ws/install/nav_2d_msgs/lib/libnav_2d_msgs__python.so
[2.287s] -- Up-to-date: /home/agilex/limo_ros2_ws/install/nav_2d_msgs/share/nav_2d_msgs/msg/Path2D.idl
[2.288s] -- Up-to-date: /home/agilex/limo_ros2_ws/install/nav_2d_msgs/share/nav_2d_msgs/msg/Pose2D32.idl
[2.288s] -- Up-to-date: /home/agilex/limo_ros2_ws/install/nav_2d_msgs/share/nav_2d_msgs/msg/Pose2DStamped.idl
[2.290s] -- Up-to-date: /home/agilex/limo_ros2_ws/install/nav_2d_msgs/share/nav_2d_msgs/msg/Twist2D.idl
[2.290s] -- Up-to-date: /home/agilex/limo_ros2_ws/install/nav_2d_msgs/share/nav_2d_msgs/msg/Twist2D32.idl
[2.291s] -- Up-to-date: /home/agilex/limo_ros2_ws/install/nav_2d_msgs/share/nav_2d_msgs/msg/Twist2DStamped.idl
[2.291s] -- Up-to-date: /home/agilex/limo_ros2_ws/install/nav_2d_msgs/share/nav_2d_msgs/msg/Path2D.msg
[2.292s] -- Up-to-date: /home/agilex/limo_ros2_ws/install/nav_2d_msgs/share/nav_2d_msgs/msg/Pose2D32.msg
[2.294s] -- Up-to-date: /home/agilex/limo_ros2_ws/install/nav_2d_msgs/share/nav_2d_msgs/msg/Pose2DStamped.msg
[2.295s] -- Up-to-date: /home/agilex/limo_ros2_ws/install/nav_2d_msgs/share/nav_2d_msgs/msg/Twist2D.msg
[2.296s] -- Up-to-date: /home/agilex/limo_ros2_ws/install/nav_2d_msgs/share/nav_2d_msgs/msg/Twist2D32.msg
[2.297s] -- Up-to-date: /home/agilex/limo_ros2_ws/install/nav_2d_msgs/share/nav_2d_msgs/msg/Twist2DStamped.msg
[2.297s] -- Up-to-date: /home/agilex/limo_ros2_ws/install/nav_2d_msgs/share/ament_index/resource_index/package_run_dependencies/nav_2d_msgs
[2.298s] -- Up-to-date: /home/agilex/limo_ros2_ws/install/nav_2d_msgs/share/ament_index/resource_index/parent_prefix_path/nav_2d_msgs
[2.298s] -- Up-to-date: /home/agilex/limo_ros2_ws/install/nav_2d_msgs/share/nav_2d_msgs/environment/ament_prefix_path.sh
[2.299s] -- Up-to-date: /home/agilex/limo_ros2_ws/install/nav_2d_msgs/share/nav_2d_msgs/environment/ament_prefix_path.dsv
[2.300s] -- Up-to-date: /home/agilex/limo_ros2_ws/install/nav_2d_msgs/share/nav_2d_msgs/environment/path.sh
[2.301s] -- Up-to-date: /home/agilex/limo_ros2_ws/install/nav_2d_msgs/share/nav_2d_msgs/environment/path.dsv
[2.301s] -- Up-to-date: /home/agilex/limo_ros2_ws/install/nav_2d_msgs/share/nav_2d_msgs/local_setup.bash
[2.302s] -- Up-to-date: /home/agilex/limo_ros2_ws/install/nav_2d_msgs/share/nav_2d_msgs/local_setup.sh
[2.303s] -- Up-to-date: /home/agilex/limo_ros2_ws/install/nav_2d_msgs/share/nav_2d_msgs/local_setup.zsh
[2.304s] -- Up-to-date: /home/agilex/limo_ros2_ws/install/nav_2d_msgs/share/nav_2d_msgs/local_setup.dsv
[2.304s] -- Installing: /home/agilex/limo_ros2_ws/install/nav_2d_msgs/share/nav_2d_msgs/package.dsv
[2.306s] -- Up-to-date: /home/agilex/limo_ros2_ws/install/nav_2d_msgs/share/ament_index/resource_index/packages/nav_2d_msgs
[2.307s] -- Up-to-date: /home/agilex/limo_ros2_ws/install/nav_2d_msgs/share/nav_2d_msgs/cmake/nav_2d_msgs__rosidl_generator_cExport.cmake
[2.308s] -- Up-to-date: /home/agilex/limo_ros2_ws/install/nav_2d_msgs/share/nav_2d_msgs/cmake/nav_2d_msgs__rosidl_generator_cExport-release.cmake
[2.310s] -- Up-to-date: /home/agilex/limo_ros2_ws/install/nav_2d_msgs/share/nav_2d_msgs/cmake/nav_2d_msgs__rosidl_typesupport_introspection_cExport.cmake
[2.310s] -- Up-to-date: /home/agilex/limo_ros2_ws/install/nav_2d_msgs/share/nav_2d_msgs/cmake/nav_2d_msgs__rosidl_typesupport_introspection_cExport-release.cmake
[2.312s] -- Up-to-date: /home/agilex/limo_ros2_ws/install/nav_2d_msgs/share/nav_2d_msgs/cmake/nav_2d_msgs__rosidl_typesupport_cExport.cmake
[2.313s] -- Up-to-date: /home/agilex/limo_ros2_ws/install/nav_2d_msgs/share/nav_2d_msgs/cmake/nav_2d_msgs__rosidl_typesupport_cExport-release.cmake
[2.314s] -- Up-to-date: /home/agilex/limo_ros2_ws/install/nav_2d_msgs/share/nav_2d_msgs/cmake/nav_2d_msgs__rosidl_generator_cppExport.cmake
[2.316s] -- Up-to-date: /home/agilex/limo_ros2_ws/install/nav_2d_msgs/share/nav_2d_msgs/cmake/nav_2d_msgs__rosidl_typesupport_introspection_cppExport.cmake
[2.316s] -- Up-to-date: /home/agilex/limo_ros2_ws/install/nav_2d_msgs/share/nav_2d_msgs/cmake/nav_2d_msgs__rosidl_typesupport_introspection_cppExport-release.cmake
[2.318s] -- Up-to-date: /home/agilex/limo_ros2_ws/install/nav_2d_msgs/share/nav_2d_msgs/cmake/nav_2d_msgs__rosidl_typesupport_cppExport.cmake
[2.318s] -- Up-to-date: /home/agilex/limo_ros2_ws/install/nav_2d_msgs/share/nav_2d_msgs/cmake/nav_2d_msgs__rosidl_typesupport_cppExport-release.cmake
[2.319s] -- Up-to-date: /home/agilex/limo_ros2_ws/install/nav_2d_msgs/share/nav_2d_msgs/cmake/rosidl_cmake-extras.cmake
[2.320s] -- Up-to-date: /home/agilex/limo_ros2_ws/install/nav_2d_msgs/share/nav_2d_msgs/cmake/ament_cmake_export_dependencies-extras.cmake
[2.320s] -- Up-to-date: /home/agilex/limo_ros2_ws/install/nav_2d_msgs/share/nav_2d_msgs/cmake/ament_cmake_export_libraries-extras.cmake
[2.320s] -- Up-to-date: /home/agilex/limo_ros2_ws/install/nav_2d_msgs/share/nav_2d_msgs/cmake/ament_cmake_export_targets-extras.cmake
[2.321s] -- Up-to-date: /home/agilex/limo_ros2_ws/install/nav_2d_msgs/share/nav_2d_msgs/cmake/ament_cmake_export_include_directories-extras.cmake
[2.321s] -- Up-to-date: /home/agilex/limo_ros2_ws/install/nav_2d_msgs/share/nav_2d_msgs/cmake/rosidl_cmake_export_typesupport_libraries-extras.cmake
[2.321s] -- Up-to-date: /home/agilex/limo_ros2_ws/install/nav_2d_msgs/share/nav_2d_msgs/cmake/rosidl_cmake_export_typesupport_targets-extras.cmake
[2.321s] -- Up-to-date: /home/agilex/limo_ros2_ws/install/nav_2d_msgs/share/nav_2d_msgs/cmake/nav_2d_msgsConfig.cmake
[2.321s] -- Up-to-date: /home/agilex/limo_ros2_ws/install/nav_2d_msgs/share/nav_2d_msgs/cmake/nav_2d_msgsConfig-version.cmake
[2.322s] -- Up-to-date: /home/agilex/limo_ros2_ws/install/nav_2d_msgs/share/nav_2d_msgs/package.xml
[2.335s] Invoked command in '/home/agilex/limo_ros2_ws/build/nav_2d_msgs' returned '0': CMAKE_PREFIX_PATH=${CMAKE_PREFIX_PATH}:/home/agilex/limo_ros2_ws/install/nav2_gazebo_spawner:/opt/ros/foxy /usr/bin/cmake --install /home/agilex/limo_ros2_ws/build/nav_2d_msgs
