[0.064s] Invoking command in '/home/agilex/limo_ros2_ws/build/dwb_msgs': CMAKE_PREFIX_PATH=/home/agilex/limo_ros2_ws/install/nav_2d_msgs:/home/agilex/limo_ros2_ws/install/ydlidar_sdk:/home/agilex/limo_ros2_ws/install/ydlidar_ros2_driver:/home/agilex/limo_ros2_ws/install/teb_local_planner:/home/agilex/limo_ros2_ws/install/teb_msgs:/home/agilex/limo_ros2_ws/install/nav2_system_tests:/home/agilex/limo_ros2_ws/install/nav2_bringup:/home/agilex/limo_ros2_ws/install/navigation2:/home/agilex/limo_ros2_ws/install/smac_planner:/home/agilex/limo_ros2_ws/install/rf2o_laser_odometry:/home/agilex/limo_ros2_ws/install/nav2_dwb_controller:/home/agilex/limo_ros2_ws/install/nav2_controller:/home/agilex/limo_ros2_ws/install/dwb_plugins:/home/agilex/limo_ros2_ws/install/dwb_critics:/home/agilex/limo_ros2_ws/install/dwb_core:/home/agilex/limo_ros2_ws/install/nav_2d_utils:/home/agilex/limo_ros2_ws/install/dwb_msgs:/home/agilex/limo_ros2_ws/install/nav2_waypoint_follower:/home/agilex/limo_ros2_ws/install/nav2_regulated_pure_pursuit_controller:/home/agilex/limo_ros2_ws/install/nav2_recoveries:/home/agilex/limo_ros2_ws/install/nav2_planner:/home/agilex/limo_ros2_ws/install/nav2_navfn_planner:/home/agilex/limo_ros2_ws/install/nav2_core:/home/agilex/limo_ros2_ws/install/costmap_queue:/home/agilex/limo_ros2_ws/install/costmap_converter:/home/agilex/limo_ros2_ws/install/nav2_costmap_2d:/home/agilex/limo_ros2_ws/install/nav2_voxel_grid:/home/agilex/limo_ros2_ws/install/nav2_rviz_plugins:/home/agilex/limo_ros2_ws/install/nav2_map_server:/home/agilex/limo_ros2_ws/install/nav2_lifecycle_manager:/home/agilex/limo_ros2_ws/install/nav2_bt_navigator:/home/agilex/limo_ros2_ws/install/nav2_behavior_tree:/home/agilex/limo_ros2_ws/install/nav2_amcl:/home/agilex/limo_ros2_ws/install/nav2_util:/home/agilex/limo_ros2_ws/install/nav2_msgs:/home/agilex/limo_ros2_ws/install/nav2_common:/home/agilex/limo_ros2_ws/install/mypalletizer_interfaces:/home/agilex/limo_ros2_ws/install/mycobot_interfaces:/home/agilex/limo_ros2_ws/install/mecharm_interfaces:/home/agilex/limo_ros2_ws/install/magic_enum:/home/agilex/limo_ros2_ws/install/limo_bringup:/home/agilex/limo_ros2_ws/install/limo_base:/home/agilex/limo_ros2_ws/install/limo_msgs:/home/agilex/limo_ros2_ws/install/limo_description:/home/agilex/limo_ros2_ws/install/libuvc:/home/agilex/limo_ros2_ws/install/glog:/home/agilex/limo_ros2_ws/install/costmap_converter_msgs:/home/agilex/limo_ros2_ws/install/astra_camera:/home/agilex/limo_ros2_ws/install/astra_camera_msgs:/home/agilex/limo_ros2_ws/install/ultraarm:/home/agilex/limo_ros2_ws/install/nav2_gazebo_spawner:/home/agilex/limo_ros2_ws/install/mypalletizer_260_pi:/home/agilex/limo_ros2_ws/install/mypalletizer_260:/home/agilex/limo_ros2_ws/install/mypalletizer_communication:/home/agilex/limo_ros2_ws/install/mycobot_630:/home/agilex/limo_ros2_ws/install/mycobot_600:/home/agilex/limo_ros2_ws/install/mycobot_320pi:/home/agilex/limo_ros2_ws/install/mycobot_320:/home/agilex/limo_ros2_ws/install/mycobot_280pi:/home/agilex/limo_ros2_ws/install/mycobot_280jn:/home/agilex/limo_ros2_ws/install/mycobot_280_x3pi:/home/agilex/limo_ros2_ws/install/mycobot_280:/home/agilex/limo_ros2_ws/install/myarm_300:/home/agilex/limo_ros2_ws/install/mycobot_communication:/home/agilex/limo_ros2_ws/install/mecharm_pi:/home/agilex/limo_ros2_ws/install/mecharm:/home/agilex/limo_ros2_ws/install/mecharm_communication:/home/agilex/limo_ros2_ws/install/mybuddy:/home/agilex/limo_ros2_ws/install/mycobot_description:/opt/ros/foxy LD_LIBRARY_PATH=/home/agilex/limo_ros2_ws/install/nav_2d_msgs/lib:/home/agilex/limo_ros2_ws/install/teb_local_planner/lib:/home/agilex/limo_ros2_ws/install/teb_msgs/lib:/home/agilex/limo_ros2_ws/install/smac_planner/lib:/home/agilex/limo_ros2_ws/install/nav2_controller/lib:/home/agilex/limo_ros2_ws/install/dwb_plugins/lib:/home/agilex/limo_ros2_ws/install/dwb_critics/lib:/home/agilex/limo_ros2_ws/install/dwb_core/lib:/home/agilex/limo_ros2_ws/install/nav_2d_utils/lib:/home/agilex/limo_ros2_ws/install/dwb_msgs/lib:/home/agilex/limo_ros2_ws/install/nav2_waypoint_follower/lib:/home/agilex/limo_ros2_ws/install/nav2_regulated_pure_pursuit_controller/lib:/home/agilex/limo_ros2_ws/install/nav2_recoveries/lib:/home/agilex/limo_ros2_ws/install/nav2_planner/lib:/home/agilex/limo_ros2_ws/install/nav2_navfn_planner/lib:/home/agilex/limo_ros2_ws/install/costmap_queue/lib:/home/agilex/limo_ros2_ws/install/costmap_converter/lib:/home/agilex/limo_ros2_ws/install/nav2_costmap_2d/lib:/home/agilex/limo_ros2_ws/install/nav2_voxel_grid/lib:/home/agilex/limo_ros2_ws/install/nav2_rviz_plugins/lib:/home/agilex/limo_ros2_ws/install/nav2_map_server/lib:/home/agilex/limo_ros2_ws/install/nav2_lifecycle_manager/lib:/home/agilex/limo_ros2_ws/install/nav2_bt_navigator/lib:/home/agilex/limo_ros2_ws/install/nav2_behavior_tree/lib:/home/agilex/limo_ros2_ws/install/nav2_amcl/lib:/home/agilex/limo_ros2_ws/install/nav2_util/lib:/home/agilex/limo_ros2_ws/install/nav2_msgs/lib:/home/agilex/limo_ros2_ws/install/mypalletizer_interfaces/lib:/home/agilex/limo_ros2_ws/install/mycobot_interfaces/lib:/home/agilex/limo_ros2_ws/install/mecharm_interfaces/lib:/home/agilex/limo_ros2_ws/install/limo_msgs/lib:/home/agilex/limo_ros2_ws/install/libuvc/lib:/home/agilex/limo_ros2_ws/install/glog/lib:/home/agilex/limo_ros2_ws/install/costmap_converter_msgs/lib:/home/agilex/limo_ros2_ws/install/astra_camera/lib:/home/agilex/limo_ros2_ws/install/astra_camera_msgs/lib:/usr/lib/aarch64-linux-gnu/gazebo-11/plugins:/opt/ros/foxy/opt/yaml_cpp_vendor/lib:/opt/ros/foxy/opt/rviz_ogre_vendor/lib:/opt/ros/foxy/lib/aarch64-linux-gnu:/opt/ros/foxy/lib PYTHONPATH=/home/agilex/limo_ros2_ws/install/nav_2d_msgs/lib/python3.8/site-packages:/home/agilex/limo_ros2_ws/install/ultraarm/lib/python3.8/site-packages:/home/agilex/limo_ros2_ws/install/teb_msgs/lib/python3.8/site-packages:/home/agilex/limo_ros2_ws/install/dwb_msgs/lib/python3.8/site-packages:/home/agilex/limo_ros2_ws/install/nav2_msgs/lib/python3.8/site-packages:/home/agilex/limo_ros2_ws/install/nav2_gazebo_spawner/lib/python3.8/site-packages:/home/agilex/limo_ros2_ws/install/nav2_common/lib/python3.8/site-packages:/home/agilex/limo_ros2_ws/install/mypalletizer_260_pi/lib/python3.8/site-packages:/home/agilex/limo_ros2_ws/install/mypalletizer_260/lib/python3.8/site-packages:/home/agilex/limo_ros2_ws/install/mypalletizer_communication/lib/python3.8/site-packages:/home/agilex/limo_ros2_ws/install/mypalletizer_interfaces/lib/python3.8/site-packages:/home/agilex/limo_ros2_ws/install/mycobot_630/lib/python3.8/site-packages:/home/agilex/limo_ros2_ws/install/mycobot_600/lib/python3.8/site-packages:/home/agilex/limo_ros2_ws/install/mycobot_320pi/lib/python3.8/site-packages:/home/agilex/limo_ros2_ws/install/mycobot_320/lib/python3.8/site-packages:/home/agilex/limo_ros2_ws/install/mycobot_280pi/lib/python3.8/site-packages:/home/agilex/limo_ros2_ws/install/mycobot_280jn/lib/python3.8/site-packages:/home/agilex/limo_ros2_ws/install/mycobot_280_x3pi/lib/python3.8/site-packages:/home/agilex/limo_ros2_ws/install/mycobot_280/lib/python3.8/site-packages:/home/agilex/limo_ros2_ws/install/myarm_300/lib/python3.8/site-packages:/home/agilex/limo_ros2_ws/install/mycobot_communication/lib/python3.8/site-packages:/home/agilex/limo_ros2_ws/install/mecharm_pi/lib/python3.8/site-packages:/home/agilex/limo_ros2_ws/install/mecharm/lib/python3.8/site-packages:/home/agilex/limo_ros2_ws/install/mecharm_communication/lib/python3.8/site-packages:/home/agilex/limo_ros2_ws/install/mycobot_interfaces/lib/python3.8/site-packages:/home/agilex/limo_ros2_ws/install/mybuddy/lib/python3.8/site-packages:/home/agilex/limo_ros2_ws/install/mycobot_description/lib/python3.8/site-packages:/home/agilex/limo_ros2_ws/install/mecharm_interfaces/lib/python3.8/site-packages:/home/agilex/limo_ros2_ws/install/limo_msgs/lib/python3.8/site-packages:/home/agilex/limo_ros2_ws/install/costmap_converter_msgs/lib/python3.8/site-packages:/home/agilex/limo_ros2_ws/install/astra_camera_msgs/lib/python3.8/site-packages:/opt/ros/foxy/lib/python3.8/site-packages /usr/bin/cmake --build /home/agilex/limo_ros2_ws/build/dwb_msgs -- -j6 -l6
[0.457s] [ 11%] Built target dwb_msgs__rosidl_generator_c
[0.461s] [ 12%] Built target dwb_msgs__cpp
[0.612s] [ 24%] Built target dwb_msgs__rosidl_typesupport_c
[0.631s] [ 35%] Built target dwb_msgs__rosidl_typesupport_introspection_cpp
[0.643s] [ 47%] Built target dwb_msgs__rosidl_typesupport_cpp
[0.646s] [ 58%] Built target dwb_msgs__rosidl_typesupport_introspection_c
[0.658s] [ 70%] Built target dwb_msgs__rosidl_typesupport_fastrtps_cpp
[0.807s] [ 82%] Built target dwb_msgs__rosidl_typesupport_fastrtps_c
[0.905s] [ 82%] Built target dwb_msgs
[0.995s] [ 83%] Built target dwb_msgs__py
[1.097s] [ 93%] Built target dwb_msgs__python
[1.215s] [ 95%] Built target dwb_msgs__rosidl_typesupport_c__pyext
[1.223s] [ 97%] Built target dwb_msgs__rosidl_typesupport_introspection_c__pyext
[1.224s] [100%] Built target dwb_msgs__rosidl_typesupport_fastrtps_c__pyext
[1.374s] Invoked command in '/home/agilex/limo_ros2_ws/build/dwb_msgs' returned '0': CMAKE_PREFIX_PATH=/home/agilex/limo_ros2_ws/install/nav_2d_msgs:/home/agilex/limo_ros2_ws/install/ydlidar_sdk:/home/agilex/limo_ros2_ws/install/ydlidar_ros2_driver:/home/agilex/limo_ros2_ws/install/teb_local_planner:/home/agilex/limo_ros2_ws/install/teb_msgs:/home/agilex/limo_ros2_ws/install/nav2_system_tests:/home/agilex/limo_ros2_ws/install/nav2_bringup:/home/agilex/limo_ros2_ws/install/navigation2:/home/agilex/limo_ros2_ws/install/smac_planner:/home/agilex/limo_ros2_ws/install/rf2o_laser_odometry:/home/agilex/limo_ros2_ws/install/nav2_dwb_controller:/home/agilex/limo_ros2_ws/install/nav2_controller:/home/agilex/limo_ros2_ws/install/dwb_plugins:/home/agilex/limo_ros2_ws/install/dwb_critics:/home/agilex/limo_ros2_ws/install/dwb_core:/home/agilex/limo_ros2_ws/install/nav_2d_utils:/home/agilex/limo_ros2_ws/install/dwb_msgs:/home/agilex/limo_ros2_ws/install/nav2_waypoint_follower:/home/agilex/limo_ros2_ws/install/nav2_regulated_pure_pursuit_controller:/home/agilex/limo_ros2_ws/install/nav2_recoveries:/home/agilex/limo_ros2_ws/install/nav2_planner:/home/agilex/limo_ros2_ws/install/nav2_navfn_planner:/home/agilex/limo_ros2_ws/install/nav2_core:/home/agilex/limo_ros2_ws/install/costmap_queue:/home/agilex/limo_ros2_ws/install/costmap_converter:/home/agilex/limo_ros2_ws/install/nav2_costmap_2d:/home/agilex/limo_ros2_ws/install/nav2_voxel_grid:/home/agilex/limo_ros2_ws/install/nav2_rviz_plugins:/home/agilex/limo_ros2_ws/install/nav2_map_server:/home/agilex/limo_ros2_ws/install/nav2_lifecycle_manager:/home/agilex/limo_ros2_ws/install/nav2_bt_navigator:/home/agilex/limo_ros2_ws/install/nav2_behavior_tree:/home/agilex/limo_ros2_ws/install/nav2_amcl:/home/agilex/limo_ros2_ws/install/nav2_util:/home/agilex/limo_ros2_ws/install/nav2_msgs:/home/agilex/limo_ros2_ws/install/nav2_common:/home/agilex/limo_ros2_ws/install/mypalletizer_interfaces:/home/agilex/limo_ros2_ws/install/mycobot_interfaces:/home/agilex/limo_ros2_ws/install/mecharm_interfaces:/home/agilex/limo_ros2_ws/install/magic_enum:/home/agilex/limo_ros2_ws/install/limo_bringup:/home/agilex/limo_ros2_ws/install/limo_base:/home/agilex/limo_ros2_ws/install/limo_msgs:/home/agilex/limo_ros2_ws/install/limo_description:/home/agilex/limo_ros2_ws/install/libuvc:/home/agilex/limo_ros2_ws/install/glog:/home/agilex/limo_ros2_ws/install/costmap_converter_msgs:/home/agilex/limo_ros2_ws/install/astra_camera:/home/agilex/limo_ros2_ws/install/astra_camera_msgs:/home/agilex/limo_ros2_ws/install/ultraarm:/home/agilex/limo_ros2_ws/install/nav2_gazebo_spawner:/home/agilex/limo_ros2_ws/install/mypalletizer_260_pi:/home/agilex/limo_ros2_ws/install/mypalletizer_260:/home/agilex/limo_ros2_ws/install/mypalletizer_communication:/home/agilex/limo_ros2_ws/install/mycobot_630:/home/agilex/limo_ros2_ws/install/mycobot_600:/home/agilex/limo_ros2_ws/install/mycobot_320pi:/home/agilex/limo_ros2_ws/install/mycobot_320:/home/agilex/limo_ros2_ws/install/mycobot_280pi:/home/agilex/limo_ros2_ws/install/mycobot_280jn:/home/agilex/limo_ros2_ws/install/mycobot_280_x3pi:/home/agilex/limo_ros2_ws/install/mycobot_280:/home/agilex/limo_ros2_ws/install/myarm_300:/home/agilex/limo_ros2_ws/install/mycobot_communication:/home/agilex/limo_ros2_ws/install/mecharm_pi:/home/agilex/limo_ros2_ws/install/mecharm:/home/agilex/limo_ros2_ws/install/mecharm_communication:/home/agilex/limo_ros2_ws/install/mybuddy:/home/agilex/limo_ros2_ws/install/mycobot_description:/opt/ros/foxy LD_LIBRARY_PATH=/home/agilex/limo_ros2_ws/install/nav_2d_msgs/lib:/home/agilex/limo_ros2_ws/install/teb_local_planner/lib:/home/agilex/limo_ros2_ws/install/teb_msgs/lib:/home/agilex/limo_ros2_ws/install/smac_planner/lib:/home/agilex/limo_ros2_ws/install/nav2_controller/lib:/home/agilex/limo_ros2_ws/install/dwb_plugins/lib:/home/agilex/limo_ros2_ws/install/dwb_critics/lib:/home/agilex/limo_ros2_ws/install/dwb_core/lib:/home/agilex/limo_ros2_ws/install/nav_2d_utils/lib:/home/agilex/limo_ros2_ws/install/dwb_msgs/lib:/home/agilex/limo_ros2_ws/install/nav2_waypoint_follower/lib:/home/agilex/limo_ros2_ws/install/nav2_regulated_pure_pursuit_controller/lib:/home/agilex/limo_ros2_ws/install/nav2_recoveries/lib:/home/agilex/limo_ros2_ws/install/nav2_planner/lib:/home/agilex/limo_ros2_ws/install/nav2_navfn_planner/lib:/home/agilex/limo_ros2_ws/install/costmap_queue/lib:/home/agilex/limo_ros2_ws/install/costmap_converter/lib:/home/agilex/limo_ros2_ws/install/nav2_costmap_2d/lib:/home/agilex/limo_ros2_ws/install/nav2_voxel_grid/lib:/home/agilex/limo_ros2_ws/install/nav2_rviz_plugins/lib:/home/agilex/limo_ros2_ws/install/nav2_map_server/lib:/home/agilex/limo_ros2_ws/install/nav2_lifecycle_manager/lib:/home/agilex/limo_ros2_ws/install/nav2_bt_navigator/lib:/home/agilex/limo_ros2_ws/install/nav2_behavior_tree/lib:/home/agilex/limo_ros2_ws/install/nav2_amcl/lib:/home/agilex/limo_ros2_ws/install/nav2_util/lib:/home/agilex/limo_ros2_ws/install/nav2_msgs/lib:/home/agilex/limo_ros2_ws/install/mypalletizer_interfaces/lib:/home/agilex/limo_ros2_ws/install/mycobot_interfaces/lib:/home/agilex/limo_ros2_ws/install/mecharm_interfaces/lib:/home/agilex/limo_ros2_ws/install/limo_msgs/lib:/home/agilex/limo_ros2_ws/install/libuvc/lib:/home/agilex/limo_ros2_ws/install/glog/lib:/home/agilex/limo_ros2_ws/install/costmap_converter_msgs/lib:/home/agilex/limo_ros2_ws/install/astra_camera/lib:/home/agilex/limo_ros2_ws/install/astra_camera_msgs/lib:/usr/lib/aarch64-linux-gnu/gazebo-11/plugins:/opt/ros/foxy/opt/yaml_cpp_vendor/lib:/opt/ros/foxy/opt/rviz_ogre_vendor/lib:/opt/ros/foxy/lib/aarch64-linux-gnu:/opt/ros/foxy/lib PYTHONPATH=/home/agilex/limo_ros2_ws/install/nav_2d_msgs/lib/python3.8/site-packages:/home/agilex/limo_ros2_ws/install/ultraarm/lib/python3.8/site-packages:/home/agilex/limo_ros2_ws/install/teb_msgs/lib/python3.8/site-packages:/home/agilex/limo_ros2_ws/install/dwb_msgs/lib/python3.8/site-packages:/home/agilex/limo_ros2_ws/install/nav2_msgs/lib/python3.8/site-packages:/home/agilex/limo_ros2_ws/install/nav2_gazebo_spawner/lib/python3.8/site-packages:/home/agilex/limo_ros2_ws/install/nav2_common/lib/python3.8/site-packages:/home/agilex/limo_ros2_ws/install/mypalletizer_260_pi/lib/python3.8/site-packages:/home/agilex/limo_ros2_ws/install/mypalletizer_260/lib/python3.8/site-packages:/home/agilex/limo_ros2_ws/install/mypalletizer_communication/lib/python3.8/site-packages:/home/agilex/limo_ros2_ws/install/mypalletizer_interfaces/lib/python3.8/site-packages:/home/agilex/limo_ros2_ws/install/mycobot_630/lib/python3.8/site-packages:/home/agilex/limo_ros2_ws/install/mycobot_600/lib/python3.8/site-packages:/home/agilex/limo_ros2_ws/install/mycobot_320pi/lib/python3.8/site-packages:/home/agilex/limo_ros2_ws/install/mycobot_320/lib/python3.8/site-packages:/home/agilex/limo_ros2_ws/install/mycobot_280pi/lib/python3.8/site-packages:/home/agilex/limo_ros2_ws/install/mycobot_280jn/lib/python3.8/site-packages:/home/agilex/limo_ros2_ws/install/mycobot_280_x3pi/lib/python3.8/site-packages:/home/agilex/limo_ros2_ws/install/mycobot_280/lib/python3.8/site-packages:/home/agilex/limo_ros2_ws/install/myarm_300/lib/python3.8/site-packages:/home/agilex/limo_ros2_ws/install/mycobot_communication/lib/python3.8/site-packages:/home/agilex/limo_ros2_ws/install/mecharm_pi/lib/python3.8/site-packages:/home/agilex/limo_ros2_ws/install/mecharm/lib/python3.8/site-packages:/home/agilex/limo_ros2_ws/install/mecharm_communication/lib/python3.8/site-packages:/home/agilex/limo_ros2_ws/install/mycobot_interfaces/lib/python3.8/site-packages:/home/agilex/limo_ros2_ws/install/mybuddy/lib/python3.8/site-packages:/home/agilex/limo_ros2_ws/install/mycobot_description/lib/python3.8/site-packages:/home/agilex/limo_ros2_ws/install/mecharm_interfaces/lib/python3.8/site-packages:/home/agilex/limo_ros2_ws/install/limo_msgs/lib/python3.8/site-packages:/home/agilex/limo_ros2_ws/install/costmap_converter_msgs/lib/python3.8/site-packages:/home/agilex/limo_ros2_ws/install/astra_camera_msgs/lib/python3.8/site-packages:/opt/ros/foxy/lib/python3.8/site-packages /usr/bin/cmake --build /home/agilex/limo_ros2_ws/build/dwb_msgs -- -j6 -l6
[2.594s] Invoking command in '/home/agilex/limo_ros2_ws/build/dwb_msgs': CMAKE_PREFIX_PATH=/home/agilex/limo_ros2_ws/install/nav_2d_msgs:/home/agilex/limo_ros2_ws/install/ydlidar_sdk:/home/agilex/limo_ros2_ws/install/ydlidar_ros2_driver:/home/agilex/limo_ros2_ws/install/teb_local_planner:/home/agilex/limo_ros2_ws/install/teb_msgs:/home/agilex/limo_ros2_ws/install/nav2_system_tests:/home/agilex/limo_ros2_ws/install/nav2_bringup:/home/agilex/limo_ros2_ws/install/navigation2:/home/agilex/limo_ros2_ws/install/smac_planner:/home/agilex/limo_ros2_ws/install/rf2o_laser_odometry:/home/agilex/limo_ros2_ws/install/nav2_dwb_controller:/home/agilex/limo_ros2_ws/install/nav2_controller:/home/agilex/limo_ros2_ws/install/dwb_plugins:/home/agilex/limo_ros2_ws/install/dwb_critics:/home/agilex/limo_ros2_ws/install/dwb_core:/home/agilex/limo_ros2_ws/install/nav_2d_utils:/home/agilex/limo_ros2_ws/install/dwb_msgs:/home/agilex/limo_ros2_ws/install/nav2_waypoint_follower:/home/agilex/limo_ros2_ws/install/nav2_regulated_pure_pursuit_controller:/home/agilex/limo_ros2_ws/install/nav2_recoveries:/home/agilex/limo_ros2_ws/install/nav2_planner:/home/agilex/limo_ros2_ws/install/nav2_navfn_planner:/home/agilex/limo_ros2_ws/install/nav2_core:/home/agilex/limo_ros2_ws/install/costmap_queue:/home/agilex/limo_ros2_ws/install/costmap_converter:/home/agilex/limo_ros2_ws/install/nav2_costmap_2d:/home/agilex/limo_ros2_ws/install/nav2_voxel_grid:/home/agilex/limo_ros2_ws/install/nav2_rviz_plugins:/home/agilex/limo_ros2_ws/install/nav2_map_server:/home/agilex/limo_ros2_ws/install/nav2_lifecycle_manager:/home/agilex/limo_ros2_ws/install/nav2_bt_navigator:/home/agilex/limo_ros2_ws/install/nav2_behavior_tree:/home/agilex/limo_ros2_ws/install/nav2_amcl:/home/agilex/limo_ros2_ws/install/nav2_util:/home/agilex/limo_ros2_ws/install/nav2_msgs:/home/agilex/limo_ros2_ws/install/nav2_common:/home/agilex/limo_ros2_ws/install/mypalletizer_interfaces:/home/agilex/limo_ros2_ws/install/mycobot_interfaces:/home/agilex/limo_ros2_ws/install/mecharm_interfaces:/home/agilex/limo_ros2_ws/install/magic_enum:/home/agilex/limo_ros2_ws/install/limo_bringup:/home/agilex/limo_ros2_ws/install/limo_base:/home/agilex/limo_ros2_ws/install/limo_msgs:/home/agilex/limo_ros2_ws/install/limo_description:/home/agilex/limo_ros2_ws/install/libuvc:/home/agilex/limo_ros2_ws/install/glog:/home/agilex/limo_ros2_ws/install/costmap_converter_msgs:/home/agilex/limo_ros2_ws/install/astra_camera:/home/agilex/limo_ros2_ws/install/astra_camera_msgs:/home/agilex/limo_ros2_ws/install/ultraarm:/home/agilex/limo_ros2_ws/install/nav2_gazebo_spawner:/home/agilex/limo_ros2_ws/install/mypalletizer_260_pi:/home/agilex/limo_ros2_ws/install/mypalletizer_260:/home/agilex/limo_ros2_ws/install/mypalletizer_communication:/home/agilex/limo_ros2_ws/install/mycobot_630:/home/agilex/limo_ros2_ws/install/mycobot_600:/home/agilex/limo_ros2_ws/install/mycobot_320pi:/home/agilex/limo_ros2_ws/install/mycobot_320:/home/agilex/limo_ros2_ws/install/mycobot_280pi:/home/agilex/limo_ros2_ws/install/mycobot_280jn:/home/agilex/limo_ros2_ws/install/mycobot_280_x3pi:/home/agilex/limo_ros2_ws/install/mycobot_280:/home/agilex/limo_ros2_ws/install/myarm_300:/home/agilex/limo_ros2_ws/install/mycobot_communication:/home/agilex/limo_ros2_ws/install/mecharm_pi:/home/agilex/limo_ros2_ws/install/mecharm:/home/agilex/limo_ros2_ws/install/mecharm_communication:/home/agilex/limo_ros2_ws/install/mybuddy:/home/agilex/limo_ros2_ws/install/mycobot_description:/opt/ros/foxy LD_LIBRARY_PATH=/home/agilex/limo_ros2_ws/install/nav_2d_msgs/lib:/home/agilex/limo_ros2_ws/install/teb_local_planner/lib:/home/agilex/limo_ros2_ws/install/teb_msgs/lib:/home/agilex/limo_ros2_ws/install/smac_planner/lib:/home/agilex/limo_ros2_ws/install/nav2_controller/lib:/home/agilex/limo_ros2_ws/install/dwb_plugins/lib:/home/agilex/limo_ros2_ws/install/dwb_critics/lib:/home/agilex/limo_ros2_ws/install/dwb_core/lib:/home/agilex/limo_ros2_ws/install/nav_2d_utils/lib:/home/agilex/limo_ros2_ws/install/dwb_msgs/lib:/home/agilex/limo_ros2_ws/install/nav2_waypoint_follower/lib:/home/agilex/limo_ros2_ws/install/nav2_regulated_pure_pursuit_controller/lib:/home/agilex/limo_ros2_ws/install/nav2_recoveries/lib:/home/agilex/limo_ros2_ws/install/nav2_planner/lib:/home/agilex/limo_ros2_ws/install/nav2_navfn_planner/lib:/home/agilex/limo_ros2_ws/install/costmap_queue/lib:/home/agilex/limo_ros2_ws/install/costmap_converter/lib:/home/agilex/limo_ros2_ws/install/nav2_costmap_2d/lib:/home/agilex/limo_ros2_ws/install/nav2_voxel_grid/lib:/home/agilex/limo_ros2_ws/install/nav2_rviz_plugins/lib:/home/agilex/limo_ros2_ws/install/nav2_map_server/lib:/home/agilex/limo_ros2_ws/install/nav2_lifecycle_manager/lib:/home/agilex/limo_ros2_ws/install/nav2_bt_navigator/lib:/home/agilex/limo_ros2_ws/install/nav2_behavior_tree/lib:/home/agilex/limo_ros2_ws/install/nav2_amcl/lib:/home/agilex/limo_ros2_ws/install/nav2_util/lib:/home/agilex/limo_ros2_ws/install/nav2_msgs/lib:/home/agilex/limo_ros2_ws/install/mypalletizer_interfaces/lib:/home/agilex/limo_ros2_ws/install/mycobot_interfaces/lib:/home/agilex/limo_ros2_ws/install/mecharm_interfaces/lib:/home/agilex/limo_ros2_ws/install/limo_msgs/lib:/home/agilex/limo_ros2_ws/install/libuvc/lib:/home/agilex/limo_ros2_ws/install/glog/lib:/home/agilex/limo_ros2_ws/install/costmap_converter_msgs/lib:/home/agilex/limo_ros2_ws/install/astra_camera/lib:/home/agilex/limo_ros2_ws/install/astra_camera_msgs/lib:/usr/lib/aarch64-linux-gnu/gazebo-11/plugins:/opt/ros/foxy/opt/yaml_cpp_vendor/lib:/opt/ros/foxy/opt/rviz_ogre_vendor/lib:/opt/ros/foxy/lib/aarch64-linux-gnu:/opt/ros/foxy/lib PYTHONPATH=/home/agilex/limo_ros2_ws/install/nav_2d_msgs/lib/python3.8/site-packages:/home/agilex/limo_ros2_ws/install/ultraarm/lib/python3.8/site-packages:/home/agilex/limo_ros2_ws/install/teb_msgs/lib/python3.8/site-packages:/home/agilex/limo_ros2_ws/install/dwb_msgs/lib/python3.8/site-packages:/home/agilex/limo_ros2_ws/install/nav2_msgs/lib/python3.8/site-packages:/home/agilex/limo_ros2_ws/install/nav2_gazebo_spawner/lib/python3.8/site-packages:/home/agilex/limo_ros2_ws/install/nav2_common/lib/python3.8/site-packages:/home/agilex/limo_ros2_ws/install/mypalletizer_260_pi/lib/python3.8/site-packages:/home/agilex/limo_ros2_ws/install/mypalletizer_260/lib/python3.8/site-packages:/home/agilex/limo_ros2_ws/install/mypalletizer_communication/lib/python3.8/site-packages:/home/agilex/limo_ros2_ws/install/mypalletizer_interfaces/lib/python3.8/site-packages:/home/agilex/limo_ros2_ws/install/mycobot_630/lib/python3.8/site-packages:/home/agilex/limo_ros2_ws/install/mycobot_600/lib/python3.8/site-packages:/home/agilex/limo_ros2_ws/install/mycobot_320pi/lib/python3.8/site-packages:/home/agilex/limo_ros2_ws/install/mycobot_320/lib/python3.8/site-packages:/home/agilex/limo_ros2_ws/install/mycobot_280pi/lib/python3.8/site-packages:/home/agilex/limo_ros2_ws/install/mycobot_280jn/lib/python3.8/site-packages:/home/agilex/limo_ros2_ws/install/mycobot_280_x3pi/lib/python3.8/site-packages:/home/agilex/limo_ros2_ws/install/mycobot_280/lib/python3.8/site-packages:/home/agilex/limo_ros2_ws/install/myarm_300/lib/python3.8/site-packages:/home/agilex/limo_ros2_ws/install/mycobot_communication/lib/python3.8/site-packages:/home/agilex/limo_ros2_ws/install/mecharm_pi/lib/python3.8/site-packages:/home/agilex/limo_ros2_ws/install/mecharm/lib/python3.8/site-packages:/home/agilex/limo_ros2_ws/install/mecharm_communication/lib/python3.8/site-packages:/home/agilex/limo_ros2_ws/install/mycobot_interfaces/lib/python3.8/site-packages:/home/agilex/limo_ros2_ws/install/mybuddy/lib/python3.8/site-packages:/home/agilex/limo_ros2_ws/install/mycobot_description/lib/python3.8/site-packages:/home/agilex/limo_ros2_ws/install/mecharm_interfaces/lib/python3.8/site-packages:/home/agilex/limo_ros2_ws/install/limo_msgs/lib/python3.8/site-packages:/home/agilex/limo_ros2_ws/install/costmap_converter_msgs/lib/python3.8/site-packages:/home/agilex/limo_ros2_ws/install/astra_camera_msgs/lib/python3.8/site-packages:/opt/ros/foxy/lib/python3.8/site-packages /usr/bin/cmake --install /home/agilex/limo_ros2_ws/build/dwb_msgs
[2.637s] -- Install configuration: ""
[2.639s] -- Up-to-date: /home/agilex/limo_ros2_ws/install/dwb_msgs/share/ament_index/resource_index/rosidl_interfaces/dwb_msgs
[2.639s] -- Up-to-date: /home/agilex/limo_ros2_ws/install/dwb_msgs/include/dwb_msgs
[2.642s] -- Up-to-date: /home/agilex/limo_ros2_ws/install/dwb_msgs/include/dwb_msgs/msg
[2.643s] -- Up-to-date: /home/agilex/limo_ros2_ws/install/dwb_msgs/include/dwb_msgs/msg/local_plan_evaluation.h
[2.643s] -- Up-to-date: /home/agilex/limo_ros2_ws/install/dwb_msgs/include/dwb_msgs/msg/rosidl_generator_c__visibility_control.h
[2.643s] -- Up-to-date: /home/agilex/limo_ros2_ws/install/dwb_msgs/include/dwb_msgs/msg/detail
[2.644s] -- Up-to-date: /home/agilex/limo_ros2_ws/install/dwb_msgs/include/dwb_msgs/msg/detail/trajectory2_d__functions.c
[2.644s] -- Up-to-date: /home/agilex/limo_ros2_ws/install/dwb_msgs/include/dwb_msgs/msg/detail/trajectory2_d__functions.h
[2.644s] -- Up-to-date: /home/agilex/limo_ros2_ws/install/dwb_msgs/include/dwb_msgs/msg/detail/trajectory2_d__type_support.h
[2.644s] -- Up-to-date: /home/agilex/limo_ros2_ws/install/dwb_msgs/include/dwb_msgs/msg/detail/local_plan_evaluation__struct.h
[2.644s] -- Up-to-date: /home/agilex/limo_ros2_ws/install/dwb_msgs/include/dwb_msgs/msg/detail/trajectory_score__functions.h
[2.644s] -- Up-to-date: /home/agilex/limo_ros2_ws/install/dwb_msgs/include/dwb_msgs/msg/detail/critic_score__type_support.h
[2.644s] -- Up-to-date: /home/agilex/limo_ros2_ws/install/dwb_msgs/include/dwb_msgs/msg/detail/local_plan_evaluation__functions.c
[2.644s] -- Up-to-date: /home/agilex/limo_ros2_ws/install/dwb_msgs/include/dwb_msgs/msg/detail/critic_score__functions.c
[2.645s] -- Up-to-date: /home/agilex/limo_ros2_ws/install/dwb_msgs/include/dwb_msgs/msg/detail/local_plan_evaluation__type_support.h
[2.645s] -- Up-to-date: /home/agilex/limo_ros2_ws/install/dwb_msgs/include/dwb_msgs/msg/detail/critic_score__struct.h
[2.645s] -- Up-to-date: /home/agilex/limo_ros2_ws/install/dwb_msgs/include/dwb_msgs/msg/detail/trajectory_score__functions.c
[2.645s] -- Up-to-date: /home/agilex/limo_ros2_ws/install/dwb_msgs/include/dwb_msgs/msg/detail/trajectory_score__type_support.h
[2.645s] -- Up-to-date: /home/agilex/limo_ros2_ws/install/dwb_msgs/include/dwb_msgs/msg/detail/critic_score__functions.h
[2.645s] -- Up-to-date: /home/agilex/limo_ros2_ws/install/dwb_msgs/include/dwb_msgs/msg/detail/local_plan_evaluation__functions.h
[2.645s] -- Up-to-date: /home/agilex/limo_ros2_ws/install/dwb_msgs/include/dwb_msgs/msg/detail/trajectory2_d__struct.h
[2.645s] -- Up-to-date: /home/agilex/limo_ros2_ws/install/dwb_msgs/include/dwb_msgs/msg/detail/trajectory_score__struct.h
[2.646s] -- Up-to-date: /home/agilex/limo_ros2_ws/install/dwb_msgs/include/dwb_msgs/msg/critic_score.h
[2.646s] -- Up-to-date: /home/agilex/limo_ros2_ws/install/dwb_msgs/include/dwb_msgs/msg/trajectory2_d.h
[2.646s] -- Up-to-date: /home/agilex/limo_ros2_ws/install/dwb_msgs/include/dwb_msgs/msg/trajectory_score.h
[2.653s] -- Up-to-date: /home/agilex/limo_ros2_ws/install/dwb_msgs/include/dwb_msgs/srv
[2.653s] -- Up-to-date: /home/agilex/limo_ros2_ws/install/dwb_msgs/include/dwb_msgs/srv/generate_trajectory.h
[2.653s] -- Up-to-date: /home/agilex/limo_ros2_ws/install/dwb_msgs/include/dwb_msgs/srv/debug_local_plan.h
[2.653s] -- Up-to-date: /home/agilex/limo_ros2_ws/install/dwb_msgs/include/dwb_msgs/srv/detail
[2.653s] -- Up-to-date: /home/agilex/limo_ros2_ws/install/dwb_msgs/include/dwb_msgs/srv/detail/get_critic_score__functions.c
[2.655s] -- Up-to-date: /home/agilex/limo_ros2_ws/install/dwb_msgs/include/dwb_msgs/srv/detail/generate_twists__struct.h
[2.655s] -- Up-to-date: /home/agilex/limo_ros2_ws/install/dwb_msgs/include/dwb_msgs/srv/detail/generate_trajectory__type_support.h
[2.655s] -- Up-to-date: /home/agilex/limo_ros2_ws/install/dwb_msgs/include/dwb_msgs/srv/detail/generate_trajectory__functions.c
[2.655s] -- Up-to-date: /home/agilex/limo_ros2_ws/install/dwb_msgs/include/dwb_msgs/srv/detail/score_trajectory__functions.c
[2.655s] -- Up-to-date: /home/agilex/limo_ros2_ws/install/dwb_msgs/include/dwb_msgs/srv/detail/get_critic_score__struct.h
[2.656s] -- Up-to-date: /home/agilex/limo_ros2_ws/install/dwb_msgs/include/dwb_msgs/srv/detail/get_critic_score__type_support.h
[2.656s] -- Up-to-date: /home/agilex/limo_ros2_ws/install/dwb_msgs/include/dwb_msgs/srv/detail/debug_local_plan__functions.h
[2.656s] -- Up-to-date: /home/agilex/limo_ros2_ws/install/dwb_msgs/include/dwb_msgs/srv/detail/generate_trajectory__functions.h
[2.656s] -- Up-to-date: /home/agilex/limo_ros2_ws/install/dwb_msgs/include/dwb_msgs/srv/detail/generate_twists__functions.c
[2.656s] -- Up-to-date: /home/agilex/limo_ros2_ws/install/dwb_msgs/include/dwb_msgs/srv/detail/generate_twists__functions.h
[2.656s] -- Up-to-date: /home/agilex/limo_ros2_ws/install/dwb_msgs/include/dwb_msgs/srv/detail/debug_local_plan__type_support.h
[2.656s] -- Up-to-date: /home/agilex/limo_ros2_ws/install/dwb_msgs/include/dwb_msgs/srv/detail/score_trajectory__struct.h
[2.656s] -- Up-to-date: /home/agilex/limo_ros2_ws/install/dwb_msgs/include/dwb_msgs/srv/detail/score_trajectory__functions.h
[2.657s] -- Up-to-date: /home/agilex/limo_ros2_ws/install/dwb_msgs/include/dwb_msgs/srv/detail/get_critic_score__functions.h
[2.657s] -- Up-to-date: /home/agilex/limo_ros2_ws/install/dwb_msgs/include/dwb_msgs/srv/detail/debug_local_plan__functions.c
[2.657s] -- Up-to-date: /home/agilex/limo_ros2_ws/install/dwb_msgs/include/dwb_msgs/srv/detail/score_trajectory__type_support.h
[2.657s] -- Up-to-date: /home/agilex/limo_ros2_ws/install/dwb_msgs/include/dwb_msgs/srv/detail/generate_twists__type_support.h
[2.657s] -- Up-to-date: /home/agilex/limo_ros2_ws/install/dwb_msgs/include/dwb_msgs/srv/detail/generate_trajectory__struct.h
[2.657s] -- Up-to-date: /home/agilex/limo_ros2_ws/install/dwb_msgs/include/dwb_msgs/srv/detail/debug_local_plan__struct.h
[2.658s] -- Up-to-date: /home/agilex/limo_ros2_ws/install/dwb_msgs/include/dwb_msgs/srv/score_trajectory.h
[2.658s] -- Up-to-date: /home/agilex/limo_ros2_ws/install/dwb_msgs/include/dwb_msgs/srv/get_critic_score.h
[2.659s] -- Up-to-date: /home/agilex/limo_ros2_ws/install/dwb_msgs/include/dwb_msgs/srv/generate_twists.h
[2.659s] -- Up-to-date: /home/agilex/limo_ros2_ws/install/dwb_msgs/share/dwb_msgs/environment/library_path.sh
[2.659s] -- Up-to-date: /home/agilex/limo_ros2_ws/install/dwb_msgs/share/dwb_msgs/environment/library_path.dsv
[2.659s] -- Up-to-date: /home/agilex/limo_ros2_ws/install/dwb_msgs/lib/libdwb_msgs__rosidl_generator_c.so
[2.659s] -- Up-to-date: /home/agilex/limo_ros2_ws/install/dwb_msgs/include/dwb_msgs
[2.659s] -- Up-to-date: /home/agilex/limo_ros2_ws/install/dwb_msgs/include/dwb_msgs/msg
[2.659s] -- Up-to-date: /home/agilex/limo_ros2_ws/install/dwb_msgs/include/dwb_msgs/msg/rosidl_typesupport_fastrtps_c__visibility_control.h
[2.660s] -- Up-to-date: /home/agilex/limo_ros2_ws/install/dwb_msgs/include/dwb_msgs/msg/detail
[2.660s] -- Up-to-date: /home/agilex/limo_ros2_ws/install/dwb_msgs/include/dwb_msgs/msg/detail/local_plan_evaluation__rosidl_typesupport_fastrtps_c.h
[2.660s] -- Up-to-date: /home/agilex/limo_ros2_ws/install/dwb_msgs/include/dwb_msgs/msg/detail/trajectory2_d__rosidl_typesupport_fastrtps_c.h
[2.660s] -- Up-to-date: /home/agilex/limo_ros2_ws/install/dwb_msgs/include/dwb_msgs/msg/detail/critic_score__rosidl_typesupport_fastrtps_c.h
[2.660s] -- Up-to-date: /home/agilex/limo_ros2_ws/install/dwb_msgs/include/dwb_msgs/msg/detail/trajectory_score__rosidl_typesupport_fastrtps_c.h
[2.660s] -- Up-to-date: /home/agilex/limo_ros2_ws/install/dwb_msgs/include/dwb_msgs/srv
[2.661s] -- Up-to-date: /home/agilex/limo_ros2_ws/install/dwb_msgs/include/dwb_msgs/srv/detail
[2.661s] -- Up-to-date: /home/agilex/limo_ros2_ws/install/dwb_msgs/include/dwb_msgs/srv/detail/get_critic_score__rosidl_typesupport_fastrtps_c.h
[2.661s] -- Up-to-date: /home/agilex/limo_ros2_ws/install/dwb_msgs/include/dwb_msgs/srv/detail/generate_trajectory__rosidl_typesupport_fastrtps_c.h
[2.662s] -- Up-to-date: /home/agilex/limo_ros2_ws/install/dwb_msgs/include/dwb_msgs/srv/detail/score_trajectory__rosidl_typesupport_fastrtps_c.h
[2.662s] -- Up-to-date: /home/agilex/limo_ros2_ws/install/dwb_msgs/include/dwb_msgs/srv/detail/generate_twists__rosidl_typesupport_fastrtps_c.h
[2.662s] -- Up-to-date: /home/agilex/limo_ros2_ws/install/dwb_msgs/include/dwb_msgs/srv/detail/debug_local_plan__rosidl_typesupport_fastrtps_c.h
[2.662s] -- Up-to-date: /home/agilex/limo_ros2_ws/install/dwb_msgs/lib/libdwb_msgs__rosidl_typesupport_fastrtps_c.so
[2.663s] -- Up-to-date: /home/agilex/limo_ros2_ws/install/dwb_msgs/include/dwb_msgs
[2.664s] -- Up-to-date: /home/agilex/limo_ros2_ws/install/dwb_msgs/include/dwb_msgs/msg
[2.664s] -- Up-to-date: /home/agilex/limo_ros2_ws/install/dwb_msgs/include/dwb_msgs/msg/rosidl_typesupport_fastrtps_cpp__visibility_control.h
[2.664s] -- Up-to-date: /home/agilex/limo_ros2_ws/install/dwb_msgs/include/dwb_msgs/msg/detail
[2.664s] -- Up-to-date: /home/agilex/limo_ros2_ws/install/dwb_msgs/include/dwb_msgs/msg/detail/local_plan_evaluation__rosidl_typesupport_fastrtps_cpp.hpp
[2.664s] -- Up-to-date: /home/agilex/limo_ros2_ws/install/dwb_msgs/include/dwb_msgs/msg/detail/trajectory_score__rosidl_typesupport_fastrtps_cpp.hpp
[2.664s] -- Up-to-date: /home/agilex/limo_ros2_ws/install/dwb_msgs/include/dwb_msgs/msg/detail/trajectory2_d__rosidl_typesupport_fastrtps_cpp.hpp
[2.665s] -- Up-to-date: /home/agilex/limo_ros2_ws/install/dwb_msgs/include/dwb_msgs/msg/detail/dds_fastrtps
[2.665s] -- Up-to-date: /home/agilex/limo_ros2_ws/install/dwb_msgs/include/dwb_msgs/msg/detail/critic_score__rosidl_typesupport_fastrtps_cpp.hpp
[2.665s] -- Up-to-date: /home/agilex/limo_ros2_ws/install/dwb_msgs/include/dwb_msgs/srv
[2.666s] -- Up-to-date: /home/agilex/limo_ros2_ws/install/dwb_msgs/include/dwb_msgs/srv/detail
[2.666s] -- Up-to-date: /home/agilex/limo_ros2_ws/install/dwb_msgs/include/dwb_msgs/srv/detail/get_critic_score__rosidl_typesupport_fastrtps_cpp.hpp
[2.667s] -- Up-to-date: /home/agilex/limo_ros2_ws/install/dwb_msgs/include/dwb_msgs/srv/detail/generate_trajectory__rosidl_typesupport_fastrtps_cpp.hpp
[2.667s] -- Up-to-date: /home/agilex/limo_ros2_ws/install/dwb_msgs/include/dwb_msgs/srv/detail/dds_fastrtps
[2.668s] -- Up-to-date: /home/agilex/limo_ros2_ws/install/dwb_msgs/include/dwb_msgs/srv/detail/generate_twists__rosidl_typesupport_fastrtps_cpp.hpp
[2.668s] -- Up-to-date: /home/agilex/limo_ros2_ws/install/dwb_msgs/include/dwb_msgs/srv/detail/score_trajectory__rosidl_typesupport_fastrtps_cpp.hpp
[2.669s] -- Up-to-date: /home/agilex/limo_ros2_ws/install/dwb_msgs/include/dwb_msgs/srv/detail/debug_local_plan__rosidl_typesupport_fastrtps_cpp.hpp
[2.669s] -- Up-to-date: /home/agilex/limo_ros2_ws/install/dwb_msgs/lib/libdwb_msgs__rosidl_typesupport_fastrtps_cpp.so
[2.669s] -- Up-to-date: /home/agilex/limo_ros2_ws/install/dwb_msgs/include/dwb_msgs
[2.669s] -- Up-to-date: /home/agilex/limo_ros2_ws/install/dwb_msgs/include/dwb_msgs/msg
[2.669s] -- Up-to-date: /home/agilex/limo_ros2_ws/install/dwb_msgs/include/dwb_msgs/msg/rosidl_typesupport_introspection_c__visibility_control.h
[2.669s] -- Up-to-date: /home/agilex/limo_ros2_ws/install/dwb_msgs/include/dwb_msgs/msg/detail
[2.670s] -- Up-to-date: /home/agilex/limo_ros2_ws/install/dwb_msgs/include/dwb_msgs/msg/detail/trajectory2_d__rosidl_typesupport_introspection_c.h
[2.670s] -- Up-to-date: /home/agilex/limo_ros2_ws/install/dwb_msgs/include/dwb_msgs/msg/detail/trajectory_score__type_support.c
[2.670s] -- Up-to-date: /home/agilex/limo_ros2_ws/install/dwb_msgs/include/dwb_msgs/msg/detail/local_plan_evaluation__rosidl_typesupport_introspection_c.h
[2.670s] -- Up-to-date: /home/agilex/limo_ros2_ws/install/dwb_msgs/include/dwb_msgs/msg/detail/local_plan_evaluation__type_support.c
[2.670s] -- Up-to-date: /home/agilex/limo_ros2_ws/install/dwb_msgs/include/dwb_msgs/msg/detail/trajectory_score__rosidl_typesupport_introspection_c.h
[2.671s] -- Up-to-date: /home/agilex/limo_ros2_ws/install/dwb_msgs/include/dwb_msgs/msg/detail/critic_score__type_support.c
[2.671s] -- Up-to-date: /home/agilex/limo_ros2_ws/install/dwb_msgs/include/dwb_msgs/msg/detail/critic_score__rosidl_typesupport_introspection_c.h
[2.671s] -- Up-to-date: /home/agilex/limo_ros2_ws/install/dwb_msgs/include/dwb_msgs/msg/detail/trajectory2_d__type_support.c
[2.671s] -- Up-to-date: /home/agilex/limo_ros2_ws/install/dwb_msgs/include/dwb_msgs/srv
[2.671s] -- Up-to-date: /home/agilex/limo_ros2_ws/install/dwb_msgs/include/dwb_msgs/srv/detail
[2.672s] -- Up-to-date: /home/agilex/limo_ros2_ws/install/dwb_msgs/include/dwb_msgs/srv/detail/score_trajectory__rosidl_typesupport_introspection_c.h
[2.672s] -- Up-to-date: /home/agilex/limo_ros2_ws/install/dwb_msgs/include/dwb_msgs/srv/detail/debug_local_plan__rosidl_typesupport_introspection_c.h
[2.672s] -- Up-to-date: /home/agilex/limo_ros2_ws/install/dwb_msgs/include/dwb_msgs/srv/detail/generate_twists__type_support.c
[2.672s] -- Up-to-date: /home/agilex/limo_ros2_ws/install/dwb_msgs/include/dwb_msgs/srv/detail/get_critic_score__rosidl_typesupport_introspection_c.h
[2.672s] -- Up-to-date: /home/agilex/limo_ros2_ws/install/dwb_msgs/include/dwb_msgs/srv/detail/score_trajectory__type_support.c
[2.672s] -- Up-to-date: /home/agilex/limo_ros2_ws/install/dwb_msgs/include/dwb_msgs/srv/detail/generate_trajectory__rosidl_typesupport_introspection_c.h
[2.672s] -- Up-to-date: /home/agilex/limo_ros2_ws/install/dwb_msgs/include/dwb_msgs/srv/detail/generate_twists__rosidl_typesupport_introspection_c.h
[2.672s] -- Up-to-date: /home/agilex/limo_ros2_ws/install/dwb_msgs/include/dwb_msgs/srv/detail/debug_local_plan__type_support.c
[2.673s] -- Up-to-date: /home/agilex/limo_ros2_ws/install/dwb_msgs/include/dwb_msgs/srv/detail/generate_trajectory__type_support.c
[2.673s] -- Up-to-date: /home/agilex/limo_ros2_ws/install/dwb_msgs/include/dwb_msgs/srv/detail/get_critic_score__type_support.c
[2.673s] -- Up-to-date: /home/agilex/limo_ros2_ws/install/dwb_msgs/lib/libdwb_msgs__rosidl_typesupport_introspection_c.so
[2.673s] -- Up-to-date: /home/agilex/limo_ros2_ws/install/dwb_msgs/lib/libdwb_msgs__rosidl_typesupport_c.so
[2.673s] -- Up-to-date: /home/agilex/limo_ros2_ws/install/dwb_msgs/include/dwb_msgs
[2.673s] -- Up-to-date: /home/agilex/limo_ros2_ws/install/dwb_msgs/include/dwb_msgs/msg
[2.673s] -- Up-to-date: /home/agilex/limo_ros2_ws/install/dwb_msgs/include/dwb_msgs/msg/critic_score.hpp
[2.673s] -- Up-to-date: /home/agilex/limo_ros2_ws/install/dwb_msgs/include/dwb_msgs/msg/rosidl_generator_cpp__visibility_control.hpp
[2.674s] -- Up-to-date: /home/agilex/limo_ros2_ws/install/dwb_msgs/include/dwb_msgs/msg/detail
[2.674s] -- Up-to-date: /home/agilex/limo_ros2_ws/install/dwb_msgs/include/dwb_msgs/msg/detail/local_plan_evaluation__type_support.hpp
[2.676s] -- Up-to-date: /home/agilex/limo_ros2_ws/install/dwb_msgs/include/dwb_msgs/msg/detail/local_plan_evaluation__builder.hpp
[2.677s] -- Up-to-date: /home/agilex/limo_ros2_ws/install/dwb_msgs/include/dwb_msgs/msg/detail/local_plan_evaluation__struct.hpp
[2.677s] -- Up-to-date: /home/agilex/limo_ros2_ws/install/dwb_msgs/include/dwb_msgs/msg/detail/critic_score__struct.hpp
[2.677s] -- Up-to-date: /home/agilex/limo_ros2_ws/install/dwb_msgs/include/dwb_msgs/msg/detail/critic_score__builder.hpp
[2.677s] -- Up-to-date: /home/agilex/limo_ros2_ws/install/dwb_msgs/include/dwb_msgs/msg/detail/critic_score__type_support.hpp
[2.677s] -- Up-to-date: /home/agilex/limo_ros2_ws/install/dwb_msgs/include/dwb_msgs/msg/detail/trajectory2_d__type_support.hpp
[2.677s] -- Up-to-date: /home/agilex/limo_ros2_ws/install/dwb_msgs/include/dwb_msgs/msg/detail/critic_score__traits.hpp
[2.678s] -- Up-to-date: /home/agilex/limo_ros2_ws/install/dwb_msgs/include/dwb_msgs/msg/detail/trajectory_score__type_support.hpp
[2.678s] -- Up-to-date: /home/agilex/limo_ros2_ws/install/dwb_msgs/include/dwb_msgs/msg/detail/trajectory2_d__struct.hpp
[2.678s] -- Up-to-date: /home/agilex/limo_ros2_ws/install/dwb_msgs/include/dwb_msgs/msg/detail/local_plan_evaluation__traits.hpp
[2.678s] -- Up-to-date: /home/agilex/limo_ros2_ws/install/dwb_msgs/include/dwb_msgs/msg/detail/trajectory2_d__traits.hpp
[2.678s] -- Up-to-date: /home/agilex/limo_ros2_ws/install/dwb_msgs/include/dwb_msgs/msg/detail/trajectory_score__traits.hpp
[2.678s] -- Up-to-date: /home/agilex/limo_ros2_ws/install/dwb_msgs/include/dwb_msgs/msg/detail/trajectory_score__builder.hpp
[2.678s] -- Up-to-date: /home/agilex/limo_ros2_ws/install/dwb_msgs/include/dwb_msgs/msg/detail/trajectory2_d__builder.hpp
[2.678s] -- Up-to-date: /home/agilex/limo_ros2_ws/install/dwb_msgs/include/dwb_msgs/msg/detail/trajectory_score__struct.hpp
[2.679s] -- Up-to-date: /home/agilex/limo_ros2_ws/install/dwb_msgs/include/dwb_msgs/msg/local_plan_evaluation.hpp
[2.679s] -- Up-to-date: /home/agilex/limo_ros2_ws/install/dwb_msgs/include/dwb_msgs/msg/trajectory_score.hpp
[2.679s] -- Up-to-date: /home/agilex/limo_ros2_ws/install/dwb_msgs/include/dwb_msgs/msg/trajectory2_d.hpp
[2.679s] -- Up-to-date: /home/agilex/limo_ros2_ws/install/dwb_msgs/include/dwb_msgs/srv
[2.679s] -- Up-to-date: /home/agilex/limo_ros2_ws/install/dwb_msgs/include/dwb_msgs/srv/score_trajectory.hpp
[2.679s] -- Up-to-date: /home/agilex/limo_ros2_ws/install/dwb_msgs/include/dwb_msgs/srv/get_critic_score.hpp
[2.679s] -- Up-to-date: /home/agilex/limo_ros2_ws/install/dwb_msgs/include/dwb_msgs/srv/generate_trajectory.hpp
[2.679s] -- Up-to-date: /home/agilex/limo_ros2_ws/install/dwb_msgs/include/dwb_msgs/srv/generate_twists.hpp
[2.680s] -- Up-to-date: /home/agilex/limo_ros2_ws/install/dwb_msgs/include/dwb_msgs/srv/detail
[2.681s] -- Up-to-date: /home/agilex/limo_ros2_ws/install/dwb_msgs/include/dwb_msgs/srv/detail/score_trajectory__builder.hpp
[2.681s] -- Up-to-date: /home/agilex/limo_ros2_ws/install/dwb_msgs/include/dwb_msgs/srv/detail/generate_trajectory__traits.hpp
[2.681s] -- Up-to-date: /home/agilex/limo_ros2_ws/install/dwb_msgs/include/dwb_msgs/srv/detail/score_trajectory__traits.hpp
[2.681s] -- Up-to-date: /home/agilex/limo_ros2_ws/install/dwb_msgs/include/dwb_msgs/srv/detail/get_critic_score__builder.hpp
[2.681s] -- Up-to-date: /home/agilex/limo_ros2_ws/install/dwb_msgs/include/dwb_msgs/srv/detail/get_critic_score__type_support.hpp
[2.681s] -- Up-to-date: /home/agilex/limo_ros2_ws/install/dwb_msgs/include/dwb_msgs/srv/detail/generate_trajectory__builder.hpp
[2.681s] -- Up-to-date: /home/agilex/limo_ros2_ws/install/dwb_msgs/include/dwb_msgs/srv/detail/generate_twists__traits.hpp
[2.682s] -- Up-to-date: /home/agilex/limo_ros2_ws/install/dwb_msgs/include/dwb_msgs/srv/detail/score_trajectory__struct.hpp
[2.682s] -- Up-to-date: /home/agilex/limo_ros2_ws/install/dwb_msgs/include/dwb_msgs/srv/detail/generate_trajectory__struct.hpp
[2.682s] -- Up-to-date: /home/agilex/limo_ros2_ws/install/dwb_msgs/include/dwb_msgs/srv/detail/generate_trajectory__type_support.hpp
[2.682s] -- Up-to-date: /home/agilex/limo_ros2_ws/install/dwb_msgs/include/dwb_msgs/srv/detail/get_critic_score__traits.hpp
[2.682s] -- Up-to-date: /home/agilex/limo_ros2_ws/install/dwb_msgs/include/dwb_msgs/srv/detail/generate_twists__struct.hpp
[2.682s] -- Up-to-date: /home/agilex/limo_ros2_ws/install/dwb_msgs/include/dwb_msgs/srv/detail/generate_twists__type_support.hpp
[2.682s] -- Up-to-date: /home/agilex/limo_ros2_ws/install/dwb_msgs/include/dwb_msgs/srv/detail/score_trajectory__type_support.hpp
[2.682s] -- Up-to-date: /home/agilex/limo_ros2_ws/install/dwb_msgs/include/dwb_msgs/srv/detail/debug_local_plan__builder.hpp
[2.682s] -- Up-to-date: /home/agilex/limo_ros2_ws/install/dwb_msgs/include/dwb_msgs/srv/detail/get_critic_score__struct.hpp
[2.683s] -- Up-to-date: /home/agilex/limo_ros2_ws/install/dwb_msgs/include/dwb_msgs/srv/detail/debug_local_plan__type_support.hpp
[2.683s] -- Up-to-date: /home/agilex/limo_ros2_ws/install/dwb_msgs/include/dwb_msgs/srv/detail/debug_local_plan__traits.hpp
[2.687s] -- Up-to-date: /home/agilex/limo_ros2_ws/install/dwb_msgs/include/dwb_msgs/srv/detail/generate_twists__builder.hpp
[2.691s] -- Up-to-date: /home/agilex/limo_ros2_ws/install/dwb_msgs/include/dwb_msgs/srv/detail/debug_local_plan__struct.hpp
[2.691s] -- Up-to-date: /home/agilex/limo_ros2_ws/install/dwb_msgs/include/dwb_msgs/srv/debug_local_plan.hpp
[2.692s] -- Up-to-date: /home/agilex/limo_ros2_ws/install/dwb_msgs/include/dwb_msgs
[2.692s] -- Up-to-date: /home/agilex/limo_ros2_ws/install/dwb_msgs/include/dwb_msgs/msg
[2.692s] -- Up-to-date: /home/agilex/limo_ros2_ws/install/dwb_msgs/include/dwb_msgs/msg/detail
[2.692s] -- Up-to-date: /home/agilex/limo_ros2_ws/install/dwb_msgs/include/dwb_msgs/msg/detail/trajectory_score__type_support.cpp
[2.692s] -- Up-to-date: /home/agilex/limo_ros2_ws/install/dwb_msgs/include/dwb_msgs/msg/detail/critic_score__rosidl_typesupport_introspection_cpp.hpp
[2.692s] -- Up-to-date: /home/agilex/limo_ros2_ws/install/dwb_msgs/include/dwb_msgs/msg/detail/local_plan_evaluation__rosidl_typesupport_introspection_cpp.hpp
[2.692s] -- Up-to-date: /home/agilex/limo_ros2_ws/install/dwb_msgs/include/dwb_msgs/msg/detail/trajectory2_d__type_support.cpp
[2.692s] -- Up-to-date: /home/agilex/limo_ros2_ws/install/dwb_msgs/include/dwb_msgs/msg/detail/trajectory2_d__rosidl_typesupport_introspection_cpp.hpp
[2.693s] -- Up-to-date: /home/agilex/limo_ros2_ws/install/dwb_msgs/include/dwb_msgs/msg/detail/local_plan_evaluation__type_support.cpp
[2.693s] -- Up-to-date: /home/agilex/limo_ros2_ws/install/dwb_msgs/include/dwb_msgs/msg/detail/trajectory_score__rosidl_typesupport_introspection_cpp.hpp
[2.693s] -- Up-to-date: /home/agilex/limo_ros2_ws/install/dwb_msgs/include/dwb_msgs/msg/detail/critic_score__type_support.cpp
[2.693s] -- Up-to-date: /home/agilex/limo_ros2_ws/install/dwb_msgs/include/dwb_msgs/srv
[2.693s] -- Up-to-date: /home/agilex/limo_ros2_ws/install/dwb_msgs/include/dwb_msgs/srv/detail
[2.693s] -- Up-to-date: /home/agilex/limo_ros2_ws/install/dwb_msgs/include/dwb_msgs/srv/detail/debug_local_plan__type_support.cpp
[2.693s] -- Up-to-date: /home/agilex/limo_ros2_ws/install/dwb_msgs/include/dwb_msgs/srv/detail/generate_trajectory__type_support.cpp
[2.698s] -- Up-to-date: /home/agilex/limo_ros2_ws/install/dwb_msgs/include/dwb_msgs/srv/detail/get_critic_score__type_support.cpp
[2.698s] -- Up-to-date: /home/agilex/limo_ros2_ws/install/dwb_msgs/include/dwb_msgs/srv/detail/generate_twists__rosidl_typesupport_introspection_cpp.hpp
[2.699s] -- Up-to-date: /home/agilex/limo_ros2_ws/install/dwb_msgs/include/dwb_msgs/srv/detail/debug_local_plan__rosidl_typesupport_introspection_cpp.hpp
[2.699s] -- Up-to-date: /home/agilex/limo_ros2_ws/install/dwb_msgs/include/dwb_msgs/srv/detail/score_trajectory__type_support.cpp
[2.699s] -- Up-to-date: /home/agilex/limo_ros2_ws/install/dwb_msgs/include/dwb_msgs/srv/detail/generate_trajectory__rosidl_typesupport_introspection_cpp.hpp
[2.699s] -- Up-to-date: /home/agilex/limo_ros2_ws/install/dwb_msgs/include/dwb_msgs/srv/detail/score_trajectory__rosidl_typesupport_introspection_cpp.hpp
[2.700s] -- Up-to-date: /home/agilex/limo_ros2_ws/install/dwb_msgs/include/dwb_msgs/srv/detail/get_critic_score__rosidl_typesupport_introspection_cpp.hpp
[2.700s] -- Up-to-date: /home/agilex/limo_ros2_ws/install/dwb_msgs/include/dwb_msgs/srv/detail/generate_twists__type_support.cpp
[2.700s] -- Up-to-date: /home/agilex/limo_ros2_ws/install/dwb_msgs/lib/libdwb_msgs__rosidl_typesupport_introspection_cpp.so
[2.700s] -- Up-to-date: /home/agilex/limo_ros2_ws/install/dwb_msgs/lib/libdwb_msgs__rosidl_typesupport_cpp.so
[2.700s] -- Up-to-date: /home/agilex/limo_ros2_ws/install/dwb_msgs/share/dwb_msgs/environment/pythonpath.sh
[2.700s] -- Up-to-date: /home/agilex/limo_ros2_ws/install/dwb_msgs/share/dwb_msgs/environment/pythonpath.dsv
[2.700s] -- Up-to-date: /home/agilex/limo_ros2_ws/install/dwb_msgs/lib/python3.8/site-packages/dwb_msgs/__init__.py
[2.816s] -- Up-to-date: /home/agilex/limo_ros2_ws/install/dwb_msgs/lib/python3.8/site-packages/dwb_msgs/msg
[2.817s] -- Up-to-date: /home/agilex/limo_ros2_ws/install/dwb_msgs/lib/python3.8/site-packages/dwb_msgs/msg/_trajectory_score.py
[2.817s] -- Up-to-date: /home/agilex/limo_ros2_ws/install/dwb_msgs/lib/python3.8/site-packages/dwb_msgs/msg/_trajectory2_d.py
[2.817s] -- Up-to-date: /home/agilex/limo_ros2_ws/install/dwb_msgs/lib/python3.8/site-packages/dwb_msgs/msg/_critic_score.py
[2.817s] -- Up-to-date: /home/agilex/limo_ros2_ws/install/dwb_msgs/lib/python3.8/site-packages/dwb_msgs/msg/_trajectory2_d_s.c
[2.818s] -- Up-to-date: /home/agilex/limo_ros2_ws/install/dwb_msgs/lib/python3.8/site-packages/dwb_msgs/msg/_local_plan_evaluation_s.c
[2.818s] -- Up-to-date: /home/agilex/limo_ros2_ws/install/dwb_msgs/lib/python3.8/site-packages/dwb_msgs/msg/_critic_score_s.c
[2.818s] -- Up-to-date: /home/agilex/limo_ros2_ws/install/dwb_msgs/lib/python3.8/site-packages/dwb_msgs/msg/__init__.py
[2.819s] -- Up-to-date: /home/agilex/limo_ros2_ws/install/dwb_msgs/lib/python3.8/site-packages/dwb_msgs/msg/_local_plan_evaluation.py
[2.819s] -- Up-to-date: /home/agilex/limo_ros2_ws/install/dwb_msgs/lib/python3.8/site-packages/dwb_msgs/msg/_trajectory_score_s.c
[2.819s] -- Up-to-date: /home/agilex/limo_ros2_ws/install/dwb_msgs/lib/python3.8/site-packages/dwb_msgs/srv
[2.819s] -- Up-to-date: /home/agilex/limo_ros2_ws/install/dwb_msgs/lib/python3.8/site-packages/dwb_msgs/srv/_get_critic_score.py
[2.819s] -- Up-to-date: /home/agilex/limo_ros2_ws/install/dwb_msgs/lib/python3.8/site-packages/dwb_msgs/srv/_generate_twists.py
[2.819s] -- Up-to-date: /home/agilex/limo_ros2_ws/install/dwb_msgs/lib/python3.8/site-packages/dwb_msgs/srv/_debug_local_plan_s.c
[2.820s] -- Up-to-date: /home/agilex/limo_ros2_ws/install/dwb_msgs/lib/python3.8/site-packages/dwb_msgs/srv/_generate_trajectory_s.c
[2.820s] -- Up-to-date: /home/agilex/limo_ros2_ws/install/dwb_msgs/lib/python3.8/site-packages/dwb_msgs/srv/_score_trajectory_s.c
[2.820s] -- Up-to-date: /home/agilex/limo_ros2_ws/install/dwb_msgs/lib/python3.8/site-packages/dwb_msgs/srv/__init__.py
[2.820s] -- Up-to-date: /home/agilex/limo_ros2_ws/install/dwb_msgs/lib/python3.8/site-packages/dwb_msgs/srv/_generate_trajectory.py
[2.820s] -- Up-to-date: /home/agilex/limo_ros2_ws/install/dwb_msgs/lib/python3.8/site-packages/dwb_msgs/srv/_get_critic_score_s.c
[2.820s] -- Up-to-date: /home/agilex/limo_ros2_ws/install/dwb_msgs/lib/python3.8/site-packages/dwb_msgs/srv/_debug_local_plan.py
[2.823s] -- Up-to-date: /home/agilex/limo_ros2_ws/install/dwb_msgs/lib/python3.8/site-packages/dwb_msgs/srv/_generate_twists_s.c
[2.823s] -- Up-to-date: /home/agilex/limo_ros2_ws/install/dwb_msgs/lib/python3.8/site-packages/dwb_msgs/srv/_score_trajectory.py
[2.823s] -- Up-to-date: /home/agilex/limo_ros2_ws/install/dwb_msgs/lib/python3.8/site-packages/dwb_msgs/dwb_msgs_s__rosidl_typesupport_fastrtps_c.cpython-38-aarch64-linux-gnu.so
[2.827s] -- Up-to-date: /home/agilex/limo_ros2_ws/install/dwb_msgs/lib/python3.8/site-packages/dwb_msgs/dwb_msgs_s__rosidl_typesupport_introspection_c.cpython-38-aarch64-linux-gnu.so
[2.830s] -- Up-to-date: /home/agilex/limo_ros2_ws/install/dwb_msgs/lib/python3.8/site-packages/dwb_msgs/dwb_msgs_s__rosidl_typesupport_c.cpython-38-aarch64-linux-gnu.so
[2.832s] -- Up-to-date: /home/agilex/limo_ros2_ws/install/dwb_msgs/lib/libdwb_msgs__python.so
[2.837s] -- Up-to-date: /home/agilex/limo_ros2_ws/install/dwb_msgs/share/dwb_msgs/msg/CriticScore.idl
[2.837s] -- Up-to-date: /home/agilex/limo_ros2_ws/install/dwb_msgs/share/dwb_msgs/msg/LocalPlanEvaluation.idl
[2.837s] -- Up-to-date: /home/agilex/limo_ros2_ws/install/dwb_msgs/share/dwb_msgs/msg/Trajectory2D.idl
[2.837s] -- Up-to-date: /home/agilex/limo_ros2_ws/install/dwb_msgs/share/dwb_msgs/msg/TrajectoryScore.idl
[2.838s] -- Up-to-date: /home/agilex/limo_ros2_ws/install/dwb_msgs/share/dwb_msgs/srv/DebugLocalPlan.idl
[2.838s] -- Up-to-date: /home/agilex/limo_ros2_ws/install/dwb_msgs/share/dwb_msgs/srv/GenerateTrajectory.idl
[2.838s] -- Up-to-date: /home/agilex/limo_ros2_ws/install/dwb_msgs/share/dwb_msgs/srv/GenerateTwists.idl
[2.838s] -- Up-to-date: /home/agilex/limo_ros2_ws/install/dwb_msgs/share/dwb_msgs/srv/GetCriticScore.idl
[2.838s] -- Up-to-date: /home/agilex/limo_ros2_ws/install/dwb_msgs/share/dwb_msgs/srv/ScoreTrajectory.idl
[2.839s] -- Up-to-date: /home/agilex/limo_ros2_ws/install/dwb_msgs/share/dwb_msgs/msg/CriticScore.msg
[2.839s] -- Up-to-date: /home/agilex/limo_ros2_ws/install/dwb_msgs/share/dwb_msgs/msg/LocalPlanEvaluation.msg
[2.839s] -- Up-to-date: /home/agilex/limo_ros2_ws/install/dwb_msgs/share/dwb_msgs/msg/Trajectory2D.msg
[2.839s] -- Up-to-date: /home/agilex/limo_ros2_ws/install/dwb_msgs/share/dwb_msgs/msg/TrajectoryScore.msg
[2.839s] -- Up-to-date: /home/agilex/limo_ros2_ws/install/dwb_msgs/share/dwb_msgs/srv/DebugLocalPlan.srv
[2.839s] -- Up-to-date: /home/agilex/limo_ros2_ws/install/dwb_msgs/share/dwb_msgs/srv/DebugLocalPlan_Request.msg
[2.839s] -- Up-to-date: /home/agilex/limo_ros2_ws/install/dwb_msgs/share/dwb_msgs/srv/DebugLocalPlan_Response.msg
[2.839s] -- Up-to-date: /home/agilex/limo_ros2_ws/install/dwb_msgs/share/dwb_msgs/srv/GenerateTrajectory.srv
[2.840s] -- Up-to-date: /home/agilex/limo_ros2_ws/install/dwb_msgs/share/dwb_msgs/srv/GenerateTrajectory_Request.msg
[2.840s] -- Up-to-date: /home/agilex/limo_ros2_ws/install/dwb_msgs/share/dwb_msgs/srv/GenerateTrajectory_Response.msg
[2.840s] -- Up-to-date: /home/agilex/limo_ros2_ws/install/dwb_msgs/share/dwb_msgs/srv/GenerateTwists.srv
[2.840s] -- Up-to-date: /home/agilex/limo_ros2_ws/install/dwb_msgs/share/dwb_msgs/srv/GenerateTwists_Request.msg
[2.840s] -- Up-to-date: /home/agilex/limo_ros2_ws/install/dwb_msgs/share/dwb_msgs/srv/GenerateTwists_Response.msg
[2.840s] -- Up-to-date: /home/agilex/limo_ros2_ws/install/dwb_msgs/share/dwb_msgs/srv/GetCriticScore.srv
[2.840s] -- Up-to-date: /home/agilex/limo_ros2_ws/install/dwb_msgs/share/dwb_msgs/srv/GetCriticScore_Request.msg
[2.842s] -- Up-to-date: /home/agilex/limo_ros2_ws/install/dwb_msgs/share/dwb_msgs/srv/GetCriticScore_Response.msg
[2.842s] -- Up-to-date: /home/agilex/limo_ros2_ws/install/dwb_msgs/share/dwb_msgs/srv/ScoreTrajectory.srv
[2.842s] -- Up-to-date: /home/agilex/limo_ros2_ws/install/dwb_msgs/share/dwb_msgs/srv/ScoreTrajectory_Request.msg
[2.843s] -- Up-to-date: /home/agilex/limo_ros2_ws/install/dwb_msgs/share/dwb_msgs/srv/ScoreTrajectory_Response.msg
[2.843s] -- Up-to-date: /home/agilex/limo_ros2_ws/install/dwb_msgs/share/ament_index/resource_index/package_run_dependencies/dwb_msgs
[2.843s] -- Up-to-date: /home/agilex/limo_ros2_ws/install/dwb_msgs/share/ament_index/resource_index/parent_prefix_path/dwb_msgs
[2.843s] -- Up-to-date: /home/agilex/limo_ros2_ws/install/dwb_msgs/share/dwb_msgs/environment/ament_prefix_path.sh
[2.843s] -- Up-to-date: /home/agilex/limo_ros2_ws/install/dwb_msgs/share/dwb_msgs/environment/ament_prefix_path.dsv
[2.844s] -- Up-to-date: /home/agilex/limo_ros2_ws/install/dwb_msgs/share/dwb_msgs/environment/path.sh
[2.845s] -- Up-to-date: /home/agilex/limo_ros2_ws/install/dwb_msgs/share/dwb_msgs/environment/path.dsv
[2.845s] -- Up-to-date: /home/agilex/limo_ros2_ws/install/dwb_msgs/share/dwb_msgs/local_setup.bash
[2.845s] -- Up-to-date: /home/agilex/limo_ros2_ws/install/dwb_msgs/share/dwb_msgs/local_setup.sh
[2.845s] -- Up-to-date: /home/agilex/limo_ros2_ws/install/dwb_msgs/share/dwb_msgs/local_setup.zsh
[2.845s] -- Up-to-date: /home/agilex/limo_ros2_ws/install/dwb_msgs/share/dwb_msgs/local_setup.dsv
[2.845s] -- Installing: /home/agilex/limo_ros2_ws/install/dwb_msgs/share/dwb_msgs/package.dsv
[2.846s] -- Up-to-date: /home/agilex/limo_ros2_ws/install/dwb_msgs/share/ament_index/resource_index/packages/dwb_msgs
[2.851s] -- Up-to-date: /home/agilex/limo_ros2_ws/install/dwb_msgs/share/dwb_msgs/cmake/dwb_msgs__rosidl_generator_cExport.cmake
[2.851s] -- Up-to-date: /home/agilex/limo_ros2_ws/install/dwb_msgs/share/dwb_msgs/cmake/dwb_msgs__rosidl_generator_cExport-noconfig.cmake
[2.852s] -- Up-to-date: /home/agilex/limo_ros2_ws/install/dwb_msgs/share/dwb_msgs/cmake/dwb_msgs__rosidl_typesupport_introspection_cExport.cmake
[2.852s] -- Up-to-date: /home/agilex/limo_ros2_ws/install/dwb_msgs/share/dwb_msgs/cmake/dwb_msgs__rosidl_typesupport_introspection_cExport-noconfig.cmake
[2.853s] -- Up-to-date: /home/agilex/limo_ros2_ws/install/dwb_msgs/share/dwb_msgs/cmake/dwb_msgs__rosidl_typesupport_cExport.cmake
[2.853s] -- Up-to-date: /home/agilex/limo_ros2_ws/install/dwb_msgs/share/dwb_msgs/cmake/dwb_msgs__rosidl_typesupport_cExport-noconfig.cmake
[2.855s] -- Up-to-date: /home/agilex/limo_ros2_ws/install/dwb_msgs/share/dwb_msgs/cmake/dwb_msgs__rosidl_generator_cppExport.cmake
[2.856s] -- Up-to-date: /home/agilex/limo_ros2_ws/install/dwb_msgs/share/dwb_msgs/cmake/dwb_msgs__rosidl_typesupport_introspection_cppExport.cmake
[2.856s] -- Up-to-date: /home/agilex/limo_ros2_ws/install/dwb_msgs/share/dwb_msgs/cmake/dwb_msgs__rosidl_typesupport_introspection_cppExport-noconfig.cmake
[2.857s] -- Up-to-date: /home/agilex/limo_ros2_ws/install/dwb_msgs/share/dwb_msgs/cmake/dwb_msgs__rosidl_typesupport_cppExport.cmake
[2.857s] -- Up-to-date: /home/agilex/limo_ros2_ws/install/dwb_msgs/share/dwb_msgs/cmake/dwb_msgs__rosidl_typesupport_cppExport-noconfig.cmake
[2.857s] -- Up-to-date: /home/agilex/limo_ros2_ws/install/dwb_msgs/share/dwb_msgs/cmake/rosidl_cmake-extras.cmake
[2.857s] -- Up-to-date: /home/agilex/limo_ros2_ws/install/dwb_msgs/share/dwb_msgs/cmake/ament_cmake_export_dependencies-extras.cmake
[2.858s] -- Up-to-date: /home/agilex/limo_ros2_ws/install/dwb_msgs/share/dwb_msgs/cmake/ament_cmake_export_libraries-extras.cmake
[2.858s] -- Up-to-date: /home/agilex/limo_ros2_ws/install/dwb_msgs/share/dwb_msgs/cmake/ament_cmake_export_targets-extras.cmake
[2.858s] -- Up-to-date: /home/agilex/limo_ros2_ws/install/dwb_msgs/share/dwb_msgs/cmake/ament_cmake_export_include_directories-extras.cmake
[2.858s] -- Up-to-date: /home/agilex/limo_ros2_ws/install/dwb_msgs/share/dwb_msgs/cmake/rosidl_cmake_export_typesupport_libraries-extras.cmake
[2.858s] -- Up-to-date: /home/agilex/limo_ros2_ws/install/dwb_msgs/share/dwb_msgs/cmake/rosidl_cmake_export_typesupport_targets-extras.cmake
[2.859s] -- Up-to-date: /home/agilex/limo_ros2_ws/install/dwb_msgs/share/dwb_msgs/cmake/dwb_msgsConfig.cmake
[2.859s] -- Up-to-date: /home/agilex/limo_ros2_ws/install/dwb_msgs/share/dwb_msgs/cmake/dwb_msgsConfig-version.cmake
[2.859s] -- Up-to-date: /home/agilex/limo_ros2_ws/install/dwb_msgs/share/dwb_msgs/package.xml
[2.867s] Invoked command in '/home/agilex/limo_ros2_ws/build/dwb_msgs' returned '0': CMAKE_PREFIX_PATH=/home/agilex/limo_ros2_ws/install/nav_2d_msgs:/home/agilex/limo_ros2_ws/install/ydlidar_sdk:/home/agilex/limo_ros2_ws/install/ydlidar_ros2_driver:/home/agilex/limo_ros2_ws/install/teb_local_planner:/home/agilex/limo_ros2_ws/install/teb_msgs:/home/agilex/limo_ros2_ws/install/nav2_system_tests:/home/agilex/limo_ros2_ws/install/nav2_bringup:/home/agilex/limo_ros2_ws/install/navigation2:/home/agilex/limo_ros2_ws/install/smac_planner:/home/agilex/limo_ros2_ws/install/rf2o_laser_odometry:/home/agilex/limo_ros2_ws/install/nav2_dwb_controller:/home/agilex/limo_ros2_ws/install/nav2_controller:/home/agilex/limo_ros2_ws/install/dwb_plugins:/home/agilex/limo_ros2_ws/install/dwb_critics:/home/agilex/limo_ros2_ws/install/dwb_core:/home/agilex/limo_ros2_ws/install/nav_2d_utils:/home/agilex/limo_ros2_ws/install/dwb_msgs:/home/agilex/limo_ros2_ws/install/nav2_waypoint_follower:/home/agilex/limo_ros2_ws/install/nav2_regulated_pure_pursuit_controller:/home/agilex/limo_ros2_ws/install/nav2_recoveries:/home/agilex/limo_ros2_ws/install/nav2_planner:/home/agilex/limo_ros2_ws/install/nav2_navfn_planner:/home/agilex/limo_ros2_ws/install/nav2_core:/home/agilex/limo_ros2_ws/install/costmap_queue:/home/agilex/limo_ros2_ws/install/costmap_converter:/home/agilex/limo_ros2_ws/install/nav2_costmap_2d:/home/agilex/limo_ros2_ws/install/nav2_voxel_grid:/home/agilex/limo_ros2_ws/install/nav2_rviz_plugins:/home/agilex/limo_ros2_ws/install/nav2_map_server:/home/agilex/limo_ros2_ws/install/nav2_lifecycle_manager:/home/agilex/limo_ros2_ws/install/nav2_bt_navigator:/home/agilex/limo_ros2_ws/install/nav2_behavior_tree:/home/agilex/limo_ros2_ws/install/nav2_amcl:/home/agilex/limo_ros2_ws/install/nav2_util:/home/agilex/limo_ros2_ws/install/nav2_msgs:/home/agilex/limo_ros2_ws/install/nav2_common:/home/agilex/limo_ros2_ws/install/mypalletizer_interfaces:/home/agilex/limo_ros2_ws/install/mycobot_interfaces:/home/agilex/limo_ros2_ws/install/mecharm_interfaces:/home/agilex/limo_ros2_ws/install/magic_enum:/home/agilex/limo_ros2_ws/install/limo_bringup:/home/agilex/limo_ros2_ws/install/limo_base:/home/agilex/limo_ros2_ws/install/limo_msgs:/home/agilex/limo_ros2_ws/install/limo_description:/home/agilex/limo_ros2_ws/install/libuvc:/home/agilex/limo_ros2_ws/install/glog:/home/agilex/limo_ros2_ws/install/costmap_converter_msgs:/home/agilex/limo_ros2_ws/install/astra_camera:/home/agilex/limo_ros2_ws/install/astra_camera_msgs:/home/agilex/limo_ros2_ws/install/ultraarm:/home/agilex/limo_ros2_ws/install/nav2_gazebo_spawner:/home/agilex/limo_ros2_ws/install/mypalletizer_260_pi:/home/agilex/limo_ros2_ws/install/mypalletizer_260:/home/agilex/limo_ros2_ws/install/mypalletizer_communication:/home/agilex/limo_ros2_ws/install/mycobot_630:/home/agilex/limo_ros2_ws/install/mycobot_600:/home/agilex/limo_ros2_ws/install/mycobot_320pi:/home/agilex/limo_ros2_ws/install/mycobot_320:/home/agilex/limo_ros2_ws/install/mycobot_280pi:/home/agilex/limo_ros2_ws/install/mycobot_280jn:/home/agilex/limo_ros2_ws/install/mycobot_280_x3pi:/home/agilex/limo_ros2_ws/install/mycobot_280:/home/agilex/limo_ros2_ws/install/myarm_300:/home/agilex/limo_ros2_ws/install/mycobot_communication:/home/agilex/limo_ros2_ws/install/mecharm_pi:/home/agilex/limo_ros2_ws/install/mecharm:/home/agilex/limo_ros2_ws/install/mecharm_communication:/home/agilex/limo_ros2_ws/install/mybuddy:/home/agilex/limo_ros2_ws/install/mycobot_description:/opt/ros/foxy LD_LIBRARY_PATH=/home/agilex/limo_ros2_ws/install/nav_2d_msgs/lib:/home/agilex/limo_ros2_ws/install/teb_local_planner/lib:/home/agilex/limo_ros2_ws/install/teb_msgs/lib:/home/agilex/limo_ros2_ws/install/smac_planner/lib:/home/agilex/limo_ros2_ws/install/nav2_controller/lib:/home/agilex/limo_ros2_ws/install/dwb_plugins/lib:/home/agilex/limo_ros2_ws/install/dwb_critics/lib:/home/agilex/limo_ros2_ws/install/dwb_core/lib:/home/agilex/limo_ros2_ws/install/nav_2d_utils/lib:/home/agilex/limo_ros2_ws/install/dwb_msgs/lib:/home/agilex/limo_ros2_ws/install/nav2_waypoint_follower/lib:/home/agilex/limo_ros2_ws/install/nav2_regulated_pure_pursuit_controller/lib:/home/agilex/limo_ros2_ws/install/nav2_recoveries/lib:/home/agilex/limo_ros2_ws/install/nav2_planner/lib:/home/agilex/limo_ros2_ws/install/nav2_navfn_planner/lib:/home/agilex/limo_ros2_ws/install/costmap_queue/lib:/home/agilex/limo_ros2_ws/install/costmap_converter/lib:/home/agilex/limo_ros2_ws/install/nav2_costmap_2d/lib:/home/agilex/limo_ros2_ws/install/nav2_voxel_grid/lib:/home/agilex/limo_ros2_ws/install/nav2_rviz_plugins/lib:/home/agilex/limo_ros2_ws/install/nav2_map_server/lib:/home/agilex/limo_ros2_ws/install/nav2_lifecycle_manager/lib:/home/agilex/limo_ros2_ws/install/nav2_bt_navigator/lib:/home/agilex/limo_ros2_ws/install/nav2_behavior_tree/lib:/home/agilex/limo_ros2_ws/install/nav2_amcl/lib:/home/agilex/limo_ros2_ws/install/nav2_util/lib:/home/agilex/limo_ros2_ws/install/nav2_msgs/lib:/home/agilex/limo_ros2_ws/install/mypalletizer_interfaces/lib:/home/agilex/limo_ros2_ws/install/mycobot_interfaces/lib:/home/agilex/limo_ros2_ws/install/mecharm_interfaces/lib:/home/agilex/limo_ros2_ws/install/limo_msgs/lib:/home/agilex/limo_ros2_ws/install/libuvc/lib:/home/agilex/limo_ros2_ws/install/glog/lib:/home/agilex/limo_ros2_ws/install/costmap_converter_msgs/lib:/home/agilex/limo_ros2_ws/install/astra_camera/lib:/home/agilex/limo_ros2_ws/install/astra_camera_msgs/lib:/usr/lib/aarch64-linux-gnu/gazebo-11/plugins:/opt/ros/foxy/opt/yaml_cpp_vendor/lib:/opt/ros/foxy/opt/rviz_ogre_vendor/lib:/opt/ros/foxy/lib/aarch64-linux-gnu:/opt/ros/foxy/lib PYTHONPATH=/home/agilex/limo_ros2_ws/install/nav_2d_msgs/lib/python3.8/site-packages:/home/agilex/limo_ros2_ws/install/ultraarm/lib/python3.8/site-packages:/home/agilex/limo_ros2_ws/install/teb_msgs/lib/python3.8/site-packages:/home/agilex/limo_ros2_ws/install/dwb_msgs/lib/python3.8/site-packages:/home/agilex/limo_ros2_ws/install/nav2_msgs/lib/python3.8/site-packages:/home/agilex/limo_ros2_ws/install/nav2_gazebo_spawner/lib/python3.8/site-packages:/home/agilex/limo_ros2_ws/install/nav2_common/lib/python3.8/site-packages:/home/agilex/limo_ros2_ws/install/mypalletizer_260_pi/lib/python3.8/site-packages:/home/agilex/limo_ros2_ws/install/mypalletizer_260/lib/python3.8/site-packages:/home/agilex/limo_ros2_ws/install/mypalletizer_communication/lib/python3.8/site-packages:/home/agilex/limo_ros2_ws/install/mypalletizer_interfaces/lib/python3.8/site-packages:/home/agilex/limo_ros2_ws/install/mycobot_630/lib/python3.8/site-packages:/home/agilex/limo_ros2_ws/install/mycobot_600/lib/python3.8/site-packages:/home/agilex/limo_ros2_ws/install/mycobot_320pi/lib/python3.8/site-packages:/home/agilex/limo_ros2_ws/install/mycobot_320/lib/python3.8/site-packages:/home/agilex/limo_ros2_ws/install/mycobot_280pi/lib/python3.8/site-packages:/home/agilex/limo_ros2_ws/install/mycobot_280jn/lib/python3.8/site-packages:/home/agilex/limo_ros2_ws/install/mycobot_280_x3pi/lib/python3.8/site-packages:/home/agilex/limo_ros2_ws/install/mycobot_280/lib/python3.8/site-packages:/home/agilex/limo_ros2_ws/install/myarm_300/lib/python3.8/site-packages:/home/agilex/limo_ros2_ws/install/mycobot_communication/lib/python3.8/site-packages:/home/agilex/limo_ros2_ws/install/mecharm_pi/lib/python3.8/site-packages:/home/agilex/limo_ros2_ws/install/mecharm/lib/python3.8/site-packages:/home/agilex/limo_ros2_ws/install/mecharm_communication/lib/python3.8/site-packages:/home/agilex/limo_ros2_ws/install/mycobot_interfaces/lib/python3.8/site-packages:/home/agilex/limo_ros2_ws/install/mybuddy/lib/python3.8/site-packages:/home/agilex/limo_ros2_ws/install/mycobot_description/lib/python3.8/site-packages:/home/agilex/limo_ros2_ws/install/mecharm_interfaces/lib/python3.8/site-packages:/home/agilex/limo_ros2_ws/install/limo_msgs/lib/python3.8/site-packages:/home/agilex/limo_ros2_ws/install/costmap_converter_msgs/lib/python3.8/site-packages:/home/agilex/limo_ros2_ws/install/astra_camera_msgs/lib/python3.8/site-packages:/opt/ros/foxy/lib/python3.8/site-packages /usr/bin/cmake --install /home/agilex/limo_ros2_ws/build/dwb_msgs
