[0.109s] Invoking command in '/home/agilex/limo_ros2_ws/build/astra_camera_msgs': CMAKE_PREFIX_PATH=${CMAKE_PREFIX_PATH}:/home/agilex/limo_ros2_ws/install/nav2_gazebo_spawner:/home/agilex/limo_ros2_ws/install/camera_calibration:/opt/ros/foxy /usr/bin/cmake --build /home/agilex/limo_ros2_ws/build/astra_camera_msgs -- -j6 -l6
[0.365s] [  1%] Built target astra_camera_msgs__cpp
[0.409s] [ 12%] Built target astra_camera_msgs__rosidl_generator_c
[0.629s] [ 24%] Built target astra_camera_msgs__rosidl_typesupport_introspection_cpp
[0.676s] [ 35%] Built target astra_camera_msgs__rosidl_typesupport_cpp
[0.710s] [ 47%] Built target astra_camera_msgs__rosidl_typesupport_c
[0.726s] [ 58%] Built target astra_camera_msgs__rosidl_typesupport_introspection_c
[0.737s] [ 70%] Built target astra_camera_msgs__rosidl_typesupport_fastrtps_cpp
[0.880s] [ 82%] Built target astra_camera_msgs__rosidl_typesupport_fastrtps_c
[0.948s] [ 82%] Built target astra_camera_msgs
[1.019s] [ 83%] Built target astra_camera_msgs__py
[1.139s] [ 93%] Built target astra_camera_msgs__python
[1.292s] [ 95%] Built target astra_camera_msgs__rosidl_typesupport_introspection_c__pyext
[1.300s] [ 97%] Built target astra_camera_msgs__rosidl_typesupport_fastrtps_c__pyext
[1.360s] [100%] Built target astra_camera_msgs__rosidl_typesupport_c__pyext
[1.410s] Invoked command in '/home/agilex/limo_ros2_ws/build/astra_camera_msgs' returned '0': CMAKE_PREFIX_PATH=${CMAKE_PREFIX_PATH}:/home/agilex/limo_ros2_ws/install/nav2_gazebo_spawner:/home/agilex/limo_ros2_ws/install/camera_calibration:/opt/ros/foxy /usr/bin/cmake --build /home/agilex/limo_ros2_ws/build/astra_camera_msgs -- -j6 -l6
[2.445s] Invoking command in '/home/agilex/limo_ros2_ws/build/astra_camera_msgs': CMAKE_PREFIX_PATH=${CMAKE_PREFIX_PATH}:/home/agilex/limo_ros2_ws/install/nav2_gazebo_spawner:/home/agilex/limo_ros2_ws/install/camera_calibration:/opt/ros/foxy /usr/bin/cmake --install /home/agilex/limo_ros2_ws/build/astra_camera_msgs
[2.486s] -- Install configuration: "Release"
[2.493s] -- Up-to-date: /home/agilex/limo_ros2_ws/install/astra_camera_msgs/share/ament_index/resource_index/rosidl_interfaces/astra_camera_msgs
[2.494s] -- Up-to-date: /home/agilex/limo_ros2_ws/install/astra_camera_msgs/include/astra_camera_msgs
[2.495s] -- Up-to-date: /home/agilex/limo_ros2_ws/install/astra_camera_msgs/include/astra_camera_msgs/msg
[2.495s] -- Up-to-date: /home/agilex/limo_ros2_ws/install/astra_camera_msgs/include/astra_camera_msgs/msg/rosidl_generator_c__visibility_control.h
[2.495s] -- Up-to-date: /home/agilex/limo_ros2_ws/install/astra_camera_msgs/include/astra_camera_msgs/msg/detail
[2.496s] -- Up-to-date: /home/agilex/limo_ros2_ws/install/astra_camera_msgs/include/astra_camera_msgs/msg/detail/device_info__functions.c
[2.496s] -- Up-to-date: /home/agilex/limo_ros2_ws/install/astra_camera_msgs/include/astra_camera_msgs/msg/detail/extrinsics__struct.h
[2.496s] -- Up-to-date: /home/agilex/limo_ros2_ws/install/astra_camera_msgs/include/astra_camera_msgs/msg/detail/device_info__type_support.h
[2.496s] -- Up-to-date: /home/agilex/limo_ros2_ws/install/astra_camera_msgs/include/astra_camera_msgs/msg/detail/extrinsics__type_support.h
[2.496s] -- Up-to-date: /home/agilex/limo_ros2_ws/install/astra_camera_msgs/include/astra_camera_msgs/msg/detail/metadata__struct.h
[2.496s] -- Up-to-date: /home/agilex/limo_ros2_ws/install/astra_camera_msgs/include/astra_camera_msgs/msg/detail/metadata__functions.h
[2.496s] -- Up-to-date: /home/agilex/limo_ros2_ws/install/astra_camera_msgs/include/astra_camera_msgs/msg/detail/metadata__functions.c
[2.497s] -- Up-to-date: /home/agilex/limo_ros2_ws/install/astra_camera_msgs/include/astra_camera_msgs/msg/detail/device_info__struct.h
[2.497s] -- Up-to-date: /home/agilex/limo_ros2_ws/install/astra_camera_msgs/include/astra_camera_msgs/msg/detail/device_info__functions.h
[2.497s] -- Up-to-date: /home/agilex/limo_ros2_ws/install/astra_camera_msgs/include/astra_camera_msgs/msg/detail/metadata__type_support.h
[2.497s] -- Up-to-date: /home/agilex/limo_ros2_ws/install/astra_camera_msgs/include/astra_camera_msgs/msg/detail/extrinsics__functions.h
[2.497s] -- Up-to-date: /home/agilex/limo_ros2_ws/install/astra_camera_msgs/include/astra_camera_msgs/msg/detail/extrinsics__functions.c
[2.497s] -- Up-to-date: /home/agilex/limo_ros2_ws/install/astra_camera_msgs/include/astra_camera_msgs/msg/extrinsics.h
[2.497s] -- Up-to-date: /home/agilex/limo_ros2_ws/install/astra_camera_msgs/include/astra_camera_msgs/msg/metadata.h
[2.498s] -- Up-to-date: /home/agilex/limo_ros2_ws/install/astra_camera_msgs/include/astra_camera_msgs/msg/device_info.h
[2.498s] -- Up-to-date: /home/agilex/limo_ros2_ws/install/astra_camera_msgs/include/astra_camera_msgs/srv
[2.499s] -- Up-to-date: /home/agilex/limo_ros2_ws/install/astra_camera_msgs/include/astra_camera_msgs/srv/get_camera_info.h
[2.499s] -- Up-to-date: /home/agilex/limo_ros2_ws/install/astra_camera_msgs/include/astra_camera_msgs/srv/get_string.h
[2.499s] -- Up-to-date: /home/agilex/limo_ros2_ws/install/astra_camera_msgs/include/astra_camera_msgs/srv/get_int32.h
[2.499s] -- Up-to-date: /home/agilex/limo_ros2_ws/install/astra_camera_msgs/include/astra_camera_msgs/srv/set_int32.h
[2.499s] -- Up-to-date: /home/agilex/limo_ros2_ws/install/astra_camera_msgs/include/astra_camera_msgs/srv/detail
[2.499s] -- Up-to-date: /home/agilex/limo_ros2_ws/install/astra_camera_msgs/include/astra_camera_msgs/srv/detail/get_device_info__type_support.h
[2.500s] -- Up-to-date: /home/agilex/limo_ros2_ws/install/astra_camera_msgs/include/astra_camera_msgs/srv/detail/get_camera_info__functions.c
[2.501s] -- Up-to-date: /home/agilex/limo_ros2_ws/install/astra_camera_msgs/include/astra_camera_msgs/srv/detail/get_camera_info__type_support.h
[2.501s] -- Up-to-date: /home/agilex/limo_ros2_ws/install/astra_camera_msgs/include/astra_camera_msgs/srv/detail/get_string__type_support.h
[2.501s] -- Up-to-date: /home/agilex/limo_ros2_ws/install/astra_camera_msgs/include/astra_camera_msgs/srv/detail/set_int32__struct.h
[2.501s] -- Up-to-date: /home/agilex/limo_ros2_ws/install/astra_camera_msgs/include/astra_camera_msgs/srv/detail/get_int32__functions.h
[2.501s] -- Up-to-date: /home/agilex/limo_ros2_ws/install/astra_camera_msgs/include/astra_camera_msgs/srv/detail/get_camera_info__struct.h
[2.501s] -- Up-to-date: /home/agilex/limo_ros2_ws/install/astra_camera_msgs/include/astra_camera_msgs/srv/detail/get_int32__type_support.h
[2.502s] -- Up-to-date: /home/agilex/limo_ros2_ws/install/astra_camera_msgs/include/astra_camera_msgs/srv/detail/get_device_info__functions.h
[2.502s] -- Up-to-date: /home/agilex/limo_ros2_ws/install/astra_camera_msgs/include/astra_camera_msgs/srv/detail/get_camera_params__functions.h
[2.502s] -- Up-to-date: /home/agilex/limo_ros2_ws/install/astra_camera_msgs/include/astra_camera_msgs/srv/detail/get_camera_info__functions.h
[2.502s] -- Up-to-date: /home/agilex/limo_ros2_ws/install/astra_camera_msgs/include/astra_camera_msgs/srv/detail/get_device_info__functions.c
[2.502s] -- Up-to-date: /home/agilex/limo_ros2_ws/install/astra_camera_msgs/include/astra_camera_msgs/srv/detail/get_device_info__struct.h
[2.502s] -- Up-to-date: /home/agilex/limo_ros2_ws/install/astra_camera_msgs/include/astra_camera_msgs/srv/detail/get_string__functions.h
[2.502s] -- Up-to-date: /home/agilex/limo_ros2_ws/install/astra_camera_msgs/include/astra_camera_msgs/srv/detail/set_int32__type_support.h
[2.502s] -- Up-to-date: /home/agilex/limo_ros2_ws/install/astra_camera_msgs/include/astra_camera_msgs/srv/detail/get_string__struct.h
[2.503s] -- Up-to-date: /home/agilex/limo_ros2_ws/install/astra_camera_msgs/include/astra_camera_msgs/srv/detail/get_string__functions.c
[2.503s] -- Up-to-date: /home/agilex/limo_ros2_ws/install/astra_camera_msgs/include/astra_camera_msgs/srv/detail/get_camera_params__struct.h
[2.503s] -- Up-to-date: /home/agilex/limo_ros2_ws/install/astra_camera_msgs/include/astra_camera_msgs/srv/detail/set_int32__functions.c
[2.503s] -- Up-to-date: /home/agilex/limo_ros2_ws/install/astra_camera_msgs/include/astra_camera_msgs/srv/detail/get_camera_params__functions.c
[2.503s] -- Up-to-date: /home/agilex/limo_ros2_ws/install/astra_camera_msgs/include/astra_camera_msgs/srv/detail/get_int32__struct.h
[2.503s] -- Up-to-date: /home/agilex/limo_ros2_ws/install/astra_camera_msgs/include/astra_camera_msgs/srv/detail/get_int32__functions.c
[2.504s] -- Up-to-date: /home/agilex/limo_ros2_ws/install/astra_camera_msgs/include/astra_camera_msgs/srv/detail/get_camera_params__type_support.h
[2.504s] -- Up-to-date: /home/agilex/limo_ros2_ws/install/astra_camera_msgs/include/astra_camera_msgs/srv/detail/set_int32__functions.h
[2.504s] -- Up-to-date: /home/agilex/limo_ros2_ws/install/astra_camera_msgs/include/astra_camera_msgs/srv/get_device_info.h
[2.504s] -- Up-to-date: /home/agilex/limo_ros2_ws/install/astra_camera_msgs/include/astra_camera_msgs/srv/get_camera_params.h
[2.504s] -- Up-to-date: /home/agilex/limo_ros2_ws/install/astra_camera_msgs/share/astra_camera_msgs/environment/library_path.sh
[2.504s] -- Up-to-date: /home/agilex/limo_ros2_ws/install/astra_camera_msgs/share/astra_camera_msgs/environment/library_path.dsv
[2.506s] -- Up-to-date: /home/agilex/limo_ros2_ws/install/astra_camera_msgs/lib/libastra_camera_msgs__rosidl_generator_c.so
[2.508s] -- Up-to-date: /home/agilex/limo_ros2_ws/install/astra_camera_msgs/include/astra_camera_msgs
[2.508s] -- Up-to-date: /home/agilex/limo_ros2_ws/install/astra_camera_msgs/include/astra_camera_msgs/msg
[2.508s] -- Up-to-date: /home/agilex/limo_ros2_ws/install/astra_camera_msgs/include/astra_camera_msgs/msg/rosidl_typesupport_fastrtps_c__visibility_control.h
[2.508s] -- Up-to-date: /home/agilex/limo_ros2_ws/install/astra_camera_msgs/include/astra_camera_msgs/msg/detail
[2.509s] -- Up-to-date: /home/agilex/limo_ros2_ws/install/astra_camera_msgs/include/astra_camera_msgs/msg/detail/metadata__rosidl_typesupport_fastrtps_c.h
[2.509s] -- Up-to-date: /home/agilex/limo_ros2_ws/install/astra_camera_msgs/include/astra_camera_msgs/msg/detail/extrinsics__rosidl_typesupport_fastrtps_c.h
[2.509s] -- Up-to-date: /home/agilex/limo_ros2_ws/install/astra_camera_msgs/include/astra_camera_msgs/msg/detail/device_info__rosidl_typesupport_fastrtps_c.h
[2.510s] -- Up-to-date: /home/agilex/limo_ros2_ws/install/astra_camera_msgs/include/astra_camera_msgs/srv
[2.510s] -- Up-to-date: /home/agilex/limo_ros2_ws/install/astra_camera_msgs/include/astra_camera_msgs/srv/detail
[2.510s] -- Up-to-date: /home/agilex/limo_ros2_ws/install/astra_camera_msgs/include/astra_camera_msgs/srv/detail/get_camera_params__rosidl_typesupport_fastrtps_c.h
[2.510s] -- Up-to-date: /home/agilex/limo_ros2_ws/install/astra_camera_msgs/include/astra_camera_msgs/srv/detail/get_camera_info__rosidl_typesupport_fastrtps_c.h
[2.510s] -- Up-to-date: /home/agilex/limo_ros2_ws/install/astra_camera_msgs/include/astra_camera_msgs/srv/detail/get_int32__rosidl_typesupport_fastrtps_c.h
[2.511s] -- Up-to-date: /home/agilex/limo_ros2_ws/install/astra_camera_msgs/include/astra_camera_msgs/srv/detail/set_int32__rosidl_typesupport_fastrtps_c.h
[2.511s] -- Up-to-date: /home/agilex/limo_ros2_ws/install/astra_camera_msgs/include/astra_camera_msgs/srv/detail/get_string__rosidl_typesupport_fastrtps_c.h
[2.511s] -- Up-to-date: /home/agilex/limo_ros2_ws/install/astra_camera_msgs/include/astra_camera_msgs/srv/detail/get_device_info__rosidl_typesupport_fastrtps_c.h
[2.513s] -- Up-to-date: /home/agilex/limo_ros2_ws/install/astra_camera_msgs/lib/libastra_camera_msgs__rosidl_typesupport_fastrtps_c.so
[2.514s] -- Up-to-date: /home/agilex/limo_ros2_ws/install/astra_camera_msgs/include/astra_camera_msgs
[2.515s] -- Up-to-date: /home/agilex/limo_ros2_ws/install/astra_camera_msgs/include/astra_camera_msgs/msg
[2.516s] -- Up-to-date: /home/agilex/limo_ros2_ws/install/astra_camera_msgs/include/astra_camera_msgs/msg/rosidl_typesupport_fastrtps_cpp__visibility_control.h
[2.516s] -- Up-to-date: /home/agilex/limo_ros2_ws/install/astra_camera_msgs/include/astra_camera_msgs/msg/detail
[2.516s] -- Up-to-date: /home/agilex/limo_ros2_ws/install/astra_camera_msgs/include/astra_camera_msgs/msg/detail/device_info__rosidl_typesupport_fastrtps_cpp.hpp
[2.517s] -- Up-to-date: /home/agilex/limo_ros2_ws/install/astra_camera_msgs/include/astra_camera_msgs/msg/detail/dds_fastrtps
[2.517s] -- Up-to-date: /home/agilex/limo_ros2_ws/install/astra_camera_msgs/include/astra_camera_msgs/msg/detail/metadata__rosidl_typesupport_fastrtps_cpp.hpp
[2.517s] -- Up-to-date: /home/agilex/limo_ros2_ws/install/astra_camera_msgs/include/astra_camera_msgs/msg/detail/extrinsics__rosidl_typesupport_fastrtps_cpp.hpp
[2.517s] -- Up-to-date: /home/agilex/limo_ros2_ws/install/astra_camera_msgs/include/astra_camera_msgs/srv
[2.517s] -- Up-to-date: /home/agilex/limo_ros2_ws/install/astra_camera_msgs/include/astra_camera_msgs/srv/detail
[2.517s] -- Up-to-date: /home/agilex/limo_ros2_ws/install/astra_camera_msgs/include/astra_camera_msgs/srv/detail/get_camera_params__rosidl_typesupport_fastrtps_cpp.hpp
[2.517s] -- Up-to-date: /home/agilex/limo_ros2_ws/install/astra_camera_msgs/include/astra_camera_msgs/srv/detail/get_device_info__rosidl_typesupport_fastrtps_cpp.hpp
[2.518s] -- Up-to-date: /home/agilex/limo_ros2_ws/install/astra_camera_msgs/include/astra_camera_msgs/srv/detail/dds_fastrtps
[2.519s] -- Up-to-date: /home/agilex/limo_ros2_ws/install/astra_camera_msgs/include/astra_camera_msgs/srv/detail/get_string__rosidl_typesupport_fastrtps_cpp.hpp
[2.519s] -- Up-to-date: /home/agilex/limo_ros2_ws/install/astra_camera_msgs/include/astra_camera_msgs/srv/detail/set_int32__rosidl_typesupport_fastrtps_cpp.hpp
[2.519s] -- Up-to-date: /home/agilex/limo_ros2_ws/install/astra_camera_msgs/include/astra_camera_msgs/srv/detail/get_int32__rosidl_typesupport_fastrtps_cpp.hpp
[2.519s] -- Up-to-date: /home/agilex/limo_ros2_ws/install/astra_camera_msgs/include/astra_camera_msgs/srv/detail/get_camera_info__rosidl_typesupport_fastrtps_cpp.hpp
[2.519s] -- Up-to-date: /home/agilex/limo_ros2_ws/install/astra_camera_msgs/lib/libastra_camera_msgs__rosidl_typesupport_fastrtps_cpp.so
[2.520s] -- Up-to-date: /home/agilex/limo_ros2_ws/install/astra_camera_msgs/include/astra_camera_msgs
[2.520s] -- Up-to-date: /home/agilex/limo_ros2_ws/install/astra_camera_msgs/include/astra_camera_msgs/msg
[2.522s] -- Up-to-date: /home/agilex/limo_ros2_ws/install/astra_camera_msgs/include/astra_camera_msgs/msg/rosidl_typesupport_introspection_c__visibility_control.h
[2.522s] -- Up-to-date: /home/agilex/limo_ros2_ws/install/astra_camera_msgs/include/astra_camera_msgs/msg/detail
[2.522s] -- Up-to-date: /home/agilex/limo_ros2_ws/install/astra_camera_msgs/include/astra_camera_msgs/msg/detail/device_info__rosidl_typesupport_introspection_c.h
[2.523s] -- Up-to-date: /home/agilex/limo_ros2_ws/install/astra_camera_msgs/include/astra_camera_msgs/msg/detail/metadata__type_support.c
[2.523s] -- Up-to-date: /home/agilex/limo_ros2_ws/install/astra_camera_msgs/include/astra_camera_msgs/msg/detail/device_info__type_support.c
[2.523s] -- Up-to-date: /home/agilex/limo_ros2_ws/install/astra_camera_msgs/include/astra_camera_msgs/msg/detail/extrinsics__type_support.c
[2.523s] -- Up-to-date: /home/agilex/limo_ros2_ws/install/astra_camera_msgs/include/astra_camera_msgs/msg/detail/extrinsics__rosidl_typesupport_introspection_c.h
[2.523s] -- Up-to-date: /home/agilex/limo_ros2_ws/install/astra_camera_msgs/include/astra_camera_msgs/msg/detail/metadata__rosidl_typesupport_introspection_c.h
[2.524s] -- Up-to-date: /home/agilex/limo_ros2_ws/install/astra_camera_msgs/include/astra_camera_msgs/srv
[2.524s] -- Up-to-date: /home/agilex/limo_ros2_ws/install/astra_camera_msgs/include/astra_camera_msgs/srv/detail
[2.524s] -- Up-to-date: /home/agilex/limo_ros2_ws/install/astra_camera_msgs/include/astra_camera_msgs/srv/detail/get_camera_params__type_support.c
[2.524s] -- Up-to-date: /home/agilex/limo_ros2_ws/install/astra_camera_msgs/include/astra_camera_msgs/srv/detail/get_camera_info__type_support.c
[2.524s] -- Up-to-date: /home/agilex/limo_ros2_ws/install/astra_camera_msgs/include/astra_camera_msgs/srv/detail/set_int32__type_support.c
[2.524s] -- Up-to-date: /home/agilex/limo_ros2_ws/install/astra_camera_msgs/include/astra_camera_msgs/srv/detail/set_int32__rosidl_typesupport_introspection_c.h
[2.524s] -- Up-to-date: /home/agilex/limo_ros2_ws/install/astra_camera_msgs/include/astra_camera_msgs/srv/detail/get_device_info__rosidl_typesupport_introspection_c.h
[2.524s] -- Up-to-date: /home/agilex/limo_ros2_ws/install/astra_camera_msgs/include/astra_camera_msgs/srv/detail/get_string__type_support.c
[2.525s] -- Up-to-date: /home/agilex/limo_ros2_ws/install/astra_camera_msgs/include/astra_camera_msgs/srv/detail/get_camera_params__rosidl_typesupport_introspection_c.h
[2.525s] -- Up-to-date: /home/agilex/limo_ros2_ws/install/astra_camera_msgs/include/astra_camera_msgs/srv/detail/get_camera_info__rosidl_typesupport_introspection_c.h
[2.525s] -- Up-to-date: /home/agilex/limo_ros2_ws/install/astra_camera_msgs/include/astra_camera_msgs/srv/detail/get_string__rosidl_typesupport_introspection_c.h
[2.525s] -- Up-to-date: /home/agilex/limo_ros2_ws/install/astra_camera_msgs/include/astra_camera_msgs/srv/detail/get_int32__rosidl_typesupport_introspection_c.h
[2.525s] -- Up-to-date: /home/agilex/limo_ros2_ws/install/astra_camera_msgs/include/astra_camera_msgs/srv/detail/get_device_info__type_support.c
[2.525s] -- Up-to-date: /home/agilex/limo_ros2_ws/install/astra_camera_msgs/include/astra_camera_msgs/srv/detail/get_int32__type_support.c
[2.526s] -- Up-to-date: /home/agilex/limo_ros2_ws/install/astra_camera_msgs/lib/libastra_camera_msgs__rosidl_typesupport_introspection_c.so
[2.526s] -- Up-to-date: /home/agilex/limo_ros2_ws/install/astra_camera_msgs/lib/libastra_camera_msgs__rosidl_typesupport_c.so
[2.527s] -- Up-to-date: /home/agilex/limo_ros2_ws/install/astra_camera_msgs/include/astra_camera_msgs
[2.527s] -- Up-to-date: /home/agilex/limo_ros2_ws/install/astra_camera_msgs/include/astra_camera_msgs/msg
[2.528s] -- Up-to-date: /home/agilex/limo_ros2_ws/install/astra_camera_msgs/include/astra_camera_msgs/msg/device_info.hpp
[2.529s] -- Up-to-date: /home/agilex/limo_ros2_ws/install/astra_camera_msgs/include/astra_camera_msgs/msg/rosidl_generator_cpp__visibility_control.hpp
[2.530s] -- Up-to-date: /home/agilex/limo_ros2_ws/install/astra_camera_msgs/include/astra_camera_msgs/msg/metadata.hpp
[2.531s] -- Up-to-date: /home/agilex/limo_ros2_ws/install/astra_camera_msgs/include/astra_camera_msgs/msg/detail
[2.536s] -- Up-to-date: /home/agilex/limo_ros2_ws/install/astra_camera_msgs/include/astra_camera_msgs/msg/detail/extrinsics__struct.hpp
[2.540s] -- Up-to-date: /home/agilex/limo_ros2_ws/install/astra_camera_msgs/include/astra_camera_msgs/msg/detail/device_info__type_support.hpp
[2.545s] -- Up-to-date: /home/agilex/limo_ros2_ws/install/astra_camera_msgs/include/astra_camera_msgs/msg/detail/metadata__type_support.hpp
[2.545s] -- Up-to-date: /home/agilex/limo_ros2_ws/install/astra_camera_msgs/include/astra_camera_msgs/msg/detail/metadata__struct.hpp
[2.546s] -- Up-to-date: /home/agilex/limo_ros2_ws/install/astra_camera_msgs/include/astra_camera_msgs/msg/detail/extrinsics__traits.hpp
[2.546s] -- Up-to-date: /home/agilex/limo_ros2_ws/install/astra_camera_msgs/include/astra_camera_msgs/msg/detail/extrinsics__builder.hpp
[2.546s] -- Up-to-date: /home/agilex/limo_ros2_ws/install/astra_camera_msgs/include/astra_camera_msgs/msg/detail/device_info__struct.hpp
[2.546s] -- Up-to-date: /home/agilex/limo_ros2_ws/install/astra_camera_msgs/include/astra_camera_msgs/msg/detail/metadata__builder.hpp
[2.546s] -- Up-to-date: /home/agilex/limo_ros2_ws/install/astra_camera_msgs/include/astra_camera_msgs/msg/detail/device_info__builder.hpp
[2.546s] -- Up-to-date: /home/agilex/limo_ros2_ws/install/astra_camera_msgs/include/astra_camera_msgs/msg/detail/device_info__traits.hpp
[2.547s] -- Up-to-date: /home/agilex/limo_ros2_ws/install/astra_camera_msgs/include/astra_camera_msgs/msg/detail/extrinsics__type_support.hpp
[2.547s] -- Up-to-date: /home/agilex/limo_ros2_ws/install/astra_camera_msgs/include/astra_camera_msgs/msg/detail/metadata__traits.hpp
[2.547s] -- Up-to-date: /home/agilex/limo_ros2_ws/install/astra_camera_msgs/include/astra_camera_msgs/msg/extrinsics.hpp
[2.547s] -- Up-to-date: /home/agilex/limo_ros2_ws/install/astra_camera_msgs/include/astra_camera_msgs/srv
[2.548s] -- Up-to-date: /home/agilex/limo_ros2_ws/install/astra_camera_msgs/include/astra_camera_msgs/srv/set_int32.hpp
[2.548s] -- Up-to-date: /home/agilex/limo_ros2_ws/install/astra_camera_msgs/include/astra_camera_msgs/srv/get_string.hpp
[2.548s] -- Up-to-date: /home/agilex/limo_ros2_ws/install/astra_camera_msgs/include/astra_camera_msgs/srv/get_int32.hpp
[2.548s] -- Up-to-date: /home/agilex/limo_ros2_ws/install/astra_camera_msgs/include/astra_camera_msgs/srv/detail
[2.548s] -- Up-to-date: /home/agilex/limo_ros2_ws/install/astra_camera_msgs/include/astra_camera_msgs/srv/detail/set_int32__traits.hpp
[2.548s] -- Up-to-date: /home/agilex/limo_ros2_ws/install/astra_camera_msgs/include/astra_camera_msgs/srv/detail/get_device_info__struct.hpp
[2.548s] -- Up-to-date: /home/agilex/limo_ros2_ws/install/astra_camera_msgs/include/astra_camera_msgs/srv/detail/get_device_info__builder.hpp
[2.548s] -- Up-to-date: /home/agilex/limo_ros2_ws/install/astra_camera_msgs/include/astra_camera_msgs/srv/detail/get_camera_info__traits.hpp
[2.549s] -- Up-to-date: /home/agilex/limo_ros2_ws/install/astra_camera_msgs/include/astra_camera_msgs/srv/detail/get_string__builder.hpp
[2.549s] -- Up-to-date: /home/agilex/limo_ros2_ws/install/astra_camera_msgs/include/astra_camera_msgs/srv/detail/get_int32__struct.hpp
[2.549s] -- Up-to-date: /home/agilex/limo_ros2_ws/install/astra_camera_msgs/include/astra_camera_msgs/srv/detail/get_string__struct.hpp
[2.549s] -- Up-to-date: /home/agilex/limo_ros2_ws/install/astra_camera_msgs/include/astra_camera_msgs/srv/detail/get_camera_info__struct.hpp
[2.549s] -- Up-to-date: /home/agilex/limo_ros2_ws/install/astra_camera_msgs/include/astra_camera_msgs/srv/detail/get_camera_params__traits.hpp
[2.549s] -- Up-to-date: /home/agilex/limo_ros2_ws/install/astra_camera_msgs/include/astra_camera_msgs/srv/detail/get_camera_info__type_support.hpp
[2.549s] -- Up-to-date: /home/agilex/limo_ros2_ws/install/astra_camera_msgs/include/astra_camera_msgs/srv/detail/get_camera_params__struct.hpp
[2.549s] -- Up-to-date: /home/agilex/limo_ros2_ws/install/astra_camera_msgs/include/astra_camera_msgs/srv/detail/get_int32__type_support.hpp
[2.550s] -- Up-to-date: /home/agilex/limo_ros2_ws/install/astra_camera_msgs/include/astra_camera_msgs/srv/detail/get_int32__builder.hpp
[2.551s] -- Up-to-date: /home/agilex/limo_ros2_ws/install/astra_camera_msgs/include/astra_camera_msgs/srv/detail/get_device_info__type_support.hpp
[2.551s] -- Up-to-date: /home/agilex/limo_ros2_ws/install/astra_camera_msgs/include/astra_camera_msgs/srv/detail/get_int32__traits.hpp
[2.551s] -- Up-to-date: /home/agilex/limo_ros2_ws/install/astra_camera_msgs/include/astra_camera_msgs/srv/detail/get_camera_params__builder.hpp
[2.551s] -- Up-to-date: /home/agilex/limo_ros2_ws/install/astra_camera_msgs/include/astra_camera_msgs/srv/detail/get_string__type_support.hpp
[2.551s] -- Up-to-date: /home/agilex/limo_ros2_ws/install/astra_camera_msgs/include/astra_camera_msgs/srv/detail/set_int32__builder.hpp
[2.552s] -- Up-to-date: /home/agilex/limo_ros2_ws/install/astra_camera_msgs/include/astra_camera_msgs/srv/detail/get_camera_params__type_support.hpp
[2.552s] -- Up-to-date: /home/agilex/limo_ros2_ws/install/astra_camera_msgs/include/astra_camera_msgs/srv/detail/get_device_info__traits.hpp
[2.552s] -- Up-to-date: /home/agilex/limo_ros2_ws/install/astra_camera_msgs/include/astra_camera_msgs/srv/detail/set_int32__type_support.hpp
[2.552s] -- Up-to-date: /home/agilex/limo_ros2_ws/install/astra_camera_msgs/include/astra_camera_msgs/srv/detail/get_string__traits.hpp
[2.552s] -- Up-to-date: /home/agilex/limo_ros2_ws/install/astra_camera_msgs/include/astra_camera_msgs/srv/detail/get_camera_info__builder.hpp
[2.552s] -- Up-to-date: /home/agilex/limo_ros2_ws/install/astra_camera_msgs/include/astra_camera_msgs/srv/detail/set_int32__struct.hpp
[2.552s] -- Up-to-date: /home/agilex/limo_ros2_ws/install/astra_camera_msgs/include/astra_camera_msgs/srv/get_camera_params.hpp
[2.552s] -- Up-to-date: /home/agilex/limo_ros2_ws/install/astra_camera_msgs/include/astra_camera_msgs/srv/get_device_info.hpp
[2.552s] -- Up-to-date: /home/agilex/limo_ros2_ws/install/astra_camera_msgs/include/astra_camera_msgs/srv/get_camera_info.hpp
[2.553s] -- Up-to-date: /home/agilex/limo_ros2_ws/install/astra_camera_msgs/include/astra_camera_msgs
[2.553s] -- Up-to-date: /home/agilex/limo_ros2_ws/install/astra_camera_msgs/include/astra_camera_msgs/msg
[2.553s] -- Up-to-date: /home/agilex/limo_ros2_ws/install/astra_camera_msgs/include/astra_camera_msgs/msg/detail
[2.553s] -- Up-to-date: /home/agilex/limo_ros2_ws/install/astra_camera_msgs/include/astra_camera_msgs/msg/detail/extrinsics__type_support.cpp
[2.553s] -- Up-to-date: /home/agilex/limo_ros2_ws/install/astra_camera_msgs/include/astra_camera_msgs/msg/detail/metadata__rosidl_typesupport_introspection_cpp.hpp
[2.555s] -- Up-to-date: /home/agilex/limo_ros2_ws/install/astra_camera_msgs/include/astra_camera_msgs/msg/detail/device_info__rosidl_typesupport_introspection_cpp.hpp
[2.555s] -- Up-to-date: /home/agilex/limo_ros2_ws/install/astra_camera_msgs/include/astra_camera_msgs/msg/detail/extrinsics__rosidl_typesupport_introspection_cpp.hpp
[2.555s] -- Up-to-date: /home/agilex/limo_ros2_ws/install/astra_camera_msgs/include/astra_camera_msgs/msg/detail/metadata__type_support.cpp
[2.555s] -- Up-to-date: /home/agilex/limo_ros2_ws/install/astra_camera_msgs/include/astra_camera_msgs/msg/detail/device_info__type_support.cpp
[2.556s] -- Up-to-date: /home/agilex/limo_ros2_ws/install/astra_camera_msgs/include/astra_camera_msgs/srv
[2.556s] -- Up-to-date: /home/agilex/limo_ros2_ws/install/astra_camera_msgs/include/astra_camera_msgs/srv/detail
[2.556s] -- Up-to-date: /home/agilex/limo_ros2_ws/install/astra_camera_msgs/include/astra_camera_msgs/srv/detail/set_int32__rosidl_typesupport_introspection_cpp.hpp
[2.556s] -- Up-to-date: /home/agilex/limo_ros2_ws/install/astra_camera_msgs/include/astra_camera_msgs/srv/detail/get_int32__rosidl_typesupport_introspection_cpp.hpp
[2.558s] -- Up-to-date: /home/agilex/limo_ros2_ws/install/astra_camera_msgs/include/astra_camera_msgs/srv/detail/get_device_info__rosidl_typesupport_introspection_cpp.hpp
[2.558s] -- Up-to-date: /home/agilex/limo_ros2_ws/install/astra_camera_msgs/include/astra_camera_msgs/srv/detail/get_camera_params__type_support.cpp
[2.558s] -- Up-to-date: /home/agilex/limo_ros2_ws/install/astra_camera_msgs/include/astra_camera_msgs/srv/detail/get_camera_info__type_support.cpp
[2.558s] -- Up-to-date: /home/agilex/limo_ros2_ws/install/astra_camera_msgs/include/astra_camera_msgs/srv/detail/get_string__type_support.cpp
[2.558s] -- Up-to-date: /home/agilex/limo_ros2_ws/install/astra_camera_msgs/include/astra_camera_msgs/srv/detail/get_camera_info__rosidl_typesupport_introspection_cpp.hpp
[2.565s] -- Up-to-date: /home/agilex/limo_ros2_ws/install/astra_camera_msgs/include/astra_camera_msgs/srv/detail/get_device_info__type_support.cpp
[2.566s] -- Up-to-date: /home/agilex/limo_ros2_ws/install/astra_camera_msgs/include/astra_camera_msgs/srv/detail/set_int32__type_support.cpp
[2.566s] -- Up-to-date: /home/agilex/limo_ros2_ws/install/astra_camera_msgs/include/astra_camera_msgs/srv/detail/get_camera_params__rosidl_typesupport_introspection_cpp.hpp
[2.566s] -- Up-to-date: /home/agilex/limo_ros2_ws/install/astra_camera_msgs/include/astra_camera_msgs/srv/detail/get_string__rosidl_typesupport_introspection_cpp.hpp
[2.566s] -- Up-to-date: /home/agilex/limo_ros2_ws/install/astra_camera_msgs/include/astra_camera_msgs/srv/detail/get_int32__type_support.cpp
[2.566s] -- Up-to-date: /home/agilex/limo_ros2_ws/install/astra_camera_msgs/lib/libastra_camera_msgs__rosidl_typesupport_introspection_cpp.so
[2.567s] -- Up-to-date: /home/agilex/limo_ros2_ws/install/astra_camera_msgs/lib/libastra_camera_msgs__rosidl_typesupport_cpp.so
[2.567s] -- Up-to-date: /home/agilex/limo_ros2_ws/install/astra_camera_msgs/share/astra_camera_msgs/environment/pythonpath.sh
[2.567s] -- Up-to-date: /home/agilex/limo_ros2_ws/install/astra_camera_msgs/share/astra_camera_msgs/environment/pythonpath.dsv
[2.567s] -- Up-to-date: /home/agilex/limo_ros2_ws/install/astra_camera_msgs/lib/python3.8/site-packages/astra_camera_msgs/__init__.py
[2.621s] -- Up-to-date: /home/agilex/limo_ros2_ws/install/astra_camera_msgs/lib/python3.8/site-packages/astra_camera_msgs/msg
[2.623s] -- Up-to-date: /home/agilex/limo_ros2_ws/install/astra_camera_msgs/lib/python3.8/site-packages/astra_camera_msgs/msg/_extrinsics.py
[2.623s] -- Up-to-date: /home/agilex/limo_ros2_ws/install/astra_camera_msgs/lib/python3.8/site-packages/astra_camera_msgs/msg/_device_info_s.c
[2.623s] -- Up-to-date: /home/agilex/limo_ros2_ws/install/astra_camera_msgs/lib/python3.8/site-packages/astra_camera_msgs/msg/__init__.py
[2.623s] -- Up-to-date: /home/agilex/limo_ros2_ws/install/astra_camera_msgs/lib/python3.8/site-packages/astra_camera_msgs/msg/_metadata_s.c
[2.623s] -- Up-to-date: /home/agilex/limo_ros2_ws/install/astra_camera_msgs/lib/python3.8/site-packages/astra_camera_msgs/msg/_device_info.py
[2.623s] -- Up-to-date: /home/agilex/limo_ros2_ws/install/astra_camera_msgs/lib/python3.8/site-packages/astra_camera_msgs/msg/_metadata.py
[2.623s] -- Up-to-date: /home/agilex/limo_ros2_ws/install/astra_camera_msgs/lib/python3.8/site-packages/astra_camera_msgs/msg/_extrinsics_s.c
[2.624s] -- Up-to-date: /home/agilex/limo_ros2_ws/install/astra_camera_msgs/lib/python3.8/site-packages/astra_camera_msgs/srv
[2.625s] -- Up-to-date: /home/agilex/limo_ros2_ws/install/astra_camera_msgs/lib/python3.8/site-packages/astra_camera_msgs/srv/_get_camera_params_s.c
[2.625s] -- Up-to-date: /home/agilex/limo_ros2_ws/install/astra_camera_msgs/lib/python3.8/site-packages/astra_camera_msgs/srv/_get_int32_s.c
[2.626s] -- Up-to-date: /home/agilex/limo_ros2_ws/install/astra_camera_msgs/lib/python3.8/site-packages/astra_camera_msgs/srv/_get_device_info.py
[2.626s] -- Up-to-date: /home/agilex/limo_ros2_ws/install/astra_camera_msgs/lib/python3.8/site-packages/astra_camera_msgs/srv/_get_string_s.c
[2.626s] -- Up-to-date: /home/agilex/limo_ros2_ws/install/astra_camera_msgs/lib/python3.8/site-packages/astra_camera_msgs/srv/_get_camera_info.py
[2.626s] -- Up-to-date: /home/agilex/limo_ros2_ws/install/astra_camera_msgs/lib/python3.8/site-packages/astra_camera_msgs/srv/_get_device_info_s.c
[2.626s] -- Up-to-date: /home/agilex/limo_ros2_ws/install/astra_camera_msgs/lib/python3.8/site-packages/astra_camera_msgs/srv/_get_int32.py
[2.626s] -- Up-to-date: /home/agilex/limo_ros2_ws/install/astra_camera_msgs/lib/python3.8/site-packages/astra_camera_msgs/srv/__init__.py
[2.626s] -- Up-to-date: /home/agilex/limo_ros2_ws/install/astra_camera_msgs/lib/python3.8/site-packages/astra_camera_msgs/srv/_get_camera_info_s.c
[2.627s] -- Up-to-date: /home/agilex/limo_ros2_ws/install/astra_camera_msgs/lib/python3.8/site-packages/astra_camera_msgs/srv/_set_int32.py
[2.627s] -- Up-to-date: /home/agilex/limo_ros2_ws/install/astra_camera_msgs/lib/python3.8/site-packages/astra_camera_msgs/srv/_get_string.py
[2.627s] -- Up-to-date: /home/agilex/limo_ros2_ws/install/astra_camera_msgs/lib/python3.8/site-packages/astra_camera_msgs/srv/_get_camera_params.py
[2.627s] -- Up-to-date: /home/agilex/limo_ros2_ws/install/astra_camera_msgs/lib/python3.8/site-packages/astra_camera_msgs/srv/_set_int32_s.c
[2.628s] -- Up-to-date: /home/agilex/limo_ros2_ws/install/astra_camera_msgs/lib/python3.8/site-packages/astra_camera_msgs/astra_camera_msgs_s__rosidl_typesupport_fastrtps_c.cpython-38-aarch64-linux-gnu.so
[2.634s] -- Up-to-date: /home/agilex/limo_ros2_ws/install/astra_camera_msgs/lib/python3.8/site-packages/astra_camera_msgs/astra_camera_msgs_s__rosidl_typesupport_introspection_c.cpython-38-aarch64-linux-gnu.so
[2.637s] -- Up-to-date: /home/agilex/limo_ros2_ws/install/astra_camera_msgs/lib/python3.8/site-packages/astra_camera_msgs/astra_camera_msgs_s__rosidl_typesupport_c.cpython-38-aarch64-linux-gnu.so
[2.637s] -- Up-to-date: /home/agilex/limo_ros2_ws/install/astra_camera_msgs/lib/libastra_camera_msgs__python.so
[2.637s] -- Up-to-date: /home/agilex/limo_ros2_ws/install/astra_camera_msgs/share/astra_camera_msgs/msg/DeviceInfo.idl
[2.637s] -- Up-to-date: /home/agilex/limo_ros2_ws/install/astra_camera_msgs/share/astra_camera_msgs/msg/Extrinsics.idl
[2.638s] -- Up-to-date: /home/agilex/limo_ros2_ws/install/astra_camera_msgs/share/astra_camera_msgs/msg/Metadata.idl
[2.639s] -- Up-to-date: /home/agilex/limo_ros2_ws/install/astra_camera_msgs/share/astra_camera_msgs/srv/GetDeviceInfo.idl
[2.639s] -- Up-to-date: /home/agilex/limo_ros2_ws/install/astra_camera_msgs/share/astra_camera_msgs/srv/GetCameraInfo.idl
[2.639s] -- Up-to-date: /home/agilex/limo_ros2_ws/install/astra_camera_msgs/share/astra_camera_msgs/srv/GetCameraParams.idl
[2.639s] -- Up-to-date: /home/agilex/limo_ros2_ws/install/astra_camera_msgs/share/astra_camera_msgs/srv/GetInt32.idl
[2.639s] -- Up-to-date: /home/agilex/limo_ros2_ws/install/astra_camera_msgs/share/astra_camera_msgs/srv/GetString.idl
[2.639s] -- Up-to-date: /home/agilex/limo_ros2_ws/install/astra_camera_msgs/share/astra_camera_msgs/srv/SetInt32.idl
[2.639s] -- Up-to-date: /home/agilex/limo_ros2_ws/install/astra_camera_msgs/share/astra_camera_msgs/msg/DeviceInfo.msg
[2.640s] -- Up-to-date: /home/agilex/limo_ros2_ws/install/astra_camera_msgs/share/astra_camera_msgs/msg/Extrinsics.msg
[2.640s] -- Up-to-date: /home/agilex/limo_ros2_ws/install/astra_camera_msgs/share/astra_camera_msgs/msg/Metadata.msg
[2.640s] -- Up-to-date: /home/agilex/limo_ros2_ws/install/astra_camera_msgs/share/astra_camera_msgs/srv/GetDeviceInfo.srv
[2.640s] -- Up-to-date: /home/agilex/limo_ros2_ws/install/astra_camera_msgs/share/astra_camera_msgs/srv/GetDeviceInfo_Request.msg
[2.641s] -- Up-to-date: /home/agilex/limo_ros2_ws/install/astra_camera_msgs/share/astra_camera_msgs/srv/GetDeviceInfo_Response.msg
[2.641s] -- Up-to-date: /home/agilex/limo_ros2_ws/install/astra_camera_msgs/share/astra_camera_msgs/srv/GetCameraInfo.srv
[2.642s] -- Up-to-date: /home/agilex/limo_ros2_ws/install/astra_camera_msgs/share/astra_camera_msgs/srv/GetCameraInfo_Request.msg
[2.642s] -- Up-to-date: /home/agilex/limo_ros2_ws/install/astra_camera_msgs/share/astra_camera_msgs/srv/GetCameraInfo_Response.msg
[2.642s] -- Up-to-date: /home/agilex/limo_ros2_ws/install/astra_camera_msgs/share/astra_camera_msgs/srv/GetCameraParams.srv
[2.642s] -- Up-to-date: /home/agilex/limo_ros2_ws/install/astra_camera_msgs/share/astra_camera_msgs/srv/GetCameraParams_Request.msg
[2.642s] -- Up-to-date: /home/agilex/limo_ros2_ws/install/astra_camera_msgs/share/astra_camera_msgs/srv/GetCameraParams_Response.msg
[2.644s] -- Up-to-date: /home/agilex/limo_ros2_ws/install/astra_camera_msgs/share/astra_camera_msgs/srv/GetInt32.srv
[2.644s] -- Up-to-date: /home/agilex/limo_ros2_ws/install/astra_camera_msgs/share/astra_camera_msgs/srv/GetInt32_Request.msg
[2.644s] -- Up-to-date: /home/agilex/limo_ros2_ws/install/astra_camera_msgs/share/astra_camera_msgs/srv/GetInt32_Response.msg
[2.645s] -- Up-to-date: /home/agilex/limo_ros2_ws/install/astra_camera_msgs/share/astra_camera_msgs/srv/GetString.srv
[2.645s] -- Up-to-date: /home/agilex/limo_ros2_ws/install/astra_camera_msgs/share/astra_camera_msgs/srv/GetString_Request.msg
[2.645s] -- Up-to-date: /home/agilex/limo_ros2_ws/install/astra_camera_msgs/share/astra_camera_msgs/srv/GetString_Response.msg
[2.645s] -- Up-to-date: /home/agilex/limo_ros2_ws/install/astra_camera_msgs/share/astra_camera_msgs/srv/SetInt32.srv
[2.645s] -- Up-to-date: /home/agilex/limo_ros2_ws/install/astra_camera_msgs/share/astra_camera_msgs/srv/SetInt32_Request.msg
[2.645s] -- Up-to-date: /home/agilex/limo_ros2_ws/install/astra_camera_msgs/share/astra_camera_msgs/srv/SetInt32_Response.msg
[2.646s] -- Up-to-date: /home/agilex/limo_ros2_ws/install/astra_camera_msgs/share/ament_index/resource_index/package_run_dependencies/astra_camera_msgs
[2.646s] -- Up-to-date: /home/agilex/limo_ros2_ws/install/astra_camera_msgs/share/ament_index/resource_index/parent_prefix_path/astra_camera_msgs
[2.646s] -- Up-to-date: /home/agilex/limo_ros2_ws/install/astra_camera_msgs/share/astra_camera_msgs/environment/ament_prefix_path.sh
[2.646s] -- Up-to-date: /home/agilex/limo_ros2_ws/install/astra_camera_msgs/share/astra_camera_msgs/environment/ament_prefix_path.dsv
[2.646s] -- Up-to-date: /home/agilex/limo_ros2_ws/install/astra_camera_msgs/share/astra_camera_msgs/environment/path.sh
[2.647s] -- Up-to-date: /home/agilex/limo_ros2_ws/install/astra_camera_msgs/share/astra_camera_msgs/environment/path.dsv
[2.647s] -- Up-to-date: /home/agilex/limo_ros2_ws/install/astra_camera_msgs/share/astra_camera_msgs/local_setup.bash
[2.647s] -- Up-to-date: /home/agilex/limo_ros2_ws/install/astra_camera_msgs/share/astra_camera_msgs/local_setup.sh
[2.647s] -- Up-to-date: /home/agilex/limo_ros2_ws/install/astra_camera_msgs/share/astra_camera_msgs/local_setup.zsh
[2.647s] -- Up-to-date: /home/agilex/limo_ros2_ws/install/astra_camera_msgs/share/astra_camera_msgs/local_setup.dsv
[2.647s] -- Installing: /home/agilex/limo_ros2_ws/install/astra_camera_msgs/share/astra_camera_msgs/package.dsv
[2.647s] -- Up-to-date: /home/agilex/limo_ros2_ws/install/astra_camera_msgs/share/ament_index/resource_index/packages/astra_camera_msgs
[2.649s] -- Up-to-date: /home/agilex/limo_ros2_ws/install/astra_camera_msgs/share/astra_camera_msgs/cmake/astra_camera_msgs__rosidl_generator_cExport.cmake
[2.649s] -- Up-to-date: /home/agilex/limo_ros2_ws/install/astra_camera_msgs/share/astra_camera_msgs/cmake/astra_camera_msgs__rosidl_generator_cExport-release.cmake
[2.651s] -- Up-to-date: /home/agilex/limo_ros2_ws/install/astra_camera_msgs/share/astra_camera_msgs/cmake/astra_camera_msgs__rosidl_typesupport_introspection_cExport.cmake
[2.651s] -- Up-to-date: /home/agilex/limo_ros2_ws/install/astra_camera_msgs/share/astra_camera_msgs/cmake/astra_camera_msgs__rosidl_typesupport_introspection_cExport-release.cmake
[2.652s] -- Up-to-date: /home/agilex/limo_ros2_ws/install/astra_camera_msgs/share/astra_camera_msgs/cmake/astra_camera_msgs__rosidl_typesupport_cExport.cmake
[2.652s] -- Up-to-date: /home/agilex/limo_ros2_ws/install/astra_camera_msgs/share/astra_camera_msgs/cmake/astra_camera_msgs__rosidl_typesupport_cExport-release.cmake
[2.652s] -- Up-to-date: /home/agilex/limo_ros2_ws/install/astra_camera_msgs/share/astra_camera_msgs/cmake/astra_camera_msgs__rosidl_generator_cppExport.cmake
[2.653s] -- Up-to-date: /home/agilex/limo_ros2_ws/install/astra_camera_msgs/share/astra_camera_msgs/cmake/astra_camera_msgs__rosidl_typesupport_introspection_cppExport.cmake
[2.653s] -- Up-to-date: /home/agilex/limo_ros2_ws/install/astra_camera_msgs/share/astra_camera_msgs/cmake/astra_camera_msgs__rosidl_typesupport_introspection_cppExport-release.cmake
[2.654s] -- Up-to-date: /home/agilex/limo_ros2_ws/install/astra_camera_msgs/share/astra_camera_msgs/cmake/astra_camera_msgs__rosidl_typesupport_cppExport.cmake
[2.654s] -- Up-to-date: /home/agilex/limo_ros2_ws/install/astra_camera_msgs/share/astra_camera_msgs/cmake/astra_camera_msgs__rosidl_typesupport_cppExport-release.cmake
[2.654s] -- Up-to-date: /home/agilex/limo_ros2_ws/install/astra_camera_msgs/share/astra_camera_msgs/cmake/rosidl_cmake-extras.cmake
[2.654s] -- Up-to-date: /home/agilex/limo_ros2_ws/install/astra_camera_msgs/share/astra_camera_msgs/cmake/ament_cmake_export_dependencies-extras.cmake
[2.655s] -- Up-to-date: /home/agilex/limo_ros2_ws/install/astra_camera_msgs/share/astra_camera_msgs/cmake/ament_cmake_export_libraries-extras.cmake
[2.655s] -- Up-to-date: /home/agilex/limo_ros2_ws/install/astra_camera_msgs/share/astra_camera_msgs/cmake/ament_cmake_export_targets-extras.cmake
[2.655s] -- Up-to-date: /home/agilex/limo_ros2_ws/install/astra_camera_msgs/share/astra_camera_msgs/cmake/ament_cmake_export_include_directories-extras.cmake
[2.656s] -- Up-to-date: /home/agilex/limo_ros2_ws/install/astra_camera_msgs/share/astra_camera_msgs/cmake/rosidl_cmake_export_typesupport_libraries-extras.cmake
[2.656s] -- Up-to-date: /home/agilex/limo_ros2_ws/install/astra_camera_msgs/share/astra_camera_msgs/cmake/rosidl_cmake_export_typesupport_targets-extras.cmake
[2.656s] -- Up-to-date: /home/agilex/limo_ros2_ws/install/astra_camera_msgs/share/astra_camera_msgs/cmake/astra_camera_msgsConfig.cmake
[2.656s] -- Up-to-date: /home/agilex/limo_ros2_ws/install/astra_camera_msgs/share/astra_camera_msgs/cmake/astra_camera_msgsConfig-version.cmake
[2.656s] -- Up-to-date: /home/agilex/limo_ros2_ws/install/astra_camera_msgs/share/astra_camera_msgs/package.xml
[2.670s] Invoked command in '/home/agilex/limo_ros2_ws/build/astra_camera_msgs' returned '0': CMAKE_PREFIX_PATH=${CMAKE_PREFIX_PATH}:/home/agilex/limo_ros2_ws/install/nav2_gazebo_spawner:/home/agilex/limo_ros2_ws/install/camera_calibration:/opt/ros/foxy /usr/bin/cmake --install /home/agilex/limo_ros2_ws/build/astra_camera_msgs
