[0.100s] Invoking command in '/home/agilex/limo_ros2_ws/build/orbbec_camera': CMAKE_PREFIX_PATH=/home/agilex/limo_ros2_ws/install/orbbec_camera_msgs:/home/agilex/limo_ros2_ws/install/ydlidar_sdk:/home/agilex/limo_ros2_ws/install/ydlidar_ros2_driver:/home/agilex/limo_ros2_ws/install/teb_local_planner:/home/agilex/limo_ros2_ws/install/teb_msgs:/home/agilex/limo_ros2_ws/install/nav2_system_tests:/home/agilex/limo_ros2_ws/install/nav2_bringup:/home/agilex/limo_ros2_ws/install/navigation2:/home/agilex/limo_ros2_ws/install/smac_planner:/home/agilex/limo_ros2_ws/install/rf2o_laser_odometry:/home/agilex/limo_ros2_ws/install/orbbec_description:/home/agilex/limo_ros2_ws/install/orbbec_camera:/home/agilex/limo_ros2_ws/install/nav2_dwb_controller:/home/agilex/limo_ros2_ws/install/nav2_controller:/home/agilex/limo_ros2_ws/install/dwb_plugins:/home/agilex/limo_ros2_ws/install/dwb_critics:/home/agilex/limo_ros2_ws/install/dwb_core:/home/agilex/limo_ros2_ws/install/nav_2d_utils:/home/agilex/limo_ros2_ws/install/dwb_msgs:/home/agilex/limo_ros2_ws/install/nav_2d_msgs:/home/agilex/limo_ros2_ws/install/nav2_waypoint_follower:/home/agilex/limo_ros2_ws/install/nav2_regulated_pure_pursuit_controller:/home/agilex/limo_ros2_ws/install/nav2_recoveries:/home/agilex/limo_ros2_ws/install/nav2_planner:/home/agilex/limo_ros2_ws/install/nav2_navfn_planner:/home/agilex/limo_ros2_ws/install/nav2_core:/home/agilex/limo_ros2_ws/install/costmap_queue:/home/agilex/limo_ros2_ws/install/costmap_converter:/home/agilex/limo_ros2_ws/install/nav2_costmap_2d:/home/agilex/limo_ros2_ws/install/nav2_voxel_grid:/home/agilex/limo_ros2_ws/install/nav2_rviz_plugins:/home/agilex/limo_ros2_ws/install/nav2_map_server:/home/agilex/limo_ros2_ws/install/nav2_lifecycle_manager:/home/agilex/limo_ros2_ws/install/nav2_bt_navigator:/home/agilex/limo_ros2_ws/install/nav2_behavior_tree:/home/agilex/limo_ros2_ws/install/nav2_amcl:/home/agilex/limo_ros2_ws/install/nav2_util:/home/agilex/limo_ros2_ws/install/nav2_msgs:/home/agilex/limo_ros2_ws/install/nav2_common:/home/agilex/limo_ros2_ws/install/magic_enum:/home/agilex/limo_ros2_ws/install/limo_visions:/home/agilex/limo_ros2_ws/install/limo_bringup:/home/agilex/limo_ros2_ws/install/limo_base:/home/agilex/limo_ros2_ws/install/limo_msgs:/home/agilex/limo_ros2_ws/install/limo_description:/home/agilex/limo_ros2_ws/install/libuvc:/home/agilex/limo_ros2_ws/install/glog:/home/agilex/limo_ros2_ws/install/costmap_converter_msgs:/home/agilex/limo_ros2_ws/install/astra_camera_msgs:/home/agilex/limo_ros2_ws/install/nav2_gazebo_spawner:/opt/ros/foxy LD_LIBRARY_PATH=/home/agilex/limo_ros2_ws/install/orbbec_camera_msgs/lib:/home/agilex/limo_ros2_ws/install/teb_local_planner/lib:/home/agilex/limo_ros2_ws/install/teb_msgs/lib:/home/agilex/limo_ros2_ws/install/smac_planner/lib:/home/agilex/limo_ros2_ws/install/orbbec_camera/lib:/home/agilex/limo_ros2_ws/install/nav2_controller/lib:/home/agilex/limo_ros2_ws/install/dwb_plugins/lib:/home/agilex/limo_ros2_ws/install/dwb_critics/lib:/home/agilex/limo_ros2_ws/install/dwb_core/lib:/home/agilex/limo_ros2_ws/install/nav_2d_utils/lib:/home/agilex/limo_ros2_ws/install/dwb_msgs/lib:/home/agilex/limo_ros2_ws/install/nav_2d_msgs/lib:/home/agilex/limo_ros2_ws/install/nav2_waypoint_follower/lib:/home/agilex/limo_ros2_ws/install/nav2_regulated_pure_pursuit_controller/lib:/home/agilex/limo_ros2_ws/install/nav2_recoveries/lib:/home/agilex/limo_ros2_ws/install/nav2_planner/lib:/home/agilex/limo_ros2_ws/install/nav2_navfn_planner/lib:/home/agilex/limo_ros2_ws/install/costmap_queue/lib:/home/agilex/limo_ros2_ws/install/costmap_converter/lib:/home/agilex/limo_ros2_ws/install/nav2_costmap_2d/lib:/home/agilex/limo_ros2_ws/install/nav2_voxel_grid/lib:/home/agilex/limo_ros2_ws/install/nav2_rviz_plugins/lib:/home/agilex/limo_ros2_ws/install/nav2_map_server/lib:/home/agilex/limo_ros2_ws/install/nav2_lifecycle_manager/lib:/home/agilex/limo_ros2_ws/install/nav2_bt_navigator/lib:/home/agilex/limo_ros2_ws/install/nav2_behavior_tree/lib:/home/agilex/limo_ros2_ws/install/nav2_amcl/lib:/home/agilex/limo_ros2_ws/install/nav2_util/lib:/home/agilex/limo_ros2_ws/install/nav2_msgs/lib:/home/agilex/limo_ros2_ws/install/limo_msgs/lib:/home/agilex/limo_ros2_ws/install/libuvc/lib:/home/agilex/limo_ros2_ws/install/glog/lib:/home/agilex/limo_ros2_ws/install/costmap_converter_msgs/lib:/home/agilex/limo_ros2_ws/install/astra_camera_msgs/lib:/usr/lib/aarch64-linux-gnu/gazebo-11/plugins:/opt/ros/foxy/opt/yaml_cpp_vendor/lib:/opt/ros/foxy/opt/rviz_ogre_vendor/lib:/opt/ros/foxy/lib/aarch64-linux-gnu:/opt/ros/foxy/lib PYTHONPATH=/home/agilex/limo_ros2_ws/install/orbbec_camera_msgs/lib/python3.8/site-packages:/home/agilex/limo_ros2_ws/install/teb_msgs/lib/python3.8/site-packages:/home/agilex/limo_ros2_ws/install/dwb_msgs/lib/python3.8/site-packages:/home/agilex/limo_ros2_ws/install/nav_2d_msgs/lib/python3.8/site-packages:/home/agilex/limo_ros2_ws/install/nav2_msgs/lib/python3.8/site-packages:/home/agilex/limo_ros2_ws/install/nav2_gazebo_spawner/lib/python3.8/site-packages:/home/agilex/limo_ros2_ws/install/nav2_common/lib/python3.8/site-packages:/home/agilex/limo_ros2_ws/install/limo_msgs/lib/python3.8/site-packages:/home/agilex/limo_ros2_ws/install/costmap_converter_msgs/lib/python3.8/site-packages:/home/agilex/limo_ros2_ws/install/astra_camera_msgs/lib/python3.8/site-packages:/opt/ros/foxy/lib/python3.8/site-packages /usr/bin/cmake /home/agilex/limo_ros2_ws/src/OrbbecSDK_ROS2/orbbec_camera -DCMAKE_INSTALL_PREFIX=/home/agilex/limo_ros2_ws/install/orbbec_camera
[0.157s] -- Found ament_cmake: 0.9.12 (/opt/ros/foxy/share/ament_cmake/cmake)
[0.221s] -- Using PYTHON_EXECUTABLE: /usr/bin/python3
[0.653s] -- Found ament_index_cpp: 1.1.0 (/opt/ros/foxy/share/ament_index_cpp/cmake)
[0.659s] -- Found builtin_interfaces: 1.0.0 (/opt/ros/foxy/share/builtin_interfaces/cmake)
[0.707s] -- Using all available rosidl_typesupport_c: rosidl_typesupport_fastrtps_c;rosidl_typesupport_introspection_c
[0.714s] -- Found rosidl_adapter: 1.3.1 (/opt/ros/foxy/share/rosidl_adapter/cmake)
[1.016s] -- Using all available rosidl_typesupport_cpp: rosidl_typesupport_fastrtps_cpp;rosidl_typesupport_introspection_cpp
[1.062s] -- Found cv_bridge: 3.0.7 (/opt/ros/foxy/share/cv_bridge/cmake)
[1.363s] -- Found camera_info_manager: 2.4.0 (/opt/ros/foxy/share/camera_info_manager/cmake)
[1.441s] -- Found rmw_implementation_cmake: 1.0.4 (/opt/ros/foxy/share/rmw_implementation_cmake/cmake)
[1.447s] -- Using RMW implementation 'rmw_fastrtps_cpp' as default
[1.728s] -- Setting yaml-cpp_DIR to: '/opt/ros/foxy/share/yaml_cpp_vendor/cmake/../../../opt/yaml_cpp_vendor/lib/cmake/yaml-cpp'
[1.857s] -- Found image_transport: 2.4.0 (/opt/ros/foxy/share/image_transport/cmake)
[1.938s] -- Found image_publisher: 2.3.0 (/opt/ros/foxy/share/image_publisher/cmake)
[2.181s] -- Found orbbec_camera_msgs: 1.2.2 (/home/agilex/limo_ros2_ws/install/orbbec_camera_msgs/share/orbbec_camera_msgs/cmake)
[2.381s] -- Found std_srvs: 2.0.5 (/opt/ros/foxy/share/std_srvs/cmake)
[2.397s] -- Found tf2: 0.13.14 (/opt/ros/foxy/share/tf2/cmake)
[2.413s] -- Found tf2_eigen: 0.13.14 (/opt/ros/foxy/share/tf2_eigen/cmake)
[2.904s] -- Found tf2_sensor_msgs: 0.13.14 (/opt/ros/foxy/share/tf2_sensor_msgs/cmake)
[2.936s] -- Found diagnostic_updater: 3.1.2 (/opt/ros/foxy/share/diagnostic_updater/cmake)
[3.046s] -- Found backward_ros: 1.0.1 (/opt/ros/foxy/share/backward_ros/cmake)
[3.058s] -- Could NOT find libbfd (missing: LIBBFD_LIBRARY LIBBFD_INCLUDE_DIR) 
[3.058s] -- BACKWARD_HAS_UNWIND=1
[3.058s] -- BACKWARD_HAS_BACKTRACE=0
[3.058s] -- BACKWARD_HAS_BACKTRACE_SYMBOL=0
[3.059s] -- BACKWARD_HAS_DW=1
[3.059s] -- BACKWARD_HAS_BFD=0
[3.059s] -- Found Backward: /opt/ros/foxy/share/backward_ros/cmake  
[3.082s] -- ORRBEC Machine : aarch64
[3.082s] 
[3.082s] -- ORRBEC Machine Bits : 64
[3.082s] 
[7.858s] -- Found ament_lint_auto: 0.9.8 (/opt/ros/foxy/share/ament_lint_auto/cmake)
[8.018s] -- Configuring done
[8.562s] -- Generating done
[8.569s] -- Build files have been written to: /home/agilex/limo_ros2_ws/build/orbbec_camera
[8.609s] Invoked command in '/home/agilex/limo_ros2_ws/build/orbbec_camera' returned '0': CMAKE_PREFIX_PATH=/home/agilex/limo_ros2_ws/install/orbbec_camera_msgs:/home/agilex/limo_ros2_ws/install/ydlidar_sdk:/home/agilex/limo_ros2_ws/install/ydlidar_ros2_driver:/home/agilex/limo_ros2_ws/install/teb_local_planner:/home/agilex/limo_ros2_ws/install/teb_msgs:/home/agilex/limo_ros2_ws/install/nav2_system_tests:/home/agilex/limo_ros2_ws/install/nav2_bringup:/home/agilex/limo_ros2_ws/install/navigation2:/home/agilex/limo_ros2_ws/install/smac_planner:/home/agilex/limo_ros2_ws/install/rf2o_laser_odometry:/home/agilex/limo_ros2_ws/install/orbbec_description:/home/agilex/limo_ros2_ws/install/orbbec_camera:/home/agilex/limo_ros2_ws/install/nav2_dwb_controller:/home/agilex/limo_ros2_ws/install/nav2_controller:/home/agilex/limo_ros2_ws/install/dwb_plugins:/home/agilex/limo_ros2_ws/install/dwb_critics:/home/agilex/limo_ros2_ws/install/dwb_core:/home/agilex/limo_ros2_ws/install/nav_2d_utils:/home/agilex/limo_ros2_ws/install/dwb_msgs:/home/agilex/limo_ros2_ws/install/nav_2d_msgs:/home/agilex/limo_ros2_ws/install/nav2_waypoint_follower:/home/agilex/limo_ros2_ws/install/nav2_regulated_pure_pursuit_controller:/home/agilex/limo_ros2_ws/install/nav2_recoveries:/home/agilex/limo_ros2_ws/install/nav2_planner:/home/agilex/limo_ros2_ws/install/nav2_navfn_planner:/home/agilex/limo_ros2_ws/install/nav2_core:/home/agilex/limo_ros2_ws/install/costmap_queue:/home/agilex/limo_ros2_ws/install/costmap_converter:/home/agilex/limo_ros2_ws/install/nav2_costmap_2d:/home/agilex/limo_ros2_ws/install/nav2_voxel_grid:/home/agilex/limo_ros2_ws/install/nav2_rviz_plugins:/home/agilex/limo_ros2_ws/install/nav2_map_server:/home/agilex/limo_ros2_ws/install/nav2_lifecycle_manager:/home/agilex/limo_ros2_ws/install/nav2_bt_navigator:/home/agilex/limo_ros2_ws/install/nav2_behavior_tree:/home/agilex/limo_ros2_ws/install/nav2_amcl:/home/agilex/limo_ros2_ws/install/nav2_util:/home/agilex/limo_ros2_ws/install/nav2_msgs:/home/agilex/limo_ros2_ws/install/nav2_common:/home/agilex/limo_ros2_ws/install/magic_enum:/home/agilex/limo_ros2_ws/install/limo_visions:/home/agilex/limo_ros2_ws/install/limo_bringup:/home/agilex/limo_ros2_ws/install/limo_base:/home/agilex/limo_ros2_ws/install/limo_msgs:/home/agilex/limo_ros2_ws/install/limo_description:/home/agilex/limo_ros2_ws/install/libuvc:/home/agilex/limo_ros2_ws/install/glog:/home/agilex/limo_ros2_ws/install/costmap_converter_msgs:/home/agilex/limo_ros2_ws/install/astra_camera_msgs:/home/agilex/limo_ros2_ws/install/nav2_gazebo_spawner:/opt/ros/foxy LD_LIBRARY_PATH=/home/agilex/limo_ros2_ws/install/orbbec_camera_msgs/lib:/home/agilex/limo_ros2_ws/install/teb_local_planner/lib:/home/agilex/limo_ros2_ws/install/teb_msgs/lib:/home/agilex/limo_ros2_ws/install/smac_planner/lib:/home/agilex/limo_ros2_ws/install/orbbec_camera/lib:/home/agilex/limo_ros2_ws/install/nav2_controller/lib:/home/agilex/limo_ros2_ws/install/dwb_plugins/lib:/home/agilex/limo_ros2_ws/install/dwb_critics/lib:/home/agilex/limo_ros2_ws/install/dwb_core/lib:/home/agilex/limo_ros2_ws/install/nav_2d_utils/lib:/home/agilex/limo_ros2_ws/install/dwb_msgs/lib:/home/agilex/limo_ros2_ws/install/nav_2d_msgs/lib:/home/agilex/limo_ros2_ws/install/nav2_waypoint_follower/lib:/home/agilex/limo_ros2_ws/install/nav2_regulated_pure_pursuit_controller/lib:/home/agilex/limo_ros2_ws/install/nav2_recoveries/lib:/home/agilex/limo_ros2_ws/install/nav2_planner/lib:/home/agilex/limo_ros2_ws/install/nav2_navfn_planner/lib:/home/agilex/limo_ros2_ws/install/costmap_queue/lib:/home/agilex/limo_ros2_ws/install/costmap_converter/lib:/home/agilex/limo_ros2_ws/install/nav2_costmap_2d/lib:/home/agilex/limo_ros2_ws/install/nav2_voxel_grid/lib:/home/agilex/limo_ros2_ws/install/nav2_rviz_plugins/lib:/home/agilex/limo_ros2_ws/install/nav2_map_server/lib:/home/agilex/limo_ros2_ws/install/nav2_lifecycle_manager/lib:/home/agilex/limo_ros2_ws/install/nav2_bt_navigator/lib:/home/agilex/limo_ros2_ws/install/nav2_behavior_tree/lib:/home/agilex/limo_ros2_ws/install/nav2_amcl/lib:/home/agilex/limo_ros2_ws/install/nav2_util/lib:/home/agilex/limo_ros2_ws/install/nav2_msgs/lib:/home/agilex/limo_ros2_ws/install/limo_msgs/lib:/home/agilex/limo_ros2_ws/install/libuvc/lib:/home/agilex/limo_ros2_ws/install/glog/lib:/home/agilex/limo_ros2_ws/install/costmap_converter_msgs/lib:/home/agilex/limo_ros2_ws/install/astra_camera_msgs/lib:/usr/lib/aarch64-linux-gnu/gazebo-11/plugins:/opt/ros/foxy/opt/yaml_cpp_vendor/lib:/opt/ros/foxy/opt/rviz_ogre_vendor/lib:/opt/ros/foxy/lib/aarch64-linux-gnu:/opt/ros/foxy/lib PYTHONPATH=/home/agilex/limo_ros2_ws/install/orbbec_camera_msgs/lib/python3.8/site-packages:/home/agilex/limo_ros2_ws/install/teb_msgs/lib/python3.8/site-packages:/home/agilex/limo_ros2_ws/install/dwb_msgs/lib/python3.8/site-packages:/home/agilex/limo_ros2_ws/install/nav_2d_msgs/lib/python3.8/site-packages:/home/agilex/limo_ros2_ws/install/nav2_msgs/lib/python3.8/site-packages:/home/agilex/limo_ros2_ws/install/nav2_gazebo_spawner/lib/python3.8/site-packages:/home/agilex/limo_ros2_ws/install/nav2_common/lib/python3.8/site-packages:/home/agilex/limo_ros2_ws/install/limo_msgs/lib/python3.8/site-packages:/home/agilex/limo_ros2_ws/install/costmap_converter_msgs/lib/python3.8/site-packages:/home/agilex/limo_ros2_ws/install/astra_camera_msgs/lib/python3.8/site-packages:/opt/ros/foxy/lib/python3.8/site-packages /usr/bin/cmake /home/agilex/limo_ros2_ws/src/OrbbecSDK_ROS2/orbbec_camera -DCMAKE_INSTALL_PREFIX=/home/agilex/limo_ros2_ws/install/orbbec_camera
[8.611s] Invoking command in '/home/agilex/limo_ros2_ws/build/orbbec_camera': CMAKE_PREFIX_PATH=/home/agilex/limo_ros2_ws/install/orbbec_camera_msgs:/home/agilex/limo_ros2_ws/install/ydlidar_sdk:/home/agilex/limo_ros2_ws/install/ydlidar_ros2_driver:/home/agilex/limo_ros2_ws/install/teb_local_planner:/home/agilex/limo_ros2_ws/install/teb_msgs:/home/agilex/limo_ros2_ws/install/nav2_system_tests:/home/agilex/limo_ros2_ws/install/nav2_bringup:/home/agilex/limo_ros2_ws/install/navigation2:/home/agilex/limo_ros2_ws/install/smac_planner:/home/agilex/limo_ros2_ws/install/rf2o_laser_odometry:/home/agilex/limo_ros2_ws/install/orbbec_description:/home/agilex/limo_ros2_ws/install/orbbec_camera:/home/agilex/limo_ros2_ws/install/nav2_dwb_controller:/home/agilex/limo_ros2_ws/install/nav2_controller:/home/agilex/limo_ros2_ws/install/dwb_plugins:/home/agilex/limo_ros2_ws/install/dwb_critics:/home/agilex/limo_ros2_ws/install/dwb_core:/home/agilex/limo_ros2_ws/install/nav_2d_utils:/home/agilex/limo_ros2_ws/install/dwb_msgs:/home/agilex/limo_ros2_ws/install/nav_2d_msgs:/home/agilex/limo_ros2_ws/install/nav2_waypoint_follower:/home/agilex/limo_ros2_ws/install/nav2_regulated_pure_pursuit_controller:/home/agilex/limo_ros2_ws/install/nav2_recoveries:/home/agilex/limo_ros2_ws/install/nav2_planner:/home/agilex/limo_ros2_ws/install/nav2_navfn_planner:/home/agilex/limo_ros2_ws/install/nav2_core:/home/agilex/limo_ros2_ws/install/costmap_queue:/home/agilex/limo_ros2_ws/install/costmap_converter:/home/agilex/limo_ros2_ws/install/nav2_costmap_2d:/home/agilex/limo_ros2_ws/install/nav2_voxel_grid:/home/agilex/limo_ros2_ws/install/nav2_rviz_plugins:/home/agilex/limo_ros2_ws/install/nav2_map_server:/home/agilex/limo_ros2_ws/install/nav2_lifecycle_manager:/home/agilex/limo_ros2_ws/install/nav2_bt_navigator:/home/agilex/limo_ros2_ws/install/nav2_behavior_tree:/home/agilex/limo_ros2_ws/install/nav2_amcl:/home/agilex/limo_ros2_ws/install/nav2_util:/home/agilex/limo_ros2_ws/install/nav2_msgs:/home/agilex/limo_ros2_ws/install/nav2_common:/home/agilex/limo_ros2_ws/install/magic_enum:/home/agilex/limo_ros2_ws/install/limo_visions:/home/agilex/limo_ros2_ws/install/limo_bringup:/home/agilex/limo_ros2_ws/install/limo_base:/home/agilex/limo_ros2_ws/install/limo_msgs:/home/agilex/limo_ros2_ws/install/limo_description:/home/agilex/limo_ros2_ws/install/libuvc:/home/agilex/limo_ros2_ws/install/glog:/home/agilex/limo_ros2_ws/install/costmap_converter_msgs:/home/agilex/limo_ros2_ws/install/astra_camera_msgs:/home/agilex/limo_ros2_ws/install/nav2_gazebo_spawner:/opt/ros/foxy LD_LIBRARY_PATH=/home/agilex/limo_ros2_ws/install/orbbec_camera_msgs/lib:/home/agilex/limo_ros2_ws/install/teb_local_planner/lib:/home/agilex/limo_ros2_ws/install/teb_msgs/lib:/home/agilex/limo_ros2_ws/install/smac_planner/lib:/home/agilex/limo_ros2_ws/install/orbbec_camera/lib:/home/agilex/limo_ros2_ws/install/nav2_controller/lib:/home/agilex/limo_ros2_ws/install/dwb_plugins/lib:/home/agilex/limo_ros2_ws/install/dwb_critics/lib:/home/agilex/limo_ros2_ws/install/dwb_core/lib:/home/agilex/limo_ros2_ws/install/nav_2d_utils/lib:/home/agilex/limo_ros2_ws/install/dwb_msgs/lib:/home/agilex/limo_ros2_ws/install/nav_2d_msgs/lib:/home/agilex/limo_ros2_ws/install/nav2_waypoint_follower/lib:/home/agilex/limo_ros2_ws/install/nav2_regulated_pure_pursuit_controller/lib:/home/agilex/limo_ros2_ws/install/nav2_recoveries/lib:/home/agilex/limo_ros2_ws/install/nav2_planner/lib:/home/agilex/limo_ros2_ws/install/nav2_navfn_planner/lib:/home/agilex/limo_ros2_ws/install/costmap_queue/lib:/home/agilex/limo_ros2_ws/install/costmap_converter/lib:/home/agilex/limo_ros2_ws/install/nav2_costmap_2d/lib:/home/agilex/limo_ros2_ws/install/nav2_voxel_grid/lib:/home/agilex/limo_ros2_ws/install/nav2_rviz_plugins/lib:/home/agilex/limo_ros2_ws/install/nav2_map_server/lib:/home/agilex/limo_ros2_ws/install/nav2_lifecycle_manager/lib:/home/agilex/limo_ros2_ws/install/nav2_bt_navigator/lib:/home/agilex/limo_ros2_ws/install/nav2_behavior_tree/lib:/home/agilex/limo_ros2_ws/install/nav2_amcl/lib:/home/agilex/limo_ros2_ws/install/nav2_util/lib:/home/agilex/limo_ros2_ws/install/nav2_msgs/lib:/home/agilex/limo_ros2_ws/install/limo_msgs/lib:/home/agilex/limo_ros2_ws/install/libuvc/lib:/home/agilex/limo_ros2_ws/install/glog/lib:/home/agilex/limo_ros2_ws/install/costmap_converter_msgs/lib:/home/agilex/limo_ros2_ws/install/astra_camera_msgs/lib:/usr/lib/aarch64-linux-gnu/gazebo-11/plugins:/opt/ros/foxy/opt/yaml_cpp_vendor/lib:/opt/ros/foxy/opt/rviz_ogre_vendor/lib:/opt/ros/foxy/lib/aarch64-linux-gnu:/opt/ros/foxy/lib PYTHONPATH=/home/agilex/limo_ros2_ws/install/orbbec_camera_msgs/lib/python3.8/site-packages:/home/agilex/limo_ros2_ws/install/teb_msgs/lib/python3.8/site-packages:/home/agilex/limo_ros2_ws/install/dwb_msgs/lib/python3.8/site-packages:/home/agilex/limo_ros2_ws/install/nav_2d_msgs/lib/python3.8/site-packages:/home/agilex/limo_ros2_ws/install/nav2_msgs/lib/python3.8/site-packages:/home/agilex/limo_ros2_ws/install/nav2_gazebo_spawner/lib/python3.8/site-packages:/home/agilex/limo_ros2_ws/install/nav2_common/lib/python3.8/site-packages:/home/agilex/limo_ros2_ws/install/limo_msgs/lib/python3.8/site-packages:/home/agilex/limo_ros2_ws/install/costmap_converter_msgs/lib/python3.8/site-packages:/home/agilex/limo_ros2_ws/install/astra_camera_msgs/lib/python3.8/site-packages:/opt/ros/foxy/lib/python3.8/site-packages /usr/bin/cmake --build /home/agilex/limo_ros2_ws/build/orbbec_camera -- -j6 -l6
[9.239s] [  8%] Built target orbbec_camera_node
[9.239s] [ 16%] Built target frame_latency
[9.239s] [ 24%] Built target frame_latency_node
[9.240s] [ 68%] Built target orbbec_camera
[9.240s] [ 80%] Built target list_depth_work_mode_node
[9.240s] [ 84%] Built target topic_statistics_node
[9.240s] [ 92%] Built target list_camera_profile_mode_node
[9.250s] [100%] Built target list_devices_node
[9.283s] Invoked command in '/home/agilex/limo_ros2_ws/build/orbbec_camera' returned '0': CMAKE_PREFIX_PATH=/home/agilex/limo_ros2_ws/install/orbbec_camera_msgs:/home/agilex/limo_ros2_ws/install/ydlidar_sdk:/home/agilex/limo_ros2_ws/install/ydlidar_ros2_driver:/home/agilex/limo_ros2_ws/install/teb_local_planner:/home/agilex/limo_ros2_ws/install/teb_msgs:/home/agilex/limo_ros2_ws/install/nav2_system_tests:/home/agilex/limo_ros2_ws/install/nav2_bringup:/home/agilex/limo_ros2_ws/install/navigation2:/home/agilex/limo_ros2_ws/install/smac_planner:/home/agilex/limo_ros2_ws/install/rf2o_laser_odometry:/home/agilex/limo_ros2_ws/install/orbbec_description:/home/agilex/limo_ros2_ws/install/orbbec_camera:/home/agilex/limo_ros2_ws/install/nav2_dwb_controller:/home/agilex/limo_ros2_ws/install/nav2_controller:/home/agilex/limo_ros2_ws/install/dwb_plugins:/home/agilex/limo_ros2_ws/install/dwb_critics:/home/agilex/limo_ros2_ws/install/dwb_core:/home/agilex/limo_ros2_ws/install/nav_2d_utils:/home/agilex/limo_ros2_ws/install/dwb_msgs:/home/agilex/limo_ros2_ws/install/nav_2d_msgs:/home/agilex/limo_ros2_ws/install/nav2_waypoint_follower:/home/agilex/limo_ros2_ws/install/nav2_regulated_pure_pursuit_controller:/home/agilex/limo_ros2_ws/install/nav2_recoveries:/home/agilex/limo_ros2_ws/install/nav2_planner:/home/agilex/limo_ros2_ws/install/nav2_navfn_planner:/home/agilex/limo_ros2_ws/install/nav2_core:/home/agilex/limo_ros2_ws/install/costmap_queue:/home/agilex/limo_ros2_ws/install/costmap_converter:/home/agilex/limo_ros2_ws/install/nav2_costmap_2d:/home/agilex/limo_ros2_ws/install/nav2_voxel_grid:/home/agilex/limo_ros2_ws/install/nav2_rviz_plugins:/home/agilex/limo_ros2_ws/install/nav2_map_server:/home/agilex/limo_ros2_ws/install/nav2_lifecycle_manager:/home/agilex/limo_ros2_ws/install/nav2_bt_navigator:/home/agilex/limo_ros2_ws/install/nav2_behavior_tree:/home/agilex/limo_ros2_ws/install/nav2_amcl:/home/agilex/limo_ros2_ws/install/nav2_util:/home/agilex/limo_ros2_ws/install/nav2_msgs:/home/agilex/limo_ros2_ws/install/nav2_common:/home/agilex/limo_ros2_ws/install/magic_enum:/home/agilex/limo_ros2_ws/install/limo_visions:/home/agilex/limo_ros2_ws/install/limo_bringup:/home/agilex/limo_ros2_ws/install/limo_base:/home/agilex/limo_ros2_ws/install/limo_msgs:/home/agilex/limo_ros2_ws/install/limo_description:/home/agilex/limo_ros2_ws/install/libuvc:/home/agilex/limo_ros2_ws/install/glog:/home/agilex/limo_ros2_ws/install/costmap_converter_msgs:/home/agilex/limo_ros2_ws/install/astra_camera_msgs:/home/agilex/limo_ros2_ws/install/nav2_gazebo_spawner:/opt/ros/foxy LD_LIBRARY_PATH=/home/agilex/limo_ros2_ws/install/orbbec_camera_msgs/lib:/home/agilex/limo_ros2_ws/install/teb_local_planner/lib:/home/agilex/limo_ros2_ws/install/teb_msgs/lib:/home/agilex/limo_ros2_ws/install/smac_planner/lib:/home/agilex/limo_ros2_ws/install/orbbec_camera/lib:/home/agilex/limo_ros2_ws/install/nav2_controller/lib:/home/agilex/limo_ros2_ws/install/dwb_plugins/lib:/home/agilex/limo_ros2_ws/install/dwb_critics/lib:/home/agilex/limo_ros2_ws/install/dwb_core/lib:/home/agilex/limo_ros2_ws/install/nav_2d_utils/lib:/home/agilex/limo_ros2_ws/install/dwb_msgs/lib:/home/agilex/limo_ros2_ws/install/nav_2d_msgs/lib:/home/agilex/limo_ros2_ws/install/nav2_waypoint_follower/lib:/home/agilex/limo_ros2_ws/install/nav2_regulated_pure_pursuit_controller/lib:/home/agilex/limo_ros2_ws/install/nav2_recoveries/lib:/home/agilex/limo_ros2_ws/install/nav2_planner/lib:/home/agilex/limo_ros2_ws/install/nav2_navfn_planner/lib:/home/agilex/limo_ros2_ws/install/costmap_queue/lib:/home/agilex/limo_ros2_ws/install/costmap_converter/lib:/home/agilex/limo_ros2_ws/install/nav2_costmap_2d/lib:/home/agilex/limo_ros2_ws/install/nav2_voxel_grid/lib:/home/agilex/limo_ros2_ws/install/nav2_rviz_plugins/lib:/home/agilex/limo_ros2_ws/install/nav2_map_server/lib:/home/agilex/limo_ros2_ws/install/nav2_lifecycle_manager/lib:/home/agilex/limo_ros2_ws/install/nav2_bt_navigator/lib:/home/agilex/limo_ros2_ws/install/nav2_behavior_tree/lib:/home/agilex/limo_ros2_ws/install/nav2_amcl/lib:/home/agilex/limo_ros2_ws/install/nav2_util/lib:/home/agilex/limo_ros2_ws/install/nav2_msgs/lib:/home/agilex/limo_ros2_ws/install/limo_msgs/lib:/home/agilex/limo_ros2_ws/install/libuvc/lib:/home/agilex/limo_ros2_ws/install/glog/lib:/home/agilex/limo_ros2_ws/install/costmap_converter_msgs/lib:/home/agilex/limo_ros2_ws/install/astra_camera_msgs/lib:/usr/lib/aarch64-linux-gnu/gazebo-11/plugins:/opt/ros/foxy/opt/yaml_cpp_vendor/lib:/opt/ros/foxy/opt/rviz_ogre_vendor/lib:/opt/ros/foxy/lib/aarch64-linux-gnu:/opt/ros/foxy/lib PYTHONPATH=/home/agilex/limo_ros2_ws/install/orbbec_camera_msgs/lib/python3.8/site-packages:/home/agilex/limo_ros2_ws/install/teb_msgs/lib/python3.8/site-packages:/home/agilex/limo_ros2_ws/install/dwb_msgs/lib/python3.8/site-packages:/home/agilex/limo_ros2_ws/install/nav_2d_msgs/lib/python3.8/site-packages:/home/agilex/limo_ros2_ws/install/nav2_msgs/lib/python3.8/site-packages:/home/agilex/limo_ros2_ws/install/nav2_gazebo_spawner/lib/python3.8/site-packages:/home/agilex/limo_ros2_ws/install/nav2_common/lib/python3.8/site-packages:/home/agilex/limo_ros2_ws/install/limo_msgs/lib/python3.8/site-packages:/home/agilex/limo_ros2_ws/install/costmap_converter_msgs/lib/python3.8/site-packages:/home/agilex/limo_ros2_ws/install/astra_camera_msgs/lib/python3.8/site-packages:/opt/ros/foxy/lib/python3.8/site-packages /usr/bin/cmake --build /home/agilex/limo_ros2_ws/build/orbbec_camera -- -j6 -l6
[9.561s] Invoking command in '/home/agilex/limo_ros2_ws/build/orbbec_camera': CMAKE_PREFIX_PATH=/home/agilex/limo_ros2_ws/install/orbbec_camera_msgs:/home/agilex/limo_ros2_ws/install/ydlidar_sdk:/home/agilex/limo_ros2_ws/install/ydlidar_ros2_driver:/home/agilex/limo_ros2_ws/install/teb_local_planner:/home/agilex/limo_ros2_ws/install/teb_msgs:/home/agilex/limo_ros2_ws/install/nav2_system_tests:/home/agilex/limo_ros2_ws/install/nav2_bringup:/home/agilex/limo_ros2_ws/install/navigation2:/home/agilex/limo_ros2_ws/install/smac_planner:/home/agilex/limo_ros2_ws/install/rf2o_laser_odometry:/home/agilex/limo_ros2_ws/install/orbbec_description:/home/agilex/limo_ros2_ws/install/orbbec_camera:/home/agilex/limo_ros2_ws/install/nav2_dwb_controller:/home/agilex/limo_ros2_ws/install/nav2_controller:/home/agilex/limo_ros2_ws/install/dwb_plugins:/home/agilex/limo_ros2_ws/install/dwb_critics:/home/agilex/limo_ros2_ws/install/dwb_core:/home/agilex/limo_ros2_ws/install/nav_2d_utils:/home/agilex/limo_ros2_ws/install/dwb_msgs:/home/agilex/limo_ros2_ws/install/nav_2d_msgs:/home/agilex/limo_ros2_ws/install/nav2_waypoint_follower:/home/agilex/limo_ros2_ws/install/nav2_regulated_pure_pursuit_controller:/home/agilex/limo_ros2_ws/install/nav2_recoveries:/home/agilex/limo_ros2_ws/install/nav2_planner:/home/agilex/limo_ros2_ws/install/nav2_navfn_planner:/home/agilex/limo_ros2_ws/install/nav2_core:/home/agilex/limo_ros2_ws/install/costmap_queue:/home/agilex/limo_ros2_ws/install/costmap_converter:/home/agilex/limo_ros2_ws/install/nav2_costmap_2d:/home/agilex/limo_ros2_ws/install/nav2_voxel_grid:/home/agilex/limo_ros2_ws/install/nav2_rviz_plugins:/home/agilex/limo_ros2_ws/install/nav2_map_server:/home/agilex/limo_ros2_ws/install/nav2_lifecycle_manager:/home/agilex/limo_ros2_ws/install/nav2_bt_navigator:/home/agilex/limo_ros2_ws/install/nav2_behavior_tree:/home/agilex/limo_ros2_ws/install/nav2_amcl:/home/agilex/limo_ros2_ws/install/nav2_util:/home/agilex/limo_ros2_ws/install/nav2_msgs:/home/agilex/limo_ros2_ws/install/nav2_common:/home/agilex/limo_ros2_ws/install/magic_enum:/home/agilex/limo_ros2_ws/install/limo_visions:/home/agilex/limo_ros2_ws/install/limo_bringup:/home/agilex/limo_ros2_ws/install/limo_base:/home/agilex/limo_ros2_ws/install/limo_msgs:/home/agilex/limo_ros2_ws/install/limo_description:/home/agilex/limo_ros2_ws/install/libuvc:/home/agilex/limo_ros2_ws/install/glog:/home/agilex/limo_ros2_ws/install/costmap_converter_msgs:/home/agilex/limo_ros2_ws/install/astra_camera_msgs:/home/agilex/limo_ros2_ws/install/nav2_gazebo_spawner:/opt/ros/foxy LD_LIBRARY_PATH=/home/agilex/limo_ros2_ws/install/orbbec_camera_msgs/lib:/home/agilex/limo_ros2_ws/install/teb_local_planner/lib:/home/agilex/limo_ros2_ws/install/teb_msgs/lib:/home/agilex/limo_ros2_ws/install/smac_planner/lib:/home/agilex/limo_ros2_ws/install/orbbec_camera/lib:/home/agilex/limo_ros2_ws/install/nav2_controller/lib:/home/agilex/limo_ros2_ws/install/dwb_plugins/lib:/home/agilex/limo_ros2_ws/install/dwb_critics/lib:/home/agilex/limo_ros2_ws/install/dwb_core/lib:/home/agilex/limo_ros2_ws/install/nav_2d_utils/lib:/home/agilex/limo_ros2_ws/install/dwb_msgs/lib:/home/agilex/limo_ros2_ws/install/nav_2d_msgs/lib:/home/agilex/limo_ros2_ws/install/nav2_waypoint_follower/lib:/home/agilex/limo_ros2_ws/install/nav2_regulated_pure_pursuit_controller/lib:/home/agilex/limo_ros2_ws/install/nav2_recoveries/lib:/home/agilex/limo_ros2_ws/install/nav2_planner/lib:/home/agilex/limo_ros2_ws/install/nav2_navfn_planner/lib:/home/agilex/limo_ros2_ws/install/costmap_queue/lib:/home/agilex/limo_ros2_ws/install/costmap_converter/lib:/home/agilex/limo_ros2_ws/install/nav2_costmap_2d/lib:/home/agilex/limo_ros2_ws/install/nav2_voxel_grid/lib:/home/agilex/limo_ros2_ws/install/nav2_rviz_plugins/lib:/home/agilex/limo_ros2_ws/install/nav2_map_server/lib:/home/agilex/limo_ros2_ws/install/nav2_lifecycle_manager/lib:/home/agilex/limo_ros2_ws/install/nav2_bt_navigator/lib:/home/agilex/limo_ros2_ws/install/nav2_behavior_tree/lib:/home/agilex/limo_ros2_ws/install/nav2_amcl/lib:/home/agilex/limo_ros2_ws/install/nav2_util/lib:/home/agilex/limo_ros2_ws/install/nav2_msgs/lib:/home/agilex/limo_ros2_ws/install/limo_msgs/lib:/home/agilex/limo_ros2_ws/install/libuvc/lib:/home/agilex/limo_ros2_ws/install/glog/lib:/home/agilex/limo_ros2_ws/install/costmap_converter_msgs/lib:/home/agilex/limo_ros2_ws/install/astra_camera_msgs/lib:/usr/lib/aarch64-linux-gnu/gazebo-11/plugins:/opt/ros/foxy/opt/yaml_cpp_vendor/lib:/opt/ros/foxy/opt/rviz_ogre_vendor/lib:/opt/ros/foxy/lib/aarch64-linux-gnu:/opt/ros/foxy/lib PYTHONPATH=/home/agilex/limo_ros2_ws/install/orbbec_camera_msgs/lib/python3.8/site-packages:/home/agilex/limo_ros2_ws/install/teb_msgs/lib/python3.8/site-packages:/home/agilex/limo_ros2_ws/install/dwb_msgs/lib/python3.8/site-packages:/home/agilex/limo_ros2_ws/install/nav_2d_msgs/lib/python3.8/site-packages:/home/agilex/limo_ros2_ws/install/nav2_msgs/lib/python3.8/site-packages:/home/agilex/limo_ros2_ws/install/nav2_gazebo_spawner/lib/python3.8/site-packages:/home/agilex/limo_ros2_ws/install/nav2_common/lib/python3.8/site-packages:/home/agilex/limo_ros2_ws/install/limo_msgs/lib/python3.8/site-packages:/home/agilex/limo_ros2_ws/install/costmap_converter_msgs/lib/python3.8/site-packages:/home/agilex/limo_ros2_ws/install/astra_camera_msgs/lib/python3.8/site-packages:/opt/ros/foxy/lib/python3.8/site-packages /usr/bin/cmake --install /home/agilex/limo_ros2_ws/build/orbbec_camera
[9.624s] -- Install configuration: "Release"
[9.626s] -- Up-to-date: /home/agilex/limo_ros2_ws/install/orbbec_camera/lib/orbbec_camera/orbbec_camera_node
[9.627s] -- Up-to-date: /home/agilex/limo_ros2_ws/install/orbbec_camera/lib/orbbec_camera/frame_latency_node
[9.628s] -- Up-to-date: /home/agilex/limo_ros2_ws/install/orbbec_camera/lib/liborbbec_camera.so
[9.630s] -- Up-to-date: /home/agilex/limo_ros2_ws/install/orbbec_camera/lib/libframe_latency.so
[9.630s] -- Up-to-date: /home/agilex/limo_ros2_ws/install/orbbec_camera/include
[9.630s] -- Up-to-date: /home/agilex/limo_ros2_ws/install/orbbec_camera/include/magic_enum
[9.630s] -- Up-to-date: /home/agilex/limo_ros2_ws/install/orbbec_camera/include/magic_enum/magic_enum.hpp
[9.631s] -- Up-to-date: /home/agilex/limo_ros2_ws/install/orbbec_camera/include/orbbec_camera
[9.631s] -- Up-to-date: /home/agilex/limo_ros2_ws/install/orbbec_camera/include/orbbec_camera/ros_param_backend.h
[9.631s] -- Up-to-date: /home/agilex/limo_ros2_ws/install/orbbec_camera/include/orbbec_camera/utils.h
[9.631s] -- Up-to-date: /home/agilex/limo_ros2_ws/install/orbbec_camera/include/orbbec_camera/ob_camera_node_driver.h
[9.631s] -- Up-to-date: /home/agilex/limo_ros2_ws/install/orbbec_camera/include/orbbec_camera/jpeg_decoder.h
[9.631s] -- Up-to-date: /home/agilex/limo_ros2_ws/install/orbbec_camera/include/orbbec_camera/jetson_nv_decoder.h
[9.631s] -- Up-to-date: /home/agilex/limo_ros2_ws/install/orbbec_camera/include/orbbec_camera/image_publisher.h
[9.632s] -- Up-to-date: /home/agilex/limo_ros2_ws/install/orbbec_camera/include/orbbec_camera/ob_camera_node.h
[9.632s] -- Up-to-date: /home/agilex/limo_ros2_ws/install/orbbec_camera/include/orbbec_camera/synced_imu_publisher.h
[9.632s] -- Up-to-date: /home/agilex/limo_ros2_ws/install/orbbec_camera/include/orbbec_camera/d2c_viewer.h
[9.632s] -- Up-to-date: /home/agilex/limo_ros2_ws/install/orbbec_camera/include/orbbec_camera/rk_mpp_decoder.h
[9.632s] -- Up-to-date: /home/agilex/limo_ros2_ws/install/orbbec_camera/include/orbbec_camera/dynamic_params.h
[9.632s] -- Up-to-date: /home/agilex/limo_ros2_ws/install/orbbec_camera/include/orbbec_camera/constants.h
[9.635s] -- Up-to-date: /home/agilex/limo_ros2_ws/install/orbbec_camera/share/orbbec_camera//launch
[9.635s] -- Up-to-date: /home/agilex/limo_ros2_ws/install/orbbec_camera/share/orbbec_camera//launch/dabai_dw.launch.py
[9.636s] -- Up-to-date: /home/agilex/limo_ros2_ws/install/orbbec_camera/share/orbbec_camera//launch/ob_camera.launch.py
[9.636s] -- Up-to-date: /home/agilex/limo_ros2_ws/install/orbbec_camera/share/orbbec_camera//launch/femto_mega.launch.py
[9.636s] -- Up-to-date: /home/agilex/limo_ros2_ws/install/orbbec_camera/share/orbbec_camera//launch/dabai_pro.launch.py
[9.636s] -- Up-to-date: /home/agilex/limo_ros2_ws/install/orbbec_camera/share/orbbec_camera//launch/gemini_330_series.launch.py
[9.636s] -- Up-to-date: /home/agilex/limo_ros2_ws/install/orbbec_camera/share/orbbec_camera//launch/gemini_uw.launch.py
[9.636s] -- Up-to-date: /home/agilex/limo_ros2_ws/install/orbbec_camera/share/orbbec_camera//launch/dabai_dcw.launch.py
[9.637s] -- Up-to-date: /home/agilex/limo_ros2_ws/install/orbbec_camera/share/orbbec_camera//launch/dabai_max_pro.launch.py
[9.637s] -- Up-to-date: /home/agilex/limo_ros2_ws/install/orbbec_camera/share/orbbec_camera//launch/dabai_max.launch.py
[9.637s] -- Up-to-date: /home/agilex/limo_ros2_ws/install/orbbec_camera/share/orbbec_camera//launch/astra_adv.launch.py
[9.637s] -- Up-to-date: /home/agilex/limo_ros2_ws/install/orbbec_camera/share/orbbec_camera//launch/gemini_ew.launch.py
[9.637s] -- Up-to-date: /home/agilex/limo_ros2_ws/install/orbbec_camera/share/orbbec_camera//launch/gemini2XL.launch.py
[9.637s] -- Up-to-date: /home/agilex/limo_ros2_ws/install/orbbec_camera/share/orbbec_camera//launch/gemini2L.launch.py
[9.637s] -- Up-to-date: /home/agilex/limo_ros2_ws/install/orbbec_camera/share/orbbec_camera//launch/dabai_dw2.launch.py
[9.638s] -- Up-to-date: /home/agilex/limo_ros2_ws/install/orbbec_camera/share/orbbec_camera//launch/femto.launch.py
[9.638s] -- Up-to-date: /home/agilex/limo_ros2_ws/install/orbbec_camera/share/orbbec_camera//launch/gemini_e.launch.py
[9.638s] -- Up-to-date: /home/agilex/limo_ros2_ws/install/orbbec_camera/share/orbbec_camera//launch/astra.launch.py
[9.638s] -- Up-to-date: /home/agilex/limo_ros2_ws/install/orbbec_camera/share/orbbec_camera//launch/astra_stereo_u3.launch.py
[9.638s] -- Up-to-date: /home/agilex/limo_ros2_ws/install/orbbec_camera/share/orbbec_camera//launch/gemini_ew_lite.launch.py
[9.638s] -- Up-to-date: /home/agilex/limo_ros2_ws/install/orbbec_camera/share/orbbec_camera//launch/dabai_d1.launch.py
[9.638s] -- Up-to-date: /home/agilex/limo_ros2_ws/install/orbbec_camera/share/orbbec_camera//launch/femto_bolt.launch.py
[9.638s] -- Up-to-date: /home/agilex/limo_ros2_ws/install/orbbec_camera/share/orbbec_camera//launch/dabai_dcw2.launch.py
[9.639s] -- Up-to-date: /home/agilex/limo_ros2_ws/install/orbbec_camera/share/orbbec_camera//launch/gemini2.launch.py
[9.639s] -- Up-to-date: /home/agilex/limo_ros2_ws/install/orbbec_camera/share/orbbec_camera//launch/multi_camera.launch.py
[9.639s] -- Up-to-date: /home/agilex/limo_ros2_ws/install/orbbec_camera/share/orbbec_camera//launch/gemini_intra_process_demo_launch.py
[9.639s] -- Up-to-date: /home/agilex/limo_ros2_ws/install/orbbec_camera/share/orbbec_camera//launch/astra_pro2.launch.py
[9.639s] -- Up-to-date: /home/agilex/limo_ros2_ws/install/orbbec_camera/share/orbbec_camera//launch/dabai.launch.py
[9.641s] -- Up-to-date: /home/agilex/limo_ros2_ws/install/orbbec_camera/share/orbbec_camera//launch/multi_camera_synced.launch.py
[9.641s] -- Up-to-date: /home/agilex/limo_ros2_ws/install/orbbec_camera/share/orbbec_camera//launch/dabai_dcl.py
[9.641s] -- Up-to-date: /home/agilex/limo_ros2_ws/install/orbbec_camera/share/orbbec_camera//launch/gemini_e_lite.launch.py
[9.641s] -- Up-to-date: /home/agilex/limo_ros2_ws/install/orbbec_camera/share/orbbec_camera//launch/astra_embedded_s.launch.py
[9.642s] -- Up-to-date: /home/agilex/limo_ros2_ws/install/orbbec_camera/share/orbbec_camera//launch/astra2.launch.py
[9.642s] -- Up-to-date: /home/agilex/limo_ros2_ws/install/orbbec_camera/share/orbbec_camera//launch/gemini2VL.launch.py
[9.642s] -- Up-to-date: /home/agilex/limo_ros2_ws/install/orbbec_camera/share/orbbec_camera//launch/deeya.launch.py
[9.642s] -- Up-to-date: /home/agilex/limo_ros2_ws/install/orbbec_camera/share/orbbec_camera//config
[9.643s] -- Up-to-date: /home/agilex/limo_ros2_ws/install/orbbec_camera/share/orbbec_camera//config/OrbbecSDKConfig_v1.0.xml
[9.643s] -- Up-to-date: /home/agilex/limo_ros2_ws/install/orbbec_camera/share/orbbec_camera//config/.gitkeep
[9.643s] -- Up-to-date: /home/agilex/limo_ros2_ws/install/orbbec_camera/share/orbbec_camera//config/depthfilter
[9.643s] -- Up-to-date: /home/agilex/limo_ros2_ws/install/orbbec_camera/share/orbbec_camera//config/depthfilter/Gemini2_v1.7.json
[9.644s] -- Up-to-date: /home/agilex/limo_ros2_ws/install/orbbec_camera/share/orbbec_camera//config/depthfilter/Openni_device.json
[9.644s] -- Up-to-date: /home/agilex/limo_ros2_ws/install/orbbec_camera/share/orbbec_camera//config/camera_params.yaml
[9.644s] -- Up-to-date: /home/agilex/limo_ros2_ws/install/orbbec_camera/include
[9.644s] -- Up-to-date: /home/agilex/limo_ros2_ws/install/orbbec_camera/include/libobsensor
[9.644s] -- Up-to-date: /home/agilex/limo_ros2_ws/install/orbbec_camera/include/libobsensor/ObSensor.h
[9.645s] -- Up-to-date: /home/agilex/limo_ros2_ws/install/orbbec_camera/include/libobsensor/ObSensor.hpp
[9.645s] -- Up-to-date: /home/agilex/limo_ros2_ws/install/orbbec_camera/include/libobsensor/hpp
[9.645s] -- Up-to-date: /home/agilex/limo_ros2_ws/install/orbbec_camera/include/libobsensor/hpp/Context.hpp
[9.645s] -- Up-to-date: /home/agilex/limo_ros2_ws/install/orbbec_camera/include/libobsensor/hpp/Device.hpp
[9.645s] -- Up-to-date: /home/agilex/limo_ros2_ws/install/orbbec_camera/include/libobsensor/hpp/RecordPlayback.hpp
[9.645s] -- Up-to-date: /home/agilex/limo_ros2_ws/install/orbbec_camera/include/libobsensor/hpp/Sensor.hpp
[9.646s] -- Up-to-date: /home/agilex/limo_ros2_ws/install/orbbec_camera/include/libobsensor/hpp/Types.hpp
[9.646s] -- Up-to-date: /home/agilex/limo_ros2_ws/install/orbbec_camera/include/libobsensor/hpp/Utils.hpp
[9.646s] -- Up-to-date: /home/agilex/limo_ros2_ws/install/orbbec_camera/include/libobsensor/hpp/Filter.hpp
[9.646s] -- Up-to-date: /home/agilex/limo_ros2_ws/install/orbbec_camera/include/libobsensor/hpp/Version.hpp
[9.646s] -- Up-to-date: /home/agilex/limo_ros2_ws/install/orbbec_camera/include/libobsensor/hpp/StreamProfile.hpp
[9.646s] -- Up-to-date: /home/agilex/limo_ros2_ws/install/orbbec_camera/include/libobsensor/hpp/Frame.hpp
[9.646s] -- Up-to-date: /home/agilex/limo_ros2_ws/install/orbbec_camera/include/libobsensor/hpp/Pipeline.hpp
[9.646s] -- Up-to-date: /home/agilex/limo_ros2_ws/install/orbbec_camera/include/libobsensor/hpp/Error.hpp
[9.647s] -- Up-to-date: /home/agilex/limo_ros2_ws/install/orbbec_camera/include/libobsensor/h
[9.647s] -- Up-to-date: /home/agilex/limo_ros2_ws/install/orbbec_camera/include/libobsensor/h/Sensor.h
[9.647s] -- Up-to-date: /home/agilex/limo_ros2_ws/install/orbbec_camera/include/libobsensor/h/Pipeline.h
[9.647s] -- Up-to-date: /home/agilex/limo_ros2_ws/install/orbbec_camera/include/libobsensor/h/Property.h
[9.647s] -- Up-to-date: /home/agilex/limo_ros2_ws/install/orbbec_camera/include/libobsensor/h/ObTypes.h
[9.647s] -- Up-to-date: /home/agilex/limo_ros2_ws/install/orbbec_camera/include/libobsensor/h/Error.h
[9.647s] -- Up-to-date: /home/agilex/limo_ros2_ws/install/orbbec_camera/include/libobsensor/h/Version.h
[9.647s] -- Up-to-date: /home/agilex/limo_ros2_ws/install/orbbec_camera/include/libobsensor/h/Device.h
[9.655s] -- Up-to-date: /home/agilex/limo_ros2_ws/install/orbbec_camera/include/libobsensor/h/Frame.h
[9.655s] -- Up-to-date: /home/agilex/limo_ros2_ws/install/orbbec_camera/include/libobsensor/h/Filter.h
[9.655s] -- Up-to-date: /home/agilex/limo_ros2_ws/install/orbbec_camera/include/libobsensor/h/Utils.h
[9.655s] -- Up-to-date: /home/agilex/limo_ros2_ws/install/orbbec_camera/include/libobsensor/h/Context.h
[9.656s] -- Up-to-date: /home/agilex/limo_ros2_ws/install/orbbec_camera/include/libobsensor/h/RecordPlayback.h
[9.656s] -- Up-to-date: /home/agilex/limo_ros2_ws/install/orbbec_camera/include/libobsensor/h/MultipleDevices.h
[9.656s] -- Up-to-date: /home/agilex/limo_ros2_ws/install/orbbec_camera/include/libobsensor/h/StreamProfile.h
[9.656s] -- Up-to-date: /home/agilex/limo_ros2_ws/install/orbbec_camera/lib/
[9.656s] -- Up-to-date: /home/agilex/limo_ros2_ws/install/orbbec_camera/lib//libdepthengine.so
[9.656s] -- Up-to-date: /home/agilex/limo_ros2_ws/install/orbbec_camera/lib//liblive555.so
[9.657s] -- Up-to-date: /home/agilex/limo_ros2_ws/install/orbbec_camera/lib//libOrbbecSDK.so.1.10
[9.657s] -- Up-to-date: /home/agilex/limo_ros2_ws/install/orbbec_camera/lib//libdepthengine.so.2.0
[9.657s] -- Up-to-date: /home/agilex/limo_ros2_ws/install/orbbec_camera/lib//libob_usb.so
[9.657s] -- Up-to-date: /home/agilex/limo_ros2_ws/install/orbbec_camera/lib//libOrbbecSDK.so
[9.657s] -- Up-to-date: /home/agilex/limo_ros2_ws/install/orbbec_camera/lib//libOrbbecSDK.so.1.10.12
[9.657s] -- Up-to-date: /home/agilex/limo_ros2_ws/install/orbbec_camera/lib/orbbec_camera/list_devices_node
[9.657s] -- Up-to-date: /home/agilex/limo_ros2_ws/install/orbbec_camera/lib/orbbec_camera/list_depth_work_mode_node
[9.658s] -- Up-to-date: /home/agilex/limo_ros2_ws/install/orbbec_camera/lib/orbbec_camera/list_camera_profile_mode_node
[9.658s] -- Up-to-date: /home/agilex/limo_ros2_ws/install/orbbec_camera/lib/orbbec_camera/topic_statistics_node
[9.658s] -- Up-to-date: /home/agilex/limo_ros2_ws/install/orbbec_camera/share/orbbec_camera/environment/library_path.sh
[9.658s] -- Installing: /home/agilex/limo_ros2_ws/install/orbbec_camera/share/orbbec_camera/environment/library_path.dsv
[9.658s] -- Up-to-date: /home/agilex/limo_ros2_ws/install/orbbec_camera/share/ament_index/resource_index/package_run_dependencies/orbbec_camera
[9.658s] -- Up-to-date: /home/agilex/limo_ros2_ws/install/orbbec_camera/share/ament_index/resource_index/parent_prefix_path/orbbec_camera
[9.658s] -- Up-to-date: /home/agilex/limo_ros2_ws/install/orbbec_camera/share/orbbec_camera/environment/ament_prefix_path.sh
[9.659s] -- Installing: /home/agilex/limo_ros2_ws/install/orbbec_camera/share/orbbec_camera/environment/ament_prefix_path.dsv
[9.659s] -- Up-to-date: /home/agilex/limo_ros2_ws/install/orbbec_camera/share/orbbec_camera/environment/path.sh
[9.659s] -- Installing: /home/agilex/limo_ros2_ws/install/orbbec_camera/share/orbbec_camera/environment/path.dsv
[9.659s] -- Up-to-date: /home/agilex/limo_ros2_ws/install/orbbec_camera/share/orbbec_camera/local_setup.bash
[9.659s] -- Up-to-date: /home/agilex/limo_ros2_ws/install/orbbec_camera/share/orbbec_camera/local_setup.sh
[9.660s] -- Up-to-date: /home/agilex/limo_ros2_ws/install/orbbec_camera/share/orbbec_camera/local_setup.zsh
[9.660s] -- Installing: /home/agilex/limo_ros2_ws/install/orbbec_camera/share/orbbec_camera/local_setup.dsv
[9.660s] -- Installing: /home/agilex/limo_ros2_ws/install/orbbec_camera/share/orbbec_camera/package.dsv
[9.660s] -- Up-to-date: /home/agilex/limo_ros2_ws/install/orbbec_camera/share/ament_index/resource_index/packages/orbbec_camera
[9.660s] -- Up-to-date: /home/agilex/limo_ros2_ws/install/orbbec_camera/share/ament_index/resource_index/rclcpp_components/orbbec_camera
[9.660s] -- Up-to-date: /home/agilex/limo_ros2_ws/install/orbbec_camera/share/orbbec_camera/cmake/ament_cmake_export_include_directories-extras.cmake
[9.660s] -- Up-to-date: /home/agilex/limo_ros2_ws/install/orbbec_camera/share/orbbec_camera/cmake/ament_cmake_export_libraries-extras.cmake
[9.660s] -- Up-to-date: /home/agilex/limo_ros2_ws/install/orbbec_camera/share/orbbec_camera/cmake/ament_cmake_export_dependencies-extras.cmake
[9.660s] -- Up-to-date: /home/agilex/limo_ros2_ws/install/orbbec_camera/share/orbbec_camera/cmake/orbbec_cameraConfig.cmake
[9.661s] -- Up-to-date: /home/agilex/limo_ros2_ws/install/orbbec_camera/share/orbbec_camera/cmake/orbbec_cameraConfig-version.cmake
[9.661s] -- Up-to-date: /home/agilex/limo_ros2_ws/install/orbbec_camera/share/orbbec_camera/package.xml
[9.668s] Invoked command in '/home/agilex/limo_ros2_ws/build/orbbec_camera' returned '0': CMAKE_PREFIX_PATH=/home/agilex/limo_ros2_ws/install/orbbec_camera_msgs:/home/agilex/limo_ros2_ws/install/ydlidar_sdk:/home/agilex/limo_ros2_ws/install/ydlidar_ros2_driver:/home/agilex/limo_ros2_ws/install/teb_local_planner:/home/agilex/limo_ros2_ws/install/teb_msgs:/home/agilex/limo_ros2_ws/install/nav2_system_tests:/home/agilex/limo_ros2_ws/install/nav2_bringup:/home/agilex/limo_ros2_ws/install/navigation2:/home/agilex/limo_ros2_ws/install/smac_planner:/home/agilex/limo_ros2_ws/install/rf2o_laser_odometry:/home/agilex/limo_ros2_ws/install/orbbec_description:/home/agilex/limo_ros2_ws/install/orbbec_camera:/home/agilex/limo_ros2_ws/install/nav2_dwb_controller:/home/agilex/limo_ros2_ws/install/nav2_controller:/home/agilex/limo_ros2_ws/install/dwb_plugins:/home/agilex/limo_ros2_ws/install/dwb_critics:/home/agilex/limo_ros2_ws/install/dwb_core:/home/agilex/limo_ros2_ws/install/nav_2d_utils:/home/agilex/limo_ros2_ws/install/dwb_msgs:/home/agilex/limo_ros2_ws/install/nav_2d_msgs:/home/agilex/limo_ros2_ws/install/nav2_waypoint_follower:/home/agilex/limo_ros2_ws/install/nav2_regulated_pure_pursuit_controller:/home/agilex/limo_ros2_ws/install/nav2_recoveries:/home/agilex/limo_ros2_ws/install/nav2_planner:/home/agilex/limo_ros2_ws/install/nav2_navfn_planner:/home/agilex/limo_ros2_ws/install/nav2_core:/home/agilex/limo_ros2_ws/install/costmap_queue:/home/agilex/limo_ros2_ws/install/costmap_converter:/home/agilex/limo_ros2_ws/install/nav2_costmap_2d:/home/agilex/limo_ros2_ws/install/nav2_voxel_grid:/home/agilex/limo_ros2_ws/install/nav2_rviz_plugins:/home/agilex/limo_ros2_ws/install/nav2_map_server:/home/agilex/limo_ros2_ws/install/nav2_lifecycle_manager:/home/agilex/limo_ros2_ws/install/nav2_bt_navigator:/home/agilex/limo_ros2_ws/install/nav2_behavior_tree:/home/agilex/limo_ros2_ws/install/nav2_amcl:/home/agilex/limo_ros2_ws/install/nav2_util:/home/agilex/limo_ros2_ws/install/nav2_msgs:/home/agilex/limo_ros2_ws/install/nav2_common:/home/agilex/limo_ros2_ws/install/magic_enum:/home/agilex/limo_ros2_ws/install/limo_visions:/home/agilex/limo_ros2_ws/install/limo_bringup:/home/agilex/limo_ros2_ws/install/limo_base:/home/agilex/limo_ros2_ws/install/limo_msgs:/home/agilex/limo_ros2_ws/install/limo_description:/home/agilex/limo_ros2_ws/install/libuvc:/home/agilex/limo_ros2_ws/install/glog:/home/agilex/limo_ros2_ws/install/costmap_converter_msgs:/home/agilex/limo_ros2_ws/install/astra_camera_msgs:/home/agilex/limo_ros2_ws/install/nav2_gazebo_spawner:/opt/ros/foxy LD_LIBRARY_PATH=/home/agilex/limo_ros2_ws/install/orbbec_camera_msgs/lib:/home/agilex/limo_ros2_ws/install/teb_local_planner/lib:/home/agilex/limo_ros2_ws/install/teb_msgs/lib:/home/agilex/limo_ros2_ws/install/smac_planner/lib:/home/agilex/limo_ros2_ws/install/orbbec_camera/lib:/home/agilex/limo_ros2_ws/install/nav2_controller/lib:/home/agilex/limo_ros2_ws/install/dwb_plugins/lib:/home/agilex/limo_ros2_ws/install/dwb_critics/lib:/home/agilex/limo_ros2_ws/install/dwb_core/lib:/home/agilex/limo_ros2_ws/install/nav_2d_utils/lib:/home/agilex/limo_ros2_ws/install/dwb_msgs/lib:/home/agilex/limo_ros2_ws/install/nav_2d_msgs/lib:/home/agilex/limo_ros2_ws/install/nav2_waypoint_follower/lib:/home/agilex/limo_ros2_ws/install/nav2_regulated_pure_pursuit_controller/lib:/home/agilex/limo_ros2_ws/install/nav2_recoveries/lib:/home/agilex/limo_ros2_ws/install/nav2_planner/lib:/home/agilex/limo_ros2_ws/install/nav2_navfn_planner/lib:/home/agilex/limo_ros2_ws/install/costmap_queue/lib:/home/agilex/limo_ros2_ws/install/costmap_converter/lib:/home/agilex/limo_ros2_ws/install/nav2_costmap_2d/lib:/home/agilex/limo_ros2_ws/install/nav2_voxel_grid/lib:/home/agilex/limo_ros2_ws/install/nav2_rviz_plugins/lib:/home/agilex/limo_ros2_ws/install/nav2_map_server/lib:/home/agilex/limo_ros2_ws/install/nav2_lifecycle_manager/lib:/home/agilex/limo_ros2_ws/install/nav2_bt_navigator/lib:/home/agilex/limo_ros2_ws/install/nav2_behavior_tree/lib:/home/agilex/limo_ros2_ws/install/nav2_amcl/lib:/home/agilex/limo_ros2_ws/install/nav2_util/lib:/home/agilex/limo_ros2_ws/install/nav2_msgs/lib:/home/agilex/limo_ros2_ws/install/limo_msgs/lib:/home/agilex/limo_ros2_ws/install/libuvc/lib:/home/agilex/limo_ros2_ws/install/glog/lib:/home/agilex/limo_ros2_ws/install/costmap_converter_msgs/lib:/home/agilex/limo_ros2_ws/install/astra_camera_msgs/lib:/usr/lib/aarch64-linux-gnu/gazebo-11/plugins:/opt/ros/foxy/opt/yaml_cpp_vendor/lib:/opt/ros/foxy/opt/rviz_ogre_vendor/lib:/opt/ros/foxy/lib/aarch64-linux-gnu:/opt/ros/foxy/lib PYTHONPATH=/home/agilex/limo_ros2_ws/install/orbbec_camera_msgs/lib/python3.8/site-packages:/home/agilex/limo_ros2_ws/install/teb_msgs/lib/python3.8/site-packages:/home/agilex/limo_ros2_ws/install/dwb_msgs/lib/python3.8/site-packages:/home/agilex/limo_ros2_ws/install/nav_2d_msgs/lib/python3.8/site-packages:/home/agilex/limo_ros2_ws/install/nav2_msgs/lib/python3.8/site-packages:/home/agilex/limo_ros2_ws/install/nav2_gazebo_spawner/lib/python3.8/site-packages:/home/agilex/limo_ros2_ws/install/nav2_common/lib/python3.8/site-packages:/home/agilex/limo_ros2_ws/install/limo_msgs/lib/python3.8/site-packages:/home/agilex/limo_ros2_ws/install/costmap_converter_msgs/lib/python3.8/site-packages:/home/agilex/limo_ros2_ws/install/astra_camera_msgs/lib/python3.8/site-packages:/opt/ros/foxy/lib/python3.8/site-packages /usr/bin/cmake --install /home/agilex/limo_ros2_ws/build/orbbec_camera
