[0.080s] Invoking command in '/home/agilex/limo_ros2_ws/src/build/costmap_converter': AMENT_PREFIX_PATH=/home/agilex/limo_ros2_ws/src/install/nav2_costmap_2d:/home/agilex/limo_ros2_ws/src/install/nav2_util:/home/agilex/limo_ros2_ws/src/install/nav2_voxel_grid:/home/agilex/limo_ros2_ws/src/install/nav2_msgs:/home/agilex/limo_ros2_ws/src/install/nav2_common:/home/agilex/limo_ros2_ws/src/install/costmap_converter_msgs:${AMENT_PREFIX_PATH} CMAKE_PREFIX_PATH=/home/agilex/limo_ros2_ws/src/install/nav2_costmap_2d:/home/agilex/limo_ros2_ws/src/install/nav2_util:/home/agilex/limo_ros2_ws/src/install/nav2_voxel_grid:/home/agilex/limo_ros2_ws/src/install/nav2_msgs:/home/agilex/limo_ros2_ws/src/install/nav2_common:/home/agilex/limo_ros2_ws/src/install/costmap_converter_msgs:/home/agilex/limo_ros2_ws/install/ydlidar_sdk:/home/agilex/limo_ros2_ws/install/ydlidar_ros2_driver:/home/agilex/limo_ros2_ws/install/teb_local_planner:/home/agilex/limo_ros2_ws/install/teb_msgs:/home/agilex/limo_ros2_ws/install/nav2_system_tests:/home/agilex/limo_ros2_ws/install/nav2_bringup:/home/agilex/limo_ros2_ws/install/navigation2:/home/agilex/limo_ros2_ws/install/smac_planner:/home/agilex/limo_ros2_ws/install/rf2o_laser_odometry:/home/agilex/limo_ros2_ws/install/orbbec_description:/home/agilex/limo_ros2_ws/install/orbbec_camera:/home/agilex/limo_ros2_ws/install/orbbec_camera_msgs:/home/agilex/limo_ros2_ws/install/nav2_dwb_controller:/home/agilex/limo_ros2_ws/install/nav2_controller:/home/agilex/limo_ros2_ws/install/dwb_plugins:/home/agilex/limo_ros2_ws/install/dwb_critics:/home/agilex/limo_ros2_ws/install/dwb_core:/home/agilex/limo_ros2_ws/install/nav_2d_utils:/home/agilex/limo_ros2_ws/install/dwb_msgs:/home/agilex/limo_ros2_ws/install/nav_2d_msgs:/home/agilex/limo_ros2_ws/install/nav2_waypoint_follower:/home/agilex/limo_ros2_ws/install/nav2_regulated_pure_pursuit_controller:/home/agilex/limo_ros2_ws/install/nav2_recoveries:/home/agilex/limo_ros2_ws/install/nav2_planner:/home/agilex/limo_ros2_ws/install/nav2_navfn_planner:/home/agilex/limo_ros2_ws/install/nav2_core:/home/agilex/limo_ros2_ws/install/costmap_queue:/home/agilex/limo_ros2_ws/install/costmap_converter:/home/agilex/limo_ros2_ws/install/nav2_costmap_2d:/home/agilex/limo_ros2_ws/install/nav2_voxel_grid:/home/agilex/limo_ros2_ws/install/nav2_rviz_plugins:/home/agilex/limo_ros2_ws/install/nav2_map_server:/home/agilex/limo_ros2_ws/install/nav2_lifecycle_manager:/home/agilex/limo_ros2_ws/install/nav2_bt_navigator:/home/agilex/limo_ros2_ws/install/nav2_behavior_tree:/home/agilex/limo_ros2_ws/install/nav2_amcl:/home/agilex/limo_ros2_ws/install/nav2_util:/home/agilex/limo_ros2_ws/install/nav2_msgs:/home/agilex/limo_ros2_ws/install/nav2_common:/home/agilex/limo_ros2_ws/install/magic_enum:/home/agilex/limo_ros2_ws/install/limo_visions:/home/agilex/limo_ros2_ws/install/limo_bringup:/home/agilex/limo_ros2_ws/install/limo_base:/home/agilex/limo_ros2_ws/install/limo_msgs:/home/agilex/limo_ros2_ws/install/limo_description:/home/agilex/limo_ros2_ws/install/libuvc:/home/agilex/limo_ros2_ws/install/glog:/home/agilex/limo_ros2_ws/install/costmap_converter_msgs:/home/agilex/limo_ros2_ws/install/astra_camera:/home/agilex/limo_ros2_ws/install/astra_camera_msgs:/home/agilex/limo_ros2_ws/install/nav2_gazebo_spawner:/opt/ros/foxy LD_LIBRARY_PATH=/home/agilex/limo_ros2_ws/src/install/nav2_costmap_2d/lib:/home/agilex/limo_ros2_ws/src/install/nav2_util/lib:/home/agilex/limo_ros2_ws/src/install/nav2_voxel_grid/lib:/home/agilex/limo_ros2_ws/src/install/nav2_msgs/lib:/home/agilex/limo_ros2_ws/src/install/costmap_converter_msgs/lib:${LD_LIBRARY_PATH} PYTHONPATH=/home/agilex/limo_ros2_ws/src/install/nav2_msgs/lib/python3.8/site-packages:/home/agilex/limo_ros2_ws/src/install/nav2_common/lib/python3.8/site-packages:/home/agilex/limo_ros2_ws/src/install/costmap_converter_msgs/lib/python3.8/site-packages:${PYTHONPATH} /usr/bin/cmake /home/agilex/limo_ros2_ws/src/costmap_converter/costmap_converter -DCMAKE_INSTALL_PREFIX=/home/agilex/limo_ros2_ws/src/install/costmap_converter
[0.221s] -- The C compiler identification is GNU 9.4.0
[0.349s] -- The CXX compiler identification is GNU 9.4.0
[0.363s] -- Check for working C compiler: /usr/bin/cc
[0.552s] -- Check for working C compiler: /usr/bin/cc -- works
[0.554s] -- Detecting C compiler ABI info
[0.747s] -- Detecting C compiler ABI info - done
[0.766s] -- Detecting C compile features
[0.766s] -- Detecting C compile features - done
[0.771s] -- Check for working CXX compiler: /usr/bin/c++
[0.988s] -- Check for working CXX compiler: /usr/bin/c++ -- works
[0.990s] -- Detecting CXX compiler ABI info
[1.198s] -- Detecting CXX compiler ABI info - done
[1.234s] -- Detecting CXX compile features
[1.235s] -- Detecting CXX compile features - done
[1.251s] -- Found ament_cmake: 0.9.12 (/opt/ros/foxy/share/ament_cmake/cmake)
[1.328s] -- Found PythonInterp: /usr/bin/python3 (found suitable version "3.8.10", minimum required is "3") 
[1.328s] -- Using PYTHON_EXECUTABLE: /usr/bin/python3
[1.907s] -- Found class_loader: 2.0.3 (/opt/ros/foxy/share/class_loader/cmake)
[1.979s] -- Found costmap_converter_msgs: 0.1.2 (/home/agilex/limo_ros2_ws/src/install/costmap_converter_msgs/share/costmap_converter_msgs/cmake)
[2.073s] -- Using all available rosidl_typesupport_c: rosidl_typesupport_fastrtps_c;rosidl_typesupport_introspection_c
[2.112s] -- Found rosidl_adapter: 1.3.1 (/opt/ros/foxy/share/rosidl_adapter/cmake)
[2.431s] -- Found OpenSSL: /usr/lib/aarch64-linux-gnu/libcrypto.so (found version "1.1.1f")  
[2.515s] -- Found FastRTPS: /opt/ros/foxy/include  
[2.742s] -- Using all available rosidl_typesupport_cpp: rosidl_typesupport_fastrtps_cpp;rosidl_typesupport_introspection_cpp
[3.109s] -- Found cv_bridge: 3.0.7 (/opt/ros/foxy/share/cv_bridge/cmake)
[3.330s] -- Found nav2_costmap_2d: 0.4.7 (/home/agilex/limo_ros2_ws/src/install/nav2_costmap_2d/share/nav2_costmap_2d/cmake)
[4.857s] -- Found rmw_implementation_cmake: 1.0.4 (/opt/ros/foxy/share/rmw_implementation_cmake/cmake)
[4.865s] -- Using RMW implementation 'rmw_fastrtps_cpp' as default
[4.867s] -- Looking for pthread.h
[5.066s] -- Looking for pthread.h - found
[5.066s] -- Performing Test CMAKE_HAVE_LIBC_PTHREAD
[5.268s] -- Performing Test CMAKE_HAVE_LIBC_PTHREAD - Failed
[5.269s] -- Looking for pthread_create in pthreads
[5.450s] -- Looking for pthread_create in pthreads - not found
[5.451s] -- Looking for pthread_create in pthread
[5.649s] -- Looking for pthread_create in pthread - found
[5.652s] -- Found Threads: TRUE  
[6.604s] -- Found Eigen3: TRUE (found version "3.3.7") 
[7.569s] -- Found OpenCV: /usr (found version "4.2.0") 
[9.065s] -- Found ament_cmake_gtest: 0.9.12 (/opt/ros/foxy/share/ament_cmake_gtest/cmake)
[9.081s] -- Found gtest sources under '/opt/ros/foxy/src/gtest_vendor': C++ tests using 'Google Test' will be built
[9.089s] -- Check if compiler accepts -pthread
[9.340s] -- Check if compiler accepts -pthread - yes
[10.539s] -- Configuring done
[11.167s] -- Generating done
[11.184s] -- Build files have been written to: /home/agilex/limo_ros2_ws/src/build/costmap_converter
[11.265s] Invoked command in '/home/agilex/limo_ros2_ws/src/build/costmap_converter' returned '0': AMENT_PREFIX_PATH=/home/agilex/limo_ros2_ws/src/install/nav2_costmap_2d:/home/agilex/limo_ros2_ws/src/install/nav2_util:/home/agilex/limo_ros2_ws/src/install/nav2_voxel_grid:/home/agilex/limo_ros2_ws/src/install/nav2_msgs:/home/agilex/limo_ros2_ws/src/install/nav2_common:/home/agilex/limo_ros2_ws/src/install/costmap_converter_msgs:${AMENT_PREFIX_PATH} CMAKE_PREFIX_PATH=/home/agilex/limo_ros2_ws/src/install/nav2_costmap_2d:/home/agilex/limo_ros2_ws/src/install/nav2_util:/home/agilex/limo_ros2_ws/src/install/nav2_voxel_grid:/home/agilex/limo_ros2_ws/src/install/nav2_msgs:/home/agilex/limo_ros2_ws/src/install/nav2_common:/home/agilex/limo_ros2_ws/src/install/costmap_converter_msgs:/home/agilex/limo_ros2_ws/install/ydlidar_sdk:/home/agilex/limo_ros2_ws/install/ydlidar_ros2_driver:/home/agilex/limo_ros2_ws/install/teb_local_planner:/home/agilex/limo_ros2_ws/install/teb_msgs:/home/agilex/limo_ros2_ws/install/nav2_system_tests:/home/agilex/limo_ros2_ws/install/nav2_bringup:/home/agilex/limo_ros2_ws/install/navigation2:/home/agilex/limo_ros2_ws/install/smac_planner:/home/agilex/limo_ros2_ws/install/rf2o_laser_odometry:/home/agilex/limo_ros2_ws/install/orbbec_description:/home/agilex/limo_ros2_ws/install/orbbec_camera:/home/agilex/limo_ros2_ws/install/orbbec_camera_msgs:/home/agilex/limo_ros2_ws/install/nav2_dwb_controller:/home/agilex/limo_ros2_ws/install/nav2_controller:/home/agilex/limo_ros2_ws/install/dwb_plugins:/home/agilex/limo_ros2_ws/install/dwb_critics:/home/agilex/limo_ros2_ws/install/dwb_core:/home/agilex/limo_ros2_ws/install/nav_2d_utils:/home/agilex/limo_ros2_ws/install/dwb_msgs:/home/agilex/limo_ros2_ws/install/nav_2d_msgs:/home/agilex/limo_ros2_ws/install/nav2_waypoint_follower:/home/agilex/limo_ros2_ws/install/nav2_regulated_pure_pursuit_controller:/home/agilex/limo_ros2_ws/install/nav2_recoveries:/home/agilex/limo_ros2_ws/install/nav2_planner:/home/agilex/limo_ros2_ws/install/nav2_navfn_planner:/home/agilex/limo_ros2_ws/install/nav2_core:/home/agilex/limo_ros2_ws/install/costmap_queue:/home/agilex/limo_ros2_ws/install/costmap_converter:/home/agilex/limo_ros2_ws/install/nav2_costmap_2d:/home/agilex/limo_ros2_ws/install/nav2_voxel_grid:/home/agilex/limo_ros2_ws/install/nav2_rviz_plugins:/home/agilex/limo_ros2_ws/install/nav2_map_server:/home/agilex/limo_ros2_ws/install/nav2_lifecycle_manager:/home/agilex/limo_ros2_ws/install/nav2_bt_navigator:/home/agilex/limo_ros2_ws/install/nav2_behavior_tree:/home/agilex/limo_ros2_ws/install/nav2_amcl:/home/agilex/limo_ros2_ws/install/nav2_util:/home/agilex/limo_ros2_ws/install/nav2_msgs:/home/agilex/limo_ros2_ws/install/nav2_common:/home/agilex/limo_ros2_ws/install/magic_enum:/home/agilex/limo_ros2_ws/install/limo_visions:/home/agilex/limo_ros2_ws/install/limo_bringup:/home/agilex/limo_ros2_ws/install/limo_base:/home/agilex/limo_ros2_ws/install/limo_msgs:/home/agilex/limo_ros2_ws/install/limo_description:/home/agilex/limo_ros2_ws/install/libuvc:/home/agilex/limo_ros2_ws/install/glog:/home/agilex/limo_ros2_ws/install/costmap_converter_msgs:/home/agilex/limo_ros2_ws/install/astra_camera:/home/agilex/limo_ros2_ws/install/astra_camera_msgs:/home/agilex/limo_ros2_ws/install/nav2_gazebo_spawner:/opt/ros/foxy LD_LIBRARY_PATH=/home/agilex/limo_ros2_ws/src/install/nav2_costmap_2d/lib:/home/agilex/limo_ros2_ws/src/install/nav2_util/lib:/home/agilex/limo_ros2_ws/src/install/nav2_voxel_grid/lib:/home/agilex/limo_ros2_ws/src/install/nav2_msgs/lib:/home/agilex/limo_ros2_ws/src/install/costmap_converter_msgs/lib:${LD_LIBRARY_PATH} PYTHONPATH=/home/agilex/limo_ros2_ws/src/install/nav2_msgs/lib/python3.8/site-packages:/home/agilex/limo_ros2_ws/src/install/nav2_common/lib/python3.8/site-packages:/home/agilex/limo_ros2_ws/src/install/costmap_converter_msgs/lib/python3.8/site-packages:${PYTHONPATH} /usr/bin/cmake /home/agilex/limo_ros2_ws/src/costmap_converter/costmap_converter -DCMAKE_INSTALL_PREFIX=/home/agilex/limo_ros2_ws/src/install/costmap_converter
[11.267s] Invoking command in '/home/agilex/limo_ros2_ws/src/build/costmap_converter': AMENT_PREFIX_PATH=/home/agilex/limo_ros2_ws/src/install/nav2_costmap_2d:/home/agilex/limo_ros2_ws/src/install/nav2_util:/home/agilex/limo_ros2_ws/src/install/nav2_voxel_grid:/home/agilex/limo_ros2_ws/src/install/nav2_msgs:/home/agilex/limo_ros2_ws/src/install/nav2_common:/home/agilex/limo_ros2_ws/src/install/costmap_converter_msgs:${AMENT_PREFIX_PATH} CMAKE_PREFIX_PATH=/home/agilex/limo_ros2_ws/src/install/nav2_costmap_2d:/home/agilex/limo_ros2_ws/src/install/nav2_util:/home/agilex/limo_ros2_ws/src/install/nav2_voxel_grid:/home/agilex/limo_ros2_ws/src/install/nav2_msgs:/home/agilex/limo_ros2_ws/src/install/nav2_common:/home/agilex/limo_ros2_ws/src/install/costmap_converter_msgs:/home/agilex/limo_ros2_ws/install/ydlidar_sdk:/home/agilex/limo_ros2_ws/install/ydlidar_ros2_driver:/home/agilex/limo_ros2_ws/install/teb_local_planner:/home/agilex/limo_ros2_ws/install/teb_msgs:/home/agilex/limo_ros2_ws/install/nav2_system_tests:/home/agilex/limo_ros2_ws/install/nav2_bringup:/home/agilex/limo_ros2_ws/install/navigation2:/home/agilex/limo_ros2_ws/install/smac_planner:/home/agilex/limo_ros2_ws/install/rf2o_laser_odometry:/home/agilex/limo_ros2_ws/install/orbbec_description:/home/agilex/limo_ros2_ws/install/orbbec_camera:/home/agilex/limo_ros2_ws/install/orbbec_camera_msgs:/home/agilex/limo_ros2_ws/install/nav2_dwb_controller:/home/agilex/limo_ros2_ws/install/nav2_controller:/home/agilex/limo_ros2_ws/install/dwb_plugins:/home/agilex/limo_ros2_ws/install/dwb_critics:/home/agilex/limo_ros2_ws/install/dwb_core:/home/agilex/limo_ros2_ws/install/nav_2d_utils:/home/agilex/limo_ros2_ws/install/dwb_msgs:/home/agilex/limo_ros2_ws/install/nav_2d_msgs:/home/agilex/limo_ros2_ws/install/nav2_waypoint_follower:/home/agilex/limo_ros2_ws/install/nav2_regulated_pure_pursuit_controller:/home/agilex/limo_ros2_ws/install/nav2_recoveries:/home/agilex/limo_ros2_ws/install/nav2_planner:/home/agilex/limo_ros2_ws/install/nav2_navfn_planner:/home/agilex/limo_ros2_ws/install/nav2_core:/home/agilex/limo_ros2_ws/install/costmap_queue:/home/agilex/limo_ros2_ws/install/costmap_converter:/home/agilex/limo_ros2_ws/install/nav2_costmap_2d:/home/agilex/limo_ros2_ws/install/nav2_voxel_grid:/home/agilex/limo_ros2_ws/install/nav2_rviz_plugins:/home/agilex/limo_ros2_ws/install/nav2_map_server:/home/agilex/limo_ros2_ws/install/nav2_lifecycle_manager:/home/agilex/limo_ros2_ws/install/nav2_bt_navigator:/home/agilex/limo_ros2_ws/install/nav2_behavior_tree:/home/agilex/limo_ros2_ws/install/nav2_amcl:/home/agilex/limo_ros2_ws/install/nav2_util:/home/agilex/limo_ros2_ws/install/nav2_msgs:/home/agilex/limo_ros2_ws/install/nav2_common:/home/agilex/limo_ros2_ws/install/magic_enum:/home/agilex/limo_ros2_ws/install/limo_visions:/home/agilex/limo_ros2_ws/install/limo_bringup:/home/agilex/limo_ros2_ws/install/limo_base:/home/agilex/limo_ros2_ws/install/limo_msgs:/home/agilex/limo_ros2_ws/install/limo_description:/home/agilex/limo_ros2_ws/install/libuvc:/home/agilex/limo_ros2_ws/install/glog:/home/agilex/limo_ros2_ws/install/costmap_converter_msgs:/home/agilex/limo_ros2_ws/install/astra_camera:/home/agilex/limo_ros2_ws/install/astra_camera_msgs:/home/agilex/limo_ros2_ws/install/nav2_gazebo_spawner:/opt/ros/foxy LD_LIBRARY_PATH=/home/agilex/limo_ros2_ws/src/install/nav2_costmap_2d/lib:/home/agilex/limo_ros2_ws/src/install/nav2_util/lib:/home/agilex/limo_ros2_ws/src/install/nav2_voxel_grid/lib:/home/agilex/limo_ros2_ws/src/install/nav2_msgs/lib:/home/agilex/limo_ros2_ws/src/install/costmap_converter_msgs/lib:${LD_LIBRARY_PATH} PYTHONPATH=/home/agilex/limo_ros2_ws/src/install/nav2_msgs/lib/python3.8/site-packages:/home/agilex/limo_ros2_ws/src/install/nav2_common/lib/python3.8/site-packages:/home/agilex/limo_ros2_ws/src/install/costmap_converter_msgs/lib/python3.8/site-packages:${PYTHONPATH} /usr/bin/cmake --build /home/agilex/limo_ros2_ws/src/build/costmap_converter -- -j6 -l6
[32.891s] [35m[1mScanning dependencies of target costmap_converter[0m
[32.892s] [35m[1mScanning dependencies of target gtest[0m
[32.892s] [35m[1mScanning dependencies of target gtest_main[0m
[32.892s] [  5%] [32mBuilding CXX object gtest/CMakeFiles/gtest.dir/src/gtest-all.cc.o[0m
[32.892s] [ 10%] [32mBuilding CXX object gtest/CMakeFiles/gtest_main.dir/src/gtest_main.cc.o[0m
[32.892s] [ 15%] [32mBuilding CXX object CMakeFiles/costmap_converter.dir/src/costmap_to_polygons.cpp.o[0m
[32.892s] [ 21%] [32mBuilding CXX object CMakeFiles/costmap_converter.dir/src/costmap_to_polygons_concave.cpp.o[0m
[32.893s] [ 26%] [32mBuilding CXX object CMakeFiles/costmap_converter.dir/src/costmap_to_lines_convex_hull.cpp.o[0m
[32.893s] [ 31%] [32mBuilding CXX object CMakeFiles/costmap_converter.dir/src/costmap_to_lines_ransac.cpp.o[0m
[32.893s] [ 36%] [32m[1mLinking CXX static library libgtest_main.a[0m
[32.893s] [ 36%] Built target gtest_main
[32.893s] [ 42%] [32mBuilding CXX object CMakeFiles/costmap_converter.dir/src/costmap_to_dynamic_obstacles/costmap_to_dynamic_obstacles.cpp.o[0m
[46.803s] [ 47%] [32m[1mLinking CXX static library libgtest.a[0m
[47.002s] [ 47%] Built target gtest
[69.436s] [ 52%] [32mBuilding CXX object CMakeFiles/costmap_converter.dir/src/costmap_to_dynamic_obstacles/multitarget_tracker/HungarianAlg.cpp.o[0m
[75.968s] [ 57%] [32mBuilding CXX object CMakeFiles/costmap_converter.dir/src/costmap_to_dynamic_obstacles/multitarget_tracker/Kalman.cpp.o[0m
[84.194s] [ 63%] [32mBuilding CXX object CMakeFiles/costmap_converter.dir/src/costmap_to_dynamic_obstacles/multitarget_tracker/Ctracker.cpp.o[0m
[91.281s] [ 68%] [32mBuilding CXX object CMakeFiles/costmap_converter.dir/src/costmap_to_dynamic_obstacles/blob_detector.cpp.o[0m
[99.365s] [ 73%] [32mBuilding CXX object CMakeFiles/costmap_converter.dir/src/costmap_to_dynamic_obstacles/background_subtractor.cpp.o[0m
[102.706s] [ 78%] [32m[1mLinking CXX shared library libcostmap_converter.so[0m
[103.474s] [ 78%] Built target costmap_converter
[103.513s] [35m[1mScanning dependencies of target standalone_converter[0m
[103.655s] [ 84%] [32mBuilding CXX object CMakeFiles/standalone_converter.dir/src/costmap_converter_node.cpp.o[0m
[136.107s] [ 89%] [32m[1mLinking CXX executable standalone_converter[0m
[136.850s] [ 89%] Built target standalone_converter
[136.888s] [35m[1mScanning dependencies of target test_costmap_polygons[0m
[137.093s] [ 94%] [32mBuilding CXX object CMakeFiles/test_costmap_polygons.dir/test/costmap_polygons.cpp.o[0m
[146.810s] In file included from [01m[K/home/agilex/limo_ros2_ws/src/costmap_converter/costmap_converter/test/costmap_polygons.cpp:3[m[K:
[146.810s] /opt/ros/foxy/src/gtest_vendor/include/gtest/gtest.h: In instantiation of ‘[01m[Ktesting::AssertionResult testing::internal::CmpHelperEQ(const char*, const char*, const T1&, const T2&) [with T1 = int; T2 = long unsigned int][m[K’:
[146.810s] [01m[K/opt/ros/foxy/src/gtest_vendor/include/gtest/gtest.h:1495:23:[m[K   required from ‘[01m[Kstatic testing::AssertionResult testing::internal::EqHelper<lhs_is_null_literal>::Compare(const char*, const char*, const T1&, const T2&) [with T1 = int; T2 = long unsigned int; bool lhs_is_null_literal = false][m[K’
[146.810s] [01m[K/home/agilex/limo_ros2_ws/src/costmap_converter/costmap_converter/test/costmap_polygons.cpp:180:3:[m[K   required from here
[146.810s] [01m[K/opt/ros/foxy/src/gtest_vendor/include/gtest/gtest.h:1467:11:[m[K [01;35m[Kwarning: [m[Kcomparison of integer expressions of different signedness: ‘[01m[Kconst int[m[K’ and ‘[01m[Kconst long unsigned int[m[K’ [[01;35m[K-Wsign-compare[m[K]
[146.811s]  1467 |   if ([01;35m[Klhs == rhs[m[K) {
[146.811s]       |       [01;35m[K~~~~^~~~~~[m[K
[153.269s] [100%] [32m[1mLinking CXX executable test_costmap_polygons[0m
[154.868s] [100%] Built target test_costmap_polygons
[154.921s] Invoked command in '/home/agilex/limo_ros2_ws/src/build/costmap_converter' returned '0': AMENT_PREFIX_PATH=/home/agilex/limo_ros2_ws/src/install/nav2_costmap_2d:/home/agilex/limo_ros2_ws/src/install/nav2_util:/home/agilex/limo_ros2_ws/src/install/nav2_voxel_grid:/home/agilex/limo_ros2_ws/src/install/nav2_msgs:/home/agilex/limo_ros2_ws/src/install/nav2_common:/home/agilex/limo_ros2_ws/src/install/costmap_converter_msgs:${AMENT_PREFIX_PATH} CMAKE_PREFIX_PATH=/home/agilex/limo_ros2_ws/src/install/nav2_costmap_2d:/home/agilex/limo_ros2_ws/src/install/nav2_util:/home/agilex/limo_ros2_ws/src/install/nav2_voxel_grid:/home/agilex/limo_ros2_ws/src/install/nav2_msgs:/home/agilex/limo_ros2_ws/src/install/nav2_common:/home/agilex/limo_ros2_ws/src/install/costmap_converter_msgs:/home/agilex/limo_ros2_ws/install/ydlidar_sdk:/home/agilex/limo_ros2_ws/install/ydlidar_ros2_driver:/home/agilex/limo_ros2_ws/install/teb_local_planner:/home/agilex/limo_ros2_ws/install/teb_msgs:/home/agilex/limo_ros2_ws/install/nav2_system_tests:/home/agilex/limo_ros2_ws/install/nav2_bringup:/home/agilex/limo_ros2_ws/install/navigation2:/home/agilex/limo_ros2_ws/install/smac_planner:/home/agilex/limo_ros2_ws/install/rf2o_laser_odometry:/home/agilex/limo_ros2_ws/install/orbbec_description:/home/agilex/limo_ros2_ws/install/orbbec_camera:/home/agilex/limo_ros2_ws/install/orbbec_camera_msgs:/home/agilex/limo_ros2_ws/install/nav2_dwb_controller:/home/agilex/limo_ros2_ws/install/nav2_controller:/home/agilex/limo_ros2_ws/install/dwb_plugins:/home/agilex/limo_ros2_ws/install/dwb_critics:/home/agilex/limo_ros2_ws/install/dwb_core:/home/agilex/limo_ros2_ws/install/nav_2d_utils:/home/agilex/limo_ros2_ws/install/dwb_msgs:/home/agilex/limo_ros2_ws/install/nav_2d_msgs:/home/agilex/limo_ros2_ws/install/nav2_waypoint_follower:/home/agilex/limo_ros2_ws/install/nav2_regulated_pure_pursuit_controller:/home/agilex/limo_ros2_ws/install/nav2_recoveries:/home/agilex/limo_ros2_ws/install/nav2_planner:/home/agilex/limo_ros2_ws/install/nav2_navfn_planner:/home/agilex/limo_ros2_ws/install/nav2_core:/home/agilex/limo_ros2_ws/install/costmap_queue:/home/agilex/limo_ros2_ws/install/costmap_converter:/home/agilex/limo_ros2_ws/install/nav2_costmap_2d:/home/agilex/limo_ros2_ws/install/nav2_voxel_grid:/home/agilex/limo_ros2_ws/install/nav2_rviz_plugins:/home/agilex/limo_ros2_ws/install/nav2_map_server:/home/agilex/limo_ros2_ws/install/nav2_lifecycle_manager:/home/agilex/limo_ros2_ws/install/nav2_bt_navigator:/home/agilex/limo_ros2_ws/install/nav2_behavior_tree:/home/agilex/limo_ros2_ws/install/nav2_amcl:/home/agilex/limo_ros2_ws/install/nav2_util:/home/agilex/limo_ros2_ws/install/nav2_msgs:/home/agilex/limo_ros2_ws/install/nav2_common:/home/agilex/limo_ros2_ws/install/magic_enum:/home/agilex/limo_ros2_ws/install/limo_visions:/home/agilex/limo_ros2_ws/install/limo_bringup:/home/agilex/limo_ros2_ws/install/limo_base:/home/agilex/limo_ros2_ws/install/limo_msgs:/home/agilex/limo_ros2_ws/install/limo_description:/home/agilex/limo_ros2_ws/install/libuvc:/home/agilex/limo_ros2_ws/install/glog:/home/agilex/limo_ros2_ws/install/costmap_converter_msgs:/home/agilex/limo_ros2_ws/install/astra_camera:/home/agilex/limo_ros2_ws/install/astra_camera_msgs:/home/agilex/limo_ros2_ws/install/nav2_gazebo_spawner:/opt/ros/foxy LD_LIBRARY_PATH=/home/agilex/limo_ros2_ws/src/install/nav2_costmap_2d/lib:/home/agilex/limo_ros2_ws/src/install/nav2_util/lib:/home/agilex/limo_ros2_ws/src/install/nav2_voxel_grid/lib:/home/agilex/limo_ros2_ws/src/install/nav2_msgs/lib:/home/agilex/limo_ros2_ws/src/install/costmap_converter_msgs/lib:${LD_LIBRARY_PATH} PYTHONPATH=/home/agilex/limo_ros2_ws/src/install/nav2_msgs/lib/python3.8/site-packages:/home/agilex/limo_ros2_ws/src/install/nav2_common/lib/python3.8/site-packages:/home/agilex/limo_ros2_ws/src/install/costmap_converter_msgs/lib/python3.8/site-packages:${PYTHONPATH} /usr/bin/cmake --build /home/agilex/limo_ros2_ws/src/build/costmap_converter -- -j6 -l6
[155.194s] Invoking command in '/home/agilex/limo_ros2_ws/src/build/costmap_converter': AMENT_PREFIX_PATH=/home/agilex/limo_ros2_ws/src/install/nav2_costmap_2d:/home/agilex/limo_ros2_ws/src/install/nav2_util:/home/agilex/limo_ros2_ws/src/install/nav2_voxel_grid:/home/agilex/limo_ros2_ws/src/install/nav2_msgs:/home/agilex/limo_ros2_ws/src/install/nav2_common:/home/agilex/limo_ros2_ws/src/install/costmap_converter_msgs:${AMENT_PREFIX_PATH} CMAKE_PREFIX_PATH=/home/agilex/limo_ros2_ws/src/install/nav2_costmap_2d:/home/agilex/limo_ros2_ws/src/install/nav2_util:/home/agilex/limo_ros2_ws/src/install/nav2_voxel_grid:/home/agilex/limo_ros2_ws/src/install/nav2_msgs:/home/agilex/limo_ros2_ws/src/install/nav2_common:/home/agilex/limo_ros2_ws/src/install/costmap_converter_msgs:/home/agilex/limo_ros2_ws/install/ydlidar_sdk:/home/agilex/limo_ros2_ws/install/ydlidar_ros2_driver:/home/agilex/limo_ros2_ws/install/teb_local_planner:/home/agilex/limo_ros2_ws/install/teb_msgs:/home/agilex/limo_ros2_ws/install/nav2_system_tests:/home/agilex/limo_ros2_ws/install/nav2_bringup:/home/agilex/limo_ros2_ws/install/navigation2:/home/agilex/limo_ros2_ws/install/smac_planner:/home/agilex/limo_ros2_ws/install/rf2o_laser_odometry:/home/agilex/limo_ros2_ws/install/orbbec_description:/home/agilex/limo_ros2_ws/install/orbbec_camera:/home/agilex/limo_ros2_ws/install/orbbec_camera_msgs:/home/agilex/limo_ros2_ws/install/nav2_dwb_controller:/home/agilex/limo_ros2_ws/install/nav2_controller:/home/agilex/limo_ros2_ws/install/dwb_plugins:/home/agilex/limo_ros2_ws/install/dwb_critics:/home/agilex/limo_ros2_ws/install/dwb_core:/home/agilex/limo_ros2_ws/install/nav_2d_utils:/home/agilex/limo_ros2_ws/install/dwb_msgs:/home/agilex/limo_ros2_ws/install/nav_2d_msgs:/home/agilex/limo_ros2_ws/install/nav2_waypoint_follower:/home/agilex/limo_ros2_ws/install/nav2_regulated_pure_pursuit_controller:/home/agilex/limo_ros2_ws/install/nav2_recoveries:/home/agilex/limo_ros2_ws/install/nav2_planner:/home/agilex/limo_ros2_ws/install/nav2_navfn_planner:/home/agilex/limo_ros2_ws/install/nav2_core:/home/agilex/limo_ros2_ws/install/costmap_queue:/home/agilex/limo_ros2_ws/install/costmap_converter:/home/agilex/limo_ros2_ws/install/nav2_costmap_2d:/home/agilex/limo_ros2_ws/install/nav2_voxel_grid:/home/agilex/limo_ros2_ws/install/nav2_rviz_plugins:/home/agilex/limo_ros2_ws/install/nav2_map_server:/home/agilex/limo_ros2_ws/install/nav2_lifecycle_manager:/home/agilex/limo_ros2_ws/install/nav2_bt_navigator:/home/agilex/limo_ros2_ws/install/nav2_behavior_tree:/home/agilex/limo_ros2_ws/install/nav2_amcl:/home/agilex/limo_ros2_ws/install/nav2_util:/home/agilex/limo_ros2_ws/install/nav2_msgs:/home/agilex/limo_ros2_ws/install/nav2_common:/home/agilex/limo_ros2_ws/install/magic_enum:/home/agilex/limo_ros2_ws/install/limo_visions:/home/agilex/limo_ros2_ws/install/limo_bringup:/home/agilex/limo_ros2_ws/install/limo_base:/home/agilex/limo_ros2_ws/install/limo_msgs:/home/agilex/limo_ros2_ws/install/limo_description:/home/agilex/limo_ros2_ws/install/libuvc:/home/agilex/limo_ros2_ws/install/glog:/home/agilex/limo_ros2_ws/install/costmap_converter_msgs:/home/agilex/limo_ros2_ws/install/astra_camera:/home/agilex/limo_ros2_ws/install/astra_camera_msgs:/home/agilex/limo_ros2_ws/install/nav2_gazebo_spawner:/opt/ros/foxy LD_LIBRARY_PATH=/home/agilex/limo_ros2_ws/src/install/nav2_costmap_2d/lib:/home/agilex/limo_ros2_ws/src/install/nav2_util/lib:/home/agilex/limo_ros2_ws/src/install/nav2_voxel_grid/lib:/home/agilex/limo_ros2_ws/src/install/nav2_msgs/lib:/home/agilex/limo_ros2_ws/src/install/costmap_converter_msgs/lib:${LD_LIBRARY_PATH} PYTHONPATH=/home/agilex/limo_ros2_ws/src/install/nav2_msgs/lib/python3.8/site-packages:/home/agilex/limo_ros2_ws/src/install/nav2_common/lib/python3.8/site-packages:/home/agilex/limo_ros2_ws/src/install/costmap_converter_msgs/lib/python3.8/site-packages:${PYTHONPATH} /usr/bin/cmake --install /home/agilex/limo_ros2_ws/src/build/costmap_converter
[160.318s] -- Install configuration: "Release"
[160.318s] -- Installing: /home/agilex/limo_ros2_ws/src/install/costmap_converter/lib/libcostmap_converter.so
[160.318s] -- Set runtime path of "/home/agilex/limo_ros2_ws/src/install/costmap_converter/lib/libcostmap_converter.so" to ""
[160.319s] -- Installing: /home/agilex/limo_ros2_ws/src/install/costmap_converter/bin/standalone_converter
[160.319s] -- Set runtime path of "/home/agilex/limo_ros2_ws/src/install/costmap_converter/bin/standalone_converter" to ""
[160.319s] -- Installing: /home/agilex/limo_ros2_ws/src/install/costmap_converter/include/
[160.319s] -- Installing: /home/agilex/limo_ros2_ws/src/install/costmap_converter/include//costmap_converter
[160.319s] -- Installing: /home/agilex/limo_ros2_ws/src/install/costmap_converter/include//costmap_converter/costmap_to_lines_convex_hull.h
[160.319s] -- Installing: /home/agilex/limo_ros2_ws/src/install/costmap_converter/include//costmap_converter/misc.h
[160.319s] -- Installing: /home/agilex/limo_ros2_ws/src/install/costmap_converter/include//costmap_converter/costmap_to_polygons_concave.h
[160.319s] -- Installing: /home/agilex/limo_ros2_ws/src/install/costmap_converter/include//costmap_converter/costmap_converter_interface.h
[160.320s] -- Installing: /home/agilex/limo_ros2_ws/src/install/costmap_converter/include//costmap_converter/costmap_to_dynamic_obstacles
[160.320s] -- Installing: /home/agilex/limo_ros2_ws/src/install/costmap_converter/include//costmap_converter/costmap_to_dynamic_obstacles/costmap_to_dynamic_obstacles.h
[160.320s] -- Installing: /home/agilex/limo_ros2_ws/src/install/costmap_converter/include//costmap_converter/costmap_to_dynamic_obstacles/blob_detector.h
[160.320s] -- Installing: /home/agilex/limo_ros2_ws/src/install/costmap_converter/include//costmap_converter/costmap_to_dynamic_obstacles/multitarget_tracker
[160.320s] -- Installing: /home/agilex/limo_ros2_ws/src/install/costmap_converter/include//costmap_converter/costmap_to_dynamic_obstacles/multitarget_tracker/defines.h
[160.320s] -- Installing: /home/agilex/limo_ros2_ws/src/install/costmap_converter/include//costmap_converter/costmap_to_dynamic_obstacles/multitarget_tracker/Kalman.h
[160.320s] -- Installing: /home/agilex/limo_ros2_ws/src/install/costmap_converter/include//costmap_converter/costmap_to_dynamic_obstacles/multitarget_tracker/HungarianAlg.h
[160.321s] -- Installing: /home/agilex/limo_ros2_ws/src/install/costmap_converter/include//costmap_converter/costmap_to_dynamic_obstacles/multitarget_tracker/README.md
[160.321s] -- Installing: /home/agilex/limo_ros2_ws/src/install/costmap_converter/include//costmap_converter/costmap_to_dynamic_obstacles/multitarget_tracker/Ctracker.h
[160.321s] -- Installing: /home/agilex/limo_ros2_ws/src/install/costmap_converter/include//costmap_converter/costmap_to_dynamic_obstacles/background_subtractor.h
[160.321s] -- Installing: /home/agilex/limo_ros2_ws/src/install/costmap_converter/include//costmap_converter/costmap_to_polygons.h
[160.321s] -- Installing: /home/agilex/limo_ros2_ws/src/install/costmap_converter/include//costmap_converter/costmap_to_lines_ransac.h
[160.321s] -- Installing: /home/agilex/limo_ros2_ws/src/install/costmap_converter/share/costmap_converter/environment/library_path.sh
[160.321s] -- Installing: /home/agilex/limo_ros2_ws/src/install/costmap_converter/share/costmap_converter/environment/library_path.dsv
[160.321s] -- Installing: /home/agilex/limo_ros2_ws/src/install/costmap_converter/share/costmap_converter/costmap_converter_plugins.xml
[160.321s] -- Installing: /home/agilex/limo_ros2_ws/src/install/costmap_converter/share/ament_index/resource_index/package_run_dependencies/costmap_converter
[160.322s] -- Installing: /home/agilex/limo_ros2_ws/src/install/costmap_converter/share/ament_index/resource_index/parent_prefix_path/costmap_converter
[160.322s] -- Installing: /home/agilex/limo_ros2_ws/src/install/costmap_converter/share/costmap_converter/environment/ament_prefix_path.sh
[160.322s] -- Installing: /home/agilex/limo_ros2_ws/src/install/costmap_converter/share/costmap_converter/environment/ament_prefix_path.dsv
[160.322s] -- Installing: /home/agilex/limo_ros2_ws/src/install/costmap_converter/share/costmap_converter/environment/path.sh
[160.322s] -- Installing: /home/agilex/limo_ros2_ws/src/install/costmap_converter/share/costmap_converter/environment/path.dsv
[160.322s] -- Installing: /home/agilex/limo_ros2_ws/src/install/costmap_converter/share/costmap_converter/local_setup.bash
[160.322s] -- Installing: /home/agilex/limo_ros2_ws/src/install/costmap_converter/share/costmap_converter/local_setup.sh
[160.322s] -- Installing: /home/agilex/limo_ros2_ws/src/install/costmap_converter/share/costmap_converter/local_setup.zsh
[160.323s] -- Installing: /home/agilex/limo_ros2_ws/src/install/costmap_converter/share/costmap_converter/local_setup.dsv
[160.323s] -- Installing: /home/agilex/limo_ros2_ws/src/install/costmap_converter/share/costmap_converter/package.dsv
[160.323s] -- Installing: /home/agilex/limo_ros2_ws/src/install/costmap_converter/share/ament_index/resource_index/packages/costmap_converter
[160.323s] -- Installing: /home/agilex/limo_ros2_ws/src/install/costmap_converter/share/ament_index/resource_index/costmap_converter__pluginlib__plugin/costmap_converter
[160.323s] -- Installing: /home/agilex/limo_ros2_ws/src/install/costmap_converter/share/costmap_converter/cmake/ament_cmake_export_include_directories-extras.cmake
[160.323s] -- Installing: /home/agilex/limo_ros2_ws/src/install/costmap_converter/share/costmap_converter/cmake/ament_cmake_export_libraries-extras.cmake
[160.323s] -- Installing: /home/agilex/limo_ros2_ws/src/install/costmap_converter/share/costmap_converter/cmake/ament_cmake_export_dependencies-extras.cmake
[160.323s] -- Installing: /home/agilex/limo_ros2_ws/src/install/costmap_converter/share/costmap_converter/cmake/costmap_converterConfig.cmake
[160.323s] -- Installing: /home/agilex/limo_ros2_ws/src/install/costmap_converter/share/costmap_converter/cmake/costmap_converterConfig-version.cmake
[160.333s] -- Installing: /home/agilex/limo_ros2_ws/src/install/costmap_converter/share/costmap_converter/package.xml
[160.334s] Invoked command in '/home/agilex/limo_ros2_ws/src/build/costmap_converter' returned '0': AMENT_PREFIX_PATH=/home/agilex/limo_ros2_ws/src/install/nav2_costmap_2d:/home/agilex/limo_ros2_ws/src/install/nav2_util:/home/agilex/limo_ros2_ws/src/install/nav2_voxel_grid:/home/agilex/limo_ros2_ws/src/install/nav2_msgs:/home/agilex/limo_ros2_ws/src/install/nav2_common:/home/agilex/limo_ros2_ws/src/install/costmap_converter_msgs:${AMENT_PREFIX_PATH} CMAKE_PREFIX_PATH=/home/agilex/limo_ros2_ws/src/install/nav2_costmap_2d:/home/agilex/limo_ros2_ws/src/install/nav2_util:/home/agilex/limo_ros2_ws/src/install/nav2_voxel_grid:/home/agilex/limo_ros2_ws/src/install/nav2_msgs:/home/agilex/limo_ros2_ws/src/install/nav2_common:/home/agilex/limo_ros2_ws/src/install/costmap_converter_msgs:/home/agilex/limo_ros2_ws/install/ydlidar_sdk:/home/agilex/limo_ros2_ws/install/ydlidar_ros2_driver:/home/agilex/limo_ros2_ws/install/teb_local_planner:/home/agilex/limo_ros2_ws/install/teb_msgs:/home/agilex/limo_ros2_ws/install/nav2_system_tests:/home/agilex/limo_ros2_ws/install/nav2_bringup:/home/agilex/limo_ros2_ws/install/navigation2:/home/agilex/limo_ros2_ws/install/smac_planner:/home/agilex/limo_ros2_ws/install/rf2o_laser_odometry:/home/agilex/limo_ros2_ws/install/orbbec_description:/home/agilex/limo_ros2_ws/install/orbbec_camera:/home/agilex/limo_ros2_ws/install/orbbec_camera_msgs:/home/agilex/limo_ros2_ws/install/nav2_dwb_controller:/home/agilex/limo_ros2_ws/install/nav2_controller:/home/agilex/limo_ros2_ws/install/dwb_plugins:/home/agilex/limo_ros2_ws/install/dwb_critics:/home/agilex/limo_ros2_ws/install/dwb_core:/home/agilex/limo_ros2_ws/install/nav_2d_utils:/home/agilex/limo_ros2_ws/install/dwb_msgs:/home/agilex/limo_ros2_ws/install/nav_2d_msgs:/home/agilex/limo_ros2_ws/install/nav2_waypoint_follower:/home/agilex/limo_ros2_ws/install/nav2_regulated_pure_pursuit_controller:/home/agilex/limo_ros2_ws/install/nav2_recoveries:/home/agilex/limo_ros2_ws/install/nav2_planner:/home/agilex/limo_ros2_ws/install/nav2_navfn_planner:/home/agilex/limo_ros2_ws/install/nav2_core:/home/agilex/limo_ros2_ws/install/costmap_queue:/home/agilex/limo_ros2_ws/install/costmap_converter:/home/agilex/limo_ros2_ws/install/nav2_costmap_2d:/home/agilex/limo_ros2_ws/install/nav2_voxel_grid:/home/agilex/limo_ros2_ws/install/nav2_rviz_plugins:/home/agilex/limo_ros2_ws/install/nav2_map_server:/home/agilex/limo_ros2_ws/install/nav2_lifecycle_manager:/home/agilex/limo_ros2_ws/install/nav2_bt_navigator:/home/agilex/limo_ros2_ws/install/nav2_behavior_tree:/home/agilex/limo_ros2_ws/install/nav2_amcl:/home/agilex/limo_ros2_ws/install/nav2_util:/home/agilex/limo_ros2_ws/install/nav2_msgs:/home/agilex/limo_ros2_ws/install/nav2_common:/home/agilex/limo_ros2_ws/install/magic_enum:/home/agilex/limo_ros2_ws/install/limo_visions:/home/agilex/limo_ros2_ws/install/limo_bringup:/home/agilex/limo_ros2_ws/install/limo_base:/home/agilex/limo_ros2_ws/install/limo_msgs:/home/agilex/limo_ros2_ws/install/limo_description:/home/agilex/limo_ros2_ws/install/libuvc:/home/agilex/limo_ros2_ws/install/glog:/home/agilex/limo_ros2_ws/install/costmap_converter_msgs:/home/agilex/limo_ros2_ws/install/astra_camera:/home/agilex/limo_ros2_ws/install/astra_camera_msgs:/home/agilex/limo_ros2_ws/install/nav2_gazebo_spawner:/opt/ros/foxy LD_LIBRARY_PATH=/home/agilex/limo_ros2_ws/src/install/nav2_costmap_2d/lib:/home/agilex/limo_ros2_ws/src/install/nav2_util/lib:/home/agilex/limo_ros2_ws/src/install/nav2_voxel_grid/lib:/home/agilex/limo_ros2_ws/src/install/nav2_msgs/lib:/home/agilex/limo_ros2_ws/src/install/costmap_converter_msgs/lib:${LD_LIBRARY_PATH} PYTHONPATH=/home/agilex/limo_ros2_ws/src/install/nav2_msgs/lib/python3.8/site-packages:/home/agilex/limo_ros2_ws/src/install/nav2_common/lib/python3.8/site-packages:/home/agilex/limo_ros2_ws/src/install/costmap_converter_msgs/lib/python3.8/site-packages:${PYTHONPATH} /usr/bin/cmake --install /home/agilex/limo_ros2_ws/src/build/costmap_converter
