-- Found ament_cmake: 0.9.12 (/opt/ros/foxy/share/ament_cmake/cmake)
-- Using PYTHON_EXECUTABLE: /usr/bin/python3
-- Found rclcpp: 2.4.3 (/opt/ros/foxy/share/rclcpp/cmake)
-- Using all available rosidl_typesupport_c: rosidl_typesupport_fastrtps_c;rosidl_typesupport_introspection_c
-- Found rosidl_adapter: 1.3.1 (/opt/ros/foxy/share/rosidl_adapter/cmake)
-- Using all available rosidl_typesupport_cpp: rosidl_typesupport_fastrtps_cpp;rosidl_typesupport_introspection_cpp
-- Found rmw_implementation_cmake: 1.0.4 (/opt/ros/foxy/share/rmw_implementation_cmake/cmake)
-- Using RMW implementation 'rmw_fastrtps_cpp' as default
-- Found geometry_msgs: 2.0.5 (/opt/ros/foxy/share/geometry_msgs/cmake)
-- Found nav_msgs: 2.0.5 (/opt/ros/foxy/share/nav_msgs/cmake)
-- Found sensor_msgs: 2.0.5 (/opt/ros/foxy/share/sensor_msgs/cmake)
-- Found tf2: 0.13.14 (/opt/ros/foxy/share/tf2/cmake)
-- Found tf2_ros: 0.13.14 (/opt/ros/foxy/share/tf2_ros/cmake)
-- Found limo_msgs: 0.0.0 (/home/agilex/limo_ros2_ws/install/limo_msgs/share/limo_msgs/cmake)
-- Configuring done
-- Generating done
-- Build files have been written to: /home/agilex/limo_ros2_ws/build/limo_base
[ 25%] [32mBuilding CXX object CMakeFiles/limo_base.dir/src/limo_base_node.cpp.o[0m
[ 50%] [32mBuilding CXX object CMakeFiles/limo_base.dir/src/serial_port.cpp.o[0m
[ 75%] [32mBuilding CXX object CMakeFiles/limo_base.dir/src/limo_driver.cpp.o[0m
[100%] [32m[1mLinking CXX executable limo_base[0m
[100%] Built target limo_base
-- Install configuration: "Release"
-- Up-to-date: /home/agilex/limo_ros2_ws/install/limo_base/include
-- Up-to-date: /home/agilex/limo_ros2_ws/install/limo_base/include/limo_base
-- Up-to-date: /home/agilex/limo_ros2_ws/install/limo_base/include/limo_base/serial_port.h
-- Up-to-date: /home/agilex/limo_ros2_ws/install/limo_base/include/limo_base/limo_protocol.h
-- Up-to-date: /home/agilex/limo_ros2_ws/install/limo_base/include/limo_base/limo_driver.h
-- Installing: /home/agilex/limo_ros2_ws/install/limo_base/lib/limo_base/limo_base
-- Set runtime path of "/home/agilex/limo_ros2_ws/install/limo_base/lib/limo_base/limo_base" to ""
-- Up-to-date: /home/agilex/limo_ros2_ws/install/limo_base/share/limo_base//launch
-- Up-to-date: /home/agilex/limo_ros2_ws/install/limo_base/share/limo_base//launch/limo_base.launch.py
-- Up-to-date: /home/agilex/limo_ros2_ws/install/limo_base/share/limo_base//launch/open_ydlidar_launch.py
-- Up-to-date: /home/agilex/limo_ros2_ws/install/limo_base/share/ament_index/resource_index/package_run_dependencies/limo_base
-- Installing: /home/agilex/limo_ros2_ws/install/limo_base/share/ament_index/resource_index/parent_prefix_path/limo_base
-- Up-to-date: /home/agilex/limo_ros2_ws/install/limo_base/share/limo_base/environment/ament_prefix_path.sh
-- Installing: /home/agilex/limo_ros2_ws/install/limo_base/share/limo_base/environment/ament_prefix_path.dsv
-- Up-to-date: /home/agilex/limo_ros2_ws/install/limo_base/share/limo_base/environment/path.sh
-- Installing: /home/agilex/limo_ros2_ws/install/limo_base/share/limo_base/environment/path.dsv
-- Up-to-date: /home/agilex/limo_ros2_ws/install/limo_base/share/limo_base/local_setup.bash
-- Up-to-date: /home/agilex/limo_ros2_ws/install/limo_base/share/limo_base/local_setup.sh
-- Up-to-date: /home/agilex/limo_ros2_ws/install/limo_base/share/limo_base/local_setup.zsh
-- Installing: /home/agilex/limo_ros2_ws/install/limo_base/share/limo_base/local_setup.dsv
-- Installing: /home/agilex/limo_ros2_ws/install/limo_base/share/limo_base/package.dsv
-- Up-to-date: /home/agilex/limo_ros2_ws/install/limo_base/share/ament_index/resource_index/packages/limo_base
-- Up-to-date: /home/agilex/limo_ros2_ws/install/limo_base/share/limo_base/cmake/ament_cmake_export_include_directories-extras.cmake
-- Up-to-date: /home/agilex/limo_ros2_ws/install/limo_base/share/limo_base/cmake/limo_baseConfig.cmake
-- Up-to-date: /home/agilex/limo_ros2_ws/install/limo_base/share/limo_base/cmake/limo_baseConfig-version.cmake
-- Up-to-date: /home/agilex/limo_ros2_ws/install/limo_base/share/limo_base/package.xml
