[0.156s] Invoking command in '/home/agilex/limo_ros2_ws/build/nav_2d_msgs': CMAKE_PREFIX_PATH=${CMAKE_PREFIX_PATH}:/home/agilex/limo_ros2_ws/install/nav2_gazebo_spawner:/opt/ros/foxy /usr/bin/cmake --build /home/agilex/limo_ros2_ws/build/nav_2d_msgs -- -j6 -l6
[0.393s] [  1%] Built target nav_2d_msgs__cpp
[0.438s] [ 12%] Built target nav_2d_msgs__rosidl_generator_c
[0.641s] [ 23%] Built target nav_2d_msgs__rosidl_typesupport_introspection_cpp
[0.739s] [ 35%] Built target nav_2d_msgs__rosidl_typesupport_c
[0.745s] [ 46%] Built target nav_2d_msgs__rosidl_typesupport_cpp
[0.759s] [ 57%] Built target nav_2d_msgs__rosidl_typesupport_fastrtps_cpp
[0.768s] [ 69%] Built target nav_2d_msgs__rosidl_typesupport_introspection_c
[0.890s] [ 80%] Built target nav_2d_msgs__rosidl_typesupport_fastrtps_c
[0.986s] [ 80%] Built target nav_2d_msgs
[1.089s] [ 81%] Built target nav_2d_msgs__py
[1.255s] [ 91%] Built target nav_2d_msgs__python
[1.397s] [ 94%] Built target nav_2d_msgs__rosidl_typesupport_introspection_c__pyext
[1.458s] [ 97%] Built target nav_2d_msgs__rosidl_typesupport_c__pyext
[1.479s] [100%] Built target nav_2d_msgs__rosidl_typesupport_fastrtps_c__pyext
[1.544s] Invoked command in '/home/agilex/limo_ros2_ws/build/nav_2d_msgs' returned '0': CMAKE_PREFIX_PATH=${CMAKE_PREFIX_PATH}:/home/agilex/limo_ros2_ws/install/nav2_gazebo_spawner:/opt/ros/foxy /usr/bin/cmake --build /home/agilex/limo_ros2_ws/build/nav_2d_msgs -- -j6 -l6
[2.332s] Invoking command in '/home/agilex/limo_ros2_ws/build/nav_2d_msgs': CMAKE_PREFIX_PATH=${CMAKE_PREFIX_PATH}:/home/agilex/limo_ros2_ws/install/nav2_gazebo_spawner:/opt/ros/foxy /usr/bin/cmake --install /home/agilex/limo_ros2_ws/build/nav_2d_msgs
[2.366s] -- Install configuration: ""
[2.367s] -- Up-to-date: /home/agilex/limo_ros2_ws/install/nav_2d_msgs/share/ament_index/resource_index/rosidl_interfaces/nav_2d_msgs
[2.368s] -- Up-to-date: /home/agilex/limo_ros2_ws/install/nav_2d_msgs/include/nav_2d_msgs
[2.368s] -- Up-to-date: /home/agilex/limo_ros2_ws/install/nav_2d_msgs/include/nav_2d_msgs/msg
[2.369s] -- Up-to-date: /home/agilex/limo_ros2_ws/install/nav_2d_msgs/include/nav_2d_msgs/msg/twist2_d.h
[2.369s] -- Up-to-date: /home/agilex/limo_ros2_ws/install/nav_2d_msgs/include/nav_2d_msgs/msg/pose2_d32.h
[2.369s] -- Up-to-date: /home/agilex/limo_ros2_ws/install/nav_2d_msgs/include/nav_2d_msgs/msg/rosidl_generator_c__visibility_control.h
[2.369s] -- Up-to-date: /home/agilex/limo_ros2_ws/install/nav_2d_msgs/include/nav_2d_msgs/msg/twist2_d_stamped.h
[2.369s] -- Up-to-date: /home/agilex/limo_ros2_ws/install/nav_2d_msgs/include/nav_2d_msgs/msg/path2_d.h
[2.369s] -- Up-to-date: /home/agilex/limo_ros2_ws/install/nav_2d_msgs/include/nav_2d_msgs/msg/detail
[2.369s] -- Up-to-date: /home/agilex/limo_ros2_ws/install/nav_2d_msgs/include/nav_2d_msgs/msg/detail/twist2_d__type_support.h
[2.370s] -- Up-to-date: /home/agilex/limo_ros2_ws/install/nav_2d_msgs/include/nav_2d_msgs/msg/detail/pose2_d32__functions.c
[2.370s] -- Up-to-date: /home/agilex/limo_ros2_ws/install/nav_2d_msgs/include/nav_2d_msgs/msg/detail/pose2_d_stamped__struct.h
[2.370s] -- Up-to-date: /home/agilex/limo_ros2_ws/install/nav_2d_msgs/include/nav_2d_msgs/msg/detail/twist2_d_stamped__functions.h
[2.370s] -- Up-to-date: /home/agilex/limo_ros2_ws/install/nav_2d_msgs/include/nav_2d_msgs/msg/detail/twist2_d32__functions.c
[2.370s] -- Up-to-date: /home/agilex/limo_ros2_ws/install/nav_2d_msgs/include/nav_2d_msgs/msg/detail/twist2_d__struct.h
[2.370s] -- Up-to-date: /home/agilex/limo_ros2_ws/install/nav_2d_msgs/include/nav_2d_msgs/msg/detail/pose2_d_stamped__type_support.h
[2.371s] -- Up-to-date: /home/agilex/limo_ros2_ws/install/nav_2d_msgs/include/nav_2d_msgs/msg/detail/pose2_d_stamped__functions.c
[2.371s] -- Up-to-date: /home/agilex/limo_ros2_ws/install/nav_2d_msgs/include/nav_2d_msgs/msg/detail/twist2_d__functions.c
[2.371s] -- Up-to-date: /home/agilex/limo_ros2_ws/install/nav_2d_msgs/include/nav_2d_msgs/msg/detail/path2_d__type_support.h
[2.371s] -- Up-to-date: /home/agilex/limo_ros2_ws/install/nav_2d_msgs/include/nav_2d_msgs/msg/detail/twist2_d32__functions.h
[2.371s] -- Up-to-date: /home/agilex/limo_ros2_ws/install/nav_2d_msgs/include/nav_2d_msgs/msg/detail/twist2_d32__struct.h
[2.371s] -- Up-to-date: /home/agilex/limo_ros2_ws/install/nav_2d_msgs/include/nav_2d_msgs/msg/detail/pose2_d32__struct.h
[2.371s] -- Up-to-date: /home/agilex/limo_ros2_ws/install/nav_2d_msgs/include/nav_2d_msgs/msg/detail/twist2_d__functions.h
[2.372s] -- Up-to-date: /home/agilex/limo_ros2_ws/install/nav_2d_msgs/include/nav_2d_msgs/msg/detail/path2_d__functions.c
[2.372s] -- Up-to-date: /home/agilex/limo_ros2_ws/install/nav_2d_msgs/include/nav_2d_msgs/msg/detail/twist2_d_stamped__type_support.h
[2.372s] -- Up-to-date: /home/agilex/limo_ros2_ws/install/nav_2d_msgs/include/nav_2d_msgs/msg/detail/pose2_d32__functions.h
[2.372s] -- Up-to-date: /home/agilex/limo_ros2_ws/install/nav_2d_msgs/include/nav_2d_msgs/msg/detail/path2_d__struct.h
[2.372s] -- Up-to-date: /home/agilex/limo_ros2_ws/install/nav_2d_msgs/include/nav_2d_msgs/msg/detail/twist2_d32__type_support.h
[2.372s] -- Up-to-date: /home/agilex/limo_ros2_ws/install/nav_2d_msgs/include/nav_2d_msgs/msg/detail/pose2_d_stamped__functions.h
[2.372s] -- Up-to-date: /home/agilex/limo_ros2_ws/install/nav_2d_msgs/include/nav_2d_msgs/msg/detail/pose2_d32__type_support.h
[2.372s] -- Up-to-date: /home/agilex/limo_ros2_ws/install/nav_2d_msgs/include/nav_2d_msgs/msg/detail/twist2_d_stamped__struct.h
[2.373s] -- Up-to-date: /home/agilex/limo_ros2_ws/install/nav_2d_msgs/include/nav_2d_msgs/msg/detail/twist2_d_stamped__functions.c
[2.373s] -- Up-to-date: /home/agilex/limo_ros2_ws/install/nav_2d_msgs/include/nav_2d_msgs/msg/detail/path2_d__functions.h
[2.373s] -- Up-to-date: /home/agilex/limo_ros2_ws/install/nav_2d_msgs/include/nav_2d_msgs/msg/twist2_d32.h
[2.374s] -- Up-to-date: /home/agilex/limo_ros2_ws/install/nav_2d_msgs/include/nav_2d_msgs/msg/pose2_d_stamped.h
[2.374s] -- Up-to-date: /home/agilex/limo_ros2_ws/install/nav_2d_msgs/share/nav_2d_msgs/environment/library_path.sh
[2.374s] -- Up-to-date: /home/agilex/limo_ros2_ws/install/nav_2d_msgs/share/nav_2d_msgs/environment/library_path.dsv
[2.375s] -- Up-to-date: /home/agilex/limo_ros2_ws/install/nav_2d_msgs/lib/libnav_2d_msgs__rosidl_generator_c.so
[2.375s] -- Up-to-date: /home/agilex/limo_ros2_ws/install/nav_2d_msgs/include/nav_2d_msgs
[2.375s] -- Up-to-date: /home/agilex/limo_ros2_ws/install/nav_2d_msgs/include/nav_2d_msgs/msg
[2.375s] -- Up-to-date: /home/agilex/limo_ros2_ws/install/nav_2d_msgs/include/nav_2d_msgs/msg/rosidl_typesupport_fastrtps_c__visibility_control.h
[2.375s] -- Up-to-date: /home/agilex/limo_ros2_ws/install/nav_2d_msgs/include/nav_2d_msgs/msg/detail
[2.376s] -- Up-to-date: /home/agilex/limo_ros2_ws/install/nav_2d_msgs/include/nav_2d_msgs/msg/detail/twist2_d__rosidl_typesupport_fastrtps_c.h
[2.376s] -- Up-to-date: /home/agilex/limo_ros2_ws/install/nav_2d_msgs/include/nav_2d_msgs/msg/detail/path2_d__rosidl_typesupport_fastrtps_c.h
[2.376s] -- Up-to-date: /home/agilex/limo_ros2_ws/install/nav_2d_msgs/include/nav_2d_msgs/msg/detail/pose2_d_stamped__rosidl_typesupport_fastrtps_c.h
[2.376s] -- Up-to-date: /home/agilex/limo_ros2_ws/install/nav_2d_msgs/include/nav_2d_msgs/msg/detail/twist2_d32__rosidl_typesupport_fastrtps_c.h
[2.376s] -- Up-to-date: /home/agilex/limo_ros2_ws/install/nav_2d_msgs/include/nav_2d_msgs/msg/detail/pose2_d32__rosidl_typesupport_fastrtps_c.h
[2.376s] -- Up-to-date: /home/agilex/limo_ros2_ws/install/nav_2d_msgs/include/nav_2d_msgs/msg/detail/twist2_d_stamped__rosidl_typesupport_fastrtps_c.h
[2.377s] -- Up-to-date: /home/agilex/limo_ros2_ws/install/nav_2d_msgs/lib/libnav_2d_msgs__rosidl_typesupport_fastrtps_c.so
[2.377s] -- Up-to-date: /home/agilex/limo_ros2_ws/install/nav_2d_msgs/include/nav_2d_msgs
[2.378s] -- Up-to-date: /home/agilex/limo_ros2_ws/install/nav_2d_msgs/include/nav_2d_msgs/msg
[2.378s] -- Up-to-date: /home/agilex/limo_ros2_ws/install/nav_2d_msgs/include/nav_2d_msgs/msg/rosidl_typesupport_fastrtps_cpp__visibility_control.h
[2.378s] -- Up-to-date: /home/agilex/limo_ros2_ws/install/nav_2d_msgs/include/nav_2d_msgs/msg/detail
[2.378s] -- Up-to-date: /home/agilex/limo_ros2_ws/install/nav_2d_msgs/include/nav_2d_msgs/msg/detail/twist2_d32__rosidl_typesupport_fastrtps_cpp.hpp
[2.378s] -- Up-to-date: /home/agilex/limo_ros2_ws/install/nav_2d_msgs/include/nav_2d_msgs/msg/detail/dds_fastrtps
[2.378s] -- Up-to-date: /home/agilex/limo_ros2_ws/install/nav_2d_msgs/include/nav_2d_msgs/msg/detail/pose2_d32__rosidl_typesupport_fastrtps_cpp.hpp
[2.379s] -- Up-to-date: /home/agilex/limo_ros2_ws/install/nav_2d_msgs/include/nav_2d_msgs/msg/detail/twist2_d__rosidl_typesupport_fastrtps_cpp.hpp
[2.379s] -- Up-to-date: /home/agilex/limo_ros2_ws/install/nav_2d_msgs/include/nav_2d_msgs/msg/detail/twist2_d_stamped__rosidl_typesupport_fastrtps_cpp.hpp
[2.380s] -- Up-to-date: /home/agilex/limo_ros2_ws/install/nav_2d_msgs/include/nav_2d_msgs/msg/detail/pose2_d_stamped__rosidl_typesupport_fastrtps_cpp.hpp
[2.380s] -- Up-to-date: /home/agilex/limo_ros2_ws/install/nav_2d_msgs/include/nav_2d_msgs/msg/detail/path2_d__rosidl_typesupport_fastrtps_cpp.hpp
[2.380s] -- Up-to-date: /home/agilex/limo_ros2_ws/install/nav_2d_msgs/lib/libnav_2d_msgs__rosidl_typesupport_fastrtps_cpp.so
[2.381s] -- Up-to-date: /home/agilex/limo_ros2_ws/install/nav_2d_msgs/include/nav_2d_msgs
[2.382s] -- Up-to-date: /home/agilex/limo_ros2_ws/install/nav_2d_msgs/include/nav_2d_msgs/msg
[2.382s] -- Up-to-date: /home/agilex/limo_ros2_ws/install/nav_2d_msgs/include/nav_2d_msgs/msg/rosidl_typesupport_introspection_c__visibility_control.h
[2.383s] -- Up-to-date: /home/agilex/limo_ros2_ws/install/nav_2d_msgs/include/nav_2d_msgs/msg/detail
[2.383s] -- Up-to-date: /home/agilex/limo_ros2_ws/install/nav_2d_msgs/include/nav_2d_msgs/msg/detail/twist2_d_stamped__type_support.c
[2.383s] -- Up-to-date: /home/agilex/limo_ros2_ws/install/nav_2d_msgs/include/nav_2d_msgs/msg/detail/path2_d__rosidl_typesupport_introspection_c.h
[2.383s] -- Up-to-date: /home/agilex/limo_ros2_ws/install/nav_2d_msgs/include/nav_2d_msgs/msg/detail/twist2_d__type_support.c
[2.383s] -- Up-to-date: /home/agilex/limo_ros2_ws/install/nav_2d_msgs/include/nav_2d_msgs/msg/detail/twist2_d32__rosidl_typesupport_introspection_c.h
[2.383s] -- Up-to-date: /home/agilex/limo_ros2_ws/install/nav_2d_msgs/include/nav_2d_msgs/msg/detail/pose2_d_stamped__rosidl_typesupport_introspection_c.h
[2.384s] -- Up-to-date: /home/agilex/limo_ros2_ws/install/nav_2d_msgs/include/nav_2d_msgs/msg/detail/twist2_d__rosidl_typesupport_introspection_c.h
[2.385s] -- Up-to-date: /home/agilex/limo_ros2_ws/install/nav_2d_msgs/include/nav_2d_msgs/msg/detail/pose2_d32__rosidl_typesupport_introspection_c.h
[2.385s] -- Up-to-date: /home/agilex/limo_ros2_ws/install/nav_2d_msgs/include/nav_2d_msgs/msg/detail/path2_d__type_support.c
[2.385s] -- Up-to-date: /home/agilex/limo_ros2_ws/install/nav_2d_msgs/include/nav_2d_msgs/msg/detail/pose2_d_stamped__type_support.c
[2.385s] -- Up-to-date: /home/agilex/limo_ros2_ws/install/nav_2d_msgs/include/nav_2d_msgs/msg/detail/twist2_d_stamped__rosidl_typesupport_introspection_c.h
[2.385s] -- Up-to-date: /home/agilex/limo_ros2_ws/install/nav_2d_msgs/include/nav_2d_msgs/msg/detail/twist2_d32__type_support.c
[2.386s] -- Up-to-date: /home/agilex/limo_ros2_ws/install/nav_2d_msgs/include/nav_2d_msgs/msg/detail/pose2_d32__type_support.c
[2.386s] -- Up-to-date: /home/agilex/limo_ros2_ws/install/nav_2d_msgs/lib/libnav_2d_msgs__rosidl_typesupport_introspection_c.so
[2.386s] -- Up-to-date: /home/agilex/limo_ros2_ws/install/nav_2d_msgs/lib/libnav_2d_msgs__rosidl_typesupport_c.so
[2.386s] -- Up-to-date: /home/agilex/limo_ros2_ws/install/nav_2d_msgs/include/nav_2d_msgs
[2.386s] -- Up-to-date: /home/agilex/limo_ros2_ws/install/nav_2d_msgs/include/nav_2d_msgs/msg
[2.387s] -- Up-to-date: /home/agilex/limo_ros2_ws/install/nav_2d_msgs/include/nav_2d_msgs/msg/pose2_d_stamped.hpp
[2.387s] -- Up-to-date: /home/agilex/limo_ros2_ws/install/nav_2d_msgs/include/nav_2d_msgs/msg/twist2_d_stamped.hpp
[2.387s] -- Up-to-date: /home/agilex/limo_ros2_ws/install/nav_2d_msgs/include/nav_2d_msgs/msg/twist2_d.hpp
[2.387s] -- Up-to-date: /home/agilex/limo_ros2_ws/install/nav_2d_msgs/include/nav_2d_msgs/msg/path2_d.hpp
[2.387s] -- Up-to-date: /home/agilex/limo_ros2_ws/install/nav_2d_msgs/include/nav_2d_msgs/msg/rosidl_generator_cpp__visibility_control.hpp
[2.387s] -- Up-to-date: /home/agilex/limo_ros2_ws/install/nav_2d_msgs/include/nav_2d_msgs/msg/twist2_d32.hpp
[2.388s] -- Up-to-date: /home/agilex/limo_ros2_ws/install/nav_2d_msgs/include/nav_2d_msgs/msg/detail
[2.388s] -- Up-to-date: /home/agilex/limo_ros2_ws/install/nav_2d_msgs/include/nav_2d_msgs/msg/detail/twist2_d__struct.hpp
[2.388s] -- Up-to-date: /home/agilex/limo_ros2_ws/install/nav_2d_msgs/include/nav_2d_msgs/msg/detail/twist2_d32__traits.hpp
[2.388s] -- Up-to-date: /home/agilex/limo_ros2_ws/install/nav_2d_msgs/include/nav_2d_msgs/msg/detail/twist2_d_stamped__type_support.hpp
[2.388s] -- Up-to-date: /home/agilex/limo_ros2_ws/install/nav_2d_msgs/include/nav_2d_msgs/msg/detail/path2_d__type_support.hpp
[2.388s] -- Up-to-date: /home/agilex/limo_ros2_ws/install/nav_2d_msgs/include/nav_2d_msgs/msg/detail/pose2_d32__struct.hpp
[2.388s] -- Up-to-date: /home/agilex/limo_ros2_ws/install/nav_2d_msgs/include/nav_2d_msgs/msg/detail/twist2_d32__type_support.hpp
[2.388s] -- Up-to-date: /home/agilex/limo_ros2_ws/install/nav_2d_msgs/include/nav_2d_msgs/msg/detail/twist2_d_stamped__builder.hpp
[2.389s] -- Up-to-date: /home/agilex/limo_ros2_ws/install/nav_2d_msgs/include/nav_2d_msgs/msg/detail/twist2_d32__struct.hpp
[2.389s] -- Up-to-date: /home/agilex/limo_ros2_ws/install/nav_2d_msgs/include/nav_2d_msgs/msg/detail/twist2_d__traits.hpp
[2.389s] -- Up-to-date: /home/agilex/limo_ros2_ws/install/nav_2d_msgs/include/nav_2d_msgs/msg/detail/twist2_d__type_support.hpp
[2.389s] -- Up-to-date: /home/agilex/limo_ros2_ws/install/nav_2d_msgs/include/nav_2d_msgs/msg/detail/pose2_d32__type_support.hpp
[2.389s] -- Up-to-date: /home/agilex/limo_ros2_ws/install/nav_2d_msgs/include/nav_2d_msgs/msg/detail/path2_d__traits.hpp
[2.390s] -- Up-to-date: /home/agilex/limo_ros2_ws/install/nav_2d_msgs/include/nav_2d_msgs/msg/detail/pose2_d32__builder.hpp
[2.390s] -- Up-to-date: /home/agilex/limo_ros2_ws/install/nav_2d_msgs/include/nav_2d_msgs/msg/detail/path2_d__builder.hpp
[2.390s] -- Up-to-date: /home/agilex/limo_ros2_ws/install/nav_2d_msgs/include/nav_2d_msgs/msg/detail/pose2_d_stamped__struct.hpp
[2.390s] -- Up-to-date: /home/agilex/limo_ros2_ws/install/nav_2d_msgs/include/nav_2d_msgs/msg/detail/twist2_d__builder.hpp
[2.390s] -- Up-to-date: /home/agilex/limo_ros2_ws/install/nav_2d_msgs/include/nav_2d_msgs/msg/detail/twist2_d_stamped__traits.hpp
[2.390s] -- Up-to-date: /home/agilex/limo_ros2_ws/install/nav_2d_msgs/include/nav_2d_msgs/msg/detail/pose2_d_stamped__type_support.hpp
[2.390s] -- Up-to-date: /home/agilex/limo_ros2_ws/install/nav_2d_msgs/include/nav_2d_msgs/msg/detail/pose2_d32__traits.hpp
[2.390s] -- Up-to-date: /home/agilex/limo_ros2_ws/install/nav_2d_msgs/include/nav_2d_msgs/msg/detail/twist2_d_stamped__struct.hpp
[2.390s] -- Up-to-date: /home/agilex/limo_ros2_ws/install/nav_2d_msgs/include/nav_2d_msgs/msg/detail/pose2_d_stamped__traits.hpp
[2.391s] -- Up-to-date: /home/agilex/limo_ros2_ws/install/nav_2d_msgs/include/nav_2d_msgs/msg/detail/twist2_d32__builder.hpp
[2.391s] -- Up-to-date: /home/agilex/limo_ros2_ws/install/nav_2d_msgs/include/nav_2d_msgs/msg/detail/path2_d__struct.hpp
[2.391s] -- Up-to-date: /home/agilex/limo_ros2_ws/install/nav_2d_msgs/include/nav_2d_msgs/msg/detail/pose2_d_stamped__builder.hpp
[2.391s] -- Up-to-date: /home/agilex/limo_ros2_ws/install/nav_2d_msgs/include/nav_2d_msgs/msg/pose2_d32.hpp
[2.391s] -- Up-to-date: /home/agilex/limo_ros2_ws/install/nav_2d_msgs/include/nav_2d_msgs
[2.392s] -- Up-to-date: /home/agilex/limo_ros2_ws/install/nav_2d_msgs/include/nav_2d_msgs/msg
[2.392s] -- Up-to-date: /home/agilex/limo_ros2_ws/install/nav_2d_msgs/include/nav_2d_msgs/msg/detail
[2.393s] -- Up-to-date: /home/agilex/limo_ros2_ws/install/nav_2d_msgs/include/nav_2d_msgs/msg/detail/path2_d__type_support.cpp
[2.393s] -- Up-to-date: /home/agilex/limo_ros2_ws/install/nav_2d_msgs/include/nav_2d_msgs/msg/detail/twist2_d__type_support.cpp
[2.393s] -- Up-to-date: /home/agilex/limo_ros2_ws/install/nav_2d_msgs/include/nav_2d_msgs/msg/detail/pose2_d_stamped__rosidl_typesupport_introspection_cpp.hpp
[2.393s] -- Up-to-date: /home/agilex/limo_ros2_ws/install/nav_2d_msgs/include/nav_2d_msgs/msg/detail/path2_d__rosidl_typesupport_introspection_cpp.hpp
[2.393s] -- Up-to-date: /home/agilex/limo_ros2_ws/install/nav_2d_msgs/include/nav_2d_msgs/msg/detail/pose2_d_stamped__type_support.cpp
[2.393s] -- Up-to-date: /home/agilex/limo_ros2_ws/install/nav_2d_msgs/include/nav_2d_msgs/msg/detail/pose2_d32__rosidl_typesupport_introspection_cpp.hpp
[2.393s] -- Up-to-date: /home/agilex/limo_ros2_ws/install/nav_2d_msgs/include/nav_2d_msgs/msg/detail/twist2_d_stamped__rosidl_typesupport_introspection_cpp.hpp
[2.394s] -- Up-to-date: /home/agilex/limo_ros2_ws/install/nav_2d_msgs/include/nav_2d_msgs/msg/detail/pose2_d32__type_support.cpp
[2.394s] -- Up-to-date: /home/agilex/limo_ros2_ws/install/nav_2d_msgs/include/nav_2d_msgs/msg/detail/twist2_d__rosidl_typesupport_introspection_cpp.hpp
[2.394s] -- Up-to-date: /home/agilex/limo_ros2_ws/install/nav_2d_msgs/include/nav_2d_msgs/msg/detail/twist2_d32__rosidl_typesupport_introspection_cpp.hpp
[2.395s] -- Up-to-date: /home/agilex/limo_ros2_ws/install/nav_2d_msgs/include/nav_2d_msgs/msg/detail/twist2_d_stamped__type_support.cpp
[2.395s] -- Up-to-date: /home/agilex/limo_ros2_ws/install/nav_2d_msgs/include/nav_2d_msgs/msg/detail/twist2_d32__type_support.cpp
[2.395s] -- Up-to-date: /home/agilex/limo_ros2_ws/install/nav_2d_msgs/lib/libnav_2d_msgs__rosidl_typesupport_introspection_cpp.so
[2.395s] -- Up-to-date: /home/agilex/limo_ros2_ws/install/nav_2d_msgs/lib/libnav_2d_msgs__rosidl_typesupport_cpp.so
[2.395s] -- Up-to-date: /home/agilex/limo_ros2_ws/install/nav_2d_msgs/share/nav_2d_msgs/environment/pythonpath.sh
[2.395s] -- Up-to-date: /home/agilex/limo_ros2_ws/install/nav_2d_msgs/share/nav_2d_msgs/environment/pythonpath.dsv
[2.395s] -- Up-to-date: /home/agilex/limo_ros2_ws/install/nav_2d_msgs/lib/python3.8/site-packages/nav_2d_msgs/__init__.py
[2.486s] -- Up-to-date: /home/agilex/limo_ros2_ws/install/nav_2d_msgs/lib/python3.8/site-packages/nav_2d_msgs/msg
[2.486s] -- Up-to-date: /home/agilex/limo_ros2_ws/install/nav_2d_msgs/lib/python3.8/site-packages/nav_2d_msgs/msg/_path2_d_s.c
[2.486s] -- Up-to-date: /home/agilex/limo_ros2_ws/install/nav_2d_msgs/lib/python3.8/site-packages/nav_2d_msgs/msg/_pose2_d32.py
[2.487s] -- Up-to-date: /home/agilex/limo_ros2_ws/install/nav_2d_msgs/lib/python3.8/site-packages/nav_2d_msgs/msg/_twist2_d32_s.c
[2.487s] -- Up-to-date: /home/agilex/limo_ros2_ws/install/nav_2d_msgs/lib/python3.8/site-packages/nav_2d_msgs/msg/_twist2_d_s.c
[2.487s] -- Up-to-date: /home/agilex/limo_ros2_ws/install/nav_2d_msgs/lib/python3.8/site-packages/nav_2d_msgs/msg/_twist2_d_stamped_s.c
[2.488s] -- Up-to-date: /home/agilex/limo_ros2_ws/install/nav_2d_msgs/lib/python3.8/site-packages/nav_2d_msgs/msg/_pose2_d32_s.c
[2.488s] -- Up-to-date: /home/agilex/limo_ros2_ws/install/nav_2d_msgs/lib/python3.8/site-packages/nav_2d_msgs/msg/_pose2_d_stamped.py
[2.488s] -- Up-to-date: /home/agilex/limo_ros2_ws/install/nav_2d_msgs/lib/python3.8/site-packages/nav_2d_msgs/msg/__init__.py
[2.488s] -- Up-to-date: /home/agilex/limo_ros2_ws/install/nav_2d_msgs/lib/python3.8/site-packages/nav_2d_msgs/msg/_twist2_d_stamped.py
[2.488s] -- Up-to-date: /home/agilex/limo_ros2_ws/install/nav_2d_msgs/lib/python3.8/site-packages/nav_2d_msgs/msg/_twist2_d.py
[2.488s] -- Up-to-date: /home/agilex/limo_ros2_ws/install/nav_2d_msgs/lib/python3.8/site-packages/nav_2d_msgs/msg/_pose2_d_stamped_s.c
[2.488s] -- Up-to-date: /home/agilex/limo_ros2_ws/install/nav_2d_msgs/lib/python3.8/site-packages/nav_2d_msgs/msg/_path2_d.py
[2.488s] -- Up-to-date: /home/agilex/limo_ros2_ws/install/nav_2d_msgs/lib/python3.8/site-packages/nav_2d_msgs/msg/_twist2_d32.py
[2.489s] -- Up-to-date: /home/agilex/limo_ros2_ws/install/nav_2d_msgs/lib/python3.8/site-packages/nav_2d_msgs/nav_2d_msgs_s__rosidl_typesupport_fastrtps_c.cpython-38-aarch64-linux-gnu.so
[2.489s] -- Up-to-date: /home/agilex/limo_ros2_ws/install/nav_2d_msgs/lib/python3.8/site-packages/nav_2d_msgs/nav_2d_msgs_s__rosidl_typesupport_introspection_c.cpython-38-aarch64-linux-gnu.so
[2.491s] -- Up-to-date: /home/agilex/limo_ros2_ws/install/nav_2d_msgs/lib/python3.8/site-packages/nav_2d_msgs/nav_2d_msgs_s__rosidl_typesupport_c.cpython-38-aarch64-linux-gnu.so
[2.491s] -- Up-to-date: /home/agilex/limo_ros2_ws/install/nav_2d_msgs/lib/libnav_2d_msgs__python.so
[2.491s] -- Up-to-date: /home/agilex/limo_ros2_ws/install/nav_2d_msgs/share/nav_2d_msgs/msg/Path2D.idl
[2.492s] -- Up-to-date: /home/agilex/limo_ros2_ws/install/nav_2d_msgs/share/nav_2d_msgs/msg/Pose2D32.idl
[2.493s] -- Up-to-date: /home/agilex/limo_ros2_ws/install/nav_2d_msgs/share/nav_2d_msgs/msg/Pose2DStamped.idl
[2.493s] -- Up-to-date: /home/agilex/limo_ros2_ws/install/nav_2d_msgs/share/nav_2d_msgs/msg/Twist2D.idl
[2.494s] -- Up-to-date: /home/agilex/limo_ros2_ws/install/nav_2d_msgs/share/nav_2d_msgs/msg/Twist2D32.idl
[2.494s] -- Up-to-date: /home/agilex/limo_ros2_ws/install/nav_2d_msgs/share/nav_2d_msgs/msg/Twist2DStamped.idl
[2.496s] -- Up-to-date: /home/agilex/limo_ros2_ws/install/nav_2d_msgs/share/nav_2d_msgs/msg/Path2D.msg
[2.496s] -- Up-to-date: /home/agilex/limo_ros2_ws/install/nav_2d_msgs/share/nav_2d_msgs/msg/Pose2D32.msg
[2.496s] -- Up-to-date: /home/agilex/limo_ros2_ws/install/nav_2d_msgs/share/nav_2d_msgs/msg/Pose2DStamped.msg
[2.496s] -- Up-to-date: /home/agilex/limo_ros2_ws/install/nav_2d_msgs/share/nav_2d_msgs/msg/Twist2D.msg
[2.497s] -- Up-to-date: /home/agilex/limo_ros2_ws/install/nav_2d_msgs/share/nav_2d_msgs/msg/Twist2D32.msg
[2.497s] -- Up-to-date: /home/agilex/limo_ros2_ws/install/nav_2d_msgs/share/nav_2d_msgs/msg/Twist2DStamped.msg
[2.497s] -- Up-to-date: /home/agilex/limo_ros2_ws/install/nav_2d_msgs/share/ament_index/resource_index/package_run_dependencies/nav_2d_msgs
[2.497s] -- Up-to-date: /home/agilex/limo_ros2_ws/install/nav_2d_msgs/share/ament_index/resource_index/parent_prefix_path/nav_2d_msgs
[2.497s] -- Up-to-date: /home/agilex/limo_ros2_ws/install/nav_2d_msgs/share/nav_2d_msgs/environment/ament_prefix_path.sh
[2.497s] -- Up-to-date: /home/agilex/limo_ros2_ws/install/nav_2d_msgs/share/nav_2d_msgs/environment/ament_prefix_path.dsv
[2.497s] -- Up-to-date: /home/agilex/limo_ros2_ws/install/nav_2d_msgs/share/nav_2d_msgs/environment/path.sh
[2.498s] -- Up-to-date: /home/agilex/limo_ros2_ws/install/nav_2d_msgs/share/nav_2d_msgs/environment/path.dsv
[2.498s] -- Up-to-date: /home/agilex/limo_ros2_ws/install/nav_2d_msgs/share/nav_2d_msgs/local_setup.bash
[2.498s] -- Up-to-date: /home/agilex/limo_ros2_ws/install/nav_2d_msgs/share/nav_2d_msgs/local_setup.sh
[2.498s] -- Up-to-date: /home/agilex/limo_ros2_ws/install/nav_2d_msgs/share/nav_2d_msgs/local_setup.zsh
[2.498s] -- Up-to-date: /home/agilex/limo_ros2_ws/install/nav_2d_msgs/share/nav_2d_msgs/local_setup.dsv
[2.498s] -- Installing: /home/agilex/limo_ros2_ws/install/nav_2d_msgs/share/nav_2d_msgs/package.dsv
[2.498s] -- Up-to-date: /home/agilex/limo_ros2_ws/install/nav_2d_msgs/share/ament_index/resource_index/packages/nav_2d_msgs
[2.498s] -- Up-to-date: /home/agilex/limo_ros2_ws/install/nav_2d_msgs/share/nav_2d_msgs/cmake/nav_2d_msgs__rosidl_generator_cExport.cmake
[2.499s] -- Up-to-date: /home/agilex/limo_ros2_ws/install/nav_2d_msgs/share/nav_2d_msgs/cmake/nav_2d_msgs__rosidl_generator_cExport-noconfig.cmake
[2.499s] -- Up-to-date: /home/agilex/limo_ros2_ws/install/nav_2d_msgs/share/nav_2d_msgs/cmake/nav_2d_msgs__rosidl_typesupport_introspection_cExport.cmake
[2.500s] -- Up-to-date: /home/agilex/limo_ros2_ws/install/nav_2d_msgs/share/nav_2d_msgs/cmake/nav_2d_msgs__rosidl_typesupport_introspection_cExport-noconfig.cmake
[2.502s] -- Up-to-date: /home/agilex/limo_ros2_ws/install/nav_2d_msgs/share/nav_2d_msgs/cmake/nav_2d_msgs__rosidl_typesupport_cExport.cmake
[2.502s] -- Up-to-date: /home/agilex/limo_ros2_ws/install/nav_2d_msgs/share/nav_2d_msgs/cmake/nav_2d_msgs__rosidl_typesupport_cExport-noconfig.cmake
[2.503s] -- Up-to-date: /home/agilex/limo_ros2_ws/install/nav_2d_msgs/share/nav_2d_msgs/cmake/nav_2d_msgs__rosidl_generator_cppExport.cmake
[2.503s] -- Up-to-date: /home/agilex/limo_ros2_ws/install/nav_2d_msgs/share/nav_2d_msgs/cmake/nav_2d_msgs__rosidl_typesupport_introspection_cppExport.cmake
[2.504s] -- Up-to-date: /home/agilex/limo_ros2_ws/install/nav_2d_msgs/share/nav_2d_msgs/cmake/nav_2d_msgs__rosidl_typesupport_introspection_cppExport-noconfig.cmake
[2.504s] -- Up-to-date: /home/agilex/limo_ros2_ws/install/nav_2d_msgs/share/nav_2d_msgs/cmake/nav_2d_msgs__rosidl_typesupport_cppExport.cmake
[2.504s] -- Up-to-date: /home/agilex/limo_ros2_ws/install/nav_2d_msgs/share/nav_2d_msgs/cmake/nav_2d_msgs__rosidl_typesupport_cppExport-noconfig.cmake
[2.505s] -- Up-to-date: /home/agilex/limo_ros2_ws/install/nav_2d_msgs/share/nav_2d_msgs/cmake/rosidl_cmake-extras.cmake
[2.506s] -- Up-to-date: /home/agilex/limo_ros2_ws/install/nav_2d_msgs/share/nav_2d_msgs/cmake/ament_cmake_export_dependencies-extras.cmake
[2.506s] -- Up-to-date: /home/agilex/limo_ros2_ws/install/nav_2d_msgs/share/nav_2d_msgs/cmake/ament_cmake_export_libraries-extras.cmake
[2.507s] -- Up-to-date: /home/agilex/limo_ros2_ws/install/nav_2d_msgs/share/nav_2d_msgs/cmake/ament_cmake_export_targets-extras.cmake
[2.508s] -- Up-to-date: /home/agilex/limo_ros2_ws/install/nav_2d_msgs/share/nav_2d_msgs/cmake/ament_cmake_export_include_directories-extras.cmake
[2.508s] -- Up-to-date: /home/agilex/limo_ros2_ws/install/nav_2d_msgs/share/nav_2d_msgs/cmake/rosidl_cmake_export_typesupport_libraries-extras.cmake
[2.508s] -- Up-to-date: /home/agilex/limo_ros2_ws/install/nav_2d_msgs/share/nav_2d_msgs/cmake/rosidl_cmake_export_typesupport_targets-extras.cmake
[2.508s] -- Up-to-date: /home/agilex/limo_ros2_ws/install/nav_2d_msgs/share/nav_2d_msgs/cmake/nav_2d_msgsConfig.cmake
[2.508s] -- Up-to-date: /home/agilex/limo_ros2_ws/install/nav_2d_msgs/share/nav_2d_msgs/cmake/nav_2d_msgsConfig-version.cmake
[2.508s] -- Up-to-date: /home/agilex/limo_ros2_ws/install/nav_2d_msgs/share/nav_2d_msgs/package.xml
[2.559s] Invoked command in '/home/agilex/limo_ros2_ws/build/nav_2d_msgs' returned '0': CMAKE_PREFIX_PATH=${CMAKE_PREFIX_PATH}:/home/agilex/limo_ros2_ws/install/nav2_gazebo_spawner:/opt/ros/foxy /usr/bin/cmake --install /home/agilex/limo_ros2_ws/build/nav_2d_msgs
