[0.135s] Invoking command in '/home/agilex/limo_ros2_ws/src/build/nav_2d_msgs': CMAKE_PREFIX_PATH=${CMAKE_PREFIX_PATH}:/home/agilex/limo_ros2_ws/install/nav2_gazebo_spawner:/opt/ros/foxy /usr/bin/cmake /home/agilex/limo_ros2_ws/src/navigation2/nav2_dwb_controller/nav_2d_msgs -DCMAKE_BUILD_TYPE=Release -DCMAKE_INSTALL_PREFIX=/home/agilex/limo_ros2_ws/src/install/nav_2d_msgs
[0.382s] -- The C compiler identification is GNU 9.4.0
[0.524s] -- The CXX compiler identification is GNU 9.4.0
[0.541s] -- Check for working C compiler: /usr/bin/cc
[0.736s] -- Check for working C compiler: /usr/bin/cc -- works
[0.747s] -- Detecting C compiler ABI info
[1.005s] -- Detecting C compiler ABI info - done
[1.038s] -- Detecting C compile features
[1.039s] -- Detecting C compile features - done
[1.049s] -- Check for working CXX compiler: /usr/bin/c++
[1.282s] -- Check for working CXX compiler: /usr/bin/c++ -- works
[1.284s] -- Detecting CXX compiler ABI info
[1.516s] -- Detecting CXX compiler ABI info - done
[1.535s] -- Detecting CXX compile features
[1.536s] -- Detecting CXX compile features - done
[1.551s] -- Found geometry_msgs: 2.0.5 (/opt/ros/foxy/share/geometry_msgs/cmake)
[1.629s] -- Found PythonInterp: /usr/bin/python3 (found suitable version "3.8.10", minimum required is "3") 
[1.630s] -- Using PYTHON_EXECUTABLE: /usr/bin/python3
[2.391s] -- Using all available rosidl_typesupport_c: rosidl_typesupport_fastrtps_c;rosidl_typesupport_introspection_c
[2.436s] -- Found rosidl_adapter: 1.3.1 (/opt/ros/foxy/share/rosidl_adapter/cmake)
[2.759s] -- Found OpenSSL: /usr/lib/aarch64-linux-gnu/libcrypto.so (found version "1.1.1f")  
[2.845s] -- Found FastRTPS: /opt/ros/foxy/include  
[3.082s] -- Using all available rosidl_typesupport_cpp: rosidl_typesupport_fastrtps_cpp;rosidl_typesupport_introspection_cpp
[3.271s] -- Found rosidl_default_generators: 1.0.1 (/opt/ros/foxy/share/rosidl_default_generators/cmake)
[3.371s] -- Found PythonInterp: /usr/bin/python3 (found version "3.8.10") 
[3.851s] -- Found ament_cmake_ros: 0.9.2 (/opt/ros/foxy/share/ament_cmake_ros/cmake)
[4.458s] -- Using all available rosidl_typesupport_c: rosidl_typesupport_fastrtps_c;rosidl_typesupport_introspection_c
[4.690s] -- Using all available rosidl_typesupport_cpp: rosidl_typesupport_fastrtps_cpp;rosidl_typesupport_introspection_cpp
[4.766s] -- Found PythonInterp: /usr/bin/python3 (found suitable version "3.8.10", minimum required is "3.5") 
[4.784s] -- Found python_cmake_module: 0.8.1 (/opt/ros/foxy/share/python_cmake_module/cmake)
[4.858s] -- Found PythonLibs: /usr/lib/aarch64-linux-gnu/libpython3.8.so (found suitable version "3.8.10", minimum required is "3.5") 
[4.859s] -- Using PYTHON_EXECUTABLE: /usr/bin/python3
[4.859s] -- Using PYTHON_INCLUDE_DIRS: /usr/include/python3.8
[4.859s] -- Using PYTHON_LIBRARIES: /usr/lib/aarch64-linux-gnu/libpython3.8.so
[4.918s] -- Found PythonExtra: .so  
[5.176s] -- Configuring done
[5.340s] -- Generating done
[5.346s] -- Build files have been written to: /home/agilex/limo_ros2_ws/src/build/nav_2d_msgs
[5.391s] Invoked command in '/home/agilex/limo_ros2_ws/src/build/nav_2d_msgs' returned '0': CMAKE_PREFIX_PATH=${CMAKE_PREFIX_PATH}:/home/agilex/limo_ros2_ws/install/nav2_gazebo_spawner:/opt/ros/foxy /usr/bin/cmake /home/agilex/limo_ros2_ws/src/navigation2/nav2_dwb_controller/nav_2d_msgs -DCMAKE_BUILD_TYPE=Release -DCMAKE_INSTALL_PREFIX=/home/agilex/limo_ros2_ws/src/install/nav_2d_msgs
[5.394s] Invoking command in '/home/agilex/limo_ros2_ws/src/build/nav_2d_msgs': CMAKE_PREFIX_PATH=${CMAKE_PREFIX_PATH}:/home/agilex/limo_ros2_ws/install/nav2_gazebo_spawner:/opt/ros/foxy /usr/bin/cmake --build /home/agilex/limo_ros2_ws/src/build/nav_2d_msgs -- -j6 -l6
[5.598s] [  1%] [34m[1mGenerating C code for ROS interfaces[0m
[5.640s] [35m[1mScanning dependencies of target nav_2d_msgs__cpp[0m
[5.681s] [  2%] [34m[1mGenerating C++ code for ROS interfaces[0m
[8.237s] [35m[1mScanning dependencies of target nav_2d_msgs__rosidl_generator_c[0m
[8.413s] [  4%] [32mBuilding C object CMakeFiles/nav_2d_msgs__rosidl_generator_c.dir/rosidl_generator_c/nav_2d_msgs/msg/detail/path2_d__functions.c.o[0m
[8.498s] [  5%] [32mBuilding C object CMakeFiles/nav_2d_msgs__rosidl_generator_c.dir/rosidl_generator_c/nav_2d_msgs/msg/detail/pose2_d32__functions.c.o[0m
[8.732s] [  7%] [32mBuilding C object CMakeFiles/nav_2d_msgs__rosidl_generator_c.dir/rosidl_generator_c/nav_2d_msgs/msg/detail/pose2_d_stamped__functions.c.o[0m
[8.924s] [  8%] [32mBuilding C object CMakeFiles/nav_2d_msgs__rosidl_generator_c.dir/rosidl_generator_c/nav_2d_msgs/msg/detail/twist2_d__functions.c.o[0m
[9.234s] [  9%] [32mBuilding C object CMakeFiles/nav_2d_msgs__rosidl_generator_c.dir/rosidl_generator_c/nav_2d_msgs/msg/detail/twist2_d32__functions.c.o[0m
[9.274s] [  9%] Built target nav_2d_msgs__cpp
[9.387s] [ 11%] [32mBuilding C object CMakeFiles/nav_2d_msgs__rosidl_generator_c.dir/rosidl_generator_c/nav_2d_msgs/msg/detail/twist2_d_stamped__functions.c.o[0m
[9.473s] [ 12%] [34m[1mGenerating C++ introspection for ROS interfaces[0m
[9.481s] [ 14%] [34m[1mGenerating C++ type support dispatch for ROS interfaces[0m
[9.658s] [ 15%] [34m[1mGenerating C++ type support for eProsima Fast-RTPS[0m
[10.567s] [ 16%] [32m[1mLinking C shared library libnav_2d_msgs__rosidl_generator_c.so[0m
[11.073s] [ 16%] Built target nav_2d_msgs__rosidl_generator_c
[11.217s] [ 18%] [34m[1mGenerating C introspection for ROS interfaces[0m
[11.241s] [ 19%] [34m[1mGenerating C type support dispatch for ROS interfaces[0m
[12.512s] [35m[1mScanning dependencies of target nav_2d_msgs__rosidl_typesupport_cpp[0m
[12.780s] [ 21%] [32mBuilding CXX object CMakeFiles/nav_2d_msgs__rosidl_typesupport_cpp.dir/rosidl_typesupport_cpp/nav_2d_msgs/msg/path2_d__type_support.cpp.o[0m
[13.155s] [ 22%] [32mBuilding CXX object CMakeFiles/nav_2d_msgs__rosidl_typesupport_cpp.dir/rosidl_typesupport_cpp/nav_2d_msgs/msg/pose2_d32__type_support.cpp.o[0m
[13.176s] [35m[1mScanning dependencies of target nav_2d_msgs__rosidl_typesupport_fastrtps_cpp[0m
[13.275s] [35m[1mScanning dependencies of target nav_2d_msgs__rosidl_typesupport_introspection_cpp[0m
[13.391s] [ 23%] [32mBuilding CXX object CMakeFiles/nav_2d_msgs__rosidl_typesupport_fastrtps_cpp.dir/rosidl_typesupport_fastrtps_cpp/nav_2d_msgs/msg/detail/dds_fastrtps/path2_d__type_support.cpp.o[0m
[13.567s] [ 25%] [32mBuilding CXX object CMakeFiles/nav_2d_msgs__rosidl_typesupport_introspection_cpp.dir/rosidl_typesupport_introspection_cpp/nav_2d_msgs/msg/detail/path2_d__type_support.cpp.o[0m
[14.061s] [35m[1mScanning dependencies of target nav_2d_msgs__rosidl_typesupport_c[0m
[14.233s] [ 26%] [32mBuilding CXX object CMakeFiles/nav_2d_msgs__rosidl_typesupport_c.dir/rosidl_typesupport_c/nav_2d_msgs/msg/path2_d__type_support.cpp.o[0m
[14.619s] [ 28%] [32mBuilding CXX object CMakeFiles/nav_2d_msgs__rosidl_typesupport_c.dir/rosidl_typesupport_c/nav_2d_msgs/msg/pose2_d32__type_support.cpp.o[0m
[15.015s] [ 29%] [32mBuilding CXX object CMakeFiles/nav_2d_msgs__rosidl_typesupport_c.dir/rosidl_typesupport_c/nav_2d_msgs/msg/pose2_d_stamped__type_support.cpp.o[0m
[15.348s] [35m[1mScanning dependencies of target nav_2d_msgs__rosidl_typesupport_introspection_c[0m
[15.391s] [ 30%] [32mBuilding CXX object CMakeFiles/nav_2d_msgs__rosidl_typesupport_c.dir/rosidl_typesupport_c/nav_2d_msgs/msg/twist2_d__type_support.cpp.o[0m
[15.587s] [ 32%] [32mBuilding C object CMakeFiles/nav_2d_msgs__rosidl_typesupport_introspection_c.dir/rosidl_typesupport_introspection_c/nav_2d_msgs/msg/detail/path2_d__type_support.c.o[0m
[15.703s] [ 33%] [32mBuilding C object CMakeFiles/nav_2d_msgs__rosidl_typesupport_introspection_c.dir/rosidl_typesupport_introspection_c/nav_2d_msgs/msg/detail/pose2_d32__type_support.c.o[0m
[15.713s] [ 35%] [32mBuilding CXX object CMakeFiles/nav_2d_msgs__rosidl_typesupport_c.dir/rosidl_typesupport_c/nav_2d_msgs/msg/twist2_d32__type_support.cpp.o[0m
[15.966s] [ 36%] [32mBuilding C object CMakeFiles/nav_2d_msgs__rosidl_typesupport_introspection_c.dir/rosidl_typesupport_introspection_c/nav_2d_msgs/msg/detail/pose2_d_stamped__type_support.c.o[0m
[16.019s] [ 38%] [32mBuilding CXX object CMakeFiles/nav_2d_msgs__rosidl_typesupport_cpp.dir/rosidl_typesupport_cpp/nav_2d_msgs/msg/pose2_d_stamped__type_support.cpp.o[0m
[16.024s] [ 39%] [32mBuilding CXX object CMakeFiles/nav_2d_msgs__rosidl_typesupport_c.dir/rosidl_typesupport_c/nav_2d_msgs/msg/twist2_d_stamped__type_support.cpp.o[0m
[16.142s] [ 40%] [32mBuilding C object CMakeFiles/nav_2d_msgs__rosidl_typesupport_introspection_c.dir/rosidl_typesupport_introspection_c/nav_2d_msgs/msg/detail/twist2_d__type_support.c.o[0m
[16.397s] [ 42%] [32mBuilding C object CMakeFiles/nav_2d_msgs__rosidl_typesupport_introspection_c.dir/rosidl_typesupport_introspection_c/nav_2d_msgs/msg/detail/twist2_d32__type_support.c.o[0m
[16.397s] [ 43%] [32m[1mLinking CXX shared library libnav_2d_msgs__rosidl_typesupport_c.so[0m
[16.609s] [ 45%] [32mBuilding C object CMakeFiles/nav_2d_msgs__rosidl_typesupport_introspection_c.dir/rosidl_typesupport_introspection_c/nav_2d_msgs/msg/detail/twist2_d_stamped__type_support.c.o[0m
[16.866s] [ 46%] [32mBuilding CXX object CMakeFiles/nav_2d_msgs__rosidl_typesupport_introspection_cpp.dir/rosidl_typesupport_introspection_cpp/nav_2d_msgs/msg/detail/pose2_d32__type_support.cpp.o[0m
[16.887s] [ 46%] Built target nav_2d_msgs__rosidl_typesupport_c
[16.955s] [ 47%] [32m[1mLinking C shared library libnav_2d_msgs__rosidl_typesupport_introspection_c.so[0m
[17.032s] [ 49%] [32mBuilding CXX object CMakeFiles/nav_2d_msgs__rosidl_typesupport_introspection_cpp.dir/rosidl_typesupport_introspection_cpp/nav_2d_msgs/msg/detail/twist2_d__type_support.cpp.o[0m
[17.118s] [ 50%] [32mBuilding CXX object CMakeFiles/nav_2d_msgs__rosidl_typesupport_introspection_cpp.dir/rosidl_typesupport_introspection_cpp/nav_2d_msgs/msg/detail/pose2_d_stamped__type_support.cpp.o[0m
[17.374s] [ 50%] Built target nav_2d_msgs__rosidl_typesupport_introspection_c
[17.491s] [ 52%] [32mBuilding CXX object CMakeFiles/nav_2d_msgs__rosidl_typesupport_introspection_cpp.dir/rosidl_typesupport_introspection_cpp/nav_2d_msgs/msg/detail/twist2_d32__type_support.cpp.o[0m
[18.520s] [ 53%] [32mBuilding CXX object CMakeFiles/nav_2d_msgs__rosidl_typesupport_fastrtps_cpp.dir/rosidl_typesupport_fastrtps_cpp/nav_2d_msgs/msg/detail/dds_fastrtps/pose2_d32__type_support.cpp.o[0m
[18.708s] [ 54%] [32mBuilding CXX object CMakeFiles/nav_2d_msgs__rosidl_typesupport_cpp.dir/rosidl_typesupport_cpp/nav_2d_msgs/msg/twist2_d__type_support.cpp.o[0m
[19.628s] [ 56%] [32mBuilding CXX object CMakeFiles/nav_2d_msgs__rosidl_typesupport_introspection_cpp.dir/rosidl_typesupport_introspection_cpp/nav_2d_msgs/msg/detail/twist2_d_stamped__type_support.cpp.o[0m
[19.939s] [ 57%] [32mBuilding CXX object CMakeFiles/nav_2d_msgs__rosidl_typesupport_cpp.dir/rosidl_typesupport_cpp/nav_2d_msgs/msg/twist2_d32__type_support.cpp.o[0m
[20.061s] [ 59%] [32mBuilding CXX object CMakeFiles/nav_2d_msgs__rosidl_typesupport_fastrtps_cpp.dir/rosidl_typesupport_fastrtps_cpp/nav_2d_msgs/msg/detail/dds_fastrtps/pose2_d_stamped__type_support.cpp.o[0m
[21.992s] [ 60%] [32m[1mLinking CXX shared library libnav_2d_msgs__rosidl_typesupport_introspection_cpp.so[0m
[22.484s] [ 61%] [32mBuilding CXX object CMakeFiles/nav_2d_msgs__rosidl_typesupport_cpp.dir/rosidl_typesupport_cpp/nav_2d_msgs/msg/twist2_d_stamped__type_support.cpp.o[0m
[22.537s] [ 61%] Built target nav_2d_msgs__rosidl_typesupport_introspection_cpp
[22.582s] [ 63%] [32mBuilding CXX object CMakeFiles/nav_2d_msgs__rosidl_typesupport_fastrtps_cpp.dir/rosidl_typesupport_fastrtps_cpp/nav_2d_msgs/msg/detail/dds_fastrtps/twist2_d_stamped__type_support.cpp.o[0m
[23.881s] [ 64%] [32mBuilding CXX object CMakeFiles/nav_2d_msgs__rosidl_typesupport_fastrtps_cpp.dir/rosidl_typesupport_fastrtps_cpp/nav_2d_msgs/msg/detail/dds_fastrtps/twist2_d32__type_support.cpp.o[0m
[24.082s] [ 66%] [32m[1mLinking CXX shared library libnav_2d_msgs__rosidl_typesupport_cpp.so[0m
[24.447s] [ 66%] Built target nav_2d_msgs__rosidl_typesupport_cpp
[25.788s] [ 67%] [32mBuilding CXX object CMakeFiles/nav_2d_msgs__rosidl_typesupport_fastrtps_cpp.dir/rosidl_typesupport_fastrtps_cpp/nav_2d_msgs/msg/detail/dds_fastrtps/twist2_d__type_support.cpp.o[0m
[27.679s] [ 69%] [32m[1mLinking CXX shared library libnav_2d_msgs__rosidl_typesupport_fastrtps_cpp.so[0m
[28.108s] [ 69%] Built target nav_2d_msgs__rosidl_typesupport_fastrtps_cpp
[28.185s] [ 70%] [34m[1mGenerating C type support for eProsima Fast-RTPS[0m
[30.124s] [35m[1mScanning dependencies of target nav_2d_msgs__rosidl_typesupport_fastrtps_c[0m
[30.224s] [ 71%] [32mBuilding CXX object CMakeFiles/nav_2d_msgs__rosidl_typesupport_fastrtps_c.dir/rosidl_typesupport_fastrtps_c/nav_2d_msgs/msg/detail/path2_d__type_support_c.cpp.o[0m
[31.300s] [ 73%] [32mBuilding CXX object CMakeFiles/nav_2d_msgs__rosidl_typesupport_fastrtps_c.dir/rosidl_typesupport_fastrtps_c/nav_2d_msgs/msg/detail/twist2_d_stamped__type_support_c.cpp.o[0m
[32.436s] [ 74%] [32mBuilding CXX object CMakeFiles/nav_2d_msgs__rosidl_typesupport_fastrtps_c.dir/rosidl_typesupport_fastrtps_c/nav_2d_msgs/msg/detail/twist2_d32__type_support_c.cpp.o[0m
[33.510s] [ 76%] [32mBuilding CXX object CMakeFiles/nav_2d_msgs__rosidl_typesupport_fastrtps_c.dir/rosidl_typesupport_fastrtps_c/nav_2d_msgs/msg/detail/twist2_d__type_support_c.cpp.o[0m
[34.509s] [ 77%] [32mBuilding CXX object CMakeFiles/nav_2d_msgs__rosidl_typesupport_fastrtps_c.dir/rosidl_typesupport_fastrtps_c/nav_2d_msgs/msg/detail/pose2_d_stamped__type_support_c.cpp.o[0m
[34.617s] make[2]: *** wait: No child processes.  Stop.
[34.617s] make[2]: *** Waiting for unfinished jobs....
[34.617s] make[2]: *** wait: No child processes.  Stop.
[34.638s] make[1]: *** [CMakeFiles/Makefile2:411: CMakeFiles/nav_2d_msgs__rosidl_typesupport_fastrtps_c.dir/all] Error 2
[34.639s] make: *** [Makefile:141: all] Interrupt
[34.710s] Invoked command in '/home/agilex/limo_ros2_ws/src/build/nav_2d_msgs' returned '-2': CMAKE_PREFIX_PATH=${CMAKE_PREFIX_PATH}:/home/agilex/limo_ros2_ws/install/nav2_gazebo_spawner:/opt/ros/foxy /usr/bin/cmake --build /home/agilex/limo_ros2_ws/src/build/nav_2d_msgs -- -j6 -l6
