[0.158s] Invoking command in '/home/agilex/limo_ros2_ws/build/limo_description': CMAKE_PREFIX_PATH=${CMAKE_PREFIX_PATH}:/home/agilex/limo_ros2_ws/install/ultraarm:/home/agilex/limo_ros2_ws/install/nav2_gazebo_spawner:/home/agilex/limo_ros2_ws/install/mypalletizer_260_pi:/home/agilex/limo_ros2_ws/install/mypalletizer_260:/home/agilex/limo_ros2_ws/install/mypalletizer_communication:/home/agilex/limo_ros2_ws/install/mycobot_630:/home/agilex/limo_ros2_ws/install/mycobot_600:/home/agilex/limo_ros2_ws/install/mycobot_320pi:/home/agilex/limo_ros2_ws/install/mycobot_320:/home/agilex/limo_ros2_ws/install/mycobot_280pi:/home/agilex/limo_ros2_ws/install/mycobot_280jn:/home/agilex/limo_ros2_ws/install/mycobot_280_x3pi:/home/agilex/limo_ros2_ws/install/mycobot_280:/home/agilex/limo_ros2_ws/install/myarm_300:/home/agilex/limo_ros2_ws/install/mycobot_communication:/home/agilex/limo_ros2_ws/install/mecharm_pi:/home/agilex/limo_ros2_ws/install/mecharm:/home/agilex/limo_ros2_ws/install/mecharm_communication:/home/agilex/limo_ros2_ws/install/mybuddy:/home/agilex/limo_ros2_ws/install/mycobot_description:/opt/ros/foxy /usr/bin/cmake --build /home/agilex/limo_ros2_ws/build/limo_description -- -j6 -l6
[0.347s] Invoked command in '/home/agilex/limo_ros2_ws/build/limo_description' returned '0': CMAKE_PREFIX_PATH=${CMAKE_PREFIX_PATH}:/home/agilex/limo_ros2_ws/install/ultraarm:/home/agilex/limo_ros2_ws/install/nav2_gazebo_spawner:/home/agilex/limo_ros2_ws/install/mypalletizer_260_pi:/home/agilex/limo_ros2_ws/install/mypalletizer_260:/home/agilex/limo_ros2_ws/install/mypalletizer_communication:/home/agilex/limo_ros2_ws/install/mycobot_630:/home/agilex/limo_ros2_ws/install/mycobot_600:/home/agilex/limo_ros2_ws/install/mycobot_320pi:/home/agilex/limo_ros2_ws/install/mycobot_320:/home/agilex/limo_ros2_ws/install/mycobot_280pi:/home/agilex/limo_ros2_ws/install/mycobot_280jn:/home/agilex/limo_ros2_ws/install/mycobot_280_x3pi:/home/agilex/limo_ros2_ws/install/mycobot_280:/home/agilex/limo_ros2_ws/install/myarm_300:/home/agilex/limo_ros2_ws/install/mycobot_communication:/home/agilex/limo_ros2_ws/install/mecharm_pi:/home/agilex/limo_ros2_ws/install/mecharm:/home/agilex/limo_ros2_ws/install/mecharm_communication:/home/agilex/limo_ros2_ws/install/mybuddy:/home/agilex/limo_ros2_ws/install/mycobot_description:/opt/ros/foxy /usr/bin/cmake --build /home/agilex/limo_ros2_ws/build/limo_description -- -j6 -l6
[0.568s] Invoking command in '/home/agilex/limo_ros2_ws/build/limo_description': CMAKE_PREFIX_PATH=${CMAKE_PREFIX_PATH}:/home/agilex/limo_ros2_ws/install/ultraarm:/home/agilex/limo_ros2_ws/install/nav2_gazebo_spawner:/home/agilex/limo_ros2_ws/install/mypalletizer_260_pi:/home/agilex/limo_ros2_ws/install/mypalletizer_260:/home/agilex/limo_ros2_ws/install/mypalletizer_communication:/home/agilex/limo_ros2_ws/install/mycobot_630:/home/agilex/limo_ros2_ws/install/mycobot_600:/home/agilex/limo_ros2_ws/install/mycobot_320pi:/home/agilex/limo_ros2_ws/install/mycobot_320:/home/agilex/limo_ros2_ws/install/mycobot_280pi:/home/agilex/limo_ros2_ws/install/mycobot_280jn:/home/agilex/limo_ros2_ws/install/mycobot_280_x3pi:/home/agilex/limo_ros2_ws/install/mycobot_280:/home/agilex/limo_ros2_ws/install/myarm_300:/home/agilex/limo_ros2_ws/install/mycobot_communication:/home/agilex/limo_ros2_ws/install/mecharm_pi:/home/agilex/limo_ros2_ws/install/mecharm:/home/agilex/limo_ros2_ws/install/mecharm_communication:/home/agilex/limo_ros2_ws/install/mybuddy:/home/agilex/limo_ros2_ws/install/mycobot_description:/opt/ros/foxy /usr/bin/cmake --install /home/agilex/limo_ros2_ws/build/limo_description
[0.603s] -- Install configuration: ""
[0.606s] -- Up-to-date: /home/agilex/limo_ros2_ws/install/limo_description/share/limo_description/launch
[0.607s] -- Up-to-date: /home/agilex/limo_ros2_ws/install/limo_description/share/limo_description/launch/gazebo_models_diff.launch.py
[0.607s] -- Up-to-date: /home/agilex/limo_ros2_ws/install/limo_description/share/limo_description/launch/display_models_diff.launch.py
[0.608s] -- Up-to-date: /home/agilex/limo_ros2_ws/install/limo_description/share/limo_description/meshes
[0.616s] -- Up-to-date: /home/agilex/limo_ros2_ws/install/limo_description/share/limo_description/meshes/limo_wheel.stl
[0.616s] -- Up-to-date: /home/agilex/limo_ros2_ws/install/limo_description/share/limo_description/meshes/limo_base.dae
[0.616s] -- Up-to-date: /home/agilex/limo_ros2_ws/install/limo_description/share/limo_description/meshes/limo_wheel.dae
[0.617s] -- Up-to-date: /home/agilex/limo_ros2_ws/install/limo_description/share/limo_description/meshes/limo_base.stl
[0.617s] -- Up-to-date: /home/agilex/limo_ros2_ws/install/limo_description/share/limo_description/rviz
[0.617s] -- Up-to-date: /home/agilex/limo_ros2_ws/install/limo_description/share/limo_description/rviz/model_display.rviz
[0.617s] -- Up-to-date: /home/agilex/limo_ros2_ws/install/limo_description/share/limo_description/rviz/urdf.rviz
[0.617s] -- Up-to-date: /home/agilex/limo_ros2_ws/install/limo_description/share/limo_description/urdf
[0.617s] -- Up-to-date: /home/agilex/limo_ros2_ws/install/limo_description/share/limo_description/urdf/limo_gazebo.gazebo
[0.617s] -- Up-to-date: /home/agilex/limo_ros2_ws/install/limo_description/share/limo_description/urdf/limo_ackerman.xacro
[0.617s] -- Up-to-date: /home/agilex/limo_ros2_ws/install/limo_description/share/limo_description/urdf/limo_ackerman.gazebo
[0.618s] -- Up-to-date: /home/agilex/limo_ros2_ws/install/limo_description/share/limo_description/urdf/limo_xacro.xacro
[0.618s] -- Up-to-date: /home/agilex/limo_ros2_ws/install/limo_description/share/limo_description/urdf/limo_steering_hinge.xacro
[0.618s] -- Up-to-date: /home/agilex/limo_ros2_ws/install/limo_description/share/limo_description/urdf/limo_four_diff.xacro
[0.618s] -- Up-to-date: /home/agilex/limo_ros2_ws/install/limo_description/share/limo_description/urdf/limo_four_diff.gazebo
[0.619s] -- Up-to-date: /home/agilex/limo_ros2_ws/install/limo_description/share/limo_description/urdf/limo_four_diff_2.gazebo
[0.619s] -- Up-to-date: /home/agilex/limo_ros2_ws/install/limo_description/share/ament_index/resource_index/package_run_dependencies/limo_description
[0.620s] -- Up-to-date: /home/agilex/limo_ros2_ws/install/limo_description/share/ament_index/resource_index/parent_prefix_path/limo_description
[0.620s] -- Up-to-date: /home/agilex/limo_ros2_ws/install/limo_description/share/limo_description/environment/ament_prefix_path.sh
[0.620s] -- Up-to-date: /home/agilex/limo_ros2_ws/install/limo_description/share/limo_description/environment/ament_prefix_path.dsv
[0.620s] -- Up-to-date: /home/agilex/limo_ros2_ws/install/limo_description/share/limo_description/environment/path.sh
[0.620s] -- Up-to-date: /home/agilex/limo_ros2_ws/install/limo_description/share/limo_description/environment/path.dsv
[0.620s] -- Up-to-date: /home/agilex/limo_ros2_ws/install/limo_description/share/limo_description/local_setup.bash
[0.621s] -- Up-to-date: /home/agilex/limo_ros2_ws/install/limo_description/share/limo_description/local_setup.sh
[0.621s] -- Up-to-date: /home/agilex/limo_ros2_ws/install/limo_description/share/limo_description/local_setup.zsh
[0.621s] -- Up-to-date: /home/agilex/limo_ros2_ws/install/limo_description/share/limo_description/local_setup.dsv
[0.621s] -- Installing: /home/agilex/limo_ros2_ws/install/limo_description/share/limo_description/package.dsv
[0.621s] -- Up-to-date: /home/agilex/limo_ros2_ws/install/limo_description/share/ament_index/resource_index/packages/limo_description
[0.621s] -- Up-to-date: /home/agilex/limo_ros2_ws/install/limo_description/share/limo_description/cmake/limo_descriptionConfig.cmake
[0.622s] -- Up-to-date: /home/agilex/limo_ros2_ws/install/limo_description/share/limo_description/cmake/limo_descriptionConfig-version.cmake
[0.622s] -- Up-to-date: /home/agilex/limo_ros2_ws/install/limo_description/share/limo_description/package.xml
[0.628s] Invoked command in '/home/agilex/limo_ros2_ws/build/limo_description' returned '0': CMAKE_PREFIX_PATH=${CMAKE_PREFIX_PATH}:/home/agilex/limo_ros2_ws/install/ultraarm:/home/agilex/limo_ros2_ws/install/nav2_gazebo_spawner:/home/agilex/limo_ros2_ws/install/mypalletizer_260_pi:/home/agilex/limo_ros2_ws/install/mypalletizer_260:/home/agilex/limo_ros2_ws/install/mypalletizer_communication:/home/agilex/limo_ros2_ws/install/mycobot_630:/home/agilex/limo_ros2_ws/install/mycobot_600:/home/agilex/limo_ros2_ws/install/mycobot_320pi:/home/agilex/limo_ros2_ws/install/mycobot_320:/home/agilex/limo_ros2_ws/install/mycobot_280pi:/home/agilex/limo_ros2_ws/install/mycobot_280jn:/home/agilex/limo_ros2_ws/install/mycobot_280_x3pi:/home/agilex/limo_ros2_ws/install/mycobot_280:/home/agilex/limo_ros2_ws/install/myarm_300:/home/agilex/limo_ros2_ws/install/mycobot_communication:/home/agilex/limo_ros2_ws/install/mecharm_pi:/home/agilex/limo_ros2_ws/install/mecharm:/home/agilex/limo_ros2_ws/install/mecharm_communication:/home/agilex/limo_ros2_ws/install/mybuddy:/home/agilex/limo_ros2_ws/install/mycobot_description:/opt/ros/foxy /usr/bin/cmake --install /home/agilex/limo_ros2_ws/build/limo_description
