[0.106s] Invoking command in '/home/agilex/limo_ros2_ws/build/image_publisher': CMAKE_PREFIX_PATH=${CMAKE_PREFIX_PATH}:/home/agilex/limo_ros2_ws/install/nav2_gazebo_spawner:/opt/ros/foxy /usr/bin/cmake /home/agilex/limo_ros2_ws/src/image_pipeline/image_publisher -DCMAKE_INSTALL_PREFIX=/home/agilex/limo_ros2_ws/install/image_publisher
[0.275s] -- The C compiler identification is GNU 9.4.0
[0.523s] -- The CXX compiler identification is GNU 9.4.0
[0.559s] -- Check for working C compiler: /usr/bin/cc
[0.827s] -- Check for working C compiler: /usr/bin/cc -- works
[0.830s] -- Detecting C compiler ABI info
[1.053s] -- Detecting C compiler ABI info - done
[1.077s] -- Detecting C compile features
[1.079s] -- Detecting C compile features - done
[1.086s] -- Check for working CXX compiler: /usr/bin/c++
[1.329s] -- Check for working CXX compiler: /usr/bin/c++ -- works
[1.331s] -- Detecting CXX compiler ABI info
[1.553s] -- Detecting CXX compiler ABI info - done
[1.574s] -- Detecting CXX compile features
[1.577s] -- Detecting CXX compile features - done
[1.591s] -- Found ament_cmake_auto: 0.9.12 (/opt/ros/foxy/share/ament_cmake_auto/cmake)
[1.690s] -- Found PythonInterp: /usr/bin/python3 (found suitable version "3.8.10", minimum required is "3") 
[1.690s] -- Using PYTHON_EXECUTABLE: /usr/bin/python3
[2.379s] -- Found camera_info_manager: 2.4.0 (/opt/ros/foxy/share/camera_info_manager/cmake)
[2.635s] -- Using all available rosidl_typesupport_c: rosidl_typesupport_fastrtps_c;rosidl_typesupport_introspection_c
[2.678s] -- Found rosidl_adapter: 1.3.1 (/opt/ros/foxy/share/rosidl_adapter/cmake)
[3.076s] -- Found OpenSSL: /usr/lib/aarch64-linux-gnu/libcrypto.so (found version "1.1.1f")  
[3.182s] -- Found FastRTPS: /opt/ros/foxy/include  
[3.438s] -- Using all available rosidl_typesupport_cpp: rosidl_typesupport_fastrtps_cpp;rosidl_typesupport_introspection_cpp
[3.613s] -- Found rmw_implementation_cmake: 1.0.4 (/opt/ros/foxy/share/rmw_implementation_cmake/cmake)
[3.620s] -- Using RMW implementation 'rmw_fastrtps_cpp' as default
[3.625s] -- Looking for pthread.h
[3.855s] -- Looking for pthread.h - found
[3.856s] -- Performing Test CMAKE_HAVE_LIBC_PTHREAD
[4.118s] -- Performing Test CMAKE_HAVE_LIBC_PTHREAD - Failed
[4.118s] -- Looking for pthread_create in pthreads
[4.308s] -- Looking for pthread_create in pthreads - not found
[4.309s] -- Looking for pthread_create in pthread
[4.526s] -- Looking for pthread_create in pthread - found
[4.533s] -- Found Threads: TRUE  
[5.227s] -- Setting yaml-cpp_DIR to: '/opt/ros/foxy/share/yaml_cpp_vendor/cmake/../../../opt/yaml_cpp_vendor/lib/cmake/yaml-cpp'
[5.890s] -- Found OpenCV: /usr (found version "4.2.0") found components: core imgcodecs videoio 
[5.890s] -- opencv version 4.2.0
[6.244s] -- Found ament_lint_auto: 0.9.8 (/opt/ros/foxy/share/ament_lint_auto/cmake)
[6.367s] -- Added test 'copyright' to check source files copyright and LICENSE
[6.372s] -- Added test 'cppcheck' to perform static code analysis on C / C++ code
[6.372s] -- Configured cppcheck include dirs: /home/agilex/limo_ros2_ws/src/image_pipeline/image_publisher/include
[6.372s] -- Configured cppcheck exclude dirs and/or files: 
[6.376s] -- Added test 'cpplint' to check C / C++ code against the Google style
[6.377s] -- Configured cpplint exclude dirs and/or files: 
[6.379s] -- Added test 'flake8' to check Python code syntax and style conventions
[6.381s] -- Added test 'lint_cmake' to check CMake code style
[6.384s] -- Added test 'pep257' to check Python code against some of the style conventions in PEP 257
[6.388s] -- Added test 'uncrustify' to check C / C++ code style
[6.388s] -- Configured uncrustify additional arguments: 
[6.390s] -- Added test 'xmllint' to check XML markup files
[6.406s] -- Configuring done
[6.415s] CMake Error at /opt/ros/foxy/share/ament_cmake_auto/cmake/ament_auto_add_executable.cmake:66 (add_executable):
[6.415s]   Target "image_publisher_node" links to target
[6.415s]   "camera_info_manager::camera_info_manager" but the target was not found.
[6.415s]   Perhaps a find_package() call is missing for an IMPORTED target, or an
[6.415s]   ALIAS target is missing?
[6.416s] Call Stack (most recent call first):
[6.416s]   CMakeLists.txt:25 (ament_auto_add_executable)
[6.416s] 
[6.416s] 
[6.416s] CMake Error at /opt/ros/foxy/share/ament_cmake_auto/cmake/ament_auto_add_library.cmake:66 (add_library):
[6.416s]   Target "image_publisher" links to target
[6.416s]   "camera_info_manager::camera_info_manager" but the target was not found.
[6.416s]   Perhaps a find_package() call is missing for an IMPORTED target, or an
[6.417s]   ALIAS target is missing?
[6.417s] Call Stack (most recent call first):
[6.417s]   CMakeLists.txt:20 (ament_auto_add_library)
[6.417s] 
[6.417s] 
[6.515s] -- Generating done
[6.517s] CMake Generate step failed.  Build files cannot be regenerated correctly.
[6.550s] Invoked command in '/home/agilex/limo_ros2_ws/build/image_publisher' returned '1': CMAKE_PREFIX_PATH=${CMAKE_PREFIX_PATH}:/home/agilex/limo_ros2_ws/install/nav2_gazebo_spawner:/opt/ros/foxy /usr/bin/cmake /home/agilex/limo_ros2_ws/src/image_pipeline/image_publisher -DCMAKE_INSTALL_PREFIX=/home/agilex/limo_ros2_ws/install/image_publisher
