In file included from [01m[K/home/agilex/limo_ros2_ws/install/ydlidar_sdk/include/core/base/v8stdint.h:142[m[K,
                 from [01m[K/home/agilex/limo_ros2_ws/install/ydlidar_sdk/include/core/common/DriverInterface.h:2[m[K,
                 from [01m[K/home/agilex/limo_ros2_ws/install/ydlidar_sdk/include/src/CYdLidar.h:48[m[K,
                 from [01m[K/home/agilex/limo_ros2_ws/src/ydlidar_ros2_driver/src/ydlidar_ros2_driver_node.cpp:16[m[K:
[01m[K/home/agilex/limo_ros2_ws/install/ydlidar_sdk/include/core/base/ydlidar.h:[m[K In function ‘[01m[Kbool ydlidar::core::base::fileExists(const string&)[m[K’:
[01m[K/home/agilex/limo_ros2_ws/install/ydlidar_sdk/include/core/base/ydlidar.h:183:24:[m[K [01;35m[Kwarning: [m[Kmissing initializer for member ‘[01m[Kstat::st_ino[m[K’ [[01;35m[K-Wmissing-field-initializers[m[K]
  183 |   struct stat info = {0[01;35m[K}[m[K;
      |                        [01;35m[K^[m[K
[01m[K/home/agilex/limo_ros2_ws/install/ydlidar_sdk/include/core/base/ydlidar.h:183:24:[m[K [01;35m[Kwarning: [m[Kmissing initializer for member ‘[01m[Kstat::st_mode[m[K’ [[01;35m[K-Wmissing-field-initializers[m[K]
[01m[K/home/agilex/limo_ros2_ws/install/ydlidar_sdk/include/core/base/ydlidar.h:183:24:[m[K [01;35m[Kwarning: [m[Kmissing initializer for member ‘[01m[Kstat::st_nlink[m[K’ [[01;35m[K-Wmissing-field-initializers[m[K]
[01m[K/home/agilex/limo_ros2_ws/install/ydlidar_sdk/include/core/base/ydlidar.h:183:24:[m[K [01;35m[Kwarning: [m[Kmissing initializer for member ‘[01m[Kstat::st_uid[m[K’ [[01;35m[K-Wmissing-field-initializers[m[K]
[01m[K/home/agilex/limo_ros2_ws/install/ydlidar_sdk/include/core/base/ydlidar.h:183:24:[m[K [01;35m[Kwarning: [m[Kmissing initializer for member ‘[01m[Kstat::st_gid[m[K’ [[01;35m[K-Wmissing-field-initializers[m[K]
[01m[K/home/agilex/limo_ros2_ws/install/ydlidar_sdk/include/core/base/ydlidar.h:183:24:[m[K [01;35m[Kwarning: [m[Kmissing initializer for member ‘[01m[Kstat::st_rdev[m[K’ [[01;35m[K-Wmissing-field-initializers[m[K]
[01m[K/home/agilex/limo_ros2_ws/install/ydlidar_sdk/include/core/base/ydlidar.h:183:24:[m[K [01;35m[Kwarning: [m[Kmissing initializer for member ‘[01m[Kstat::__pad1[m[K’ [[01;35m[K-Wmissing-field-initializers[m[K]
[01m[K/home/agilex/limo_ros2_ws/install/ydlidar_sdk/include/core/base/ydlidar.h:183:24:[m[K [01;35m[Kwarning: [m[Kmissing initializer for member ‘[01m[Kstat::st_size[m[K’ [[01;35m[K-Wmissing-field-initializers[m[K]
[01m[K/home/agilex/limo_ros2_ws/install/ydlidar_sdk/include/core/base/ydlidar.h:183:24:[m[K [01;35m[Kwarning: [m[Kmissing initializer for member ‘[01m[Kstat::st_blksize[m[K’ [[01;35m[K-Wmissing-field-initializers[m[K]
[01m[K/home/agilex/limo_ros2_ws/install/ydlidar_sdk/include/core/base/ydlidar.h:183:24:[m[K [01;35m[Kwarning: [m[Kmissing initializer for member ‘[01m[Kstat::__pad2[m[K’ [[01;35m[K-Wmissing-field-initializers[m[K]
[01m[K/home/agilex/limo_ros2_ws/install/ydlidar_sdk/include/core/base/ydlidar.h:183:24:[m[K [01;35m[Kwarning: [m[Kmissing initializer for member ‘[01m[Kstat::st_blocks[m[K’ [[01;35m[K-Wmissing-field-initializers[m[K]
[01m[K/home/agilex/limo_ros2_ws/install/ydlidar_sdk/include/core/base/ydlidar.h:183:24:[m[K [01;35m[Kwarning: [m[Kmissing initializer for member ‘[01m[Kstat::st_atim[m[K’ [[01;35m[K-Wmissing-field-initializers[m[K]
[01m[K/home/agilex/limo_ros2_ws/install/ydlidar_sdk/include/core/base/ydlidar.h:183:24:[m[K [01;35m[Kwarning: [m[Kmissing initializer for member ‘[01m[Kstat::st_mtim[m[K’ [[01;35m[K-Wmissing-field-initializers[m[K]
[01m[K/home/agilex/limo_ros2_ws/install/ydlidar_sdk/include/core/base/ydlidar.h:183:24:[m[K [01;35m[Kwarning: [m[Kmissing initializer for member ‘[01m[Kstat::st_ctim[m[K’ [[01;35m[K-Wmissing-field-initializers[m[K]
[01m[K/home/agilex/limo_ros2_ws/install/ydlidar_sdk/include/core/base/ydlidar.h:183:24:[m[K [01;35m[Kwarning: [m[Kmissing initializer for member ‘[01m[Kstat::__glibc_reserved[m[K’ [[01;35m[K-Wmissing-field-initializers[m[K]
In file included from [01m[K/home/agilex/limo_ros2_ws/install/ydlidar_sdk/include/core/common/DriverInterface.h:3[m[K,
                 from [01m[K/home/agilex/limo_ros2_ws/install/ydlidar_sdk/include/src/CYdLidar.h:48[m[K,
                 from [01m[K/home/agilex/limo_ros2_ws/src/ydlidar_ros2_driver/src/ydlidar_ros2_driver_node.cpp:16[m[K:
[01m[K/home/agilex/limo_ros2_ws/install/ydlidar_sdk/include/core/base/thread.h:[m[K In static member function ‘[01m[Kstatic ydlidar::core::base::Thread ydlidar::core::base::Thread::createThread(thread_proc_t, void*)[m[K’:
[01m[K/home/agilex/limo_ros2_ws/install/ydlidar_sdk/include/core/base/thread.h:46:76:[m[K [01;35m[Kwarning: [m[Kcast between incompatible function types from ‘[01m[Kthread_proc_t[m[K’ {aka ‘[01m[Klong unsigned int (*)(void*)[m[K’} to ‘[01m[Kvoid* (*)(void*)[m[K’ [[01;35m[K-Wcast-function-type[m[K]
   46 | ead_._handle, NULL, (void *(*)(void *))[01;35m[Kproc[m[K,
      |                                        [01;35m[K^~~~[m[K

[01m[K/home/agilex/limo_ros2_ws/install/ydlidar_sdk/include/core/base/thread.h:[m[K In member function ‘[01m[Kint ydlidar::core::base::Thread::join(long unsigned int)[m[K’:
[01m[K/home/agilex/limo_ros2_ws/install/ydlidar_sdk/include/core/base/thread.h:118:18:[m[K [01;35m[Kwarning: [m[Kformat ‘[01m[K%X[m[K’ expects argument of type ‘[01m[Kunsigned int[m[K’, but argument 2 has type ‘[01m[K_size_t[m[K’ {aka ‘[01m[Klong unsigned int[m[K’} [[01;35m[K-Wformat=[m[K]
  118 |       printf("0x[01;35m[K%X[m[K thread has been canceled\n", [32m[Kthis->_handle[m[K);
      |                 [01;35m[K~^[m[K                              [32m[K~~~~~~~~~~~~~[m[K
      |                  [01;35m[K|[m[K                                    [32m[K|[m[K
      |                  [01;35m[Kunsigned int[m[K                         [32m[K_size_t {aka long unsigned int}[m[K
      |                 [32m[K%lX[m[K
In file included from [01m[K/home/agilex/limo_ros2_ws/install/ydlidar_sdk/include/src/CYdLidar.h:48[m[K,
                 from [01m[K/home/agilex/limo_ros2_ws/src/ydlidar_ros2_driver/src/ydlidar_ros2_driver_node.cpp:16[m[K:
[01m[K/home/agilex/limo_ros2_ws/install/ydlidar_sdk/include/core/common/DriverInterface.h:[m[K In member function ‘[01m[Kvirtual result_t ydlidar::core::common::DriverInterface::setWorkMode(int, uint8_t)[m[K’:
[01m[K/home/agilex/limo_ros2_ws/install/ydlidar_sdk/include/core/common/DriverInterface.h:443:36:[m[K [01;35m[Kwarning: [m[Kunused parameter ‘[01m[Kmode[m[K’ [[01;35m[K-Wunused-parameter[m[K]
  443 |   virtual result_t setWorkMode([01;35m[Kint mode=0[m[K, uint8_t addr=0x00) {return RESULT_FAIL;}
      |                                [01;35m[K~~~~^~~~~~[m[K
[01m[K/home/agilex/limo_ros2_ws/install/ydlidar_sdk/include/core/common/DriverInterface.h:443:52:[m[K [01;35m[Kwarning: [m[Kunused parameter ‘[01m[Kaddr[m[K’ [[01;35m[K-Wunused-parameter[m[K]
  443 | sult_t setWorkMode(int mode=0, [01;35m[Kuint8_t addr=0x00[m[K) {return RESULT_FAIL;}
      |                                [01;35m[K~~~~~~~~^~~~~~~~~[m[K

[01m[K/home/agilex/limo_ros2_ws/src/ydlidar_ros2_driver/src/ydlidar_ros2_driver_node.cpp:[m[K In lambda function:
[01m[K/home/agilex/limo_ros2_ws/src/ydlidar_ros2_driver/src/ydlidar_ros2_driver_node.cpp:168:54:[m[K [01;35m[Kwarning: [m[Kunused parameter ‘[01m[Krequest_header[m[K’ [[01;35m[K-Wunused-parameter[m[K]
  168 | ]([01;35m[Kconst std::shared_ptr<rmw_request_id_t> request_header[m[K,
      |   [01;35m[K~~~~~~~~~~~~~~~~~~~~~~~~~~~~~~~~~~~~~~~~^~~~~~~~~~~~~~[m[K

[01m[K/home/agilex/limo_ros2_ws/src/ydlidar_ros2_driver/src/ydlidar_ros2_driver_node.cpp:169:56:[m[K [01;35m[Kwarning: [m[Kunused parameter ‘[01m[Kreq[m[K’ [[01;35m[K-Wunused-parameter[m[K]
  169 | [01;35m[Kred_ptr<std_srvs::srv::Empty::Request> req[m[K,
      | [01;35m[K~~~~~~~~~~~~~~~~~~~~~~~~~~~~~~~~~~~~~~~^~~[m[K

[01m[K/home/agilex/limo_ros2_ws/src/ydlidar_ros2_driver/src/ydlidar_ros2_driver_node.cpp:170:51:[m[K [01;35m[Kwarning: [m[Kunused parameter ‘[01m[Kresponse[m[K’ [[01;35m[K-Wunused-parameter[m[K]
  170 | [01;35m[Kred_ptr<std_srvs::srv::Empty::Response> response[m[K) -> bool
      | [01;35m[K~~~~~~~~~~~~~~~~~~~~~~~~~~~~~~~~~~~~~~~~^~~~~~~~[m[K

[01m[K/home/agilex/limo_ros2_ws/src/ydlidar_ros2_driver/src/ydlidar_ros2_driver_node.cpp:[m[K In lambda function:
[01m[K/home/agilex/limo_ros2_ws/src/ydlidar_ros2_driver/src/ydlidar_ros2_driver_node.cpp:178:54:[m[K [01;35m[Kwarning: [m[Kunused parameter ‘[01m[Krequest_header[m[K’ [[01;35m[K-Wunused-parameter[m[K]
  178 | ]([01;35m[Kconst std::shared_ptr<rmw_request_id_t> request_header[m[K,
      |   [01;35m[K~~~~~~~~~~~~~~~~~~~~~~~~~~~~~~~~~~~~~~~~^~~~~~~~~~~~~~[m[K

[01m[K/home/agilex/limo_ros2_ws/src/ydlidar_ros2_driver/src/ydlidar_ros2_driver_node.cpp:179:56:[m[K [01;35m[Kwarning: [m[Kunused parameter ‘[01m[Kreq[m[K’ [[01;35m[K-Wunused-parameter[m[K]
  179 | [01;35m[Kred_ptr<std_srvs::srv::Empty::Request> req[m[K,
      | [01;35m[K~~~~~~~~~~~~~~~~~~~~~~~~~~~~~~~~~~~~~~~^~~[m[K

[01m[K/home/agilex/limo_ros2_ws/src/ydlidar_ros2_driver/src/ydlidar_ros2_driver_node.cpp:180:51:[m[K [01;35m[Kwarning: [m[Kunused parameter ‘[01m[Kresponse[m[K’ [[01;35m[K-Wunused-parameter[m[K]
  180 | [01;35m[Kred_ptr<std_srvs::srv::Empty::Response> response[m[K) -> bool
      | [01;35m[K~~~~~~~~~~~~~~~~~~~~~~~~~~~~~~~~~~~~~~~~^~~~~~~~[m[K

