[0.141s] Invoking command in '/home/agilex/limo_ros2_ws/src/build/nav2_map_server': AMENT_PREFIX_PATH=/home/agilex/limo_ros2_ws/src/install/nav2_util:/home/agilex/limo_ros2_ws/src/install/nav2_msgs:/home/agilex/limo_ros2_ws/src/install/nav2_common:${AMENT_PREFIX_PATH} CMAKE_PREFIX_PATH=/home/agilex/limo_ros2_ws/src/install/nav2_util:/home/agilex/limo_ros2_ws/src/install/nav2_msgs:/home/agilex/limo_ros2_ws/src/install/nav2_common:/home/agilex/limo_ros2_ws/install/ydlidar_sdk:/home/agilex/limo_ros2_ws/install/ydlidar_ros2_driver:/home/agilex/limo_ros2_ws/install/teb_local_planner:/home/agilex/limo_ros2_ws/install/teb_msgs:/home/agilex/limo_ros2_ws/install/nav2_system_tests:/home/agilex/limo_ros2_ws/install/nav2_bringup:/home/agilex/limo_ros2_ws/install/navigation2:/home/agilex/limo_ros2_ws/install/smac_planner:/home/agilex/limo_ros2_ws/install/rf2o_laser_odometry:/home/agilex/limo_ros2_ws/install/orbbec_description:/home/agilex/limo_ros2_ws/install/orbbec_camera:/home/agilex/limo_ros2_ws/install/orbbec_camera_msgs:/home/agilex/limo_ros2_ws/install/nav2_dwb_controller:/home/agilex/limo_ros2_ws/install/nav2_controller:/home/agilex/limo_ros2_ws/install/dwb_plugins:/home/agilex/limo_ros2_ws/install/dwb_critics:/home/agilex/limo_ros2_ws/install/dwb_core:/home/agilex/limo_ros2_ws/install/nav_2d_utils:/home/agilex/limo_ros2_ws/install/dwb_msgs:/home/agilex/limo_ros2_ws/install/nav_2d_msgs:/home/agilex/limo_ros2_ws/install/nav2_waypoint_follower:/home/agilex/limo_ros2_ws/install/nav2_regulated_pure_pursuit_controller:/home/agilex/limo_ros2_ws/install/nav2_recoveries:/home/agilex/limo_ros2_ws/install/nav2_planner:/home/agilex/limo_ros2_ws/install/nav2_navfn_planner:/home/agilex/limo_ros2_ws/install/nav2_core:/home/agilex/limo_ros2_ws/install/costmap_queue:/home/agilex/limo_ros2_ws/install/costmap_converter:/home/agilex/limo_ros2_ws/install/nav2_costmap_2d:/home/agilex/limo_ros2_ws/install/nav2_voxel_grid:/home/agilex/limo_ros2_ws/install/nav2_rviz_plugins:/home/agilex/limo_ros2_ws/install/nav2_map_server:/home/agilex/limo_ros2_ws/install/nav2_lifecycle_manager:/home/agilex/limo_ros2_ws/install/nav2_bt_navigator:/home/agilex/limo_ros2_ws/install/nav2_behavior_tree:/home/agilex/limo_ros2_ws/install/nav2_amcl:/home/agilex/limo_ros2_ws/install/nav2_util:/home/agilex/limo_ros2_ws/install/nav2_msgs:/home/agilex/limo_ros2_ws/install/nav2_common:/home/agilex/limo_ros2_ws/install/magic_enum:/home/agilex/limo_ros2_ws/install/limo_visions:/home/agilex/limo_ros2_ws/install/limo_bringup:/home/agilex/limo_ros2_ws/install/limo_base:/home/agilex/limo_ros2_ws/install/limo_msgs:/home/agilex/limo_ros2_ws/install/limo_description:/home/agilex/limo_ros2_ws/install/libuvc:/home/agilex/limo_ros2_ws/install/glog:/home/agilex/limo_ros2_ws/install/costmap_converter_msgs:/home/agilex/limo_ros2_ws/install/astra_camera:/home/agilex/limo_ros2_ws/install/astra_camera_msgs:/home/agilex/limo_ros2_ws/install/nav2_gazebo_spawner:/opt/ros/foxy LD_LIBRARY_PATH=/home/agilex/limo_ros2_ws/src/install/nav2_util/lib:/home/agilex/limo_ros2_ws/src/install/nav2_msgs/lib:${LD_LIBRARY_PATH} PYTHONPATH=/home/agilex/limo_ros2_ws/src/install/nav2_msgs/lib/python3.8/site-packages:/home/agilex/limo_ros2_ws/src/install/nav2_common/lib/python3.8/site-packages:${PYTHONPATH} /usr/bin/cmake /home/agilex/limo_ros2_ws/src/navigation2/nav2_map_server -DCMAKE_INSTALL_PREFIX=/home/agilex/limo_ros2_ws/src/install/nav2_map_server
[12.186s] -- The C compiler identification is GNU 9.4.0
[12.186s] -- The CXX compiler identification is GNU 9.4.0
[12.186s] -- Check for working C compiler: /usr/bin/cc
[12.186s] -- Check for working C compiler: /usr/bin/cc -- works
[12.186s] -- Detecting C compiler ABI info
[12.187s] -- Detecting C compiler ABI info - done
[12.187s] -- Detecting C compile features
[12.187s] -- Detecting C compile features - done
[12.187s] -- Check for working CXX compiler: /usr/bin/c++
[12.187s] -- Check for working CXX compiler: /usr/bin/c++ -- works
[12.187s] -- Detecting CXX compiler ABI info
[12.187s] -- Detecting CXX compiler ABI info - done
[12.187s] -- Detecting CXX compile features
[12.188s] -- Detecting CXX compile features - done
[12.188s] -- Found ament_cmake: 0.9.12 (/opt/ros/foxy/share/ament_cmake/cmake)
[12.188s] -- Found PythonInterp: /usr/bin/python3 (found suitable version "3.8.10", minimum required is "3") 
[12.188s] -- Using PYTHON_EXECUTABLE: /usr/bin/python3
[12.188s] -- Found nav2_common: 0.4.7 (/home/agilex/limo_ros2_ws/src/install/nav2_common/share/nav2_common/cmake)
[12.188s] -- Found rclcpp: 2.4.3 (/opt/ros/foxy/share/rclcpp/cmake)
[12.188s] -- Using all available rosidl_typesupport_c: rosidl_typesupport_fastrtps_c;rosidl_typesupport_introspection_c
[12.188s] -- Found rosidl_adapter: 1.3.1 (/opt/ros/foxy/share/rosidl_adapter/cmake)
[12.188s] -- Found OpenSSL: /usr/lib/aarch64-linux-gnu/libcrypto.so (found version "1.1.1f")  
[12.189s] -- Found FastRTPS: /opt/ros/foxy/include  
[12.189s] -- Using all available rosidl_typesupport_cpp: rosidl_typesupport_fastrtps_cpp;rosidl_typesupport_introspection_cpp
[12.189s] -- Found rmw_implementation_cmake: 1.0.4 (/opt/ros/foxy/share/rmw_implementation_cmake/cmake)
[12.189s] -- Using RMW implementation 'rmw_fastrtps_cpp' as default
[12.189s] -- Looking for pthread.h
[12.189s] -- Looking for pthread.h - found
[12.189s] -- Performing Test CMAKE_HAVE_LIBC_PTHREAD
[12.189s] -- Performing Test CMAKE_HAVE_LIBC_PTHREAD - Failed
[12.190s] -- Looking for pthread_create in pthreads
[12.190s] -- Looking for pthread_create in pthreads - not found
[12.190s] -- Looking for pthread_create in pthread
[12.190s] -- Looking for pthread_create in pthread - found
[12.190s] -- Found Threads: TRUE  
[12.190s] -- Found rclcpp_lifecycle: 2.4.3 (/opt/ros/foxy/share/rclcpp_lifecycle/cmake)
[12.190s] -- Found nav_msgs: 2.0.5 (/opt/ros/foxy/share/nav_msgs/cmake)
[12.190s] -- Found nav2_msgs: 0.4.7 (/home/agilex/limo_ros2_ws/src/install/nav2_msgs/share/nav2_msgs/cmake)
[12.190s] -- Found yaml_cpp_vendor: 7.0.3 (/opt/ros/foxy/share/yaml_cpp_vendor/cmake)
[12.191s] -- Setting yaml-cpp_DIR to: '/opt/ros/foxy/share/yaml_cpp_vendor/cmake/../../../opt/yaml_cpp_vendor/lib/cmake/yaml-cpp'
[12.191s] -- Found tf2: 0.13.14 (/opt/ros/foxy/share/tf2/cmake)
[12.191s] -- Found nav2_util: 0.4.7 (/home/agilex/limo_ros2_ws/src/install/nav2_util/share/nav2_util/cmake)
[12.191s] -- Found eigen3_cmake_module: 0.1.1 (/opt/ros/foxy/share/eigen3_cmake_module/cmake)
[12.191s] -- Found Eigen3: TRUE (found version "3.3.7") 
[12.191s] -- Found GRAPHICSMAGICKCPP: /usr/include/GraphicsMagick  
[12.191s] -- Setting build type to Release as none was specified.
[12.191s] -- Found ament_lint_auto: 0.9.8 (/opt/ros/foxy/share/ament_lint_auto/cmake)
[12.811s] -- Found gtest sources under '/opt/ros/foxy/src/gtest_vendor': C++ tests using 'Google Test' will be built
[12.816s] -- Check if compiler accepts -pthread
[13.323s] -- Check if compiler accepts -pthread - yes
[13.344s] -- Found gtest sources under '/opt/ros/foxy/src/gtest_vendor': C++ tests using 'Google Test' will be built
[13.407s] -- Found gtest sources under '/opt/ros/foxy/src/gtest_vendor': C++ tests using 'Google Test' will be built
[13.455s] -- Added test 'cppcheck' to perform static code analysis on C / C++ code
[13.458s] -- Configured cppcheck include dirs: /home/agilex/limo_ros2_ws/src/navigation2/nav2_map_server/include
[13.458s] -- Configured cppcheck exclude dirs and/or files: 
[13.477s] -- Added test 'cpplint' to check C / C++ code against the Google style
[13.478s] -- Configured cpplint exclude dirs and/or files: 
[13.482s] -- Added test 'flake8' to check Python code syntax and style conventions
[13.485s] -- Added test 'lint_cmake' to check CMake code style
[13.501s] -- Added test 'pep257' to check Python code against some of the style conventions in PEP 257
[13.507s] -- Added test 'uncrustify' to check C / C++ code style
[13.507s] -- Configured uncrustify additional arguments: 
[13.510s] -- Added test 'xmllint' to check XML markup files
[13.550s] -- Configuring done
[14.616s] -- Generating done
[14.622s] -- Build files have been written to: /home/agilex/limo_ros2_ws/src/build/nav2_map_server
[14.717s] Invoked command in '/home/agilex/limo_ros2_ws/src/build/nav2_map_server' returned '0': AMENT_PREFIX_PATH=/home/agilex/limo_ros2_ws/src/install/nav2_util:/home/agilex/limo_ros2_ws/src/install/nav2_msgs:/home/agilex/limo_ros2_ws/src/install/nav2_common:${AMENT_PREFIX_PATH} CMAKE_PREFIX_PATH=/home/agilex/limo_ros2_ws/src/install/nav2_util:/home/agilex/limo_ros2_ws/src/install/nav2_msgs:/home/agilex/limo_ros2_ws/src/install/nav2_common:/home/agilex/limo_ros2_ws/install/ydlidar_sdk:/home/agilex/limo_ros2_ws/install/ydlidar_ros2_driver:/home/agilex/limo_ros2_ws/install/teb_local_planner:/home/agilex/limo_ros2_ws/install/teb_msgs:/home/agilex/limo_ros2_ws/install/nav2_system_tests:/home/agilex/limo_ros2_ws/install/nav2_bringup:/home/agilex/limo_ros2_ws/install/navigation2:/home/agilex/limo_ros2_ws/install/smac_planner:/home/agilex/limo_ros2_ws/install/rf2o_laser_odometry:/home/agilex/limo_ros2_ws/install/orbbec_description:/home/agilex/limo_ros2_ws/install/orbbec_camera:/home/agilex/limo_ros2_ws/install/orbbec_camera_msgs:/home/agilex/limo_ros2_ws/install/nav2_dwb_controller:/home/agilex/limo_ros2_ws/install/nav2_controller:/home/agilex/limo_ros2_ws/install/dwb_plugins:/home/agilex/limo_ros2_ws/install/dwb_critics:/home/agilex/limo_ros2_ws/install/dwb_core:/home/agilex/limo_ros2_ws/install/nav_2d_utils:/home/agilex/limo_ros2_ws/install/dwb_msgs:/home/agilex/limo_ros2_ws/install/nav_2d_msgs:/home/agilex/limo_ros2_ws/install/nav2_waypoint_follower:/home/agilex/limo_ros2_ws/install/nav2_regulated_pure_pursuit_controller:/home/agilex/limo_ros2_ws/install/nav2_recoveries:/home/agilex/limo_ros2_ws/install/nav2_planner:/home/agilex/limo_ros2_ws/install/nav2_navfn_planner:/home/agilex/limo_ros2_ws/install/nav2_core:/home/agilex/limo_ros2_ws/install/costmap_queue:/home/agilex/limo_ros2_ws/install/costmap_converter:/home/agilex/limo_ros2_ws/install/nav2_costmap_2d:/home/agilex/limo_ros2_ws/install/nav2_voxel_grid:/home/agilex/limo_ros2_ws/install/nav2_rviz_plugins:/home/agilex/limo_ros2_ws/install/nav2_map_server:/home/agilex/limo_ros2_ws/install/nav2_lifecycle_manager:/home/agilex/limo_ros2_ws/install/nav2_bt_navigator:/home/agilex/limo_ros2_ws/install/nav2_behavior_tree:/home/agilex/limo_ros2_ws/install/nav2_amcl:/home/agilex/limo_ros2_ws/install/nav2_util:/home/agilex/limo_ros2_ws/install/nav2_msgs:/home/agilex/limo_ros2_ws/install/nav2_common:/home/agilex/limo_ros2_ws/install/magic_enum:/home/agilex/limo_ros2_ws/install/limo_visions:/home/agilex/limo_ros2_ws/install/limo_bringup:/home/agilex/limo_ros2_ws/install/limo_base:/home/agilex/limo_ros2_ws/install/limo_msgs:/home/agilex/limo_ros2_ws/install/limo_description:/home/agilex/limo_ros2_ws/install/libuvc:/home/agilex/limo_ros2_ws/install/glog:/home/agilex/limo_ros2_ws/install/costmap_converter_msgs:/home/agilex/limo_ros2_ws/install/astra_camera:/home/agilex/limo_ros2_ws/install/astra_camera_msgs:/home/agilex/limo_ros2_ws/install/nav2_gazebo_spawner:/opt/ros/foxy LD_LIBRARY_PATH=/home/agilex/limo_ros2_ws/src/install/nav2_util/lib:/home/agilex/limo_ros2_ws/src/install/nav2_msgs/lib:${LD_LIBRARY_PATH} PYTHONPATH=/home/agilex/limo_ros2_ws/src/install/nav2_msgs/lib/python3.8/site-packages:/home/agilex/limo_ros2_ws/src/install/nav2_common/lib/python3.8/site-packages:${PYTHONPATH} /usr/bin/cmake /home/agilex/limo_ros2_ws/src/navigation2/nav2_map_server -DCMAKE_INSTALL_PREFIX=/home/agilex/limo_ros2_ws/src/install/nav2_map_server
[14.719s] Invoking command in '/home/agilex/limo_ros2_ws/src/build/nav2_map_server': AMENT_PREFIX_PATH=/home/agilex/limo_ros2_ws/src/install/nav2_util:/home/agilex/limo_ros2_ws/src/install/nav2_msgs:/home/agilex/limo_ros2_ws/src/install/nav2_common:${AMENT_PREFIX_PATH} CMAKE_PREFIX_PATH=/home/agilex/limo_ros2_ws/src/install/nav2_util:/home/agilex/limo_ros2_ws/src/install/nav2_msgs:/home/agilex/limo_ros2_ws/src/install/nav2_common:/home/agilex/limo_ros2_ws/install/ydlidar_sdk:/home/agilex/limo_ros2_ws/install/ydlidar_ros2_driver:/home/agilex/limo_ros2_ws/install/teb_local_planner:/home/agilex/limo_ros2_ws/install/teb_msgs:/home/agilex/limo_ros2_ws/install/nav2_system_tests:/home/agilex/limo_ros2_ws/install/nav2_bringup:/home/agilex/limo_ros2_ws/install/navigation2:/home/agilex/limo_ros2_ws/install/smac_planner:/home/agilex/limo_ros2_ws/install/rf2o_laser_odometry:/home/agilex/limo_ros2_ws/install/orbbec_description:/home/agilex/limo_ros2_ws/install/orbbec_camera:/home/agilex/limo_ros2_ws/install/orbbec_camera_msgs:/home/agilex/limo_ros2_ws/install/nav2_dwb_controller:/home/agilex/limo_ros2_ws/install/nav2_controller:/home/agilex/limo_ros2_ws/install/dwb_plugins:/home/agilex/limo_ros2_ws/install/dwb_critics:/home/agilex/limo_ros2_ws/install/dwb_core:/home/agilex/limo_ros2_ws/install/nav_2d_utils:/home/agilex/limo_ros2_ws/install/dwb_msgs:/home/agilex/limo_ros2_ws/install/nav_2d_msgs:/home/agilex/limo_ros2_ws/install/nav2_waypoint_follower:/home/agilex/limo_ros2_ws/install/nav2_regulated_pure_pursuit_controller:/home/agilex/limo_ros2_ws/install/nav2_recoveries:/home/agilex/limo_ros2_ws/install/nav2_planner:/home/agilex/limo_ros2_ws/install/nav2_navfn_planner:/home/agilex/limo_ros2_ws/install/nav2_core:/home/agilex/limo_ros2_ws/install/costmap_queue:/home/agilex/limo_ros2_ws/install/costmap_converter:/home/agilex/limo_ros2_ws/install/nav2_costmap_2d:/home/agilex/limo_ros2_ws/install/nav2_voxel_grid:/home/agilex/limo_ros2_ws/install/nav2_rviz_plugins:/home/agilex/limo_ros2_ws/install/nav2_map_server:/home/agilex/limo_ros2_ws/install/nav2_lifecycle_manager:/home/agilex/limo_ros2_ws/install/nav2_bt_navigator:/home/agilex/limo_ros2_ws/install/nav2_behavior_tree:/home/agilex/limo_ros2_ws/install/nav2_amcl:/home/agilex/limo_ros2_ws/install/nav2_util:/home/agilex/limo_ros2_ws/install/nav2_msgs:/home/agilex/limo_ros2_ws/install/nav2_common:/home/agilex/limo_ros2_ws/install/magic_enum:/home/agilex/limo_ros2_ws/install/limo_visions:/home/agilex/limo_ros2_ws/install/limo_bringup:/home/agilex/limo_ros2_ws/install/limo_base:/home/agilex/limo_ros2_ws/install/limo_msgs:/home/agilex/limo_ros2_ws/install/limo_description:/home/agilex/limo_ros2_ws/install/libuvc:/home/agilex/limo_ros2_ws/install/glog:/home/agilex/limo_ros2_ws/install/costmap_converter_msgs:/home/agilex/limo_ros2_ws/install/astra_camera:/home/agilex/limo_ros2_ws/install/astra_camera_msgs:/home/agilex/limo_ros2_ws/install/nav2_gazebo_spawner:/opt/ros/foxy LD_LIBRARY_PATH=/home/agilex/limo_ros2_ws/src/install/nav2_util/lib:/home/agilex/limo_ros2_ws/src/install/nav2_msgs/lib:${LD_LIBRARY_PATH} PYTHONPATH=/home/agilex/limo_ros2_ws/src/install/nav2_msgs/lib/python3.8/site-packages:/home/agilex/limo_ros2_ws/src/install/nav2_common/lib/python3.8/site-packages:${PYTHONPATH} /usr/bin/cmake --build /home/agilex/limo_ros2_ws/src/build/nav2_map_server -- -j6 -l6
[28.187s] [35m[1mScanning dependencies of target map_io[0m
[28.187s] [  3%] [32mBuilding CXX object CMakeFiles/map_io.dir/src/map_mode.cpp.o[0m
[28.187s] [  6%] [32mBuilding CXX object CMakeFiles/map_io.dir/src/map_io.cpp.o[0m
[28.187s] [  9%] [32m[1mLinking CXX shared library libmap_io.so[0m
[28.188s] [  9%] Built target map_io
[28.188s] [35m[1mScanning dependencies of target gtest_main[0m
[28.188s] [ 12%] [32mBuilding CXX object gtest/CMakeFiles/gtest_main.dir/src/gtest_main.cc.o[0m
[29.873s] [ 16%] [32m[1mLinking CXX static library libgtest_main.a[0m
[29.997s] [ 16%] Built target gtest_main
[30.035s] [35m[1mScanning dependencies of target test_map_saver_publisher[0m
[30.131s] [ 19%] [32mBuilding CXX object test/component/CMakeFiles/test_map_saver_publisher.dir/test_map_saver_publisher.cpp.o[0m
[41.727s] [ 22%] [32mBuilding CXX object test/component/CMakeFiles/test_map_saver_publisher.dir/__/test_constants.cpp.o[0m
[42.107s] [ 25%] [32m[1mLinking CXX executable test_map_saver_publisher[0m
[42.769s] [ 25%] Built target test_map_saver_publisher
[42.818s] [35m[1mScanning dependencies of target map_server_core[0m
[42.981s] [ 29%] [32mBuilding CXX object CMakeFiles/map_server_core.dir/src/map_server/map_server.cpp.o[0m
[55.481s] [ 32%] [32mBuilding CXX object CMakeFiles/map_server_core.dir/src/map_saver/map_saver.cpp.o[0m
[74.735s] [ 35%] [32m[1mLinking CXX shared library libmap_server_core.so[0m
[75.285s] [ 35%] Built target map_server_core
[75.324s] [35m[1mScanning dependencies of target gtest[0m
[75.379s] [ 38%] [32mBuilding CXX object gtest/CMakeFiles/gtest.dir/src/gtest-all.cc.o[0m
[92.658s] [ 41%] [32m[1mLinking CXX static library libgtest.a[0m
[92.785s] [ 41%] Built target gtest
[92.826s] [35m[1mScanning dependencies of target map_saver_server[0m
[92.930s] [ 45%] [32mBuilding CXX object CMakeFiles/map_saver_server.dir/src/map_saver/main_server.cpp.o[0m
[98.089s] [ 48%] [32m[1mLinking CXX executable map_saver_server[0m
[98.639s] [ 48%] Built target map_saver_server
[98.676s] [35m[1mScanning dependencies of target test_map_server_node[0m
[98.801s] [ 51%] [32mBuilding CXX object test/component/CMakeFiles/test_map_server_node.dir/test_map_server_node.cpp.o[0m
[111.645s] [ 54%] [32mBuilding CXX object test/component/CMakeFiles/test_map_server_node.dir/__/test_constants.cpp.o[0m
[111.966s] [ 58%] [32m[1mLinking CXX executable test_map_server_node[0m
[112.492s] [ 58%] Built target test_map_server_node
[112.532s] [35m[1mScanning dependencies of target test_map_saver_cli[0m
[112.640s] [ 61%] [32mBuilding CXX object test/map_saver_cli/CMakeFiles/test_map_saver_cli.dir/test_map_saver_cli.cpp.o[0m
[124.447s] [ 64%] [32mBuilding CXX object test/map_saver_cli/CMakeFiles/test_map_saver_cli.dir/__/test_constants.cpp.o[0m
[124.757s] [ 67%] [32m[1mLinking CXX executable test_map_saver_cli[0m
[125.136s] [ 67%] Built target test_map_saver_cli
[125.181s] [35m[1mScanning dependencies of target test_map_saver_node[0m
[125.303s] [ 70%] [32mBuilding CXX object test/component/CMakeFiles/test_map_saver_node.dir/test_map_saver_node.cpp.o[0m
[136.369s] [ 74%] [32mBuilding CXX object test/component/CMakeFiles/test_map_saver_node.dir/__/test_constants.cpp.o[0m
[136.666s] [ 77%] [32m[1mLinking CXX executable test_map_saver_node[0m
[137.278s] [ 77%] Built target test_map_saver_node
[137.314s] [35m[1mScanning dependencies of target test_map_io[0m
[137.426s] [ 80%] [32mBuilding CXX object test/unit/CMakeFiles/test_map_io.dir/test_map_io.cpp.o[0m
[147.617s] [ 83%] [32mBuilding CXX object test/unit/CMakeFiles/test_map_io.dir/__/test_constants.cpp.o[0m
[147.894s] [ 87%] [32m[1mLinking CXX executable test_map_io[0m
[148.408s] [ 87%] Built target test_map_io
[148.443s] [35m[1mScanning dependencies of target map_saver_cli[0m
[148.536s] [ 90%] [32mBuilding CXX object CMakeFiles/map_saver_cli.dir/src/map_saver/main_cli.cpp.o[0m
[154.242s] [ 93%] [32m[1mLinking CXX executable map_saver_cli[0m
[154.792s] [ 93%] Built target map_saver_cli
[154.832s] [35m[1mScanning dependencies of target map_server[0m
[154.925s] [ 96%] [32mBuilding CXX object CMakeFiles/map_server.dir/src/map_server/main.cpp.o[0m
[160.212s] [100%] [32m[1mLinking CXX executable map_server[0m
[161.159s] [100%] Built target map_server
[161.241s] Invoked command in '/home/agilex/limo_ros2_ws/src/build/nav2_map_server' returned '0': AMENT_PREFIX_PATH=/home/agilex/limo_ros2_ws/src/install/nav2_util:/home/agilex/limo_ros2_ws/src/install/nav2_msgs:/home/agilex/limo_ros2_ws/src/install/nav2_common:${AMENT_PREFIX_PATH} CMAKE_PREFIX_PATH=/home/agilex/limo_ros2_ws/src/install/nav2_util:/home/agilex/limo_ros2_ws/src/install/nav2_msgs:/home/agilex/limo_ros2_ws/src/install/nav2_common:/home/agilex/limo_ros2_ws/install/ydlidar_sdk:/home/agilex/limo_ros2_ws/install/ydlidar_ros2_driver:/home/agilex/limo_ros2_ws/install/teb_local_planner:/home/agilex/limo_ros2_ws/install/teb_msgs:/home/agilex/limo_ros2_ws/install/nav2_system_tests:/home/agilex/limo_ros2_ws/install/nav2_bringup:/home/agilex/limo_ros2_ws/install/navigation2:/home/agilex/limo_ros2_ws/install/smac_planner:/home/agilex/limo_ros2_ws/install/rf2o_laser_odometry:/home/agilex/limo_ros2_ws/install/orbbec_description:/home/agilex/limo_ros2_ws/install/orbbec_camera:/home/agilex/limo_ros2_ws/install/orbbec_camera_msgs:/home/agilex/limo_ros2_ws/install/nav2_dwb_controller:/home/agilex/limo_ros2_ws/install/nav2_controller:/home/agilex/limo_ros2_ws/install/dwb_plugins:/home/agilex/limo_ros2_ws/install/dwb_critics:/home/agilex/limo_ros2_ws/install/dwb_core:/home/agilex/limo_ros2_ws/install/nav_2d_utils:/home/agilex/limo_ros2_ws/install/dwb_msgs:/home/agilex/limo_ros2_ws/install/nav_2d_msgs:/home/agilex/limo_ros2_ws/install/nav2_waypoint_follower:/home/agilex/limo_ros2_ws/install/nav2_regulated_pure_pursuit_controller:/home/agilex/limo_ros2_ws/install/nav2_recoveries:/home/agilex/limo_ros2_ws/install/nav2_planner:/home/agilex/limo_ros2_ws/install/nav2_navfn_planner:/home/agilex/limo_ros2_ws/install/nav2_core:/home/agilex/limo_ros2_ws/install/costmap_queue:/home/agilex/limo_ros2_ws/install/costmap_converter:/home/agilex/limo_ros2_ws/install/nav2_costmap_2d:/home/agilex/limo_ros2_ws/install/nav2_voxel_grid:/home/agilex/limo_ros2_ws/install/nav2_rviz_plugins:/home/agilex/limo_ros2_ws/install/nav2_map_server:/home/agilex/limo_ros2_ws/install/nav2_lifecycle_manager:/home/agilex/limo_ros2_ws/install/nav2_bt_navigator:/home/agilex/limo_ros2_ws/install/nav2_behavior_tree:/home/agilex/limo_ros2_ws/install/nav2_amcl:/home/agilex/limo_ros2_ws/install/nav2_util:/home/agilex/limo_ros2_ws/install/nav2_msgs:/home/agilex/limo_ros2_ws/install/nav2_common:/home/agilex/limo_ros2_ws/install/magic_enum:/home/agilex/limo_ros2_ws/install/limo_visions:/home/agilex/limo_ros2_ws/install/limo_bringup:/home/agilex/limo_ros2_ws/install/limo_base:/home/agilex/limo_ros2_ws/install/limo_msgs:/home/agilex/limo_ros2_ws/install/limo_description:/home/agilex/limo_ros2_ws/install/libuvc:/home/agilex/limo_ros2_ws/install/glog:/home/agilex/limo_ros2_ws/install/costmap_converter_msgs:/home/agilex/limo_ros2_ws/install/astra_camera:/home/agilex/limo_ros2_ws/install/astra_camera_msgs:/home/agilex/limo_ros2_ws/install/nav2_gazebo_spawner:/opt/ros/foxy LD_LIBRARY_PATH=/home/agilex/limo_ros2_ws/src/install/nav2_util/lib:/home/agilex/limo_ros2_ws/src/install/nav2_msgs/lib:${LD_LIBRARY_PATH} PYTHONPATH=/home/agilex/limo_ros2_ws/src/install/nav2_msgs/lib/python3.8/site-packages:/home/agilex/limo_ros2_ws/src/install/nav2_common/lib/python3.8/site-packages:${PYTHONPATH} /usr/bin/cmake --build /home/agilex/limo_ros2_ws/src/build/nav2_map_server -- -j6 -l6
[161.453s] Invoking command in '/home/agilex/limo_ros2_ws/src/build/nav2_map_server': AMENT_PREFIX_PATH=/home/agilex/limo_ros2_ws/src/install/nav2_util:/home/agilex/limo_ros2_ws/src/install/nav2_msgs:/home/agilex/limo_ros2_ws/src/install/nav2_common:${AMENT_PREFIX_PATH} CMAKE_PREFIX_PATH=/home/agilex/limo_ros2_ws/src/install/nav2_util:/home/agilex/limo_ros2_ws/src/install/nav2_msgs:/home/agilex/limo_ros2_ws/src/install/nav2_common:/home/agilex/limo_ros2_ws/install/ydlidar_sdk:/home/agilex/limo_ros2_ws/install/ydlidar_ros2_driver:/home/agilex/limo_ros2_ws/install/teb_local_planner:/home/agilex/limo_ros2_ws/install/teb_msgs:/home/agilex/limo_ros2_ws/install/nav2_system_tests:/home/agilex/limo_ros2_ws/install/nav2_bringup:/home/agilex/limo_ros2_ws/install/navigation2:/home/agilex/limo_ros2_ws/install/smac_planner:/home/agilex/limo_ros2_ws/install/rf2o_laser_odometry:/home/agilex/limo_ros2_ws/install/orbbec_description:/home/agilex/limo_ros2_ws/install/orbbec_camera:/home/agilex/limo_ros2_ws/install/orbbec_camera_msgs:/home/agilex/limo_ros2_ws/install/nav2_dwb_controller:/home/agilex/limo_ros2_ws/install/nav2_controller:/home/agilex/limo_ros2_ws/install/dwb_plugins:/home/agilex/limo_ros2_ws/install/dwb_critics:/home/agilex/limo_ros2_ws/install/dwb_core:/home/agilex/limo_ros2_ws/install/nav_2d_utils:/home/agilex/limo_ros2_ws/install/dwb_msgs:/home/agilex/limo_ros2_ws/install/nav_2d_msgs:/home/agilex/limo_ros2_ws/install/nav2_waypoint_follower:/home/agilex/limo_ros2_ws/install/nav2_regulated_pure_pursuit_controller:/home/agilex/limo_ros2_ws/install/nav2_recoveries:/home/agilex/limo_ros2_ws/install/nav2_planner:/home/agilex/limo_ros2_ws/install/nav2_navfn_planner:/home/agilex/limo_ros2_ws/install/nav2_core:/home/agilex/limo_ros2_ws/install/costmap_queue:/home/agilex/limo_ros2_ws/install/costmap_converter:/home/agilex/limo_ros2_ws/install/nav2_costmap_2d:/home/agilex/limo_ros2_ws/install/nav2_voxel_grid:/home/agilex/limo_ros2_ws/install/nav2_rviz_plugins:/home/agilex/limo_ros2_ws/install/nav2_map_server:/home/agilex/limo_ros2_ws/install/nav2_lifecycle_manager:/home/agilex/limo_ros2_ws/install/nav2_bt_navigator:/home/agilex/limo_ros2_ws/install/nav2_behavior_tree:/home/agilex/limo_ros2_ws/install/nav2_amcl:/home/agilex/limo_ros2_ws/install/nav2_util:/home/agilex/limo_ros2_ws/install/nav2_msgs:/home/agilex/limo_ros2_ws/install/nav2_common:/home/agilex/limo_ros2_ws/install/magic_enum:/home/agilex/limo_ros2_ws/install/limo_visions:/home/agilex/limo_ros2_ws/install/limo_bringup:/home/agilex/limo_ros2_ws/install/limo_base:/home/agilex/limo_ros2_ws/install/limo_msgs:/home/agilex/limo_ros2_ws/install/limo_description:/home/agilex/limo_ros2_ws/install/libuvc:/home/agilex/limo_ros2_ws/install/glog:/home/agilex/limo_ros2_ws/install/costmap_converter_msgs:/home/agilex/limo_ros2_ws/install/astra_camera:/home/agilex/limo_ros2_ws/install/astra_camera_msgs:/home/agilex/limo_ros2_ws/install/nav2_gazebo_spawner:/opt/ros/foxy LD_LIBRARY_PATH=/home/agilex/limo_ros2_ws/src/install/nav2_util/lib:/home/agilex/limo_ros2_ws/src/install/nav2_msgs/lib:${LD_LIBRARY_PATH} PYTHONPATH=/home/agilex/limo_ros2_ws/src/install/nav2_msgs/lib/python3.8/site-packages:/home/agilex/limo_ros2_ws/src/install/nav2_common/lib/python3.8/site-packages:${PYTHONPATH} /usr/bin/cmake --install /home/agilex/limo_ros2_ws/src/build/nav2_map_server
[161.520s] -- Install configuration: "Release"
[161.527s] -- Installing: /home/agilex/limo_ros2_ws/src/install/nav2_map_server/lib/libmap_server_core.so
[161.530s] -- Set runtime path of "/home/agilex/limo_ros2_ws/src/install/nav2_map_server/lib/libmap_server_core.so" to ""
[161.543s] -- Installing: /home/agilex/limo_ros2_ws/src/install/nav2_map_server/lib/libmap_io.so
[161.544s] -- Set runtime path of "/home/agilex/limo_ros2_ws/src/install/nav2_map_server/lib/libmap_io.so" to ""
[161.544s] -- Installing: /home/agilex/limo_ros2_ws/src/install/nav2_map_server/lib/nav2_map_server/map_server
[161.545s] -- Set runtime path of "/home/agilex/limo_ros2_ws/src/install/nav2_map_server/lib/nav2_map_server/map_server" to ""
[161.545s] -- Installing: /home/agilex/limo_ros2_ws/src/install/nav2_map_server/lib/nav2_map_server/map_saver_cli
[161.546s] -- Set runtime path of "/home/agilex/limo_ros2_ws/src/install/nav2_map_server/lib/nav2_map_server/map_saver_cli" to ""
[161.547s] -- Installing: /home/agilex/limo_ros2_ws/src/install/nav2_map_server/lib/nav2_map_server/map_saver_server
[161.547s] -- Set runtime path of "/home/agilex/limo_ros2_ws/src/install/nav2_map_server/lib/nav2_map_server/map_saver_server" to ""
[161.548s] -- Installing: /home/agilex/limo_ros2_ws/src/install/nav2_map_server/include/
[161.548s] -- Installing: /home/agilex/limo_ros2_ws/src/install/nav2_map_server/include//nav2_map_server
[161.548s] -- Installing: /home/agilex/limo_ros2_ws/src/install/nav2_map_server/include//nav2_map_server/map_mode.hpp
[161.548s] -- Installing: /home/agilex/limo_ros2_ws/src/install/nav2_map_server/include//nav2_map_server/map_server.hpp
[161.549s] -- Installing: /home/agilex/limo_ros2_ws/src/install/nav2_map_server/include//nav2_map_server/map_saver.hpp
[161.549s] -- Installing: /home/agilex/limo_ros2_ws/src/install/nav2_map_server/include//nav2_map_server/map_io.hpp
[161.550s] -- Installing: /home/agilex/limo_ros2_ws/src/install/nav2_map_server/share/nav2_map_server/launch
[161.550s] -- Installing: /home/agilex/limo_ros2_ws/src/install/nav2_map_server/share/nav2_map_server/launch/map_saver_server.launch.py
[161.551s] -- Installing: /home/agilex/limo_ros2_ws/src/install/nav2_map_server/share/nav2_map_server/environment/library_path.sh
[161.551s] -- Installing: /home/agilex/limo_ros2_ws/src/install/nav2_map_server/share/nav2_map_server/environment/library_path.dsv
[161.553s] -- Installing: /home/agilex/limo_ros2_ws/src/install/nav2_map_server/share/ament_index/resource_index/package_run_dependencies/nav2_map_server
[161.553s] -- Installing: /home/agilex/limo_ros2_ws/src/install/nav2_map_server/share/ament_index/resource_index/parent_prefix_path/nav2_map_server
[161.553s] -- Installing: /home/agilex/limo_ros2_ws/src/install/nav2_map_server/share/nav2_map_server/environment/ament_prefix_path.sh
[161.554s] -- Installing: /home/agilex/limo_ros2_ws/src/install/nav2_map_server/share/nav2_map_server/environment/ament_prefix_path.dsv
[161.555s] -- Installing: /home/agilex/limo_ros2_ws/src/install/nav2_map_server/share/nav2_map_server/environment/path.sh
[161.555s] -- Installing: /home/agilex/limo_ros2_ws/src/install/nav2_map_server/share/nav2_map_server/environment/path.dsv
[161.555s] -- Installing: /home/agilex/limo_ros2_ws/src/install/nav2_map_server/share/nav2_map_server/local_setup.bash
[161.556s] -- Installing: /home/agilex/limo_ros2_ws/src/install/nav2_map_server/share/nav2_map_server/local_setup.sh
[161.556s] -- Installing: /home/agilex/limo_ros2_ws/src/install/nav2_map_server/share/nav2_map_server/local_setup.zsh
[161.556s] -- Installing: /home/agilex/limo_ros2_ws/src/install/nav2_map_server/share/nav2_map_server/local_setup.dsv
[161.556s] -- Installing: /home/agilex/limo_ros2_ws/src/install/nav2_map_server/share/nav2_map_server/package.dsv
[161.557s] -- Installing: /home/agilex/limo_ros2_ws/src/install/nav2_map_server/share/ament_index/resource_index/packages/nav2_map_server
[161.557s] -- Installing: /home/agilex/limo_ros2_ws/src/install/nav2_map_server/share/nav2_map_server/cmake/ament_cmake_export_include_directories-extras.cmake
[161.558s] -- Installing: /home/agilex/limo_ros2_ws/src/install/nav2_map_server/share/nav2_map_server/cmake/ament_cmake_export_libraries-extras.cmake
[161.558s] -- Installing: /home/agilex/limo_ros2_ws/src/install/nav2_map_server/share/nav2_map_server/cmake/nav2_map_serverConfig.cmake
[161.559s] -- Installing: /home/agilex/limo_ros2_ws/src/install/nav2_map_server/share/nav2_map_server/cmake/nav2_map_serverConfig-version.cmake
[161.559s] -- Installing: /home/agilex/limo_ros2_ws/src/install/nav2_map_server/share/nav2_map_server/package.xml
[161.568s] Invoked command in '/home/agilex/limo_ros2_ws/src/build/nav2_map_server' returned '0': AMENT_PREFIX_PATH=/home/agilex/limo_ros2_ws/src/install/nav2_util:/home/agilex/limo_ros2_ws/src/install/nav2_msgs:/home/agilex/limo_ros2_ws/src/install/nav2_common:${AMENT_PREFIX_PATH} CMAKE_PREFIX_PATH=/home/agilex/limo_ros2_ws/src/install/nav2_util:/home/agilex/limo_ros2_ws/src/install/nav2_msgs:/home/agilex/limo_ros2_ws/src/install/nav2_common:/home/agilex/limo_ros2_ws/install/ydlidar_sdk:/home/agilex/limo_ros2_ws/install/ydlidar_ros2_driver:/home/agilex/limo_ros2_ws/install/teb_local_planner:/home/agilex/limo_ros2_ws/install/teb_msgs:/home/agilex/limo_ros2_ws/install/nav2_system_tests:/home/agilex/limo_ros2_ws/install/nav2_bringup:/home/agilex/limo_ros2_ws/install/navigation2:/home/agilex/limo_ros2_ws/install/smac_planner:/home/agilex/limo_ros2_ws/install/rf2o_laser_odometry:/home/agilex/limo_ros2_ws/install/orbbec_description:/home/agilex/limo_ros2_ws/install/orbbec_camera:/home/agilex/limo_ros2_ws/install/orbbec_camera_msgs:/home/agilex/limo_ros2_ws/install/nav2_dwb_controller:/home/agilex/limo_ros2_ws/install/nav2_controller:/home/agilex/limo_ros2_ws/install/dwb_plugins:/home/agilex/limo_ros2_ws/install/dwb_critics:/home/agilex/limo_ros2_ws/install/dwb_core:/home/agilex/limo_ros2_ws/install/nav_2d_utils:/home/agilex/limo_ros2_ws/install/dwb_msgs:/home/agilex/limo_ros2_ws/install/nav_2d_msgs:/home/agilex/limo_ros2_ws/install/nav2_waypoint_follower:/home/agilex/limo_ros2_ws/install/nav2_regulated_pure_pursuit_controller:/home/agilex/limo_ros2_ws/install/nav2_recoveries:/home/agilex/limo_ros2_ws/install/nav2_planner:/home/agilex/limo_ros2_ws/install/nav2_navfn_planner:/home/agilex/limo_ros2_ws/install/nav2_core:/home/agilex/limo_ros2_ws/install/costmap_queue:/home/agilex/limo_ros2_ws/install/costmap_converter:/home/agilex/limo_ros2_ws/install/nav2_costmap_2d:/home/agilex/limo_ros2_ws/install/nav2_voxel_grid:/home/agilex/limo_ros2_ws/install/nav2_rviz_plugins:/home/agilex/limo_ros2_ws/install/nav2_map_server:/home/agilex/limo_ros2_ws/install/nav2_lifecycle_manager:/home/agilex/limo_ros2_ws/install/nav2_bt_navigator:/home/agilex/limo_ros2_ws/install/nav2_behavior_tree:/home/agilex/limo_ros2_ws/install/nav2_amcl:/home/agilex/limo_ros2_ws/install/nav2_util:/home/agilex/limo_ros2_ws/install/nav2_msgs:/home/agilex/limo_ros2_ws/install/nav2_common:/home/agilex/limo_ros2_ws/install/magic_enum:/home/agilex/limo_ros2_ws/install/limo_visions:/home/agilex/limo_ros2_ws/install/limo_bringup:/home/agilex/limo_ros2_ws/install/limo_base:/home/agilex/limo_ros2_ws/install/limo_msgs:/home/agilex/limo_ros2_ws/install/limo_description:/home/agilex/limo_ros2_ws/install/libuvc:/home/agilex/limo_ros2_ws/install/glog:/home/agilex/limo_ros2_ws/install/costmap_converter_msgs:/home/agilex/limo_ros2_ws/install/astra_camera:/home/agilex/limo_ros2_ws/install/astra_camera_msgs:/home/agilex/limo_ros2_ws/install/nav2_gazebo_spawner:/opt/ros/foxy LD_LIBRARY_PATH=/home/agilex/limo_ros2_ws/src/install/nav2_util/lib:/home/agilex/limo_ros2_ws/src/install/nav2_msgs/lib:${LD_LIBRARY_PATH} PYTHONPATH=/home/agilex/limo_ros2_ws/src/install/nav2_msgs/lib/python3.8/site-packages:/home/agilex/limo_ros2_ws/src/install/nav2_common/lib/python3.8/site-packages:${PYTHONPATH} /usr/bin/cmake --install /home/agilex/limo_ros2_ws/src/build/nav2_map_server
