[0.066s] Invoking command in '/home/agilex/limo_ros2_ws/build/nav2_msgs': CMAKE_PREFIX_PATH=/home/agilex/limo_ros2_ws/install/nav2_common:/home/agilex/limo_ros2_ws/install/ydlidar_sdk:/home/agilex/limo_ros2_ws/install/ydlidar_ros2_driver:/home/agilex/limo_ros2_ws/install/tracetools_image_pipeline:/home/agilex/limo_ros2_ws/install/teb_local_planner:/home/agilex/limo_ros2_ws/install/teb_msgs:/home/agilex/limo_ros2_ws/install/nav2_system_tests:/home/agilex/limo_ros2_ws/install/nav2_bringup:/home/agilex/limo_ros2_ws/install/navigation2:/home/agilex/limo_ros2_ws/install/smac_planner:/home/agilex/limo_ros2_ws/install/rf2o_laser_odometry:/home/agilex/limo_ros2_ws/install/orbbec_description:/home/agilex/limo_ros2_ws/install/orbbec_camera:/home/agilex/limo_ros2_ws/install/orbbec_camera_msgs:/home/agilex/limo_ros2_ws/install/nav2_dwb_controller:/home/agilex/limo_ros2_ws/install/nav2_controller:/home/agilex/limo_ros2_ws/install/dwb_plugins:/home/agilex/limo_ros2_ws/install/dwb_critics:/home/agilex/limo_ros2_ws/install/dwb_core:/home/agilex/limo_ros2_ws/install/nav_2d_utils:/home/agilex/limo_ros2_ws/install/dwb_msgs:/home/agilex/limo_ros2_ws/install/nav_2d_msgs:/home/agilex/limo_ros2_ws/install/nav2_waypoint_follower:/home/agilex/limo_ros2_ws/install/nav2_regulated_pure_pursuit_controller:/home/agilex/limo_ros2_ws/install/nav2_recoveries:/home/agilex/limo_ros2_ws/install/nav2_planner:/home/agilex/limo_ros2_ws/install/nav2_navfn_planner:/home/agilex/limo_ros2_ws/install/nav2_core:/home/agilex/limo_ros2_ws/install/costmap_queue:/home/agilex/limo_ros2_ws/install/costmap_converter:/home/agilex/limo_ros2_ws/install/nav2_costmap_2d:/home/agilex/limo_ros2_ws/install/nav2_voxel_grid:/home/agilex/limo_ros2_ws/install/nav2_rviz_plugins:/home/agilex/limo_ros2_ws/install/nav2_map_server:/home/agilex/limo_ros2_ws/install/nav2_lifecycle_manager:/home/agilex/limo_ros2_ws/install/nav2_bt_navigator:/home/agilex/limo_ros2_ws/install/nav2_behavior_tree:/home/agilex/limo_ros2_ws/install/nav2_amcl:/home/agilex/limo_ros2_ws/install/nav2_util:/home/agilex/limo_ros2_ws/install/nav2_msgs:/home/agilex/limo_ros2_ws/install/magic_enum:/home/agilex/limo_ros2_ws/install/limo_visions:/home/agilex/limo_ros2_ws/install/limo_bringup:/home/agilex/limo_ros2_ws/install/limo_base:/home/agilex/limo_ros2_ws/install/limo_msgs:/home/agilex/limo_ros2_ws/install/limo_description:/home/agilex/limo_ros2_ws/install/libuvc:/home/agilex/limo_ros2_ws/install/astra_camera:/home/agilex/limo_ros2_ws/install/glog:/home/agilex/limo_ros2_ws/install/costmap_converter_msgs:/home/agilex/limo_ros2_ws/install/astra_camera_msgs:/home/agilex/limo_ros2_ws/install/nav2_gazebo_spawner:/home/agilex/limo_ros2_ws/install/camera_calibration:/opt/ros/foxy PYTHONPATH=/home/agilex/limo_ros2_ws/install/nav2_common/lib/python3.8/site-packages:/home/agilex/limo_ros2_ws/install/teb_msgs/lib/python3.8/site-packages:/home/agilex/limo_ros2_ws/install/orbbec_camera_msgs/lib/python3.8/site-packages:/home/agilex/limo_ros2_ws/install/dwb_msgs/lib/python3.8/site-packages:/home/agilex/limo_ros2_ws/install/nav_2d_msgs/lib/python3.8/site-packages:/home/agilex/limo_ros2_ws/install/nav2_msgs/lib/python3.8/site-packages:/home/agilex/limo_ros2_ws/install/nav2_gazebo_spawner/lib/python3.8/site-packages:/home/agilex/limo_ros2_ws/install/limo_msgs/lib/python3.8/site-packages:/home/agilex/limo_ros2_ws/install/costmap_converter_msgs/lib/python3.8/site-packages:/home/agilex/limo_ros2_ws/install/camera_calibration/lib/python3.8/site-packages:/home/agilex/limo_ros2_ws/install/astra_camera_msgs/lib/python3.8/site-packages:/opt/ros/foxy/lib/python3.8/site-packages /usr/bin/cmake --build /home/agilex/limo_ros2_ws/build/nav2_msgs -- -j6 -l6
[0.359s] [  0%] Built target nav2_msgs__cpp
[0.425s] [ 12%] Built target nav2_msgs__rosidl_generator_c
[0.514s] [ 25%] Built target nav2_msgs__rosidl_typesupport_introspection_cpp
[0.555s] [ 37%] Built target nav2_msgs__rosidl_typesupport_cpp
[0.564s] [ 49%] Built target nav2_msgs__rosidl_typesupport_c
[0.567s] [ 61%] Built target nav2_msgs__rosidl_typesupport_fastrtps_cpp
[0.574s] [ 73%] Built target nav2_msgs__rosidl_typesupport_introspection_c
[0.693s] [ 85%] Built target nav2_msgs__rosidl_typesupport_fastrtps_c
[0.768s] [ 85%] Built target nav2_msgs
[0.855s] [ 86%] Built target nav2_msgs__py
[0.979s] [ 97%] Built target nav2_msgs__python
[1.114s] [ 98%] Built target nav2_msgs__rosidl_typesupport_c__pyext
[1.115s] [ 99%] Built target nav2_msgs__rosidl_typesupport_fastrtps_c__pyext
[1.115s] [100%] Built target nav2_msgs__rosidl_typesupport_introspection_c__pyext
[1.155s] Invoked command in '/home/agilex/limo_ros2_ws/build/nav2_msgs' returned '0': CMAKE_PREFIX_PATH=/home/agilex/limo_ros2_ws/install/nav2_common:/home/agilex/limo_ros2_ws/install/ydlidar_sdk:/home/agilex/limo_ros2_ws/install/ydlidar_ros2_driver:/home/agilex/limo_ros2_ws/install/tracetools_image_pipeline:/home/agilex/limo_ros2_ws/install/teb_local_planner:/home/agilex/limo_ros2_ws/install/teb_msgs:/home/agilex/limo_ros2_ws/install/nav2_system_tests:/home/agilex/limo_ros2_ws/install/nav2_bringup:/home/agilex/limo_ros2_ws/install/navigation2:/home/agilex/limo_ros2_ws/install/smac_planner:/home/agilex/limo_ros2_ws/install/rf2o_laser_odometry:/home/agilex/limo_ros2_ws/install/orbbec_description:/home/agilex/limo_ros2_ws/install/orbbec_camera:/home/agilex/limo_ros2_ws/install/orbbec_camera_msgs:/home/agilex/limo_ros2_ws/install/nav2_dwb_controller:/home/agilex/limo_ros2_ws/install/nav2_controller:/home/agilex/limo_ros2_ws/install/dwb_plugins:/home/agilex/limo_ros2_ws/install/dwb_critics:/home/agilex/limo_ros2_ws/install/dwb_core:/home/agilex/limo_ros2_ws/install/nav_2d_utils:/home/agilex/limo_ros2_ws/install/dwb_msgs:/home/agilex/limo_ros2_ws/install/nav_2d_msgs:/home/agilex/limo_ros2_ws/install/nav2_waypoint_follower:/home/agilex/limo_ros2_ws/install/nav2_regulated_pure_pursuit_controller:/home/agilex/limo_ros2_ws/install/nav2_recoveries:/home/agilex/limo_ros2_ws/install/nav2_planner:/home/agilex/limo_ros2_ws/install/nav2_navfn_planner:/home/agilex/limo_ros2_ws/install/nav2_core:/home/agilex/limo_ros2_ws/install/costmap_queue:/home/agilex/limo_ros2_ws/install/costmap_converter:/home/agilex/limo_ros2_ws/install/nav2_costmap_2d:/home/agilex/limo_ros2_ws/install/nav2_voxel_grid:/home/agilex/limo_ros2_ws/install/nav2_rviz_plugins:/home/agilex/limo_ros2_ws/install/nav2_map_server:/home/agilex/limo_ros2_ws/install/nav2_lifecycle_manager:/home/agilex/limo_ros2_ws/install/nav2_bt_navigator:/home/agilex/limo_ros2_ws/install/nav2_behavior_tree:/home/agilex/limo_ros2_ws/install/nav2_amcl:/home/agilex/limo_ros2_ws/install/nav2_util:/home/agilex/limo_ros2_ws/install/nav2_msgs:/home/agilex/limo_ros2_ws/install/magic_enum:/home/agilex/limo_ros2_ws/install/limo_visions:/home/agilex/limo_ros2_ws/install/limo_bringup:/home/agilex/limo_ros2_ws/install/limo_base:/home/agilex/limo_ros2_ws/install/limo_msgs:/home/agilex/limo_ros2_ws/install/limo_description:/home/agilex/limo_ros2_ws/install/libuvc:/home/agilex/limo_ros2_ws/install/astra_camera:/home/agilex/limo_ros2_ws/install/glog:/home/agilex/limo_ros2_ws/install/costmap_converter_msgs:/home/agilex/limo_ros2_ws/install/astra_camera_msgs:/home/agilex/limo_ros2_ws/install/nav2_gazebo_spawner:/home/agilex/limo_ros2_ws/install/camera_calibration:/opt/ros/foxy PYTHONPATH=/home/agilex/limo_ros2_ws/install/nav2_common/lib/python3.8/site-packages:/home/agilex/limo_ros2_ws/install/teb_msgs/lib/python3.8/site-packages:/home/agilex/limo_ros2_ws/install/orbbec_camera_msgs/lib/python3.8/site-packages:/home/agilex/limo_ros2_ws/install/dwb_msgs/lib/python3.8/site-packages:/home/agilex/limo_ros2_ws/install/nav_2d_msgs/lib/python3.8/site-packages:/home/agilex/limo_ros2_ws/install/nav2_msgs/lib/python3.8/site-packages:/home/agilex/limo_ros2_ws/install/nav2_gazebo_spawner/lib/python3.8/site-packages:/home/agilex/limo_ros2_ws/install/limo_msgs/lib/python3.8/site-packages:/home/agilex/limo_ros2_ws/install/costmap_converter_msgs/lib/python3.8/site-packages:/home/agilex/limo_ros2_ws/install/camera_calibration/lib/python3.8/site-packages:/home/agilex/limo_ros2_ws/install/astra_camera_msgs/lib/python3.8/site-packages:/opt/ros/foxy/lib/python3.8/site-packages /usr/bin/cmake --build /home/agilex/limo_ros2_ws/build/nav2_msgs -- -j6 -l6
[3.057s] Invoking command in '/home/agilex/limo_ros2_ws/build/nav2_msgs': CMAKE_PREFIX_PATH=/home/agilex/limo_ros2_ws/install/nav2_common:/home/agilex/limo_ros2_ws/install/ydlidar_sdk:/home/agilex/limo_ros2_ws/install/ydlidar_ros2_driver:/home/agilex/limo_ros2_ws/install/tracetools_image_pipeline:/home/agilex/limo_ros2_ws/install/teb_local_planner:/home/agilex/limo_ros2_ws/install/teb_msgs:/home/agilex/limo_ros2_ws/install/nav2_system_tests:/home/agilex/limo_ros2_ws/install/nav2_bringup:/home/agilex/limo_ros2_ws/install/navigation2:/home/agilex/limo_ros2_ws/install/smac_planner:/home/agilex/limo_ros2_ws/install/rf2o_laser_odometry:/home/agilex/limo_ros2_ws/install/orbbec_description:/home/agilex/limo_ros2_ws/install/orbbec_camera:/home/agilex/limo_ros2_ws/install/orbbec_camera_msgs:/home/agilex/limo_ros2_ws/install/nav2_dwb_controller:/home/agilex/limo_ros2_ws/install/nav2_controller:/home/agilex/limo_ros2_ws/install/dwb_plugins:/home/agilex/limo_ros2_ws/install/dwb_critics:/home/agilex/limo_ros2_ws/install/dwb_core:/home/agilex/limo_ros2_ws/install/nav_2d_utils:/home/agilex/limo_ros2_ws/install/dwb_msgs:/home/agilex/limo_ros2_ws/install/nav_2d_msgs:/home/agilex/limo_ros2_ws/install/nav2_waypoint_follower:/home/agilex/limo_ros2_ws/install/nav2_regulated_pure_pursuit_controller:/home/agilex/limo_ros2_ws/install/nav2_recoveries:/home/agilex/limo_ros2_ws/install/nav2_planner:/home/agilex/limo_ros2_ws/install/nav2_navfn_planner:/home/agilex/limo_ros2_ws/install/nav2_core:/home/agilex/limo_ros2_ws/install/costmap_queue:/home/agilex/limo_ros2_ws/install/costmap_converter:/home/agilex/limo_ros2_ws/install/nav2_costmap_2d:/home/agilex/limo_ros2_ws/install/nav2_voxel_grid:/home/agilex/limo_ros2_ws/install/nav2_rviz_plugins:/home/agilex/limo_ros2_ws/install/nav2_map_server:/home/agilex/limo_ros2_ws/install/nav2_lifecycle_manager:/home/agilex/limo_ros2_ws/install/nav2_bt_navigator:/home/agilex/limo_ros2_ws/install/nav2_behavior_tree:/home/agilex/limo_ros2_ws/install/nav2_amcl:/home/agilex/limo_ros2_ws/install/nav2_util:/home/agilex/limo_ros2_ws/install/nav2_msgs:/home/agilex/limo_ros2_ws/install/magic_enum:/home/agilex/limo_ros2_ws/install/limo_visions:/home/agilex/limo_ros2_ws/install/limo_bringup:/home/agilex/limo_ros2_ws/install/limo_base:/home/agilex/limo_ros2_ws/install/limo_msgs:/home/agilex/limo_ros2_ws/install/limo_description:/home/agilex/limo_ros2_ws/install/libuvc:/home/agilex/limo_ros2_ws/install/astra_camera:/home/agilex/limo_ros2_ws/install/glog:/home/agilex/limo_ros2_ws/install/costmap_converter_msgs:/home/agilex/limo_ros2_ws/install/astra_camera_msgs:/home/agilex/limo_ros2_ws/install/nav2_gazebo_spawner:/home/agilex/limo_ros2_ws/install/camera_calibration:/opt/ros/foxy PYTHONPATH=/home/agilex/limo_ros2_ws/install/nav2_common/lib/python3.8/site-packages:/home/agilex/limo_ros2_ws/install/teb_msgs/lib/python3.8/site-packages:/home/agilex/limo_ros2_ws/install/orbbec_camera_msgs/lib/python3.8/site-packages:/home/agilex/limo_ros2_ws/install/dwb_msgs/lib/python3.8/site-packages:/home/agilex/limo_ros2_ws/install/nav_2d_msgs/lib/python3.8/site-packages:/home/agilex/limo_ros2_ws/install/nav2_msgs/lib/python3.8/site-packages:/home/agilex/limo_ros2_ws/install/nav2_gazebo_spawner/lib/python3.8/site-packages:/home/agilex/limo_ros2_ws/install/limo_msgs/lib/python3.8/site-packages:/home/agilex/limo_ros2_ws/install/costmap_converter_msgs/lib/python3.8/site-packages:/home/agilex/limo_ros2_ws/install/camera_calibration/lib/python3.8/site-packages:/home/agilex/limo_ros2_ws/install/astra_camera_msgs/lib/python3.8/site-packages:/opt/ros/foxy/lib/python3.8/site-packages /usr/bin/cmake --install /home/agilex/limo_ros2_ws/build/nav2_msgs
[3.085s] -- Install configuration: "Release"
[3.086s] -- Up-to-date: /home/agilex/limo_ros2_ws/install/nav2_msgs/share/ament_index/resource_index/rosidl_interfaces/nav2_msgs
[3.086s] -- Up-to-date: /home/agilex/limo_ros2_ws/install/nav2_msgs/include/nav2_msgs
[3.087s] -- Up-to-date: /home/agilex/limo_ros2_ws/install/nav2_msgs/include/nav2_msgs/msg
[3.087s] -- Up-to-date: /home/agilex/limo_ros2_ws/install/nav2_msgs/include/nav2_msgs/msg/voxel_grid.h
[3.087s] -- Up-to-date: /home/agilex/limo_ros2_ws/install/nav2_msgs/include/nav2_msgs/msg/particle_cloud.h
[3.088s] -- Up-to-date: /home/agilex/limo_ros2_ws/install/nav2_msgs/include/nav2_msgs/msg/costmap_meta_data.h
[3.088s] -- Up-to-date: /home/agilex/limo_ros2_ws/install/nav2_msgs/include/nav2_msgs/msg/costmap.h
[3.088s] -- Up-to-date: /home/agilex/limo_ros2_ws/install/nav2_msgs/include/nav2_msgs/msg/rosidl_generator_c__visibility_control.h
[3.088s] -- Up-to-date: /home/agilex/limo_ros2_ws/install/nav2_msgs/include/nav2_msgs/msg/behavior_tree_status_change.h
[3.088s] -- Up-to-date: /home/agilex/limo_ros2_ws/install/nav2_msgs/include/nav2_msgs/msg/detail
[3.089s] -- Up-to-date: /home/agilex/limo_ros2_ws/install/nav2_msgs/include/nav2_msgs/msg/detail/voxel_grid__functions.h
[3.089s] -- Up-to-date: /home/agilex/limo_ros2_ws/install/nav2_msgs/include/nav2_msgs/msg/detail/costmap_meta_data__type_support.h
[3.089s] -- Up-to-date: /home/agilex/limo_ros2_ws/install/nav2_msgs/include/nav2_msgs/msg/detail/voxel_grid__functions.c
[3.089s] -- Up-to-date: /home/agilex/limo_ros2_ws/install/nav2_msgs/include/nav2_msgs/msg/detail/costmap_meta_data__functions.h
[3.089s] -- Up-to-date: /home/agilex/limo_ros2_ws/install/nav2_msgs/include/nav2_msgs/msg/detail/behavior_tree_status_change__functions.c
[3.089s] -- Up-to-date: /home/agilex/limo_ros2_ws/install/nav2_msgs/include/nav2_msgs/msg/detail/voxel_grid__type_support.h
[3.089s] -- Up-to-date: /home/agilex/limo_ros2_ws/install/nav2_msgs/include/nav2_msgs/msg/detail/behavior_tree_status_change__struct.h
[3.089s] -- Up-to-date: /home/agilex/limo_ros2_ws/install/nav2_msgs/include/nav2_msgs/msg/detail/particle__functions.c
[3.089s] -- Up-to-date: /home/agilex/limo_ros2_ws/install/nav2_msgs/include/nav2_msgs/msg/detail/behavior_tree_log__struct.h
[3.091s] -- Up-to-date: /home/agilex/limo_ros2_ws/install/nav2_msgs/include/nav2_msgs/msg/detail/costmap__type_support.h
[3.091s] -- Up-to-date: /home/agilex/limo_ros2_ws/install/nav2_msgs/include/nav2_msgs/msg/detail/behavior_tree_log__type_support.h
[3.091s] -- Up-to-date: /home/agilex/limo_ros2_ws/install/nav2_msgs/include/nav2_msgs/msg/detail/costmap_meta_data__struct.h
[3.091s] -- Up-to-date: /home/agilex/limo_ros2_ws/install/nav2_msgs/include/nav2_msgs/msg/detail/particle_cloud__functions.h
[3.091s] -- Up-to-date: /home/agilex/limo_ros2_ws/install/nav2_msgs/include/nav2_msgs/msg/detail/costmap__functions.c
[3.092s] -- Up-to-date: /home/agilex/limo_ros2_ws/install/nav2_msgs/include/nav2_msgs/msg/detail/particle_cloud__functions.c
[3.092s] -- Up-to-date: /home/agilex/limo_ros2_ws/install/nav2_msgs/include/nav2_msgs/msg/detail/behavior_tree_log__functions.h
[3.092s] -- Up-to-date: /home/agilex/limo_ros2_ws/install/nav2_msgs/include/nav2_msgs/msg/detail/behavior_tree_status_change__functions.h
[3.092s] -- Up-to-date: /home/agilex/limo_ros2_ws/install/nav2_msgs/include/nav2_msgs/msg/detail/costmap__struct.h
[3.092s] -- Up-to-date: /home/agilex/limo_ros2_ws/install/nav2_msgs/include/nav2_msgs/msg/detail/behavior_tree_status_change__type_support.h
[3.092s] -- Up-to-date: /home/agilex/limo_ros2_ws/install/nav2_msgs/include/nav2_msgs/msg/detail/voxel_grid__struct.h
[3.094s] -- Up-to-date: /home/agilex/limo_ros2_ws/install/nav2_msgs/include/nav2_msgs/msg/detail/particle__struct.h
[3.097s] -- Up-to-date: /home/agilex/limo_ros2_ws/install/nav2_msgs/include/nav2_msgs/msg/detail/costmap__functions.h
[3.098s] -- Up-to-date: /home/agilex/limo_ros2_ws/install/nav2_msgs/include/nav2_msgs/msg/detail/particle_cloud__type_support.h
[3.098s] -- Up-to-date: /home/agilex/limo_ros2_ws/install/nav2_msgs/include/nav2_msgs/msg/detail/particle_cloud__struct.h
[3.098s] -- Up-to-date: /home/agilex/limo_ros2_ws/install/nav2_msgs/include/nav2_msgs/msg/detail/particle__type_support.h
[3.099s] -- Up-to-date: /home/agilex/limo_ros2_ws/install/nav2_msgs/include/nav2_msgs/msg/detail/particle__functions.h
[3.100s] -- Up-to-date: /home/agilex/limo_ros2_ws/install/nav2_msgs/include/nav2_msgs/msg/detail/costmap_meta_data__functions.c
[3.100s] -- Up-to-date: /home/agilex/limo_ros2_ws/install/nav2_msgs/include/nav2_msgs/msg/detail/behavior_tree_log__functions.c
[3.101s] -- Up-to-date: /home/agilex/limo_ros2_ws/install/nav2_msgs/include/nav2_msgs/msg/particle.h
[3.102s] -- Up-to-date: /home/agilex/limo_ros2_ws/install/nav2_msgs/include/nav2_msgs/msg/behavior_tree_log.h
[3.102s] -- Up-to-date: /home/agilex/limo_ros2_ws/install/nav2_msgs/include/nav2_msgs/srv
[3.103s] -- Up-to-date: /home/agilex/limo_ros2_ws/install/nav2_msgs/include/nav2_msgs/srv/clear_costmap_except_region.h
[3.103s] -- Up-to-date: /home/agilex/limo_ros2_ws/install/nav2_msgs/include/nav2_msgs/srv/get_costmap.h
[3.104s] -- Up-to-date: /home/agilex/limo_ros2_ws/install/nav2_msgs/include/nav2_msgs/srv/clear_entire_costmap.h
[3.104s] -- Up-to-date: /home/agilex/limo_ros2_ws/install/nav2_msgs/include/nav2_msgs/srv/manage_lifecycle_nodes.h
[3.105s] -- Up-to-date: /home/agilex/limo_ros2_ws/install/nav2_msgs/include/nav2_msgs/srv/clear_costmap_around_robot.h
[3.105s] -- Up-to-date: /home/agilex/limo_ros2_ws/install/nav2_msgs/include/nav2_msgs/srv/detail
[3.106s] -- Up-to-date: /home/agilex/limo_ros2_ws/install/nav2_msgs/include/nav2_msgs/srv/detail/save_map__functions.h
[3.107s] -- Up-to-date: /home/agilex/limo_ros2_ws/install/nav2_msgs/include/nav2_msgs/srv/detail/manage_lifecycle_nodes__struct.h
[3.107s] -- Up-to-date: /home/agilex/limo_ros2_ws/install/nav2_msgs/include/nav2_msgs/srv/detail/clear_costmap_around_robot__functions.h
[3.112s] -- Up-to-date: /home/agilex/limo_ros2_ws/install/nav2_msgs/include/nav2_msgs/srv/detail/load_map__functions.c
[3.113s] -- Up-to-date: /home/agilex/limo_ros2_ws/install/nav2_msgs/include/nav2_msgs/srv/detail/clear_entire_costmap__functions.c
[3.113s] -- Up-to-date: /home/agilex/limo_ros2_ws/install/nav2_msgs/include/nav2_msgs/srv/detail/save_map__functions.c
[3.114s] -- Up-to-date: /home/agilex/limo_ros2_ws/install/nav2_msgs/include/nav2_msgs/srv/detail/clear_costmap_around_robot__type_support.h
[3.114s] -- Up-to-date: /home/agilex/limo_ros2_ws/install/nav2_msgs/include/nav2_msgs/srv/detail/get_costmap__struct.h
[3.114s] -- Up-to-date: /home/agilex/limo_ros2_ws/install/nav2_msgs/include/nav2_msgs/srv/detail/save_map__struct.h
[3.114s] -- Up-to-date: /home/agilex/limo_ros2_ws/install/nav2_msgs/include/nav2_msgs/srv/detail/get_costmap__functions.c
[3.115s] -- Up-to-date: /home/agilex/limo_ros2_ws/install/nav2_msgs/include/nav2_msgs/srv/detail/clear_costmap_except_region__functions.h
[3.115s] -- Up-to-date: /home/agilex/limo_ros2_ws/install/nav2_msgs/include/nav2_msgs/srv/detail/save_map__type_support.h
[3.115s] -- Up-to-date: /home/agilex/limo_ros2_ws/install/nav2_msgs/include/nav2_msgs/srv/detail/clear_costmap_around_robot__struct.h
[3.115s] -- Up-to-date: /home/agilex/limo_ros2_ws/install/nav2_msgs/include/nav2_msgs/srv/detail/load_map__type_support.h
[3.116s] -- Up-to-date: /home/agilex/limo_ros2_ws/install/nav2_msgs/include/nav2_msgs/srv/detail/manage_lifecycle_nodes__functions.c
[3.117s] -- Up-to-date: /home/agilex/limo_ros2_ws/install/nav2_msgs/include/nav2_msgs/srv/detail/manage_lifecycle_nodes__functions.h
[3.117s] -- Up-to-date: /home/agilex/limo_ros2_ws/install/nav2_msgs/include/nav2_msgs/srv/detail/get_costmap__type_support.h
[3.117s] -- Up-to-date: /home/agilex/limo_ros2_ws/install/nav2_msgs/include/nav2_msgs/srv/detail/load_map__struct.h
[3.117s] -- Up-to-date: /home/agilex/limo_ros2_ws/install/nav2_msgs/include/nav2_msgs/srv/detail/clear_entire_costmap__functions.h
[3.118s] -- Up-to-date: /home/agilex/limo_ros2_ws/install/nav2_msgs/include/nav2_msgs/srv/detail/load_map__functions.h
[3.118s] -- Up-to-date: /home/agilex/limo_ros2_ws/install/nav2_msgs/include/nav2_msgs/srv/detail/clear_costmap_around_robot__functions.c
[3.118s] -- Up-to-date: /home/agilex/limo_ros2_ws/install/nav2_msgs/include/nav2_msgs/srv/detail/clear_entire_costmap__struct.h
[3.118s] -- Up-to-date: /home/agilex/limo_ros2_ws/install/nav2_msgs/include/nav2_msgs/srv/detail/manage_lifecycle_nodes__type_support.h
[3.120s] -- Up-to-date: /home/agilex/limo_ros2_ws/install/nav2_msgs/include/nav2_msgs/srv/detail/get_costmap__functions.h
[3.121s] -- Up-to-date: /home/agilex/limo_ros2_ws/install/nav2_msgs/include/nav2_msgs/srv/detail/clear_entire_costmap__type_support.h
[3.123s] -- Up-to-date: /home/agilex/limo_ros2_ws/install/nav2_msgs/include/nav2_msgs/srv/detail/clear_costmap_except_region__type_support.h
[3.124s] -- Up-to-date: /home/agilex/limo_ros2_ws/install/nav2_msgs/include/nav2_msgs/srv/detail/clear_costmap_except_region__functions.c
[3.125s] -- Up-to-date: /home/agilex/limo_ros2_ws/install/nav2_msgs/include/nav2_msgs/srv/detail/clear_costmap_except_region__struct.h
[3.125s] -- Up-to-date: /home/agilex/limo_ros2_ws/install/nav2_msgs/include/nav2_msgs/srv/load_map.h
[3.126s] -- Up-to-date: /home/agilex/limo_ros2_ws/install/nav2_msgs/include/nav2_msgs/srv/save_map.h
[3.127s] -- Up-to-date: /home/agilex/limo_ros2_ws/install/nav2_msgs/include/nav2_msgs/action
[3.127s] -- Up-to-date: /home/agilex/limo_ros2_ws/install/nav2_msgs/include/nav2_msgs/action/compute_path_to_pose.h
[3.130s] -- Up-to-date: /home/agilex/limo_ros2_ws/install/nav2_msgs/include/nav2_msgs/action/back_up.h
[3.131s] -- Up-to-date: /home/agilex/limo_ros2_ws/install/nav2_msgs/include/nav2_msgs/action/follow_path.h
[3.131s] -- Up-to-date: /home/agilex/limo_ros2_ws/install/nav2_msgs/include/nav2_msgs/action/navigate_to_pose.h
[3.133s] -- Up-to-date: /home/agilex/limo_ros2_ws/install/nav2_msgs/include/nav2_msgs/action/wait.h
[3.133s] -- Up-to-date: /home/agilex/limo_ros2_ws/install/nav2_msgs/include/nav2_msgs/action/follow_waypoints.h
[3.134s] -- Up-to-date: /home/agilex/limo_ros2_ws/install/nav2_msgs/include/nav2_msgs/action/detail
[3.134s] -- Up-to-date: /home/agilex/limo_ros2_ws/install/nav2_msgs/include/nav2_msgs/action/detail/spin__struct.h
[3.134s] -- Up-to-date: /home/agilex/limo_ros2_ws/install/nav2_msgs/include/nav2_msgs/action/detail/back_up__functions.h
[3.134s] -- Up-to-date: /home/agilex/limo_ros2_ws/install/nav2_msgs/include/nav2_msgs/action/detail/wait__functions.c
[3.135s] -- Up-to-date: /home/agilex/limo_ros2_ws/install/nav2_msgs/include/nav2_msgs/action/detail/compute_path_to_pose__functions.c
[3.135s] -- Up-to-date: /home/agilex/limo_ros2_ws/install/nav2_msgs/include/nav2_msgs/action/detail/follow_waypoints__type_support.h
[3.137s] -- Up-to-date: /home/agilex/limo_ros2_ws/install/nav2_msgs/include/nav2_msgs/action/detail/wait__struct.h
[3.137s] -- Up-to-date: /home/agilex/limo_ros2_ws/install/nav2_msgs/include/nav2_msgs/action/detail/follow_path__functions.h
[3.137s] -- Up-to-date: /home/agilex/limo_ros2_ws/install/nav2_msgs/include/nav2_msgs/action/detail/spin__functions.h
[3.138s] -- Up-to-date: /home/agilex/limo_ros2_ws/install/nav2_msgs/include/nav2_msgs/action/detail/navigate_to_pose__type_support.h
[3.138s] -- Up-to-date: /home/agilex/limo_ros2_ws/install/nav2_msgs/include/nav2_msgs/action/detail/wait__functions.h
[3.140s] -- Up-to-date: /home/agilex/limo_ros2_ws/install/nav2_msgs/include/nav2_msgs/action/detail/follow_waypoints__struct.h
[3.140s] -- Up-to-date: /home/agilex/limo_ros2_ws/install/nav2_msgs/include/nav2_msgs/action/detail/back_up__functions.c
[3.140s] -- Up-to-date: /home/agilex/limo_ros2_ws/install/nav2_msgs/include/nav2_msgs/action/detail/dummy_recovery__type_support.h
[3.140s] -- Up-to-date: /home/agilex/limo_ros2_ws/install/nav2_msgs/include/nav2_msgs/action/detail/spin__type_support.h
[3.140s] -- Up-to-date: /home/agilex/limo_ros2_ws/install/nav2_msgs/include/nav2_msgs/action/detail/compute_path_to_pose__struct.h
[3.140s] -- Up-to-date: /home/agilex/limo_ros2_ws/install/nav2_msgs/include/nav2_msgs/action/detail/follow_path__struct.h
[3.140s] -- Up-to-date: /home/agilex/limo_ros2_ws/install/nav2_msgs/include/nav2_msgs/action/detail/navigate_to_pose__functions.c
[3.140s] -- Up-to-date: /home/agilex/limo_ros2_ws/install/nav2_msgs/include/nav2_msgs/action/detail/compute_path_to_pose__functions.h
[3.141s] -- Up-to-date: /home/agilex/limo_ros2_ws/install/nav2_msgs/include/nav2_msgs/action/detail/navigate_to_pose__functions.h
[3.141s] -- Up-to-date: /home/agilex/limo_ros2_ws/install/nav2_msgs/include/nav2_msgs/action/detail/dummy_recovery__functions.h
[3.142s] -- Up-to-date: /home/agilex/limo_ros2_ws/install/nav2_msgs/include/nav2_msgs/action/detail/back_up__type_support.h
[3.144s] -- Up-to-date: /home/agilex/limo_ros2_ws/install/nav2_msgs/include/nav2_msgs/action/detail/dummy_recovery__functions.c
[3.144s] -- Up-to-date: /home/agilex/limo_ros2_ws/install/nav2_msgs/include/nav2_msgs/action/detail/compute_path_to_pose__type_support.h
[3.145s] -- Up-to-date: /home/agilex/limo_ros2_ws/install/nav2_msgs/include/nav2_msgs/action/detail/navigate_to_pose__struct.h
[3.145s] -- Up-to-date: /home/agilex/limo_ros2_ws/install/nav2_msgs/include/nav2_msgs/action/detail/follow_path__type_support.h
[3.145s] -- Up-to-date: /home/agilex/limo_ros2_ws/install/nav2_msgs/include/nav2_msgs/action/detail/spin__functions.c
[3.146s] -- Up-to-date: /home/agilex/limo_ros2_ws/install/nav2_msgs/include/nav2_msgs/action/detail/follow_path__functions.c
[3.147s] -- Up-to-date: /home/agilex/limo_ros2_ws/install/nav2_msgs/include/nav2_msgs/action/detail/dummy_recovery__struct.h
[3.148s] -- Up-to-date: /home/agilex/limo_ros2_ws/install/nav2_msgs/include/nav2_msgs/action/detail/back_up__struct.h
[3.148s] -- Up-to-date: /home/agilex/limo_ros2_ws/install/nav2_msgs/include/nav2_msgs/action/detail/follow_waypoints__functions.h
[3.148s] -- Up-to-date: /home/agilex/limo_ros2_ws/install/nav2_msgs/include/nav2_msgs/action/detail/follow_waypoints__functions.c
[3.149s] -- Up-to-date: /home/agilex/limo_ros2_ws/install/nav2_msgs/include/nav2_msgs/action/detail/wait__type_support.h
[3.149s] -- Up-to-date: /home/agilex/limo_ros2_ws/install/nav2_msgs/include/nav2_msgs/action/spin.h
[3.150s] -- Up-to-date: /home/agilex/limo_ros2_ws/install/nav2_msgs/include/nav2_msgs/action/dummy_recovery.h
[3.150s] -- Up-to-date: /home/agilex/limo_ros2_ws/install/nav2_msgs/share/nav2_msgs/environment/library_path.sh
[3.151s] -- Up-to-date: /home/agilex/limo_ros2_ws/install/nav2_msgs/share/nav2_msgs/environment/library_path.dsv
[3.151s] -- Up-to-date: /home/agilex/limo_ros2_ws/install/nav2_msgs/lib/libnav2_msgs__rosidl_generator_c.so
[3.151s] -- Up-to-date: /home/agilex/limo_ros2_ws/install/nav2_msgs/include/nav2_msgs
[3.152s] -- Up-to-date: /home/agilex/limo_ros2_ws/install/nav2_msgs/include/nav2_msgs/msg
[3.152s] -- Up-to-date: /home/agilex/limo_ros2_ws/install/nav2_msgs/include/nav2_msgs/msg/rosidl_typesupport_fastrtps_c__visibility_control.h
[3.152s] -- Up-to-date: /home/agilex/limo_ros2_ws/install/nav2_msgs/include/nav2_msgs/msg/detail
[3.153s] -- Up-to-date: /home/agilex/limo_ros2_ws/install/nav2_msgs/include/nav2_msgs/msg/detail/behavior_tree_log__rosidl_typesupport_fastrtps_c.h
[3.153s] -- Up-to-date: /home/agilex/limo_ros2_ws/install/nav2_msgs/include/nav2_msgs/msg/detail/behavior_tree_status_change__rosidl_typesupport_fastrtps_c.h
[3.154s] -- Up-to-date: /home/agilex/limo_ros2_ws/install/nav2_msgs/include/nav2_msgs/msg/detail/voxel_grid__rosidl_typesupport_fastrtps_c.h
[3.158s] -- Up-to-date: /home/agilex/limo_ros2_ws/install/nav2_msgs/include/nav2_msgs/msg/detail/particle_cloud__rosidl_typesupport_fastrtps_c.h
[3.159s] -- Up-to-date: /home/agilex/limo_ros2_ws/install/nav2_msgs/include/nav2_msgs/msg/detail/costmap_meta_data__rosidl_typesupport_fastrtps_c.h
[3.159s] -- Up-to-date: /home/agilex/limo_ros2_ws/install/nav2_msgs/include/nav2_msgs/msg/detail/costmap__rosidl_typesupport_fastrtps_c.h
[3.159s] -- Up-to-date: /home/agilex/limo_ros2_ws/install/nav2_msgs/include/nav2_msgs/msg/detail/particle__rosidl_typesupport_fastrtps_c.h
[3.159s] -- Up-to-date: /home/agilex/limo_ros2_ws/install/nav2_msgs/include/nav2_msgs/srv
[3.159s] -- Up-to-date: /home/agilex/limo_ros2_ws/install/nav2_msgs/include/nav2_msgs/srv/detail
[3.160s] -- Up-to-date: /home/agilex/limo_ros2_ws/install/nav2_msgs/include/nav2_msgs/srv/detail/load_map__rosidl_typesupport_fastrtps_c.h
[3.160s] -- Up-to-date: /home/agilex/limo_ros2_ws/install/nav2_msgs/include/nav2_msgs/srv/detail/get_costmap__rosidl_typesupport_fastrtps_c.h
[3.160s] -- Up-to-date: /home/agilex/limo_ros2_ws/install/nav2_msgs/include/nav2_msgs/srv/detail/clear_entire_costmap__rosidl_typesupport_fastrtps_c.h
[3.160s] -- Up-to-date: /home/agilex/limo_ros2_ws/install/nav2_msgs/include/nav2_msgs/srv/detail/clear_costmap_except_region__rosidl_typesupport_fastrtps_c.h
[3.160s] -- Up-to-date: /home/agilex/limo_ros2_ws/install/nav2_msgs/include/nav2_msgs/srv/detail/save_map__rosidl_typesupport_fastrtps_c.h
[3.160s] -- Up-to-date: /home/agilex/limo_ros2_ws/install/nav2_msgs/include/nav2_msgs/srv/detail/clear_costmap_around_robot__rosidl_typesupport_fastrtps_c.h
[3.160s] -- Up-to-date: /home/agilex/limo_ros2_ws/install/nav2_msgs/include/nav2_msgs/srv/detail/manage_lifecycle_nodes__rosidl_typesupport_fastrtps_c.h
[3.160s] -- Up-to-date: /home/agilex/limo_ros2_ws/install/nav2_msgs/include/nav2_msgs/action
[3.161s] -- Up-to-date: /home/agilex/limo_ros2_ws/install/nav2_msgs/include/nav2_msgs/action/detail
[3.161s] -- Up-to-date: /home/agilex/limo_ros2_ws/install/nav2_msgs/include/nav2_msgs/action/detail/follow_waypoints__rosidl_typesupport_fastrtps_c.h
[3.161s] -- Up-to-date: /home/agilex/limo_ros2_ws/install/nav2_msgs/include/nav2_msgs/action/detail/spin__rosidl_typesupport_fastrtps_c.h
[3.161s] -- Up-to-date: /home/agilex/limo_ros2_ws/install/nav2_msgs/include/nav2_msgs/action/detail/back_up__rosidl_typesupport_fastrtps_c.h
[3.162s] -- Up-to-date: /home/agilex/limo_ros2_ws/install/nav2_msgs/include/nav2_msgs/action/detail/dummy_recovery__rosidl_typesupport_fastrtps_c.h
[3.162s] -- Up-to-date: /home/agilex/limo_ros2_ws/install/nav2_msgs/include/nav2_msgs/action/detail/navigate_to_pose__rosidl_typesupport_fastrtps_c.h
[3.162s] -- Up-to-date: /home/agilex/limo_ros2_ws/install/nav2_msgs/include/nav2_msgs/action/detail/compute_path_to_pose__rosidl_typesupport_fastrtps_c.h
[3.162s] -- Up-to-date: /home/agilex/limo_ros2_ws/install/nav2_msgs/include/nav2_msgs/action/detail/wait__rosidl_typesupport_fastrtps_c.h
[3.162s] -- Up-to-date: /home/agilex/limo_ros2_ws/install/nav2_msgs/include/nav2_msgs/action/detail/follow_path__rosidl_typesupport_fastrtps_c.h
[3.162s] -- Up-to-date: /home/agilex/limo_ros2_ws/install/nav2_msgs/lib/libnav2_msgs__rosidl_typesupport_fastrtps_c.so
[3.163s] -- Up-to-date: /home/agilex/limo_ros2_ws/install/nav2_msgs/include/nav2_msgs
[3.163s] -- Up-to-date: /home/agilex/limo_ros2_ws/install/nav2_msgs/include/nav2_msgs/msg
[3.164s] -- Up-to-date: /home/agilex/limo_ros2_ws/install/nav2_msgs/include/nav2_msgs/msg/rosidl_typesupport_fastrtps_cpp__visibility_control.h
[3.166s] -- Up-to-date: /home/agilex/limo_ros2_ws/install/nav2_msgs/include/nav2_msgs/msg/detail
[3.166s] -- Up-to-date: /home/agilex/limo_ros2_ws/install/nav2_msgs/include/nav2_msgs/msg/detail/costmap__rosidl_typesupport_fastrtps_cpp.hpp
[3.167s] -- Up-to-date: /home/agilex/limo_ros2_ws/install/nav2_msgs/include/nav2_msgs/msg/detail/behavior_tree_status_change__rosidl_typesupport_fastrtps_cpp.hpp
[3.167s] -- Up-to-date: /home/agilex/limo_ros2_ws/install/nav2_msgs/include/nav2_msgs/msg/detail/particle_cloud__rosidl_typesupport_fastrtps_cpp.hpp
[3.167s] -- Up-to-date: /home/agilex/limo_ros2_ws/install/nav2_msgs/include/nav2_msgs/msg/detail/costmap_meta_data__rosidl_typesupport_fastrtps_cpp.hpp
[3.167s] -- Up-to-date: /home/agilex/limo_ros2_ws/install/nav2_msgs/include/nav2_msgs/msg/detail/particle__rosidl_typesupport_fastrtps_cpp.hpp
[3.167s] -- Up-to-date: /home/agilex/limo_ros2_ws/install/nav2_msgs/include/nav2_msgs/msg/detail/voxel_grid__rosidl_typesupport_fastrtps_cpp.hpp
[3.167s] -- Up-to-date: /home/agilex/limo_ros2_ws/install/nav2_msgs/include/nav2_msgs/msg/detail/behavior_tree_log__rosidl_typesupport_fastrtps_cpp.hpp
[3.167s] -- Up-to-date: /home/agilex/limo_ros2_ws/install/nav2_msgs/include/nav2_msgs/msg/detail/dds_fastrtps
[3.168s] -- Up-to-date: /home/agilex/limo_ros2_ws/install/nav2_msgs/include/nav2_msgs/srv
[3.168s] -- Up-to-date: /home/agilex/limo_ros2_ws/install/nav2_msgs/include/nav2_msgs/srv/detail
[3.168s] -- Up-to-date: /home/agilex/limo_ros2_ws/install/nav2_msgs/include/nav2_msgs/srv/detail/load_map__rosidl_typesupport_fastrtps_cpp.hpp
[3.168s] -- Up-to-date: /home/agilex/limo_ros2_ws/install/nav2_msgs/include/nav2_msgs/srv/detail/clear_costmap_around_robot__rosidl_typesupport_fastrtps_cpp.hpp
[3.168s] -- Up-to-date: /home/agilex/limo_ros2_ws/install/nav2_msgs/include/nav2_msgs/srv/detail/save_map__rosidl_typesupport_fastrtps_cpp.hpp
[3.168s] -- Up-to-date: /home/agilex/limo_ros2_ws/install/nav2_msgs/include/nav2_msgs/srv/detail/manage_lifecycle_nodes__rosidl_typesupport_fastrtps_cpp.hpp
[3.168s] -- Up-to-date: /home/agilex/limo_ros2_ws/install/nav2_msgs/include/nav2_msgs/srv/detail/get_costmap__rosidl_typesupport_fastrtps_cpp.hpp
[3.168s] -- Up-to-date: /home/agilex/limo_ros2_ws/install/nav2_msgs/include/nav2_msgs/srv/detail/clear_costmap_except_region__rosidl_typesupport_fastrtps_cpp.hpp
[3.169s] -- Up-to-date: /home/agilex/limo_ros2_ws/install/nav2_msgs/include/nav2_msgs/srv/detail/dds_fastrtps
[3.169s] -- Up-to-date: /home/agilex/limo_ros2_ws/install/nav2_msgs/include/nav2_msgs/srv/detail/clear_entire_costmap__rosidl_typesupport_fastrtps_cpp.hpp
[3.169s] -- Up-to-date: /home/agilex/limo_ros2_ws/install/nav2_msgs/include/nav2_msgs/action
[3.169s] -- Up-to-date: /home/agilex/limo_ros2_ws/install/nav2_msgs/include/nav2_msgs/action/detail
[3.169s] -- Up-to-date: /home/agilex/limo_ros2_ws/install/nav2_msgs/include/nav2_msgs/action/detail/wait__rosidl_typesupport_fastrtps_cpp.hpp
[3.169s] -- Up-to-date: /home/agilex/limo_ros2_ws/install/nav2_msgs/include/nav2_msgs/action/detail/spin__rosidl_typesupport_fastrtps_cpp.hpp
[3.169s] -- Up-to-date: /home/agilex/limo_ros2_ws/install/nav2_msgs/include/nav2_msgs/action/detail/compute_path_to_pose__rosidl_typesupport_fastrtps_cpp.hpp
[3.169s] -- Up-to-date: /home/agilex/limo_ros2_ws/install/nav2_msgs/include/nav2_msgs/action/detail/navigate_to_pose__rosidl_typesupport_fastrtps_cpp.hpp
[3.170s] -- Up-to-date: /home/agilex/limo_ros2_ws/install/nav2_msgs/include/nav2_msgs/action/detail/dummy_recovery__rosidl_typesupport_fastrtps_cpp.hpp
[3.170s] -- Up-to-date: /home/agilex/limo_ros2_ws/install/nav2_msgs/include/nav2_msgs/action/detail/dds_fastrtps
[3.170s] -- Up-to-date: /home/agilex/limo_ros2_ws/install/nav2_msgs/include/nav2_msgs/action/detail/follow_path__rosidl_typesupport_fastrtps_cpp.hpp
[3.170s] -- Up-to-date: /home/agilex/limo_ros2_ws/install/nav2_msgs/include/nav2_msgs/action/detail/follow_waypoints__rosidl_typesupport_fastrtps_cpp.hpp
[3.170s] -- Up-to-date: /home/agilex/limo_ros2_ws/install/nav2_msgs/include/nav2_msgs/action/detail/back_up__rosidl_typesupport_fastrtps_cpp.hpp
[3.170s] -- Up-to-date: /home/agilex/limo_ros2_ws/install/nav2_msgs/lib/libnav2_msgs__rosidl_typesupport_fastrtps_cpp.so
[3.170s] -- Up-to-date: /home/agilex/limo_ros2_ws/install/nav2_msgs/include/nav2_msgs
[3.170s] -- Up-to-date: /home/agilex/limo_ros2_ws/install/nav2_msgs/include/nav2_msgs/msg
[3.171s] -- Up-to-date: /home/agilex/limo_ros2_ws/install/nav2_msgs/include/nav2_msgs/msg/rosidl_typesupport_introspection_c__visibility_control.h
[3.171s] -- Up-to-date: /home/agilex/limo_ros2_ws/install/nav2_msgs/include/nav2_msgs/msg/detail
[3.171s] -- Up-to-date: /home/agilex/limo_ros2_ws/install/nav2_msgs/include/nav2_msgs/msg/detail/costmap__rosidl_typesupport_introspection_c.h
[3.171s] -- Up-to-date: /home/agilex/limo_ros2_ws/install/nav2_msgs/include/nav2_msgs/msg/detail/behavior_tree_status_change__type_support.c
[3.171s] -- Up-to-date: /home/agilex/limo_ros2_ws/install/nav2_msgs/include/nav2_msgs/msg/detail/particle_cloud__rosidl_typesupport_introspection_c.h
[3.171s] -- Up-to-date: /home/agilex/limo_ros2_ws/install/nav2_msgs/include/nav2_msgs/msg/detail/behavior_tree_status_change__rosidl_typesupport_introspection_c.h
[3.171s] -- Up-to-date: /home/agilex/limo_ros2_ws/install/nav2_msgs/include/nav2_msgs/msg/detail/behavior_tree_log__type_support.c
[3.171s] -- Up-to-date: /home/agilex/limo_ros2_ws/install/nav2_msgs/include/nav2_msgs/msg/detail/voxel_grid__rosidl_typesupport_introspection_c.h
[3.172s] -- Up-to-date: /home/agilex/limo_ros2_ws/install/nav2_msgs/include/nav2_msgs/msg/detail/particle__rosidl_typesupport_introspection_c.h
[3.172s] -- Up-to-date: /home/agilex/limo_ros2_ws/install/nav2_msgs/include/nav2_msgs/msg/detail/costmap_meta_data__type_support.c
[3.172s] -- Up-to-date: /home/agilex/limo_ros2_ws/install/nav2_msgs/include/nav2_msgs/msg/detail/voxel_grid__type_support.c
[3.172s] -- Up-to-date: /home/agilex/limo_ros2_ws/install/nav2_msgs/include/nav2_msgs/msg/detail/costmap_meta_data__rosidl_typesupport_introspection_c.h
[3.172s] -- Up-to-date: /home/agilex/limo_ros2_ws/install/nav2_msgs/include/nav2_msgs/msg/detail/costmap__type_support.c
[3.172s] -- Up-to-date: /home/agilex/limo_ros2_ws/install/nav2_msgs/include/nav2_msgs/msg/detail/particle__type_support.c
[3.172s] -- Up-to-date: /home/agilex/limo_ros2_ws/install/nav2_msgs/include/nav2_msgs/msg/detail/behavior_tree_log__rosidl_typesupport_introspection_c.h
[3.172s] -- Up-to-date: /home/agilex/limo_ros2_ws/install/nav2_msgs/include/nav2_msgs/msg/detail/particle_cloud__type_support.c
[3.173s] -- Up-to-date: /home/agilex/limo_ros2_ws/install/nav2_msgs/include/nav2_msgs/srv
[3.173s] -- Up-to-date: /home/agilex/limo_ros2_ws/install/nav2_msgs/include/nav2_msgs/srv/detail
[3.173s] -- Up-to-date: /home/agilex/limo_ros2_ws/install/nav2_msgs/include/nav2_msgs/srv/detail/clear_costmap_around_robot__type_support.c
[3.173s] -- Up-to-date: /home/agilex/limo_ros2_ws/install/nav2_msgs/include/nav2_msgs/srv/detail/clear_costmap_except_region__rosidl_typesupport_introspection_c.h
[3.173s] -- Up-to-date: /home/agilex/limo_ros2_ws/install/nav2_msgs/include/nav2_msgs/srv/detail/get_costmap__rosidl_typesupport_introspection_c.h
[3.173s] -- Up-to-date: /home/agilex/limo_ros2_ws/install/nav2_msgs/include/nav2_msgs/srv/detail/get_costmap__type_support.c
[3.173s] -- Up-to-date: /home/agilex/limo_ros2_ws/install/nav2_msgs/include/nav2_msgs/srv/detail/save_map__rosidl_typesupport_introspection_c.h
[3.173s] -- Up-to-date: /home/agilex/limo_ros2_ws/install/nav2_msgs/include/nav2_msgs/srv/detail/manage_lifecycle_nodes__type_support.c
[3.173s] -- Up-to-date: /home/agilex/limo_ros2_ws/install/nav2_msgs/include/nav2_msgs/srv/detail/clear_costmap_around_robot__rosidl_typesupport_introspection_c.h
[3.174s] -- Up-to-date: /home/agilex/limo_ros2_ws/install/nav2_msgs/include/nav2_msgs/srv/detail/load_map__type_support.c
[3.174s] -- Up-to-date: /home/agilex/limo_ros2_ws/install/nav2_msgs/include/nav2_msgs/srv/detail/load_map__rosidl_typesupport_introspection_c.h
[3.174s] -- Up-to-date: /home/agilex/limo_ros2_ws/install/nav2_msgs/include/nav2_msgs/srv/detail/manage_lifecycle_nodes__rosidl_typesupport_introspection_c.h
[3.174s] -- Up-to-date: /home/agilex/limo_ros2_ws/install/nav2_msgs/include/nav2_msgs/srv/detail/clear_entire_costmap__rosidl_typesupport_introspection_c.h
[3.174s] -- Up-to-date: /home/agilex/limo_ros2_ws/install/nav2_msgs/include/nav2_msgs/srv/detail/clear_entire_costmap__type_support.c
[3.174s] -- Up-to-date: /home/agilex/limo_ros2_ws/install/nav2_msgs/include/nav2_msgs/srv/detail/save_map__type_support.c
[3.174s] -- Up-to-date: /home/agilex/limo_ros2_ws/install/nav2_msgs/include/nav2_msgs/srv/detail/clear_costmap_except_region__type_support.c
[3.174s] -- Up-to-date: /home/agilex/limo_ros2_ws/install/nav2_msgs/include/nav2_msgs/action
[3.175s] -- Up-to-date: /home/agilex/limo_ros2_ws/install/nav2_msgs/include/nav2_msgs/action/detail
[3.175s] -- Up-to-date: /home/agilex/limo_ros2_ws/install/nav2_msgs/include/nav2_msgs/action/detail/dummy_recovery__rosidl_typesupport_introspection_c.h
[3.175s] -- Up-to-date: /home/agilex/limo_ros2_ws/install/nav2_msgs/include/nav2_msgs/action/detail/follow_waypoints__rosidl_typesupport_introspection_c.h
[3.176s] -- Up-to-date: /home/agilex/limo_ros2_ws/install/nav2_msgs/include/nav2_msgs/action/detail/back_up__type_support.c
[3.176s] -- Up-to-date: /home/agilex/limo_ros2_ws/install/nav2_msgs/include/nav2_msgs/action/detail/follow_waypoints__type_support.c
[3.176s] -- Up-to-date: /home/agilex/limo_ros2_ws/install/nav2_msgs/include/nav2_msgs/action/detail/dummy_recovery__type_support.c
[3.176s] -- Up-to-date: /home/agilex/limo_ros2_ws/install/nav2_msgs/include/nav2_msgs/action/detail/back_up__rosidl_typesupport_introspection_c.h
[3.176s] -- Up-to-date: /home/agilex/limo_ros2_ws/install/nav2_msgs/include/nav2_msgs/action/detail/wait__rosidl_typesupport_introspection_c.h
[3.176s] -- Up-to-date: /home/agilex/limo_ros2_ws/install/nav2_msgs/include/nav2_msgs/action/detail/follow_path__type_support.c
[3.176s] -- Up-to-date: /home/agilex/limo_ros2_ws/install/nav2_msgs/include/nav2_msgs/action/detail/spin__rosidl_typesupport_introspection_c.h
[3.177s] -- Up-to-date: /home/agilex/limo_ros2_ws/install/nav2_msgs/include/nav2_msgs/action/detail/compute_path_to_pose__type_support.c
[3.177s] -- Up-to-date: /home/agilex/limo_ros2_ws/install/nav2_msgs/include/nav2_msgs/action/detail/follow_path__rosidl_typesupport_introspection_c.h
[3.177s] -- Up-to-date: /home/agilex/limo_ros2_ws/install/nav2_msgs/include/nav2_msgs/action/detail/navigate_to_pose__type_support.c
[3.177s] -- Up-to-date: /home/agilex/limo_ros2_ws/install/nav2_msgs/include/nav2_msgs/action/detail/navigate_to_pose__rosidl_typesupport_introspection_c.h
[3.177s] -- Up-to-date: /home/agilex/limo_ros2_ws/install/nav2_msgs/include/nav2_msgs/action/detail/compute_path_to_pose__rosidl_typesupport_introspection_c.h
[3.177s] -- Up-to-date: /home/agilex/limo_ros2_ws/install/nav2_msgs/include/nav2_msgs/action/detail/spin__type_support.c
[3.177s] -- Up-to-date: /home/agilex/limo_ros2_ws/install/nav2_msgs/include/nav2_msgs/action/detail/wait__type_support.c
[3.177s] -- Up-to-date: /home/agilex/limo_ros2_ws/install/nav2_msgs/lib/libnav2_msgs__rosidl_typesupport_introspection_c.so
[3.178s] -- Up-to-date: /home/agilex/limo_ros2_ws/install/nav2_msgs/lib/libnav2_msgs__rosidl_typesupport_c.so
[3.178s] -- Up-to-date: /home/agilex/limo_ros2_ws/install/nav2_msgs/include/nav2_msgs
[3.178s] -- Up-to-date: /home/agilex/limo_ros2_ws/install/nav2_msgs/include/nav2_msgs/msg
[3.178s] -- Up-to-date: /home/agilex/limo_ros2_ws/install/nav2_msgs/include/nav2_msgs/msg/costmap_meta_data.hpp
[3.178s] -- Up-to-date: /home/agilex/limo_ros2_ws/install/nav2_msgs/include/nav2_msgs/msg/particle.hpp
[3.178s] -- Up-to-date: /home/agilex/limo_ros2_ws/install/nav2_msgs/include/nav2_msgs/msg/costmap.hpp
[3.179s] -- Up-to-date: /home/agilex/limo_ros2_ws/install/nav2_msgs/include/nav2_msgs/msg/rosidl_generator_cpp__visibility_control.hpp
[3.179s] -- Up-to-date: /home/agilex/limo_ros2_ws/install/nav2_msgs/include/nav2_msgs/msg/behavior_tree_log.hpp
[3.179s] -- Up-to-date: /home/agilex/limo_ros2_ws/install/nav2_msgs/include/nav2_msgs/msg/particle_cloud.hpp
[3.179s] -- Up-to-date: /home/agilex/limo_ros2_ws/install/nav2_msgs/include/nav2_msgs/msg/detail
[3.179s] -- Up-to-date: /home/agilex/limo_ros2_ws/install/nav2_msgs/include/nav2_msgs/msg/detail/behavior_tree_log__traits.hpp
[3.179s] -- Up-to-date: /home/agilex/limo_ros2_ws/install/nav2_msgs/include/nav2_msgs/msg/detail/costmap__traits.hpp
[3.179s] -- Up-to-date: /home/agilex/limo_ros2_ws/install/nav2_msgs/include/nav2_msgs/msg/detail/particle__type_support.hpp
[3.179s] -- Up-to-date: /home/agilex/limo_ros2_ws/install/nav2_msgs/include/nav2_msgs/msg/detail/voxel_grid__traits.hpp
[3.179s] -- Up-to-date: /home/agilex/limo_ros2_ws/install/nav2_msgs/include/nav2_msgs/msg/detail/particle_cloud__struct.hpp
[3.180s] -- Up-to-date: /home/agilex/limo_ros2_ws/install/nav2_msgs/include/nav2_msgs/msg/detail/particle_cloud__builder.hpp
[3.180s] -- Up-to-date: /home/agilex/limo_ros2_ws/install/nav2_msgs/include/nav2_msgs/msg/detail/voxel_grid__type_support.hpp
[3.180s] -- Up-to-date: /home/agilex/limo_ros2_ws/install/nav2_msgs/include/nav2_msgs/msg/detail/behavior_tree_log__builder.hpp
[3.180s] -- Up-to-date: /home/agilex/limo_ros2_ws/install/nav2_msgs/include/nav2_msgs/msg/detail/voxel_grid__struct.hpp
[3.180s] -- Up-to-date: /home/agilex/limo_ros2_ws/install/nav2_msgs/include/nav2_msgs/msg/detail/behavior_tree_log__struct.hpp
[3.180s] -- Up-to-date: /home/agilex/limo_ros2_ws/install/nav2_msgs/include/nav2_msgs/msg/detail/costmap_meta_data__builder.hpp
[3.180s] -- Up-to-date: /home/agilex/limo_ros2_ws/install/nav2_msgs/include/nav2_msgs/msg/detail/costmap__builder.hpp
[3.180s] -- Up-to-date: /home/agilex/limo_ros2_ws/install/nav2_msgs/include/nav2_msgs/msg/detail/particle__traits.hpp
[3.181s] -- Up-to-date: /home/agilex/limo_ros2_ws/install/nav2_msgs/include/nav2_msgs/msg/detail/voxel_grid__builder.hpp
[3.181s] -- Up-to-date: /home/agilex/limo_ros2_ws/install/nav2_msgs/include/nav2_msgs/msg/detail/particle_cloud__type_support.hpp
[3.181s] -- Up-to-date: /home/agilex/limo_ros2_ws/install/nav2_msgs/include/nav2_msgs/msg/detail/particle_cloud__traits.hpp
[3.181s] -- Up-to-date: /home/agilex/limo_ros2_ws/install/nav2_msgs/include/nav2_msgs/msg/detail/costmap__struct.hpp
[3.181s] -- Up-to-date: /home/agilex/limo_ros2_ws/install/nav2_msgs/include/nav2_msgs/msg/detail/behavior_tree_status_change__struct.hpp
[3.181s] -- Up-to-date: /home/agilex/limo_ros2_ws/install/nav2_msgs/include/nav2_msgs/msg/detail/behavior_tree_log__type_support.hpp
[3.181s] -- Up-to-date: /home/agilex/limo_ros2_ws/install/nav2_msgs/include/nav2_msgs/msg/detail/particle__builder.hpp
[3.181s] -- Up-to-date: /home/agilex/limo_ros2_ws/install/nav2_msgs/include/nav2_msgs/msg/detail/costmap_meta_data__traits.hpp
[3.181s] -- Up-to-date: /home/agilex/limo_ros2_ws/install/nav2_msgs/include/nav2_msgs/msg/detail/costmap_meta_data__struct.hpp
[3.182s] -- Up-to-date: /home/agilex/limo_ros2_ws/install/nav2_msgs/include/nav2_msgs/msg/detail/behavior_tree_status_change__type_support.hpp
[3.182s] -- Up-to-date: /home/agilex/limo_ros2_ws/install/nav2_msgs/include/nav2_msgs/msg/detail/particle__struct.hpp
[3.182s] -- Up-to-date: /home/agilex/limo_ros2_ws/install/nav2_msgs/include/nav2_msgs/msg/detail/costmap__type_support.hpp
[3.182s] -- Up-to-date: /home/agilex/limo_ros2_ws/install/nav2_msgs/include/nav2_msgs/msg/detail/behavior_tree_status_change__traits.hpp
[3.182s] -- Up-to-date: /home/agilex/limo_ros2_ws/install/nav2_msgs/include/nav2_msgs/msg/detail/behavior_tree_status_change__builder.hpp
[3.182s] -- Up-to-date: /home/agilex/limo_ros2_ws/install/nav2_msgs/include/nav2_msgs/msg/detail/costmap_meta_data__type_support.hpp
[3.182s] -- Up-to-date: /home/agilex/limo_ros2_ws/install/nav2_msgs/include/nav2_msgs/msg/voxel_grid.hpp
[3.182s] -- Up-to-date: /home/agilex/limo_ros2_ws/install/nav2_msgs/include/nav2_msgs/msg/behavior_tree_status_change.hpp
[3.183s] -- Up-to-date: /home/agilex/limo_ros2_ws/install/nav2_msgs/include/nav2_msgs/srv
[3.183s] -- Up-to-date: /home/agilex/limo_ros2_ws/install/nav2_msgs/include/nav2_msgs/srv/clear_entire_costmap.hpp
[3.183s] -- Up-to-date: /home/agilex/limo_ros2_ws/install/nav2_msgs/include/nav2_msgs/srv/save_map.hpp
[3.183s] -- Up-to-date: /home/agilex/limo_ros2_ws/install/nav2_msgs/include/nav2_msgs/srv/clear_costmap_around_robot.hpp
[3.183s] -- Up-to-date: /home/agilex/limo_ros2_ws/install/nav2_msgs/include/nav2_msgs/srv/load_map.hpp
[3.183s] -- Up-to-date: /home/agilex/limo_ros2_ws/install/nav2_msgs/include/nav2_msgs/srv/manage_lifecycle_nodes.hpp
[3.183s] -- Up-to-date: /home/agilex/limo_ros2_ws/install/nav2_msgs/include/nav2_msgs/srv/detail
[3.183s] -- Up-to-date: /home/agilex/limo_ros2_ws/install/nav2_msgs/include/nav2_msgs/srv/detail/get_costmap__type_support.hpp
[3.183s] -- Up-to-date: /home/agilex/limo_ros2_ws/install/nav2_msgs/include/nav2_msgs/srv/detail/save_map__traits.hpp
[3.184s] -- Up-to-date: /home/agilex/limo_ros2_ws/install/nav2_msgs/include/nav2_msgs/srv/detail/load_map__builder.hpp
[3.184s] -- Up-to-date: /home/agilex/limo_ros2_ws/install/nav2_msgs/include/nav2_msgs/srv/detail/save_map__struct.hpp
[3.184s] -- Up-to-date: /home/agilex/limo_ros2_ws/install/nav2_msgs/include/nav2_msgs/srv/detail/manage_lifecycle_nodes__struct.hpp
[3.184s] -- Up-to-date: /home/agilex/limo_ros2_ws/install/nav2_msgs/include/nav2_msgs/srv/detail/clear_entire_costmap__traits.hpp
[3.184s] -- Up-to-date: /home/agilex/limo_ros2_ws/install/nav2_msgs/include/nav2_msgs/srv/detail/load_map__struct.hpp
[3.184s] -- Up-to-date: /home/agilex/limo_ros2_ws/install/nav2_msgs/include/nav2_msgs/srv/detail/clear_entire_costmap__builder.hpp
[3.184s] -- Up-to-date: /home/agilex/limo_ros2_ws/install/nav2_msgs/include/nav2_msgs/srv/detail/get_costmap__traits.hpp
[3.184s] -- Up-to-date: /home/agilex/limo_ros2_ws/install/nav2_msgs/include/nav2_msgs/srv/detail/load_map__type_support.hpp
[3.185s] -- Up-to-date: /home/agilex/limo_ros2_ws/install/nav2_msgs/include/nav2_msgs/srv/detail/manage_lifecycle_nodes__type_support.hpp
[3.185s] -- Up-to-date: /home/agilex/limo_ros2_ws/install/nav2_msgs/include/nav2_msgs/srv/detail/load_map__traits.hpp
[3.186s] -- Up-to-date: /home/agilex/limo_ros2_ws/install/nav2_msgs/include/nav2_msgs/srv/detail/clear_costmap_except_region__struct.hpp
[3.186s] -- Up-to-date: /home/agilex/limo_ros2_ws/install/nav2_msgs/include/nav2_msgs/srv/detail/clear_costmap_around_robot__traits.hpp
[3.186s] -- Up-to-date: /home/agilex/limo_ros2_ws/install/nav2_msgs/include/nav2_msgs/srv/detail/clear_costmap_around_robot__builder.hpp
[3.193s] -- Up-to-date: /home/agilex/limo_ros2_ws/install/nav2_msgs/include/nav2_msgs/srv/detail/get_costmap__struct.hpp
[3.194s] -- Up-to-date: /home/agilex/limo_ros2_ws/install/nav2_msgs/include/nav2_msgs/srv/detail/clear_costmap_except_region__traits.hpp
[3.194s] -- Up-to-date: /home/agilex/limo_ros2_ws/install/nav2_msgs/include/nav2_msgs/srv/detail/get_costmap__builder.hpp
[3.195s] -- Up-to-date: /home/agilex/limo_ros2_ws/install/nav2_msgs/include/nav2_msgs/srv/detail/clear_entire_costmap__struct.hpp
[3.195s] -- Up-to-date: /home/agilex/limo_ros2_ws/install/nav2_msgs/include/nav2_msgs/srv/detail/clear_costmap_around_robot__struct.hpp
[3.195s] -- Up-to-date: /home/agilex/limo_ros2_ws/install/nav2_msgs/include/nav2_msgs/srv/detail/manage_lifecycle_nodes__builder.hpp
[3.195s] -- Up-to-date: /home/agilex/limo_ros2_ws/install/nav2_msgs/include/nav2_msgs/srv/detail/save_map__builder.hpp
[3.195s] -- Up-to-date: /home/agilex/limo_ros2_ws/install/nav2_msgs/include/nav2_msgs/srv/detail/save_map__type_support.hpp
[3.195s] -- Up-to-date: /home/agilex/limo_ros2_ws/install/nav2_msgs/include/nav2_msgs/srv/detail/clear_costmap_except_region__type_support.hpp
[3.195s] -- Up-to-date: /home/agilex/limo_ros2_ws/install/nav2_msgs/include/nav2_msgs/srv/detail/clear_costmap_around_robot__type_support.hpp
[3.196s] -- Up-to-date: /home/agilex/limo_ros2_ws/install/nav2_msgs/include/nav2_msgs/srv/detail/manage_lifecycle_nodes__traits.hpp
[3.196s] -- Up-to-date: /home/agilex/limo_ros2_ws/install/nav2_msgs/include/nav2_msgs/srv/detail/clear_costmap_except_region__builder.hpp
[3.196s] -- Up-to-date: /home/agilex/limo_ros2_ws/install/nav2_msgs/include/nav2_msgs/srv/detail/clear_entire_costmap__type_support.hpp
[3.196s] -- Up-to-date: /home/agilex/limo_ros2_ws/install/nav2_msgs/include/nav2_msgs/srv/clear_costmap_except_region.hpp
[3.196s] -- Up-to-date: /home/agilex/limo_ros2_ws/install/nav2_msgs/include/nav2_msgs/srv/get_costmap.hpp
[3.196s] -- Up-to-date: /home/agilex/limo_ros2_ws/install/nav2_msgs/include/nav2_msgs/action
[3.196s] -- Up-to-date: /home/agilex/limo_ros2_ws/install/nav2_msgs/include/nav2_msgs/action/follow_path.hpp
[3.196s] -- Up-to-date: /home/agilex/limo_ros2_ws/install/nav2_msgs/include/nav2_msgs/action/back_up.hpp
[3.197s] -- Up-to-date: /home/agilex/limo_ros2_ws/install/nav2_msgs/include/nav2_msgs/action/wait.hpp
[3.197s] -- Up-to-date: /home/agilex/limo_ros2_ws/install/nav2_msgs/include/nav2_msgs/action/dummy_recovery.hpp
[3.197s] -- Up-to-date: /home/agilex/limo_ros2_ws/install/nav2_msgs/include/nav2_msgs/action/navigate_to_pose.hpp
[3.197s] -- Up-to-date: /home/agilex/limo_ros2_ws/install/nav2_msgs/include/nav2_msgs/action/spin.hpp
[3.197s] -- Up-to-date: /home/agilex/limo_ros2_ws/install/nav2_msgs/include/nav2_msgs/action/detail
[3.197s] -- Up-to-date: /home/agilex/limo_ros2_ws/install/nav2_msgs/include/nav2_msgs/action/detail/spin__builder.hpp
[3.197s] -- Up-to-date: /home/agilex/limo_ros2_ws/install/nav2_msgs/include/nav2_msgs/action/detail/dummy_recovery__traits.hpp
[3.197s] -- Up-to-date: /home/agilex/limo_ros2_ws/install/nav2_msgs/include/nav2_msgs/action/detail/wait__struct.hpp
[3.197s] -- Up-to-date: /home/agilex/limo_ros2_ws/install/nav2_msgs/include/nav2_msgs/action/detail/back_up__traits.hpp
[3.198s] -- Up-to-date: /home/agilex/limo_ros2_ws/install/nav2_msgs/include/nav2_msgs/action/detail/dummy_recovery__struct.hpp
[3.198s] -- Up-to-date: /home/agilex/limo_ros2_ws/install/nav2_msgs/include/nav2_msgs/action/detail/spin__struct.hpp
[3.198s] -- Up-to-date: /home/agilex/limo_ros2_ws/install/nav2_msgs/include/nav2_msgs/action/detail/spin__type_support.hpp
[3.198s] -- Up-to-date: /home/agilex/limo_ros2_ws/install/nav2_msgs/include/nav2_msgs/action/detail/wait__builder.hpp
[3.198s] -- Up-to-date: /home/agilex/limo_ros2_ws/install/nav2_msgs/include/nav2_msgs/action/detail/follow_path__struct.hpp
[3.198s] -- Up-to-date: /home/agilex/limo_ros2_ws/install/nav2_msgs/include/nav2_msgs/action/detail/follow_path__traits.hpp
[3.199s] -- Up-to-date: /home/agilex/limo_ros2_ws/install/nav2_msgs/include/nav2_msgs/action/detail/back_up__struct.hpp
[3.200s] -- Up-to-date: /home/agilex/limo_ros2_ws/install/nav2_msgs/include/nav2_msgs/action/detail/wait__traits.hpp
[3.200s] -- Up-to-date: /home/agilex/limo_ros2_ws/install/nav2_msgs/include/nav2_msgs/action/detail/dummy_recovery__type_support.hpp
[3.200s] -- Up-to-date: /home/agilex/limo_ros2_ws/install/nav2_msgs/include/nav2_msgs/action/detail/back_up__type_support.hpp
[3.200s] -- Up-to-date: /home/agilex/limo_ros2_ws/install/nav2_msgs/include/nav2_msgs/action/detail/dummy_recovery__builder.hpp
[3.200s] -- Up-to-date: /home/agilex/limo_ros2_ws/install/nav2_msgs/include/nav2_msgs/action/detail/follow_waypoints__type_support.hpp
[3.200s] -- Up-to-date: /home/agilex/limo_ros2_ws/install/nav2_msgs/include/nav2_msgs/action/detail/navigate_to_pose__struct.hpp
[3.200s] -- Up-to-date: /home/agilex/limo_ros2_ws/install/nav2_msgs/include/nav2_msgs/action/detail/compute_path_to_pose__traits.hpp
[3.201s] -- Up-to-date: /home/agilex/limo_ros2_ws/install/nav2_msgs/include/nav2_msgs/action/detail/navigate_to_pose__type_support.hpp
[3.202s] -- Up-to-date: /home/agilex/limo_ros2_ws/install/nav2_msgs/include/nav2_msgs/action/detail/follow_waypoints__traits.hpp
[3.202s] -- Up-to-date: /home/agilex/limo_ros2_ws/install/nav2_msgs/include/nav2_msgs/action/detail/follow_waypoints__builder.hpp
[3.202s] -- Up-to-date: /home/agilex/limo_ros2_ws/install/nav2_msgs/include/nav2_msgs/action/detail/navigate_to_pose__builder.hpp
[3.203s] -- Up-to-date: /home/agilex/limo_ros2_ws/install/nav2_msgs/include/nav2_msgs/action/detail/compute_path_to_pose__struct.hpp
[3.203s] -- Up-to-date: /home/agilex/limo_ros2_ws/install/nav2_msgs/include/nav2_msgs/action/detail/compute_path_to_pose__type_support.hpp
[3.203s] -- Up-to-date: /home/agilex/limo_ros2_ws/install/nav2_msgs/include/nav2_msgs/action/detail/follow_waypoints__struct.hpp
[3.203s] -- Up-to-date: /home/agilex/limo_ros2_ws/install/nav2_msgs/include/nav2_msgs/action/detail/compute_path_to_pose__builder.hpp
[3.203s] -- Up-to-date: /home/agilex/limo_ros2_ws/install/nav2_msgs/include/nav2_msgs/action/detail/spin__traits.hpp
[3.204s] -- Up-to-date: /home/agilex/limo_ros2_ws/install/nav2_msgs/include/nav2_msgs/action/detail/back_up__builder.hpp
[3.204s] -- Up-to-date: /home/agilex/limo_ros2_ws/install/nav2_msgs/include/nav2_msgs/action/detail/follow_path__builder.hpp
[3.204s] -- Up-to-date: /home/agilex/limo_ros2_ws/install/nav2_msgs/include/nav2_msgs/action/detail/navigate_to_pose__traits.hpp
[3.204s] -- Up-to-date: /home/agilex/limo_ros2_ws/install/nav2_msgs/include/nav2_msgs/action/detail/follow_path__type_support.hpp
[3.204s] -- Up-to-date: /home/agilex/limo_ros2_ws/install/nav2_msgs/include/nav2_msgs/action/detail/wait__type_support.hpp
[3.204s] -- Up-to-date: /home/agilex/limo_ros2_ws/install/nav2_msgs/include/nav2_msgs/action/compute_path_to_pose.hpp
[3.204s] -- Up-to-date: /home/agilex/limo_ros2_ws/install/nav2_msgs/include/nav2_msgs/action/follow_waypoints.hpp
[3.204s] -- Up-to-date: /home/agilex/limo_ros2_ws/install/nav2_msgs/include/nav2_msgs
[3.205s] -- Up-to-date: /home/agilex/limo_ros2_ws/install/nav2_msgs/include/nav2_msgs/msg
[3.205s] -- Up-to-date: /home/agilex/limo_ros2_ws/install/nav2_msgs/include/nav2_msgs/msg/detail
[3.205s] -- Up-to-date: /home/agilex/limo_ros2_ws/install/nav2_msgs/include/nav2_msgs/msg/detail/costmap__rosidl_typesupport_introspection_cpp.hpp
[3.205s] -- Up-to-date: /home/agilex/limo_ros2_ws/install/nav2_msgs/include/nav2_msgs/msg/detail/behavior_tree_status_change__rosidl_typesupport_introspection_cpp.hpp
[3.206s] -- Up-to-date: /home/agilex/limo_ros2_ws/install/nav2_msgs/include/nav2_msgs/msg/detail/voxel_grid__rosidl_typesupport_introspection_cpp.hpp
[3.206s] -- Up-to-date: /home/agilex/limo_ros2_ws/install/nav2_msgs/include/nav2_msgs/msg/detail/costmap__type_support.cpp
[3.206s] -- Up-to-date: /home/agilex/limo_ros2_ws/install/nav2_msgs/include/nav2_msgs/msg/detail/particle__rosidl_typesupport_introspection_cpp.hpp
[3.206s] -- Up-to-date: /home/agilex/limo_ros2_ws/install/nav2_msgs/include/nav2_msgs/msg/detail/costmap_meta_data__rosidl_typesupport_introspection_cpp.hpp
[3.206s] -- Up-to-date: /home/agilex/limo_ros2_ws/install/nav2_msgs/include/nav2_msgs/msg/detail/particle_cloud__type_support.cpp
[3.206s] -- Up-to-date: /home/agilex/limo_ros2_ws/install/nav2_msgs/include/nav2_msgs/msg/detail/particle__type_support.cpp
[3.206s] -- Up-to-date: /home/agilex/limo_ros2_ws/install/nav2_msgs/include/nav2_msgs/msg/detail/behavior_tree_log__rosidl_typesupport_introspection_cpp.hpp
[3.207s] -- Up-to-date: /home/agilex/limo_ros2_ws/install/nav2_msgs/include/nav2_msgs/msg/detail/voxel_grid__type_support.cpp
[3.207s] -- Up-to-date: /home/agilex/limo_ros2_ws/install/nav2_msgs/include/nav2_msgs/msg/detail/behavior_tree_status_change__type_support.cpp
[3.207s] -- Up-to-date: /home/agilex/limo_ros2_ws/install/nav2_msgs/include/nav2_msgs/msg/detail/particle_cloud__rosidl_typesupport_introspection_cpp.hpp
[3.207s] -- Up-to-date: /home/agilex/limo_ros2_ws/install/nav2_msgs/include/nav2_msgs/msg/detail/behavior_tree_log__type_support.cpp
[3.207s] -- Up-to-date: /home/agilex/limo_ros2_ws/install/nav2_msgs/include/nav2_msgs/msg/detail/costmap_meta_data__type_support.cpp
[3.207s] -- Up-to-date: /home/agilex/limo_ros2_ws/install/nav2_msgs/include/nav2_msgs/srv
[3.207s] -- Up-to-date: /home/agilex/limo_ros2_ws/install/nav2_msgs/include/nav2_msgs/srv/detail
[3.207s] -- Up-to-date: /home/agilex/limo_ros2_ws/install/nav2_msgs/include/nav2_msgs/srv/detail/save_map__type_support.cpp
[3.207s] -- Up-to-date: /home/agilex/limo_ros2_ws/install/nav2_msgs/include/nav2_msgs/srv/detail/clear_entire_costmap__rosidl_typesupport_introspection_cpp.hpp
[3.208s] -- Up-to-date: /home/agilex/limo_ros2_ws/install/nav2_msgs/include/nav2_msgs/srv/detail/load_map__type_support.cpp
[3.208s] -- Up-to-date: /home/agilex/limo_ros2_ws/install/nav2_msgs/include/nav2_msgs/srv/detail/clear_costmap_around_robot__type_support.cpp
[3.208s] -- Up-to-date: /home/agilex/limo_ros2_ws/install/nav2_msgs/include/nav2_msgs/srv/detail/clear_costmap_except_region__type_support.cpp
[3.208s] -- Up-to-date: /home/agilex/limo_ros2_ws/install/nav2_msgs/include/nav2_msgs/srv/detail/save_map__rosidl_typesupport_introspection_cpp.hpp
[3.208s] -- Up-to-date: /home/agilex/limo_ros2_ws/install/nav2_msgs/include/nav2_msgs/srv/detail/clear_costmap_except_region__rosidl_typesupport_introspection_cpp.hpp
[3.209s] -- Up-to-date: /home/agilex/limo_ros2_ws/install/nav2_msgs/include/nav2_msgs/srv/detail/get_costmap__type_support.cpp
[3.209s] -- Up-to-date: /home/agilex/limo_ros2_ws/install/nav2_msgs/include/nav2_msgs/srv/detail/get_costmap__rosidl_typesupport_introspection_cpp.hpp
[3.209s] -- Up-to-date: /home/agilex/limo_ros2_ws/install/nav2_msgs/include/nav2_msgs/srv/detail/load_map__rosidl_typesupport_introspection_cpp.hpp
[3.209s] -- Up-to-date: /home/agilex/limo_ros2_ws/install/nav2_msgs/include/nav2_msgs/srv/detail/manage_lifecycle_nodes__rosidl_typesupport_introspection_cpp.hpp
[3.209s] -- Up-to-date: /home/agilex/limo_ros2_ws/install/nav2_msgs/include/nav2_msgs/srv/detail/clear_costmap_around_robot__rosidl_typesupport_introspection_cpp.hpp
[3.210s] -- Up-to-date: /home/agilex/limo_ros2_ws/install/nav2_msgs/include/nav2_msgs/srv/detail/manage_lifecycle_nodes__type_support.cpp
[3.210s] -- Up-to-date: /home/agilex/limo_ros2_ws/install/nav2_msgs/include/nav2_msgs/srv/detail/clear_entire_costmap__type_support.cpp
[3.210s] -- Up-to-date: /home/agilex/limo_ros2_ws/install/nav2_msgs/include/nav2_msgs/action
[3.210s] -- Up-to-date: /home/agilex/limo_ros2_ws/install/nav2_msgs/include/nav2_msgs/action/detail
[3.210s] -- Up-to-date: /home/agilex/limo_ros2_ws/install/nav2_msgs/include/nav2_msgs/action/detail/dummy_recovery__rosidl_typesupport_introspection_cpp.hpp
[3.210s] -- Up-to-date: /home/agilex/limo_ros2_ws/install/nav2_msgs/include/nav2_msgs/action/detail/follow_waypoints__rosidl_typesupport_introspection_cpp.hpp
[3.211s] -- Up-to-date: /home/agilex/limo_ros2_ws/install/nav2_msgs/include/nav2_msgs/action/detail/follow_path__type_support.cpp
[3.212s] -- Up-to-date: /home/agilex/limo_ros2_ws/install/nav2_msgs/include/nav2_msgs/action/detail/follow_waypoints__type_support.cpp
[3.212s] -- Up-to-date: /home/agilex/limo_ros2_ws/install/nav2_msgs/include/nav2_msgs/action/detail/wait__rosidl_typesupport_introspection_cpp.hpp
[3.212s] -- Up-to-date: /home/agilex/limo_ros2_ws/install/nav2_msgs/include/nav2_msgs/action/detail/navigate_to_pose__type_support.cpp
[3.212s] -- Up-to-date: /home/agilex/limo_ros2_ws/install/nav2_msgs/include/nav2_msgs/action/detail/spin__type_support.cpp
[3.212s] -- Up-to-date: /home/agilex/limo_ros2_ws/install/nav2_msgs/include/nav2_msgs/action/detail/follow_path__rosidl_typesupport_introspection_cpp.hpp
[3.212s] -- Up-to-date: /home/agilex/limo_ros2_ws/install/nav2_msgs/include/nav2_msgs/action/detail/spin__rosidl_typesupport_introspection_cpp.hpp
[3.213s] -- Up-to-date: /home/agilex/limo_ros2_ws/install/nav2_msgs/include/nav2_msgs/action/detail/compute_path_to_pose__rosidl_typesupport_introspection_cpp.hpp
[3.213s] -- Up-to-date: /home/agilex/limo_ros2_ws/install/nav2_msgs/include/nav2_msgs/action/detail/back_up__rosidl_typesupport_introspection_cpp.hpp
[3.213s] -- Up-to-date: /home/agilex/limo_ros2_ws/install/nav2_msgs/include/nav2_msgs/action/detail/wait__type_support.cpp
[3.213s] -- Up-to-date: /home/agilex/limo_ros2_ws/install/nav2_msgs/include/nav2_msgs/action/detail/compute_path_to_pose__type_support.cpp
[3.213s] -- Up-to-date: /home/agilex/limo_ros2_ws/install/nav2_msgs/include/nav2_msgs/action/detail/back_up__type_support.cpp
[3.213s] -- Up-to-date: /home/agilex/limo_ros2_ws/install/nav2_msgs/include/nav2_msgs/action/detail/navigate_to_pose__rosidl_typesupport_introspection_cpp.hpp
[3.214s] -- Up-to-date: /home/agilex/limo_ros2_ws/install/nav2_msgs/include/nav2_msgs/action/detail/dummy_recovery__type_support.cpp
[3.214s] -- Up-to-date: /home/agilex/limo_ros2_ws/install/nav2_msgs/lib/libnav2_msgs__rosidl_typesupport_introspection_cpp.so
[3.214s] -- Up-to-date: /home/agilex/limo_ros2_ws/install/nav2_msgs/lib/libnav2_msgs__rosidl_typesupport_cpp.so
[3.214s] -- Up-to-date: /home/agilex/limo_ros2_ws/install/nav2_msgs/share/nav2_msgs/environment/pythonpath.sh
[3.214s] -- Up-to-date: /home/agilex/limo_ros2_ws/install/nav2_msgs/share/nav2_msgs/environment/pythonpath.dsv
[3.214s] -- Up-to-date: /home/agilex/limo_ros2_ws/install/nav2_msgs/lib/python3.8/site-packages/nav2_msgs/__init__.py
[3.224s] -- Up-to-date: /home/agilex/limo_ros2_ws/install/nav2_msgs/lib/python3.8/site-packages/nav2_msgs/msg
[3.225s] -- Up-to-date: /home/agilex/limo_ros2_ws/install/nav2_msgs/lib/python3.8/site-packages/nav2_msgs/msg/_particle_cloud_s.c
[3.225s] -- Up-to-date: /home/agilex/limo_ros2_ws/install/nav2_msgs/lib/python3.8/site-packages/nav2_msgs/msg/_voxel_grid.py
[3.225s] -- Up-to-date: /home/agilex/limo_ros2_ws/install/nav2_msgs/lib/python3.8/site-packages/nav2_msgs/msg/_behavior_tree_log_s.c
[3.225s] -- Up-to-date: /home/agilex/limo_ros2_ws/install/nav2_msgs/lib/python3.8/site-packages/nav2_msgs/msg/_voxel_grid_s.c
[3.226s] -- Up-to-date: /home/agilex/limo_ros2_ws/install/nav2_msgs/lib/python3.8/site-packages/nav2_msgs/msg/_behavior_tree_status_change_s.c
[3.226s] -- Up-to-date: /home/agilex/limo_ros2_ws/install/nav2_msgs/lib/python3.8/site-packages/nav2_msgs/msg/_particle_s.c
[3.226s] -- Up-to-date: /home/agilex/limo_ros2_ws/install/nav2_msgs/lib/python3.8/site-packages/nav2_msgs/msg/__init__.py
[3.226s] -- Up-to-date: /home/agilex/limo_ros2_ws/install/nav2_msgs/lib/python3.8/site-packages/nav2_msgs/msg/_particle.py
[3.228s] -- Up-to-date: /home/agilex/limo_ros2_ws/install/nav2_msgs/lib/python3.8/site-packages/nav2_msgs/msg/_costmap_meta_data.py
[3.229s] -- Up-to-date: /home/agilex/limo_ros2_ws/install/nav2_msgs/lib/python3.8/site-packages/nav2_msgs/msg/_costmap_s.c
[3.229s] -- Up-to-date: /home/agilex/limo_ros2_ws/install/nav2_msgs/lib/python3.8/site-packages/nav2_msgs/msg/_particle_cloud.py
[3.229s] -- Up-to-date: /home/agilex/limo_ros2_ws/install/nav2_msgs/lib/python3.8/site-packages/nav2_msgs/msg/_costmap.py
[3.229s] -- Up-to-date: /home/agilex/limo_ros2_ws/install/nav2_msgs/lib/python3.8/site-packages/nav2_msgs/msg/_behavior_tree_status_change.py
[3.229s] -- Up-to-date: /home/agilex/limo_ros2_ws/install/nav2_msgs/lib/python3.8/site-packages/nav2_msgs/msg/_behavior_tree_log.py
[3.230s] -- Up-to-date: /home/agilex/limo_ros2_ws/install/nav2_msgs/lib/python3.8/site-packages/nav2_msgs/msg/_costmap_meta_data_s.c
[3.230s] -- Up-to-date: /home/agilex/limo_ros2_ws/install/nav2_msgs/lib/python3.8/site-packages/nav2_msgs/srv
[3.230s] -- Up-to-date: /home/agilex/limo_ros2_ws/install/nav2_msgs/lib/python3.8/site-packages/nav2_msgs/srv/_save_map_s.c
[3.230s] -- Up-to-date: /home/agilex/limo_ros2_ws/install/nav2_msgs/lib/python3.8/site-packages/nav2_msgs/srv/_clear_costmap_except_region_s.c
[3.230s] -- Up-to-date: /home/agilex/limo_ros2_ws/install/nav2_msgs/lib/python3.8/site-packages/nav2_msgs/srv/_clear_entire_costmap_s.c
[3.230s] -- Up-to-date: /home/agilex/limo_ros2_ws/install/nav2_msgs/lib/python3.8/site-packages/nav2_msgs/srv/_get_costmap_s.c
[3.230s] -- Up-to-date: /home/agilex/limo_ros2_ws/install/nav2_msgs/lib/python3.8/site-packages/nav2_msgs/srv/_clear_costmap_around_robot_s.c
[3.230s] -- Up-to-date: /home/agilex/limo_ros2_ws/install/nav2_msgs/lib/python3.8/site-packages/nav2_msgs/srv/__init__.py
[3.231s] -- Up-to-date: /home/agilex/limo_ros2_ws/install/nav2_msgs/lib/python3.8/site-packages/nav2_msgs/srv/_manage_lifecycle_nodes.py
[3.231s] -- Up-to-date: /home/agilex/limo_ros2_ws/install/nav2_msgs/lib/python3.8/site-packages/nav2_msgs/srv/_clear_entire_costmap.py
[3.231s] -- Up-to-date: /home/agilex/limo_ros2_ws/install/nav2_msgs/lib/python3.8/site-packages/nav2_msgs/srv/_clear_costmap_around_robot.py
[3.231s] -- Up-to-date: /home/agilex/limo_ros2_ws/install/nav2_msgs/lib/python3.8/site-packages/nav2_msgs/srv/_load_map.py
[3.231s] -- Up-to-date: /home/agilex/limo_ros2_ws/install/nav2_msgs/lib/python3.8/site-packages/nav2_msgs/srv/_clear_costmap_except_region.py
[3.231s] -- Up-to-date: /home/agilex/limo_ros2_ws/install/nav2_msgs/lib/python3.8/site-packages/nav2_msgs/srv/_get_costmap.py
[3.232s] -- Up-to-date: /home/agilex/limo_ros2_ws/install/nav2_msgs/lib/python3.8/site-packages/nav2_msgs/srv/_manage_lifecycle_nodes_s.c
[3.232s] -- Up-to-date: /home/agilex/limo_ros2_ws/install/nav2_msgs/lib/python3.8/site-packages/nav2_msgs/srv/_save_map.py
[3.232s] -- Up-to-date: /home/agilex/limo_ros2_ws/install/nav2_msgs/lib/python3.8/site-packages/nav2_msgs/srv/_load_map_s.c
[3.232s] -- Up-to-date: /home/agilex/limo_ros2_ws/install/nav2_msgs/lib/python3.8/site-packages/nav2_msgs/action
[3.232s] -- Up-to-date: /home/agilex/limo_ros2_ws/install/nav2_msgs/lib/python3.8/site-packages/nav2_msgs/action/_spin.py
[3.232s] -- Up-to-date: /home/agilex/limo_ros2_ws/install/nav2_msgs/lib/python3.8/site-packages/nav2_msgs/action/_follow_waypoints.py
[3.233s] -- Up-to-date: /home/agilex/limo_ros2_ws/install/nav2_msgs/lib/python3.8/site-packages/nav2_msgs/action/_wait.py
[3.233s] -- Up-to-date: /home/agilex/limo_ros2_ws/install/nav2_msgs/lib/python3.8/site-packages/nav2_msgs/action/_back_up_s.c
[3.233s] -- Up-to-date: /home/agilex/limo_ros2_ws/install/nav2_msgs/lib/python3.8/site-packages/nav2_msgs/action/_spin_s.c
[3.233s] -- Up-to-date: /home/agilex/limo_ros2_ws/install/nav2_msgs/lib/python3.8/site-packages/nav2_msgs/action/_follow_path.py
[3.233s] -- Up-to-date: /home/agilex/limo_ros2_ws/install/nav2_msgs/lib/python3.8/site-packages/nav2_msgs/action/_compute_path_to_pose_s.c
[3.233s] -- Up-to-date: /home/agilex/limo_ros2_ws/install/nav2_msgs/lib/python3.8/site-packages/nav2_msgs/action/_dummy_recovery.py
[3.233s] -- Up-to-date: /home/agilex/limo_ros2_ws/install/nav2_msgs/lib/python3.8/site-packages/nav2_msgs/action/_dummy_recovery_s.c
[3.233s] -- Up-to-date: /home/agilex/limo_ros2_ws/install/nav2_msgs/lib/python3.8/site-packages/nav2_msgs/action/_back_up.py
[3.234s] -- Up-to-date: /home/agilex/limo_ros2_ws/install/nav2_msgs/lib/python3.8/site-packages/nav2_msgs/action/_follow_waypoints_s.c
[3.234s] -- Up-to-date: /home/agilex/limo_ros2_ws/install/nav2_msgs/lib/python3.8/site-packages/nav2_msgs/action/__init__.py
[3.234s] -- Up-to-date: /home/agilex/limo_ros2_ws/install/nav2_msgs/lib/python3.8/site-packages/nav2_msgs/action/_wait_s.c
[3.235s] -- Up-to-date: /home/agilex/limo_ros2_ws/install/nav2_msgs/lib/python3.8/site-packages/nav2_msgs/action/_compute_path_to_pose.py
[3.235s] -- Up-to-date: /home/agilex/limo_ros2_ws/install/nav2_msgs/lib/python3.8/site-packages/nav2_msgs/action/_navigate_to_pose.py
[3.235s] -- Up-to-date: /home/agilex/limo_ros2_ws/install/nav2_msgs/lib/python3.8/site-packages/nav2_msgs/action/_navigate_to_pose_s.c
[3.235s] -- Up-to-date: /home/agilex/limo_ros2_ws/install/nav2_msgs/lib/python3.8/site-packages/nav2_msgs/action/_follow_path_s.c
[3.235s] -- Up-to-date: /home/agilex/limo_ros2_ws/install/nav2_msgs/lib/python3.8/site-packages/nav2_msgs/nav2_msgs_s__rosidl_typesupport_fastrtps_c.cpython-38-aarch64-linux-gnu.so
[3.235s] -- Up-to-date: /home/agilex/limo_ros2_ws/install/nav2_msgs/lib/python3.8/site-packages/nav2_msgs/nav2_msgs_s__rosidl_typesupport_introspection_c.cpython-38-aarch64-linux-gnu.so
[3.237s] -- Up-to-date: /home/agilex/limo_ros2_ws/install/nav2_msgs/lib/python3.8/site-packages/nav2_msgs/nav2_msgs_s__rosidl_typesupport_c.cpython-38-aarch64-linux-gnu.so
[3.238s] -- Up-to-date: /home/agilex/limo_ros2_ws/install/nav2_msgs/lib/libnav2_msgs__python.so
[3.239s] -- Up-to-date: /home/agilex/limo_ros2_ws/install/nav2_msgs/share/nav2_msgs/msg/Costmap.idl
[3.239s] -- Up-to-date: /home/agilex/limo_ros2_ws/install/nav2_msgs/share/nav2_msgs/msg/CostmapMetaData.idl
[3.239s] -- Up-to-date: /home/agilex/limo_ros2_ws/install/nav2_msgs/share/nav2_msgs/msg/VoxelGrid.idl
[3.239s] -- Up-to-date: /home/agilex/limo_ros2_ws/install/nav2_msgs/share/nav2_msgs/msg/BehaviorTreeStatusChange.idl
[3.246s] -- Up-to-date: /home/agilex/limo_ros2_ws/install/nav2_msgs/share/nav2_msgs/msg/BehaviorTreeLog.idl
[3.246s] -- Up-to-date: /home/agilex/limo_ros2_ws/install/nav2_msgs/share/nav2_msgs/msg/Particle.idl
[3.251s] -- Up-to-date: /home/agilex/limo_ros2_ws/install/nav2_msgs/share/nav2_msgs/msg/ParticleCloud.idl
[3.251s] -- Up-to-date: /home/agilex/limo_ros2_ws/install/nav2_msgs/share/nav2_msgs/srv/GetCostmap.idl
[3.252s] -- Up-to-date: /home/agilex/limo_ros2_ws/install/nav2_msgs/share/nav2_msgs/srv/ClearCostmapExceptRegion.idl
[3.252s] -- Up-to-date: /home/agilex/limo_ros2_ws/install/nav2_msgs/share/nav2_msgs/srv/ClearCostmapAroundRobot.idl
[3.252s] -- Up-to-date: /home/agilex/limo_ros2_ws/install/nav2_msgs/share/nav2_msgs/srv/ClearEntireCostmap.idl
[3.252s] -- Up-to-date: /home/agilex/limo_ros2_ws/install/nav2_msgs/share/nav2_msgs/srv/ManageLifecycleNodes.idl
[3.252s] -- Up-to-date: /home/agilex/limo_ros2_ws/install/nav2_msgs/share/nav2_msgs/srv/LoadMap.idl
[3.253s] -- Up-to-date: /home/agilex/limo_ros2_ws/install/nav2_msgs/share/nav2_msgs/srv/SaveMap.idl
[3.253s] -- Up-to-date: /home/agilex/limo_ros2_ws/install/nav2_msgs/share/nav2_msgs/action/BackUp.idl
[3.253s] -- Up-to-date: /home/agilex/limo_ros2_ws/install/nav2_msgs/share/nav2_msgs/action/ComputePathToPose.idl
[3.253s] -- Up-to-date: /home/agilex/limo_ros2_ws/install/nav2_msgs/share/nav2_msgs/action/FollowPath.idl
[3.254s] -- Up-to-date: /home/agilex/limo_ros2_ws/install/nav2_msgs/share/nav2_msgs/action/NavigateToPose.idl
[3.254s] -- Up-to-date: /home/agilex/limo_ros2_ws/install/nav2_msgs/share/nav2_msgs/action/Wait.idl
[3.254s] -- Up-to-date: /home/agilex/limo_ros2_ws/install/nav2_msgs/share/nav2_msgs/action/Spin.idl
[3.254s] -- Up-to-date: /home/agilex/limo_ros2_ws/install/nav2_msgs/share/nav2_msgs/action/DummyRecovery.idl
[3.254s] -- Up-to-date: /home/agilex/limo_ros2_ws/install/nav2_msgs/share/nav2_msgs/action/FollowWaypoints.idl
[3.255s] -- Up-to-date: /home/agilex/limo_ros2_ws/install/nav2_msgs/share/nav2_msgs/msg/Costmap.msg
[3.255s] -- Up-to-date: /home/agilex/limo_ros2_ws/install/nav2_msgs/share/nav2_msgs/msg/CostmapMetaData.msg
[3.255s] -- Up-to-date: /home/agilex/limo_ros2_ws/install/nav2_msgs/share/nav2_msgs/msg/VoxelGrid.msg
[3.255s] -- Up-to-date: /home/agilex/limo_ros2_ws/install/nav2_msgs/share/nav2_msgs/msg/BehaviorTreeStatusChange.msg
[3.256s] -- Up-to-date: /home/agilex/limo_ros2_ws/install/nav2_msgs/share/nav2_msgs/msg/BehaviorTreeLog.msg
[3.256s] -- Up-to-date: /home/agilex/limo_ros2_ws/install/nav2_msgs/share/nav2_msgs/msg/Particle.msg
[3.256s] -- Up-to-date: /home/agilex/limo_ros2_ws/install/nav2_msgs/share/nav2_msgs/msg/ParticleCloud.msg
[3.256s] -- Up-to-date: /home/agilex/limo_ros2_ws/install/nav2_msgs/share/nav2_msgs/srv/GetCostmap.srv
[3.257s] -- Up-to-date: /home/agilex/limo_ros2_ws/install/nav2_msgs/share/nav2_msgs/srv/GetCostmap_Request.msg
[3.257s] -- Up-to-date: /home/agilex/limo_ros2_ws/install/nav2_msgs/share/nav2_msgs/srv/GetCostmap_Response.msg
[3.257s] -- Up-to-date: /home/agilex/limo_ros2_ws/install/nav2_msgs/share/nav2_msgs/srv/ClearCostmapExceptRegion.srv
[3.257s] -- Up-to-date: /home/agilex/limo_ros2_ws/install/nav2_msgs/share/nav2_msgs/srv/ClearCostmapExceptRegion_Request.msg
[3.257s] -- Up-to-date: /home/agilex/limo_ros2_ws/install/nav2_msgs/share/nav2_msgs/srv/ClearCostmapExceptRegion_Response.msg
[3.257s] -- Up-to-date: /home/agilex/limo_ros2_ws/install/nav2_msgs/share/nav2_msgs/srv/ClearCostmapAroundRobot.srv
[3.257s] -- Up-to-date: /home/agilex/limo_ros2_ws/install/nav2_msgs/share/nav2_msgs/srv/ClearCostmapAroundRobot_Request.msg
[3.258s] -- Up-to-date: /home/agilex/limo_ros2_ws/install/nav2_msgs/share/nav2_msgs/srv/ClearCostmapAroundRobot_Response.msg
[3.258s] -- Up-to-date: /home/agilex/limo_ros2_ws/install/nav2_msgs/share/nav2_msgs/srv/ClearEntireCostmap.srv
[3.258s] -- Up-to-date: /home/agilex/limo_ros2_ws/install/nav2_msgs/share/nav2_msgs/srv/ClearEntireCostmap_Request.msg
[3.258s] -- Up-to-date: /home/agilex/limo_ros2_ws/install/nav2_msgs/share/nav2_msgs/srv/ClearEntireCostmap_Response.msg
[3.259s] -- Up-to-date: /home/agilex/limo_ros2_ws/install/nav2_msgs/share/nav2_msgs/srv/ManageLifecycleNodes.srv
[3.259s] -- Up-to-date: /home/agilex/limo_ros2_ws/install/nav2_msgs/share/nav2_msgs/srv/ManageLifecycleNodes_Request.msg
[3.259s] -- Up-to-date: /home/agilex/limo_ros2_ws/install/nav2_msgs/share/nav2_msgs/srv/ManageLifecycleNodes_Response.msg
[3.259s] -- Up-to-date: /home/agilex/limo_ros2_ws/install/nav2_msgs/share/nav2_msgs/srv/LoadMap.srv
[3.259s] -- Up-to-date: /home/agilex/limo_ros2_ws/install/nav2_msgs/share/nav2_msgs/srv/LoadMap_Request.msg
[3.259s] -- Up-to-date: /home/agilex/limo_ros2_ws/install/nav2_msgs/share/nav2_msgs/srv/LoadMap_Response.msg
[3.259s] -- Up-to-date: /home/agilex/limo_ros2_ws/install/nav2_msgs/share/nav2_msgs/srv/SaveMap.srv
[3.260s] -- Up-to-date: /home/agilex/limo_ros2_ws/install/nav2_msgs/share/nav2_msgs/srv/SaveMap_Request.msg
[3.260s] -- Up-to-date: /home/agilex/limo_ros2_ws/install/nav2_msgs/share/nav2_msgs/srv/SaveMap_Response.msg
[3.260s] -- Up-to-date: /home/agilex/limo_ros2_ws/install/nav2_msgs/share/nav2_msgs/action/BackUp.action
[3.260s] -- Up-to-date: /home/agilex/limo_ros2_ws/install/nav2_msgs/share/nav2_msgs/action/ComputePathToPose.action
[3.260s] -- Up-to-date: /home/agilex/limo_ros2_ws/install/nav2_msgs/share/nav2_msgs/action/FollowPath.action
[3.260s] -- Up-to-date: /home/agilex/limo_ros2_ws/install/nav2_msgs/share/nav2_msgs/action/NavigateToPose.action
[3.261s] -- Up-to-date: /home/agilex/limo_ros2_ws/install/nav2_msgs/share/nav2_msgs/action/Wait.action
[3.261s] -- Up-to-date: /home/agilex/limo_ros2_ws/install/nav2_msgs/share/nav2_msgs/action/Spin.action
[3.261s] -- Up-to-date: /home/agilex/limo_ros2_ws/install/nav2_msgs/share/nav2_msgs/action/DummyRecovery.action
[3.261s] -- Up-to-date: /home/agilex/limo_ros2_ws/install/nav2_msgs/share/nav2_msgs/action/FollowWaypoints.action
[3.261s] -- Up-to-date: /home/agilex/limo_ros2_ws/install/nav2_msgs/share/ament_index/resource_index/package_run_dependencies/nav2_msgs
[3.261s] -- Up-to-date: /home/agilex/limo_ros2_ws/install/nav2_msgs/share/ament_index/resource_index/parent_prefix_path/nav2_msgs
[3.262s] -- Up-to-date: /home/agilex/limo_ros2_ws/install/nav2_msgs/share/nav2_msgs/environment/ament_prefix_path.sh
[3.262s] -- Up-to-date: /home/agilex/limo_ros2_ws/install/nav2_msgs/share/nav2_msgs/environment/ament_prefix_path.dsv
[3.262s] -- Up-to-date: /home/agilex/limo_ros2_ws/install/nav2_msgs/share/nav2_msgs/environment/path.sh
[3.262s] -- Up-to-date: /home/agilex/limo_ros2_ws/install/nav2_msgs/share/nav2_msgs/environment/path.dsv
[3.262s] -- Up-to-date: /home/agilex/limo_ros2_ws/install/nav2_msgs/share/nav2_msgs/local_setup.bash
[3.263s] -- Up-to-date: /home/agilex/limo_ros2_ws/install/nav2_msgs/share/nav2_msgs/local_setup.sh
[3.263s] -- Up-to-date: /home/agilex/limo_ros2_ws/install/nav2_msgs/share/nav2_msgs/local_setup.zsh
[3.263s] -- Up-to-date: /home/agilex/limo_ros2_ws/install/nav2_msgs/share/nav2_msgs/local_setup.dsv
[3.263s] -- Installing: /home/agilex/limo_ros2_ws/install/nav2_msgs/share/nav2_msgs/package.dsv
[3.263s] -- Up-to-date: /home/agilex/limo_ros2_ws/install/nav2_msgs/share/ament_index/resource_index/packages/nav2_msgs
[3.263s] -- Up-to-date: /home/agilex/limo_ros2_ws/install/nav2_msgs/share/nav2_msgs/cmake/nav2_msgs__rosidl_generator_cExport.cmake
[3.264s] -- Up-to-date: /home/agilex/limo_ros2_ws/install/nav2_msgs/share/nav2_msgs/cmake/nav2_msgs__rosidl_generator_cExport-release.cmake
[3.265s] -- Up-to-date: /home/agilex/limo_ros2_ws/install/nav2_msgs/share/nav2_msgs/cmake/nav2_msgs__rosidl_typesupport_introspection_cExport.cmake
[3.265s] -- Up-to-date: /home/agilex/limo_ros2_ws/install/nav2_msgs/share/nav2_msgs/cmake/nav2_msgs__rosidl_typesupport_introspection_cExport-release.cmake
[3.265s] -- Up-to-date: /home/agilex/limo_ros2_ws/install/nav2_msgs/share/nav2_msgs/cmake/nav2_msgs__rosidl_typesupport_cExport.cmake
[3.265s] -- Up-to-date: /home/agilex/limo_ros2_ws/install/nav2_msgs/share/nav2_msgs/cmake/nav2_msgs__rosidl_typesupport_cExport-release.cmake
[3.266s] -- Up-to-date: /home/agilex/limo_ros2_ws/install/nav2_msgs/share/nav2_msgs/cmake/nav2_msgs__rosidl_generator_cppExport.cmake
[3.266s] -- Up-to-date: /home/agilex/limo_ros2_ws/install/nav2_msgs/share/nav2_msgs/cmake/nav2_msgs__rosidl_typesupport_introspection_cppExport.cmake
[3.266s] -- Up-to-date: /home/agilex/limo_ros2_ws/install/nav2_msgs/share/nav2_msgs/cmake/nav2_msgs__rosidl_typesupport_introspection_cppExport-release.cmake
[3.267s] -- Up-to-date: /home/agilex/limo_ros2_ws/install/nav2_msgs/share/nav2_msgs/cmake/nav2_msgs__rosidl_typesupport_cppExport.cmake
[3.268s] -- Up-to-date: /home/agilex/limo_ros2_ws/install/nav2_msgs/share/nav2_msgs/cmake/nav2_msgs__rosidl_typesupport_cppExport-release.cmake
[3.268s] -- Up-to-date: /home/agilex/limo_ros2_ws/install/nav2_msgs/share/nav2_msgs/cmake/rosidl_cmake-extras.cmake
[3.268s] -- Up-to-date: /home/agilex/limo_ros2_ws/install/nav2_msgs/share/nav2_msgs/cmake/ament_cmake_export_dependencies-extras.cmake
[3.268s] -- Up-to-date: /home/agilex/limo_ros2_ws/install/nav2_msgs/share/nav2_msgs/cmake/ament_cmake_export_libraries-extras.cmake
[3.268s] -- Up-to-date: /home/agilex/limo_ros2_ws/install/nav2_msgs/share/nav2_msgs/cmake/ament_cmake_export_targets-extras.cmake
[3.268s] -- Up-to-date: /home/agilex/limo_ros2_ws/install/nav2_msgs/share/nav2_msgs/cmake/ament_cmake_export_include_directories-extras.cmake
[3.269s] -- Up-to-date: /home/agilex/limo_ros2_ws/install/nav2_msgs/share/nav2_msgs/cmake/rosidl_cmake_export_typesupport_libraries-extras.cmake
[3.269s] -- Up-to-date: /home/agilex/limo_ros2_ws/install/nav2_msgs/share/nav2_msgs/cmake/rosidl_cmake_export_typesupport_targets-extras.cmake
[3.269s] -- Up-to-date: /home/agilex/limo_ros2_ws/install/nav2_msgs/share/nav2_msgs/cmake/nav2_msgsConfig.cmake
[3.269s] -- Up-to-date: /home/agilex/limo_ros2_ws/install/nav2_msgs/share/nav2_msgs/cmake/nav2_msgsConfig-version.cmake
[3.269s] -- Up-to-date: /home/agilex/limo_ros2_ws/install/nav2_msgs/share/nav2_msgs/package.xml
[3.279s] Invoked command in '/home/agilex/limo_ros2_ws/build/nav2_msgs' returned '0': CMAKE_PREFIX_PATH=/home/agilex/limo_ros2_ws/install/nav2_common:/home/agilex/limo_ros2_ws/install/ydlidar_sdk:/home/agilex/limo_ros2_ws/install/ydlidar_ros2_driver:/home/agilex/limo_ros2_ws/install/tracetools_image_pipeline:/home/agilex/limo_ros2_ws/install/teb_local_planner:/home/agilex/limo_ros2_ws/install/teb_msgs:/home/agilex/limo_ros2_ws/install/nav2_system_tests:/home/agilex/limo_ros2_ws/install/nav2_bringup:/home/agilex/limo_ros2_ws/install/navigation2:/home/agilex/limo_ros2_ws/install/smac_planner:/home/agilex/limo_ros2_ws/install/rf2o_laser_odometry:/home/agilex/limo_ros2_ws/install/orbbec_description:/home/agilex/limo_ros2_ws/install/orbbec_camera:/home/agilex/limo_ros2_ws/install/orbbec_camera_msgs:/home/agilex/limo_ros2_ws/install/nav2_dwb_controller:/home/agilex/limo_ros2_ws/install/nav2_controller:/home/agilex/limo_ros2_ws/install/dwb_plugins:/home/agilex/limo_ros2_ws/install/dwb_critics:/home/agilex/limo_ros2_ws/install/dwb_core:/home/agilex/limo_ros2_ws/install/nav_2d_utils:/home/agilex/limo_ros2_ws/install/dwb_msgs:/home/agilex/limo_ros2_ws/install/nav_2d_msgs:/home/agilex/limo_ros2_ws/install/nav2_waypoint_follower:/home/agilex/limo_ros2_ws/install/nav2_regulated_pure_pursuit_controller:/home/agilex/limo_ros2_ws/install/nav2_recoveries:/home/agilex/limo_ros2_ws/install/nav2_planner:/home/agilex/limo_ros2_ws/install/nav2_navfn_planner:/home/agilex/limo_ros2_ws/install/nav2_core:/home/agilex/limo_ros2_ws/install/costmap_queue:/home/agilex/limo_ros2_ws/install/costmap_converter:/home/agilex/limo_ros2_ws/install/nav2_costmap_2d:/home/agilex/limo_ros2_ws/install/nav2_voxel_grid:/home/agilex/limo_ros2_ws/install/nav2_rviz_plugins:/home/agilex/limo_ros2_ws/install/nav2_map_server:/home/agilex/limo_ros2_ws/install/nav2_lifecycle_manager:/home/agilex/limo_ros2_ws/install/nav2_bt_navigator:/home/agilex/limo_ros2_ws/install/nav2_behavior_tree:/home/agilex/limo_ros2_ws/install/nav2_amcl:/home/agilex/limo_ros2_ws/install/nav2_util:/home/agilex/limo_ros2_ws/install/nav2_msgs:/home/agilex/limo_ros2_ws/install/magic_enum:/home/agilex/limo_ros2_ws/install/limo_visions:/home/agilex/limo_ros2_ws/install/limo_bringup:/home/agilex/limo_ros2_ws/install/limo_base:/home/agilex/limo_ros2_ws/install/limo_msgs:/home/agilex/limo_ros2_ws/install/limo_description:/home/agilex/limo_ros2_ws/install/libuvc:/home/agilex/limo_ros2_ws/install/astra_camera:/home/agilex/limo_ros2_ws/install/glog:/home/agilex/limo_ros2_ws/install/costmap_converter_msgs:/home/agilex/limo_ros2_ws/install/astra_camera_msgs:/home/agilex/limo_ros2_ws/install/nav2_gazebo_spawner:/home/agilex/limo_ros2_ws/install/camera_calibration:/opt/ros/foxy PYTHONPATH=/home/agilex/limo_ros2_ws/install/nav2_common/lib/python3.8/site-packages:/home/agilex/limo_ros2_ws/install/teb_msgs/lib/python3.8/site-packages:/home/agilex/limo_ros2_ws/install/orbbec_camera_msgs/lib/python3.8/site-packages:/home/agilex/limo_ros2_ws/install/dwb_msgs/lib/python3.8/site-packages:/home/agilex/limo_ros2_ws/install/nav_2d_msgs/lib/python3.8/site-packages:/home/agilex/limo_ros2_ws/install/nav2_msgs/lib/python3.8/site-packages:/home/agilex/limo_ros2_ws/install/nav2_gazebo_spawner/lib/python3.8/site-packages:/home/agilex/limo_ros2_ws/install/limo_msgs/lib/python3.8/site-packages:/home/agilex/limo_ros2_ws/install/costmap_converter_msgs/lib/python3.8/site-packages:/home/agilex/limo_ros2_ws/install/camera_calibration/lib/python3.8/site-packages:/home/agilex/limo_ros2_ws/install/astra_camera_msgs/lib/python3.8/site-packages:/opt/ros/foxy/lib/python3.8/site-packages /usr/bin/cmake --install /home/agilex/limo_ros2_ws/build/nav2_msgs
